2021-10-25 15:08:19.206 | INFO     |  5711 | mycroft.messagebus.load_config:load_message_bus_config:33 | Loading message bus configs
2021-10-25 15:08:19.214 | INFO     |  5711 | mycroft_bus_client.client.client | Connected
2021-10-25 15:08:19.219 | INFO     |  5711 | mycroft.util.process_utils:start_message_bus_client:155 | Connected to messagebus
2021-10-25 15:08:19.229 | INFO     |  5711 | mycroft.skills.msm_wrapper:create_msm:96 | Acquiring lock to instantiate MSM
2021-10-25 15:08:20.483 | INFO     |  5711 | msm.mycroft_skills_manager | building SkillEntry objects for all skills
2021-10-25 15:08:21.465 | INFO     |  5711 | mycroft.skills.msm_wrapper:create_msm:112 | Releasing MSM instantiation lock.
2021-10-25 15:08:21.466 | INFO     |  5711 | mycroft.skills.skill_updater:_log_next_download_time:267 | Next scheduled skill update: 2021-10-25 15:08:20.465687
2021-10-25 15:08:21.466 | INFO     |  5711 | msm.skill_entry | Downloading skill: https://github.com/mycroftai/skill-pairing
2021-10-25 15:08:21.959 | INFO     |  5711 | msm.skill_entry | Installing system requirements...
2021-10-25 15:08:21.993 | INFO     |  5711 | msm.skill_entry | Successfully installed mycroft-pairing
2021-10-25 15:08:21.993 | INFO     |  5711 | msm.mycroft_skills_manager | invalidating skills cache
2021-10-25 15:08:21.995 | INFO     |  5711 | mycroft.skills.skill_loader:load:185 | ATTEMPTING TO LOAD SKILL: mycroft-pairing.mycroftai
2021-10-25 15:08:22.012 | INFO     |  5711 | mycroft.skills.settings:get_local_settings:83 | /opt/mycroft/skills/mycroft-pairing.mycroftai/settings.json
2021-10-25 15:08:22.036 | INFO     |  5711 | mycroft.skills.skill_loader:_check_for_first_run:324 | First run of mycroft-pairing.mycroftai
2021-10-25 15:08:22.040 | INFO     |  5711 | mycroft.skills.settings:save_settings:116 | Skill settings successfully saved to /home/runner/.config/mycroft/skills/mycroft-pairing.mycroftai/settings.json
2021-10-25 15:08:22.042 | INFO     |  5711 | mycroft.skills.skill_loader:_communicate_load_status:344 | Skill mycroft-pairing.mycroftai loaded successfully
2021-10-25 15:08:22.043 | INFO     |  5711 | msm.skill_entry | Downloading skill: https://github.com/mycroftai/skill-volume
2021-10-25 15:08:22.520 | INFO     |  5711 | msm.skill_entry | Installing system requirements...
2021-10-25 15:08:22.536 | INFO     |  5711 | msm.skill_entry | Installing requirements.txt for mycroft-volume
2021-10-25 15:08:24.043 | INFO     |  5711 | msm.skill_entry | Successfully installed mycroft-volume
2021-10-25 15:08:24.044 | INFO     |  5711 | msm.mycroft_skills_manager | invalidating skills cache
2021-10-25 15:08:24.045 | INFO     |  5711 | mycroft.skills.skill_loader:load:185 | ATTEMPTING TO LOAD SKILL: mycroft-volume.mycroftai
2021-10-25 15:08:24.056 | INFO     |  5711 | mycroft.skills.settings:get_local_settings:83 | /opt/mycroft/skills/mycroft-volume.mycroftai/settings.json
2021-10-25 15:08:24.205 | ERROR    |  5711 | VolumeSkill | Couldn't allocate mixer, ALSAAudioError('No such file or directory [default]')
2021-10-25 15:08:27.222 | INFO     |  5711 | mycroft.skills.skill_loader:_check_for_first_run:324 | First run of mycroft-volume.mycroftai
2021-10-25 15:08:27.223 | INFO     |  5711 | mycroft.skills.settings:save_settings:116 | Skill settings successfully saved to /home/runner/.config/mycroft/skills/mycroft-volume.mycroftai/settings.json
2021-10-25 15:08:27.224 | INFO     |  5711 | mycroft.skills.skill_loader:_communicate_load_status:344 | Skill mycroft-volume.mycroftai loaded successfully
2021-10-25 15:08:27.225 | INFO     |  5711 | __main__:on_started:177 | Skills service is starting up.
2021-10-25 15:08:27.297 | INFO     |  5711 | __main__:_update_system:154 | Attempting system update...
2021-10-25 15:08:30.303 | INFO     |  5711 | mycroft.enclosure.display_manager:_write_data:70 | Display Manager is creating /tmp/mycroft/ipc/managers/disp_info
2021-10-25 15:08:30.304 | INFO     |  5711 | __main__:_ensure_device_is_paired:133 | Device not paired, invoking the pairing skill
2021-10-25 15:08:30.308 | INFO     |  5711 | __main__:on_alive:181 | Skills service is alive.
2021-10-25 15:08:30.316 | INFO     |  5711 | msm.mycroft_skills_manager | building SkillEntry objects for all skills
2021-10-25 15:08:30.605 | INFO     |  5711 | PairingSkill | Communicating account URL to user
2021-10-25 15:08:30.711 | WARNING  |  5711 | msm.mycroft_skills_manager | No such default skill: mycroft-pandora
2021-10-25 15:08:30.713 | INFO     |  5711 | mycroft.skills.skill_manager:run:234 | Not all default skills are installed, performing skill update...
2021-10-25 15:08:30.713 | INFO     |  5711 | mycroft.skills.skill_updater:update_skills:149 | Beginning skill update...
2021-10-25 15:08:30.774 | INFO     |  5711 | msm.mycroft_skills_manager | building SkillEntry objects for all skills
2021-10-25 15:08:31.690 | INFO     |  5711 | msm.mycroft_skills_manager | invalidating skills cache
2021-10-25 15:08:31.708 | INFO     |  5711 | msm.skill_entry | Downloading skill: https://github.com/mycroftai/fallback-unknown
2021-10-25 15:08:31.716 | INFO     |  5711 | msm.skill_entry | Downloading skill: https://github.com/mycroftai/fallback-wolfram-alpha
2021-10-25 15:08:31.724 | INFO     |  5711 | msm.skill_entry | Downloading skill: https://github.com/mycroftai/skill-alarm
2021-10-25 15:08:31.734 | INFO     |  5711 | msm.skill_entry | Downloading skill: https://github.com/mycroftai/skill-audio-record
2021-10-25 15:08:31.745 | INFO     |  5711 | msm.skill_entry | Downloading skill: https://github.com/mycroftai/skill-configuration
2021-10-25 15:08:31.746 | INFO     |  5711 | msm.skill_entry | Downloading skill: https://github.com/mycroftai/skill-date-time
2021-10-25 15:08:31.762 | INFO     |  5711 | msm.skill_entry | Downloading skill: https://github.com/mycroftai/fallback-duckduckgo
2021-10-25 15:08:31.763 | INFO     |  5711 | msm.skill_entry | Downloading skill: https://github.com/mycroftai/skill-hello-world
2021-10-25 15:08:31.764 | INFO     |  5711 | msm.skill_entry | Downloading skill: https://github.com/mycroftai/skill-installer
2021-10-25 15:08:31.765 | INFO     |  5711 | msm.skill_entry | Downloading skill: https://github.com/mycroftai/skill-ip
2021-10-25 15:08:31.770 | INFO     |  5711 | msm.skill_entry | Downloading skill: https://github.com/mycroftai/skill-naptime
2021-10-25 15:08:31.771 | INFO     |  5711 | msm.skill_entry | Downloading skill: https://github.com/mycroftai/skill-npr-news
2021-10-25 15:08:31.772 | INFO     |  5711 | msm.skill_entry | Downloading skill: https://github.com/mycroftai/skill-personal
2021-10-25 15:08:31.773 | INFO     |  5711 | msm.skill_entry | Downloading skill: https://github.com/mycroftai/skill-playback-control
2021-10-25 15:08:31.774 | INFO     |  5711 | msm.skill_entry | Downloading skill: https://github.com/mycroftai/skill-reminder
2021-10-25 15:08:31.786 | INFO     |  5711 | msm.skill_entry | Downloading skill: https://github.com/mycroftai/skill-joke
2021-10-25 15:08:31.842 | INFO     |  5711 | msm.skill_entry | Downloading skill: https://github.com/mycroftai/skill-singing
2021-10-25 15:08:33.585 | INFO     |  5711 | msm.skill_entry | Installing system requirements...
2021-10-25 15:08:33.682 | INFO     |  5711 | msm.skill_entry | Successfully installed fallback-unknown
2021-10-25 15:08:33.683 | INFO     |  5711 | msm.mycroft_skills_manager | invalidating skills cache
2021-10-25 15:08:33.684 | INFO     |  5711 | msm.skill_entry | Downloading skill: https://github.com/mycroftai/skill-speak
2021-10-25 15:08:33.741 | INFO     |  5711 | msm.skill_entry | Installing system requirements...
2021-10-25 15:08:33.817 | INFO     |  5711 | msm.skill_entry | Installing requirements.txt for mycroft-joke
2021-10-25 15:08:33.957 | ERROR    |  5711 | msm.mycroft_skills_manager | Error running install_or_update on homeassistant.mycroftai: MergeConflict
2021-10-25 15:08:33.963 | INFO     |  5711 | msm.skill_entry | Downloading skill: https://github.com/mycroftai/skill-spelling
2021-10-25 15:08:34.505 | INFO     |  5711 | msm.skill_entry | Installing system requirements...
2021-10-25 15:08:34.509 | INFO     |  5711 | msm.skill_entry | Installing system requirements...
2021-10-25 15:08:34.520 | INFO     |  5711 | msm.skill_entry | Installing system requirements...
2021-10-25 15:08:34.527 | INFO     |  5711 | msm.skill_entry | Installing system requirements...
2021-10-25 15:08:34.574 | INFO     |  5711 | msm.skill_entry | Successfully installed mycroft-reminder
2021-10-25 15:08:34.575 | INFO     |  5711 | msm.mycroft_skills_manager | invalidating skills cache
2021-10-25 15:08:34.578 | INFO     |  5711 | msm.skill_entry | Downloading skill: https://github.com/mycroftai/skill-stop
2021-10-25 15:08:34.589 | INFO     |  5711 | msm.skill_entry | Successfully installed mycroft-naptime
2021-10-25 15:08:34.592 | INFO     |  5711 | msm.mycroft_skills_manager | invalidating skills cache
2021-10-25 15:08:34.600 | INFO     |  5711 | msm.skill_entry | Installing requirements.txt for mycroft-ip
2021-10-25 15:08:34.604 | INFO     |  5711 | msm.skill_entry | Installing requirements.txt for mycroft-audio-record
2021-10-25 15:08:34.636 | INFO     |  5711 | msm.skill_entry | Downloading skill: https://github.com/mycroftai/skill-support
2021-10-25 15:08:34.682 | INFO     |  5711 | msm.skill_entry | Installing system requirements...
2021-10-25 15:08:34.696 | INFO     |  5711 | msm.skill_entry | Installing system requirements...
2021-10-25 15:08:34.734 | INFO     |  5711 | msm.skill_entry | Successfully installed mycroft-playback-control
2021-10-25 15:08:34.735 | INFO     |  5711 | msm.mycroft_skills_manager | invalidating skills cache
2021-10-25 15:08:34.793 | INFO     |  5711 | msm.skill_entry | Downloading skill: https://github.com/mycroftai/mycroft-timer
2021-10-25 15:08:34.841 | INFO     |  5711 | msm.skill_entry | Nothing new for mycroft-pairing
2021-10-25 15:08:34.842 | INFO     |  5711 | msm.skill_entry | Successfully installed mycroft-hello-world
2021-10-25 15:08:34.842 | INFO     |  5711 | msm.mycroft_skills_manager | invalidating skills cache
2021-10-25 15:08:34.859 | INFO     |  5711 | msm.skill_entry | Downloading skill: https://github.com/mycroftai/skill-weather
2021-10-25 15:08:34.941 | INFO     |  5711 | msm.skill_entry | Installing system requirements...
2021-10-25 15:08:35.005 | INFO     |  5711 | msm.skill_entry | Nothing new for mycroft-volume
2021-10-25 15:08:35.005 | INFO     |  5711 | msm.skill_entry | Installing system requirements...
2021-10-25 15:08:35.081 | INFO     |  5711 | msm.skill_entry | Installing system requirements...
2021-10-25 15:08:35.228 | INFO     |  5711 | msm.skill_entry | Installing requirements.txt for mycroft-fallback-duck-duck-go
2021-10-25 15:08:35.229 | INFO     |  5711 | msm.skill_entry | Successfully installed mycroft-personal
2021-10-25 15:08:35.229 | INFO     |  5711 | msm.mycroft_skills_manager | invalidating skills cache
2021-10-25 15:08:35.230 | INFO     |  5711 | msm.skill_entry | Downloading skill: https://github.com/mycroftai/skill-version-checker
2021-10-25 15:08:35.237 | INFO     |  5711 | msm.skill_entry | Installing system requirements...
2021-10-25 15:08:35.265 | INFO     |  5711 | msm.skill_entry | Downloading skill: https://github.com/mycroftai/skill-wiki
2021-10-25 15:08:35.272 | INFO     |  5711 | msm.skill_entry | Installing system requirements...
2021-10-25 15:08:35.326 | INFO     |  5711 | msm.skill_entry | Installing system requirements...
2021-10-25 15:08:35.404 | INFO     |  5711 | msm.skill_entry | Installing system requirements...
2021-10-25 15:08:35.457 | INFO     |  5711 | msm.skill_entry | Installing requirements.txt for mycroft-volume
2021-10-25 15:08:35.488 | INFO     |  5711 | msm.skill_entry | Installing system requirements...
2021-10-25 15:08:35.510 | INFO     |  5711 | msm.skill_entry | Installing requirements.txt for fallback-wolfram-alpha
2021-10-25 15:08:35.549 | INFO     |  5711 | msm.skill_entry | Installing requirements.txt for mycroft-installer
2021-10-25 15:08:35.588 | INFO     |  5711 | msm.skill_entry | Installing system requirements...
2021-10-25 15:08:35.638 | INFO     |  5711 | msm.skill_entry | Successfully installed mycroft-spelling
2021-10-25 15:08:35.638 | INFO     |  5711 | msm.mycroft_skills_manager | invalidating skills cache
2021-10-25 15:08:35.641 | INFO     |  5711 | msm.skill_entry | Downloading skill: https://github.com/MycroftAI/skill-query
2021-10-25 15:08:35.685 | INFO     |  5711 | msm.skill_entry | Installing requirements.txt for mycroft-date-time
2021-10-25 15:08:35.725 | INFO     |  5711 | msm.skill_entry | Installing system requirements...
2021-10-25 15:08:35.739 | INFO     |  5711 | msm.skill_entry | Installing requirements.txt for mycroft-alarm
2021-10-25 15:08:35.765 | INFO     |  5711 | msm.skill_entry | Installing system requirements...
2021-10-25 15:08:35.846 | INFO     |  5711 | msm.skill_entry | Installing requirements.txt for mycroft-support-helper
2021-10-25 15:08:35.898 | INFO     |  5711 | msm.skill_entry | Installing system requirements...
2021-10-25 15:08:35.924 | INFO     |  5711 | msm.skill_entry | Successfully installed mycroft-speak
2021-10-25 15:08:35.925 | INFO     |  5711 | msm.skill_entry | Installing system requirements...
2021-10-25 15:08:35.931 | INFO     |  5711 | msm.mycroft_skills_manager | invalidating skills cache
2021-10-25 15:08:36.032 | INFO     |  5711 | msm.skill_entry | Installing requirements.txt for mycroft-configuration
2021-10-25 15:08:36.095 | INFO     |  5711 | msm.skill_entry | Installing requirements.txt for mycroft-npr-news
2021-10-25 15:08:36.526 | INFO     |  5711 | msm.skill_entry | Installing system requirements...
2021-10-25 15:08:36.556 | INFO     |  5711 | msm.skill_entry | Installing system requirements...
2021-10-25 15:08:36.616 | INFO     |  5711 | msm.skill_entry | Installing system requirements...
2021-10-25 15:08:36.633 | INFO     |  5711 | msm.skill_entry | Successfully installed mycroft-timer
2021-10-25 15:08:36.634 | INFO     |  5711 | msm.mycroft_skills_manager | invalidating skills cache
2021-10-25 15:08:36.639 | INFO     |  5711 | msm.skill_entry | Successfully installed mycroft-version-checker
2021-10-25 15:08:36.639 | INFO     |  5711 | msm.mycroft_skills_manager | invalidating skills cache
2021-10-25 15:08:36.696 | INFO     |  5711 | msm.skill_entry | Successfully installed mycroft-stop
2021-10-25 15:08:36.696 | INFO     |  5711 | msm.mycroft_skills_manager | invalidating skills cache
2021-10-25 15:08:36.747 | INFO     |  5711 | msm.skill_entry | Installing system requirements...
2021-10-25 15:08:36.837 | INFO     |  5711 | msm.skill_entry | Successfully installed fallback-query
2021-10-25 15:08:36.837 | INFO     |  5711 | msm.mycroft_skills_manager | invalidating skills cache
2021-10-25 15:08:36.938 | ERROR    |  5711 | msm.mycroft_skills_manager | Error running install_or_update on homeassistant: MergeConflict
2021-10-25 15:08:37.003 | INFO     |  5711 | msm.skill_entry | Installing system requirements...
2021-10-25 15:08:37.041 | INFO     |  5711 | msm.skill_entry | Installing requirements.txt for mycroft-weather
2021-10-25 15:08:37.080 | INFO     |  5711 | msm.skill_entry | Installing system requirements...
2021-10-25 15:08:37.121 | INFO     |  5711 | msm.skill_entry | Successfully installed mycroft-singing
2021-10-25 15:08:37.122 | INFO     |  5711 | msm.mycroft_skills_manager | invalidating skills cache
2021-10-25 15:08:37.542 | INFO     |  5711 | msm.skill_entry | Installing system requirements...
2021-10-25 15:08:37.573 | INFO     |  5711 | msm.skill_entry | Installing requirements.txt for mycroft-wiki
2021-10-25 15:08:37.629 | INFO     |  5711 | msm.skill_entry | Successfully installed mycroft-joke
2021-10-25 15:08:37.630 | INFO     |  5711 | msm.mycroft_skills_manager | invalidating skills cache
2021-10-25 15:08:38.794 | INFO     |  5711 | msm.skill_entry | Successfully installed mycroft-ip
2021-10-25 15:08:38.795 | INFO     |  5711 | msm.mycroft_skills_manager | invalidating skills cache
2021-10-25 15:08:40.019 | INFO     |  5711 | msm.skill_entry | Successfully installed mycroft-audio-record
2021-10-25 15:08:40.020 | INFO     |  5711 | msm.mycroft_skills_manager | invalidating skills cache
2021-10-25 15:08:41.494 | INFO     |  5711 | msm.skill_entry | Successfully installed mycroft-fallback-duck-duck-go
2021-10-25 15:08:41.495 | INFO     |  5711 | msm.mycroft_skills_manager | invalidating skills cache
2021-10-25 15:08:48.068 | INFO     |  5711 | msm.skill_entry | Successfully installed fallback-wolfram-alpha
2021-10-25 15:08:48.068 | INFO     |  5711 | msm.mycroft_skills_manager | invalidating skills cache
2021-10-25 15:08:49.351 | INFO     |  5711 | msm.skill_entry | Successfully installed mycroft-installer
2021-10-25 15:08:49.352 | INFO     |  5711 | msm.mycroft_skills_manager | invalidating skills cache
2021-10-25 15:09:00.947 | INFO     |  5711 | PairingSkill | Initiating device pairing sequence...
2021-10-25 15:09:00.947 | INFO     |  5711 | PairingSkill | Retrieving pairing code from device API...
2021-10-25 15:09:01.170 | INFO     |  5711 | PairingSkill | Pairing code obtained: RTYKHP
2021-10-25 15:09:01.171 | INFO     |  5711 | PairingSkill | Communicating pairing URL to user
2021-10-25 15:09:11.838 | INFO     |  5711 | msm.skill_entry | Successfully installed mycroft-date-time
2021-10-25 15:09:11.838 | INFO     |  5711 | msm.mycroft_skills_manager | invalidating skills cache
2021-10-25 15:09:13.114 | INFO     |  5711 | msm.skill_entry | Successfully installed mycroft-alarm
2021-10-25 15:09:13.114 | INFO     |  5711 | msm.mycroft_skills_manager | invalidating skills cache
2021-10-25 15:09:15.915 | INFO     |  5711 | msm.skill_entry | Successfully installed mycroft-support-helper
2021-10-25 15:09:15.915 | INFO     |  5711 | msm.mycroft_skills_manager | invalidating skills cache
2021-10-25 15:09:19.689 | INFO     |  5711 | msm.skill_entry | Successfully installed mycroft-configuration
2021-10-25 15:09:19.689 | INFO     |  5711 | msm.mycroft_skills_manager | invalidating skills cache
2021-10-25 15:09:24.447 | INFO     |  5711 | msm.skill_entry | Successfully installed mycroft-npr-news
2021-10-25 15:09:24.447 | INFO     |  5711 | msm.mycroft_skills_manager | invalidating skills cache
2021-10-25 15:09:26.151 | INFO     |  5711 | msm.skill_entry | Successfully installed mycroft-weather
2021-10-25 15:09:26.152 | INFO     |  5711 | msm.mycroft_skills_manager | invalidating skills cache
2021-10-25 15:09:28.947 | INFO     |  5711 | msm.skill_entry | Successfully installed mycroft-wiki
2021-10-25 15:09:28.947 | INFO     |  5711 | msm.mycroft_skills_manager | invalidating skills cache
2021-10-25 15:09:29.028 | INFO     |  5711 | mycroft.skills.skill_updater:_log_next_download_time:267 | Next scheduled skill update: 2021-10-25 16:09:29.027479
2021-10-25 15:09:29.028 | INFO     |  5711 | mycroft.skills.skill_updater:update_skills:170 | Skill update complete
2021-10-25 15:09:29.029 | INFO     |  5711 | mycroft.skills.skill_manager:_load_on_startup:273 | Loading installed skills...
2021-10-25 15:09:29.030 | INFO     |  5711 | mycroft.skills.skill_loader:load:185 | ATTEMPTING TO LOAD SKILL: mycroft-ip.mycroftai
2021-10-25 15:09:29.080 | INFO     |  5711 | mycroft.skills.settings:get_local_settings:83 | /opt/mycroft/skills/mycroft-ip.mycroftai/settings.json
2021-10-25 15:09:29.101 | INFO     |  5711 | mycroft.skills.skill_loader:_check_for_first_run:324 | First run of mycroft-ip.mycroftai
2021-10-25 15:09:29.107 | INFO     |  5711 | mycroft.skills.settings:save_settings:116 | Skill settings successfully saved to /home/runner/.config/mycroft/skills/mycroft-ip.mycroftai/settings.json
2021-10-25 15:09:29.110 | INFO     |  5711 | mycroft.skills.skill_loader:_communicate_load_status:344 | Skill mycroft-ip.mycroftai loaded successfully
2021-10-25 15:09:29.113 | INFO     |  5711 | mycroft.skills.skill_loader:load:185 | ATTEMPTING TO LOAD SKILL: mycroft-reminder.mycroftai
2021-10-25 15:09:29.162 | INFO     |  5711 | mycroft.skills.settings:get_local_settings:83 | /opt/mycroft/skills/mycroft-reminder.mycroftai/settings.json
2021-10-25 15:09:29.240 | INFO     |  5711 | mycroft.skills.skill_loader:_check_for_first_run:324 | First run of mycroft-reminder.mycroftai
2021-10-25 15:09:29.244 | INFO     |  5711 | mycroft.skills.settings:save_settings:116 | Skill settings successfully saved to /home/runner/.config/mycroft/skills/mycroft-reminder.mycroftai/settings.json
2021-10-25 15:09:29.250 | INFO     |  5711 | mycroft.skills.skill_loader:_communicate_load_status:344 | Skill mycroft-reminder.mycroftai loaded successfully
2021-10-25 15:09:29.257 | INFO     |  5711 | mycroft.skills.skill_loader:load:185 | ATTEMPTING TO LOAD SKILL: mycroft-installer.mycroftai
2021-10-25 15:09:29.270 | INFO     |  5711 | mycroft.skills.settings:get_local_settings:83 | /opt/mycroft/skills/mycroft-installer.mycroftai/settings.json
2021-10-25 15:09:29.309 | INFO     |  5711 | mycroft.skills.skill_loader:_check_for_first_run:324 | First run of mycroft-installer.mycroftai
2021-10-25 15:09:29.309 | INFO     |  5711 | mycroft.skills.settings:save_settings:116 | Skill settings successfully saved to /home/runner/.config/mycroft/skills/mycroft-installer.mycroftai/settings.json
2021-10-25 15:09:29.316 | INFO     |  5711 | mycroft.skills.skill_loader:_communicate_load_status:344 | Skill mycroft-installer.mycroftai loaded successfully
2021-10-25 15:09:29.319 | INFO     |  5711 | mycroft.skills.skill_loader:load:185 | ATTEMPTING TO LOAD SKILL: mycroft-version-checker.mycroftai
2021-10-25 15:09:29.326 | INFO     |  5711 | mycroft.skills.settings:get_local_settings:83 | /opt/mycroft/skills/mycroft-version-checker.mycroftai/settings.json
2021-10-25 15:09:29.367 | INFO     |  5711 | mycroft.skills.skill_loader:_check_for_first_run:324 | First run of mycroft-version-checker.mycroftai
2021-10-25 15:09:29.372 | INFO     |  5711 | mycroft.skills.settings:save_settings:116 | Skill settings successfully saved to /home/runner/.config/mycroft/skills/mycroft-version-checker.mycroftai/settings.json
2021-10-25 15:09:29.388 | INFO     |  5711 | mycroft.skills.skill_loader:_communicate_load_status:344 | Skill mycroft-version-checker.mycroftai loaded successfully
2021-10-25 15:09:29.392 | INFO     |  5711 | mycroft.skills.skill_loader:load:185 | ATTEMPTING TO LOAD SKILL: mycroft-singing.mycroftai
2021-10-25 15:09:29.408 | INFO     |  5711 | mycroft.skills.settings:get_local_settings:83 | /opt/mycroft/skills/mycroft-singing.mycroftai/settings.json
2021-10-25 15:09:29.452 | INFO     |  5711 | mycroft.skills.skill_loader:_check_for_first_run:324 | First run of mycroft-singing.mycroftai
2021-10-25 15:09:29.453 | INFO     |  5711 | mycroft.skills.settings:save_settings:116 | Skill settings successfully saved to /home/runner/.config/mycroft/skills/mycroft-singing.mycroftai/settings.json
2021-10-25 15:09:29.461 | INFO     |  5711 | mycroft.skills.skill_loader:_communicate_load_status:344 | Skill mycroft-singing.mycroftai loaded successfully
2021-10-25 15:09:29.461 | INFO     |  5711 | mycroft.skills.skill_loader:load:185 | ATTEMPTING TO LOAD SKILL: mycroft-joke.mycroftai
2021-10-25 15:09:29.470 | INFO     |  5711 | mycroft.skills.settings:get_local_settings:83 | /opt/mycroft/skills/mycroft-joke.mycroftai/settings.json
2021-10-25 15:09:29.506 | INFO     |  5711 | mycroft.skills.skill_loader:_check_for_first_run:324 | First run of mycroft-joke.mycroftai
2021-10-25 15:09:29.507 | INFO     |  5711 | mycroft.skills.settings:save_settings:116 | Skill settings successfully saved to /home/runner/.config/mycroft/skills/mycroft-joke.mycroftai/settings.json
2021-10-25 15:09:29.510 | INFO     |  5711 | mycroft.skills.skill_loader:_communicate_load_status:344 | Skill mycroft-joke.mycroftai loaded successfully
2021-10-25 15:09:29.512 | INFO     |  5711 | mycroft.skills.skill_loader:load:185 | ATTEMPTING TO LOAD SKILL: mycroft-timer.mycroftai
2021-10-25 15:09:29.548 | INFO     |  5711 | mycroft.skills.settings:get_local_settings:83 | /opt/mycroft/skills/mycroft-timer.mycroftai/settings.json
2021-10-25 15:09:29.625 | INFO     |  5711 | mycroft.skills.skill_loader:_check_for_first_run:324 | First run of mycroft-timer.mycroftai
2021-10-25 15:09:29.626 | INFO     |  5711 | mycroft.skills.settings:save_settings:116 | Skill settings successfully saved to /home/runner/.config/mycroft/skills/mycroft-timer.mycroftai/settings.json
2021-10-25 15:09:29.628 | INFO     |  5711 | mycroft.skills.skill_loader:_communicate_load_status:344 | Skill mycroft-timer.mycroftai loaded successfully
2021-10-25 15:09:29.629 | INFO     |  5711 | mycroft.skills.skill_loader:load:185 | ATTEMPTING TO LOAD SKILL: homeassistant.mycroftai
2021-10-25 15:09:30.100 | INFO     |  5711 | mycroft.skills.settings:get_local_settings:83 | /opt/mycroft/skills/homeassistant.mycroftai/settings.json
2021-10-25 15:09:30.102 | INFO     |  5711 | mycroft.skills.settings:get_local_settings:83 | /opt/mycroft/skills/homeassistant.mycroftai/settings.json
2021-10-25 15:09:30.214 | INFO     |  5711 | mycroft.skills.skill_loader:_communicate_load_status:344 | Skill homeassistant.mycroftai loaded successfully
2021-10-25 15:09:30.215 | INFO     |  5711 | mycroft.skills.skill_loader:load:185 | ATTEMPTING TO LOAD SKILL: mycroft-alarm.mycroftai
2021-10-25 15:09:30.273 | INFO     |  5711 | mycroft.skills.settings:get_local_settings:83 | /opt/mycroft/skills/mycroft-alarm.mycroftai/settings.json
2021-10-25 15:09:30.273 | ERROR    |  5711 | AlarmSkill | Couldn't allocate mixer, ALSAAudioError('No such file or directory [default]')
2021-10-25 15:09:30.393 | INFO     |  5711 | mycroft.skills.skill_loader:_check_for_first_run:324 | First run of mycroft-alarm.mycroftai
2021-10-25 15:09:30.394 | INFO     |  5711 | mycroft.skills.settings:save_settings:116 | Skill settings successfully saved to /home/runner/.config/mycroft/skills/mycroft-alarm.mycroftai/settings.json
2021-10-25 15:09:30.403 | INFO     |  5711 | mycroft.skills.skill_loader:_communicate_load_status:344 | Skill mycroft-alarm.mycroftai loaded successfully
2021-10-25 15:09:30.403 | INFO     |  5711 | mycroft.skills.skill_loader:load:185 | ATTEMPTING TO LOAD SKILL: mycroft-naptime.mycroftai
2021-10-25 15:09:30.410 | INFO     |  5711 | mycroft.skills.settings:get_local_settings:83 | /opt/mycroft/skills/mycroft-naptime.mycroftai/settings.json
2021-10-25 15:09:30.438 | INFO     |  5711 | mycroft.skills.skill_loader:_check_for_first_run:324 | First run of mycroft-naptime.mycroftai
2021-10-25 15:09:30.450 | INFO     |  5711 | mycroft.skills.settings:save_settings:116 | Skill settings successfully saved to /home/runner/.config/mycroft/skills/mycroft-naptime.mycroftai/settings.json
2021-10-25 15:09:30.452 | INFO     |  5711 | mycroft.skills.skill_loader:_communicate_load_status:344 | Skill mycroft-naptime.mycroftai loaded successfully
2021-10-25 15:09:30.453 | INFO     |  5711 | mycroft.skills.skill_loader:load:185 | ATTEMPTING TO LOAD SKILL: mycroft-spelling.mycroftai
2021-10-25 15:09:30.471 | INFO     |  5711 | mycroft.skills.settings:get_local_settings:83 | /opt/mycroft/skills/mycroft-spelling.mycroftai/settings.json
2021-10-25 15:09:30.507 | INFO     |  5711 | mycroft.skills.skill_loader:_check_for_first_run:324 | First run of mycroft-spelling.mycroftai
2021-10-25 15:09:30.508 | INFO     |  5711 | mycroft.skills.settings:save_settings:116 | Skill settings successfully saved to /home/runner/.config/mycroft/skills/mycroft-spelling.mycroftai/settings.json
2021-10-25 15:09:30.513 | INFO     |  5711 | mycroft.skills.skill_loader:_communicate_load_status:344 | Skill mycroft-spelling.mycroftai loaded successfully
2021-10-25 15:09:30.519 | INFO     |  5711 | mycroft.skills.skill_loader:load:185 | ATTEMPTING TO LOAD SKILL: mycroft-fallback-duck-duck-go.mycroftai
2021-10-25 15:09:30.549 | INFO     |  5711 | mycroft.skills.settings:get_local_settings:83 | /opt/mycroft/skills/mycroft-fallback-duck-duck-go.mycroftai/settings.json
2021-10-25 15:09:30.582 | INFO     |  5711 | mycroft.skills.skill_loader:_check_for_first_run:324 | First run of mycroft-fallback-duck-duck-go.mycroftai
2021-10-25 15:09:30.595 | INFO     |  5711 | mycroft.skills.settings:save_settings:116 | Skill settings successfully saved to /home/runner/.config/mycroft/skills/mycroft-fallback-duck-duck-go.mycroftai/settings.json
2021-10-25 15:09:30.599 | INFO     |  5711 | mycroft.skills.skill_loader:_communicate_load_status:344 | Skill mycroft-fallback-duck-duck-go.mycroftai loaded successfully
2021-10-25 15:09:30.599 | INFO     |  5711 | mycroft.skills.skill_loader:load:185 | ATTEMPTING TO LOAD SKILL: mycroft-npr-news.mycroftai
2021-10-25 15:09:30.768 | INFO     |  5711 | mycroft.skills.settings:get_local_settings:83 | /opt/mycroft/skills/mycroft-npr-news.mycroftai/settings.json
2021-10-25 15:09:31.533 | INFO     |  5711 | mycroft.skills.settings:save_settings:116 | Skill settings successfully saved to /home/runner/.config/mycroft/skills/mycroft-pairing.mycroftai/settings.json
2021-10-25 15:09:31.815 | INFO     |  5711 | mycroft.skills.skill_loader:_check_for_first_run:324 | First run of mycroft-npr-news.mycroftai
2021-10-25 15:09:31.816 | INFO     |  5711 | mycroft.skills.settings:save_settings:116 | Skill settings successfully saved to /home/runner/.config/mycroft/skills/mycroft-npr-news.mycroftai/settings.json
2021-10-25 15:09:31.817 | INFO     |  5711 | mycroft.skills.skill_loader:_communicate_load_status:344 | Skill mycroft-npr-news.mycroftai loaded successfully
2021-10-25 15:09:31.818 | INFO     |  5711 | mycroft.skills.skill_loader:load:185 | ATTEMPTING TO LOAD SKILL: mycroft-support-helper.mycroftai
2021-10-25 15:09:31.836 | INFO     |  5711 | mycroft.skills.settings:get_local_settings:83 | /opt/mycroft/skills/mycroft-support-helper.mycroftai/settings.json
2021-10-25 15:09:31.846 | INFO     |  5711 | mycroft.skills.settings:save_settings:116 | Skill settings successfully saved to /home/runner/.config/mycroft/skills/mycroft-timer.mycroftai/settings.json
2021-10-25 15:09:31.850 | INFO     |  5711 | mycroft.skills.skill_loader:_check_for_first_run:324 | First run of mycroft-support-helper.mycroftai
2021-10-25 15:09:31.852 | INFO     |  5711 | mycroft.skills.settings:save_settings:116 | Skill settings successfully saved to /home/runner/.config/mycroft/skills/mycroft-support-helper.mycroftai/settings.json
2021-10-25 15:09:31.856 | INFO     |  5711 | mycroft.skills.skill_loader:_communicate_load_status:344 | Skill mycroft-support-helper.mycroftai loaded successfully
2021-10-25 15:09:31.856 | INFO     |  5711 | mycroft.skills.skill_loader:load:185 | ATTEMPTING TO LOAD SKILL: mycroft-weather.mycroftai
2021-10-25 15:09:31.881 | INFO     |  5711 | mycroft.skills.settings:get_local_settings:83 | /opt/mycroft/skills/mycroft-weather.mycroftai/settings.json
2021-10-25 15:09:32.038 | INFO     |  5711 | mycroft.skills.skill_loader:_check_for_first_run:324 | First run of mycroft-weather.mycroftai
2021-10-25 15:09:32.045 | INFO     |  5711 | mycroft.skills.settings:save_settings:116 | Skill settings successfully saved to /home/runner/.config/mycroft/skills/mycroft-weather.mycroftai/settings.json
2021-10-25 15:09:32.049 | INFO     |  5711 | mycroft.skills.skill_loader:_communicate_load_status:344 | Skill mycroft-weather.mycroftai loaded successfully
2021-10-25 15:09:32.050 | INFO     |  5711 | mycroft.skills.skill_loader:load:185 | ATTEMPTING TO LOAD SKILL: mycroft-speak.mycroftai
2021-10-25 15:09:32.058 | INFO     |  5711 | mycroft.skills.settings:get_local_settings:83 | /opt/mycroft/skills/mycroft-speak.mycroftai/settings.json
2021-10-25 15:09:32.108 | INFO     |  5711 | mycroft.skills.skill_loader:_check_for_first_run:324 | First run of mycroft-speak.mycroftai
2021-10-25 15:09:32.109 | INFO     |  5711 | mycroft.skills.settings:save_settings:116 | Skill settings successfully saved to /home/runner/.config/mycroft/skills/mycroft-speak.mycroftai/settings.json
2021-10-25 15:09:32.110 | INFO     |  5711 | mycroft.skills.skill_loader:_communicate_load_status:344 | Skill mycroft-speak.mycroftai loaded successfully
2021-10-25 15:09:32.110 | INFO     |  5711 | mycroft.skills.skill_loader:load:185 | ATTEMPTING TO LOAD SKILL: mycroft-audio-record.mycroftai
2021-10-25 15:09:32.138 | INFO     |  5711 | mycroft.skills.settings:get_local_settings:83 | /opt/mycroft/skills/mycroft-audio-record.mycroftai/settings.json
2021-10-25 15:09:32.174 | INFO     |  5711 | mycroft.skills.skill_loader:_check_for_first_run:324 | First run of mycroft-audio-record.mycroftai
2021-10-25 15:09:32.175 | INFO     |  5711 | mycroft.skills.settings:save_settings:116 | Skill settings successfully saved to /home/runner/.config/mycroft/skills/mycroft-audio-record.mycroftai/settings.json
2021-10-25 15:09:32.176 | INFO     |  5711 | mycroft.skills.skill_loader:_communicate_load_status:344 | Skill mycroft-audio-record.mycroftai loaded successfully
2021-10-25 15:09:32.177 | INFO     |  5711 | mycroft.skills.skill_loader:load:185 | ATTEMPTING TO LOAD SKILL: mycroft-stop.mycroftai
2021-10-25 15:09:32.197 | INFO     |  5711 | mycroft.skills.settings:get_local_settings:83 | /opt/mycroft/skills/mycroft-stop.mycroftai/settings.json
2021-10-25 15:09:32.241 | INFO     |  5711 | mycroft.skills.skill_loader:_check_for_first_run:324 | First run of mycroft-stop.mycroftai
2021-10-25 15:09:32.242 | INFO     |  5711 | mycroft.skills.settings:save_settings:116 | Skill settings successfully saved to /home/runner/.config/mycroft/skills/mycroft-stop.mycroftai/settings.json
2021-10-25 15:09:32.249 | INFO     |  5711 | mycroft.skills.skill_loader:_communicate_load_status:344 | Skill mycroft-stop.mycroftai loaded successfully
2021-10-25 15:09:32.250 | INFO     |  5711 | mycroft.skills.skill_loader:load:185 | ATTEMPTING TO LOAD SKILL: mycroft-hello-world.mycroftai
2021-10-25 15:09:32.257 | INFO     |  5711 | mycroft.skills.settings:get_local_settings:83 | /opt/mycroft/skills/mycroft-hello-world.mycroftai/settings.json
2021-10-25 15:09:32.290 | INFO     |  5711 | mycroft.skills.skill_loader:_check_for_first_run:324 | First run of mycroft-hello-world.mycroftai
2021-10-25 15:09:32.298 | INFO     |  5711 | mycroft.skills.settings:save_settings:116 | Skill settings successfully saved to /home/runner/.config/mycroft/skills/mycroft-hello-world.mycroftai/settings.json
2021-10-25 15:09:32.302 | INFO     |  5711 | mycroft.skills.skill_loader:_communicate_load_status:344 | Skill mycroft-hello-world.mycroftai loaded successfully
2021-10-25 15:09:32.306 | INFO     |  5711 | mycroft.skills.skill_loader:load:185 | ATTEMPTING TO LOAD SKILL: mycroft-date-time.mycroftai
2021-10-25 15:09:33.280 | INFO     |  5711 | mycroft.skills.settings:get_local_settings:83 | /opt/mycroft/skills/mycroft-date-time.mycroftai/settings.json
2021-10-25 15:09:33.314 | INFO     |  5711 | TimeSkill | Registering resting screen <bound method TimeSkill.handle_idle of <mycroft-date-time_mycroftai.TimeSkill object at 0x7ff67803d350>> for Time and Date.
2021-10-25 15:09:33.322 | INFO     |  5711 | TimeSkill | Registering resting screen
2021-10-25 15:09:33.336 | INFO     |  5711 | mycroft.skills.skill_loader:_check_for_first_run:324 | First run of mycroft-date-time.mycroftai
2021-10-25 15:09:33.339 | INFO     |  5711 | mycroft.skills.settings:save_settings:116 | Skill settings successfully saved to /home/runner/.config/mycroft/skills/mycroft-date-time.mycroftai/settings.json
2021-10-25 15:09:33.342 | INFO     |  5711 | mycroft.skills.skill_loader:_communicate_load_status:344 | Skill mycroft-date-time.mycroftai loaded successfully
2021-10-25 15:09:33.344 | INFO     |  5711 | mycroft.skills.skill_loader:load:185 | ATTEMPTING TO LOAD SKILL: mycroft-configuration.mycroftai
2021-10-25 15:09:33.365 | INFO     |  5711 | mycroft.skills.settings:get_local_settings:83 | /opt/mycroft/skills/mycroft-configuration.mycroftai/settings.json
2021-10-25 15:09:33.468 | INFO     |  5711 | mycroft.skills.skill_loader:_check_for_first_run:324 | First run of mycroft-configuration.mycroftai
2021-10-25 15:09:33.469 | INFO     |  5711 | mycroft.skills.settings:save_settings:116 | Skill settings successfully saved to /home/runner/.config/mycroft/skills/mycroft-configuration.mycroftai/settings.json
2021-10-25 15:09:33.486 | INFO     |  5711 | mycroft.skills.skill_loader:_communicate_load_status:344 | Skill mycroft-configuration.mycroftai loaded successfully
2021-10-25 15:09:33.488 | INFO     |  5711 | mycroft.skills.skill_loader:load:185 | ATTEMPTING TO LOAD SKILL: fallback-query.mycroftai
2021-10-25 15:09:33.502 | INFO     |  5711 | mycroft.skills.settings:get_local_settings:83 | /opt/mycroft/skills/fallback-query.mycroftai/settings.json
2021-10-25 15:09:33.578 | INFO     |  5711 | mycroft.skills.skill_loader:_check_for_first_run:324 | First run of fallback-query.mycroftai
2021-10-25 15:09:33.579 | INFO     |  5711 | mycroft.skills.settings:save_settings:116 | Skill settings successfully saved to /home/runner/.config/mycroft/skills/fallback-query.mycroftai/settings.json
2021-10-25 15:09:33.582 | INFO     |  5711 | mycroft.skills.skill_loader:_communicate_load_status:344 | Skill fallback-query.mycroftai loaded successfully
2021-10-25 15:09:33.583 | INFO     |  5711 | mycroft.skills.skill_loader:load:185 | ATTEMPTING TO LOAD SKILL: mycroft-personal.mycroftai
2021-10-25 15:09:33.603 | INFO     |  5711 | mycroft.skills.settings:get_local_settings:83 | /opt/mycroft/skills/mycroft-personal.mycroftai/settings.json
2021-10-25 15:09:33.684 | INFO     |  5711 | mycroft.skills.skill_loader:_check_for_first_run:324 | First run of mycroft-personal.mycroftai
2021-10-25 15:09:33.685 | INFO     |  5711 | mycroft.skills.settings:save_settings:116 | Skill settings successfully saved to /home/runner/.config/mycroft/skills/mycroft-personal.mycroftai/settings.json
2021-10-25 15:09:33.686 | INFO     |  5711 | mycroft.skills.skill_loader:_communicate_load_status:344 | Skill mycroft-personal.mycroftai loaded successfully
2021-10-25 15:09:33.687 | INFO     |  5711 | mycroft.skills.skill_loader:load:185 | ATTEMPTING TO LOAD SKILL: fallback-wolfram-alpha.mycroftai
2021-10-25 15:09:33.764 | INFO     |  5711 | mycroft.skills.settings:get_local_settings:83 | /opt/mycroft/skills/fallback-wolfram-alpha.mycroftai/settings.json
2021-10-25 15:09:33.782 | INFO     |  5711 | mycroft.skills.skill_loader:_check_for_first_run:324 | First run of fallback-wolfram-alpha.mycroftai
2021-10-25 15:09:33.783 | INFO     |  5711 | mycroft.skills.settings:save_settings:116 | Skill settings successfully saved to /home/runner/.config/mycroft/skills/fallback-wolfram-alpha.mycroftai/settings.json
2021-10-25 15:09:33.790 | INFO     |  5711 | mycroft.skills.skill_loader:_communicate_load_status:344 | Skill fallback-wolfram-alpha.mycroftai loaded successfully
2021-10-25 15:09:33.790 | INFO     |  5711 | mycroft.skills.skill_loader:load:185 | ATTEMPTING TO LOAD SKILL: mycroft-wiki.mycroftai
2021-10-25 15:09:33.802 | INFO     |  5711 | mycroft.skills.settings:get_local_settings:83 | /opt/mycroft/skills/mycroft-wiki.mycroftai/settings.json
2021-10-25 15:09:33.827 | INFO     |  5711 | mycroft.skills.skill_loader:_check_for_first_run:324 | First run of mycroft-wiki.mycroftai
2021-10-25 15:09:33.828 | INFO     |  5711 | mycroft.skills.settings:save_settings:116 | Skill settings successfully saved to /home/runner/.config/mycroft/skills/mycroft-wiki.mycroftai/settings.json
2021-10-25 15:09:33.830 | INFO     |  5711 | mycroft.skills.skill_loader:_communicate_load_status:344 | Skill mycroft-wiki.mycroftai loaded successfully
2021-10-25 15:09:33.830 | INFO     |  5711 | mycroft.skills.skill_loader:load:185 | ATTEMPTING TO LOAD SKILL: fallback-unknown.mycroftai
2021-10-25 15:09:33.836 | INFO     |  5711 | mycroft.skills.settings:get_local_settings:83 | /opt/mycroft/skills/fallback-unknown.mycroftai/settings.json
2021-10-25 15:09:33.846 | INFO     |  5711 | mycroft.skills.skill_loader:_check_for_first_run:324 | First run of fallback-unknown.mycroftai
2021-10-25 15:09:33.847 | INFO     |  5711 | mycroft.skills.settings:save_settings:116 | Skill settings successfully saved to /home/runner/.config/mycroft/skills/fallback-unknown.mycroftai/settings.json
2021-10-25 15:09:33.848 | INFO     |  5711 | mycroft.skills.skill_loader:_communicate_load_status:344 | Skill fallback-unknown.mycroftai loaded successfully
2021-10-25 15:09:33.849 | INFO     |  5711 | mycroft.skills.skill_loader:load:185 | ATTEMPTING TO LOAD SKILL: mycroft-playback-control.mycroftai
2021-10-25 15:09:33.856 | INFO     |  5711 | mycroft.skills.settings:get_local_settings:83 | /opt/mycroft/skills/mycroft-playback-control.mycroftai/settings.json
2021-10-25 15:09:33.886 | INFO     |  5711 | mycroft.skills.skill_loader:_check_for_first_run:324 | First run of mycroft-playback-control.mycroftai
2021-10-25 15:09:33.888 | INFO     |  5711 | mycroft.skills.settings:save_settings:116 | Skill settings successfully saved to /home/runner/.config/mycroft/skills/mycroft-playback-control.mycroftai/settings.json
2021-10-25 15:09:33.895 | INFO     |  5711 | mycroft.skills.skill_loader:_communicate_load_status:344 | Skill mycroft-playback-control.mycroftai loaded successfully
2021-10-25 15:09:33.897 | INFO     |  5711 | mycroft.skills.skill_manager:_load_on_startup:275 | Skills all loaded!
2021-10-25 15:09:33.970 | INFO     |  5711 | __main__:on_ready:185 | Skills service is ready.
2021-10-25 15:09:34.047 | INFO     |  5711 | mycroft.skills.intent_services.padatious_service:train:151 | Training... (single_thread=False)
Regenerated mycroft-alarm.mycroftai:{daytype}.
Regenerated mycroft-reminder.mycroftai:CancelActiveReminder.intent.
Regenerated mycroft-installer.mycroftai:install.custom.intent.
Regenerated mycroft-installer.mycroftai:list.skills.intent.
Regenerated mycroft-installer.mycroftai:remove.intent.
Regenerated mycroft-installer.mycroftai:is.installed.intent.
Regenerated mycroft-installer.mycroftai:install.beta.intent.
Regenerated mycroft-installer.mycroftai:install.intent.
Regenerated mycroft-timer.mycroftai:start.timer.intent.
Regenerated mycroft-timer.mycroftai:timer.status.intent.
Regenerated homeassistant.mycroftai:cover.open.intent.
Regenerated homeassistant.mycroftai:turn.on.intent.
Regenerated homeassistant.mycroftai:toggle.intent.
Regenerated homeassistant.mycroftai:set.climate.intent.
Regenerated homeassistant.mycroftai:set.light.brightness.intent.
Regenerated homeassistant.mycroftai:turn.off.intent.
Regenerated homeassistant.mycroftai:cover.close.intent.
Regenerated mycroft-alarm.mycroftai:snooze.intent.
Regenerated mycroft-npr-news.mycroftai:PlayTheNews.intent.
Regenerated mycroft-support-helper.mycroftai:contact.support.intent.
Regenerated mycroft-weather.mycroftai:do-i-need-an-umbrella.intent.
Regenerated mycroft-audio-record.mycroftai:PlayRecording.intent.
Regenerated mycroft-audio-record.mycroftai:StartRecording.intent.
Regenerated mycroft-stop.mycroftai:ssh.disable.intent.
Regenerated mycroft-stop.mycroftai:reboot.intent.
Regenerated mycroft-stop.mycroftai:shutdown.intent.
Regenerated mycroft-stop.mycroftai:wifi.setup.intent.
Regenerated mycroft-stop.mycroftai:ssh.enable.intent.
Regenerated mycroft-hello-world.mycroftai:HowAreYou.intent.
Regenerated mycroft-date-time.mycroftai:date.last.weekend.intent.
Regenerated mycroft-date-time.mycroftai:what.time.will.it.be.intent.
Regenerated mycroft-date-time.mycroftai:date.future.weekend.intent.
Regenerated mycroft-date-time.mycroftai:what.time.is.it.intent.
Regenerated mycroft-configuration.mycroftai:DisablePreciseDev.intent.
Regenerated mycroft-configuration.mycroftai:EnablePreciseDev.intent.
Regenerated mycroft-configuration.mycroftai:WhereAreYou.intent.
Regenerated mycroft-personal.mycroftai:WhenWereYouBorn.intent.
Regenerated mycroft-personal.mycroftai:WhoAreYou.intent.
Regenerated mycroft-personal.mycroftai:WhoMadeYou.intent.
Regenerated mycroft-personal.mycroftai:DoYouRhyme.intent.
Regenerated mycroft-personal.mycroftai:WhatAreYou.intent.
Regenerated mycroft-personal.mycroftai:WhereWereYouBorn.intent.
Regenerated mycroft-personal.mycroftai:DoYouDream.intent.
Regenerated mycroft-wiki.mycroftai:Random.intent.
Regenerated mycroft-reminder.mycroftai:DeleteReminderForDay.intent.
Regenerated mycroft-reminder.mycroftai:Reminder.intent.
Regenerated mycroft-reminder.mycroftai:ReminderAt.intent.
Regenerated mycroft-reminder.mycroftai:ClearReminders.intent.
Regenerated mycroft-reminder.mycroftai:GetRemindersForDay.intent.
Regenerated mycroft-reminder.mycroftai:SnoozeReminder.intent.
Regenerated mycroft-reminder.mycroftai:UnspecifiedReminderAt.intent.
Regenerated mycroft-reminder.mycroftai:GetNextReminders.intent.
Regenerated homeassistant.mycroftai:sensor.intent.
Regenerated homeassistant.mycroftai:automation.intent.
Regenerated homeassistant.mycroftai:tracker.intent.
Regenerated homeassistant.mycroftai:decrease.light.brightness.intent.
Regenerated homeassistant.mycroftai:add.item.shopping.list.intent.
Regenerated homeassistant.mycroftai:increase.light.brightness.intent.
Regenerated homeassistant.mycroftai:cover.stop.intent.
Regenerated mycroft-alarm.mycroftai:change.alarm.sound.intent.
2021-10-25 15:09:42.285 | INFO     |  5711 | mycroft.skills.intent_services.padatious_service:train:153 | Training complete.
2021-10-25 15:10:22.373 | INFO     |  5711 | __main__:on_stopping:193 | Skills service is shutting down...
2021-10-25 15:10:22.374 | INFO     |  5711 | __main__:shutdown:284 | Shutting down Skills service
2021-10-25 15:10:22.547 | ERROR    |  5711 | VolumeSkill | Couldn't allocate mixer, ALSAAudioError('No such file or directory [default]')
2021-10-25 15:10:22.549 | INFO     |  5711 | mycroft.skills.settings:save_settings:116 | Skill settings successfully saved to /home/runner/.config/mycroft/skills/mycroft-volume.mycroftai/settings.json
2021-10-25 15:10:22.552 | INFO     |  5711 | mycroft.skills.settings:save_settings:116 | Skill settings successfully saved to /home/runner/.config/mycroft/skills/mycroft-ip.mycroftai/settings.json
2021-10-25 15:10:22.572 | INFO     |  5711 | mycroft.skills.settings:save_settings:116 | Skill settings successfully saved to /home/runner/.config/mycroft/skills/mycroft-reminder.mycroftai/settings.json
2021-10-25 15:10:22.583 | INFO     |  5711 | mycroft.skills.settings:save_settings:116 | Skill settings successfully saved to /home/runner/.config/mycroft/skills/mycroft-installer.mycroftai/settings.json
2021-10-25 15:10:22.586 | INFO     |  5711 | mycroft.skills.settings:save_settings:116 | Skill settings successfully saved to /home/runner/.config/mycroft/skills/mycroft-version-checker.mycroftai/settings.json
2021-10-25 15:10:22.605 | INFO     |  5711 | mycroft.skills.settings:save_settings:116 | Skill settings successfully saved to /home/runner/.config/mycroft/skills/mycroft-singing.mycroftai/settings.json
2021-10-25 15:10:22.606 | INFO     |  5711 | mycroft.skills.settings:save_settings:116 | Skill settings successfully saved to /home/runner/.config/mycroft/skills/mycroft-joke.mycroftai/settings.json
2021-10-25 15:10:22.615 | INFO     |  5711 | HomeAssistantSkill | Removing all handlers...
2021-10-25 15:10:22.616 | WARNING  |  5711 | mycroft.skills.fallback_skill:remove_fallback:185 | Could not find matching fallback handler
2021-10-25 15:10:22.618 | INFO     |  5711 | mycroft.skills.settings:save_settings:116 | Skill settings successfully saved to /home/runner/.config/mycroft/skills/mycroft-alarm.mycroftai/settings.json
2021-10-25 15:10:22.620 | INFO     |  5711 | mycroft.skills.settings:save_settings:116 | Skill settings successfully saved to /home/runner/.config/mycroft/skills/mycroft-naptime.mycroftai/settings.json
2021-10-25 15:10:22.640 | INFO     |  5711 | mycroft.skills.settings:save_settings:116 | Skill settings successfully saved to /home/runner/.config/mycroft/skills/mycroft-spelling.mycroftai/settings.json
2021-10-25 15:10:22.648 | INFO     |  5711 | mycroft.skills.settings:save_settings:116 | Skill settings successfully saved to /home/runner/.config/mycroft/skills/mycroft-fallback-duck-duck-go.mycroftai/settings.json
2021-10-25 15:10:22.650 | INFO     |  5711 | mycroft.skills.settings:save_settings:116 | Skill settings successfully saved to /home/runner/.config/mycroft/skills/mycroft-npr-news.mycroftai/settings.json
2021-10-25 15:10:22.665 | INFO     |  5711 | mycroft.skills.settings:save_settings:116 | Skill settings successfully saved to /home/runner/.config/mycroft/skills/mycroft-support-helper.mycroftai/settings.json
2021-10-25 15:10:22.678 | INFO     |  5711 | mycroft.skills.settings:save_settings:116 | Skill settings successfully saved to /home/runner/.config/mycroft/skills/mycroft-weather.mycroftai/settings.json
2021-10-25 15:10:22.680 | INFO     |  5711 | mycroft.skills.settings:save_settings:116 | Skill settings successfully saved to /home/runner/.config/mycroft/skills/mycroft-speak.mycroftai/settings.json
2021-10-25 15:10:22.700 | INFO     |  5711 | mycroft.skills.settings:save_settings:116 | Skill settings successfully saved to /home/runner/.config/mycroft/skills/mycroft-audio-record.mycroftai/settings.json
2021-10-25 15:10:22.707 | INFO     |  5711 | mycroft.skills.settings:save_settings:116 | Skill settings successfully saved to /home/runner/.config/mycroft/skills/mycroft-stop.mycroftai/settings.json
2021-10-25 15:10:22.709 | INFO     |  5711 | mycroft.skills.settings:save_settings:116 | Skill settings successfully saved to /home/runner/.config/mycroft/skills/mycroft-hello-world.mycroftai/settings.json
2021-10-25 15:10:22.711 | INFO     |  5711 | mycroft.skills.settings:save_settings:116 | Skill settings successfully saved to /home/runner/.config/mycroft/skills/mycroft-date-time.mycroftai/settings.json
2021-10-25 15:10:22.714 | INFO     |  5711 | mycroft.skills.settings:save_settings:116 | Skill settings successfully saved to /home/runner/.config/mycroft/skills/mycroft-configuration.mycroftai/settings.json
2021-10-25 15:10:22.722 | INFO     |  5711 | QuestionsAnswersSkill | Removing all handlers...
2021-10-25 15:10:22.729 | INFO     |  5711 | mycroft.skills.settings:save_settings:116 | Skill settings successfully saved to /home/runner/.config/mycroft/skills/fallback-query.mycroftai/settings.json
2021-10-25 15:10:22.737 | INFO     |  5711 | mycroft.skills.settings:save_settings:116 | Skill settings successfully saved to /home/runner/.config/mycroft/skills/mycroft-personal.mycroftai/settings.json
2021-10-25 15:10:22.738 | INFO     |  5711 | mycroft.skills.settings:save_settings:116 | Skill settings successfully saved to /home/runner/.config/mycroft/skills/fallback-wolfram-alpha.mycroftai/settings.json
2021-10-25 15:10:22.741 | INFO     |  5711 | mycroft.skills.settings:save_settings:116 | Skill settings successfully saved to /home/runner/.config/mycroft/skills/mycroft-wiki.mycroftai/settings.json
2021-10-25 15:10:22.742 | INFO     |  5711 | UnknownSkill | Removing all handlers...
2021-10-25 15:10:22.744 | INFO     |  5711 | mycroft.skills.settings:save_settings:116 | Skill settings successfully saved to /home/runner/.config/mycroft/skills/fallback-unknown.mycroftai/settings.json
2021-10-25 15:10:22.753 | INFO     |  5711 | mycroft.skills.settings:save_settings:116 | Skill settings successfully saved to /home/runner/.config/mycroft/skills/mycroft-playback-control.mycroftai/settings.json
2021-10-25 15:10:23.755 | INFO     |  5711 | Playback Control Skill | Audio service status: {}
2021-10-25 15:10:24.756 | WARNING  |  5711 | mycroft.skills.skill_manager:_shutdown_skill:106 | mycroft-playback-control.mycroftai shutdown took 2.0037446300000283 seconds
2021-10-25 15:10:24.757 | INFO     |  5711 | __main__:shutdown:291 | Skills service shutdown complete!
2021-10-25 15:10:26.217 | ERROR    |  5711 | websocket | error from callback <bound method MessageBusClient.on_message of <mycroft.messagebus.client.client.MessageBusClient object at 0x7ff68a62abd0>>: cannot schedule new futures after shutdown
2021-10-25 15:10:26.220 | ERROR    |  5711 | websocket | error from callback <bound method MessageBusClient.on_message of <mycroft.messagebus.client.client.MessageBusClient object at 0x7ff68a62abd0>>: cannot schedule new futures after shutdown
2021-10-25 15:10:26.222 | ERROR    |  5711 | websocket | error from callback <bound method MessageBusClient.on_message of <mycroft.messagebus.client.client.MessageBusClient object at 0x7ff68a62abd0>>: cannot schedule new futures after shutdown
2021-10-25 15:10:26.224 | ERROR    |  5711 | websocket | error from callback <bound method MessageBusClient.on_message of <mycroft.messagebus.client.client.MessageBusClient object at 0x7ff68a62abd0>>: cannot schedule new futures after shutdown
2021-10-25 15:10:26.226 | ERROR    |  5711 | websocket | error from callback <bound method MessageBusClient.on_message of <mycroft.messagebus.client.client.MessageBusClient object at 0x7ff68a62abd0>>: cannot schedule new futures after shutdown
