2021-10-26 14:02:53.326 | INFO     |  5716 | mycroft.messagebus.load_config:load_message_bus_config:33 | Loading message bus configs
2021-10-26 14:02:53.330 | INFO     |  5716 | mycroft_bus_client.client.client | Connected
2021-10-26 14:02:53.340 | INFO     |  5716 | mycroft.util.process_utils:start_message_bus_client:155 | Connected to messagebus
2021-10-26 14:02:53.354 | INFO     |  5716 | mycroft.skills.msm_wrapper:create_msm:96 | Acquiring lock to instantiate MSM
2021-10-26 14:02:56.210 | INFO     |  5716 | msm.mycroft_skills_manager | building SkillEntry objects for all skills
2021-10-26 14:02:57.029 | INFO     |  5716 | mycroft.skills.msm_wrapper:create_msm:112 | Releasing MSM instantiation lock.
2021-10-26 14:02:57.030 | INFO     |  5716 | mycroft.skills.skill_updater:_log_next_download_time:267 | Next scheduled skill update: 2021-10-26 14:02:56.030124
2021-10-26 14:02:57.030 | INFO     |  5716 | msm.skill_entry | Downloading skill: https://github.com/mycroftai/skill-pairing
2021-10-26 14:02:58.732 | INFO     |  5716 | msm.skill_entry | Installing system requirements...
2021-10-26 14:02:58.757 | INFO     |  5716 | msm.skill_entry | Successfully installed mycroft-pairing
2021-10-26 14:02:58.757 | INFO     |  5716 | msm.mycroft_skills_manager | invalidating skills cache
2021-10-26 14:02:58.759 | INFO     |  5716 | mycroft.skills.skill_loader:load:185 | ATTEMPTING TO LOAD SKILL: mycroft-pairing.mycroftai
2021-10-26 14:02:58.770 | INFO     |  5716 | mycroft.skills.settings:get_local_settings:83 | /opt/mycroft/skills/mycroft-pairing.mycroftai/settings.json
2021-10-26 14:02:58.794 | INFO     |  5716 | mycroft.skills.skill_loader:_check_for_first_run:324 | First run of mycroft-pairing.mycroftai
2021-10-26 14:02:58.794 | INFO     |  5716 | mycroft.skills.settings:save_settings:116 | Skill settings successfully saved to /home/runner/.config/mycroft/skills/mycroft-pairing.mycroftai/settings.json
2021-10-26 14:02:58.795 | INFO     |  5716 | mycroft.skills.skill_loader:_communicate_load_status:344 | Skill mycroft-pairing.mycroftai loaded successfully
2021-10-26 14:02:58.795 | INFO     |  5716 | msm.skill_entry | Downloading skill: https://github.com/mycroftai/skill-volume
2021-10-26 14:02:59.391 | INFO     |  5716 | msm.skill_entry | Installing system requirements...
2021-10-26 14:02:59.401 | INFO     |  5716 | msm.skill_entry | Installing requirements.txt for mycroft-volume
2021-10-26 14:03:00.309 | INFO     |  5716 | msm.skill_entry | Successfully installed mycroft-volume
2021-10-26 14:03:00.309 | INFO     |  5716 | msm.mycroft_skills_manager | invalidating skills cache
2021-10-26 14:03:00.311 | INFO     |  5716 | mycroft.skills.skill_loader:load:185 | ATTEMPTING TO LOAD SKILL: mycroft-volume.mycroftai
2021-10-26 14:03:00.320 | INFO     |  5716 | mycroft.skills.settings:get_local_settings:83 | /opt/mycroft/skills/mycroft-volume.mycroftai/settings.json
2021-10-26 14:03:00.425 | ERROR    |  5716 | VolumeSkill | Couldn't allocate mixer, ALSAAudioError('No such file or directory [default]')
2021-10-26 14:03:03.440 | INFO     |  5716 | mycroft.skills.skill_loader:_check_for_first_run:324 | First run of mycroft-volume.mycroftai
2021-10-26 14:03:03.441 | INFO     |  5716 | mycroft.skills.settings:save_settings:116 | Skill settings successfully saved to /home/runner/.config/mycroft/skills/mycroft-volume.mycroftai/settings.json
2021-10-26 14:03:03.442 | INFO     |  5716 | mycroft.skills.skill_loader:_communicate_load_status:344 | Skill mycroft-volume.mycroftai loaded successfully
2021-10-26 14:03:03.442 | INFO     |  5716 | __main__:on_started:177 | Skills service is starting up.
2021-10-26 14:03:03.522 | INFO     |  5716 | __main__:_update_system:154 | Attempting system update...
2021-10-26 14:03:06.524 | INFO     |  5716 | mycroft.enclosure.display_manager:_write_data:70 | Display Manager is creating /tmp/mycroft/ipc/managers/disp_info
2021-10-26 14:03:06.526 | INFO     |  5716 | __main__:_ensure_device_is_paired:133 | Device not paired, invoking the pairing skill
2021-10-26 14:03:06.527 | INFO     |  5716 | __main__:on_alive:181 | Skills service is alive.
2021-10-26 14:03:06.529 | INFO     |  5716 | msm.mycroft_skills_manager | building SkillEntry objects for all skills
2021-10-26 14:03:06.916 | INFO     |  5716 | PairingSkill | Communicating account URL to user
2021-10-26 14:03:07.043 | WARNING  |  5716 | msm.mycroft_skills_manager | No such default skill: mycroft-pandora
2021-10-26 14:03:07.045 | INFO     |  5716 | mycroft.skills.skill_manager:run:234 | Not all default skills are installed, performing skill update...
2021-10-26 14:03:07.045 | INFO     |  5716 | mycroft.skills.skill_updater:update_skills:149 | Beginning skill update...
2021-10-26 14:03:07.124 | INFO     |  5716 | msm.mycroft_skills_manager | building SkillEntry objects for all skills
2021-10-26 14:03:07.537 | INFO     |  5716 | msm.mycroft_skills_manager | invalidating skills cache
2021-10-26 14:03:07.619 | INFO     |  5716 | msm.skill_entry | Downloading skill: https://github.com/mycroftai/fallback-unknown
2021-10-26 14:03:07.632 | INFO     |  5716 | msm.skill_entry | Downloading skill: https://github.com/mycroftai/skill-alarm
2021-10-26 14:03:07.634 | INFO     |  5716 | msm.skill_entry | Downloading skill: https://github.com/mycroftai/skill-audio-record
2021-10-26 14:03:07.635 | INFO     |  5716 | msm.skill_entry | Downloading skill: https://github.com/mycroftai/skill-configuration
2021-10-26 14:03:07.635 | INFO     |  5716 | msm.skill_entry | Downloading skill: https://github.com/mycroftai/skill-date-time
2021-10-26 14:03:07.636 | INFO     |  5716 | msm.skill_entry | Downloading skill: https://github.com/mycroftai/fallback-duckduckgo
2021-10-26 14:03:07.637 | INFO     |  5716 | msm.skill_entry | Downloading skill: https://github.com/mycroftai/skill-hello-world
2021-10-26 14:03:07.638 | INFO     |  5716 | msm.skill_entry | Downloading skill: https://github.com/mycroftai/skill-installer
2021-10-26 14:03:07.639 | INFO     |  5716 | msm.skill_entry | Downloading skill: https://github.com/mycroftai/skill-ip
2021-10-26 14:03:07.639 | INFO     |  5716 | msm.skill_entry | Downloading skill: https://github.com/mycroftai/skill-joke
2021-10-26 14:03:07.640 | INFO     |  5716 | msm.skill_entry | Downloading skill: https://github.com/mycroftai/fallback-wolfram-alpha
2021-10-26 14:03:07.673 | INFO     |  5716 | msm.skill_entry | Downloading skill: https://github.com/mycroftai/skill-npr-news
2021-10-26 14:03:07.674 | INFO     |  5716 | msm.skill_entry | Downloading skill: https://github.com/mycroftai/skill-personal
2021-10-26 14:03:07.674 | INFO     |  5716 | msm.skill_entry | Downloading skill: https://github.com/mycroftai/skill-playback-control
2021-10-26 14:03:07.683 | INFO     |  5716 | msm.skill_entry | Downloading skill: https://github.com/mycroftai/skill-reminder
2021-10-26 14:03:07.693 | INFO     |  5716 | msm.skill_entry | Downloading skill: https://github.com/mycroftai/skill-singing
2021-10-26 14:03:07.712 | INFO     |  5716 | msm.skill_entry | Downloading skill: https://github.com/mycroftai/skill-naptime
2021-10-26 14:03:08.905 | ERROR    |  5716 | msm.mycroft_skills_manager | Error running install_or_update on homeassistant.mycroftai: MergeConflict
2021-10-26 14:03:08.910 | INFO     |  5716 | msm.skill_entry | Downloading skill: https://github.com/mycroftai/skill-speak
2021-10-26 14:03:08.919 | INFO     |  5716 | msm.skill_entry | Installing system requirements...
2021-10-26 14:03:08.945 | INFO     |  5716 | msm.skill_entry | Installing requirements.txt for fallback-wolfram-alpha
2021-10-26 14:03:09.304 | INFO     |  5716 | msm.skill_entry | Installing system requirements...
2021-10-26 14:03:09.439 | INFO     |  5716 | msm.skill_entry | Installing requirements.txt for mycroft-fallback-duck-duck-go
2021-10-26 14:03:09.467 | INFO     |  5716 | msm.skill_entry | Installing system requirements...
2021-10-26 14:03:09.492 | INFO     |  5716 | msm.skill_entry | Installing requirements.txt for mycroft-ip
2021-10-26 14:03:09.506 | INFO     |  5716 | msm.skill_entry | Installing system requirements...
2021-10-26 14:03:09.544 | INFO     |  5716 | msm.skill_entry | Successfully installed mycroft-naptime
2021-10-26 14:03:09.544 | INFO     |  5716 | msm.mycroft_skills_manager | invalidating skills cache
2021-10-26 14:03:09.545 | INFO     |  5716 | msm.skill_entry | Downloading skill: https://github.com/mycroftai/skill-spelling
2021-10-26 14:03:09.777 | INFO     |  5716 | msm.skill_entry | Installing system requirements...
2021-10-26 14:03:09.788 | INFO     |  5716 | msm.skill_entry | Installing system requirements...
2021-10-26 14:03:09.821 | INFO     |  5716 | msm.skill_entry | Installing requirements.txt for mycroft-joke
2021-10-26 14:03:09.918 | INFO     |  5716 | msm.skill_entry | Installing system requirements...
2021-10-26 14:03:09.929 | INFO     |  5716 | msm.skill_entry | Nothing new for mycroft-pairing
2021-10-26 14:03:09.936 | INFO     |  5716 | msm.skill_entry | Installing system requirements...
2021-10-26 14:03:09.949 | INFO     |  5716 | msm.skill_entry | Successfully installed fallback-unknown
2021-10-26 14:03:09.949 | INFO     |  5716 | msm.mycroft_skills_manager | invalidating skills cache
2021-10-26 14:03:09.950 | INFO     |  5716 | msm.skill_entry | Downloading skill: https://github.com/mycroftai/skill-support
2021-10-26 14:03:09.954 | INFO     |  5716 | msm.skill_entry | Downloading skill: https://github.com/mycroftai/skill-stop
2021-10-26 14:03:10.221 | INFO     |  5716 | msm.skill_entry | Nothing new for mycroft-volume
2021-10-26 14:03:10.229 | INFO     |  5716 | msm.skill_entry | Installing requirements.txt for mycroft-date-time
2021-10-26 14:03:10.232 | INFO     |  5716 | msm.skill_entry | Installing system requirements...
2021-10-26 14:03:10.241 | INFO     |  5716 | msm.skill_entry | Installing requirements.txt for mycroft-volume
2021-10-26 14:03:10.315 | INFO     |  5716 | msm.skill_entry | Installing system requirements...
2021-10-26 14:03:10.325 | INFO     |  5716 | msm.skill_entry | Successfully installed mycroft-playback-control
2021-10-26 14:03:10.325 | INFO     |  5716 | msm.mycroft_skills_manager | invalidating skills cache
2021-10-26 14:03:10.326 | INFO     |  5716 | msm.skill_entry | Downloading skill: https://github.com/mycroftai/mycroft-timer
2021-10-26 14:03:10.709 | INFO     |  5716 | msm.skill_entry | Installing system requirements...
2021-10-26 14:03:10.713 | INFO     |  5716 | msm.skill_entry | Installing system requirements...
2021-10-26 14:03:10.723 | INFO     |  5716 | msm.skill_entry | Successfully installed mycroft-reminder
2021-10-26 14:03:10.723 | INFO     |  5716 | msm.mycroft_skills_manager | invalidating skills cache
2021-10-26 14:03:10.724 | INFO     |  5716 | msm.skill_entry | Installing requirements.txt for mycroft-configuration
2021-10-26 14:03:10.725 | INFO     |  5716 | msm.skill_entry | Downloading skill: https://github.com/mycroftai/skill-weather
2021-10-26 14:03:11.211 | INFO     |  5716 | msm.skill_entry | Installing system requirements...
2021-10-26 14:03:11.237 | INFO     |  5716 | msm.skill_entry | Installing system requirements...
2021-10-26 14:03:11.278 | INFO     |  5716 | msm.skill_entry | Installing system requirements...
2021-10-26 14:03:11.281 | INFO     |  5716 | msm.skill_entry | Installing system requirements...
2021-10-26 14:03:11.336 | INFO     |  5716 | msm.skill_entry | Installing system requirements...
2021-10-26 14:03:11.343 | INFO     |  5716 | msm.skill_entry | Installing requirements.txt for mycroft-audio-record
2021-10-26 14:03:11.361 | INFO     |  5716 | msm.skill_entry | Installing system requirements...
2021-10-26 14:03:11.366 | INFO     |  5716 | msm.skill_entry | Installing system requirements...
2021-10-26 14:03:11.423 | INFO     |  5716 | msm.skill_entry | Installing requirements.txt for mycroft-npr-news
2021-10-26 14:03:11.424 | INFO     |  5716 | msm.skill_entry | Successfully installed mycroft-personal
2021-10-26 14:03:11.425 | INFO     |  5716 | msm.mycroft_skills_manager | invalidating skills cache
2021-10-26 14:03:11.426 | INFO     |  5716 | msm.skill_entry | Downloading skill: https://github.com/mycroftai/skill-version-checker
2021-10-26 14:03:11.428 | INFO     |  5716 | msm.skill_entry | Successfully installed mycroft-hello-world
2021-10-26 14:03:11.429 | INFO     |  5716 | msm.mycroft_skills_manager | invalidating skills cache
2021-10-26 14:03:11.432 | INFO     |  5716 | msm.skill_entry | Successfully installed mycroft-speak
2021-10-26 14:03:11.432 | INFO     |  5716 | msm.mycroft_skills_manager | invalidating skills cache
2021-10-26 14:03:11.434 | INFO     |  5716 | msm.skill_entry | Downloading skill: https://github.com/mycroftai/skill-wiki
2021-10-26 14:03:11.440 | INFO     |  5716 | msm.skill_entry | Installing system requirements...
2021-10-26 14:03:11.454 | INFO     |  5716 | msm.skill_entry | Successfully installed mycroft-stop
2021-10-26 14:03:11.455 | INFO     |  5716 | msm.mycroft_skills_manager | invalidating skills cache
2021-10-26 14:03:11.459 | INFO     |  5716 | msm.skill_entry | Downloading skill: https://github.com/MycroftAI/skill-query
2021-10-26 14:03:11.464 | INFO     |  5716 | msm.skill_entry | Installing requirements.txt for mycroft-installer
2021-10-26 14:03:11.494 | INFO     |  5716 | msm.skill_entry | Installing system requirements...
2021-10-26 14:03:11.547 | INFO     |  5716 | msm.skill_entry | Installing requirements.txt for mycroft-support-helper
2021-10-26 14:03:11.575 | INFO     |  5716 | msm.skill_entry | Successfully installed mycroft-spelling
2021-10-26 14:03:11.576 | INFO     |  5716 | msm.mycroft_skills_manager | invalidating skills cache
2021-10-26 14:03:11.752 | INFO     |  5716 | msm.skill_entry | Installing system requirements...
2021-10-26 14:03:11.868 | INFO     |  5716 | msm.skill_entry | Installing requirements.txt for mycroft-alarm
2021-10-26 14:03:12.115 | ERROR    |  5716 | msm.mycroft_skills_manager | Error running install_or_update on homeassistant: MergeConflict
2021-10-26 14:03:12.190 | INFO     |  5716 | msm.skill_entry | Installing system requirements...
2021-10-26 14:03:12.239 | INFO     |  5716 | msm.skill_entry | Successfully installed mycroft-timer
2021-10-26 14:03:12.239 | INFO     |  5716 | msm.mycroft_skills_manager | invalidating skills cache
2021-10-26 14:03:12.382 | INFO     |  5716 | msm.skill_entry | Installing system requirements...
2021-10-26 14:03:12.388 | INFO     |  5716 | msm.skill_entry | Installing system requirements...
2021-10-26 14:03:12.457 | INFO     |  5716 | msm.skill_entry | Successfully installed mycroft-version-checker
2021-10-26 14:03:12.457 | INFO     |  5716 | msm.mycroft_skills_manager | invalidating skills cache
2021-10-26 14:03:12.460 | INFO     |  5716 | msm.skill_entry | Successfully installed fallback-query
2021-10-26 14:03:12.460 | INFO     |  5716 | msm.mycroft_skills_manager | invalidating skills cache
2021-10-26 14:03:12.484 | INFO     |  5716 | msm.skill_entry | Installing system requirements...
2021-10-26 14:03:12.501 | INFO     |  5716 | msm.skill_entry | Installing system requirements...
2021-10-26 14:03:12.520 | INFO     |  5716 | msm.skill_entry | Installing requirements.txt for mycroft-weather
2021-10-26 14:03:12.528 | INFO     |  5716 | msm.skill_entry | Installing requirements.txt for mycroft-wiki
2021-10-26 14:03:13.688 | INFO     |  5716 | msm.skill_entry | Installing system requirements...
2021-10-26 14:03:13.717 | INFO     |  5716 | msm.skill_entry | Successfully installed mycroft-singing
2021-10-26 14:03:13.717 | INFO     |  5716 | msm.mycroft_skills_manager | invalidating skills cache
2021-10-26 14:03:16.051 | INFO     |  5716 | msm.skill_entry | Successfully installed fallback-wolfram-alpha
2021-10-26 14:03:16.052 | INFO     |  5716 | msm.mycroft_skills_manager | invalidating skills cache
2021-10-26 14:03:17.197 | INFO     |  5716 | msm.skill_entry | Successfully installed mycroft-fallback-duck-duck-go
2021-10-26 14:03:17.197 | INFO     |  5716 | msm.mycroft_skills_manager | invalidating skills cache
2021-10-26 14:03:18.128 | INFO     |  5716 | msm.skill_entry | Successfully installed mycroft-ip
2021-10-26 14:03:18.128 | INFO     |  5716 | msm.mycroft_skills_manager | invalidating skills cache
2021-10-26 14:03:19.568 | INFO     |  5716 | msm.skill_entry | Successfully installed mycroft-joke
2021-10-26 14:03:19.569 | INFO     |  5716 | msm.mycroft_skills_manager | invalidating skills cache
2021-10-26 14:03:36.298 | INFO     |  5716 | msm.skill_entry | Successfully installed mycroft-date-time
2021-10-26 14:03:36.298 | INFO     |  5716 | msm.mycroft_skills_manager | invalidating skills cache
2021-10-26 14:03:37.256 | INFO     |  5716 | PairingSkill | Initiating device pairing sequence...
2021-10-26 14:03:37.256 | INFO     |  5716 | PairingSkill | Retrieving pairing code from device API...
2021-10-26 14:03:37.692 | INFO     |  5716 | PairingSkill | Pairing code obtained: 3HMCLF
2021-10-26 14:03:37.693 | INFO     |  5716 | PairingSkill | Communicating pairing URL to user
2021-10-26 14:03:40.154 | INFO     |  5716 | msm.skill_entry | Successfully installed mycroft-configuration
2021-10-26 14:03:40.155 | INFO     |  5716 | msm.mycroft_skills_manager | invalidating skills cache
2021-10-26 14:03:41.175 | INFO     |  5716 | msm.skill_entry | Successfully installed mycroft-audio-record
2021-10-26 14:03:41.176 | INFO     |  5716 | msm.mycroft_skills_manager | invalidating skills cache
2021-10-26 14:03:44.862 | INFO     |  5716 | msm.skill_entry | Successfully installed mycroft-npr-news
2021-10-26 14:03:44.862 | INFO     |  5716 | msm.mycroft_skills_manager | invalidating skills cache
2021-10-26 14:03:45.903 | INFO     |  5716 | msm.skill_entry | Successfully installed mycroft-installer
2021-10-26 14:03:45.904 | INFO     |  5716 | msm.mycroft_skills_manager | invalidating skills cache
2021-10-26 14:03:48.081 | INFO     |  5716 | msm.skill_entry | Successfully installed mycroft-support-helper
2021-10-26 14:03:48.082 | INFO     |  5716 | msm.mycroft_skills_manager | invalidating skills cache
2021-10-26 14:03:49.190 | INFO     |  5716 | msm.skill_entry | Successfully installed mycroft-alarm
2021-10-26 14:03:49.193 | INFO     |  5716 | msm.mycroft_skills_manager | invalidating skills cache
2021-10-26 14:03:50.241 | INFO     |  5716 | msm.skill_entry | Successfully installed mycroft-weather
2021-10-26 14:03:50.242 | INFO     |  5716 | msm.mycroft_skills_manager | invalidating skills cache
2021-10-26 14:03:52.168 | INFO     |  5716 | msm.skill_entry | Successfully installed mycroft-wiki
2021-10-26 14:03:52.168 | INFO     |  5716 | msm.mycroft_skills_manager | invalidating skills cache
2021-10-26 14:03:52.205 | INFO     |  5716 | mycroft.skills.skill_updater:_log_next_download_time:267 | Next scheduled skill update: 2021-10-26 15:03:52.204696
2021-10-26 14:03:52.205 | INFO     |  5716 | mycroft.skills.skill_updater:update_skills:170 | Skill update complete
2021-10-26 14:03:52.206 | INFO     |  5716 | mycroft.skills.skill_manager:_load_on_startup:273 | Loading installed skills...
2021-10-26 14:03:52.207 | INFO     |  5716 | mycroft.skills.skill_loader:load:185 | ATTEMPTING TO LOAD SKILL: mycroft-ip.mycroftai
2021-10-26 14:03:52.250 | INFO     |  5716 | mycroft.skills.settings:get_local_settings:83 | /opt/mycroft/skills/mycroft-ip.mycroftai/settings.json
2021-10-26 14:03:52.272 | INFO     |  5716 | mycroft.skills.skill_loader:_check_for_first_run:324 | First run of mycroft-ip.mycroftai
2021-10-26 14:03:52.275 | INFO     |  5716 | mycroft.skills.settings:save_settings:116 | Skill settings successfully saved to /home/runner/.config/mycroft/skills/mycroft-ip.mycroftai/settings.json
2021-10-26 14:03:52.277 | INFO     |  5716 | mycroft.skills.skill_loader:_communicate_load_status:344 | Skill mycroft-ip.mycroftai loaded successfully
2021-10-26 14:03:52.277 | INFO     |  5716 | mycroft.skills.skill_loader:load:185 | ATTEMPTING TO LOAD SKILL: mycroft-reminder.mycroftai
2021-10-26 14:03:52.295 | INFO     |  5716 | mycroft.skills.settings:get_local_settings:83 | /opt/mycroft/skills/mycroft-reminder.mycroftai/settings.json
2021-10-26 14:03:52.320 | INFO     |  5716 | mycroft.skills.skill_loader:_check_for_first_run:324 | First run of mycroft-reminder.mycroftai
2021-10-26 14:03:52.321 | INFO     |  5716 | mycroft.skills.settings:save_settings:116 | Skill settings successfully saved to /home/runner/.config/mycroft/skills/mycroft-reminder.mycroftai/settings.json
2021-10-26 14:03:52.322 | INFO     |  5716 | mycroft.skills.skill_loader:_communicate_load_status:344 | Skill mycroft-reminder.mycroftai loaded successfully
2021-10-26 14:03:52.322 | INFO     |  5716 | mycroft.skills.skill_loader:load:185 | ATTEMPTING TO LOAD SKILL: mycroft-installer.mycroftai
2021-10-26 14:03:52.328 | INFO     |  5716 | mycroft.skills.settings:get_local_settings:83 | /opt/mycroft/skills/mycroft-installer.mycroftai/settings.json
2021-10-26 14:03:52.355 | INFO     |  5716 | mycroft.skills.skill_loader:_check_for_first_run:324 | First run of mycroft-installer.mycroftai
2021-10-26 14:03:52.355 | INFO     |  5716 | mycroft.skills.settings:save_settings:116 | Skill settings successfully saved to /home/runner/.config/mycroft/skills/mycroft-installer.mycroftai/settings.json
2021-10-26 14:03:52.364 | INFO     |  5716 | mycroft.skills.skill_loader:_communicate_load_status:344 | Skill mycroft-installer.mycroftai loaded successfully
2021-10-26 14:03:52.365 | INFO     |  5716 | mycroft.skills.skill_loader:load:185 | ATTEMPTING TO LOAD SKILL: mycroft-version-checker.mycroftai
2021-10-26 14:03:52.377 | INFO     |  5716 | mycroft.skills.settings:get_local_settings:83 | /opt/mycroft/skills/mycroft-version-checker.mycroftai/settings.json
2021-10-26 14:03:52.429 | INFO     |  5716 | mycroft.skills.skill_loader:_check_for_first_run:324 | First run of mycroft-version-checker.mycroftai
2021-10-26 14:03:52.432 | INFO     |  5716 | mycroft.skills.settings:save_settings:116 | Skill settings successfully saved to /home/runner/.config/mycroft/skills/mycroft-version-checker.mycroftai/settings.json
2021-10-26 14:03:52.433 | INFO     |  5716 | mycroft.skills.skill_loader:_communicate_load_status:344 | Skill mycroft-version-checker.mycroftai loaded successfully
2021-10-26 14:03:52.434 | INFO     |  5716 | mycroft.skills.skill_loader:load:185 | ATTEMPTING TO LOAD SKILL: mycroft-singing.mycroftai
2021-10-26 14:03:52.440 | INFO     |  5716 | mycroft.skills.settings:get_local_settings:83 | /opt/mycroft/skills/mycroft-singing.mycroftai/settings.json
2021-10-26 14:03:52.453 | INFO     |  5716 | mycroft.skills.skill_loader:_check_for_first_run:324 | First run of mycroft-singing.mycroftai
2021-10-26 14:03:52.454 | INFO     |  5716 | mycroft.skills.settings:save_settings:116 | Skill settings successfully saved to /home/runner/.config/mycroft/skills/mycroft-singing.mycroftai/settings.json
2021-10-26 14:03:52.455 | INFO     |  5716 | mycroft.skills.skill_loader:_communicate_load_status:344 | Skill mycroft-singing.mycroftai loaded successfully
2021-10-26 14:03:52.455 | INFO     |  5716 | mycroft.skills.skill_loader:load:185 | ATTEMPTING TO LOAD SKILL: mycroft-joke.mycroftai
2021-10-26 14:03:52.464 | INFO     |  5716 | mycroft.skills.settings:get_local_settings:83 | /opt/mycroft/skills/mycroft-joke.mycroftai/settings.json
2021-10-26 14:03:52.484 | INFO     |  5716 | mycroft.skills.skill_loader:_check_for_first_run:324 | First run of mycroft-joke.mycroftai
2021-10-26 14:03:52.486 | INFO     |  5716 | mycroft.skills.settings:save_settings:116 | Skill settings successfully saved to /home/runner/.config/mycroft/skills/mycroft-joke.mycroftai/settings.json
2021-10-26 14:03:52.490 | INFO     |  5716 | mycroft.skills.skill_loader:_communicate_load_status:344 | Skill mycroft-joke.mycroftai loaded successfully
2021-10-26 14:03:52.490 | INFO     |  5716 | mycroft.skills.skill_loader:load:185 | ATTEMPTING TO LOAD SKILL: mycroft-timer.mycroftai
2021-10-26 14:03:52.536 | INFO     |  5716 | mycroft.skills.settings:get_local_settings:83 | /opt/mycroft/skills/mycroft-timer.mycroftai/settings.json
2021-10-26 14:03:52.648 | INFO     |  5716 | mycroft.skills.skill_loader:_check_for_first_run:324 | First run of mycroft-timer.mycroftai
2021-10-26 14:03:52.648 | INFO     |  5716 | mycroft.skills.settings:save_settings:116 | Skill settings successfully saved to /home/runner/.config/mycroft/skills/mycroft-timer.mycroftai/settings.json
2021-10-26 14:03:52.651 | INFO     |  5716 | mycroft.skills.skill_loader:_communicate_load_status:344 | Skill mycroft-timer.mycroftai loaded successfully
2021-10-26 14:03:52.651 | INFO     |  5716 | mycroft.skills.skill_loader:load:185 | ATTEMPTING TO LOAD SKILL: homeassistant.mycroftai
2021-10-26 14:03:53.003 | INFO     |  5716 | mycroft.skills.settings:get_local_settings:83 | /opt/mycroft/skills/homeassistant.mycroftai/settings.json
2021-10-26 14:03:53.004 | INFO     |  5716 | mycroft.skills.settings:get_local_settings:83 | /opt/mycroft/skills/homeassistant.mycroftai/settings.json
2021-10-26 14:03:53.039 | INFO     |  5716 | mycroft.skills.skill_loader:_communicate_load_status:344 | Skill homeassistant.mycroftai loaded successfully
2021-10-26 14:03:53.040 | INFO     |  5716 | mycroft.skills.skill_loader:load:185 | ATTEMPTING TO LOAD SKILL: mycroft-alarm.mycroftai
2021-10-26 14:03:53.072 | INFO     |  5716 | mycroft.skills.settings:get_local_settings:83 | /opt/mycroft/skills/mycroft-alarm.mycroftai/settings.json
2021-10-26 14:03:53.072 | ERROR    |  5716 | AlarmSkill | Couldn't allocate mixer, ALSAAudioError('No such file or directory [default]')
2021-10-26 14:03:53.147 | INFO     |  5716 | mycroft.skills.skill_loader:_check_for_first_run:324 | First run of mycroft-alarm.mycroftai
2021-10-26 14:03:53.148 | INFO     |  5716 | mycroft.skills.settings:save_settings:116 | Skill settings successfully saved to /home/runner/.config/mycroft/skills/mycroft-alarm.mycroftai/settings.json
2021-10-26 14:03:53.151 | INFO     |  5716 | mycroft.skills.skill_loader:_communicate_load_status:344 | Skill mycroft-alarm.mycroftai loaded successfully
2021-10-26 14:03:53.151 | INFO     |  5716 | mycroft.skills.skill_loader:load:185 | ATTEMPTING TO LOAD SKILL: mycroft-naptime.mycroftai
2021-10-26 14:03:53.162 | INFO     |  5716 | mycroft.skills.settings:get_local_settings:83 | /opt/mycroft/skills/mycroft-naptime.mycroftai/settings.json
2021-10-26 14:03:53.180 | INFO     |  5716 | mycroft.skills.skill_loader:_check_for_first_run:324 | First run of mycroft-naptime.mycroftai
2021-10-26 14:03:53.180 | INFO     |  5716 | mycroft.skills.settings:save_settings:116 | Skill settings successfully saved to /home/runner/.config/mycroft/skills/mycroft-naptime.mycroftai/settings.json
2021-10-26 14:03:53.188 | INFO     |  5716 | mycroft.skills.skill_loader:_communicate_load_status:344 | Skill mycroft-naptime.mycroftai loaded successfully
2021-10-26 14:03:53.189 | INFO     |  5716 | mycroft.skills.skill_loader:load:185 | ATTEMPTING TO LOAD SKILL: mycroft-spelling.mycroftai
2021-10-26 14:03:53.200 | INFO     |  5716 | mycroft.skills.settings:get_local_settings:83 | /opt/mycroft/skills/mycroft-spelling.mycroftai/settings.json
2021-10-26 14:03:53.218 | INFO     |  5716 | mycroft.skills.skill_loader:_check_for_first_run:324 | First run of mycroft-spelling.mycroftai
2021-10-26 14:03:53.225 | INFO     |  5716 | mycroft.skills.settings:save_settings:116 | Skill settings successfully saved to /home/runner/.config/mycroft/skills/mycroft-spelling.mycroftai/settings.json
2021-10-26 14:03:53.228 | INFO     |  5716 | mycroft.skills.skill_loader:_communicate_load_status:344 | Skill mycroft-spelling.mycroftai loaded successfully
2021-10-26 14:03:53.228 | INFO     |  5716 | mycroft.skills.skill_loader:load:185 | ATTEMPTING TO LOAD SKILL: mycroft-fallback-duck-duck-go.mycroftai
2021-10-26 14:03:53.242 | INFO     |  5716 | mycroft.skills.settings:get_local_settings:83 | /opt/mycroft/skills/mycroft-fallback-duck-duck-go.mycroftai/settings.json
2021-10-26 14:03:53.284 | INFO     |  5716 | mycroft.skills.skill_loader:_check_for_first_run:324 | First run of mycroft-fallback-duck-duck-go.mycroftai
2021-10-26 14:03:53.285 | INFO     |  5716 | mycroft.skills.settings:save_settings:116 | Skill settings successfully saved to /home/runner/.config/mycroft/skills/mycroft-fallback-duck-duck-go.mycroftai/settings.json
2021-10-26 14:03:53.290 | INFO     |  5716 | mycroft.skills.skill_loader:_communicate_load_status:344 | Skill mycroft-fallback-duck-duck-go.mycroftai loaded successfully
2021-10-26 14:03:53.291 | INFO     |  5716 | mycroft.skills.skill_loader:load:185 | ATTEMPTING TO LOAD SKILL: mycroft-npr-news.mycroftai
2021-10-26 14:03:53.408 | INFO     |  5716 | mycroft.skills.settings:get_local_settings:83 | /opt/mycroft/skills/mycroft-npr-news.mycroftai/settings.json
2021-10-26 14:03:54.446 | INFO     |  5716 | mycroft.skills.skill_loader:_check_for_first_run:324 | First run of mycroft-npr-news.mycroftai
2021-10-26 14:03:54.447 | INFO     |  5716 | mycroft.skills.settings:save_settings:116 | Skill settings successfully saved to /home/runner/.config/mycroft/skills/mycroft-npr-news.mycroftai/settings.json
2021-10-26 14:03:54.448 | INFO     |  5716 | mycroft.skills.skill_loader:_communicate_load_status:344 | Skill mycroft-npr-news.mycroftai loaded successfully
2021-10-26 14:03:54.449 | INFO     |  5716 | mycroft.skills.skill_loader:load:185 | ATTEMPTING TO LOAD SKILL: mycroft-support-helper.mycroftai
2021-10-26 14:03:54.459 | INFO     |  5716 | mycroft.skills.settings:get_local_settings:83 | /opt/mycroft/skills/mycroft-support-helper.mycroftai/settings.json
2021-10-26 14:03:54.470 | INFO     |  5716 | mycroft.skills.skill_loader:_check_for_first_run:324 | First run of mycroft-support-helper.mycroftai
2021-10-26 14:03:54.472 | INFO     |  5716 | mycroft.skills.settings:save_settings:116 | Skill settings successfully saved to /home/runner/.config/mycroft/skills/mycroft-support-helper.mycroftai/settings.json
2021-10-26 14:03:54.473 | INFO     |  5716 | mycroft.skills.skill_loader:_communicate_load_status:344 | Skill mycroft-support-helper.mycroftai loaded successfully
2021-10-26 14:03:54.474 | INFO     |  5716 | mycroft.skills.skill_loader:load:185 | ATTEMPTING TO LOAD SKILL: mycroft-weather.mycroftai
2021-10-26 14:03:54.492 | INFO     |  5716 | mycroft.skills.settings:get_local_settings:83 | /opt/mycroft/skills/mycroft-weather.mycroftai/settings.json
2021-10-26 14:03:54.687 | INFO     |  5716 | mycroft.skills.skill_loader:_check_for_first_run:324 | First run of mycroft-weather.mycroftai
2021-10-26 14:03:54.689 | INFO     |  5716 | mycroft.skills.settings:save_settings:116 | Skill settings successfully saved to /home/runner/.config/mycroft/skills/mycroft-weather.mycroftai/settings.json
2021-10-26 14:03:54.692 | INFO     |  5716 | mycroft.skills.skill_loader:_communicate_load_status:344 | Skill mycroft-weather.mycroftai loaded successfully
2021-10-26 14:03:54.694 | INFO     |  5716 | mycroft.skills.skill_loader:load:185 | ATTEMPTING TO LOAD SKILL: mycroft-speak.mycroftai
2021-10-26 14:03:54.705 | INFO     |  5716 | mycroft.skills.settings:get_local_settings:83 | /opt/mycroft/skills/mycroft-speak.mycroftai/settings.json
2021-10-26 14:03:54.757 | INFO     |  5716 | mycroft.skills.skill_loader:_check_for_first_run:324 | First run of mycroft-speak.mycroftai
2021-10-26 14:03:54.758 | INFO     |  5716 | mycroft.skills.settings:save_settings:116 | Skill settings successfully saved to /home/runner/.config/mycroft/skills/mycroft-speak.mycroftai/settings.json
2021-10-26 14:03:54.760 | INFO     |  5716 | mycroft.skills.skill_loader:_communicate_load_status:344 | Skill mycroft-speak.mycroftai loaded successfully
2021-10-26 14:03:54.766 | INFO     |  5716 | mycroft.skills.skill_loader:load:185 | ATTEMPTING TO LOAD SKILL: mycroft-audio-record.mycroftai
2021-10-26 14:03:54.779 | INFO     |  5716 | mycroft.skills.settings:get_local_settings:83 | /opt/mycroft/skills/mycroft-audio-record.mycroftai/settings.json
2021-10-26 14:03:54.812 | INFO     |  5716 | mycroft.skills.skill_loader:_check_for_first_run:324 | First run of mycroft-audio-record.mycroftai
2021-10-26 14:03:54.816 | INFO     |  5716 | mycroft.skills.settings:save_settings:116 | Skill settings successfully saved to /home/runner/.config/mycroft/skills/mycroft-audio-record.mycroftai/settings.json
2021-10-26 14:03:54.819 | INFO     |  5716 | mycroft.skills.skill_loader:_communicate_load_status:344 | Skill mycroft-audio-record.mycroftai loaded successfully
2021-10-26 14:03:54.819 | INFO     |  5716 | mycroft.skills.skill_loader:load:185 | ATTEMPTING TO LOAD SKILL: mycroft-stop.mycroftai
2021-10-26 14:03:54.830 | INFO     |  5716 | mycroft.skills.settings:get_local_settings:83 | /opt/mycroft/skills/mycroft-stop.mycroftai/settings.json
2021-10-26 14:03:54.860 | INFO     |  5716 | mycroft.skills.skill_loader:_check_for_first_run:324 | First run of mycroft-stop.mycroftai
2021-10-26 14:03:54.860 | INFO     |  5716 | mycroft.skills.settings:save_settings:116 | Skill settings successfully saved to /home/runner/.config/mycroft/skills/mycroft-stop.mycroftai/settings.json
2021-10-26 14:03:54.864 | INFO     |  5716 | mycroft.skills.skill_loader:_communicate_load_status:344 | Skill mycroft-stop.mycroftai loaded successfully
2021-10-26 14:03:54.864 | INFO     |  5716 | mycroft.skills.skill_loader:load:185 | ATTEMPTING TO LOAD SKILL: mycroft-hello-world.mycroftai
2021-10-26 14:03:54.874 | INFO     |  5716 | mycroft.skills.settings:get_local_settings:83 | /opt/mycroft/skills/mycroft-hello-world.mycroftai/settings.json
2021-10-26 14:03:54.895 | INFO     |  5716 | mycroft.skills.skill_loader:_check_for_first_run:324 | First run of mycroft-hello-world.mycroftai
2021-10-26 14:03:54.898 | INFO     |  5716 | mycroft.skills.settings:save_settings:116 | Skill settings successfully saved to /home/runner/.config/mycroft/skills/mycroft-hello-world.mycroftai/settings.json
2021-10-26 14:03:54.900 | INFO     |  5716 | mycroft.skills.skill_loader:_communicate_load_status:344 | Skill mycroft-hello-world.mycroftai loaded successfully
2021-10-26 14:03:54.900 | INFO     |  5716 | mycroft.skills.skill_loader:load:185 | ATTEMPTING TO LOAD SKILL: mycroft-date-time.mycroftai
2021-10-26 14:03:55.606 | INFO     |  5716 | mycroft.skills.settings:get_local_settings:83 | /opt/mycroft/skills/mycroft-date-time.mycroftai/settings.json
2021-10-26 14:03:55.674 | INFO     |  5716 | TimeSkill | Registering resting screen <bound method TimeSkill.handle_idle of <mycroft-date-time_mycroftai.TimeSkill object at 0x7f3aacf93e50>> for Time and Date.
2021-10-26 14:03:55.676 | INFO     |  5716 | TimeSkill | Registering resting screen
2021-10-26 14:03:55.679 | INFO     |  5716 | mycroft.skills.skill_loader:_check_for_first_run:324 | First run of mycroft-date-time.mycroftai
2021-10-26 14:03:55.689 | INFO     |  5716 | mycroft.skills.settings:save_settings:116 | Skill settings successfully saved to /home/runner/.config/mycroft/skills/mycroft-date-time.mycroftai/settings.json
2021-10-26 14:03:55.691 | INFO     |  5716 | mycroft.skills.skill_loader:_communicate_load_status:344 | Skill mycroft-date-time.mycroftai loaded successfully
2021-10-26 14:03:55.691 | INFO     |  5716 | mycroft.skills.skill_loader:load:185 | ATTEMPTING TO LOAD SKILL: mycroft-configuration.mycroftai
2021-10-26 14:03:55.718 | INFO     |  5716 | mycroft.skills.settings:get_local_settings:83 | /opt/mycroft/skills/mycroft-configuration.mycroftai/settings.json
2021-10-26 14:03:55.768 | INFO     |  5716 | mycroft.skills.skill_loader:_check_for_first_run:324 | First run of mycroft-configuration.mycroftai
2021-10-26 14:03:55.768 | INFO     |  5716 | mycroft.skills.settings:save_settings:116 | Skill settings successfully saved to /home/runner/.config/mycroft/skills/mycroft-configuration.mycroftai/settings.json
2021-10-26 14:03:55.769 | INFO     |  5716 | mycroft.skills.skill_loader:_communicate_load_status:344 | Skill mycroft-configuration.mycroftai loaded successfully
2021-10-26 14:03:55.770 | INFO     |  5716 | mycroft.skills.skill_loader:load:185 | ATTEMPTING TO LOAD SKILL: fallback-query.mycroftai
2021-10-26 14:03:55.774 | INFO     |  5716 | mycroft.skills.settings:get_local_settings:83 | /opt/mycroft/skills/fallback-query.mycroftai/settings.json
2021-10-26 14:03:55.813 | INFO     |  5716 | mycroft.skills.skill_loader:_check_for_first_run:324 | First run of fallback-query.mycroftai
2021-10-26 14:03:55.814 | INFO     |  5716 | mycroft.skills.settings:save_settings:116 | Skill settings successfully saved to /home/runner/.config/mycroft/skills/fallback-query.mycroftai/settings.json
2021-10-26 14:03:55.818 | INFO     |  5716 | mycroft.skills.skill_loader:_communicate_load_status:344 | Skill fallback-query.mycroftai loaded successfully
2021-10-26 14:03:55.819 | INFO     |  5716 | mycroft.skills.skill_loader:load:185 | ATTEMPTING TO LOAD SKILL: mycroft-personal.mycroftai
2021-10-26 14:03:55.828 | INFO     |  5716 | mycroft.skills.settings:get_local_settings:83 | /opt/mycroft/skills/mycroft-personal.mycroftai/settings.json
2021-10-26 14:03:55.859 | INFO     |  5716 | mycroft.skills.skill_loader:_check_for_first_run:324 | First run of mycroft-personal.mycroftai
2021-10-26 14:03:55.860 | INFO     |  5716 | mycroft.skills.settings:save_settings:116 | Skill settings successfully saved to /home/runner/.config/mycroft/skills/mycroft-personal.mycroftai/settings.json
2021-10-26 14:03:55.863 | INFO     |  5716 | mycroft.skills.skill_loader:_communicate_load_status:344 | Skill mycroft-personal.mycroftai loaded successfully
2021-10-26 14:03:55.863 | INFO     |  5716 | mycroft.skills.skill_loader:load:185 | ATTEMPTING TO LOAD SKILL: fallback-wolfram-alpha.mycroftai
2021-10-26 14:03:55.929 | INFO     |  5716 | mycroft.skills.settings:get_local_settings:83 | /opt/mycroft/skills/fallback-wolfram-alpha.mycroftai/settings.json
2021-10-26 14:03:55.966 | INFO     |  5716 | mycroft.skills.skill_loader:_check_for_first_run:324 | First run of fallback-wolfram-alpha.mycroftai
2021-10-26 14:03:55.967 | INFO     |  5716 | mycroft.skills.settings:save_settings:116 | Skill settings successfully saved to /home/runner/.config/mycroft/skills/fallback-wolfram-alpha.mycroftai/settings.json
2021-10-26 14:03:55.970 | INFO     |  5716 | mycroft.skills.skill_loader:_communicate_load_status:344 | Skill fallback-wolfram-alpha.mycroftai loaded successfully
2021-10-26 14:03:55.970 | INFO     |  5716 | mycroft.skills.skill_loader:load:185 | ATTEMPTING TO LOAD SKILL: mycroft-wiki.mycroftai
2021-10-26 14:03:55.974 | INFO     |  5716 | mycroft.skills.settings:get_local_settings:83 | /opt/mycroft/skills/mycroft-wiki.mycroftai/settings.json
2021-10-26 14:03:56.002 | INFO     |  5716 | mycroft.skills.skill_loader:_check_for_first_run:324 | First run of mycroft-wiki.mycroftai
2021-10-26 14:03:56.003 | INFO     |  5716 | mycroft.skills.settings:save_settings:116 | Skill settings successfully saved to /home/runner/.config/mycroft/skills/mycroft-wiki.mycroftai/settings.json
2021-10-26 14:03:56.012 | INFO     |  5716 | mycroft.skills.skill_loader:_communicate_load_status:344 | Skill mycroft-wiki.mycroftai loaded successfully
2021-10-26 14:03:56.013 | INFO     |  5716 | mycroft.skills.skill_loader:load:185 | ATTEMPTING TO LOAD SKILL: fallback-unknown.mycroftai
2021-10-26 14:03:56.021 | INFO     |  5716 | mycroft.skills.settings:get_local_settings:83 | /opt/mycroft/skills/fallback-unknown.mycroftai/settings.json
2021-10-26 14:03:56.044 | INFO     |  5716 | mycroft.skills.skill_loader:_check_for_first_run:324 | First run of fallback-unknown.mycroftai
2021-10-26 14:03:56.044 | INFO     |  5716 | mycroft.skills.settings:save_settings:116 | Skill settings successfully saved to /home/runner/.config/mycroft/skills/fallback-unknown.mycroftai/settings.json
2021-10-26 14:03:56.045 | INFO     |  5716 | mycroft.skills.skill_loader:_communicate_load_status:344 | Skill fallback-unknown.mycroftai loaded successfully
2021-10-26 14:03:56.046 | INFO     |  5716 | mycroft.skills.skill_loader:load:185 | ATTEMPTING TO LOAD SKILL: mycroft-playback-control.mycroftai
2021-10-26 14:03:56.062 | INFO     |  5716 | mycroft.skills.settings:get_local_settings:83 | /opt/mycroft/skills/mycroft-playback-control.mycroftai/settings.json
2021-10-26 14:03:56.118 | INFO     |  5716 | mycroft.skills.skill_loader:_check_for_first_run:324 | First run of mycroft-playback-control.mycroftai
2021-10-26 14:03:56.119 | INFO     |  5716 | mycroft.skills.settings:save_settings:116 | Skill settings successfully saved to /home/runner/.config/mycroft/skills/mycroft-playback-control.mycroftai/settings.json
2021-10-26 14:03:56.126 | INFO     |  5716 | mycroft.skills.skill_loader:_communicate_load_status:344 | Skill mycroft-playback-control.mycroftai loaded successfully
2021-10-26 14:03:56.127 | INFO     |  5716 | mycroft.skills.skill_manager:_load_on_startup:275 | Skills all loaded!
2021-10-26 14:03:56.133 | INFO     |  5716 | __main__:on_ready:185 | Skills service is ready.
2021-10-26 14:03:56.292 | INFO     |  5716 | mycroft.skills.intent_services.padatious_service:train:151 | Training... (single_thread=False)
Regenerated mycroft-alarm.mycroftai:{daytype}.
Regenerated mycroft-reminder.mycroftai:SnoozeReminder.intent.
Regenerated mycroft-reminder.mycroftai:ReminderAt.intent.
Regenerated mycroft-installer.mycroftai:is.installed.intent.
Regenerated mycroft-installer.mycroftai:install.intent.
Regenerated mycroft-installer.mycroftai:install.beta.intent.
Regenerated mycroft-installer.mycroftai:remove.intent.
Regenerated mycroft-installer.mycroftai:install.custom.intent.
Regenerated homeassistant.mycroftai:set.light.brightness.intent.
Regenerated homeassistant.mycroftai:automation.intent.
Regenerated homeassistant.mycroftai:turn.on.intent.
Regenerated homeassistant.mycroftai:set.climate.intent.
Regenerated homeassistant.mycroftai:tracker.intent.
Regenerated homeassistant.mycroftai:toggle.intent.
Regenerated homeassistant.mycroftai:sensor.intent.
Regenerated mycroft-stop.mycroftai:ssh.disable.intent.
Regenerated mycroft-stop.mycroftai:shutdown.intent.
Regenerated mycroft-stop.mycroftai:ssh.enable.intent.
Regenerated mycroft-stop.mycroftai:wifi.setup.intent.
Regenerated mycroft-stop.mycroftai:reboot.intent.
Regenerated mycroft-hello-world.mycroftai:HowAreYou.intent.
Regenerated mycroft-date-time.mycroftai:date.future.weekend.intent.
Regenerated mycroft-personal.mycroftai:DoYouRhyme.intent.
Regenerated mycroft-personal.mycroftai:WhereWereYouBorn.intent.
Regenerated mycroft-personal.mycroftai:WhatAreYou.intent.
Regenerated mycroft-personal.mycroftai:WhenWereYouBorn.intent.
Regenerated mycroft-personal.mycroftai:WhoAreYou.intent.
Regenerated mycroft-personal.mycroftai:WhoMadeYou.intent.
Regenerated mycroft-wiki.mycroftai:Random.intent.
Regenerated mycroft-reminder.mycroftai:UnspecifiedReminderAt.intent.
Regenerated mycroft-reminder.mycroftai:CancelActiveReminder.intent.
Regenerated mycroft-reminder.mycroftai:ClearReminders.intent.
Regenerated mycroft-reminder.mycroftai:GetRemindersForDay.intent.
Regenerated mycroft-reminder.mycroftai:GetNextReminders.intent.
Regenerated mycroft-reminder.mycroftai:DeleteReminderForDay.intent.
Regenerated mycroft-reminder.mycroftai:Reminder.intent.
Regenerated mycroft-installer.mycroftai:list.skills.intent.
Regenerated mycroft-timer.mycroftai:start.timer.intent.
Regenerated mycroft-timer.mycroftai:timer.status.intent.
Regenerated homeassistant.mycroftai:decrease.light.brightness.intent.
Regenerated homeassistant.mycroftai:add.item.shopping.list.intent.
Regenerated homeassistant.mycroftai:turn.off.intent.
Regenerated homeassistant.mycroftai:increase.light.brightness.intent.
Regenerated mycroft-alarm.mycroftai:snooze.intent.
Regenerated mycroft-alarm.mycroftai:change.alarm.sound.intent.
Regenerated mycroft-npr-news.mycroftai:PlayTheNews.intent.
Regenerated mycroft-support-helper.mycroftai:contact.support.intent.
Regenerated mycroft-weather.mycroftai:do-i-need-an-umbrella.intent.
Regenerated mycroft-audio-record.mycroftai:StartRecording.intent.
Regenerated mycroft-audio-record.mycroftai:PlayRecording.intent.
Regenerated mycroft-date-time.mycroftai:what.time.is.it.intent.
Regenerated mycroft-date-time.mycroftai:what.time.will.it.be.intent.
Regenerated mycroft-date-time.mycroftai:date.last.weekend.intent.
Regenerated mycroft-configuration.mycroftai:WhereAreYou.intent.
Regenerated mycroft-configuration.mycroftai:EnablePreciseDev.intent.
Regenerated mycroft-configuration.mycroftai:DisablePreciseDev.intent.
Regenerated mycroft-personal.mycroftai:DoYouDream.intent.
2021-10-26 14:03:59.155 | INFO     |  5716 | mycroft.skills.intent_services.padatious_service:train:153 | Training complete.
2021-10-26 14:04:08.041 | INFO     |  5716 | mycroft.skills.settings:save_settings:116 | Skill settings successfully saved to /home/runner/.config/mycroft/skills/mycroft-pairing.mycroftai/settings.json
2021-10-26 14:04:08.342 | INFO     |  5716 | mycroft.skills.settings:save_settings:116 | Skill settings successfully saved to /home/runner/.config/mycroft/skills/mycroft-timer.mycroftai/settings.json
2021-10-26 14:04:40.860 | INFO     |  5716 | __main__:on_stopping:193 | Skills service is shutting down...
2021-10-26 14:04:40.861 | INFO     |  5716 | __main__:shutdown:284 | Shutting down Skills service
2021-10-26 14:04:41.141 | ERROR    |  5716 | VolumeSkill | Couldn't allocate mixer, ALSAAudioError('No such file or directory [default]')
2021-10-26 14:04:41.143 | INFO     |  5716 | mycroft.skills.settings:save_settings:116 | Skill settings successfully saved to /home/runner/.config/mycroft/skills/mycroft-volume.mycroftai/settings.json
2021-10-26 14:04:41.155 | INFO     |  5716 | mycroft.skills.settings:save_settings:116 | Skill settings successfully saved to /home/runner/.config/mycroft/skills/mycroft-ip.mycroftai/settings.json
2021-10-26 14:04:41.162 | INFO     |  5716 | mycroft.skills.settings:save_settings:116 | Skill settings successfully saved to /home/runner/.config/mycroft/skills/mycroft-reminder.mycroftai/settings.json
2021-10-26 14:04:41.171 | INFO     |  5716 | mycroft.skills.settings:save_settings:116 | Skill settings successfully saved to /home/runner/.config/mycroft/skills/mycroft-installer.mycroftai/settings.json
2021-10-26 14:04:41.175 | INFO     |  5716 | mycroft.skills.settings:save_settings:116 | Skill settings successfully saved to /home/runner/.config/mycroft/skills/mycroft-version-checker.mycroftai/settings.json
2021-10-26 14:04:41.184 | INFO     |  5716 | mycroft.skills.settings:save_settings:116 | Skill settings successfully saved to /home/runner/.config/mycroft/skills/mycroft-singing.mycroftai/settings.json
2021-10-26 14:04:41.190 | INFO     |  5716 | mycroft.skills.settings:save_settings:116 | Skill settings successfully saved to /home/runner/.config/mycroft/skills/mycroft-joke.mycroftai/settings.json
2021-10-26 14:04:41.198 | INFO     |  5716 | HomeAssistantSkill | Removing all handlers...
2021-10-26 14:04:41.198 | WARNING  |  5716 | mycroft.skills.fallback_skill:remove_fallback:185 | Could not find matching fallback handler
2021-10-26 14:04:41.199 | INFO     |  5716 | mycroft.skills.settings:save_settings:116 | Skill settings successfully saved to /home/runner/.config/mycroft/skills/mycroft-alarm.mycroftai/settings.json
2021-10-26 14:04:41.209 | INFO     |  5716 | mycroft.skills.settings:save_settings:116 | Skill settings successfully saved to /home/runner/.config/mycroft/skills/mycroft-naptime.mycroftai/settings.json
2021-10-26 14:04:41.211 | INFO     |  5716 | mycroft.skills.settings:save_settings:116 | Skill settings successfully saved to /home/runner/.config/mycroft/skills/mycroft-spelling.mycroftai/settings.json
2021-10-26 14:04:41.212 | INFO     |  5716 | mycroft.skills.settings:save_settings:116 | Skill settings successfully saved to /home/runner/.config/mycroft/skills/mycroft-fallback-duck-duck-go.mycroftai/settings.json
2021-10-26 14:04:41.213 | INFO     |  5716 | mycroft.skills.settings:save_settings:116 | Skill settings successfully saved to /home/runner/.config/mycroft/skills/mycroft-npr-news.mycroftai/settings.json
2021-10-26 14:04:41.214 | INFO     |  5716 | mycroft.skills.settings:save_settings:116 | Skill settings successfully saved to /home/runner/.config/mycroft/skills/mycroft-support-helper.mycroftai/settings.json
2021-10-26 14:04:41.215 | INFO     |  5716 | mycroft.skills.settings:save_settings:116 | Skill settings successfully saved to /home/runner/.config/mycroft/skills/mycroft-weather.mycroftai/settings.json
2021-10-26 14:04:41.217 | INFO     |  5716 | mycroft.skills.settings:save_settings:116 | Skill settings successfully saved to /home/runner/.config/mycroft/skills/mycroft-speak.mycroftai/settings.json
2021-10-26 14:04:41.218 | INFO     |  5716 | mycroft.skills.settings:save_settings:116 | Skill settings successfully saved to /home/runner/.config/mycroft/skills/mycroft-audio-record.mycroftai/settings.json
2021-10-26 14:04:41.221 | INFO     |  5716 | mycroft.skills.settings:save_settings:116 | Skill settings successfully saved to /home/runner/.config/mycroft/skills/mycroft-stop.mycroftai/settings.json
2021-10-26 14:04:41.257 | INFO     |  5716 | mycroft.skills.settings:save_settings:116 | Skill settings successfully saved to /home/runner/.config/mycroft/skills/mycroft-hello-world.mycroftai/settings.json
2021-10-26 14:04:41.258 | INFO     |  5716 | mycroft.skills.settings:save_settings:116 | Skill settings successfully saved to /home/runner/.config/mycroft/skills/mycroft-date-time.mycroftai/settings.json
2021-10-26 14:04:41.262 | INFO     |  5716 | mycroft.skills.settings:save_settings:116 | Skill settings successfully saved to /home/runner/.config/mycroft/skills/mycroft-configuration.mycroftai/settings.json
2021-10-26 14:04:41.284 | INFO     |  5716 | QuestionsAnswersSkill | Removing all handlers...
2021-10-26 14:04:41.286 | INFO     |  5716 | mycroft.skills.settings:save_settings:116 | Skill settings successfully saved to /home/runner/.config/mycroft/skills/fallback-query.mycroftai/settings.json
2021-10-26 14:04:41.287 | INFO     |  5716 | mycroft.skills.settings:save_settings:116 | Skill settings successfully saved to /home/runner/.config/mycroft/skills/mycroft-personal.mycroftai/settings.json
2021-10-26 14:04:41.291 | INFO     |  5716 | mycroft.skills.settings:save_settings:116 | Skill settings successfully saved to /home/runner/.config/mycroft/skills/fallback-wolfram-alpha.mycroftai/settings.json
2021-10-26 14:04:41.310 | INFO     |  5716 | mycroft.skills.settings:save_settings:116 | Skill settings successfully saved to /home/runner/.config/mycroft/skills/mycroft-wiki.mycroftai/settings.json
2021-10-26 14:04:41.320 | INFO     |  5716 | UnknownSkill | Removing all handlers...
2021-10-26 14:04:41.321 | INFO     |  5716 | mycroft.skills.settings:save_settings:116 | Skill settings successfully saved to /home/runner/.config/mycroft/skills/fallback-unknown.mycroftai/settings.json
2021-10-26 14:04:41.323 | INFO     |  5716 | mycroft.skills.settings:save_settings:116 | Skill settings successfully saved to /home/runner/.config/mycroft/skills/mycroft-playback-control.mycroftai/settings.json
2021-10-26 14:04:42.324 | INFO     |  5716 | Playback Control Skill | Audio service status: {}
2021-10-26 14:04:43.325 | WARNING  |  5716 | mycroft.skills.skill_manager:_shutdown_skill:106 | mycroft-playback-control.mycroftai shutdown took 2.0027774350000414 seconds
2021-10-26 14:04:43.325 | INFO     |  5716 | __main__:shutdown:291 | Skills service shutdown complete!
2021-10-26 14:04:45.153 | ERROR    |  5716 | websocket | error from callback <bound method MessageBusClient.on_message of <mycroft.messagebus.client.client.MessageBusClient object at 0x7f3ac9600b10>>: cannot schedule new futures after shutdown
2021-10-26 14:04:45.155 | ERROR    |  5716 | websocket | error from callback <bound method MessageBusClient.on_message of <mycroft.messagebus.client.client.MessageBusClient object at 0x7f3ac9600b10>>: cannot schedule new futures after shutdown
2021-10-26 14:04:45.157 | ERROR    |  5716 | websocket | error from callback <bound method MessageBusClient.on_message of <mycroft.messagebus.client.client.MessageBusClient object at 0x7f3ac9600b10>>: cannot schedule new futures after shutdown
2021-10-26 14:04:45.159 | ERROR    |  5716 | websocket | error from callback <bound method MessageBusClient.on_message of <mycroft.messagebus.client.client.MessageBusClient object at 0x7f3ac9600b10>>: cannot schedule new futures after shutdown
2021-10-26 14:04:45.161 | ERROR    |  5716 | websocket | error from callback <bound method MessageBusClient.on_message of <mycroft.messagebus.client.client.MessageBusClient object at 0x7f3ac9600b10>>: cannot schedule new futures after shutdown
