2021-10-27 16:48:32.969 | INFO     |  5368 | mycroft.messagebus.load_config:load_message_bus_config:33 | Loading message bus configs
2021-10-27 16:48:32.983 | ERROR    |  5368 | mycroft_bus_client.client.client | === ConnectionRefusedError(111, 'Connection refused') ===
Traceback (most recent call last):
  File "/opt/mycroft-core/.venv/lib/python3.7/site-packages/websocket/_app.py", line 254, in run_forever
    proxy_type=proxy_type)
  File "/opt/mycroft-core/.venv/lib/python3.7/site-packages/websocket/_core.py", line 220, in connect
    options.pop('socket', None))
  File "/opt/mycroft-core/.venv/lib/python3.7/site-packages/websocket/_http.py", line 120, in connect
    sock = _open_socket(addrinfo_list, options.sockopt, options.timeout)
  File "/opt/mycroft-core/.venv/lib/python3.7/site-packages/websocket/_http.py", line 190, in _open_socket
    raise err
  File "/opt/mycroft-core/.venv/lib/python3.7/site-packages/websocket/_http.py", line 170, in _open_socket
    sock.connect(address)
ConnectionRefusedError: [Errno 111] Connection refused
2021-10-27 16:48:32.984 | ERROR    |  5368 | mycroft_bus_client.client.client | Exception closing websocket: ConnectionRefusedError(111, 'Connection refused')
2021-10-27 16:48:32.984 | WARNING  |  5368 | mycroft_bus_client.client.client | Message Bus Client will reconnect in 5 seconds.
2021-10-27 16:48:37.989 | INFO     |  5368 | mycroft_bus_client.client.client | Connected
2021-10-27 16:48:37.996 | INFO     |  5368 | mycroft.util.process_utils:start_message_bus_client:155 | Connected to messagebus
2021-10-27 16:48:38.010 | INFO     |  5368 | mycroft.skills.msm_wrapper:create_msm:96 | Acquiring lock to instantiate MSM
2021-10-27 16:48:38.010 | INFO     |  5368 | msm.mycroft_skills_manager | building SkillEntry objects for all skills
2021-10-27 16:48:38.437 | INFO     |  5368 | mycroft.skills.msm_wrapper:create_msm:112 | Releasing MSM instantiation lock.
2021-10-27 16:48:38.438 | INFO     |  5368 | mycroft.skills.skill_updater:_log_next_download_time:267 | Next scheduled skill update: 2021-10-27 16:48:37.437898
2021-10-27 16:48:38.438 | INFO     |  5368 | msm.skill_entry | Downloading skill: https://github.com/mycroftai/skill-pairing
2021-10-27 16:48:39.105 | INFO     |  5368 | msm.skill_entry | Installing system requirements...
2021-10-27 16:48:39.136 | INFO     |  5368 | msm.skill_entry | Successfully installed mycroft-pairing
2021-10-27 16:48:39.137 | INFO     |  5368 | msm.mycroft_skills_manager | invalidating skills cache
2021-10-27 16:48:39.138 | INFO     |  5368 | mycroft.skills.skill_loader:load:185 | ATTEMPTING TO LOAD SKILL: mycroft-pairing.mycroftai
2021-10-27 16:48:39.146 | INFO     |  5368 | mycroft.skills.settings:get_local_settings:83 | /opt/mycroft/skills/mycroft-pairing.mycroftai/settings.json
2021-10-27 16:48:39.188 | INFO     |  5368 | mycroft.skills.skill_loader:_check_for_first_run:324 | First run of mycroft-pairing.mycroftai
2021-10-27 16:48:39.189 | INFO     |  5368 | mycroft.skills.settings:save_settings:116 | Skill settings successfully saved to /home/runner/.config/mycroft/skills/mycroft-pairing.mycroftai/settings.json
2021-10-27 16:48:39.201 | INFO     |  5368 | mycroft.skills.skill_loader:_communicate_load_status:344 | Skill mycroft-pairing.mycroftai loaded successfully
2021-10-27 16:48:39.201 | INFO     |  5368 | msm.skill_entry | Downloading skill: https://github.com/mycroftai/skill-volume
2021-10-27 16:48:39.991 | INFO     |  5368 | msm.skill_entry | Installing system requirements...
2021-10-27 16:48:40.004 | INFO     |  5368 | msm.skill_entry | Installing requirements.txt for mycroft-volume
2021-10-27 16:48:41.039 | INFO     |  5368 | msm.skill_entry | Successfully installed mycroft-volume
2021-10-27 16:48:41.040 | INFO     |  5368 | msm.mycroft_skills_manager | invalidating skills cache
2021-10-27 16:48:41.042 | INFO     |  5368 | mycroft.skills.skill_loader:load:185 | ATTEMPTING TO LOAD SKILL: mycroft-volume.mycroftai
2021-10-27 16:48:41.053 | INFO     |  5368 | mycroft.skills.settings:get_local_settings:83 | /opt/mycroft/skills/mycroft-volume.mycroftai/settings.json
2021-10-27 16:48:41.103 | ERROR    |  5368 | VolumeSkill | Couldn't allocate mixer, ALSAAudioError('No such file or directory [default]')
2021-10-27 16:48:44.105 | INFO     |  5368 | mycroft.skills.skill_loader:_check_for_first_run:324 | First run of mycroft-volume.mycroftai
2021-10-27 16:48:44.107 | INFO     |  5368 | mycroft.skills.settings:save_settings:116 | Skill settings successfully saved to /home/runner/.config/mycroft/skills/mycroft-volume.mycroftai/settings.json
2021-10-27 16:48:44.160 | INFO     |  5368 | mycroft.skills.skill_loader:_communicate_load_status:344 | Skill mycroft-volume.mycroftai loaded successfully
2021-10-27 16:48:44.161 | INFO     |  5368 | __main__:on_started:177 | Skills service is starting up.
2021-10-27 16:48:44.244 | INFO     |  5368 | __main__:_update_system:154 | Attempting system update...
2021-10-27 16:48:47.250 | INFO     |  5368 | mycroft.enclosure.display_manager:_write_data:70 | Display Manager is creating /tmp/mycroft/ipc/managers/disp_info
2021-10-27 16:48:47.252 | INFO     |  5368 | __main__:_ensure_device_is_paired:133 | Device not paired, invoking the pairing skill
2021-10-27 16:48:47.253 | INFO     |  5368 | __main__:on_alive:181 | Skills service is alive.
2021-10-27 16:48:47.256 | INFO     |  5368 | msm.mycroft_skills_manager | building SkillEntry objects for all skills
2021-10-27 16:48:47.633 | INFO     |  5368 | PairingSkill | Communicating account URL to user
2021-10-27 16:48:47.793 | WARNING  |  5368 | msm.mycroft_skills_manager | No such default skill: mycroft-pandora
2021-10-27 16:48:47.794 | INFO     |  5368 | mycroft.skills.skill_manager:run:234 | Not all default skills are installed, performing skill update...
2021-10-27 16:48:47.795 | INFO     |  5368 | mycroft.skills.skill_updater:update_skills:149 | Beginning skill update...
2021-10-27 16:48:47.867 | INFO     |  5368 | msm.mycroft_skills_manager | building SkillEntry objects for all skills
2021-10-27 16:48:48.258 | INFO     |  5368 | msm.mycroft_skills_manager | invalidating skills cache
2021-10-27 16:48:48.286 | INFO     |  5368 | msm.skill_entry | Downloading skill: https://github.com/mycroftai/fallback-unknown
2021-10-27 16:48:48.287 | INFO     |  5368 | msm.skill_entry | Downloading skill: https://github.com/mycroftai/fallback-wolfram-alpha
2021-10-27 16:48:48.292 | INFO     |  5368 | msm.skill_entry | Downloading skill: https://github.com/mycroftai/skill-alarm
2021-10-27 16:48:48.300 | INFO     |  5368 | msm.skill_entry | Downloading skill: https://github.com/mycroftai/skill-configuration
2021-10-27 16:48:48.304 | INFO     |  5368 | msm.skill_entry | Downloading skill: https://github.com/mycroftai/skill-audio-record
2021-10-27 16:48:48.312 | INFO     |  5368 | msm.skill_entry | Downloading skill: https://github.com/mycroftai/skill-date-time
2021-10-27 16:48:48.318 | INFO     |  5368 | msm.skill_entry | Downloading skill: https://github.com/mycroftai/fallback-duckduckgo
2021-10-27 16:48:48.329 | INFO     |  5368 | msm.skill_entry | Downloading skill: https://github.com/mycroftai/skill-hello-world
2021-10-27 16:48:48.335 | INFO     |  5368 | msm.skill_entry | Downloading skill: https://github.com/mycroftai/skill-installer
2021-10-27 16:48:48.362 | INFO     |  5368 | msm.skill_entry | Downloading skill: https://github.com/mycroftai/skill-joke
2021-10-27 16:48:48.365 | INFO     |  5368 | msm.skill_entry | Downloading skill: https://github.com/mycroftai/skill-naptime
2021-10-27 16:48:48.371 | INFO     |  5368 | msm.skill_entry | Downloading skill: https://github.com/mycroftai/skill-npr-news
2021-10-27 16:48:48.372 | INFO     |  5368 | msm.skill_entry | Downloading skill: https://github.com/mycroftai/skill-personal
2021-10-27 16:48:48.373 | INFO     |  5368 | msm.skill_entry | Downloading skill: https://github.com/mycroftai/skill-playback-control
2021-10-27 16:48:48.374 | INFO     |  5368 | msm.skill_entry | Downloading skill: https://github.com/mycroftai/skill-reminder
2021-10-27 16:48:48.375 | INFO     |  5368 | msm.skill_entry | Downloading skill: https://github.com/mycroftai/skill-ip
2021-10-27 16:48:48.377 | INFO     |  5368 | msm.skill_entry | Downloading skill: https://github.com/mycroftai/skill-singing
2021-10-27 16:48:49.368 | ERROR    |  5368 | msm.mycroft_skills_manager | Error running install_or_update on homeassistant.mycroftai: MergeConflict
2021-10-27 16:48:49.397 | INFO     |  5368 | msm.skill_entry | Downloading skill: https://github.com/mycroftai/skill-speak
2021-10-27 16:48:49.420 | INFO     |  5368 | msm.skill_entry | Installing system requirements...
2021-10-27 16:48:49.496 | INFO     |  5368 | msm.skill_entry | Installing requirements.txt for mycroft-fallback-duck-duck-go
2021-10-27 16:48:49.581 | INFO     |  5368 | msm.skill_entry | Installing system requirements...
2021-10-27 16:48:49.803 | INFO     |  5368 | msm.skill_entry | Installing requirements.txt for fallback-wolfram-alpha
2021-10-27 16:48:49.937 | INFO     |  5368 | msm.skill_entry | Installing system requirements...
2021-10-27 16:48:50.074 | INFO     |  5368 | msm.skill_entry | Installing requirements.txt for mycroft-joke
2021-10-27 16:48:50.077 | INFO     |  5368 | msm.skill_entry | Installing system requirements...
2021-10-27 16:48:50.183 | INFO     |  5368 | msm.skill_entry | Nothing new for mycroft-pairing
2021-10-27 16:48:50.194 | INFO     |  5368 | msm.skill_entry | Installing system requirements...
2021-10-27 16:48:50.234 | INFO     |  5368 | msm.skill_entry | Installing system requirements...
2021-10-27 16:48:50.234 | INFO     |  5368 | msm.skill_entry | Installing system requirements...
2021-10-27 16:48:50.235 | INFO     |  5368 | msm.skill_entry | Installing system requirements...
2021-10-27 16:48:50.235 | INFO     |  5368 | msm.skill_entry | Installing system requirements...
2021-10-27 16:48:50.264 | INFO     |  5368 | msm.skill_entry | Nothing new for mycroft-volume
2021-10-27 16:48:50.317 | INFO     |  5368 | msm.skill_entry | Successfully installed fallback-unknown
2021-10-27 16:48:50.317 | INFO     |  5368 | msm.mycroft_skills_manager | invalidating skills cache
2021-10-27 16:48:50.318 | INFO     |  5368 | msm.skill_entry | Downloading skill: https://github.com/mycroftai/skill-spelling
2021-10-27 16:48:50.353 | INFO     |  5368 | msm.skill_entry | Installing system requirements...
2021-10-27 16:48:50.418 | INFO     |  5368 | msm.skill_entry | Installing system requirements...
2021-10-27 16:48:50.425 | INFO     |  5368 | msm.skill_entry | Installing system requirements...
2021-10-27 16:48:50.434 | INFO     |  5368 | msm.skill_entry | Successfully installed mycroft-playback-control
2021-10-27 16:48:50.434 | INFO     |  5368 | msm.mycroft_skills_manager | invalidating skills cache
2021-10-27 16:48:50.437 | INFO     |  5368 | msm.skill_entry | Downloading skill: https://github.com/mycroftai/skill-stop
2021-10-27 16:48:50.444 | INFO     |  5368 | msm.skill_entry | Successfully installed mycroft-hello-world
2021-10-27 16:48:50.444 | INFO     |  5368 | msm.mycroft_skills_manager | invalidating skills cache
2021-10-27 16:48:50.446 | INFO     |  5368 | msm.skill_entry | Downloading skill: https://github.com/mycroftai/skill-support
2021-10-27 16:48:50.453 | INFO     |  5368 | msm.skill_entry | Installing requirements.txt for mycroft-ip
2021-10-27 16:48:50.482 | INFO     |  5368 | msm.skill_entry | Installing requirements.txt for mycroft-audio-record
2021-10-27 16:48:50.495 | INFO     |  5368 | msm.skill_entry | Downloading skill: https://github.com/mycroftai/mycroft-timer
2021-10-27 16:48:50.540 | INFO     |  5368 | msm.skill_entry | Successfully installed mycroft-naptime
2021-10-27 16:48:50.540 | INFO     |  5368 | msm.mycroft_skills_manager | invalidating skills cache
2021-10-27 16:48:50.541 | INFO     |  5368 | msm.skill_entry | Downloading skill: https://github.com/mycroftai/skill-weather
2021-10-27 16:48:50.586 | INFO     |  5368 | msm.skill_entry | Installing system requirements...
2021-10-27 16:48:50.592 | INFO     |  5368 | msm.skill_entry | Installing system requirements...
2021-10-27 16:48:50.602 | INFO     |  5368 | msm.skill_entry | Successfully installed mycroft-personal
2021-10-27 16:48:50.603 | INFO     |  5368 | msm.mycroft_skills_manager | invalidating skills cache
2021-10-27 16:48:50.605 | INFO     |  5368 | msm.skill_entry | Downloading skill: https://github.com/mycroftai/skill-version-checker
2021-10-27 16:48:50.628 | INFO     |  5368 | msm.skill_entry | Installing requirements.txt for mycroft-volume
2021-10-27 16:48:50.630 | INFO     |  5368 | msm.skill_entry | Installing system requirements...
2021-10-27 16:48:50.673 | INFO     |  5368 | msm.skill_entry | Installing system requirements...
2021-10-27 16:48:50.730 | INFO     |  5368 | msm.skill_entry | Installing requirements.txt for mycroft-npr-news
2021-10-27 16:48:50.755 | INFO     |  5368 | msm.skill_entry | Installing requirements.txt for mycroft-configuration
2021-10-27 16:48:50.760 | INFO     |  5368 | msm.skill_entry | Installing system requirements...
2021-10-27 16:48:50.771 | INFO     |  5368 | msm.skill_entry | Installing requirements.txt for mycroft-installer
2021-10-27 16:48:50.788 | INFO     |  5368 | msm.skill_entry | Successfully installed mycroft-reminder
2021-10-27 16:48:50.788 | INFO     |  5368 | msm.mycroft_skills_manager | invalidating skills cache
2021-10-27 16:48:50.789 | INFO     |  5368 | msm.skill_entry | Downloading skill: https://github.com/mycroftai/skill-wiki
2021-10-27 16:48:50.866 | INFO     |  5368 | msm.skill_entry | Installing requirements.txt for mycroft-date-time
2021-10-27 16:48:50.996 | INFO     |  5368 | msm.skill_entry | Installing system requirements...
2021-10-27 16:48:51.073 | INFO     |  5368 | msm.skill_entry | Successfully installed mycroft-speak
2021-10-27 16:48:51.073 | INFO     |  5368 | msm.mycroft_skills_manager | invalidating skills cache
2021-10-27 16:48:51.075 | INFO     |  5368 | msm.skill_entry | Downloading skill: https://github.com/MycroftAI/skill-query
2021-10-27 16:48:51.111 | INFO     |  5368 | msm.skill_entry | Installing system requirements...
2021-10-27 16:48:51.148 | INFO     |  5368 | msm.skill_entry | Installing requirements.txt for mycroft-alarm
2021-10-27 16:48:51.917 | INFO     |  5368 | msm.skill_entry | Installing system requirements...
2021-10-27 16:48:51.961 | INFO     |  5368 | msm.skill_entry | Installing requirements.txt for mycroft-support-helper
2021-10-27 16:48:51.968 | INFO     |  5368 | msm.skill_entry | Installing system requirements...
2021-10-27 16:48:52.093 | INFO     |  5368 | msm.skill_entry | Successfully installed mycroft-spelling
2021-10-27 16:48:52.093 | INFO     |  5368 | msm.mycroft_skills_manager | invalidating skills cache
2021-10-27 16:48:52.115 | INFO     |  5368 | msm.skill_entry | Installing system requirements...
2021-10-27 16:48:52.117 | INFO     |  5368 | msm.skill_entry | Installing system requirements...
2021-10-27 16:48:52.170 | INFO     |  5368 | msm.skill_entry | Successfully installed fallback-query
2021-10-27 16:48:52.171 | INFO     |  5368 | msm.mycroft_skills_manager | invalidating skills cache
2021-10-27 16:48:52.176 | INFO     |  5368 | msm.skill_entry | Successfully installed mycroft-stop
2021-10-27 16:48:52.176 | INFO     |  5368 | msm.mycroft_skills_manager | invalidating skills cache
2021-10-27 16:48:52.193 | INFO     |  5368 | msm.skill_entry | Installing system requirements...
2021-10-27 16:48:52.205 | INFO     |  5368 | msm.skill_entry | Installing system requirements...
2021-10-27 16:48:52.238 | INFO     |  5368 | msm.skill_entry | Successfully installed mycroft-version-checker
2021-10-27 16:48:52.238 | INFO     |  5368 | msm.mycroft_skills_manager | invalidating skills cache
2021-10-27 16:48:52.240 | INFO     |  5368 | msm.skill_entry | Installing requirements.txt for mycroft-wiki
2021-10-27 16:48:52.274 | INFO     |  5368 | msm.skill_entry | Installing system requirements...
2021-10-27 16:48:52.318 | INFO     |  5368 | msm.skill_entry | Successfully installed mycroft-timer
2021-10-27 16:48:52.318 | INFO     |  5368 | msm.mycroft_skills_manager | invalidating skills cache
2021-10-27 16:48:52.483 | INFO     |  5368 | msm.skill_entry | Installing system requirements...
2021-10-27 16:48:52.517 | INFO     |  5368 | msm.skill_entry | Installing requirements.txt for mycroft-weather
2021-10-27 16:48:52.520 | ERROR    |  5368 | msm.mycroft_skills_manager | Error running install_or_update on homeassistant: MergeConflict
2021-10-27 16:48:52.677 | INFO     |  5368 | msm.skill_entry | Installing system requirements...
2021-10-27 16:48:52.709 | INFO     |  5368 | msm.skill_entry | Successfully installed mycroft-singing
2021-10-27 16:48:52.709 | INFO     |  5368 | msm.mycroft_skills_manager | invalidating skills cache
2021-10-27 16:48:52.908 | INFO     |  5368 | msm.skill_entry | Successfully installed mycroft-fallback-duck-duck-go
2021-10-27 16:48:52.908 | INFO     |  5368 | msm.mycroft_skills_manager | invalidating skills cache
2021-10-27 16:48:57.466 | INFO     |  5368 | msm.skill_entry | Successfully installed fallback-wolfram-alpha
2021-10-27 16:48:57.467 | INFO     |  5368 | msm.mycroft_skills_manager | invalidating skills cache
2021-10-27 16:48:58.662 | INFO     |  5368 | msm.skill_entry | Successfully installed mycroft-joke
2021-10-27 16:48:58.662 | INFO     |  5368 | msm.mycroft_skills_manager | invalidating skills cache
2021-10-27 16:48:59.675 | INFO     |  5368 | msm.skill_entry | Successfully installed mycroft-ip
2021-10-27 16:48:59.675 | INFO     |  5368 | msm.mycroft_skills_manager | invalidating skills cache
2021-10-27 16:49:00.685 | INFO     |  5368 | msm.skill_entry | Successfully installed mycroft-audio-record
2021-10-27 16:49:00.686 | INFO     |  5368 | msm.mycroft_skills_manager | invalidating skills cache
2021-10-27 16:49:05.066 | INFO     |  5368 | msm.skill_entry | Successfully installed mycroft-npr-news
2021-10-27 16:49:05.066 | INFO     |  5368 | msm.mycroft_skills_manager | invalidating skills cache
2021-10-27 16:49:07.857 | INFO     |  5368 | msm.skill_entry | Successfully installed mycroft-configuration
2021-10-27 16:49:07.858 | INFO     |  5368 | msm.mycroft_skills_manager | invalidating skills cache
2021-10-27 16:49:08.820 | INFO     |  5368 | msm.skill_entry | Successfully installed mycroft-installer
2021-10-27 16:49:08.820 | INFO     |  5368 | msm.mycroft_skills_manager | invalidating skills cache
2021-10-27 16:49:18.099 | INFO     |  5368 | PairingSkill | Initiating device pairing sequence...
2021-10-27 16:49:18.099 | INFO     |  5368 | PairingSkill | Retrieving pairing code from device API...
2021-10-27 16:49:18.610 | INFO     |  5368 | PairingSkill | Pairing code obtained: YULTR9
2021-10-27 16:49:18.610 | INFO     |  5368 | PairingSkill | Communicating pairing URL to user
2021-10-27 16:49:26.858 | INFO     |  5368 | msm.skill_entry | Successfully installed mycroft-date-time
2021-10-27 16:49:26.859 | INFO     |  5368 | msm.mycroft_skills_manager | invalidating skills cache
2021-10-27 16:49:27.905 | INFO     |  5368 | msm.skill_entry | Successfully installed mycroft-alarm
2021-10-27 16:49:27.905 | INFO     |  5368 | msm.mycroft_skills_manager | invalidating skills cache
2021-10-27 16:49:30.365 | INFO     |  5368 | msm.skill_entry | Successfully installed mycroft-support-helper
2021-10-27 16:49:30.367 | INFO     |  5368 | msm.mycroft_skills_manager | invalidating skills cache
2021-10-27 16:49:32.423 | INFO     |  5368 | msm.skill_entry | Successfully installed mycroft-wiki
2021-10-27 16:49:32.424 | INFO     |  5368 | msm.mycroft_skills_manager | invalidating skills cache
2021-10-27 16:49:33.605 | INFO     |  5368 | msm.skill_entry | Successfully installed mycroft-weather
2021-10-27 16:49:33.605 | INFO     |  5368 | msm.mycroft_skills_manager | invalidating skills cache
2021-10-27 16:49:33.669 | INFO     |  5368 | mycroft.skills.skill_updater:_log_next_download_time:267 | Next scheduled skill update: 2021-10-27 17:49:33.668638
2021-10-27 16:49:33.669 | INFO     |  5368 | mycroft.skills.skill_updater:update_skills:170 | Skill update complete
2021-10-27 16:49:33.669 | INFO     |  5368 | mycroft.skills.skill_manager:_load_on_startup:273 | Loading installed skills...
2021-10-27 16:49:33.673 | INFO     |  5368 | mycroft.skills.skill_loader:load:185 | ATTEMPTING TO LOAD SKILL: mycroft-ip.mycroftai
2021-10-27 16:49:33.744 | INFO     |  5368 | mycroft.skills.settings:get_local_settings:83 | /opt/mycroft/skills/mycroft-ip.mycroftai/settings.json
2021-10-27 16:49:33.761 | INFO     |  5368 | mycroft.skills.skill_loader:_check_for_first_run:324 | First run of mycroft-ip.mycroftai
2021-10-27 16:49:33.763 | INFO     |  5368 | mycroft.skills.settings:save_settings:116 | Skill settings successfully saved to /home/runner/.config/mycroft/skills/mycroft-ip.mycroftai/settings.json
2021-10-27 16:49:33.764 | INFO     |  5368 | mycroft.skills.skill_loader:_communicate_load_status:344 | Skill mycroft-ip.mycroftai loaded successfully
2021-10-27 16:49:33.765 | INFO     |  5368 | mycroft.skills.skill_loader:load:185 | ATTEMPTING TO LOAD SKILL: mycroft-reminder.mycroftai
2021-10-27 16:49:33.802 | INFO     |  5368 | mycroft.skills.settings:get_local_settings:83 | /opt/mycroft/skills/mycroft-reminder.mycroftai/settings.json
2021-10-27 16:49:33.871 | INFO     |  5368 | mycroft.skills.skill_loader:_check_for_first_run:324 | First run of mycroft-reminder.mycroftai
2021-10-27 16:49:33.872 | INFO     |  5368 | mycroft.skills.settings:save_settings:116 | Skill settings successfully saved to /home/runner/.config/mycroft/skills/mycroft-reminder.mycroftai/settings.json
2021-10-27 16:49:33.879 | INFO     |  5368 | mycroft.skills.skill_loader:_communicate_load_status:344 | Skill mycroft-reminder.mycroftai loaded successfully
2021-10-27 16:49:33.880 | INFO     |  5368 | mycroft.skills.skill_loader:load:185 | ATTEMPTING TO LOAD SKILL: mycroft-installer.mycroftai
2021-10-27 16:49:33.896 | INFO     |  5368 | mycroft.skills.settings:get_local_settings:83 | /opt/mycroft/skills/mycroft-installer.mycroftai/settings.json
2021-10-27 16:49:33.944 | INFO     |  5368 | mycroft.skills.skill_loader:_check_for_first_run:324 | First run of mycroft-installer.mycroftai
2021-10-27 16:49:33.945 | INFO     |  5368 | mycroft.skills.settings:save_settings:116 | Skill settings successfully saved to /home/runner/.config/mycroft/skills/mycroft-installer.mycroftai/settings.json
2021-10-27 16:49:34.064 | INFO     |  5368 | mycroft.skills.skill_loader:_communicate_load_status:344 | Skill mycroft-installer.mycroftai loaded successfully
2021-10-27 16:49:34.065 | INFO     |  5368 | mycroft.skills.skill_loader:load:185 | ATTEMPTING TO LOAD SKILL: mycroft-version-checker.mycroftai
2021-10-27 16:49:34.080 | INFO     |  5368 | mycroft.skills.settings:get_local_settings:83 | /opt/mycroft/skills/mycroft-version-checker.mycroftai/settings.json
2021-10-27 16:49:34.110 | INFO     |  5368 | mycroft.skills.skill_loader:_check_for_first_run:324 | First run of mycroft-version-checker.mycroftai
2021-10-27 16:49:34.111 | INFO     |  5368 | mycroft.skills.settings:save_settings:116 | Skill settings successfully saved to /home/runner/.config/mycroft/skills/mycroft-version-checker.mycroftai/settings.json
2021-10-27 16:49:34.113 | INFO     |  5368 | mycroft.skills.skill_loader:_communicate_load_status:344 | Skill mycroft-version-checker.mycroftai loaded successfully
2021-10-27 16:49:34.113 | INFO     |  5368 | mycroft.skills.skill_loader:load:185 | ATTEMPTING TO LOAD SKILL: mycroft-singing.mycroftai
2021-10-27 16:49:34.137 | INFO     |  5368 | mycroft.skills.settings:get_local_settings:83 | /opt/mycroft/skills/mycroft-singing.mycroftai/settings.json
2021-10-27 16:49:34.156 | INFO     |  5368 | mycroft.skills.skill_loader:_check_for_first_run:324 | First run of mycroft-singing.mycroftai
2021-10-27 16:49:34.165 | INFO     |  5368 | mycroft.skills.settings:save_settings:116 | Skill settings successfully saved to /home/runner/.config/mycroft/skills/mycroft-singing.mycroftai/settings.json
2021-10-27 16:49:34.170 | INFO     |  5368 | mycroft.skills.skill_loader:_communicate_load_status:344 | Skill mycroft-singing.mycroftai loaded successfully
2021-10-27 16:49:34.171 | INFO     |  5368 | mycroft.skills.skill_loader:load:185 | ATTEMPTING TO LOAD SKILL: mycroft-joke.mycroftai
2021-10-27 16:49:34.183 | INFO     |  5368 | mycroft.skills.settings:get_local_settings:83 | /opt/mycroft/skills/mycroft-joke.mycroftai/settings.json
2021-10-27 16:49:34.198 | INFO     |  5368 | mycroft.skills.skill_loader:_check_for_first_run:324 | First run of mycroft-joke.mycroftai
2021-10-27 16:49:34.262 | INFO     |  5368 | mycroft.skills.settings:save_settings:116 | Skill settings successfully saved to /home/runner/.config/mycroft/skills/mycroft-joke.mycroftai/settings.json
2021-10-27 16:49:34.264 | INFO     |  5368 | mycroft.skills.skill_loader:_communicate_load_status:344 | Skill mycroft-joke.mycroftai loaded successfully
2021-10-27 16:49:34.264 | INFO     |  5368 | mycroft.skills.skill_loader:load:185 | ATTEMPTING TO LOAD SKILL: mycroft-timer.mycroftai
2021-10-27 16:49:34.295 | INFO     |  5368 | mycroft.skills.settings:get_local_settings:83 | /opt/mycroft/skills/mycroft-timer.mycroftai/settings.json
2021-10-27 16:49:34.405 | INFO     |  5368 | mycroft.skills.skill_loader:_check_for_first_run:324 | First run of mycroft-timer.mycroftai
2021-10-27 16:49:34.407 | INFO     |  5368 | mycroft.skills.settings:save_settings:116 | Skill settings successfully saved to /home/runner/.config/mycroft/skills/mycroft-timer.mycroftai/settings.json
2021-10-27 16:49:34.413 | INFO     |  5368 | mycroft.skills.skill_loader:_communicate_load_status:344 | Skill mycroft-timer.mycroftai loaded successfully
2021-10-27 16:49:34.414 | INFO     |  5368 | mycroft.skills.skill_loader:load:185 | ATTEMPTING TO LOAD SKILL: homeassistant.mycroftai
2021-10-27 16:49:34.889 | INFO     |  5368 | mycroft.skills.settings:get_local_settings:83 | /opt/mycroft/skills/homeassistant.mycroftai/settings.json
2021-10-27 16:49:34.891 | INFO     |  5368 | mycroft.skills.settings:get_local_settings:83 | /opt/mycroft/skills/homeassistant.mycroftai/settings.json
2021-10-27 16:49:34.920 | INFO     |  5368 | mycroft.skills.skill_loader:_communicate_load_status:344 | Skill homeassistant.mycroftai loaded successfully
2021-10-27 16:49:34.921 | INFO     |  5368 | mycroft.skills.skill_loader:load:185 | ATTEMPTING TO LOAD SKILL: mycroft-alarm.mycroftai
2021-10-27 16:49:34.939 | INFO     |  5368 | mycroft.skills.settings:get_local_settings:83 | /opt/mycroft/skills/mycroft-alarm.mycroftai/settings.json
2021-10-27 16:49:34.939 | ERROR    |  5368 | AlarmSkill | Couldn't allocate mixer, ALSAAudioError('No such file or directory [default]')
2021-10-27 16:49:35.019 | INFO     |  5368 | mycroft.skills.skill_loader:_check_for_first_run:324 | First run of mycroft-alarm.mycroftai
2021-10-27 16:49:35.021 | INFO     |  5368 | mycroft.skills.settings:save_settings:116 | Skill settings successfully saved to /home/runner/.config/mycroft/skills/mycroft-alarm.mycroftai/settings.json
2021-10-27 16:49:35.031 | INFO     |  5368 | mycroft.skills.skill_loader:_communicate_load_status:344 | Skill mycroft-alarm.mycroftai loaded successfully
2021-10-27 16:49:35.032 | INFO     |  5368 | mycroft.skills.skill_loader:load:185 | ATTEMPTING TO LOAD SKILL: mycroft-naptime.mycroftai
2021-10-27 16:49:35.043 | INFO     |  5368 | mycroft.skills.settings:get_local_settings:83 | /opt/mycroft/skills/mycroft-naptime.mycroftai/settings.json
2021-10-27 16:49:35.062 | INFO     |  5368 | mycroft.skills.skill_loader:_check_for_first_run:324 | First run of mycroft-naptime.mycroftai
2021-10-27 16:49:35.071 | INFO     |  5368 | mycroft.skills.settings:save_settings:116 | Skill settings successfully saved to /home/runner/.config/mycroft/skills/mycroft-naptime.mycroftai/settings.json
2021-10-27 16:49:35.074 | INFO     |  5368 | mycroft.skills.skill_loader:_communicate_load_status:344 | Skill mycroft-naptime.mycroftai loaded successfully
2021-10-27 16:49:35.074 | INFO     |  5368 | mycroft.skills.skill_loader:load:185 | ATTEMPTING TO LOAD SKILL: mycroft-spelling.mycroftai
2021-10-27 16:49:35.083 | INFO     |  5368 | mycroft.skills.settings:get_local_settings:83 | /opt/mycroft/skills/mycroft-spelling.mycroftai/settings.json
2021-10-27 16:49:35.100 | INFO     |  5368 | mycroft.skills.skill_loader:_check_for_first_run:324 | First run of mycroft-spelling.mycroftai
2021-10-27 16:49:35.101 | INFO     |  5368 | mycroft.skills.settings:save_settings:116 | Skill settings successfully saved to /home/runner/.config/mycroft/skills/mycroft-spelling.mycroftai/settings.json
2021-10-27 16:49:35.101 | INFO     |  5368 | mycroft.skills.skill_loader:_communicate_load_status:344 | Skill mycroft-spelling.mycroftai loaded successfully
2021-10-27 16:49:35.102 | INFO     |  5368 | mycroft.skills.skill_loader:load:185 | ATTEMPTING TO LOAD SKILL: mycroft-fallback-duck-duck-go.mycroftai
2021-10-27 16:49:35.110 | INFO     |  5368 | mycroft.skills.settings:get_local_settings:83 | /opt/mycroft/skills/mycroft-fallback-duck-duck-go.mycroftai/settings.json
2021-10-27 16:49:35.120 | INFO     |  5368 | mycroft.skills.skill_loader:_check_for_first_run:324 | First run of mycroft-fallback-duck-duck-go.mycroftai
2021-10-27 16:49:35.121 | INFO     |  5368 | mycroft.skills.settings:save_settings:116 | Skill settings successfully saved to /home/runner/.config/mycroft/skills/mycroft-fallback-duck-duck-go.mycroftai/settings.json
2021-10-27 16:49:35.123 | INFO     |  5368 | mycroft.skills.skill_loader:_communicate_load_status:344 | Skill mycroft-fallback-duck-duck-go.mycroftai loaded successfully
2021-10-27 16:49:35.123 | INFO     |  5368 | mycroft.skills.skill_loader:load:185 | ATTEMPTING TO LOAD SKILL: mycroft-npr-news.mycroftai
2021-10-27 16:49:35.196 | INFO     |  5368 | mycroft.skills.settings:get_local_settings:83 | /opt/mycroft/skills/mycroft-npr-news.mycroftai/settings.json
2021-10-27 16:49:36.320 | INFO     |  5368 | mycroft.skills.skill_loader:_check_for_first_run:324 | First run of mycroft-npr-news.mycroftai
2021-10-27 16:49:36.322 | INFO     |  5368 | mycroft.skills.settings:save_settings:116 | Skill settings successfully saved to /home/runner/.config/mycroft/skills/mycroft-npr-news.mycroftai/settings.json
2021-10-27 16:49:36.324 | INFO     |  5368 | mycroft.skills.skill_loader:_communicate_load_status:344 | Skill mycroft-npr-news.mycroftai loaded successfully
2021-10-27 16:49:36.324 | INFO     |  5368 | mycroft.skills.skill_loader:load:185 | ATTEMPTING TO LOAD SKILL: mycroft-support-helper.mycroftai
2021-10-27 16:49:36.344 | INFO     |  5368 | mycroft.skills.settings:get_local_settings:83 | /opt/mycroft/skills/mycroft-support-helper.mycroftai/settings.json
2021-10-27 16:49:36.371 | INFO     |  5368 | mycroft.skills.skill_loader:_check_for_first_run:324 | First run of mycroft-support-helper.mycroftai
2021-10-27 16:49:36.376 | INFO     |  5368 | mycroft.skills.settings:save_settings:116 | Skill settings successfully saved to /home/runner/.config/mycroft/skills/mycroft-support-helper.mycroftai/settings.json
2021-10-27 16:49:36.380 | INFO     |  5368 | mycroft.skills.skill_loader:_communicate_load_status:344 | Skill mycroft-support-helper.mycroftai loaded successfully
2021-10-27 16:49:36.384 | INFO     |  5368 | mycroft.skills.skill_loader:load:185 | ATTEMPTING TO LOAD SKILL: mycroft-weather.mycroftai
2021-10-27 16:49:36.439 | INFO     |  5368 | mycroft.skills.settings:get_local_settings:83 | /opt/mycroft/skills/mycroft-weather.mycroftai/settings.json
2021-10-27 16:49:36.668 | INFO     |  5368 | mycroft.skills.skill_loader:_check_for_first_run:324 | First run of mycroft-weather.mycroftai
2021-10-27 16:49:36.669 | INFO     |  5368 | mycroft.skills.settings:save_settings:116 | Skill settings successfully saved to /home/runner/.config/mycroft/skills/mycroft-weather.mycroftai/settings.json
2021-10-27 16:49:36.677 | INFO     |  5368 | mycroft.skills.skill_loader:_communicate_load_status:344 | Skill mycroft-weather.mycroftai loaded successfully
2021-10-27 16:49:36.678 | INFO     |  5368 | mycroft.skills.skill_loader:load:185 | ATTEMPTING TO LOAD SKILL: mycroft-speak.mycroftai
2021-10-27 16:49:36.718 | INFO     |  5368 | mycroft.skills.settings:get_local_settings:83 | /opt/mycroft/skills/mycroft-speak.mycroftai/settings.json
2021-10-27 16:49:36.785 | INFO     |  5368 | mycroft.skills.skill_loader:_check_for_first_run:324 | First run of mycroft-speak.mycroftai
2021-10-27 16:49:36.786 | INFO     |  5368 | mycroft.skills.settings:save_settings:116 | Skill settings successfully saved to /home/runner/.config/mycroft/skills/mycroft-speak.mycroftai/settings.json
2021-10-27 16:49:36.793 | INFO     |  5368 | mycroft.skills.skill_loader:_communicate_load_status:344 | Skill mycroft-speak.mycroftai loaded successfully
2021-10-27 16:49:36.796 | INFO     |  5368 | mycroft.skills.skill_loader:load:185 | ATTEMPTING TO LOAD SKILL: mycroft-audio-record.mycroftai
2021-10-27 16:49:36.817 | INFO     |  5368 | mycroft.skills.settings:get_local_settings:83 | /opt/mycroft/skills/mycroft-audio-record.mycroftai/settings.json
2021-10-27 16:49:36.907 | INFO     |  5368 | mycroft.skills.skill_loader:_check_for_first_run:324 | First run of mycroft-audio-record.mycroftai
2021-10-27 16:49:36.909 | INFO     |  5368 | mycroft.skills.settings:save_settings:116 | Skill settings successfully saved to /home/runner/.config/mycroft/skills/mycroft-audio-record.mycroftai/settings.json
2021-10-27 16:49:36.909 | INFO     |  5368 | mycroft.skills.skill_loader:_communicate_load_status:344 | Skill mycroft-audio-record.mycroftai loaded successfully
2021-10-27 16:49:36.910 | INFO     |  5368 | mycroft.skills.skill_loader:load:185 | ATTEMPTING TO LOAD SKILL: mycroft-stop.mycroftai
2021-10-27 16:49:36.925 | INFO     |  5368 | mycroft.skills.settings:get_local_settings:83 | /opt/mycroft/skills/mycroft-stop.mycroftai/settings.json
2021-10-27 16:49:37.020 | INFO     |  5368 | mycroft.skills.skill_loader:_check_for_first_run:324 | First run of mycroft-stop.mycroftai
2021-10-27 16:49:37.037 | INFO     |  5368 | mycroft.skills.settings:save_settings:116 | Skill settings successfully saved to /home/runner/.config/mycroft/skills/mycroft-stop.mycroftai/settings.json
2021-10-27 16:49:37.038 | INFO     |  5368 | mycroft.skills.skill_loader:_communicate_load_status:344 | Skill mycroft-stop.mycroftai loaded successfully
2021-10-27 16:49:37.049 | INFO     |  5368 | mycroft.skills.skill_loader:load:185 | ATTEMPTING TO LOAD SKILL: mycroft-hello-world.mycroftai
2021-10-27 16:49:37.086 | INFO     |  5368 | mycroft.skills.settings:get_local_settings:83 | /opt/mycroft/skills/mycroft-hello-world.mycroftai/settings.json
2021-10-27 16:49:37.181 | INFO     |  5368 | mycroft.skills.skill_loader:_check_for_first_run:324 | First run of mycroft-hello-world.mycroftai
2021-10-27 16:49:37.182 | INFO     |  5368 | mycroft.skills.settings:save_settings:116 | Skill settings successfully saved to /home/runner/.config/mycroft/skills/mycroft-hello-world.mycroftai/settings.json
2021-10-27 16:49:37.183 | INFO     |  5368 | mycroft.skills.skill_loader:_communicate_load_status:344 | Skill mycroft-hello-world.mycroftai loaded successfully
2021-10-27 16:49:37.209 | INFO     |  5368 | mycroft.skills.skill_loader:load:185 | ATTEMPTING TO LOAD SKILL: mycroft-date-time.mycroftai
2021-10-27 16:49:39.285 | INFO     |  5368 | mycroft.skills.settings:get_local_settings:83 | /opt/mycroft/skills/mycroft-date-time.mycroftai/settings.json
2021-10-27 16:49:39.372 | INFO     |  5368 | TimeSkill | Registering resting screen <bound method TimeSkill.handle_idle of <mycroft-date-time_mycroftai.TimeSkill object at 0x7fc6dc814290>> for Time and Date.
2021-10-27 16:49:39.382 | INFO     |  5368 | TimeSkill | Registering resting screen
2021-10-27 16:49:39.398 | INFO     |  5368 | mycroft.skills.skill_loader:_check_for_first_run:324 | First run of mycroft-date-time.mycroftai
2021-10-27 16:49:39.401 | INFO     |  5368 | mycroft.skills.settings:save_settings:116 | Skill settings successfully saved to /home/runner/.config/mycroft/skills/mycroft-date-time.mycroftai/settings.json
2021-10-27 16:49:39.404 | INFO     |  5368 | mycroft.skills.skill_loader:_communicate_load_status:344 | Skill mycroft-date-time.mycroftai loaded successfully
2021-10-27 16:49:39.405 | INFO     |  5368 | mycroft.skills.skill_loader:load:185 | ATTEMPTING TO LOAD SKILL: mycroft-configuration.mycroftai
2021-10-27 16:49:39.418 | INFO     |  5368 | mycroft.skills.settings:get_local_settings:83 | /opt/mycroft/skills/mycroft-configuration.mycroftai/settings.json
2021-10-27 16:49:39.504 | INFO     |  5368 | mycroft.skills.skill_loader:_check_for_first_run:324 | First run of mycroft-configuration.mycroftai
2021-10-27 16:49:39.505 | INFO     |  5368 | mycroft.skills.settings:save_settings:116 | Skill settings successfully saved to /home/runner/.config/mycroft/skills/mycroft-configuration.mycroftai/settings.json
2021-10-27 16:49:39.512 | INFO     |  5368 | mycroft.skills.skill_loader:_communicate_load_status:344 | Skill mycroft-configuration.mycroftai loaded successfully
2021-10-27 16:49:39.513 | INFO     |  5368 | mycroft.skills.skill_loader:load:185 | ATTEMPTING TO LOAD SKILL: fallback-query.mycroftai
2021-10-27 16:49:39.517 | INFO     |  5368 | mycroft.skills.settings:get_local_settings:83 | /opt/mycroft/skills/fallback-query.mycroftai/settings.json
2021-10-27 16:49:39.558 | INFO     |  5368 | mycroft.skills.skill_loader:_check_for_first_run:324 | First run of fallback-query.mycroftai
2021-10-27 16:49:39.559 | INFO     |  5368 | mycroft.skills.settings:save_settings:116 | Skill settings successfully saved to /home/runner/.config/mycroft/skills/fallback-query.mycroftai/settings.json
2021-10-27 16:49:39.566 | INFO     |  5368 | mycroft.skills.skill_loader:_communicate_load_status:344 | Skill fallback-query.mycroftai loaded successfully
2021-10-27 16:49:39.570 | INFO     |  5368 | mycroft.skills.skill_loader:load:185 | ATTEMPTING TO LOAD SKILL: mycroft-personal.mycroftai
2021-10-27 16:49:39.577 | INFO     |  5368 | mycroft.skills.settings:get_local_settings:83 | /opt/mycroft/skills/mycroft-personal.mycroftai/settings.json
2021-10-27 16:49:39.622 | INFO     |  5368 | mycroft.skills.skill_loader:_check_for_first_run:324 | First run of mycroft-personal.mycroftai
2021-10-27 16:49:39.622 | INFO     |  5368 | mycroft.skills.settings:save_settings:116 | Skill settings successfully saved to /home/runner/.config/mycroft/skills/mycroft-personal.mycroftai/settings.json
2021-10-27 16:49:39.644 | INFO     |  5368 | mycroft.skills.skill_loader:_communicate_load_status:344 | Skill mycroft-personal.mycroftai loaded successfully
2021-10-27 16:49:39.645 | INFO     |  5368 | mycroft.skills.skill_loader:load:185 | ATTEMPTING TO LOAD SKILL: fallback-wolfram-alpha.mycroftai
2021-10-27 16:49:39.759 | INFO     |  5368 | mycroft.skills.settings:get_local_settings:83 | /opt/mycroft/skills/fallback-wolfram-alpha.mycroftai/settings.json
2021-10-27 16:49:39.807 | INFO     |  5368 | mycroft.skills.skill_loader:_check_for_first_run:324 | First run of fallback-wolfram-alpha.mycroftai
2021-10-27 16:49:39.808 | INFO     |  5368 | mycroft.skills.settings:save_settings:116 | Skill settings successfully saved to /home/runner/.config/mycroft/skills/fallback-wolfram-alpha.mycroftai/settings.json
2021-10-27 16:49:39.809 | INFO     |  5368 | mycroft.skills.skill_loader:_communicate_load_status:344 | Skill fallback-wolfram-alpha.mycroftai loaded successfully
2021-10-27 16:49:39.809 | INFO     |  5368 | mycroft.skills.skill_loader:load:185 | ATTEMPTING TO LOAD SKILL: mycroft-wiki.mycroftai
2021-10-27 16:49:39.833 | INFO     |  5368 | mycroft.skills.settings:get_local_settings:83 | /opt/mycroft/skills/mycroft-wiki.mycroftai/settings.json
2021-10-27 16:49:39.864 | INFO     |  5368 | mycroft.skills.skill_loader:_check_for_first_run:324 | First run of mycroft-wiki.mycroftai
2021-10-27 16:49:39.865 | INFO     |  5368 | mycroft.skills.settings:save_settings:116 | Skill settings successfully saved to /home/runner/.config/mycroft/skills/mycroft-wiki.mycroftai/settings.json
2021-10-27 16:49:39.876 | INFO     |  5368 | mycroft.skills.skill_loader:_communicate_load_status:344 | Skill mycroft-wiki.mycroftai loaded successfully
2021-10-27 16:49:39.877 | INFO     |  5368 | mycroft.skills.skill_loader:load:185 | ATTEMPTING TO LOAD SKILL: fallback-unknown.mycroftai
2021-10-27 16:49:39.890 | INFO     |  5368 | mycroft.skills.settings:get_local_settings:83 | /opt/mycroft/skills/fallback-unknown.mycroftai/settings.json
2021-10-27 16:49:39.925 | INFO     |  5368 | mycroft.skills.skill_loader:_check_for_first_run:324 | First run of fallback-unknown.mycroftai
2021-10-27 16:49:39.925 | INFO     |  5368 | mycroft.skills.settings:save_settings:116 | Skill settings successfully saved to /home/runner/.config/mycroft/skills/fallback-unknown.mycroftai/settings.json
2021-10-27 16:49:39.926 | INFO     |  5368 | mycroft.skills.skill_loader:_communicate_load_status:344 | Skill fallback-unknown.mycroftai loaded successfully
2021-10-27 16:49:39.940 | INFO     |  5368 | mycroft.skills.skill_loader:load:185 | ATTEMPTING TO LOAD SKILL: mycroft-playback-control.mycroftai
2021-10-27 16:49:39.958 | INFO     |  5368 | mycroft.skills.settings:get_local_settings:83 | /opt/mycroft/skills/mycroft-playback-control.mycroftai/settings.json
2021-10-27 16:49:40.025 | INFO     |  5368 | mycroft.skills.skill_loader:_check_for_first_run:324 | First run of mycroft-playback-control.mycroftai
2021-10-27 16:49:40.026 | INFO     |  5368 | mycroft.skills.settings:save_settings:116 | Skill settings successfully saved to /home/runner/.config/mycroft/skills/mycroft-playback-control.mycroftai/settings.json
2021-10-27 16:49:40.046 | INFO     |  5368 | mycroft.skills.skill_loader:_communicate_load_status:344 | Skill mycroft-playback-control.mycroftai loaded successfully
2021-10-27 16:49:40.046 | INFO     |  5368 | mycroft.skills.skill_manager:_load_on_startup:275 | Skills all loaded!
2021-10-27 16:49:40.082 | INFO     |  5368 | __main__:on_ready:185 | Skills service is ready.
2021-10-27 16:49:40.284 | INFO     |  5368 | mycroft.skills.intent_services.padatious_service:train:151 | Training... (single_thread=False)
Regenerated mycroft-alarm.mycroftai:{daytype}.
Regenerated mycroft-reminder.mycroftai:GetRemindersForDay.intent.
Regenerated mycroft-reminder.mycroftai:ClearReminders.intent.
Regenerated mycroft-reminder.mycroftai:GetNextReminders.intent.
Regenerated mycroft-reminder.mycroftai:CancelActiveReminder.intent.
Regenerated mycroft-reminder.mycroftai:ReminderAt.intent.
Regenerated mycroft-reminder.mycroftai:Reminder.intent.
Regenerated mycroft-reminder.mycroftai:UnspecifiedReminderAt.intent.
Regenerated mycroft-reminder.mycroftai:SnoozeReminder.intent.
Regenerated homeassistant.mycroftai:add.item.shopping.list.intent.
Regenerated homeassistant.mycroftai:decrease.light.brightness.intent.
Regenerated homeassistant.mycroftai:toggle.intent.
Regenerated homeassistant.mycroftai:increase.light.brightness.intent.
Regenerated homeassistant.mycroftai:automation.intent.
Regenerated homeassistant.mycroftai:cover.open.intent.
Regenerated homeassistant.mycroftai:set.climate.intent.
Regenerated homeassistant.mycroftai:cover.close.intent.
Regenerated mycroft-stop.mycroftai:ssh.disable.intent.
Regenerated mycroft-stop.mycroftai:wifi.setup.intent.
Regenerated mycroft-stop.mycroftai:shutdown.intent.
Regenerated mycroft-stop.mycroftai:ssh.enable.intent.
Regenerated mycroft-hello-world.mycroftai:HowAreYou.intent.
Regenerated mycroft-date-time.mycroftai:date.future.weekend.intent.
Regenerated mycroft-date-time.mycroftai:what.time.is.it.intent.
Regenerated mycroft-date-time.mycroftai:what.time.will.it.be.intent.
Regenerated mycroft-personal.mycroftai:WhenWereYouBorn.intent.
Regenerated mycroft-personal.mycroftai:WhoMadeYou.intent.
Regenerated mycroft-personal.mycroftai:DoYouRhyme.intent.
Regenerated mycroft-wiki.mycroftai:Random.intent.
Regenerated mycroft-reminder.mycroftai:DeleteReminderForDay.intent.
Regenerated mycroft-installer.mycroftai:is.installed.intent.
Regenerated mycroft-installer.mycroftai:remove.intent.
Regenerated mycroft-installer.mycroftai:install.intent.
Regenerated mycroft-installer.mycroftai:install.beta.intent.
Regenerated mycroft-installer.mycroftai:list.skills.intent.
Regenerated mycroft-installer.mycroftai:install.custom.intent.
Regenerated mycroft-timer.mycroftai:timer.status.intent.
Regenerated mycroft-timer.mycroftai:start.timer.intent.
Regenerated homeassistant.mycroftai:tracker.intent.
Regenerated homeassistant.mycroftai:sensor.intent.
Regenerated homeassistant.mycroftai:cover.stop.intent.
Regenerated homeassistant.mycroftai:camera.intent.
Regenerated homeassistant.mycroftai:turn.off.intent.
Regenerated homeassistant.mycroftai:set.light.brightness.intent.
Regenerated homeassistant.mycroftai:turn.on.intent.
Regenerated mycroft-alarm.mycroftai:change.alarm.sound.intent.
Regenerated mycroft-alarm.mycroftai:snooze.intent.
Regenerated mycroft-npr-news.mycroftai:PlayTheNews.intent.
Regenerated mycroft-support-helper.mycroftai:contact.support.intent.
Regenerated mycroft-weather.mycroftai:do-i-need-an-umbrella.intent.
Regenerated mycroft-audio-record.mycroftai:StartRecording.intent.
Regenerated mycroft-audio-record.mycroftai:PlayRecording.intent.
Regenerated mycroft-stop.mycroftai:reboot.intent.
Regenerated mycroft-date-time.mycroftai:date.last.weekend.intent.
Regenerated mycroft-configuration.mycroftai:WhereAreYou.intent.
Regenerated mycroft-configuration.mycroftai:EnablePreciseDev.intent.
Regenerated mycroft-configuration.mycroftai:DisablePreciseDev.intent.
Regenerated mycroft-personal.mycroftai:WhatAreYou.intent.
Regenerated mycroft-personal.mycroftai:WhoAreYou.intent.
Regenerated mycroft-personal.mycroftai:DoYouDream.intent.
Regenerated mycroft-personal.mycroftai:WhereWereYouBorn.intent.
2021-10-27 16:49:43.869 | INFO     |  5368 | mycroft.skills.intent_services.padatious_service:train:153 | Training complete.
2021-10-27 16:49:48.974 | INFO     |  5368 | mycroft.skills.settings:save_settings:116 | Skill settings successfully saved to /home/runner/.config/mycroft/skills/mycroft-pairing.mycroftai/settings.json
2021-10-27 16:49:49.276 | INFO     |  5368 | mycroft.skills.settings:save_settings:116 | Skill settings successfully saved to /home/runner/.config/mycroft/skills/mycroft-timer.mycroftai/settings.json
2021-10-27 16:50:18.278 | INFO     |  5368 | __main__:on_stopping:193 | Skills service is shutting down...
2021-10-27 16:50:18.278 | INFO     |  5368 | __main__:shutdown:284 | Shutting down Skills service
2021-10-27 16:50:18.729 | ERROR    |  5368 | VolumeSkill | Couldn't allocate mixer, ALSAAudioError('No such file or directory [default]')
2021-10-27 16:50:18.732 | INFO     |  5368 | mycroft.skills.settings:save_settings:116 | Skill settings successfully saved to /home/runner/.config/mycroft/skills/mycroft-volume.mycroftai/settings.json
2021-10-27 16:50:18.733 | INFO     |  5368 | mycroft.skills.settings:save_settings:116 | Skill settings successfully saved to /home/runner/.config/mycroft/skills/mycroft-ip.mycroftai/settings.json
2021-10-27 16:50:18.735 | INFO     |  5368 | mycroft.skills.settings:save_settings:116 | Skill settings successfully saved to /home/runner/.config/mycroft/skills/mycroft-reminder.mycroftai/settings.json
2021-10-27 16:50:18.737 | INFO     |  5368 | mycroft.skills.settings:save_settings:116 | Skill settings successfully saved to /home/runner/.config/mycroft/skills/mycroft-installer.mycroftai/settings.json
2021-10-27 16:50:18.758 | INFO     |  5368 | mycroft.skills.settings:save_settings:116 | Skill settings successfully saved to /home/runner/.config/mycroft/skills/mycroft-version-checker.mycroftai/settings.json
2021-10-27 16:50:18.772 | INFO     |  5368 | mycroft.skills.settings:save_settings:116 | Skill settings successfully saved to /home/runner/.config/mycroft/skills/mycroft-singing.mycroftai/settings.json
2021-10-27 16:50:18.773 | INFO     |  5368 | mycroft.skills.settings:save_settings:116 | Skill settings successfully saved to /home/runner/.config/mycroft/skills/mycroft-joke.mycroftai/settings.json
2021-10-27 16:50:18.788 | INFO     |  5368 | HomeAssistantSkill | Removing all handlers...
2021-10-27 16:50:18.789 | WARNING  |  5368 | mycroft.skills.fallback_skill:remove_fallback:185 | Could not find matching fallback handler
2021-10-27 16:50:18.790 | INFO     |  5368 | mycroft.skills.settings:save_settings:116 | Skill settings successfully saved to /home/runner/.config/mycroft/skills/mycroft-alarm.mycroftai/settings.json
2021-10-27 16:50:18.797 | INFO     |  5368 | mycroft.skills.settings:save_settings:116 | Skill settings successfully saved to /home/runner/.config/mycroft/skills/mycroft-naptime.mycroftai/settings.json
2021-10-27 16:50:18.798 | INFO     |  5368 | mycroft.skills.settings:save_settings:116 | Skill settings successfully saved to /home/runner/.config/mycroft/skills/mycroft-spelling.mycroftai/settings.json
2021-10-27 16:50:18.802 | INFO     |  5368 | mycroft.skills.settings:save_settings:116 | Skill settings successfully saved to /home/runner/.config/mycroft/skills/mycroft-fallback-duck-duck-go.mycroftai/settings.json
2021-10-27 16:50:18.803 | INFO     |  5368 | mycroft.skills.settings:save_settings:116 | Skill settings successfully saved to /home/runner/.config/mycroft/skills/mycroft-npr-news.mycroftai/settings.json
2021-10-27 16:50:18.808 | INFO     |  5368 | mycroft.skills.settings:save_settings:116 | Skill settings successfully saved to /home/runner/.config/mycroft/skills/mycroft-support-helper.mycroftai/settings.json
2021-10-27 16:50:18.821 | INFO     |  5368 | mycroft.skills.settings:save_settings:116 | Skill settings successfully saved to /home/runner/.config/mycroft/skills/mycroft-weather.mycroftai/settings.json
2021-10-27 16:50:18.829 | INFO     |  5368 | mycroft.skills.settings:save_settings:116 | Skill settings successfully saved to /home/runner/.config/mycroft/skills/mycroft-speak.mycroftai/settings.json
2021-10-27 16:50:18.830 | INFO     |  5368 | mycroft.skills.settings:save_settings:116 | Skill settings successfully saved to /home/runner/.config/mycroft/skills/mycroft-audio-record.mycroftai/settings.json
2021-10-27 16:50:18.849 | INFO     |  5368 | mycroft.skills.settings:save_settings:116 | Skill settings successfully saved to /home/runner/.config/mycroft/skills/mycroft-stop.mycroftai/settings.json
2021-10-27 16:50:18.850 | INFO     |  5368 | mycroft.skills.settings:save_settings:116 | Skill settings successfully saved to /home/runner/.config/mycroft/skills/mycroft-hello-world.mycroftai/settings.json
2021-10-27 16:50:18.888 | INFO     |  5368 | mycroft.skills.settings:save_settings:116 | Skill settings successfully saved to /home/runner/.config/mycroft/skills/mycroft-date-time.mycroftai/settings.json
2021-10-27 16:50:18.894 | INFO     |  5368 | mycroft.skills.settings:save_settings:116 | Skill settings successfully saved to /home/runner/.config/mycroft/skills/mycroft-configuration.mycroftai/settings.json
2021-10-27 16:50:18.916 | INFO     |  5368 | QuestionsAnswersSkill | Removing all handlers...
2021-10-27 16:50:18.919 | INFO     |  5368 | mycroft.skills.settings:save_settings:116 | Skill settings successfully saved to /home/runner/.config/mycroft/skills/fallback-query.mycroftai/settings.json
2021-10-27 16:50:18.928 | INFO     |  5368 | mycroft.skills.settings:save_settings:116 | Skill settings successfully saved to /home/runner/.config/mycroft/skills/mycroft-personal.mycroftai/settings.json
2021-10-27 16:50:18.935 | INFO     |  5368 | mycroft.skills.settings:save_settings:116 | Skill settings successfully saved to /home/runner/.config/mycroft/skills/fallback-wolfram-alpha.mycroftai/settings.json
2021-10-27 16:50:18.939 | INFO     |  5368 | mycroft.skills.settings:save_settings:116 | Skill settings successfully saved to /home/runner/.config/mycroft/skills/mycroft-wiki.mycroftai/settings.json
2021-10-27 16:50:18.948 | INFO     |  5368 | UnknownSkill | Removing all handlers...
2021-10-27 16:50:18.950 | INFO     |  5368 | mycroft.skills.settings:save_settings:116 | Skill settings successfully saved to /home/runner/.config/mycroft/skills/fallback-unknown.mycroftai/settings.json
2021-10-27 16:50:18.963 | INFO     |  5368 | mycroft.skills.settings:save_settings:116 | Skill settings successfully saved to /home/runner/.config/mycroft/skills/mycroft-playback-control.mycroftai/settings.json
2021-10-27 16:50:19.964 | INFO     |  5368 | Playback Control Skill | Audio service status: {}
2021-10-27 16:50:20.966 | WARNING  |  5368 | mycroft.skills.skill_manager:_shutdown_skill:106 | mycroft-playback-control.mycroftai shutdown took 2.002528149999989 seconds
2021-10-27 16:50:20.976 | INFO     |  5368 | __main__:shutdown:291 | Skills service shutdown complete!
2021-10-27 16:50:21.338 | ERROR    |  5368 | websocket | error from callback <bound method MessageBusClient.on_message of <mycroft.messagebus.client.client.MessageBusClient object at 0x7fc6eee19e10>>: cannot schedule new futures after shutdown
2021-10-27 16:50:21.340 | ERROR    |  5368 | websocket | error from callback <bound method MessageBusClient.on_message of <mycroft.messagebus.client.client.MessageBusClient object at 0x7fc6eee19e10>>: cannot schedule new futures after shutdown
2021-10-27 16:50:21.342 | ERROR    |  5368 | websocket | error from callback <bound method MessageBusClient.on_message of <mycroft.messagebus.client.client.MessageBusClient object at 0x7fc6eee19e10>>: cannot schedule new futures after shutdown
2021-10-27 16:50:21.344 | ERROR    |  5368 | websocket | error from callback <bound method MessageBusClient.on_message of <mycroft.messagebus.client.client.MessageBusClient object at 0x7fc6eee19e10>>: cannot schedule new futures after shutdown
2021-10-27 16:50:21.345 | ERROR    |  5368 | websocket | error from callback <bound method MessageBusClient.on_message of <mycroft.messagebus.client.client.MessageBusClient object at 0x7fc6eee19e10>>: cannot schedule new futures after shutdown
