2021-11-05 23:52:19.044 | INFO     |  6081 | mycroft.messagebus.load_config:load_message_bus_config:33 | Loading message bus configs
2021-11-05 23:52:19.054 | ERROR    |  6081 | mycroft_bus_client.client.client | === ConnectionRefusedError(111, 'Connection refused') ===
Traceback (most recent call last):
  File "/opt/mycroft-core/.venv/lib/python3.7/site-packages/websocket/_app.py", line 318, in run_forever
    proxy_type=proxy_type)
  File "/opt/mycroft-core/.venv/lib/python3.7/site-packages/websocket/_core.py", line 250, in connect
    options.pop('socket', None))
  File "/opt/mycroft-core/.venv/lib/python3.7/site-packages/websocket/_http.py", line 130, in connect
    sock = _open_socket(addrinfo_list, options.sockopt, options.timeout)
  File "/opt/mycroft-core/.venv/lib/python3.7/site-packages/websocket/_http.py", line 208, in _open_socket
    raise err
  File "/opt/mycroft-core/.venv/lib/python3.7/site-packages/websocket/_http.py", line 185, in _open_socket
    sock.connect(address)
ConnectionRefusedError: [Errno 111] Connection refused
2021-11-05 23:52:19.056 | ERROR    |  6081 | mycroft_bus_client.client.client | Exception closing websocket: ConnectionRefusedError(111, 'Connection refused')
2021-11-05 23:52:19.056 | WARNING  |  6081 | mycroft_bus_client.client.client | Message Bus Client will reconnect in 5.0 seconds.
2021-11-05 23:52:24.062 | INFO     |  6081 | mycroft_bus_client.client.client | Connected
2021-11-05 23:52:24.066 | INFO     |  6081 | mycroft.util.process_utils:start_message_bus_client:155 | Connected to messagebus
2021-11-05 23:52:24.078 | INFO     |  6081 | mycroft.skills.msm_wrapper:create_msm:96 | Acquiring lock to instantiate MSM
2021-11-05 23:52:24.079 | INFO     |  6081 | msm.mycroft_skills_manager | building SkillEntry objects for all skills
2021-11-05 23:52:24.465 | INFO     |  6081 | mycroft.skills.msm_wrapper:create_msm:112 | Releasing MSM instantiation lock.
2021-11-05 23:52:24.466 | INFO     |  6081 | mycroft.skills.skill_updater:_log_next_download_time:267 | Next scheduled skill update: 2021-11-05 23:52:23.465840
2021-11-05 23:52:24.466 | INFO     |  6081 | msm.skill_entry | Downloading skill: https://github.com/mycroftai/skill-pairing
2021-11-05 23:52:24.837 | INFO     |  6081 | msm.skill_entry | Installing system requirements...
2021-11-05 23:52:24.848 | INFO     |  6081 | msm.skill_entry | Successfully installed mycroft-pairing
2021-11-05 23:52:24.848 | INFO     |  6081 | msm.mycroft_skills_manager | invalidating skills cache
2021-11-05 23:52:24.850 | INFO     |  6081 | mycroft.skills.skill_loader:load:185 | ATTEMPTING TO LOAD SKILL: mycroft-pairing.mycroftai
2021-11-05 23:52:24.858 | INFO     |  6081 | mycroft.skills.settings:get_local_settings:83 | /opt/mycroft/skills/mycroft-pairing.mycroftai/settings.json
2021-11-05 23:52:24.884 | INFO     |  6081 | mycroft.skills.skill_loader:_check_for_first_run:324 | First run of mycroft-pairing.mycroftai
2021-11-05 23:52:24.885 | INFO     |  6081 | mycroft.skills.settings:save_settings:116 | Skill settings successfully saved to /home/runner/.config/mycroft/skills/mycroft-pairing.mycroftai/settings.json
2021-11-05 23:52:24.886 | INFO     |  6081 | mycroft.skills.skill_loader:_communicate_load_status:344 | Skill mycroft-pairing.mycroftai loaded successfully
2021-11-05 23:52:24.886 | INFO     |  6081 | msm.skill_entry | Downloading skill: https://github.com/mycroftai/skill-volume
2021-11-05 23:52:25.221 | INFO     |  6081 | msm.skill_entry | Installing system requirements...
2021-11-05 23:52:25.231 | INFO     |  6081 | msm.skill_entry | Installing requirements.txt for mycroft-volume
2021-11-05 23:52:26.237 | INFO     |  6081 | msm.skill_entry | Successfully installed mycroft-volume
2021-11-05 23:52:26.237 | INFO     |  6081 | msm.mycroft_skills_manager | invalidating skills cache
2021-11-05 23:52:26.239 | INFO     |  6081 | mycroft.skills.skill_loader:load:185 | ATTEMPTING TO LOAD SKILL: mycroft-volume.mycroftai
2021-11-05 23:52:26.248 | INFO     |  6081 | mycroft.skills.settings:get_local_settings:83 | /opt/mycroft/skills/mycroft-volume.mycroftai/settings.json
2021-11-05 23:52:26.398 | ERROR    |  6081 | VolumeSkill | Couldn't allocate mixer, ALSAAudioError('No such file or directory [default]')
2021-11-05 23:52:29.401 | INFO     |  6081 | mycroft.skills.skill_loader:_check_for_first_run:324 | First run of mycroft-volume.mycroftai
2021-11-05 23:52:29.402 | INFO     |  6081 | mycroft.skills.settings:save_settings:116 | Skill settings successfully saved to /home/runner/.config/mycroft/skills/mycroft-volume.mycroftai/settings.json
2021-11-05 23:52:29.403 | INFO     |  6081 | mycroft.skills.skill_loader:_communicate_load_status:344 | Skill mycroft-volume.mycroftai loaded successfully
2021-11-05 23:52:29.404 | INFO     |  6081 | __main__:on_started:177 | Skills service is starting up.
2021-11-05 23:52:29.474 | INFO     |  6081 | __main__:_update_system:154 | Attempting system update...
2021-11-05 23:52:32.476 | INFO     |  6081 | mycroft.enclosure.display_manager:_write_data:70 | Display Manager is creating /tmp/mycroft/ipc/managers/disp_info
2021-11-05 23:52:32.477 | INFO     |  6081 | __main__:_ensure_device_is_paired:133 | Device not paired, invoking the pairing skill
2021-11-05 23:52:32.479 | INFO     |  6081 | __main__:on_alive:181 | Skills service is alive.
2021-11-05 23:52:32.487 | INFO     |  6081 | msm.mycroft_skills_manager | building SkillEntry objects for all skills
2021-11-05 23:52:32.694 | INFO     |  6081 | PairingSkill | Communicating account URL to user
2021-11-05 23:52:32.763 | WARNING  |  6081 | msm.mycroft_skills_manager | No such default skill: mycroft-pandora
2021-11-05 23:52:32.763 | INFO     |  6081 | mycroft.skills.skill_manager:run:234 | Not all default skills are installed, performing skill update...
2021-11-05 23:52:32.764 | INFO     |  6081 | mycroft.skills.skill_updater:update_skills:149 | Beginning skill update...
2021-11-05 23:52:32.825 | INFO     |  6081 | msm.mycroft_skills_manager | building SkillEntry objects for all skills
2021-11-05 23:52:33.042 | INFO     |  6081 | msm.mycroft_skills_manager | invalidating skills cache
2021-11-05 23:52:33.065 | INFO     |  6081 | msm.skill_entry | Downloading skill: https://github.com/mycroftai/fallback-unknown
2021-11-05 23:52:33.071 | INFO     |  6081 | msm.skill_entry | Downloading skill: https://github.com/mycroftai/fallback-wolfram-alpha
2021-11-05 23:52:33.073 | INFO     |  6081 | msm.skill_entry | Downloading skill: https://github.com/mycroftai/skill-alarm
2021-11-05 23:52:33.083 | INFO     |  6081 | msm.skill_entry | Downloading skill: https://github.com/mycroftai/skill-audio-record
2021-11-05 23:52:33.094 | INFO     |  6081 | msm.skill_entry | Downloading skill: https://github.com/mycroftai/skill-configuration
2021-11-05 23:52:33.110 | INFO     |  6081 | msm.skill_entry | Downloading skill: https://github.com/mycroftai/skill-date-time
2021-11-05 23:52:33.113 | INFO     |  6081 | msm.skill_entry | Downloading skill: https://github.com/mycroftai/fallback-duckduckgo
2021-11-05 23:52:33.118 | INFO     |  6081 | msm.skill_entry | Downloading skill: https://github.com/mycroftai/skill-hello-world
2021-11-05 23:52:33.121 | INFO     |  6081 | msm.skill_entry | Downloading skill: https://github.com/mycroftai/skill-installer
2021-11-05 23:52:33.126 | INFO     |  6081 | msm.skill_entry | Downloading skill: https://github.com/mycroftai/skill-ip
2021-11-05 23:52:33.136 | INFO     |  6081 | msm.skill_entry | Downloading skill: https://github.com/mycroftai/skill-joke
2021-11-05 23:52:33.142 | INFO     |  6081 | msm.skill_entry | Downloading skill: https://github.com/mycroftai/skill-naptime
2021-11-05 23:52:33.145 | INFO     |  6081 | msm.skill_entry | Downloading skill: https://github.com/mycroftai/skill-npr-news
2021-11-05 23:52:33.161 | INFO     |  6081 | msm.skill_entry | Downloading skill: https://github.com/mycroftai/skill-personal
2021-11-05 23:52:33.208 | INFO     |  6081 | msm.skill_entry | Downloading skill: https://github.com/mycroftai/skill-playback-control
2021-11-05 23:52:33.230 | INFO     |  6081 | msm.skill_entry | Downloading skill: https://github.com/mycroftai/skill-reminder
2021-11-05 23:52:33.233 | INFO     |  6081 | msm.skill_entry | Downloading skill: https://github.com/mycroftai/skill-singing
2021-11-05 23:52:34.402 | INFO     |  6081 | msm.skill_entry | Installing system requirements...
2021-11-05 23:52:34.424 | INFO     |  6081 | msm.skill_entry | Installing system requirements...
2021-11-05 23:52:34.568 | INFO     |  6081 | msm.skill_entry | Installing system requirements...
2021-11-05 23:52:34.688 | INFO     |  6081 | msm.skill_entry | Installing requirements.txt for mycroft-fallback-duck-duck-go
2021-11-05 23:52:34.693 | INFO     |  6081 | msm.skill_entry | Installing requirements.txt for mycroft-ip
2021-11-05 23:52:34.695 | INFO     |  6081 | msm.skill_entry | Installing system requirements...
2021-11-05 23:52:34.696 | INFO     |  6081 | msm.skill_entry | Installing system requirements...
2021-11-05 23:52:34.837 | INFO     |  6081 | msm.skill_entry | Installing requirements.txt for mycroft-joke
2021-11-05 23:52:34.838 | INFO     |  6081 | msm.skill_entry | Installing system requirements...
2021-11-05 23:52:34.893 | INFO     |  6081 | msm.skill_entry | Installing system requirements...
2021-11-05 23:52:34.897 | INFO     |  6081 | msm.skill_entry | Successfully installed fallback-unknown
2021-11-05 23:52:34.928 | INFO     |  6081 | msm.mycroft_skills_manager | invalidating skills cache
2021-11-05 23:52:34.930 | INFO     |  6081 | msm.skill_entry | Downloading skill: https://github.com/mycroftai/skill-speak
2021-11-05 23:52:34.899 | INFO     |  6081 | msm.skill_entry | Installing system requirements...
2021-11-05 23:52:34.899 | INFO     |  6081 | msm.skill_entry | Successfully installed mycroft-naptime
2021-11-05 23:52:34.933 | INFO     |  6081 | msm.mycroft_skills_manager | invalidating skills cache
2021-11-05 23:52:34.938 | INFO     |  6081 | msm.skill_entry | Downloading skill: https://github.com/mycroftai/skill-spelling
2021-11-05 23:52:34.991 | INFO     |  6081 | msm.skill_entry | Installing system requirements...
2021-11-05 23:52:35.034 | INFO     |  6081 | msm.skill_entry | Installing requirements.txt for mycroft-audio-record
2021-11-05 23:52:35.108 | INFO     |  6081 | msm.skill_entry | Installing requirements.txt for fallback-wolfram-alpha
2021-11-05 23:52:35.127 | INFO     |  6081 | msm.skill_entry | Successfully installed mycroft-hello-world
2021-11-05 23:52:35.127 | INFO     |  6081 | msm.mycroft_skills_manager | invalidating skills cache
2021-11-05 23:52:35.128 | INFO     |  6081 | msm.skill_entry | Downloading skill: https://github.com/mycroftai/skill-stop
2021-11-05 23:52:35.147 | INFO     |  6081 | msm.skill_entry | Installing system requirements...
2021-11-05 23:52:35.194 | INFO     |  6081 | msm.skill_entry | Installing system requirements...
2021-11-05 23:52:35.245 | INFO     |  6081 | msm.skill_entry | Successfully installed mycroft-playback-control
2021-11-05 23:52:35.246 | INFO     |  6081 | msm.mycroft_skills_manager | invalidating skills cache
2021-11-05 23:52:35.254 | INFO     |  6081 | msm.skill_entry | Downloading skill: https://github.com/mycroftai/skill-support
2021-11-05 23:52:35.307 | INFO     |  6081 | msm.skill_entry | Installing system requirements...
2021-11-05 23:52:35.344 | INFO     |  6081 | msm.skill_entry | Successfully installed mycroft-personal
2021-11-05 23:52:35.344 | INFO     |  6081 | msm.mycroft_skills_manager | invalidating skills cache
2021-11-05 23:52:35.352 | INFO     |  6081 | msm.skill_entry | Downloading skill: https://github.com/mycroftai/mycroft-timer
2021-11-05 23:52:35.440 | INFO     |  6081 | msm.skill_entry | Installing requirements.txt for mycroft-npr-news
2021-11-05 23:52:35.440 | INFO     |  6081 | msm.skill_entry | Installing system requirements...
2021-11-05 23:52:35.445 | INFO     |  6081 | msm.skill_entry | Installing system requirements...
2021-11-05 23:52:35.468 | INFO     |  6081 | msm.skill_entry | Successfully installed mycroft-reminder
2021-11-05 23:52:35.468 | INFO     |  6081 | msm.mycroft_skills_manager | invalidating skills cache
2021-11-05 23:52:35.469 | INFO     |  6081 | msm.skill_entry | Downloading skill: https://github.com/mycroftai/skill-weather
2021-11-05 23:52:35.520 | INFO     |  6081 | msm.skill_entry | Installing requirements.txt for mycroft-installer
2021-11-05 23:52:35.523 | INFO     |  6081 | msm.skill_entry | Installing requirements.txt for mycroft-configuration
2021-11-05 23:52:35.589 | INFO     |  6081 | msm.skill_entry | Nothing new for mycroft-pairing
2021-11-05 23:52:35.765 | INFO     |  6081 | msm.skill_entry | Installing system requirements...
2021-11-05 23:52:35.875 | INFO     |  6081 | msm.skill_entry | Downloading skill: https://github.com/mycroftai/skill-version-checker
2021-11-05 23:52:35.980 | INFO     |  6081 | msm.skill_entry | Installing system requirements...
2021-11-05 23:52:36.053 | INFO     |  6081 | msm.skill_entry | Installing requirements.txt for mycroft-date-time
2021-11-05 23:52:36.292 | INFO     |  6081 | msm.skill_entry | Installing system requirements...
2021-11-05 23:52:36.305 | INFO     |  6081 | msm.skill_entry | Installing system requirements...
2021-11-05 23:52:36.324 | INFO     |  6081 | msm.skill_entry | Installing system requirements...
2021-11-05 23:52:36.350 | INFO     |  6081 | msm.skill_entry | Installing system requirements...
2021-11-05 23:52:36.404 | ERROR    |  6081 | msm.mycroft_skills_manager | Error running install_or_update on homeassistant.mycroftai: MergeConflict
2021-11-05 23:52:36.435 | INFO     |  6081 | msm.skill_entry | Successfully installed mycroft-spelling
2021-11-05 23:52:36.435 | INFO     |  6081 | msm.mycroft_skills_manager | invalidating skills cache
2021-11-05 23:52:36.440 | INFO     |  6081 | msm.skill_entry | Downloading skill: https://github.com/MycroftAI/skill-query
2021-11-05 23:52:36.454 | INFO     |  6081 | msm.skill_entry | Downloading skill: https://github.com/mycroftai/skill-wiki
2021-11-05 23:52:36.457 | INFO     |  6081 | msm.skill_entry | Successfully installed mycroft-stop
2021-11-05 23:52:36.472 | INFO     |  6081 | msm.mycroft_skills_manager | invalidating skills cache
2021-11-05 23:52:36.465 | INFO     |  6081 | msm.skill_entry | Successfully installed mycroft-speak
2021-11-05 23:52:36.477 | INFO     |  6081 | msm.mycroft_skills_manager | invalidating skills cache
2021-11-05 23:52:36.479 | INFO     |  6081 | msm.skill_entry | Installing requirements.txt for mycroft-support-helper
2021-11-05 23:52:36.637 | INFO     |  6081 | msm.skill_entry | Installing system requirements...
2021-11-05 23:52:36.767 | INFO     |  6081 | msm.skill_entry | Installing requirements.txt for mycroft-alarm
2021-11-05 23:52:36.952 | INFO     |  6081 | msm.skill_entry | Nothing new for mycroft-volume
2021-11-05 23:52:36.960 | INFO     |  6081 | msm.skill_entry | Installing system requirements...
2021-11-05 23:52:37.074 | INFO     |  6081 | msm.skill_entry | Successfully installed mycroft-version-checker
2021-11-05 23:52:37.074 | INFO     |  6081 | msm.mycroft_skills_manager | invalidating skills cache
2021-11-05 23:52:37.098 | INFO     |  6081 | msm.skill_entry | Installing system requirements...
2021-11-05 23:52:37.182 | INFO     |  6081 | msm.skill_entry | Installing requirements.txt for mycroft-volume
2021-11-05 23:52:37.203 | INFO     |  6081 | msm.skill_entry | Installing system requirements...
2021-11-05 23:52:37.290 | INFO     |  6081 | msm.skill_entry | Successfully installed mycroft-timer
2021-11-05 23:52:37.290 | INFO     |  6081 | msm.mycroft_skills_manager | invalidating skills cache
2021-11-05 23:52:37.294 | INFO     |  6081 | msm.skill_entry | Installing system requirements...
2021-11-05 23:52:37.305 | INFO     |  6081 | msm.skill_entry | Successfully installed fallback-query
2021-11-05 23:52:37.306 | INFO     |  6081 | msm.mycroft_skills_manager | invalidating skills cache
2021-11-05 23:52:37.565 | ERROR    |  6081 | msm.mycroft_skills_manager | Error running install_or_update on homeassistant: MergeConflict
2021-11-05 23:52:37.597 | INFO     |  6081 | msm.skill_entry | Installing system requirements...
2021-11-05 23:52:37.642 | INFO     |  6081 | msm.skill_entry | Installing requirements.txt for mycroft-wiki
2021-11-05 23:52:37.675 | INFO     |  6081 | msm.skill_entry | Installing system requirements...
2021-11-05 23:52:37.701 | INFO     |  6081 | msm.skill_entry | Installing requirements.txt for mycroft-weather
2021-11-05 23:52:37.928 | INFO     |  6081 | msm.skill_entry | Installing system requirements...
2021-11-05 23:52:37.962 | INFO     |  6081 | msm.skill_entry | Successfully installed mycroft-singing
2021-11-05 23:52:37.962 | INFO     |  6081 | msm.mycroft_skills_manager | invalidating skills cache
2021-11-05 23:52:38.306 | INFO     |  6081 | msm.skill_entry | Successfully installed mycroft-fallback-duck-duck-go
2021-11-05 23:52:38.328 | INFO     |  6081 | msm.mycroft_skills_manager | invalidating skills cache
2021-11-05 23:52:39.347 | INFO     |  6081 | msm.skill_entry | Successfully installed mycroft-ip
2021-11-05 23:52:39.348 | INFO     |  6081 | msm.mycroft_skills_manager | invalidating skills cache
2021-11-05 23:52:40.807 | INFO     |  6081 | msm.skill_entry | Successfully installed mycroft-joke
2021-11-05 23:52:40.808 | INFO     |  6081 | msm.mycroft_skills_manager | invalidating skills cache
2021-11-05 23:52:41.904 | INFO     |  6081 | msm.skill_entry | Successfully installed mycroft-audio-record
2021-11-05 23:52:41.905 | INFO     |  6081 | msm.mycroft_skills_manager | invalidating skills cache
2021-11-05 23:52:46.515 | INFO     |  6081 | msm.skill_entry | Successfully installed fallback-wolfram-alpha
2021-11-05 23:52:46.516 | INFO     |  6081 | msm.mycroft_skills_manager | invalidating skills cache
2021-11-05 23:52:50.418 | INFO     |  6081 | msm.skill_entry | Successfully installed mycroft-npr-news
2021-11-05 23:52:50.419 | INFO     |  6081 | msm.mycroft_skills_manager | invalidating skills cache
2021-11-05 23:52:51.503 | INFO     |  6081 | msm.skill_entry | Successfully installed mycroft-installer
2021-11-05 23:52:51.503 | INFO     |  6081 | msm.mycroft_skills_manager | invalidating skills cache
2021-11-05 23:52:54.674 | INFO     |  6081 | msm.skill_entry | Successfully installed mycroft-configuration
2021-11-05 23:52:54.675 | INFO     |  6081 | msm.mycroft_skills_manager | invalidating skills cache
2021-11-05 23:53:03.031 | INFO     |  6081 | PairingSkill | Initiating device pairing sequence...
2021-11-05 23:53:03.032 | INFO     |  6081 | PairingSkill | Retrieving pairing code from device API...
2021-11-05 23:53:03.336 | INFO     |  6081 | PairingSkill | Pairing code obtained: FHXPNH
2021-11-05 23:53:03.337 | INFO     |  6081 | PairingSkill | Communicating pairing URL to user
2021-11-05 23:53:14.385 | INFO     |  6081 | msm.skill_entry | Successfully installed mycroft-date-time
2021-11-05 23:53:14.386 | INFO     |  6081 | msm.mycroft_skills_manager | invalidating skills cache
2021-11-05 23:53:17.190 | INFO     |  6081 | msm.skill_entry | Successfully installed mycroft-support-helper
2021-11-05 23:53:17.190 | INFO     |  6081 | msm.mycroft_skills_manager | invalidating skills cache
2021-11-05 23:53:18.574 | INFO     |  6081 | msm.skill_entry | Successfully installed mycroft-alarm
2021-11-05 23:53:18.574 | INFO     |  6081 | msm.mycroft_skills_manager | invalidating skills cache
2021-11-05 23:53:22.016 | INFO     |  6081 | msm.skill_entry | Successfully installed mycroft-wiki
2021-11-05 23:53:22.017 | INFO     |  6081 | msm.mycroft_skills_manager | invalidating skills cache
2021-11-05 23:53:23.208 | INFO     |  6081 | msm.skill_entry | Successfully installed mycroft-weather
2021-11-05 23:53:23.208 | INFO     |  6081 | msm.mycroft_skills_manager | invalidating skills cache
2021-11-05 23:53:23.311 | INFO     |  6081 | mycroft.skills.skill_updater:_log_next_download_time:267 | Next scheduled skill update: 2021-11-06 00:53:23.311306
2021-11-05 23:53:23.312 | INFO     |  6081 | mycroft.skills.skill_updater:update_skills:170 | Skill update complete
2021-11-05 23:53:23.313 | INFO     |  6081 | mycroft.skills.skill_manager:_load_on_startup:273 | Loading installed skills...
2021-11-05 23:53:23.314 | INFO     |  6081 | mycroft.skills.skill_loader:load:185 | ATTEMPTING TO LOAD SKILL: mycroft-fallback-duck-duck-go.mycroftai
2021-11-05 23:53:23.326 | INFO     |  6081 | mycroft.skills.settings:get_local_settings:83 | /opt/mycroft/skills/mycroft-fallback-duck-duck-go.mycroftai/settings.json
2021-11-05 23:53:23.353 | INFO     |  6081 | mycroft.skills.skill_loader:_check_for_first_run:324 | First run of mycroft-fallback-duck-duck-go.mycroftai
2021-11-05 23:53:23.353 | INFO     |  6081 | mycroft.skills.settings:save_settings:116 | Skill settings successfully saved to /home/runner/.config/mycroft/skills/mycroft-fallback-duck-duck-go.mycroftai/settings.json
2021-11-05 23:53:23.354 | INFO     |  6081 | mycroft.skills.skill_loader:_communicate_load_status:344 | Skill mycroft-fallback-duck-duck-go.mycroftai loaded successfully
2021-11-05 23:53:23.355 | INFO     |  6081 | mycroft.skills.skill_loader:load:185 | ATTEMPTING TO LOAD SKILL: mycroft-timer.mycroftai
2021-11-05 23:53:23.419 | INFO     |  6081 | mycroft.skills.settings:get_local_settings:83 | /opt/mycroft/skills/mycroft-timer.mycroftai/settings.json
2021-11-05 23:53:23.537 | INFO     |  6081 | mycroft.skills.skill_loader:_check_for_first_run:324 | First run of mycroft-timer.mycroftai
2021-11-05 23:53:23.538 | INFO     |  6081 | mycroft.skills.settings:save_settings:116 | Skill settings successfully saved to /home/runner/.config/mycroft/skills/mycroft-timer.mycroftai/settings.json
2021-11-05 23:53:23.539 | INFO     |  6081 | mycroft.skills.skill_loader:_communicate_load_status:344 | Skill mycroft-timer.mycroftai loaded successfully
2021-11-05 23:53:23.540 | INFO     |  6081 | mycroft.skills.skill_loader:load:185 | ATTEMPTING TO LOAD SKILL: fallback-unknown.mycroftai
2021-11-05 23:53:23.547 | INFO     |  6081 | mycroft.skills.settings:get_local_settings:83 | /opt/mycroft/skills/fallback-unknown.mycroftai/settings.json
2021-11-05 23:53:23.558 | INFO     |  6081 | mycroft.skills.skill_loader:_check_for_first_run:324 | First run of fallback-unknown.mycroftai
2021-11-05 23:53:23.559 | INFO     |  6081 | mycroft.skills.settings:save_settings:116 | Skill settings successfully saved to /home/runner/.config/mycroft/skills/fallback-unknown.mycroftai/settings.json
2021-11-05 23:53:23.565 | INFO     |  6081 | mycroft.skills.skill_loader:_communicate_load_status:344 | Skill fallback-unknown.mycroftai loaded successfully
2021-11-05 23:53:23.565 | INFO     |  6081 | mycroft.skills.skill_loader:load:185 | ATTEMPTING TO LOAD SKILL: mycroft-date-time.mycroftai
2021-11-05 23:53:23.954 | INFO     |  6081 | mycroft.skills.settings:get_local_settings:83 | /opt/mycroft/skills/mycroft-date-time.mycroftai/settings.json
2021-11-05 23:53:24.018 | INFO     |  6081 | TimeSkill | Registering resting screen <bound method TimeSkill.handle_idle of <mycroft-date-time_mycroftai.TimeSkill object at 0x7fdefc8323d0>> for Time and Date.
2021-11-05 23:53:24.021 | INFO     |  6081 | TimeSkill | Registering resting screen
2021-11-05 23:53:24.028 | INFO     |  6081 | mycroft.skills.skill_loader:_check_for_first_run:324 | First run of mycroft-date-time.mycroftai
2021-11-05 23:53:24.033 | INFO     |  6081 | mycroft.skills.settings:save_settings:116 | Skill settings successfully saved to /home/runner/.config/mycroft/skills/mycroft-date-time.mycroftai/settings.json
2021-11-05 23:53:24.071 | INFO     |  6081 | mycroft.skills.skill_loader:_communicate_load_status:344 | Skill mycroft-date-time.mycroftai loaded successfully
2021-11-05 23:53:24.072 | INFO     |  6081 | mycroft.skills.skill_loader:load:185 | ATTEMPTING TO LOAD SKILL: mycroft-playback-control.mycroftai
2021-11-05 23:53:24.081 | INFO     |  6081 | mycroft.skills.settings:get_local_settings:83 | /opt/mycroft/skills/mycroft-playback-control.mycroftai/settings.json
2021-11-05 23:53:24.165 | INFO     |  6081 | mycroft.skills.skill_loader:_check_for_first_run:324 | First run of mycroft-playback-control.mycroftai
2021-11-05 23:53:24.167 | INFO     |  6081 | mycroft.skills.settings:save_settings:116 | Skill settings successfully saved to /home/runner/.config/mycroft/skills/mycroft-playback-control.mycroftai/settings.json
2021-11-05 23:53:24.189 | INFO     |  6081 | mycroft.skills.skill_loader:_communicate_load_status:344 | Skill mycroft-playback-control.mycroftai loaded successfully
2021-11-05 23:53:24.189 | INFO     |  6081 | mycroft.skills.skill_loader:load:185 | ATTEMPTING TO LOAD SKILL: mycroft-speak.mycroftai
2021-11-05 23:53:24.196 | INFO     |  6081 | mycroft.skills.settings:get_local_settings:83 | /opt/mycroft/skills/mycroft-speak.mycroftai/settings.json
2021-11-05 23:53:24.220 | INFO     |  6081 | mycroft.skills.skill_loader:_check_for_first_run:324 | First run of mycroft-speak.mycroftai
2021-11-05 23:53:24.221 | INFO     |  6081 | mycroft.skills.settings:save_settings:116 | Skill settings successfully saved to /home/runner/.config/mycroft/skills/mycroft-speak.mycroftai/settings.json
2021-11-05 23:53:24.221 | INFO     |  6081 | mycroft.skills.skill_loader:_communicate_load_status:344 | Skill mycroft-speak.mycroftai loaded successfully
2021-11-05 23:53:24.222 | INFO     |  6081 | mycroft.skills.skill_loader:load:185 | ATTEMPTING TO LOAD SKILL: mycroft-stop.mycroftai
2021-11-05 23:53:24.232 | INFO     |  6081 | mycroft.skills.settings:get_local_settings:83 | /opt/mycroft/skills/mycroft-stop.mycroftai/settings.json
2021-11-05 23:53:24.264 | INFO     |  6081 | mycroft.skills.skill_loader:_check_for_first_run:324 | First run of mycroft-stop.mycroftai
2021-11-05 23:53:24.264 | INFO     |  6081 | mycroft.skills.settings:save_settings:116 | Skill settings successfully saved to /home/runner/.config/mycroft/skills/mycroft-stop.mycroftai/settings.json
2021-11-05 23:53:24.281 | INFO     |  6081 | mycroft.skills.skill_loader:_communicate_load_status:344 | Skill mycroft-stop.mycroftai loaded successfully
2021-11-05 23:53:24.281 | INFO     |  6081 | mycroft.skills.skill_loader:load:185 | ATTEMPTING TO LOAD SKILL: mycroft-installer.mycroftai
2021-11-05 23:53:24.287 | INFO     |  6081 | mycroft.skills.settings:get_local_settings:83 | /opt/mycroft/skills/mycroft-installer.mycroftai/settings.json
2021-11-05 23:53:24.316 | INFO     |  6081 | mycroft.skills.skill_loader:_check_for_first_run:324 | First run of mycroft-installer.mycroftai
2021-11-05 23:53:24.316 | INFO     |  6081 | mycroft.skills.settings:save_settings:116 | Skill settings successfully saved to /home/runner/.config/mycroft/skills/mycroft-installer.mycroftai/settings.json
2021-11-05 23:53:24.319 | INFO     |  6081 | mycroft.skills.skill_loader:_communicate_load_status:344 | Skill mycroft-installer.mycroftai loaded successfully
2021-11-05 23:53:24.320 | INFO     |  6081 | mycroft.skills.skill_loader:load:185 | ATTEMPTING TO LOAD SKILL: mycroft-ip.mycroftai
2021-11-05 23:53:24.343 | INFO     |  6081 | mycroft.skills.settings:get_local_settings:83 | /opt/mycroft/skills/mycroft-ip.mycroftai/settings.json
2021-11-05 23:53:24.362 | INFO     |  6081 | mycroft.skills.skill_loader:_check_for_first_run:324 | First run of mycroft-ip.mycroftai
2021-11-05 23:53:24.364 | INFO     |  6081 | mycroft.skills.settings:save_settings:116 | Skill settings successfully saved to /home/runner/.config/mycroft/skills/mycroft-ip.mycroftai/settings.json
2021-11-05 23:53:24.377 | INFO     |  6081 | mycroft.skills.skill_loader:_communicate_load_status:344 | Skill mycroft-ip.mycroftai loaded successfully
2021-11-05 23:53:24.378 | INFO     |  6081 | mycroft.skills.skill_loader:load:185 | ATTEMPTING TO LOAD SKILL: mycroft-npr-news.mycroftai
2021-11-05 23:53:24.495 | INFO     |  6081 | mycroft.skills.settings:get_local_settings:83 | /opt/mycroft/skills/mycroft-npr-news.mycroftai/settings.json
2021-11-05 23:53:25.524 | INFO     |  6081 | mycroft.skills.skill_loader:_check_for_first_run:324 | First run of mycroft-npr-news.mycroftai
2021-11-05 23:53:25.525 | INFO     |  6081 | mycroft.skills.settings:save_settings:116 | Skill settings successfully saved to /home/runner/.config/mycroft/skills/mycroft-npr-news.mycroftai/settings.json
2021-11-05 23:53:25.536 | INFO     |  6081 | mycroft.skills.skill_loader:_communicate_load_status:344 | Skill mycroft-npr-news.mycroftai loaded successfully
2021-11-05 23:53:25.536 | INFO     |  6081 | mycroft.skills.skill_loader:load:185 | ATTEMPTING TO LOAD SKILL: mycroft-alarm.mycroftai
2021-11-05 23:53:25.571 | INFO     |  6081 | mycroft.skills.settings:get_local_settings:83 | /opt/mycroft/skills/mycroft-alarm.mycroftai/settings.json
2021-11-05 23:53:25.572 | ERROR    |  6081 | AlarmSkill | Couldn't allocate mixer, ALSAAudioError('No such file or directory [default]')
2021-11-05 23:53:25.722 | INFO     |  6081 | mycroft.skills.skill_loader:_check_for_first_run:324 | First run of mycroft-alarm.mycroftai
2021-11-05 23:53:25.722 | INFO     |  6081 | mycroft.skills.settings:save_settings:116 | Skill settings successfully saved to /home/runner/.config/mycroft/skills/mycroft-alarm.mycroftai/settings.json
2021-11-05 23:53:25.731 | INFO     |  6081 | mycroft.skills.skill_loader:_communicate_load_status:344 | Skill mycroft-alarm.mycroftai loaded successfully
2021-11-05 23:53:25.732 | INFO     |  6081 | mycroft.skills.skill_loader:load:185 | ATTEMPTING TO LOAD SKILL: mycroft-reminder.mycroftai
2021-11-05 23:53:25.781 | INFO     |  6081 | mycroft.skills.settings:get_local_settings:83 | /opt/mycroft/skills/mycroft-reminder.mycroftai/settings.json
2021-11-05 23:53:25.933 | INFO     |  6081 | mycroft.skills.skill_loader:_check_for_first_run:324 | First run of mycroft-reminder.mycroftai
2021-11-05 23:53:25.934 | INFO     |  6081 | mycroft.skills.settings:save_settings:116 | Skill settings successfully saved to /home/runner/.config/mycroft/skills/mycroft-reminder.mycroftai/settings.json
2021-11-05 23:53:25.934 | INFO     |  6081 | mycroft.skills.skill_loader:_communicate_load_status:344 | Skill mycroft-reminder.mycroftai loaded successfully
2021-11-05 23:53:25.935 | INFO     |  6081 | mycroft.skills.skill_loader:load:185 | ATTEMPTING TO LOAD SKILL: mycroft-naptime.mycroftai
2021-11-05 23:53:25.948 | INFO     |  6081 | mycroft.skills.settings:get_local_settings:83 | /opt/mycroft/skills/mycroft-naptime.mycroftai/settings.json
2021-11-05 23:53:25.963 | INFO     |  6081 | mycroft.skills.skill_loader:_check_for_first_run:324 | First run of mycroft-naptime.mycroftai
2021-11-05 23:53:26.004 | INFO     |  6081 | mycroft.skills.settings:save_settings:116 | Skill settings successfully saved to /home/runner/.config/mycroft/skills/mycroft-naptime.mycroftai/settings.json
2021-11-05 23:53:26.013 | INFO     |  6081 | mycroft.skills.skill_loader:_communicate_load_status:344 | Skill mycroft-naptime.mycroftai loaded successfully
2021-11-05 23:53:26.013 | INFO     |  6081 | mycroft.skills.skill_loader:load:185 | ATTEMPTING TO LOAD SKILL: mycroft-joke.mycroftai
2021-11-05 23:53:26.111 | INFO     |  6081 | mycroft.skills.settings:get_local_settings:83 | /opt/mycroft/skills/mycroft-joke.mycroftai/settings.json
2021-11-05 23:53:26.174 | INFO     |  6081 | mycroft.skills.skill_loader:_check_for_first_run:324 | First run of mycroft-joke.mycroftai
2021-11-05 23:53:26.175 | INFO     |  6081 | mycroft.skills.settings:save_settings:116 | Skill settings successfully saved to /home/runner/.config/mycroft/skills/mycroft-joke.mycroftai/settings.json
2021-11-05 23:53:26.176 | INFO     |  6081 | mycroft.skills.skill_loader:_communicate_load_status:344 | Skill mycroft-joke.mycroftai loaded successfully
2021-11-05 23:53:26.176 | INFO     |  6081 | mycroft.skills.skill_loader:load:185 | ATTEMPTING TO LOAD SKILL: mycroft-personal.mycroftai
2021-11-05 23:53:26.232 | INFO     |  6081 | mycroft.skills.settings:get_local_settings:83 | /opt/mycroft/skills/mycroft-personal.mycroftai/settings.json
2021-11-05 23:53:26.344 | INFO     |  6081 | mycroft.skills.skill_loader:_check_for_first_run:324 | First run of mycroft-personal.mycroftai
2021-11-05 23:53:26.345 | INFO     |  6081 | mycroft.skills.settings:save_settings:116 | Skill settings successfully saved to /home/runner/.config/mycroft/skills/mycroft-personal.mycroftai/settings.json
2021-11-05 23:53:26.346 | INFO     |  6081 | mycroft.skills.skill_loader:_communicate_load_status:344 | Skill mycroft-personal.mycroftai loaded successfully
2021-11-05 23:53:26.346 | INFO     |  6081 | mycroft.skills.skill_loader:load:185 | ATTEMPTING TO LOAD SKILL: mycroft-support-helper.mycroftai
2021-11-05 23:53:26.441 | INFO     |  6081 | mycroft.skills.settings:get_local_settings:83 | /opt/mycroft/skills/mycroft-support-helper.mycroftai/settings.json
2021-11-05 23:53:26.506 | INFO     |  6081 | mycroft.skills.skill_loader:_check_for_first_run:324 | First run of mycroft-support-helper.mycroftai
2021-11-05 23:53:26.522 | INFO     |  6081 | mycroft.skills.settings:save_settings:116 | Skill settings successfully saved to /home/runner/.config/mycroft/skills/mycroft-support-helper.mycroftai/settings.json
2021-11-05 23:53:26.523 | INFO     |  6081 | mycroft.skills.skill_loader:_communicate_load_status:344 | Skill mycroft-support-helper.mycroftai loaded successfully
2021-11-05 23:53:26.547 | INFO     |  6081 | mycroft.skills.skill_loader:load:185 | ATTEMPTING TO LOAD SKILL: mycroft-wiki.mycroftai
2021-11-05 23:53:26.613 | INFO     |  6081 | mycroft.skills.settings:get_local_settings:83 | /opt/mycroft/skills/mycroft-wiki.mycroftai/settings.json
2021-11-05 23:53:26.713 | INFO     |  6081 | mycroft.skills.skill_loader:_check_for_first_run:324 | First run of mycroft-wiki.mycroftai
2021-11-05 23:53:26.720 | INFO     |  6081 | mycroft.skills.settings:save_settings:116 | Skill settings successfully saved to /home/runner/.config/mycroft/skills/mycroft-wiki.mycroftai/settings.json
2021-11-05 23:53:26.732 | INFO     |  6081 | mycroft.skills.skill_loader:_communicate_load_status:344 | Skill mycroft-wiki.mycroftai loaded successfully
2021-11-05 23:53:26.733 | INFO     |  6081 | mycroft.skills.skill_loader:load:185 | ATTEMPTING TO LOAD SKILL: mycroft-hello-world.mycroftai
2021-11-05 23:53:26.783 | INFO     |  6081 | mycroft.skills.settings:get_local_settings:83 | /opt/mycroft/skills/mycroft-hello-world.mycroftai/settings.json
2021-11-05 23:53:26.879 | INFO     |  6081 | mycroft.skills.skill_loader:_check_for_first_run:324 | First run of mycroft-hello-world.mycroftai
2021-11-05 23:53:26.884 | INFO     |  6081 | mycroft.skills.settings:save_settings:116 | Skill settings successfully saved to /home/runner/.config/mycroft/skills/mycroft-hello-world.mycroftai/settings.json
2021-11-05 23:53:26.895 | INFO     |  6081 | mycroft.skills.skill_loader:_communicate_load_status:344 | Skill mycroft-hello-world.mycroftai loaded successfully
2021-11-05 23:53:26.898 | INFO     |  6081 | mycroft.skills.skill_loader:load:185 | ATTEMPTING TO LOAD SKILL: mycroft-weather.mycroftai
2021-11-05 23:53:27.070 | INFO     |  6081 | mycroft.skills.settings:get_local_settings:83 | /opt/mycroft/skills/mycroft-weather.mycroftai/settings.json
2021-11-05 23:53:27.937 | INFO     |  6081 | mycroft.skills.skill_loader:_check_for_first_run:324 | First run of mycroft-weather.mycroftai
2021-11-05 23:53:27.937 | INFO     |  6081 | mycroft.skills.settings:save_settings:116 | Skill settings successfully saved to /home/runner/.config/mycroft/skills/mycroft-weather.mycroftai/settings.json
2021-11-05 23:53:27.938 | INFO     |  6081 | mycroft.skills.skill_loader:_communicate_load_status:344 | Skill mycroft-weather.mycroftai loaded successfully
2021-11-05 23:53:27.939 | INFO     |  6081 | mycroft.skills.skill_loader:load:185 | ATTEMPTING TO LOAD SKILL: mycroft-configuration.mycroftai
2021-11-05 23:53:28.006 | INFO     |  6081 | mycroft.skills.settings:get_local_settings:83 | /opt/mycroft/skills/mycroft-configuration.mycroftai/settings.json
2021-11-05 23:53:28.102 | INFO     |  6081 | mycroft.skills.skill_loader:_check_for_first_run:324 | First run of mycroft-configuration.mycroftai
2021-11-05 23:53:28.116 | INFO     |  6081 | mycroft.skills.settings:save_settings:116 | Skill settings successfully saved to /home/runner/.config/mycroft/skills/mycroft-configuration.mycroftai/settings.json
2021-11-05 23:53:28.122 | INFO     |  6081 | mycroft.skills.skill_loader:_communicate_load_status:344 | Skill mycroft-configuration.mycroftai loaded successfully
2021-11-05 23:53:28.122 | INFO     |  6081 | mycroft.skills.skill_loader:load:185 | ATTEMPTING TO LOAD SKILL: homeassistant.mycroftai
2021-11-05 23:53:28.825 | INFO     |  6081 | mycroft.skills.settings:get_local_settings:83 | /opt/mycroft/skills/homeassistant.mycroftai/settings.json
2021-11-05 23:53:28.826 | INFO     |  6081 | mycroft.skills.settings:get_local_settings:83 | /opt/mycroft/skills/homeassistant.mycroftai/settings.json
2021-11-05 23:53:28.980 | INFO     |  6081 | mycroft.skills.skill_loader:_communicate_load_status:344 | Skill homeassistant.mycroftai loaded successfully
2021-11-05 23:53:28.980 | INFO     |  6081 | mycroft.skills.skill_loader:load:185 | ATTEMPTING TO LOAD SKILL: mycroft-audio-record.mycroftai
2021-11-05 23:53:28.987 | INFO     |  6081 | mycroft.skills.settings:get_local_settings:83 | /opt/mycroft/skills/mycroft-audio-record.mycroftai/settings.json
2021-11-05 23:53:29.070 | INFO     |  6081 | mycroft.skills.skill_loader:_check_for_first_run:324 | First run of mycroft-audio-record.mycroftai
2021-11-05 23:53:29.071 | INFO     |  6081 | mycroft.skills.settings:save_settings:116 | Skill settings successfully saved to /home/runner/.config/mycroft/skills/mycroft-audio-record.mycroftai/settings.json
2021-11-05 23:53:29.078 | INFO     |  6081 | mycroft.skills.skill_loader:_communicate_load_status:344 | Skill mycroft-audio-record.mycroftai loaded successfully
2021-11-05 23:53:29.078 | INFO     |  6081 | mycroft.skills.skill_loader:load:185 | ATTEMPTING TO LOAD SKILL: mycroft-version-checker.mycroftai
2021-11-05 23:53:29.108 | INFO     |  6081 | mycroft.skills.settings:get_local_settings:83 | /opt/mycroft/skills/mycroft-version-checker.mycroftai/settings.json
2021-11-05 23:53:29.149 | INFO     |  6081 | mycroft.skills.skill_loader:_check_for_first_run:324 | First run of mycroft-version-checker.mycroftai
2021-11-05 23:53:29.149 | INFO     |  6081 | mycroft.skills.settings:save_settings:116 | Skill settings successfully saved to /home/runner/.config/mycroft/skills/mycroft-version-checker.mycroftai/settings.json
2021-11-05 23:53:29.151 | INFO     |  6081 | mycroft.skills.skill_loader:_communicate_load_status:344 | Skill mycroft-version-checker.mycroftai loaded successfully
2021-11-05 23:53:29.151 | INFO     |  6081 | mycroft.skills.skill_loader:load:185 | ATTEMPTING TO LOAD SKILL: fallback-wolfram-alpha.mycroftai
2021-11-05 23:53:29.273 | INFO     |  6081 | mycroft.skills.settings:get_local_settings:83 | /opt/mycroft/skills/fallback-wolfram-alpha.mycroftai/settings.json
2021-11-05 23:53:29.342 | INFO     |  6081 | mycroft.skills.skill_loader:_check_for_first_run:324 | First run of fallback-wolfram-alpha.mycroftai
2021-11-05 23:53:29.343 | INFO     |  6081 | mycroft.skills.settings:save_settings:116 | Skill settings successfully saved to /home/runner/.config/mycroft/skills/fallback-wolfram-alpha.mycroftai/settings.json
2021-11-05 23:53:29.343 | INFO     |  6081 | mycroft.skills.skill_loader:_communicate_load_status:344 | Skill fallback-wolfram-alpha.mycroftai loaded successfully
2021-11-05 23:53:29.344 | INFO     |  6081 | mycroft.skills.skill_loader:load:185 | ATTEMPTING TO LOAD SKILL: mycroft-spelling.mycroftai
2021-11-05 23:53:29.366 | INFO     |  6081 | mycroft.skills.settings:get_local_settings:83 | /opt/mycroft/skills/mycroft-spelling.mycroftai/settings.json
2021-11-05 23:53:29.398 | INFO     |  6081 | mycroft.skills.skill_loader:_check_for_first_run:324 | First run of mycroft-spelling.mycroftai
2021-11-05 23:53:29.399 | INFO     |  6081 | mycroft.skills.settings:save_settings:116 | Skill settings successfully saved to /home/runner/.config/mycroft/skills/mycroft-spelling.mycroftai/settings.json
2021-11-05 23:53:29.400 | INFO     |  6081 | mycroft.skills.skill_loader:_communicate_load_status:344 | Skill mycroft-spelling.mycroftai loaded successfully
2021-11-05 23:53:29.401 | INFO     |  6081 | mycroft.skills.skill_loader:load:185 | ATTEMPTING TO LOAD SKILL: fallback-query.mycroftai
2021-11-05 23:53:29.430 | INFO     |  6081 | mycroft.skills.settings:get_local_settings:83 | /opt/mycroft/skills/fallback-query.mycroftai/settings.json
2021-11-05 23:53:29.462 | INFO     |  6081 | mycroft.skills.skill_loader:_check_for_first_run:324 | First run of fallback-query.mycroftai
2021-11-05 23:53:29.462 | INFO     |  6081 | mycroft.skills.settings:save_settings:116 | Skill settings successfully saved to /home/runner/.config/mycroft/skills/fallback-query.mycroftai/settings.json
2021-11-05 23:53:29.463 | INFO     |  6081 | mycroft.skills.skill_loader:_communicate_load_status:344 | Skill fallback-query.mycroftai loaded successfully
2021-11-05 23:53:29.464 | INFO     |  6081 | mycroft.skills.skill_loader:load:185 | ATTEMPTING TO LOAD SKILL: mycroft-singing.mycroftai
2021-11-05 23:53:29.483 | INFO     |  6081 | mycroft.skills.settings:get_local_settings:83 | /opt/mycroft/skills/mycroft-singing.mycroftai/settings.json
2021-11-05 23:53:29.522 | INFO     |  6081 | mycroft.skills.skill_loader:_check_for_first_run:324 | First run of mycroft-singing.mycroftai
2021-11-05 23:53:29.523 | INFO     |  6081 | mycroft.skills.settings:save_settings:116 | Skill settings successfully saved to /home/runner/.config/mycroft/skills/mycroft-singing.mycroftai/settings.json
2021-11-05 23:53:29.547 | INFO     |  6081 | mycroft.skills.skill_loader:_communicate_load_status:344 | Skill mycroft-singing.mycroftai loaded successfully
2021-11-05 23:53:29.548 | INFO     |  6081 | mycroft.skills.skill_manager:_load_on_startup:275 | Skills all loaded!
2021-11-05 23:53:29.579 | INFO     |  6081 | __main__:on_ready:185 | Skills service is ready.
2021-11-05 23:53:29.992 | INFO     |  6081 | mycroft.skills.intent_services.padatious_service:train:151 | Training... (single_thread=False)
Regenerated mycroft-alarm.mycroftai:{daytype}.
Regenerated mycroft-timer.mycroftai:start.timer.intent.
Regenerated mycroft-timer.mycroftai:timer.status.intent.
Regenerated mycroft-date-time.mycroftai:what.time.is.it.intent.
Regenerated mycroft-date-time.mycroftai:date.last.weekend.intent.
Regenerated mycroft-date-time.mycroftai:date.future.weekend.intent.
Regenerated mycroft-date-time.mycroftai:what.time.will.it.be.intent.
Regenerated mycroft-stop.mycroftai:shutdown.intent.
Regenerated mycroft-stop.mycroftai:wifi.setup.intent.
Regenerated mycroft-reminder.mycroftai:CancelActiveReminder.intent.
Regenerated mycroft-reminder.mycroftai:UnspecifiedReminderAt.intent.
Regenerated mycroft-reminder.mycroftai:SnoozeReminder.intent.
Regenerated mycroft-reminder.mycroftai:DeleteReminderForDay.intent.
Regenerated mycroft-reminder.mycroftai:ClearReminders.intent.
Regenerated mycroft-personal.mycroftai:WhereWereYouBorn.intent.
Regenerated mycroft-personal.mycroftai:DoYouDream.intent.
Regenerated mycroft-personal.mycroftai:DoYouRhyme.intent.
Regenerated mycroft-personal.mycroftai:WhenWereYouBorn.intent.
Regenerated mycroft-personal.mycroftai:WhoAreYou.intent.
Regenerated mycroft-personal.mycroftai:WhatAreYou.intent.
Regenerated mycroft-personal.mycroftai:WhoMadeYou.intent.
Regenerated mycroft-support-helper.mycroftai:contact.support.intent.
Regenerated mycroft-wiki.mycroftai:Random.intent.
Regenerated mycroft-hello-world.mycroftai:HowAreYou.intent.
Regenerated mycroft-weather.mycroftai:do-i-need-an-umbrella.intent.
Regenerated mycroft-configuration.mycroftai:WhereAreYou.intent.
Regenerated mycroft-configuration.mycroftai:EnablePreciseDev.intent.
Regenerated mycroft-configuration.mycroftai:DisablePreciseDev.intent.
Regenerated homeassistant.mycroftai:cover.stop.intent.
Regenerated homeassistant.mycroftai:cover.close.intent.
Regenerated homeassistant.mycroftai:turn.on.intent.
Regenerated homeassistant.mycroftai:toggle.intent.
Regenerated homeassistant.mycroftai:automation.intent.
Regenerated homeassistant.mycroftai:decrease.light.brightness.intent.
Regenerated homeassistant.mycroftai:turn.off.intent.
Regenerated mycroft-audio-record.mycroftai:PlayRecording.intent.
Regenerated mycroft-audio-record.mycroftai:StartRecording.intent.
Regenerated mycroft-stop.mycroftai:reboot.intent.
Regenerated mycroft-stop.mycroftai:ssh.disable.intent.
Regenerated mycroft-stop.mycroftai:ssh.enable.intent.
Regenerated mycroft-installer.mycroftai:list.skills.intent.
Regenerated mycroft-installer.mycroftai:remove.intent.
Regenerated mycroft-installer.mycroftai:install.intent.
Regenerated mycroft-installer.mycroftai:install.custom.intent.
Regenerated mycroft-installer.mycroftai:is.installed.intent.
Regenerated mycroft-installer.mycroftai:install.beta.intent.
Regenerated mycroft-npr-news.mycroftai:PlayTheNews.intent.
Regenerated mycroft-alarm.mycroftai:snooze.intent.
Regenerated mycroft-alarm.mycroftai:change.alarm.sound.intent.
Regenerated mycroft-reminder.mycroftai:GetRemindersForDay.intent.
Regenerated mycroft-reminder.mycroftai:ReminderAt.intent.
Regenerated mycroft-reminder.mycroftai:Reminder.intent.
Regenerated mycroft-reminder.mycroftai:GetNextReminders.intent.
Regenerated homeassistant.mycroftai:cover.open.intent.
Regenerated homeassistant.mycroftai:add.item.shopping.list.intent.
Regenerated homeassistant.mycroftai:set.climate.intent.
Regenerated homeassistant.mycroftai:increase.light.brightness.intent.
Regenerated homeassistant.mycroftai:set.light.brightness.intent.
Regenerated homeassistant.mycroftai:tracker.intent.
Regenerated homeassistant.mycroftai:sensor.intent.
Regenerated homeassistant.mycroftai:camera.intent.
2021-11-05 23:53:33.465 | INFO     |  6081 | mycroft.skills.intent_services.padatious_service:train:153 | Training complete.
2021-11-05 23:53:33.669 | INFO     |  6081 | mycroft.skills.settings:save_settings:116 | Skill settings successfully saved to /home/runner/.config/mycroft/skills/mycroft-pairing.mycroftai/settings.json
2021-11-05 23:53:33.972 | INFO     |  6081 | mycroft.skills.settings:save_settings:116 | Skill settings successfully saved to /home/runner/.config/mycroft/skills/mycroft-timer.mycroftai/settings.json
2021-11-05 23:54:07.953 | INFO     |  6081 | __main__:on_stopping:193 | Skills service is shutting down...
2021-11-05 23:54:07.953 | INFO     |  6081 | __main__:shutdown:284 | Shutting down Skills service
2021-11-05 23:54:08.001 | ERROR    |  6081 | VolumeSkill | Couldn't allocate mixer, ALSAAudioError('No such file or directory [default]')
2021-11-05 23:54:08.002 | INFO     |  6081 | mycroft.skills.settings:save_settings:116 | Skill settings successfully saved to /home/runner/.config/mycroft/skills/mycroft-volume.mycroftai/settings.json
2021-11-05 23:54:08.005 | INFO     |  6081 | mycroft.skills.settings:save_settings:116 | Skill settings successfully saved to /home/runner/.config/mycroft/skills/mycroft-fallback-duck-duck-go.mycroftai/settings.json
2021-11-05 23:54:08.009 | INFO     |  6081 | UnknownSkill | Removing all handlers...
2021-11-05 23:54:08.010 | INFO     |  6081 | mycroft.skills.settings:save_settings:116 | Skill settings successfully saved to /home/runner/.config/mycroft/skills/fallback-unknown.mycroftai/settings.json
2021-11-05 23:54:08.022 | INFO     |  6081 | mycroft.skills.settings:save_settings:116 | Skill settings successfully saved to /home/runner/.config/mycroft/skills/mycroft-date-time.mycroftai/settings.json
2021-11-05 23:54:08.037 | INFO     |  6081 | mycroft.skills.settings:save_settings:116 | Skill settings successfully saved to /home/runner/.config/mycroft/skills/mycroft-playback-control.mycroftai/settings.json
2021-11-05 23:54:09.039 | INFO     |  6081 | Playback Control Skill | Audio service status: {}
2021-11-05 23:54:10.041 | WARNING  |  6081 | mycroft.skills.skill_manager:_shutdown_skill:106 | mycroft-playback-control.mycroftai shutdown took 2.009364625000103 seconds
2021-11-05 23:54:10.042 | INFO     |  6081 | mycroft.skills.settings:save_settings:116 | Skill settings successfully saved to /home/runner/.config/mycroft/skills/mycroft-speak.mycroftai/settings.json
2021-11-05 23:54:10.043 | INFO     |  6081 | mycroft.skills.settings:save_settings:116 | Skill settings successfully saved to /home/runner/.config/mycroft/skills/mycroft-stop.mycroftai/settings.json
2021-11-05 23:54:10.046 | INFO     |  6081 | mycroft.skills.settings:save_settings:116 | Skill settings successfully saved to /home/runner/.config/mycroft/skills/mycroft-installer.mycroftai/settings.json
2021-11-05 23:54:10.074 | INFO     |  6081 | mycroft.skills.settings:save_settings:116 | Skill settings successfully saved to /home/runner/.config/mycroft/skills/mycroft-ip.mycroftai/settings.json
2021-11-05 23:54:10.076 | INFO     |  6081 | mycroft.skills.settings:save_settings:116 | Skill settings successfully saved to /home/runner/.config/mycroft/skills/mycroft-npr-news.mycroftai/settings.json
2021-11-05 23:54:10.079 | INFO     |  6081 | mycroft.skills.settings:save_settings:116 | Skill settings successfully saved to /home/runner/.config/mycroft/skills/mycroft-alarm.mycroftai/settings.json
2021-11-05 23:54:10.081 | INFO     |  6081 | mycroft.skills.settings:save_settings:116 | Skill settings successfully saved to /home/runner/.config/mycroft/skills/mycroft-reminder.mycroftai/settings.json
2021-11-05 23:54:10.093 | INFO     |  6081 | mycroft.skills.settings:save_settings:116 | Skill settings successfully saved to /home/runner/.config/mycroft/skills/mycroft-naptime.mycroftai/settings.json
2021-11-05 23:54:10.104 | INFO     |  6081 | mycroft.skills.settings:save_settings:116 | Skill settings successfully saved to /home/runner/.config/mycroft/skills/mycroft-joke.mycroftai/settings.json
2021-11-05 23:54:10.114 | INFO     |  6081 | mycroft.skills.settings:save_settings:116 | Skill settings successfully saved to /home/runner/.config/mycroft/skills/mycroft-personal.mycroftai/settings.json
2021-11-05 23:54:10.116 | INFO     |  6081 | mycroft.skills.settings:save_settings:116 | Skill settings successfully saved to /home/runner/.config/mycroft/skills/mycroft-support-helper.mycroftai/settings.json
2021-11-05 23:54:10.117 | INFO     |  6081 | mycroft.skills.settings:save_settings:116 | Skill settings successfully saved to /home/runner/.config/mycroft/skills/mycroft-wiki.mycroftai/settings.json
2021-11-05 23:54:10.121 | INFO     |  6081 | mycroft.skills.settings:save_settings:116 | Skill settings successfully saved to /home/runner/.config/mycroft/skills/mycroft-hello-world.mycroftai/settings.json
2021-11-05 23:54:10.128 | INFO     |  6081 | mycroft.skills.settings:save_settings:116 | Skill settings successfully saved to /home/runner/.config/mycroft/skills/mycroft-weather.mycroftai/settings.json
2021-11-05 23:54:10.131 | INFO     |  6081 | mycroft.skills.settings:save_settings:116 | Skill settings successfully saved to /home/runner/.config/mycroft/skills/mycroft-configuration.mycroftai/settings.json
2021-11-05 23:54:10.138 | INFO     |  6081 | HomeAssistantSkill | Removing all handlers...
2021-11-05 23:54:10.139 | WARNING  |  6081 | mycroft.skills.fallback_skill:remove_fallback:185 | Could not find matching fallback handler
2021-11-05 23:54:10.141 | INFO     |  6081 | mycroft.skills.settings:save_settings:116 | Skill settings successfully saved to /home/runner/.config/mycroft/skills/mycroft-audio-record.mycroftai/settings.json
2021-11-05 23:54:10.143 | INFO     |  6081 | mycroft.skills.settings:save_settings:116 | Skill settings successfully saved to /home/runner/.config/mycroft/skills/mycroft-version-checker.mycroftai/settings.json
2021-11-05 23:54:10.152 | INFO     |  6081 | mycroft.skills.settings:save_settings:116 | Skill settings successfully saved to /home/runner/.config/mycroft/skills/fallback-wolfram-alpha.mycroftai/settings.json
2021-11-05 23:54:10.154 | INFO     |  6081 | mycroft.skills.settings:save_settings:116 | Skill settings successfully saved to /home/runner/.config/mycroft/skills/mycroft-spelling.mycroftai/settings.json
2021-11-05 23:54:10.155 | INFO     |  6081 | QuestionsAnswersSkill | Removing all handlers...
2021-11-05 23:54:10.162 | INFO     |  6081 | mycroft.skills.settings:save_settings:116 | Skill settings successfully saved to /home/runner/.config/mycroft/skills/fallback-query.mycroftai/settings.json
2021-11-05 23:54:10.163 | INFO     |  6081 | mycroft.skills.settings:save_settings:116 | Skill settings successfully saved to /home/runner/.config/mycroft/skills/mycroft-singing.mycroftai/settings.json
2021-11-05 23:54:10.164 | INFO     |  6081 | __main__:shutdown:291 | Skills service shutdown complete!
2021-11-05 23:54:10.168 | ERROR    |  6081 | websocket | error from callback <bound method MessageBusClient.on_message of <mycroft.messagebus.client.client.MessageBusClient object at 0x7fdf08998590>>: cannot schedule new futures after shutdown
2021-11-05 23:54:10.168 | ERROR    |  6081 | mycroft_bus_client.client.client | === RuntimeError('cannot schedule new futures after shutdown') ===
Traceback (most recent call last):
  File "/opt/mycroft-core/.venv/lib/python3.7/site-packages/mycroft_bus_client/client/client.py", line 154, in on_error
    self.emitter.emit('error', error)
  File "/opt/mycroft-core/.venv/lib/python3.7/site-packages/pyee/_base.py", line 116, in emit
    self._emit_handle_potential_error(event, args[0] if args else None)
  File "/opt/mycroft-core/.venv/lib/python3.7/site-packages/pyee/_base.py", line 86, in _emit_handle_potential_error
    raise error
  File "/opt/mycroft-core/.venv/lib/python3.7/site-packages/websocket/_app.py", line 318, in run_forever
    proxy_type=proxy_type)
  File "/opt/mycroft-core/.venv/lib/python3.7/site-packages/websocket/_core.py", line 250, in connect
    options.pop('socket', None))
  File "/opt/mycroft-core/.venv/lib/python3.7/site-packages/websocket/_http.py", line 130, in connect
    sock = _open_socket(addrinfo_list, options.sockopt, options.timeout)
  File "/opt/mycroft-core/.venv/lib/python3.7/site-packages/websocket/_http.py", line 208, in _open_socket
    raise err
  File "/opt/mycroft-core/.venv/lib/python3.7/site-packages/websocket/_http.py", line 185, in _open_socket
    sock.connect(address)
ConnectionRefusedError: [Errno 111] Connection refused

During handling of the above exception, another exception occurred:

Traceback (most recent call last):
  File "/opt/mycroft-core/.venv/lib/python3.7/site-packages/websocket/_app.py", line 407, in _callback
    callback(self, *args)
  File "/opt/mycroft-core/.venv/lib/python3.7/site-packages/mycroft_bus_client/client/client.py", line 182, in on_message
    self.emitter.emit('message', message)
  File "/opt/mycroft-core/.venv/lib/python3.7/site-packages/pyee/_base.py", line 113, in emit
    handled = self._call_handlers(event, args, kwargs)
  File "/opt/mycroft-core/.venv/lib/python3.7/site-packages/pyee/_base.py", line 96, in _call_handlers
    self._emit_run(f, args, kwargs)
  File "/opt/mycroft-core/.venv/lib/python3.7/site-packages/pyee/_executor.py", line 50, in _emit_run
    future = self._executor.submit(f, *args, **kwargs)
  File "/opt/hostedtoolcache/Python/3.7.12/x64/lib/python3.7/concurrent/futures/thread.py", line 163, in submit
    raise RuntimeError('cannot schedule new futures after shutdown')
RuntimeError: cannot schedule new futures after shutdown
2021-11-05 23:54:10.169 | ERROR    |  6081 | mycroft_bus_client.client.client | Exception closing websocket: RuntimeError('cannot schedule new futures after shutdown')
2021-11-05 23:54:10.169 | WARNING  |  6081 | mycroft_bus_client.client.client | Message Bus Client will reconnect in 5.0 seconds.
