2021-10-27 16:37:10.885 | INFO     |  5346 | mycroft.messagebus.load_config:load_message_bus_config:33 | Loading message bus configs
2021-10-27 16:37:10.886 | ERROR    |  5346 | mycroft_bus_client.client.client | === ConnectionRefusedError(111, 'Connection refused') ===
Traceback (most recent call last):
  File "/opt/mycroft-core/.venv/lib/python3.7/site-packages/websocket/_app.py", line 254, in run_forever
    proxy_type=proxy_type)
  File "/opt/mycroft-core/.venv/lib/python3.7/site-packages/websocket/_core.py", line 220, in connect
    options.pop('socket', None))
  File "/opt/mycroft-core/.venv/lib/python3.7/site-packages/websocket/_http.py", line 120, in connect
    sock = _open_socket(addrinfo_list, options.sockopt, options.timeout)
  File "/opt/mycroft-core/.venv/lib/python3.7/site-packages/websocket/_http.py", line 190, in _open_socket
    raise err
  File "/opt/mycroft-core/.venv/lib/python3.7/site-packages/websocket/_http.py", line 170, in _open_socket
    sock.connect(address)
ConnectionRefusedError: [Errno 111] Connection refused
2021-10-27 16:37:10.887 | ERROR    |  5346 | mycroft_bus_client.client.client | Exception closing websocket: ConnectionRefusedError(111, 'Connection refused')
2021-10-27 16:37:10.887 | WARNING  |  5346 | mycroft_bus_client.client.client | Message Bus Client will reconnect in 5 seconds.
2021-10-27 16:37:15.891 | INFO     |  5346 | mycroft_bus_client.client.client | Connected
2021-10-27 16:37:15.898 | INFO     |  5346 | mycroft.util.process_utils:start_message_bus_client:155 | Connected to messagebus
2021-10-27 16:37:15.908 | INFO     |  5346 | mycroft.skills.msm_wrapper:create_msm:96 | Acquiring lock to instantiate MSM
2021-10-27 16:37:15.908 | INFO     |  5346 | msm.mycroft_skills_manager | building SkillEntry objects for all skills
2021-10-27 16:37:16.304 | INFO     |  5346 | mycroft.skills.msm_wrapper:create_msm:112 | Releasing MSM instantiation lock.
2021-10-27 16:37:16.305 | INFO     |  5346 | mycroft.skills.skill_updater:_log_next_download_time:267 | Next scheduled skill update: 2021-10-27 16:37:15.305207
2021-10-27 16:37:16.306 | INFO     |  5346 | msm.skill_entry | Downloading skill: https://github.com/mycroftai/skill-pairing
2021-10-27 16:37:16.672 | INFO     |  5346 | msm.skill_entry | Installing system requirements...
2021-10-27 16:37:16.681 | INFO     |  5346 | msm.skill_entry | Successfully installed mycroft-pairing
2021-10-27 16:37:16.682 | INFO     |  5346 | msm.mycroft_skills_manager | invalidating skills cache
2021-10-27 16:37:16.683 | INFO     |  5346 | mycroft.skills.skill_loader:load:185 | ATTEMPTING TO LOAD SKILL: mycroft-pairing.mycroftai
2021-10-27 16:37:16.691 | INFO     |  5346 | mycroft.skills.settings:get_local_settings:83 | /opt/mycroft/skills/mycroft-pairing.mycroftai/settings.json
2021-10-27 16:37:16.709 | INFO     |  5346 | mycroft.skills.skill_loader:_check_for_first_run:324 | First run of mycroft-pairing.mycroftai
2021-10-27 16:37:16.719 | INFO     |  5346 | mycroft.skills.settings:save_settings:116 | Skill settings successfully saved to /home/runner/.config/mycroft/skills/mycroft-pairing.mycroftai/settings.json
2021-10-27 16:37:16.721 | INFO     |  5346 | mycroft.skills.skill_loader:_communicate_load_status:344 | Skill mycroft-pairing.mycroftai loaded successfully
2021-10-27 16:37:16.721 | INFO     |  5346 | msm.skill_entry | Downloading skill: https://github.com/mycroftai/skill-volume
2021-10-27 16:37:17.000 | INFO     |  5346 | msm.skill_entry | Installing system requirements...
2021-10-27 16:37:17.011 | INFO     |  5346 | msm.skill_entry | Installing requirements.txt for mycroft-volume
2021-10-27 16:37:17.947 | INFO     |  5346 | msm.skill_entry | Successfully installed mycroft-volume
2021-10-27 16:37:17.947 | INFO     |  5346 | msm.mycroft_skills_manager | invalidating skills cache
2021-10-27 16:37:17.949 | INFO     |  5346 | mycroft.skills.skill_loader:load:185 | ATTEMPTING TO LOAD SKILL: mycroft-volume.mycroftai
2021-10-27 16:37:17.962 | INFO     |  5346 | mycroft.skills.settings:get_local_settings:83 | /opt/mycroft/skills/mycroft-volume.mycroftai/settings.json
2021-10-27 16:37:18.062 | ERROR    |  5346 | VolumeSkill | Couldn't allocate mixer, ALSAAudioError('No such file or directory [default]')
2021-10-27 16:37:21.065 | INFO     |  5346 | mycroft.skills.skill_loader:_check_for_first_run:324 | First run of mycroft-volume.mycroftai
2021-10-27 16:37:21.066 | INFO     |  5346 | mycroft.skills.settings:save_settings:116 | Skill settings successfully saved to /home/runner/.config/mycroft/skills/mycroft-volume.mycroftai/settings.json
2021-10-27 16:37:21.066 | INFO     |  5346 | mycroft.skills.skill_loader:_communicate_load_status:344 | Skill mycroft-volume.mycroftai loaded successfully
2021-10-27 16:37:21.067 | INFO     |  5346 | __main__:on_started:177 | Skills service is starting up.
2021-10-27 16:37:21.112 | INFO     |  5346 | __main__:_update_system:154 | Attempting system update...
2021-10-27 16:37:24.114 | INFO     |  5346 | mycroft.enclosure.display_manager:_write_data:70 | Display Manager is creating /tmp/mycroft/ipc/managers/disp_info
2021-10-27 16:37:24.115 | INFO     |  5346 | __main__:_ensure_device_is_paired:133 | Device not paired, invoking the pairing skill
2021-10-27 16:37:24.117 | INFO     |  5346 | __main__:on_alive:181 | Skills service is alive.
2021-10-27 16:37:24.128 | INFO     |  5346 | msm.mycroft_skills_manager | building SkillEntry objects for all skills
2021-10-27 16:37:24.317 | INFO     |  5346 | PairingSkill | Communicating account URL to user
2021-10-27 16:37:24.403 | WARNING  |  5346 | msm.mycroft_skills_manager | No such default skill: mycroft-pandora
2021-10-27 16:37:24.404 | INFO     |  5346 | mycroft.skills.skill_manager:run:234 | Not all default skills are installed, performing skill update...
2021-10-27 16:37:24.409 | INFO     |  5346 | mycroft.skills.skill_updater:update_skills:149 | Beginning skill update...
2021-10-27 16:37:24.537 | INFO     |  5346 | msm.mycroft_skills_manager | building SkillEntry objects for all skills
2021-10-27 16:37:24.744 | INFO     |  5346 | msm.mycroft_skills_manager | invalidating skills cache
2021-10-27 16:37:24.767 | INFO     |  5346 | msm.skill_entry | Downloading skill: https://github.com/mycroftai/fallback-unknown
2021-10-27 16:37:24.775 | INFO     |  5346 | msm.skill_entry | Downloading skill: https://github.com/mycroftai/skill-alarm
2021-10-27 16:37:24.794 | INFO     |  5346 | msm.skill_entry | Downloading skill: https://github.com/mycroftai/skill-configuration
2021-10-27 16:37:24.804 | INFO     |  5346 | msm.skill_entry | Downloading skill: https://github.com/mycroftai/skill-date-time
2021-10-27 16:37:24.805 | INFO     |  5346 | msm.skill_entry | Downloading skill: https://github.com/mycroftai/fallback-duckduckgo
2021-10-27 16:37:24.806 | INFO     |  5346 | msm.skill_entry | Downloading skill: https://github.com/mycroftai/skill-hello-world
2021-10-27 16:37:24.807 | INFO     |  5346 | msm.skill_entry | Downloading skill: https://github.com/mycroftai/skill-installer
2021-10-27 16:37:24.808 | INFO     |  5346 | msm.skill_entry | Downloading skill: https://github.com/mycroftai/skill-ip
2021-10-27 16:37:24.809 | INFO     |  5346 | msm.skill_entry | Downloading skill: https://github.com/mycroftai/fallback-wolfram-alpha
2021-10-27 16:37:24.810 | INFO     |  5346 | msm.skill_entry | Downloading skill: https://github.com/mycroftai/skill-naptime
2021-10-27 16:37:24.811 | INFO     |  5346 | msm.skill_entry | Downloading skill: https://github.com/mycroftai/skill-npr-news
2021-10-27 16:37:24.814 | INFO     |  5346 | msm.skill_entry | Downloading skill: https://github.com/mycroftai/skill-personal
2021-10-27 16:37:24.815 | INFO     |  5346 | msm.skill_entry | Downloading skill: https://github.com/mycroftai/skill-playback-control
2021-10-27 16:37:24.816 | INFO     |  5346 | msm.skill_entry | Downloading skill: https://github.com/mycroftai/skill-reminder
2021-10-27 16:37:24.817 | INFO     |  5346 | msm.skill_entry | Downloading skill: https://github.com/mycroftai/skill-singing
2021-10-27 16:37:24.817 | INFO     |  5346 | msm.skill_entry | Downloading skill: https://github.com/mycroftai/skill-joke
2021-10-27 16:37:24.818 | INFO     |  5346 | msm.skill_entry | Downloading skill: https://github.com/mycroftai/skill-audio-record
2021-10-27 16:37:25.651 | ERROR    |  5346 | msm.mycroft_skills_manager | Error running install_or_update on homeassistant.mycroftai: MergeConflict
2021-10-27 16:37:25.669 | INFO     |  5346 | msm.skill_entry | Downloading skill: https://github.com/mycroftai/skill-speak
2021-10-27 16:37:26.099 | INFO     |  5346 | msm.skill_entry | Installing system requirements...
2021-10-27 16:37:26.142 | INFO     |  5346 | msm.skill_entry | Installing system requirements...
2021-10-27 16:37:26.193 | INFO     |  5346 | msm.skill_entry | Installing system requirements...
2021-10-27 16:37:26.339 | INFO     |  5346 | msm.skill_entry | Installing system requirements...
2021-10-27 16:37:26.351 | INFO     |  5346 | msm.skill_entry | Installing system requirements...
2021-10-27 16:37:26.354 | INFO     |  5346 | msm.skill_entry | Installing system requirements...
2021-10-27 16:37:26.432 | INFO     |  5346 | msm.skill_entry | Installing requirements.txt for mycroft-joke
2021-10-27 16:37:26.438 | INFO     |  5346 | msm.skill_entry | Installing requirements.txt for mycroft-ip
2021-10-27 16:37:26.439 | INFO     |  5346 | msm.skill_entry | Installing system requirements...
2021-10-27 16:37:26.445 | INFO     |  5346 | msm.skill_entry | Installing system requirements...
2021-10-27 16:37:26.450 | INFO     |  5346 | msm.skill_entry | Installing requirements.txt for mycroft-fallback-duck-duck-go
2021-10-27 16:37:26.468 | INFO     |  5346 | msm.skill_entry | Installing system requirements...
2021-10-27 16:37:26.510 | INFO     |  5346 | msm.skill_entry | Installing system requirements...
2021-10-27 16:37:26.553 | INFO     |  5346 | msm.skill_entry | Installing system requirements...
2021-10-27 16:37:26.568 | INFO     |  5346 | msm.skill_entry | Successfully installed fallback-unknown
2021-10-27 16:37:26.569 | INFO     |  5346 | msm.mycroft_skills_manager | invalidating skills cache
2021-10-27 16:37:26.570 | INFO     |  5346 | msm.skill_entry | Downloading skill: https://github.com/mycroftai/skill-spelling
2021-10-27 16:37:26.593 | INFO     |  5346 | msm.skill_entry | Successfully installed mycroft-personal
2021-10-27 16:37:26.593 | INFO     |  5346 | msm.mycroft_skills_manager | invalidating skills cache
2021-10-27 16:37:26.603 | INFO     |  5346 | msm.skill_entry | Downloading skill: https://github.com/mycroftai/skill-stop
2021-10-27 16:37:26.623 | INFO     |  5346 | msm.skill_entry | Successfully installed mycroft-naptime
2021-10-27 16:37:26.623 | INFO     |  5346 | msm.mycroft_skills_manager | invalidating skills cache
2021-10-27 16:37:26.625 | INFO     |  5346 | msm.skill_entry | Downloading skill: https://github.com/mycroftai/skill-support
2021-10-27 16:37:26.626 | INFO     |  5346 | msm.skill_entry | Installing system requirements...
2021-10-27 16:37:26.631 | INFO     |  5346 | msm.skill_entry | Nothing new for mycroft-volume
2021-10-27 16:37:26.670 | INFO     |  5346 | msm.skill_entry | Installing system requirements...
2021-10-27 16:37:26.673 | INFO     |  5346 | msm.skill_entry | Installing requirements.txt for fallback-wolfram-alpha
2021-10-27 16:37:26.673 | INFO     |  5346 | msm.skill_entry | Installing requirements.txt for mycroft-audio-record
2021-10-27 16:37:26.673 | INFO     |  5346 | msm.skill_entry | Successfully installed mycroft-playback-control
2021-10-27 16:37:26.673 | INFO     |  5346 | msm.mycroft_skills_manager | invalidating skills cache
2021-10-27 16:37:26.674 | INFO     |  5346 | msm.skill_entry | Downloading skill: https://github.com/mycroftai/mycroft-timer
2021-10-27 16:37:26.695 | INFO     |  5346 | msm.skill_entry | Installing system requirements...
2021-10-27 16:37:26.722 | INFO     |  5346 | msm.skill_entry | Successfully installed mycroft-hello-world
2021-10-27 16:37:26.723 | INFO     |  5346 | msm.mycroft_skills_manager | invalidating skills cache
2021-10-27 16:37:26.725 | INFO     |  5346 | msm.skill_entry | Downloading skill: https://github.com/mycroftai/skill-weather
2021-10-27 16:37:26.763 | INFO     |  5346 | msm.skill_entry | Installing requirements.txt for mycroft-configuration
2021-10-27 16:37:26.827 | INFO     |  5346 | msm.skill_entry | Successfully installed mycroft-speak
2021-10-27 16:37:26.827 | INFO     |  5346 | msm.mycroft_skills_manager | invalidating skills cache
2021-10-27 16:37:26.828 | INFO     |  5346 | msm.skill_entry | Downloading skill: https://github.com/mycroftai/skill-version-checker
2021-10-27 16:37:26.836 | INFO     |  5346 | msm.skill_entry | Installing system requirements...
2021-10-27 16:37:26.841 | INFO     |  5346 | msm.skill_entry | Installing system requirements...
2021-10-27 16:37:26.858 | INFO     |  5346 | msm.skill_entry | Installing requirements.txt for mycroft-installer
2021-10-27 16:37:26.879 | INFO     |  5346 | msm.skill_entry | Installing requirements.txt for mycroft-npr-news
2021-10-27 16:37:26.975 | INFO     |  5346 | msm.skill_entry | Successfully installed mycroft-reminder
2021-10-27 16:37:26.975 | INFO     |  5346 | msm.mycroft_skills_manager | invalidating skills cache
2021-10-27 16:37:26.976 | INFO     |  5346 | msm.skill_entry | Downloading skill: https://github.com/mycroftai/skill-wiki
2021-10-27 16:37:26.981 | INFO     |  5346 | msm.skill_entry | Installing requirements.txt for mycroft-volume
2021-10-27 16:37:27.078 | INFO     |  5346 | msm.skill_entry | Installing system requirements...
2021-10-27 16:37:27.156 | INFO     |  5346 | msm.skill_entry | Installing requirements.txt for mycroft-date-time
2021-10-27 16:37:27.260 | INFO     |  5346 | msm.skill_entry | Nothing new for mycroft-pairing
2021-10-27 16:37:27.302 | INFO     |  5346 | msm.skill_entry | Installing system requirements...
2021-10-27 16:37:27.365 | INFO     |  5346 | msm.skill_entry | Installing system requirements...
2021-10-27 16:37:27.503 | INFO     |  5346 | msm.skill_entry | Downloading skill: https://github.com/MycroftAI/skill-query
2021-10-27 16:37:27.524 | INFO     |  5346 | msm.skill_entry | Successfully installed mycroft-spelling
2021-10-27 16:37:27.525 | INFO     |  5346 | msm.mycroft_skills_manager | invalidating skills cache
2021-10-27 16:37:27.576 | INFO     |  5346 | msm.skill_entry | Installing system requirements...
2021-10-27 16:37:27.637 | INFO     |  5346 | msm.skill_entry | Installing system requirements...
2021-10-27 16:37:27.692 | INFO     |  5346 | msm.skill_entry | Installing system requirements...
2021-10-27 16:37:27.710 | INFO     |  5346 | msm.skill_entry | Installing requirements.txt for mycroft-alarm
2021-10-27 16:37:27.753 | INFO     |  5346 | msm.skill_entry | Installing requirements.txt for mycroft-support-helper
2021-10-27 16:37:27.780 | INFO     |  5346 | msm.skill_entry | Successfully installed mycroft-stop
2021-10-27 16:37:27.781 | INFO     |  5346 | msm.mycroft_skills_manager | invalidating skills cache
2021-10-27 16:37:27.888 | INFO     |  5346 | msm.skill_entry | Installing system requirements...
2021-10-27 16:37:27.917 | INFO     |  5346 | msm.skill_entry | Installing system requirements...
2021-10-27 16:37:27.984 | INFO     |  5346 | msm.skill_entry | Installing requirements.txt for mycroft-wiki
2021-10-27 16:37:27.991 | INFO     |  5346 | msm.skill_entry | Successfully installed mycroft-version-checker
2021-10-27 16:37:27.991 | INFO     |  5346 | msm.mycroft_skills_manager | invalidating skills cache
2021-10-27 16:37:28.106 | INFO     |  5346 | msm.skill_entry | Installing system requirements...
2021-10-27 16:37:28.138 | INFO     |  5346 | msm.skill_entry | Successfully installed mycroft-timer
2021-10-27 16:37:28.138 | INFO     |  5346 | msm.mycroft_skills_manager | invalidating skills cache
2021-10-27 16:37:28.315 | INFO     |  5346 | msm.skill_entry | Installing system requirements...
2021-10-27 16:37:28.340 | ERROR    |  5346 | msm.mycroft_skills_manager | Error running install_or_update on homeassistant: MergeConflict
2021-10-27 16:37:28.378 | INFO     |  5346 | msm.skill_entry | Successfully installed fallback-query
2021-10-27 16:37:28.378 | INFO     |  5346 | msm.mycroft_skills_manager | invalidating skills cache
2021-10-27 16:37:28.381 | INFO     |  5346 | msm.skill_entry | Installing system requirements...
2021-10-27 16:37:28.412 | INFO     |  5346 | msm.skill_entry | Installing requirements.txt for mycroft-weather
2021-10-27 16:37:28.927 | INFO     |  5346 | msm.skill_entry | Installing system requirements...
2021-10-27 16:37:28.956 | INFO     |  5346 | msm.skill_entry | Successfully installed mycroft-singing
2021-10-27 16:37:28.957 | INFO     |  5346 | msm.mycroft_skills_manager | invalidating skills cache
2021-10-27 16:37:29.432 | INFO     |  5346 | msm.skill_entry | Successfully installed mycroft-joke
2021-10-27 16:37:29.432 | INFO     |  5346 | msm.mycroft_skills_manager | invalidating skills cache
2021-10-27 16:37:30.314 | INFO     |  5346 | msm.skill_entry | Successfully installed mycroft-ip
2021-10-27 16:37:30.314 | INFO     |  5346 | msm.mycroft_skills_manager | invalidating skills cache
2021-10-27 16:37:31.448 | INFO     |  5346 | msm.skill_entry | Successfully installed mycroft-fallback-duck-duck-go
2021-10-27 16:37:31.448 | INFO     |  5346 | msm.mycroft_skills_manager | invalidating skills cache
2021-10-27 16:37:35.584 | INFO     |  5346 | msm.skill_entry | Successfully installed fallback-wolfram-alpha
2021-10-27 16:37:35.585 | INFO     |  5346 | msm.mycroft_skills_manager | invalidating skills cache
2021-10-27 16:37:36.546 | INFO     |  5346 | msm.skill_entry | Successfully installed mycroft-audio-record
2021-10-27 16:37:36.547 | INFO     |  5346 | msm.mycroft_skills_manager | invalidating skills cache
2021-10-27 16:37:39.160 | INFO     |  5346 | msm.skill_entry | Successfully installed mycroft-configuration
2021-10-27 16:37:39.160 | INFO     |  5346 | msm.mycroft_skills_manager | invalidating skills cache
2021-10-27 16:37:40.087 | INFO     |  5346 | msm.skill_entry | Successfully installed mycroft-installer
2021-10-27 16:37:40.087 | INFO     |  5346 | msm.mycroft_skills_manager | invalidating skills cache
2021-10-27 16:37:43.262 | INFO     |  5346 | msm.skill_entry | Successfully installed mycroft-npr-news
2021-10-27 16:37:43.262 | INFO     |  5346 | msm.mycroft_skills_manager | invalidating skills cache
2021-10-27 16:37:54.657 | INFO     |  5346 | PairingSkill | Initiating device pairing sequence...
2021-10-27 16:37:54.657 | INFO     |  5346 | PairingSkill | Retrieving pairing code from device API...
2021-10-27 16:37:54.891 | INFO     |  5346 | PairingSkill | Pairing code obtained: CYN4Y9
2021-10-27 16:37:54.891 | INFO     |  5346 | PairingSkill | Communicating pairing URL to user
2021-10-27 16:38:01.469 | INFO     |  5346 | msm.skill_entry | Successfully installed mycroft-date-time
2021-10-27 16:38:01.470 | INFO     |  5346 | msm.mycroft_skills_manager | invalidating skills cache
2021-10-27 16:38:02.529 | INFO     |  5346 | msm.skill_entry | Successfully installed mycroft-alarm
2021-10-27 16:38:02.530 | INFO     |  5346 | msm.mycroft_skills_manager | invalidating skills cache
2021-10-27 16:38:05.074 | INFO     |  5346 | msm.skill_entry | Successfully installed mycroft-support-helper
2021-10-27 16:38:05.074 | INFO     |  5346 | msm.mycroft_skills_manager | invalidating skills cache
2021-10-27 16:38:07.448 | INFO     |  5346 | msm.skill_entry | Successfully installed mycroft-wiki
2021-10-27 16:38:07.448 | INFO     |  5346 | msm.mycroft_skills_manager | invalidating skills cache
2021-10-27 16:38:08.551 | INFO     |  5346 | msm.skill_entry | Successfully installed mycroft-weather
2021-10-27 16:38:08.551 | INFO     |  5346 | msm.mycroft_skills_manager | invalidating skills cache
2021-10-27 16:38:08.639 | INFO     |  5346 | mycroft.skills.skill_updater:_log_next_download_time:267 | Next scheduled skill update: 2021-10-27 17:38:08.638319
2021-10-27 16:38:08.639 | INFO     |  5346 | mycroft.skills.skill_updater:update_skills:170 | Skill update complete
2021-10-27 16:38:08.640 | INFO     |  5346 | mycroft.skills.skill_manager:_load_on_startup:273 | Loading installed skills...
2021-10-27 16:38:08.642 | INFO     |  5346 | mycroft.skills.skill_loader:load:185 | ATTEMPTING TO LOAD SKILL: mycroft-ip.mycroftai
2021-10-27 16:38:08.695 | INFO     |  5346 | mycroft.skills.settings:get_local_settings:83 | /opt/mycroft/skills/mycroft-ip.mycroftai/settings.json
2021-10-27 16:38:08.706 | INFO     |  5346 | mycroft.skills.skill_loader:_check_for_first_run:324 | First run of mycroft-ip.mycroftai
2021-10-27 16:38:08.707 | INFO     |  5346 | mycroft.skills.settings:save_settings:116 | Skill settings successfully saved to /home/runner/.config/mycroft/skills/mycroft-ip.mycroftai/settings.json
2021-10-27 16:38:08.741 | INFO     |  5346 | mycroft.skills.skill_loader:_communicate_load_status:344 | Skill mycroft-ip.mycroftai loaded successfully
2021-10-27 16:38:08.742 | INFO     |  5346 | mycroft.skills.skill_loader:load:185 | ATTEMPTING TO LOAD SKILL: mycroft-reminder.mycroftai
2021-10-27 16:38:08.759 | INFO     |  5346 | mycroft.skills.settings:get_local_settings:83 | /opt/mycroft/skills/mycroft-reminder.mycroftai/settings.json
2021-10-27 16:38:08.806 | INFO     |  5346 | mycroft.skills.skill_loader:_check_for_first_run:324 | First run of mycroft-reminder.mycroftai
2021-10-27 16:38:08.808 | INFO     |  5346 | mycroft.skills.settings:save_settings:116 | Skill settings successfully saved to /home/runner/.config/mycroft/skills/mycroft-reminder.mycroftai/settings.json
2021-10-27 16:38:08.842 | INFO     |  5346 | mycroft.skills.skill_loader:_communicate_load_status:344 | Skill mycroft-reminder.mycroftai loaded successfully
2021-10-27 16:38:08.842 | INFO     |  5346 | mycroft.skills.skill_loader:load:185 | ATTEMPTING TO LOAD SKILL: mycroft-installer.mycroftai
2021-10-27 16:38:08.851 | INFO     |  5346 | mycroft.skills.settings:get_local_settings:83 | /opt/mycroft/skills/mycroft-installer.mycroftai/settings.json
2021-10-27 16:38:08.866 | INFO     |  5346 | mycroft.skills.skill_loader:_check_for_first_run:324 | First run of mycroft-installer.mycroftai
2021-10-27 16:38:08.870 | INFO     |  5346 | mycroft.skills.settings:save_settings:116 | Skill settings successfully saved to /home/runner/.config/mycroft/skills/mycroft-installer.mycroftai/settings.json
2021-10-27 16:38:08.884 | INFO     |  5346 | mycroft.skills.skill_loader:_communicate_load_status:344 | Skill mycroft-installer.mycroftai loaded successfully
2021-10-27 16:38:08.885 | INFO     |  5346 | mycroft.skills.skill_loader:load:185 | ATTEMPTING TO LOAD SKILL: mycroft-version-checker.mycroftai
2021-10-27 16:38:08.890 | INFO     |  5346 | mycroft.skills.settings:get_local_settings:83 | /opt/mycroft/skills/mycroft-version-checker.mycroftai/settings.json
2021-10-27 16:38:08.904 | INFO     |  5346 | mycroft.skills.skill_loader:_check_for_first_run:324 | First run of mycroft-version-checker.mycroftai
2021-10-27 16:38:08.905 | INFO     |  5346 | mycroft.skills.settings:save_settings:116 | Skill settings successfully saved to /home/runner/.config/mycroft/skills/mycroft-version-checker.mycroftai/settings.json
2021-10-27 16:38:08.906 | INFO     |  5346 | mycroft.skills.skill_loader:_communicate_load_status:344 | Skill mycroft-version-checker.mycroftai loaded successfully
2021-10-27 16:38:08.907 | INFO     |  5346 | mycroft.skills.skill_loader:load:185 | ATTEMPTING TO LOAD SKILL: mycroft-singing.mycroftai
2021-10-27 16:38:08.913 | INFO     |  5346 | mycroft.skills.settings:get_local_settings:83 | /opt/mycroft/skills/mycroft-singing.mycroftai/settings.json
2021-10-27 16:38:08.939 | INFO     |  5346 | mycroft.skills.skill_loader:_check_for_first_run:324 | First run of mycroft-singing.mycroftai
2021-10-27 16:38:08.939 | INFO     |  5346 | mycroft.skills.settings:save_settings:116 | Skill settings successfully saved to /home/runner/.config/mycroft/skills/mycroft-singing.mycroftai/settings.json
2021-10-27 16:38:08.988 | INFO     |  5346 | mycroft.skills.skill_loader:_communicate_load_status:344 | Skill mycroft-singing.mycroftai loaded successfully
2021-10-27 16:38:08.989 | INFO     |  5346 | mycroft.skills.skill_loader:load:185 | ATTEMPTING TO LOAD SKILL: mycroft-joke.mycroftai
2021-10-27 16:38:08.996 | INFO     |  5346 | mycroft.skills.settings:get_local_settings:83 | /opt/mycroft/skills/mycroft-joke.mycroftai/settings.json
2021-10-27 16:38:09.008 | INFO     |  5346 | mycroft.skills.skill_loader:_check_for_first_run:324 | First run of mycroft-joke.mycroftai
2021-10-27 16:38:09.009 | INFO     |  5346 | mycroft.skills.settings:save_settings:116 | Skill settings successfully saved to /home/runner/.config/mycroft/skills/mycroft-joke.mycroftai/settings.json
2021-10-27 16:38:09.025 | INFO     |  5346 | mycroft.skills.skill_loader:_communicate_load_status:344 | Skill mycroft-joke.mycroftai loaded successfully
2021-10-27 16:38:09.026 | INFO     |  5346 | mycroft.skills.skill_loader:load:185 | ATTEMPTING TO LOAD SKILL: mycroft-timer.mycroftai
2021-10-27 16:38:09.049 | INFO     |  5346 | mycroft.skills.settings:get_local_settings:83 | /opt/mycroft/skills/mycroft-timer.mycroftai/settings.json
2021-10-27 16:38:09.108 | INFO     |  5346 | mycroft.skills.skill_loader:_check_for_first_run:324 | First run of mycroft-timer.mycroftai
2021-10-27 16:38:09.109 | INFO     |  5346 | mycroft.skills.settings:save_settings:116 | Skill settings successfully saved to /home/runner/.config/mycroft/skills/mycroft-timer.mycroftai/settings.json
2021-10-27 16:38:09.110 | INFO     |  5346 | mycroft.skills.skill_loader:_communicate_load_status:344 | Skill mycroft-timer.mycroftai loaded successfully
2021-10-27 16:38:09.110 | INFO     |  5346 | mycroft.skills.skill_loader:load:185 | ATTEMPTING TO LOAD SKILL: homeassistant.mycroftai
2021-10-27 16:38:09.435 | INFO     |  5346 | mycroft.skills.settings:get_local_settings:83 | /opt/mycroft/skills/homeassistant.mycroftai/settings.json
2021-10-27 16:38:09.436 | INFO     |  5346 | mycroft.skills.settings:get_local_settings:83 | /opt/mycroft/skills/homeassistant.mycroftai/settings.json
2021-10-27 16:38:09.523 | INFO     |  5346 | mycroft.skills.skill_loader:_communicate_load_status:344 | Skill homeassistant.mycroftai loaded successfully
2021-10-27 16:38:09.524 | INFO     |  5346 | mycroft.skills.skill_loader:load:185 | ATTEMPTING TO LOAD SKILL: mycroft-alarm.mycroftai
2021-10-27 16:38:09.547 | INFO     |  5346 | mycroft.skills.settings:get_local_settings:83 | /opt/mycroft/skills/mycroft-alarm.mycroftai/settings.json
2021-10-27 16:38:09.548 | ERROR    |  5346 | AlarmSkill | Couldn't allocate mixer, ALSAAudioError('No such file or directory [default]')
2021-10-27 16:38:09.582 | INFO     |  5346 | mycroft.skills.skill_loader:_check_for_first_run:324 | First run of mycroft-alarm.mycroftai
2021-10-27 16:38:09.583 | INFO     |  5346 | mycroft.skills.settings:save_settings:116 | Skill settings successfully saved to /home/runner/.config/mycroft/skills/mycroft-alarm.mycroftai/settings.json
2021-10-27 16:38:09.584 | INFO     |  5346 | mycroft.skills.skill_loader:_communicate_load_status:344 | Skill mycroft-alarm.mycroftai loaded successfully
2021-10-27 16:38:09.585 | INFO     |  5346 | mycroft.skills.skill_loader:load:185 | ATTEMPTING TO LOAD SKILL: mycroft-naptime.mycroftai
2021-10-27 16:38:09.589 | INFO     |  5346 | mycroft.skills.settings:get_local_settings:83 | /opt/mycroft/skills/mycroft-naptime.mycroftai/settings.json
2021-10-27 16:38:09.601 | INFO     |  5346 | mycroft.skills.skill_loader:_check_for_first_run:324 | First run of mycroft-naptime.mycroftai
2021-10-27 16:38:09.602 | INFO     |  5346 | mycroft.skills.settings:save_settings:116 | Skill settings successfully saved to /home/runner/.config/mycroft/skills/mycroft-naptime.mycroftai/settings.json
2021-10-27 16:38:09.603 | INFO     |  5346 | mycroft.skills.skill_loader:_communicate_load_status:344 | Skill mycroft-naptime.mycroftai loaded successfully
2021-10-27 16:38:09.607 | INFO     |  5346 | mycroft.skills.skill_loader:load:185 | ATTEMPTING TO LOAD SKILL: mycroft-spelling.mycroftai
2021-10-27 16:38:09.613 | INFO     |  5346 | mycroft.skills.settings:get_local_settings:83 | /opt/mycroft/skills/mycroft-spelling.mycroftai/settings.json
2021-10-27 16:38:09.638 | INFO     |  5346 | mycroft.skills.skill_loader:_check_for_first_run:324 | First run of mycroft-spelling.mycroftai
2021-10-27 16:38:09.641 | INFO     |  5346 | mycroft.skills.settings:save_settings:116 | Skill settings successfully saved to /home/runner/.config/mycroft/skills/mycroft-spelling.mycroftai/settings.json
2021-10-27 16:38:09.645 | INFO     |  5346 | mycroft.skills.skill_loader:_communicate_load_status:344 | Skill mycroft-spelling.mycroftai loaded successfully
2021-10-27 16:38:09.645 | INFO     |  5346 | mycroft.skills.skill_loader:load:185 | ATTEMPTING TO LOAD SKILL: mycroft-fallback-duck-duck-go.mycroftai
2021-10-27 16:38:09.679 | INFO     |  5346 | mycroft.skills.settings:get_local_settings:83 | /opt/mycroft/skills/mycroft-fallback-duck-duck-go.mycroftai/settings.json
2021-10-27 16:38:09.720 | INFO     |  5346 | mycroft.skills.skill_loader:_check_for_first_run:324 | First run of mycroft-fallback-duck-duck-go.mycroftai
2021-10-27 16:38:09.721 | INFO     |  5346 | mycroft.skills.settings:save_settings:116 | Skill settings successfully saved to /home/runner/.config/mycroft/skills/mycroft-fallback-duck-duck-go.mycroftai/settings.json
2021-10-27 16:38:09.725 | INFO     |  5346 | mycroft.skills.skill_loader:_communicate_load_status:344 | Skill mycroft-fallback-duck-duck-go.mycroftai loaded successfully
2021-10-27 16:38:09.726 | INFO     |  5346 | mycroft.skills.skill_loader:load:185 | ATTEMPTING TO LOAD SKILL: mycroft-npr-news.mycroftai
2021-10-27 16:38:09.861 | INFO     |  5346 | mycroft.skills.settings:get_local_settings:83 | /opt/mycroft/skills/mycroft-npr-news.mycroftai/settings.json
2021-10-27 16:38:10.885 | INFO     |  5346 | mycroft.skills.skill_loader:_check_for_first_run:324 | First run of mycroft-npr-news.mycroftai
2021-10-27 16:38:10.898 | INFO     |  5346 | mycroft.skills.settings:save_settings:116 | Skill settings successfully saved to /home/runner/.config/mycroft/skills/mycroft-npr-news.mycroftai/settings.json
2021-10-27 16:38:10.929 | INFO     |  5346 | mycroft.skills.skill_loader:_communicate_load_status:344 | Skill mycroft-npr-news.mycroftai loaded successfully
2021-10-27 16:38:10.930 | INFO     |  5346 | mycroft.skills.skill_loader:load:185 | ATTEMPTING TO LOAD SKILL: mycroft-support-helper.mycroftai
2021-10-27 16:38:10.974 | INFO     |  5346 | mycroft.skills.settings:get_local_settings:83 | /opt/mycroft/skills/mycroft-support-helper.mycroftai/settings.json
2021-10-27 16:38:10.995 | INFO     |  5346 | mycroft.skills.skill_loader:_check_for_first_run:324 | First run of mycroft-support-helper.mycroftai
2021-10-27 16:38:10.996 | INFO     |  5346 | mycroft.skills.settings:save_settings:116 | Skill settings successfully saved to /home/runner/.config/mycroft/skills/mycroft-support-helper.mycroftai/settings.json
2021-10-27 16:38:11.009 | INFO     |  5346 | mycroft.skills.skill_loader:_communicate_load_status:344 | Skill mycroft-support-helper.mycroftai loaded successfully
2021-10-27 16:38:11.022 | INFO     |  5346 | mycroft.skills.skill_loader:load:185 | ATTEMPTING TO LOAD SKILL: mycroft-weather.mycroftai
2021-10-27 16:38:11.096 | INFO     |  5346 | mycroft.skills.settings:get_local_settings:83 | /opt/mycroft/skills/mycroft-weather.mycroftai/settings.json
2021-10-27 16:38:11.519 | INFO     |  5346 | mycroft.skills.skill_loader:_check_for_first_run:324 | First run of mycroft-weather.mycroftai
2021-10-27 16:38:11.520 | INFO     |  5346 | mycroft.skills.settings:save_settings:116 | Skill settings successfully saved to /home/runner/.config/mycroft/skills/mycroft-weather.mycroftai/settings.json
2021-10-27 16:38:11.558 | INFO     |  5346 | mycroft.skills.skill_loader:_communicate_load_status:344 | Skill mycroft-weather.mycroftai loaded successfully
2021-10-27 16:38:11.559 | INFO     |  5346 | mycroft.skills.skill_loader:load:185 | ATTEMPTING TO LOAD SKILL: mycroft-speak.mycroftai
2021-10-27 16:38:11.603 | INFO     |  5346 | mycroft.skills.settings:get_local_settings:83 | /opt/mycroft/skills/mycroft-speak.mycroftai/settings.json
2021-10-27 16:38:11.728 | INFO     |  5346 | mycroft.skills.skill_loader:_check_for_first_run:324 | First run of mycroft-speak.mycroftai
2021-10-27 16:38:11.729 | INFO     |  5346 | mycroft.skills.settings:save_settings:116 | Skill settings successfully saved to /home/runner/.config/mycroft/skills/mycroft-speak.mycroftai/settings.json
2021-10-27 16:38:11.767 | INFO     |  5346 | mycroft.skills.skill_loader:_communicate_load_status:344 | Skill mycroft-speak.mycroftai loaded successfully
2021-10-27 16:38:11.767 | INFO     |  5346 | mycroft.skills.skill_loader:load:185 | ATTEMPTING TO LOAD SKILL: mycroft-audio-record.mycroftai
2021-10-27 16:38:11.831 | INFO     |  5346 | mycroft.skills.settings:get_local_settings:83 | /opt/mycroft/skills/mycroft-audio-record.mycroftai/settings.json
2021-10-27 16:38:11.925 | INFO     |  5346 | mycroft.skills.skill_loader:_check_for_first_run:324 | First run of mycroft-audio-record.mycroftai
2021-10-27 16:38:11.926 | INFO     |  5346 | mycroft.skills.settings:save_settings:116 | Skill settings successfully saved to /home/runner/.config/mycroft/skills/mycroft-audio-record.mycroftai/settings.json
2021-10-27 16:38:11.927 | INFO     |  5346 | mycroft.skills.skill_loader:_communicate_load_status:344 | Skill mycroft-audio-record.mycroftai loaded successfully
2021-10-27 16:38:11.927 | INFO     |  5346 | mycroft.skills.skill_loader:load:185 | ATTEMPTING TO LOAD SKILL: mycroft-stop.mycroftai
2021-10-27 16:38:11.992 | INFO     |  5346 | mycroft.skills.settings:get_local_settings:83 | /opt/mycroft/skills/mycroft-stop.mycroftai/settings.json
2021-10-27 16:38:12.067 | INFO     |  5346 | mycroft.skills.skill_loader:_check_for_first_run:324 | First run of mycroft-stop.mycroftai
2021-10-27 16:38:12.068 | INFO     |  5346 | mycroft.skills.settings:save_settings:116 | Skill settings successfully saved to /home/runner/.config/mycroft/skills/mycroft-stop.mycroftai/settings.json
2021-10-27 16:38:12.068 | INFO     |  5346 | mycroft.skills.skill_loader:_communicate_load_status:344 | Skill mycroft-stop.mycroftai loaded successfully
2021-10-27 16:38:12.069 | INFO     |  5346 | mycroft.skills.skill_loader:load:185 | ATTEMPTING TO LOAD SKILL: mycroft-hello-world.mycroftai
2021-10-27 16:38:12.132 | INFO     |  5346 | mycroft.skills.settings:get_local_settings:83 | /opt/mycroft/skills/mycroft-hello-world.mycroftai/settings.json
2021-10-27 16:38:12.169 | INFO     |  5346 | mycroft.skills.skill_loader:_check_for_first_run:324 | First run of mycroft-hello-world.mycroftai
2021-10-27 16:38:12.170 | INFO     |  5346 | mycroft.skills.settings:save_settings:116 | Skill settings successfully saved to /home/runner/.config/mycroft/skills/mycroft-hello-world.mycroftai/settings.json
2021-10-27 16:38:12.174 | INFO     |  5346 | mycroft.skills.skill_loader:_communicate_load_status:344 | Skill mycroft-hello-world.mycroftai loaded successfully
2021-10-27 16:38:12.174 | INFO     |  5346 | mycroft.skills.skill_loader:load:185 | ATTEMPTING TO LOAD SKILL: mycroft-date-time.mycroftai
2021-10-27 16:38:12.950 | INFO     |  5346 | mycroft.skills.settings:get_local_settings:83 | /opt/mycroft/skills/mycroft-date-time.mycroftai/settings.json
2021-10-27 16:38:13.055 | INFO     |  5346 | TimeSkill | Registering resting screen <bound method TimeSkill.handle_idle of <mycroft-date-time_mycroftai.TimeSkill object at 0x7f7bbc6f8c90>> for Time and Date.
2021-10-27 16:38:13.056 | INFO     |  5346 | TimeSkill | Registering resting screen
2021-10-27 16:38:13.072 | INFO     |  5346 | mycroft.skills.skill_loader:_check_for_first_run:324 | First run of mycroft-date-time.mycroftai
2021-10-27 16:38:13.073 | INFO     |  5346 | mycroft.skills.settings:save_settings:116 | Skill settings successfully saved to /home/runner/.config/mycroft/skills/mycroft-date-time.mycroftai/settings.json
2021-10-27 16:38:13.080 | INFO     |  5346 | mycroft.skills.skill_loader:_communicate_load_status:344 | Skill mycroft-date-time.mycroftai loaded successfully
2021-10-27 16:38:13.081 | INFO     |  5346 | mycroft.skills.skill_loader:load:185 | ATTEMPTING TO LOAD SKILL: mycroft-configuration.mycroftai
2021-10-27 16:38:13.092 | INFO     |  5346 | mycroft.skills.settings:get_local_settings:83 | /opt/mycroft/skills/mycroft-configuration.mycroftai/settings.json
2021-10-27 16:38:13.175 | INFO     |  5346 | mycroft.skills.skill_loader:_check_for_first_run:324 | First run of mycroft-configuration.mycroftai
2021-10-27 16:38:13.176 | INFO     |  5346 | mycroft.skills.settings:save_settings:116 | Skill settings successfully saved to /home/runner/.config/mycroft/skills/mycroft-configuration.mycroftai/settings.json
2021-10-27 16:38:13.176 | INFO     |  5346 | mycroft.skills.skill_loader:_communicate_load_status:344 | Skill mycroft-configuration.mycroftai loaded successfully
2021-10-27 16:38:13.177 | INFO     |  5346 | mycroft.skills.skill_loader:load:185 | ATTEMPTING TO LOAD SKILL: fallback-query.mycroftai
2021-10-27 16:38:13.213 | INFO     |  5346 | mycroft.skills.settings:get_local_settings:83 | /opt/mycroft/skills/fallback-query.mycroftai/settings.json
2021-10-27 16:38:13.238 | INFO     |  5346 | mycroft.skills.skill_loader:_check_for_first_run:324 | First run of fallback-query.mycroftai
2021-10-27 16:38:13.239 | INFO     |  5346 | mycroft.skills.settings:save_settings:116 | Skill settings successfully saved to /home/runner/.config/mycroft/skills/fallback-query.mycroftai/settings.json
2021-10-27 16:38:13.240 | INFO     |  5346 | mycroft.skills.skill_loader:_communicate_load_status:344 | Skill fallback-query.mycroftai loaded successfully
2021-10-27 16:38:13.240 | INFO     |  5346 | mycroft.skills.skill_loader:load:185 | ATTEMPTING TO LOAD SKILL: mycroft-personal.mycroftai
2021-10-27 16:38:13.267 | INFO     |  5346 | mycroft.skills.settings:get_local_settings:83 | /opt/mycroft/skills/mycroft-personal.mycroftai/settings.json
2021-10-27 16:38:13.307 | INFO     |  5346 | mycroft.skills.skill_loader:_check_for_first_run:324 | First run of mycroft-personal.mycroftai
2021-10-27 16:38:13.308 | INFO     |  5346 | mycroft.skills.settings:save_settings:116 | Skill settings successfully saved to /home/runner/.config/mycroft/skills/mycroft-personal.mycroftai/settings.json
2021-10-27 16:38:13.309 | INFO     |  5346 | mycroft.skills.skill_loader:_communicate_load_status:344 | Skill mycroft-personal.mycroftai loaded successfully
2021-10-27 16:38:13.329 | INFO     |  5346 | mycroft.skills.skill_loader:load:185 | ATTEMPTING TO LOAD SKILL: fallback-wolfram-alpha.mycroftai
2021-10-27 16:38:13.420 | INFO     |  5346 | mycroft.skills.settings:get_local_settings:83 | /opt/mycroft/skills/fallback-wolfram-alpha.mycroftai/settings.json
2021-10-27 16:38:13.464 | INFO     |  5346 | mycroft.skills.skill_loader:_check_for_first_run:324 | First run of fallback-wolfram-alpha.mycroftai
2021-10-27 16:38:13.465 | INFO     |  5346 | mycroft.skills.settings:save_settings:116 | Skill settings successfully saved to /home/runner/.config/mycroft/skills/fallback-wolfram-alpha.mycroftai/settings.json
2021-10-27 16:38:13.472 | INFO     |  5346 | mycroft.skills.skill_loader:_communicate_load_status:344 | Skill fallback-wolfram-alpha.mycroftai loaded successfully
2021-10-27 16:38:13.472 | INFO     |  5346 | mycroft.skills.skill_loader:load:185 | ATTEMPTING TO LOAD SKILL: mycroft-wiki.mycroftai
2021-10-27 16:38:13.489 | INFO     |  5346 | mycroft.skills.settings:get_local_settings:83 | /opt/mycroft/skills/mycroft-wiki.mycroftai/settings.json
2021-10-27 16:38:13.537 | INFO     |  5346 | mycroft.skills.skill_loader:_check_for_first_run:324 | First run of mycroft-wiki.mycroftai
2021-10-27 16:38:13.538 | INFO     |  5346 | mycroft.skills.settings:save_settings:116 | Skill settings successfully saved to /home/runner/.config/mycroft/skills/mycroft-wiki.mycroftai/settings.json
2021-10-27 16:38:13.539 | INFO     |  5346 | mycroft.skills.skill_loader:_communicate_load_status:344 | Skill mycroft-wiki.mycroftai loaded successfully
2021-10-27 16:38:13.539 | INFO     |  5346 | mycroft.skills.skill_loader:load:185 | ATTEMPTING TO LOAD SKILL: fallback-unknown.mycroftai
2021-10-27 16:38:13.554 | INFO     |  5346 | mycroft.skills.settings:get_local_settings:83 | /opt/mycroft/skills/fallback-unknown.mycroftai/settings.json
2021-10-27 16:38:13.596 | INFO     |  5346 | mycroft.skills.skill_loader:_check_for_first_run:324 | First run of fallback-unknown.mycroftai
2021-10-27 16:38:13.597 | INFO     |  5346 | mycroft.skills.settings:save_settings:116 | Skill settings successfully saved to /home/runner/.config/mycroft/skills/fallback-unknown.mycroftai/settings.json
2021-10-27 16:38:13.605 | INFO     |  5346 | mycroft.skills.skill_loader:_communicate_load_status:344 | Skill fallback-unknown.mycroftai loaded successfully
2021-10-27 16:38:13.606 | INFO     |  5346 | mycroft.skills.skill_loader:load:185 | ATTEMPTING TO LOAD SKILL: mycroft-playback-control.mycroftai
2021-10-27 16:38:13.612 | INFO     |  5346 | mycroft.skills.settings:get_local_settings:83 | /opt/mycroft/skills/mycroft-playback-control.mycroftai/settings.json
2021-10-27 16:38:13.686 | INFO     |  5346 | mycroft.skills.skill_loader:_check_for_first_run:324 | First run of mycroft-playback-control.mycroftai
2021-10-27 16:38:13.687 | INFO     |  5346 | mycroft.skills.settings:save_settings:116 | Skill settings successfully saved to /home/runner/.config/mycroft/skills/mycroft-playback-control.mycroftai/settings.json
2021-10-27 16:38:13.688 | INFO     |  5346 | mycroft.skills.skill_loader:_communicate_load_status:344 | Skill mycroft-playback-control.mycroftai loaded successfully
2021-10-27 16:38:13.688 | INFO     |  5346 | mycroft.skills.skill_manager:_load_on_startup:275 | Skills all loaded!
2021-10-27 16:38:13.741 | INFO     |  5346 | __main__:on_ready:185 | Skills service is ready.
2021-10-27 16:38:13.965 | INFO     |  5346 | mycroft.skills.intent_services.padatious_service:train:151 | Training... (single_thread=False)
Regenerated mycroft-alarm.mycroftai:{daytype}.
Regenerated mycroft-reminder.mycroftai:UnspecifiedReminderAt.intent.
Regenerated mycroft-installer.mycroftai:remove.intent.
Regenerated mycroft-installer.mycroftai:is.installed.intent.
Regenerated mycroft-installer.mycroftai:install.intent.
Regenerated mycroft-installer.mycroftai:list.skills.intent.
Regenerated mycroft-installer.mycroftai:install.custom.intent.
Regenerated mycroft-installer.mycroftai:install.beta.intent.
Regenerated mycroft-timer.mycroftai:start.timer.intent.
Regenerated mycroft-timer.mycroftai:timer.status.intent.
Regenerated homeassistant.mycroftai:tracker.intent.
Regenerated homeassistant.mycroftai:automation.intent.
Regenerated homeassistant.mycroftai:add.item.shopping.list.intent.
Regenerated homeassistant.mycroftai:cover.stop.intent.
Regenerated homeassistant.mycroftai:decrease.light.brightness.intent.
Regenerated homeassistant.mycroftai:set.climate.intent.
Regenerated homeassistant.mycroftai:cover.close.intent.
Regenerated mycroft-alarm.mycroftai:snooze.intent.
Regenerated mycroft-npr-news.mycroftai:PlayTheNews.intent.
Regenerated mycroft-support-helper.mycroftai:contact.support.intent.
Regenerated mycroft-weather.mycroftai:do-i-need-an-umbrella.intent.
Regenerated mycroft-audio-record.mycroftai:PlayRecording.intent.
Regenerated mycroft-audio-record.mycroftai:StartRecording.intent.
Regenerated mycroft-stop.mycroftai:wifi.setup.intent.
Regenerated mycroft-stop.mycroftai:shutdown.intent.
Regenerated mycroft-configuration.mycroftai:WhereAreYou.intent.
Regenerated mycroft-configuration.mycroftai:EnablePreciseDev.intent.
Regenerated mycroft-configuration.mycroftai:DisablePreciseDev.intent.
Regenerated mycroft-personal.mycroftai:DoYouRhyme.intent.
Regenerated mycroft-personal.mycroftai:WhoMadeYou.intent.
Regenerated mycroft-personal.mycroftai:WhatAreYou.intent.
Regenerated mycroft-personal.mycroftai:DoYouDream.intent.
Regenerated mycroft-personal.mycroftai:WhereWereYouBorn.intent.
Regenerated mycroft-personal.mycroftai:WhenWereYouBorn.intent.
Regenerated mycroft-personal.mycroftai:WhoAreYou.intent.
Regenerated mycroft-wiki.mycroftai:Random.intent.
Regenerated mycroft-reminder.mycroftai:DeleteReminderForDay.intent.
Regenerated mycroft-reminder.mycroftai:GetRemindersForDay.intent.
Regenerated mycroft-reminder.mycroftai:ReminderAt.intent.
Regenerated mycroft-reminder.mycroftai:GetNextReminders.intent.
Regenerated mycroft-reminder.mycroftai:Reminder.intent.
Regenerated mycroft-reminder.mycroftai:CancelActiveReminder.intent.
Regenerated mycroft-reminder.mycroftai:SnoozeReminder.intent.
Regenerated mycroft-reminder.mycroftai:ClearReminders.intent.
Regenerated homeassistant.mycroftai:set.light.brightness.intent.
Regenerated homeassistant.mycroftai:cover.open.intent.
Regenerated homeassistant.mycroftai:turn.on.intent.
Regenerated homeassistant.mycroftai:increase.light.brightness.intent.
Regenerated homeassistant.mycroftai:turn.off.intent.
Regenerated homeassistant.mycroftai:toggle.intent.
Regenerated homeassistant.mycroftai:sensor.intent.
Regenerated mycroft-alarm.mycroftai:change.alarm.sound.intent.
Regenerated mycroft-stop.mycroftai:ssh.enable.intent.
Regenerated mycroft-stop.mycroftai:ssh.disable.intent.
Regenerated mycroft-stop.mycroftai:reboot.intent.
Regenerated mycroft-hello-world.mycroftai:HowAreYou.intent.
Regenerated mycroft-date-time.mycroftai:what.time.will.it.be.intent.
Regenerated mycroft-date-time.mycroftai:what.time.is.it.intent.
Regenerated mycroft-date-time.mycroftai:date.future.weekend.intent.
Regenerated mycroft-date-time.mycroftai:date.last.weekend.intent.
2021-10-27 16:38:17.118 | INFO     |  5346 | mycroft.skills.intent_services.padatious_service:train:153 | Training complete.
2021-10-27 16:38:25.257 | INFO     |  5346 | mycroft.skills.settings:save_settings:116 | Skill settings successfully saved to /home/runner/.config/mycroft/skills/mycroft-pairing.mycroftai/settings.json
2021-10-27 16:38:25.558 | INFO     |  5346 | mycroft.skills.settings:save_settings:116 | Skill settings successfully saved to /home/runner/.config/mycroft/skills/mycroft-timer.mycroftai/settings.json
2021-10-27 16:38:50.736 | INFO     |  5346 | __main__:on_stopping:193 | Skills service is shutting down...
2021-10-27 16:38:50.737 | INFO     |  5346 | __main__:shutdown:284 | Shutting down Skills service
2021-10-27 16:38:51.205 | ERROR    |  5346 | VolumeSkill | Couldn't allocate mixer, ALSAAudioError('No such file or directory [default]')
2021-10-27 16:38:51.206 | INFO     |  5346 | mycroft.skills.settings:save_settings:116 | Skill settings successfully saved to /home/runner/.config/mycroft/skills/mycroft-volume.mycroftai/settings.json
2021-10-27 16:38:51.209 | INFO     |  5346 | mycroft.skills.settings:save_settings:116 | Skill settings successfully saved to /home/runner/.config/mycroft/skills/mycroft-ip.mycroftai/settings.json
2021-10-27 16:38:51.210 | INFO     |  5346 | mycroft.skills.settings:save_settings:116 | Skill settings successfully saved to /home/runner/.config/mycroft/skills/mycroft-reminder.mycroftai/settings.json
2021-10-27 16:38:51.231 | INFO     |  5346 | mycroft.skills.settings:save_settings:116 | Skill settings successfully saved to /home/runner/.config/mycroft/skills/mycroft-installer.mycroftai/settings.json
2021-10-27 16:38:51.250 | INFO     |  5346 | mycroft.skills.settings:save_settings:116 | Skill settings successfully saved to /home/runner/.config/mycroft/skills/mycroft-version-checker.mycroftai/settings.json
2021-10-27 16:38:51.252 | INFO     |  5346 | mycroft.skills.settings:save_settings:116 | Skill settings successfully saved to /home/runner/.config/mycroft/skills/mycroft-singing.mycroftai/settings.json
2021-10-27 16:38:51.253 | INFO     |  5346 | mycroft.skills.settings:save_settings:116 | Skill settings successfully saved to /home/runner/.config/mycroft/skills/mycroft-joke.mycroftai/settings.json
2021-10-27 16:38:51.256 | INFO     |  5346 | HomeAssistantSkill | Removing all handlers...
2021-10-27 16:38:51.270 | WARNING  |  5346 | mycroft.skills.fallback_skill:remove_fallback:185 | Could not find matching fallback handler
2021-10-27 16:38:51.271 | INFO     |  5346 | mycroft.skills.settings:save_settings:116 | Skill settings successfully saved to /home/runner/.config/mycroft/skills/mycroft-alarm.mycroftai/settings.json
2021-10-27 16:38:51.278 | INFO     |  5346 | mycroft.skills.settings:save_settings:116 | Skill settings successfully saved to /home/runner/.config/mycroft/skills/mycroft-naptime.mycroftai/settings.json
2021-10-27 16:38:51.290 | INFO     |  5346 | mycroft.skills.settings:save_settings:116 | Skill settings successfully saved to /home/runner/.config/mycroft/skills/mycroft-spelling.mycroftai/settings.json
2021-10-27 16:38:51.291 | INFO     |  5346 | mycroft.skills.settings:save_settings:116 | Skill settings successfully saved to /home/runner/.config/mycroft/skills/mycroft-fallback-duck-duck-go.mycroftai/settings.json
2021-10-27 16:38:51.299 | INFO     |  5346 | mycroft.skills.settings:save_settings:116 | Skill settings successfully saved to /home/runner/.config/mycroft/skills/mycroft-npr-news.mycroftai/settings.json
2021-10-27 16:38:51.305 | INFO     |  5346 | mycroft.skills.settings:save_settings:116 | Skill settings successfully saved to /home/runner/.config/mycroft/skills/mycroft-support-helper.mycroftai/settings.json
2021-10-27 16:38:51.306 | INFO     |  5346 | mycroft.skills.settings:save_settings:116 | Skill settings successfully saved to /home/runner/.config/mycroft/skills/mycroft-weather.mycroftai/settings.json
2021-10-27 16:38:51.307 | INFO     |  5346 | mycroft.skills.settings:save_settings:116 | Skill settings successfully saved to /home/runner/.config/mycroft/skills/mycroft-speak.mycroftai/settings.json
2021-10-27 16:38:51.313 | INFO     |  5346 | mycroft.skills.settings:save_settings:116 | Skill settings successfully saved to /home/runner/.config/mycroft/skills/mycroft-audio-record.mycroftai/settings.json
2021-10-27 16:38:51.314 | INFO     |  5346 | mycroft.skills.settings:save_settings:116 | Skill settings successfully saved to /home/runner/.config/mycroft/skills/mycroft-stop.mycroftai/settings.json
2021-10-27 16:38:51.316 | INFO     |  5346 | mycroft.skills.settings:save_settings:116 | Skill settings successfully saved to /home/runner/.config/mycroft/skills/mycroft-hello-world.mycroftai/settings.json
2021-10-27 16:38:51.322 | INFO     |  5346 | mycroft.skills.settings:save_settings:116 | Skill settings successfully saved to /home/runner/.config/mycroft/skills/mycroft-date-time.mycroftai/settings.json
2021-10-27 16:38:51.330 | INFO     |  5346 | mycroft.skills.settings:save_settings:116 | Skill settings successfully saved to /home/runner/.config/mycroft/skills/mycroft-configuration.mycroftai/settings.json
2021-10-27 16:38:51.332 | INFO     |  5346 | QuestionsAnswersSkill | Removing all handlers...
2021-10-27 16:38:51.339 | INFO     |  5346 | mycroft.skills.settings:save_settings:116 | Skill settings successfully saved to /home/runner/.config/mycroft/skills/fallback-query.mycroftai/settings.json
2021-10-27 16:38:51.341 | INFO     |  5346 | mycroft.skills.settings:save_settings:116 | Skill settings successfully saved to /home/runner/.config/mycroft/skills/mycroft-personal.mycroftai/settings.json
2021-10-27 16:38:51.349 | INFO     |  5346 | mycroft.skills.settings:save_settings:116 | Skill settings successfully saved to /home/runner/.config/mycroft/skills/fallback-wolfram-alpha.mycroftai/settings.json
2021-10-27 16:38:51.358 | INFO     |  5346 | mycroft.skills.settings:save_settings:116 | Skill settings successfully saved to /home/runner/.config/mycroft/skills/mycroft-wiki.mycroftai/settings.json
2021-10-27 16:38:51.369 | INFO     |  5346 | UnknownSkill | Removing all handlers...
2021-10-27 16:38:51.370 | INFO     |  5346 | mycroft.skills.settings:save_settings:116 | Skill settings successfully saved to /home/runner/.config/mycroft/skills/fallback-unknown.mycroftai/settings.json
2021-10-27 16:38:51.383 | INFO     |  5346 | mycroft.skills.settings:save_settings:116 | Skill settings successfully saved to /home/runner/.config/mycroft/skills/mycroft-playback-control.mycroftai/settings.json
2021-10-27 16:38:52.384 | INFO     |  5346 | Playback Control Skill | Audio service status: {}
2021-10-27 16:38:53.386 | WARNING  |  5346 | mycroft.skills.skill_manager:_shutdown_skill:106 | mycroft-playback-control.mycroftai shutdown took 2.0065557030000036 seconds
2021-10-27 16:38:53.386 | INFO     |  5346 | __main__:shutdown:291 | Skills service shutdown complete!
2021-10-27 16:38:55.047 | ERROR    |  5346 | websocket | error from callback <bound method MessageBusClient.on_message of <mycroft.messagebus.client.client.MessageBusClient object at 0x7f7bc5d9bb10>>: cannot schedule new futures after shutdown
2021-10-27 16:38:55.049 | ERROR    |  5346 | websocket | error from callback <bound method MessageBusClient.on_message of <mycroft.messagebus.client.client.MessageBusClient object at 0x7f7bc5d9bb10>>: cannot schedule new futures after shutdown
2021-10-27 16:38:55.050 | ERROR    |  5346 | websocket | error from callback <bound method MessageBusClient.on_message of <mycroft.messagebus.client.client.MessageBusClient object at 0x7f7bc5d9bb10>>: cannot schedule new futures after shutdown
