2021-10-29 13:23:14.020 | INFO     |  5330 | mycroft.messagebus.load_config:load_message_bus_config:33 | Loading message bus configs
2021-10-29 13:23:14.028 | ERROR    |  5330 | mycroft_bus_client.client.client | === ConnectionRefusedError(111, 'Connection refused') ===
Traceback (most recent call last):
  File "/opt/mycroft-core/.venv/lib/python3.7/site-packages/websocket/_app.py", line 318, in run_forever
    proxy_type=proxy_type)
  File "/opt/mycroft-core/.venv/lib/python3.7/site-packages/websocket/_core.py", line 250, in connect
    options.pop('socket', None))
  File "/opt/mycroft-core/.venv/lib/python3.7/site-packages/websocket/_http.py", line 130, in connect
    sock = _open_socket(addrinfo_list, options.sockopt, options.timeout)
  File "/opt/mycroft-core/.venv/lib/python3.7/site-packages/websocket/_http.py", line 208, in _open_socket
    raise err
  File "/opt/mycroft-core/.venv/lib/python3.7/site-packages/websocket/_http.py", line 185, in _open_socket
    sock.connect(address)
ConnectionRefusedError: [Errno 111] Connection refused
2021-10-29 13:23:14.028 | ERROR    |  5330 | mycroft_bus_client.client.client | Exception closing websocket: ConnectionRefusedError(111, 'Connection refused')
2021-10-29 13:23:14.029 | WARNING  |  5330 | mycroft_bus_client.client.client | Message Bus Client will reconnect in 5.0 seconds.
2021-10-29 13:23:19.033 | INFO     |  5330 | mycroft_bus_client.client.client | Connected
2021-10-29 13:23:19.039 | INFO     |  5330 | mycroft.util.process_utils:start_message_bus_client:155 | Connected to messagebus
2021-10-29 13:23:19.043 | INFO     |  5330 | mycroft.skills.msm_wrapper:create_msm:96 | Acquiring lock to instantiate MSM
2021-10-29 13:23:19.044 | INFO     |  5330 | msm.mycroft_skills_manager | building SkillEntry objects for all skills
2021-10-29 13:23:19.269 | INFO     |  5330 | mycroft.skills.msm_wrapper:create_msm:112 | Releasing MSM instantiation lock.
2021-10-29 13:23:19.269 | INFO     |  5330 | mycroft.skills.skill_updater:_log_next_download_time:267 | Next scheduled skill update: 2021-10-29 13:23:18.269501
2021-10-29 13:23:19.270 | INFO     |  5330 | msm.skill_entry | Downloading skill: https://github.com/mycroftai/skill-pairing
2021-10-29 13:23:19.605 | INFO     |  5330 | msm.skill_entry | Installing system requirements...
2021-10-29 13:23:19.633 | INFO     |  5330 | msm.skill_entry | Successfully installed mycroft-pairing
2021-10-29 13:23:19.633 | INFO     |  5330 | msm.mycroft_skills_manager | invalidating skills cache
2021-10-29 13:23:19.634 | INFO     |  5330 | mycroft.skills.skill_loader:load:185 | ATTEMPTING TO LOAD SKILL: mycroft-pairing.mycroftai
2021-10-29 13:23:19.642 | INFO     |  5330 | mycroft.skills.settings:get_local_settings:83 | /opt/mycroft/skills/mycroft-pairing.mycroftai/settings.json
2021-10-29 13:23:19.664 | INFO     |  5330 | mycroft.skills.skill_loader:_check_for_first_run:324 | First run of mycroft-pairing.mycroftai
2021-10-29 13:23:19.674 | INFO     |  5330 | mycroft.skills.settings:save_settings:116 | Skill settings successfully saved to /home/runner/.config/mycroft/skills/mycroft-pairing.mycroftai/settings.json
2021-10-29 13:23:19.681 | INFO     |  5330 | mycroft.skills.skill_loader:_communicate_load_status:344 | Skill mycroft-pairing.mycroftai loaded successfully
2021-10-29 13:23:19.682 | INFO     |  5330 | msm.skill_entry | Downloading skill: https://github.com/mycroftai/skill-volume
2021-10-29 13:23:20.033 | INFO     |  5330 | msm.skill_entry | Installing system requirements...
2021-10-29 13:23:20.062 | INFO     |  5330 | msm.skill_entry | Installing requirements.txt for mycroft-volume
2021-10-29 13:23:21.016 | INFO     |  5330 | msm.skill_entry | Successfully installed mycroft-volume
2021-10-29 13:23:21.016 | INFO     |  5330 | msm.mycroft_skills_manager | invalidating skills cache
2021-10-29 13:23:21.018 | INFO     |  5330 | mycroft.skills.skill_loader:load:185 | ATTEMPTING TO LOAD SKILL: mycroft-volume.mycroftai
2021-10-29 13:23:21.026 | INFO     |  5330 | mycroft.skills.settings:get_local_settings:83 | /opt/mycroft/skills/mycroft-volume.mycroftai/settings.json
2021-10-29 13:23:21.083 | ERROR    |  5330 | VolumeSkill | Couldn't allocate mixer, ALSAAudioError('No such file or directory [default]')
2021-10-29 13:23:24.084 | INFO     |  5330 | mycroft.skills.skill_loader:_check_for_first_run:324 | First run of mycroft-volume.mycroftai
2021-10-29 13:23:24.085 | INFO     |  5330 | mycroft.skills.settings:save_settings:116 | Skill settings successfully saved to /home/runner/.config/mycroft/skills/mycroft-volume.mycroftai/settings.json
2021-10-29 13:23:24.086 | INFO     |  5330 | mycroft.skills.skill_loader:_communicate_load_status:344 | Skill mycroft-volume.mycroftai loaded successfully
2021-10-29 13:23:24.087 | INFO     |  5330 | __main__:on_started:177 | Skills service is starting up.
2021-10-29 13:23:24.131 | INFO     |  5330 | __main__:_update_system:154 | Attempting system update...
2021-10-29 13:23:27.133 | INFO     |  5330 | mycroft.enclosure.display_manager:_write_data:70 | Display Manager is creating /tmp/mycroft/ipc/managers/disp_info
2021-10-29 13:23:27.135 | INFO     |  5330 | __main__:_ensure_device_is_paired:133 | Device not paired, invoking the pairing skill
2021-10-29 13:23:27.147 | INFO     |  5330 | __main__:on_alive:181 | Skills service is alive.
2021-10-29 13:23:27.148 | INFO     |  5330 | msm.mycroft_skills_manager | building SkillEntry objects for all skills
2021-10-29 13:23:27.364 | WARNING  |  5330 | msm.mycroft_skills_manager | No such default skill: mycroft-pandora
2021-10-29 13:23:27.365 | INFO     |  5330 | mycroft.skills.skill_manager:run:234 | Not all default skills are installed, performing skill update...
2021-10-29 13:23:27.366 | INFO     |  5330 | mycroft.skills.skill_updater:update_skills:149 | Beginning skill update...
2021-10-29 13:23:27.392 | INFO     |  5330 | PairingSkill | Communicating account URL to user
2021-10-29 13:23:27.412 | INFO     |  5330 | msm.mycroft_skills_manager | building SkillEntry objects for all skills
2021-10-29 13:23:27.630 | INFO     |  5330 | msm.mycroft_skills_manager | invalidating skills cache
2021-10-29 13:23:27.663 | INFO     |  5330 | msm.skill_entry | Downloading skill: https://github.com/mycroftai/fallback-wolfram-alpha
2021-10-29 13:23:27.668 | INFO     |  5330 | msm.skill_entry | Downloading skill: https://github.com/mycroftai/fallback-unknown
2021-10-29 13:23:27.680 | INFO     |  5330 | msm.skill_entry | Downloading skill: https://github.com/mycroftai/skill-audio-record
2021-10-29 13:23:27.682 | INFO     |  5330 | msm.skill_entry | Downloading skill: https://github.com/mycroftai/skill-configuration
2021-10-29 13:23:27.682 | INFO     |  5330 | msm.skill_entry | Downloading skill: https://github.com/mycroftai/fallback-duckduckgo
2021-10-29 13:23:27.701 | INFO     |  5330 | msm.skill_entry | Downloading skill: https://github.com/mycroftai/skill-ip
2021-10-29 13:23:27.693 | INFO     |  5330 | msm.skill_entry | Downloading skill: https://github.com/mycroftai/skill-installer
2021-10-29 13:23:27.694 | INFO     |  5330 | msm.skill_entry | Downloading skill: https://github.com/mycroftai/skill-alarm
2021-10-29 13:23:27.686 | INFO     |  5330 | msm.skill_entry | Downloading skill: https://github.com/mycroftai/skill-date-time
2021-10-29 13:23:27.706 | INFO     |  5330 | msm.skill_entry | Downloading skill: https://github.com/mycroftai/skill-joke
2021-10-29 13:23:27.708 | INFO     |  5330 | msm.skill_entry | Downloading skill: https://github.com/mycroftai/skill-naptime
2021-10-29 13:23:27.721 | INFO     |  5330 | msm.skill_entry | Downloading skill: https://github.com/mycroftai/skill-hello-world
2021-10-29 13:23:27.745 | INFO     |  5330 | msm.skill_entry | Downloading skill: https://github.com/mycroftai/skill-npr-news
2021-10-29 13:23:27.762 | INFO     |  5330 | msm.skill_entry | Downloading skill: https://github.com/mycroftai/skill-playback-control
2021-10-29 13:23:27.760 | INFO     |  5330 | msm.skill_entry | Downloading skill: https://github.com/mycroftai/skill-personal
2021-10-29 13:23:27.764 | INFO     |  5330 | msm.skill_entry | Downloading skill: https://github.com/mycroftai/skill-reminder
2021-10-29 13:23:27.765 | INFO     |  5330 | msm.skill_entry | Downloading skill: https://github.com/mycroftai/skill-singing
2021-10-29 13:23:28.648 | ERROR    |  5330 | msm.mycroft_skills_manager | Error running install_or_update on homeassistant.mycroftai: MergeConflict
2021-10-29 13:23:28.650 | INFO     |  5330 | msm.skill_entry | Downloading skill: https://github.com/mycroftai/skill-speak
2021-10-29 13:23:28.828 | INFO     |  5330 | msm.skill_entry | Nothing new for mycroft-volume
2021-10-29 13:23:28.838 | INFO     |  5330 | msm.skill_entry | Installing system requirements...
2021-10-29 13:23:28.855 | INFO     |  5330 | msm.skill_entry | Installing requirements.txt for mycroft-volume
2021-10-29 13:23:28.859 | INFO     |  5330 | msm.skill_entry | Nothing new for mycroft-pairing
2021-10-29 13:23:28.871 | INFO     |  5330 | msm.skill_entry | Installing system requirements...
2021-10-29 13:23:28.898 | INFO     |  5330 | msm.skill_entry | Downloading skill: https://github.com/mycroftai/skill-spelling
2021-10-29 13:23:29.252 | INFO     |  5330 | msm.skill_entry | Installing system requirements...
2021-10-29 13:23:29.270 | INFO     |  5330 | msm.skill_entry | Installing system requirements...
2021-10-29 13:23:29.302 | INFO     |  5330 | msm.skill_entry | Installing system requirements...
2021-10-29 13:23:29.456 | INFO     |  5330 | msm.skill_entry | Installing system requirements...
2021-10-29 13:23:29.505 | INFO     |  5330 | msm.skill_entry | Successfully installed fallback-unknown
2021-10-29 13:23:29.506 | INFO     |  5330 | msm.mycroft_skills_manager | invalidating skills cache
2021-10-29 13:23:29.508 | INFO     |  5330 | msm.skill_entry | Downloading skill: https://github.com/mycroftai/skill-stop
2021-10-29 13:23:29.518 | INFO     |  5330 | msm.skill_entry | Installing requirements.txt for mycroft-ip
2021-10-29 13:23:29.541 | INFO     |  5330 | msm.skill_entry | Installing system requirements...
2021-10-29 13:23:29.588 | INFO     |  5330 | msm.skill_entry | Installing system requirements...
2021-10-29 13:23:29.615 | INFO     |  5330 | msm.skill_entry | Installing system requirements...
2021-10-29 13:23:29.634 | INFO     |  5330 | msm.skill_entry | Installing requirements.txt for fallback-wolfram-alpha
2021-10-29 13:23:29.641 | INFO     |  5330 | msm.skill_entry | Installing system requirements...
2021-10-29 13:23:29.654 | INFO     |  5330 | msm.skill_entry | Installing system requirements...
2021-10-29 13:23:29.694 | INFO     |  5330 | msm.skill_entry | Installing requirements.txt for mycroft-fallback-duck-duck-go
2021-10-29 13:23:29.698 | INFO     |  5330 | msm.skill_entry | Installing system requirements...
2021-10-29 13:23:29.714 | INFO     |  5330 | msm.skill_entry | Installing system requirements...
2021-10-29 13:23:29.744 | INFO     |  5330 | msm.skill_entry | Installing requirements.txt for mycroft-joke
2021-10-29 13:23:29.747 | INFO     |  5330 | msm.skill_entry | Installing requirements.txt for mycroft-audio-record
2021-10-29 13:23:29.750 | INFO     |  5330 | msm.skill_entry | Installing system requirements...
2021-10-29 13:23:29.762 | INFO     |  5330 | msm.skill_entry | Successfully installed mycroft-naptime
2021-10-29 13:23:29.763 | INFO     |  5330 | msm.mycroft_skills_manager | invalidating skills cache
2021-10-29 13:23:29.767 | INFO     |  5330 | msm.skill_entry | Installing system requirements...
2021-10-29 13:23:29.774 | INFO     |  5330 | msm.skill_entry | Downloading skill: https://github.com/mycroftai/skill-support
2021-10-29 13:23:29.786 | INFO     |  5330 | msm.skill_entry | Successfully installed mycroft-personal
2021-10-29 13:23:29.786 | INFO     |  5330 | msm.mycroft_skills_manager | invalidating skills cache
2021-10-29 13:23:29.788 | INFO     |  5330 | msm.skill_entry | Downloading skill: https://github.com/mycroftai/mycroft-timer
2021-10-29 13:23:29.816 | INFO     |  5330 | msm.skill_entry | Successfully installed mycroft-hello-world
2021-10-29 13:23:29.817 | INFO     |  5330 | msm.mycroft_skills_manager | invalidating skills cache
2021-10-29 13:23:29.818 | INFO     |  5330 | msm.skill_entry | Downloading skill: https://github.com/mycroftai/skill-weather
2021-10-29 13:23:29.859 | INFO     |  5330 | msm.skill_entry | Installing requirements.txt for mycroft-configuration
2021-10-29 13:23:29.884 | INFO     |  5330 | msm.skill_entry | Installing system requirements...
2021-10-29 13:23:29.911 | INFO     |  5330 | msm.skill_entry | Successfully installed mycroft-playback-control
2021-10-29 13:23:29.911 | INFO     |  5330 | msm.mycroft_skills_manager | invalidating skills cache
2021-10-29 13:23:29.913 | INFO     |  5330 | msm.skill_entry | Downloading skill: https://github.com/mycroftai/skill-version-checker
2021-10-29 13:23:29.913 | INFO     |  5330 | msm.skill_entry | Successfully installed mycroft-reminder
2021-10-29 13:23:29.913 | INFO     |  5330 | msm.mycroft_skills_manager | invalidating skills cache
2021-10-29 13:23:29.914 | INFO     |  5330 | msm.skill_entry | Downloading skill: https://github.com/mycroftai/skill-wiki
2021-10-29 13:23:29.930 | INFO     |  5330 | msm.skill_entry | Installing requirements.txt for mycroft-npr-news
2021-10-29 13:23:30.013 | INFO     |  5330 | msm.skill_entry | Installing requirements.txt for mycroft-installer
2021-10-29 13:23:30.069 | INFO     |  5330 | msm.skill_entry | Installing system requirements...
2021-10-29 13:23:30.105 | INFO     |  5330 | msm.skill_entry | Installing system requirements...
2021-10-29 13:23:30.205 | INFO     |  5330 | msm.skill_entry | Successfully installed mycroft-speak
2021-10-29 13:23:30.205 | INFO     |  5330 | msm.mycroft_skills_manager | invalidating skills cache
2021-10-29 13:23:30.208 | INFO     |  5330 | msm.skill_entry | Downloading skill: https://github.com/MycroftAI/skill-query
2021-10-29 13:23:30.248 | INFO     |  5330 | msm.skill_entry | Installing system requirements...
2021-10-29 13:23:30.262 | INFO     |  5330 | msm.skill_entry | Installing requirements.txt for mycroft-date-time
2021-10-29 13:23:30.318 | INFO     |  5330 | msm.skill_entry | Installing system requirements...
2021-10-29 13:23:30.344 | INFO     |  5330 | msm.skill_entry | Installing requirements.txt for mycroft-alarm
2021-10-29 13:23:30.352 | INFO     |  5330 | msm.skill_entry | Successfully installed mycroft-spelling
2021-10-29 13:23:30.352 | INFO     |  5330 | msm.mycroft_skills_manager | invalidating skills cache
2021-10-29 13:23:30.613 | INFO     |  5330 | msm.skill_entry | Installing system requirements...
2021-10-29 13:23:30.692 | INFO     |  5330 | msm.skill_entry | Successfully installed mycroft-stop
2021-10-29 13:23:30.693 | INFO     |  5330 | msm.mycroft_skills_manager | invalidating skills cache
2021-10-29 13:23:30.788 | INFO     |  5330 | msm.skill_entry | Installing system requirements...
2021-10-29 13:23:30.826 | INFO     |  5330 | msm.skill_entry | Installing system requirements...
2021-10-29 13:23:30.913 | INFO     |  5330 | msm.skill_entry | Successfully installed fallback-query
2021-10-29 13:23:30.914 | INFO     |  5330 | msm.mycroft_skills_manager | invalidating skills cache
2021-10-29 13:23:30.932 | INFO     |  5330 | msm.skill_entry | Installing requirements.txt for mycroft-support-helper
2021-10-29 13:23:30.933 | INFO     |  5330 | msm.skill_entry | Installing system requirements...
2021-10-29 13:23:30.962 | INFO     |  5330 | msm.skill_entry | Installing system requirements...
2021-10-29 13:23:31.014 | INFO     |  5330 | msm.skill_entry | Successfully installed mycroft-version-checker
2021-10-29 13:23:31.014 | INFO     |  5330 | msm.mycroft_skills_manager | invalidating skills cache
2021-10-29 13:23:31.040 | INFO     |  5330 | msm.skill_entry | Installing requirements.txt for mycroft-wiki
2021-10-29 13:23:31.117 | ERROR    |  5330 | msm.mycroft_skills_manager | Error running install_or_update on homeassistant: MergeConflict
2021-10-29 13:23:31.123 | INFO     |  5330 | msm.skill_entry | Installing system requirements...
2021-10-29 13:23:31.175 | INFO     |  5330 | msm.skill_entry | Successfully installed mycroft-timer
2021-10-29 13:23:31.175 | INFO     |  5330 | msm.mycroft_skills_manager | invalidating skills cache
2021-10-29 13:23:31.576 | INFO     |  5330 | msm.skill_entry | Installing system requirements...
2021-10-29 13:23:31.605 | INFO     |  5330 | msm.skill_entry | Installing requirements.txt for mycroft-weather
2021-10-29 13:23:31.917 | INFO     |  5330 | msm.skill_entry | Installing system requirements...
2021-10-29 13:23:31.949 | INFO     |  5330 | msm.skill_entry | Successfully installed mycroft-singing
2021-10-29 13:23:31.949 | INFO     |  5330 | msm.mycroft_skills_manager | invalidating skills cache
2021-10-29 13:23:33.119 | INFO     |  5330 | msm.skill_entry | Successfully installed mycroft-ip
2021-10-29 13:23:33.119 | INFO     |  5330 | msm.mycroft_skills_manager | invalidating skills cache
2021-10-29 13:23:37.403 | INFO     |  5330 | msm.skill_entry | Successfully installed fallback-wolfram-alpha
2021-10-29 13:23:37.403 | INFO     |  5330 | msm.mycroft_skills_manager | invalidating skills cache
2021-10-29 13:23:38.492 | INFO     |  5330 | msm.skill_entry | Successfully installed mycroft-fallback-duck-duck-go
2021-10-29 13:23:38.493 | INFO     |  5330 | msm.mycroft_skills_manager | invalidating skills cache
2021-10-29 13:23:39.453 | INFO     |  5330 | msm.skill_entry | Successfully installed mycroft-audio-record
2021-10-29 13:23:39.454 | INFO     |  5330 | msm.mycroft_skills_manager | invalidating skills cache
2021-10-29 13:23:40.587 | INFO     |  5330 | msm.skill_entry | Successfully installed mycroft-joke
2021-10-29 13:23:40.588 | INFO     |  5330 | msm.mycroft_skills_manager | invalidating skills cache
2021-10-29 13:23:43.277 | INFO     |  5330 | msm.skill_entry | Successfully installed mycroft-configuration
2021-10-29 13:23:43.277 | INFO     |  5330 | msm.mycroft_skills_manager | invalidating skills cache
2021-10-29 13:23:46.442 | INFO     |  5330 | msm.skill_entry | Successfully installed mycroft-npr-news
2021-10-29 13:23:46.443 | INFO     |  5330 | msm.mycroft_skills_manager | invalidating skills cache
2021-10-29 13:23:47.430 | INFO     |  5330 | msm.skill_entry | Successfully installed mycroft-installer
2021-10-29 13:23:47.430 | INFO     |  5330 | msm.mycroft_skills_manager | invalidating skills cache
2021-10-29 13:23:57.755 | INFO     |  5330 | PairingSkill | Initiating device pairing sequence...
2021-10-29 13:23:57.756 | INFO     |  5330 | PairingSkill | Retrieving pairing code from device API...
2021-10-29 13:23:57.946 | INFO     |  5330 | PairingSkill | Pairing code obtained: JXUYKX
2021-10-29 13:23:57.946 | INFO     |  5330 | PairingSkill | Communicating pairing URL to user
2021-10-29 13:24:04.817 | INFO     |  5330 | msm.skill_entry | Successfully installed mycroft-date-time
2021-10-29 13:24:04.817 | INFO     |  5330 | msm.mycroft_skills_manager | invalidating skills cache
2021-10-29 13:24:05.764 | INFO     |  5330 | msm.skill_entry | Successfully installed mycroft-alarm
2021-10-29 13:24:05.765 | INFO     |  5330 | msm.mycroft_skills_manager | invalidating skills cache
2021-10-29 13:24:08.208 | INFO     |  5330 | msm.skill_entry | Successfully installed mycroft-support-helper
2021-10-29 13:24:08.209 | INFO     |  5330 | msm.mycroft_skills_manager | invalidating skills cache
2021-10-29 13:24:10.308 | INFO     |  5330 | msm.skill_entry | Successfully installed mycroft-wiki
2021-10-29 13:24:10.309 | INFO     |  5330 | msm.mycroft_skills_manager | invalidating skills cache
2021-10-29 13:24:11.682 | INFO     |  5330 | msm.skill_entry | Successfully installed mycroft-weather
2021-10-29 13:24:11.682 | INFO     |  5330 | msm.mycroft_skills_manager | invalidating skills cache
2021-10-29 13:24:11.734 | INFO     |  5330 | mycroft.skills.skill_updater:_log_next_download_time:267 | Next scheduled skill update: 2021-10-29 14:24:11.733735
2021-10-29 13:24:11.734 | INFO     |  5330 | mycroft.skills.skill_updater:update_skills:170 | Skill update complete
2021-10-29 13:24:11.735 | INFO     |  5330 | mycroft.skills.skill_manager:_load_on_startup:273 | Loading installed skills...
2021-10-29 13:24:11.736 | INFO     |  5330 | mycroft.skills.skill_loader:load:185 | ATTEMPTING TO LOAD SKILL: mycroft-ip.mycroftai
2021-10-29 13:24:11.771 | INFO     |  5330 | mycroft.skills.settings:get_local_settings:83 | /opt/mycroft/skills/mycroft-ip.mycroftai/settings.json
2021-10-29 13:24:11.795 | INFO     |  5330 | mycroft.skills.skill_loader:_check_for_first_run:324 | First run of mycroft-ip.mycroftai
2021-10-29 13:24:11.806 | INFO     |  5330 | mycroft.skills.settings:save_settings:116 | Skill settings successfully saved to /home/runner/.config/mycroft/skills/mycroft-ip.mycroftai/settings.json
2021-10-29 13:24:11.807 | INFO     |  5330 | mycroft.skills.skill_loader:_communicate_load_status:344 | Skill mycroft-ip.mycroftai loaded successfully
2021-10-29 13:24:11.809 | INFO     |  5330 | mycroft.skills.skill_loader:load:185 | ATTEMPTING TO LOAD SKILL: mycroft-reminder.mycroftai
2021-10-29 13:24:11.834 | INFO     |  5330 | mycroft.skills.settings:get_local_settings:83 | /opt/mycroft/skills/mycroft-reminder.mycroftai/settings.json
2021-10-29 13:24:11.879 | INFO     |  5330 | mycroft.skills.skill_loader:_check_for_first_run:324 | First run of mycroft-reminder.mycroftai
2021-10-29 13:24:11.880 | INFO     |  5330 | mycroft.skills.settings:save_settings:116 | Skill settings successfully saved to /home/runner/.config/mycroft/skills/mycroft-reminder.mycroftai/settings.json
2021-10-29 13:24:11.881 | INFO     |  5330 | mycroft.skills.skill_loader:_communicate_load_status:344 | Skill mycroft-reminder.mycroftai loaded successfully
2021-10-29 13:24:11.881 | INFO     |  5330 | mycroft.skills.skill_loader:load:185 | ATTEMPTING TO LOAD SKILL: mycroft-installer.mycroftai
2021-10-29 13:24:11.893 | INFO     |  5330 | mycroft.skills.settings:get_local_settings:83 | /opt/mycroft/skills/mycroft-installer.mycroftai/settings.json
2021-10-29 13:24:11.917 | INFO     |  5330 | mycroft.skills.skill_loader:_check_for_first_run:324 | First run of mycroft-installer.mycroftai
2021-10-29 13:24:11.918 | INFO     |  5330 | mycroft.skills.settings:save_settings:116 | Skill settings successfully saved to /home/runner/.config/mycroft/skills/mycroft-installer.mycroftai/settings.json
2021-10-29 13:24:11.921 | INFO     |  5330 | mycroft.skills.skill_loader:_communicate_load_status:344 | Skill mycroft-installer.mycroftai loaded successfully
2021-10-29 13:24:11.924 | INFO     |  5330 | mycroft.skills.skill_loader:load:185 | ATTEMPTING TO LOAD SKILL: mycroft-version-checker.mycroftai
2021-10-29 13:24:11.931 | INFO     |  5330 | mycroft.skills.settings:get_local_settings:83 | /opt/mycroft/skills/mycroft-version-checker.mycroftai/settings.json
2021-10-29 13:24:11.961 | INFO     |  5330 | mycroft.skills.skill_loader:_check_for_first_run:324 | First run of mycroft-version-checker.mycroftai
2021-10-29 13:24:11.962 | INFO     |  5330 | mycroft.skills.settings:save_settings:116 | Skill settings successfully saved to /home/runner/.config/mycroft/skills/mycroft-version-checker.mycroftai/settings.json
2021-10-29 13:24:11.963 | INFO     |  5330 | mycroft.skills.skill_loader:_communicate_load_status:344 | Skill mycroft-version-checker.mycroftai loaded successfully
2021-10-29 13:24:11.965 | INFO     |  5330 | mycroft.skills.skill_loader:load:185 | ATTEMPTING TO LOAD SKILL: mycroft-singing.mycroftai
2021-10-29 13:24:11.971 | INFO     |  5330 | mycroft.skills.settings:get_local_settings:83 | /opt/mycroft/skills/mycroft-singing.mycroftai/settings.json
2021-10-29 13:24:11.992 | INFO     |  5330 | mycroft.skills.skill_loader:_check_for_first_run:324 | First run of mycroft-singing.mycroftai
2021-10-29 13:24:11.993 | INFO     |  5330 | mycroft.skills.settings:save_settings:116 | Skill settings successfully saved to /home/runner/.config/mycroft/skills/mycroft-singing.mycroftai/settings.json
2021-10-29 13:24:11.995 | INFO     |  5330 | mycroft.skills.skill_loader:_communicate_load_status:344 | Skill mycroft-singing.mycroftai loaded successfully
2021-10-29 13:24:11.996 | INFO     |  5330 | mycroft.skills.skill_loader:load:185 | ATTEMPTING TO LOAD SKILL: mycroft-joke.mycroftai
2021-10-29 13:24:12.001 | INFO     |  5330 | mycroft.skills.settings:get_local_settings:83 | /opt/mycroft/skills/mycroft-joke.mycroftai/settings.json
2021-10-29 13:24:12.021 | INFO     |  5330 | mycroft.skills.skill_loader:_check_for_first_run:324 | First run of mycroft-joke.mycroftai
2021-10-29 13:24:12.022 | INFO     |  5330 | mycroft.skills.settings:save_settings:116 | Skill settings successfully saved to /home/runner/.config/mycroft/skills/mycroft-joke.mycroftai/settings.json
2021-10-29 13:24:12.027 | INFO     |  5330 | mycroft.skills.skill_loader:_communicate_load_status:344 | Skill mycroft-joke.mycroftai loaded successfully
2021-10-29 13:24:12.028 | INFO     |  5330 | mycroft.skills.skill_loader:load:185 | ATTEMPTING TO LOAD SKILL: mycroft-timer.mycroftai
2021-10-29 13:24:12.059 | INFO     |  5330 | mycroft.skills.settings:get_local_settings:83 | /opt/mycroft/skills/mycroft-timer.mycroftai/settings.json
2021-10-29 13:24:12.129 | INFO     |  5330 | mycroft.skills.skill_loader:_check_for_first_run:324 | First run of mycroft-timer.mycroftai
2021-10-29 13:24:12.135 | INFO     |  5330 | mycroft.skills.settings:save_settings:116 | Skill settings successfully saved to /home/runner/.config/mycroft/skills/mycroft-timer.mycroftai/settings.json
2021-10-29 13:24:12.144 | INFO     |  5330 | mycroft.skills.skill_loader:_communicate_load_status:344 | Skill mycroft-timer.mycroftai loaded successfully
2021-10-29 13:24:12.144 | INFO     |  5330 | mycroft.skills.skill_loader:load:185 | ATTEMPTING TO LOAD SKILL: homeassistant.mycroftai
2021-10-29 13:24:12.538 | INFO     |  5330 | mycroft.skills.settings:get_local_settings:83 | /opt/mycroft/skills/homeassistant.mycroftai/settings.json
2021-10-29 13:24:12.540 | INFO     |  5330 | mycroft.skills.settings:get_local_settings:83 | /opt/mycroft/skills/homeassistant.mycroftai/settings.json
2021-10-29 13:24:12.578 | INFO     |  5330 | mycroft.skills.skill_loader:_communicate_load_status:344 | Skill homeassistant.mycroftai loaded successfully
2021-10-29 13:24:12.578 | INFO     |  5330 | mycroft.skills.skill_loader:load:185 | ATTEMPTING TO LOAD SKILL: mycroft-alarm.mycroftai
2021-10-29 13:24:12.613 | INFO     |  5330 | mycroft.skills.settings:get_local_settings:83 | /opt/mycroft/skills/mycroft-alarm.mycroftai/settings.json
2021-10-29 13:24:12.614 | ERROR    |  5330 | AlarmSkill | Couldn't allocate mixer, ALSAAudioError('No such file or directory [default]')
2021-10-29 13:24:12.708 | INFO     |  5330 | mycroft.skills.skill_loader:_check_for_first_run:324 | First run of mycroft-alarm.mycroftai
2021-10-29 13:24:12.708 | INFO     |  5330 | mycroft.skills.settings:save_settings:116 | Skill settings successfully saved to /home/runner/.config/mycroft/skills/mycroft-alarm.mycroftai/settings.json
2021-10-29 13:24:12.710 | INFO     |  5330 | mycroft.skills.skill_loader:_communicate_load_status:344 | Skill mycroft-alarm.mycroftai loaded successfully
2021-10-29 13:24:12.711 | INFO     |  5330 | mycroft.skills.skill_loader:load:185 | ATTEMPTING TO LOAD SKILL: mycroft-naptime.mycroftai
2021-10-29 13:24:12.716 | INFO     |  5330 | mycroft.skills.settings:get_local_settings:83 | /opt/mycroft/skills/mycroft-naptime.mycroftai/settings.json
2021-10-29 13:24:12.726 | INFO     |  5330 | mycroft.skills.skill_loader:_check_for_first_run:324 | First run of mycroft-naptime.mycroftai
2021-10-29 13:24:12.726 | INFO     |  5330 | mycroft.skills.settings:save_settings:116 | Skill settings successfully saved to /home/runner/.config/mycroft/skills/mycroft-naptime.mycroftai/settings.json
2021-10-29 13:24:12.727 | INFO     |  5330 | mycroft.skills.skill_loader:_communicate_load_status:344 | Skill mycroft-naptime.mycroftai loaded successfully
2021-10-29 13:24:12.728 | INFO     |  5330 | mycroft.skills.skill_loader:load:185 | ATTEMPTING TO LOAD SKILL: mycroft-spelling.mycroftai
2021-10-29 13:24:12.733 | INFO     |  5330 | mycroft.skills.settings:get_local_settings:83 | /opt/mycroft/skills/mycroft-spelling.mycroftai/settings.json
2021-10-29 13:24:12.752 | INFO     |  5330 | mycroft.skills.skill_loader:_check_for_first_run:324 | First run of mycroft-spelling.mycroftai
2021-10-29 13:24:12.755 | INFO     |  5330 | mycroft.skills.settings:save_settings:116 | Skill settings successfully saved to /home/runner/.config/mycroft/skills/mycroft-spelling.mycroftai/settings.json
2021-10-29 13:24:12.757 | INFO     |  5330 | mycroft.skills.skill_loader:_communicate_load_status:344 | Skill mycroft-spelling.mycroftai loaded successfully
2021-10-29 13:24:12.759 | INFO     |  5330 | mycroft.skills.skill_loader:load:185 | ATTEMPTING TO LOAD SKILL: mycroft-fallback-duck-duck-go.mycroftai
2021-10-29 13:24:12.784 | INFO     |  5330 | mycroft.skills.settings:get_local_settings:83 | /opt/mycroft/skills/mycroft-fallback-duck-duck-go.mycroftai/settings.json
2021-10-29 13:24:12.807 | INFO     |  5330 | mycroft.skills.skill_loader:_check_for_first_run:324 | First run of mycroft-fallback-duck-duck-go.mycroftai
2021-10-29 13:24:12.818 | INFO     |  5330 | mycroft.skills.settings:save_settings:116 | Skill settings successfully saved to /home/runner/.config/mycroft/skills/mycroft-fallback-duck-duck-go.mycroftai/settings.json
2021-10-29 13:24:12.818 | INFO     |  5330 | mycroft.skills.skill_loader:_communicate_load_status:344 | Skill mycroft-fallback-duck-duck-go.mycroftai loaded successfully
2021-10-29 13:24:12.819 | INFO     |  5330 | mycroft.skills.skill_loader:load:185 | ATTEMPTING TO LOAD SKILL: mycroft-npr-news.mycroftai
2021-10-29 13:24:12.974 | INFO     |  5330 | mycroft.skills.settings:get_local_settings:83 | /opt/mycroft/skills/mycroft-npr-news.mycroftai/settings.json
2021-10-29 13:24:14.033 | INFO     |  5330 | mycroft.skills.skill_loader:_check_for_first_run:324 | First run of mycroft-npr-news.mycroftai
2021-10-29 13:24:14.034 | INFO     |  5330 | mycroft.skills.settings:save_settings:116 | Skill settings successfully saved to /home/runner/.config/mycroft/skills/mycroft-npr-news.mycroftai/settings.json
2021-10-29 13:24:14.059 | INFO     |  5330 | mycroft.skills.skill_loader:_communicate_load_status:344 | Skill mycroft-npr-news.mycroftai loaded successfully
2021-10-29 13:24:14.060 | INFO     |  5330 | mycroft.skills.skill_loader:load:185 | ATTEMPTING TO LOAD SKILL: mycroft-support-helper.mycroftai
2021-10-29 13:24:14.071 | INFO     |  5330 | mycroft.skills.settings:get_local_settings:83 | /opt/mycroft/skills/mycroft-support-helper.mycroftai/settings.json
2021-10-29 13:24:14.082 | INFO     |  5330 | mycroft.skills.skill_loader:_check_for_first_run:324 | First run of mycroft-support-helper.mycroftai
2021-10-29 13:24:14.082 | INFO     |  5330 | mycroft.skills.settings:save_settings:116 | Skill settings successfully saved to /home/runner/.config/mycroft/skills/mycroft-support-helper.mycroftai/settings.json
2021-10-29 13:24:14.097 | INFO     |  5330 | mycroft.skills.skill_loader:_communicate_load_status:344 | Skill mycroft-support-helper.mycroftai loaded successfully
2021-10-29 13:24:14.097 | INFO     |  5330 | mycroft.skills.skill_loader:load:185 | ATTEMPTING TO LOAD SKILL: mycroft-weather.mycroftai
2021-10-29 13:24:14.119 | INFO     |  5330 | mycroft.skills.settings:get_local_settings:83 | /opt/mycroft/skills/mycroft-weather.mycroftai/settings.json
2021-10-29 13:24:14.187 | INFO     |  5330 | mycroft.skills.skill_loader:_check_for_first_run:324 | First run of mycroft-weather.mycroftai
2021-10-29 13:24:14.188 | INFO     |  5330 | mycroft.skills.settings:save_settings:116 | Skill settings successfully saved to /home/runner/.config/mycroft/skills/mycroft-weather.mycroftai/settings.json
2021-10-29 13:24:14.202 | INFO     |  5330 | mycroft.skills.skill_loader:_communicate_load_status:344 | Skill mycroft-weather.mycroftai loaded successfully
2021-10-29 13:24:14.202 | INFO     |  5330 | mycroft.skills.skill_loader:load:185 | ATTEMPTING TO LOAD SKILL: mycroft-speak.mycroftai
2021-10-29 13:24:14.206 | INFO     |  5330 | mycroft.skills.settings:get_local_settings:83 | /opt/mycroft/skills/mycroft-speak.mycroftai/settings.json
2021-10-29 13:24:14.248 | INFO     |  5330 | mycroft.skills.skill_loader:_check_for_first_run:324 | First run of mycroft-speak.mycroftai
2021-10-29 13:24:14.250 | INFO     |  5330 | mycroft.skills.settings:save_settings:116 | Skill settings successfully saved to /home/runner/.config/mycroft/skills/mycroft-speak.mycroftai/settings.json
2021-10-29 13:24:14.263 | INFO     |  5330 | mycroft.skills.skill_loader:_communicate_load_status:344 | Skill mycroft-speak.mycroftai loaded successfully
2021-10-29 13:24:14.264 | INFO     |  5330 | mycroft.skills.skill_loader:load:185 | ATTEMPTING TO LOAD SKILL: mycroft-audio-record.mycroftai
2021-10-29 13:24:14.271 | INFO     |  5330 | mycroft.skills.settings:get_local_settings:83 | /opt/mycroft/skills/mycroft-audio-record.mycroftai/settings.json
2021-10-29 13:24:14.303 | INFO     |  5330 | mycroft.skills.skill_loader:_check_for_first_run:324 | First run of mycroft-audio-record.mycroftai
2021-10-29 13:24:14.304 | INFO     |  5330 | mycroft.skills.settings:save_settings:116 | Skill settings successfully saved to /home/runner/.config/mycroft/skills/mycroft-audio-record.mycroftai/settings.json
2021-10-29 13:24:14.305 | INFO     |  5330 | mycroft.skills.skill_loader:_communicate_load_status:344 | Skill mycroft-audio-record.mycroftai loaded successfully
2021-10-29 13:24:14.305 | INFO     |  5330 | mycroft.skills.skill_loader:load:185 | ATTEMPTING TO LOAD SKILL: mycroft-stop.mycroftai
2021-10-29 13:24:14.312 | INFO     |  5330 | mycroft.skills.settings:get_local_settings:83 | /opt/mycroft/skills/mycroft-stop.mycroftai/settings.json
2021-10-29 13:24:14.365 | INFO     |  5330 | mycroft.skills.skill_loader:_check_for_first_run:324 | First run of mycroft-stop.mycroftai
2021-10-29 13:24:14.366 | INFO     |  5330 | mycroft.skills.settings:save_settings:116 | Skill settings successfully saved to /home/runner/.config/mycroft/skills/mycroft-stop.mycroftai/settings.json
2021-10-29 13:24:14.367 | INFO     |  5330 | mycroft.skills.skill_loader:_communicate_load_status:344 | Skill mycroft-stop.mycroftai loaded successfully
2021-10-29 13:24:14.368 | INFO     |  5330 | mycroft.skills.skill_loader:load:185 | ATTEMPTING TO LOAD SKILL: mycroft-hello-world.mycroftai
2021-10-29 13:24:14.376 | INFO     |  5330 | mycroft.skills.settings:get_local_settings:83 | /opt/mycroft/skills/mycroft-hello-world.mycroftai/settings.json
2021-10-29 13:24:14.404 | INFO     |  5330 | mycroft.skills.skill_loader:_check_for_first_run:324 | First run of mycroft-hello-world.mycroftai
2021-10-29 13:24:14.405 | INFO     |  5330 | mycroft.skills.settings:save_settings:116 | Skill settings successfully saved to /home/runner/.config/mycroft/skills/mycroft-hello-world.mycroftai/settings.json
2021-10-29 13:24:14.406 | INFO     |  5330 | mycroft.skills.skill_loader:_communicate_load_status:344 | Skill mycroft-hello-world.mycroftai loaded successfully
2021-10-29 13:24:14.406 | INFO     |  5330 | mycroft.skills.skill_loader:load:185 | ATTEMPTING TO LOAD SKILL: mycroft-date-time.mycroftai
2021-10-29 13:24:15.043 | INFO     |  5330 | mycroft.skills.settings:get_local_settings:83 | /opt/mycroft/skills/mycroft-date-time.mycroftai/settings.json
2021-10-29 13:24:15.091 | INFO     |  5330 | TimeSkill | Registering resting screen <bound method TimeSkill.handle_idle of <mycroft-date-time_mycroftai.TimeSkill object at 0x7fd8d8995b50>> for Time and Date.
2021-10-29 13:24:15.093 | INFO     |  5330 | TimeSkill | Registering resting screen
2021-10-29 13:24:15.099 | INFO     |  5330 | mycroft.skills.skill_loader:_check_for_first_run:324 | First run of mycroft-date-time.mycroftai
2021-10-29 13:24:15.101 | INFO     |  5330 | mycroft.skills.settings:save_settings:116 | Skill settings successfully saved to /home/runner/.config/mycroft/skills/mycroft-date-time.mycroftai/settings.json
2021-10-29 13:24:15.101 | INFO     |  5330 | mycroft.skills.skill_loader:_communicate_load_status:344 | Skill mycroft-date-time.mycroftai loaded successfully
2021-10-29 13:24:15.103 | INFO     |  5330 | mycroft.skills.skill_loader:load:185 | ATTEMPTING TO LOAD SKILL: mycroft-configuration.mycroftai
2021-10-29 13:24:15.112 | INFO     |  5330 | mycroft.skills.settings:get_local_settings:83 | /opt/mycroft/skills/mycroft-configuration.mycroftai/settings.json
2021-10-29 13:24:15.199 | INFO     |  5330 | mycroft.skills.skill_loader:_check_for_first_run:324 | First run of mycroft-configuration.mycroftai
2021-10-29 13:24:15.206 | INFO     |  5330 | mycroft.skills.settings:save_settings:116 | Skill settings successfully saved to /home/runner/.config/mycroft/skills/mycroft-configuration.mycroftai/settings.json
2021-10-29 13:24:15.222 | INFO     |  5330 | mycroft.skills.skill_loader:_communicate_load_status:344 | Skill mycroft-configuration.mycroftai loaded successfully
2021-10-29 13:24:15.222 | INFO     |  5330 | mycroft.skills.skill_loader:load:185 | ATTEMPTING TO LOAD SKILL: fallback-query.mycroftai
2021-10-29 13:24:15.235 | INFO     |  5330 | mycroft.skills.settings:get_local_settings:83 | /opt/mycroft/skills/fallback-query.mycroftai/settings.json
2021-10-29 13:24:15.264 | INFO     |  5330 | mycroft.skills.skill_loader:_check_for_first_run:324 | First run of fallback-query.mycroftai
2021-10-29 13:24:15.268 | INFO     |  5330 | mycroft.skills.settings:save_settings:116 | Skill settings successfully saved to /home/runner/.config/mycroft/skills/fallback-query.mycroftai/settings.json
2021-10-29 13:24:15.272 | INFO     |  5330 | mycroft.skills.skill_loader:_communicate_load_status:344 | Skill fallback-query.mycroftai loaded successfully
2021-10-29 13:24:15.273 | INFO     |  5330 | mycroft.skills.skill_loader:load:185 | ATTEMPTING TO LOAD SKILL: mycroft-personal.mycroftai
2021-10-29 13:24:15.282 | INFO     |  5330 | mycroft.skills.settings:get_local_settings:83 | /opt/mycroft/skills/mycroft-personal.mycroftai/settings.json
2021-10-29 13:24:15.320 | INFO     |  5330 | mycroft.skills.skill_loader:_check_for_first_run:324 | First run of mycroft-personal.mycroftai
2021-10-29 13:24:15.321 | INFO     |  5330 | mycroft.skills.settings:save_settings:116 | Skill settings successfully saved to /home/runner/.config/mycroft/skills/mycroft-personal.mycroftai/settings.json
2021-10-29 13:24:15.326 | INFO     |  5330 | mycroft.skills.skill_loader:_communicate_load_status:344 | Skill mycroft-personal.mycroftai loaded successfully
2021-10-29 13:24:15.329 | INFO     |  5330 | mycroft.skills.skill_loader:load:185 | ATTEMPTING TO LOAD SKILL: fallback-wolfram-alpha.mycroftai
2021-10-29 13:24:15.457 | INFO     |  5330 | mycroft.skills.settings:get_local_settings:83 | /opt/mycroft/skills/fallback-wolfram-alpha.mycroftai/settings.json
2021-10-29 13:24:15.569 | INFO     |  5330 | mycroft.skills.skill_loader:_check_for_first_run:324 | First run of fallback-wolfram-alpha.mycroftai
2021-10-29 13:24:15.575 | INFO     |  5330 | mycroft.skills.settings:save_settings:116 | Skill settings successfully saved to /home/runner/.config/mycroft/skills/fallback-wolfram-alpha.mycroftai/settings.json
2021-10-29 13:24:15.576 | INFO     |  5330 | mycroft.skills.skill_loader:_communicate_load_status:344 | Skill fallback-wolfram-alpha.mycroftai loaded successfully
2021-10-29 13:24:15.576 | INFO     |  5330 | mycroft.skills.skill_loader:load:185 | ATTEMPTING TO LOAD SKILL: mycroft-wiki.mycroftai
2021-10-29 13:24:15.639 | INFO     |  5330 | mycroft.skills.settings:get_local_settings:83 | /opt/mycroft/skills/mycroft-wiki.mycroftai/settings.json
2021-10-29 13:24:15.715 | INFO     |  5330 | mycroft.skills.skill_loader:_check_for_first_run:324 | First run of mycroft-wiki.mycroftai
2021-10-29 13:24:15.719 | INFO     |  5330 | mycroft.skills.settings:save_settings:116 | Skill settings successfully saved to /home/runner/.config/mycroft/skills/mycroft-wiki.mycroftai/settings.json
2021-10-29 13:24:15.720 | INFO     |  5330 | mycroft.skills.skill_loader:_communicate_load_status:344 | Skill mycroft-wiki.mycroftai loaded successfully
2021-10-29 13:24:15.721 | INFO     |  5330 | mycroft.skills.skill_loader:load:185 | ATTEMPTING TO LOAD SKILL: fallback-unknown.mycroftai
2021-10-29 13:24:15.734 | INFO     |  5330 | mycroft.skills.settings:get_local_settings:83 | /opt/mycroft/skills/fallback-unknown.mycroftai/settings.json
2021-10-29 13:24:15.842 | INFO     |  5330 | mycroft.skills.skill_loader:_check_for_first_run:324 | First run of fallback-unknown.mycroftai
2021-10-29 13:24:15.843 | INFO     |  5330 | mycroft.skills.settings:save_settings:116 | Skill settings successfully saved to /home/runner/.config/mycroft/skills/fallback-unknown.mycroftai/settings.json
2021-10-29 13:24:15.848 | INFO     |  5330 | mycroft.skills.skill_loader:_communicate_load_status:344 | Skill fallback-unknown.mycroftai loaded successfully
2021-10-29 13:24:15.849 | INFO     |  5330 | mycroft.skills.skill_loader:load:185 | ATTEMPTING TO LOAD SKILL: mycroft-playback-control.mycroftai
2021-10-29 13:24:15.905 | INFO     |  5330 | mycroft.skills.settings:get_local_settings:83 | /opt/mycroft/skills/mycroft-playback-control.mycroftai/settings.json
2021-10-29 13:24:16.059 | INFO     |  5330 | mycroft.skills.skill_loader:_check_for_first_run:324 | First run of mycroft-playback-control.mycroftai
2021-10-29 13:24:16.062 | INFO     |  5330 | mycroft.skills.settings:save_settings:116 | Skill settings successfully saved to /home/runner/.config/mycroft/skills/mycroft-playback-control.mycroftai/settings.json
2021-10-29 13:24:16.086 | INFO     |  5330 | mycroft.skills.skill_loader:_communicate_load_status:344 | Skill mycroft-playback-control.mycroftai loaded successfully
2021-10-29 13:24:16.086 | INFO     |  5330 | mycroft.skills.skill_manager:_load_on_startup:275 | Skills all loaded!
2021-10-29 13:24:16.144 | INFO     |  5330 | __main__:on_ready:185 | Skills service is ready.
2021-10-29 13:24:16.420 | INFO     |  5330 | mycroft.skills.intent_services.padatious_service:train:151 | Training... (single_thread=False)
Regenerated mycroft-alarm.mycroftai:{daytype}.
Regenerated mycroft-reminder.mycroftai:SnoozeReminder.intent.
Regenerated mycroft-reminder.mycroftai:ClearReminders.intent.
Regenerated mycroft-reminder.mycroftai:UnspecifiedReminderAt.intent.
Regenerated mycroft-reminder.mycroftai:GetRemindersForDay.intent.
Regenerated mycroft-reminder.mycroftai:DeleteReminderForDay.intent.
Regenerated mycroft-reminder.mycroftai:ReminderAt.intent.
Regenerated mycroft-reminder.mycroftai:Reminder.intent.
Regenerated mycroft-reminder.mycroftai:CancelActiveReminder.intent.
Regenerated homeassistant.mycroftai:toggle.intent.
Regenerated homeassistant.mycroftai:automation.intent.
Regenerated homeassistant.mycroftai:increase.light.brightness.intent.
Regenerated homeassistant.mycroftai:set.light.brightness.intent.
Regenerated homeassistant.mycroftai:cover.close.intent.
Regenerated homeassistant.mycroftai:add.item.shopping.list.intent.
Regenerated homeassistant.mycroftai:tracker.intent.
Regenerated mycroft-alarm.mycroftai:snooze.intent.
Regenerated mycroft-stop.mycroftai:shutdown.intent.
Regenerated mycroft-stop.mycroftai:wifi.setup.intent.
Regenerated mycroft-stop.mycroftai:ssh.enable.intent.
Regenerated mycroft-hello-world.mycroftai:HowAreYou.intent.
Regenerated mycroft-date-time.mycroftai:date.last.weekend.intent.
Regenerated mycroft-date-time.mycroftai:what.time.will.it.be.intent.
Regenerated mycroft-date-time.mycroftai:what.time.is.it.intent.
Regenerated mycroft-date-time.mycroftai:date.future.weekend.intent.
Regenerated mycroft-personal.mycroftai:WhenWereYouBorn.intent.
Regenerated mycroft-personal.mycroftai:WhatAreYou.intent.
Regenerated mycroft-wiki.mycroftai:Random.intent.
Regenerated mycroft-reminder.mycroftai:GetNextReminders.intent.
Regenerated mycroft-installer.mycroftai:install.beta.intent.
Regenerated mycroft-installer.mycroftai:remove.intent.
Regenerated mycroft-installer.mycroftai:is.installed.intent.
Regenerated mycroft-installer.mycroftai:install.intent.
Regenerated mycroft-installer.mycroftai:list.skills.intent.
Regenerated mycroft-installer.mycroftai:install.custom.intent.
Regenerated mycroft-timer.mycroftai:start.timer.intent.
Regenerated mycroft-timer.mycroftai:timer.status.intent.
Regenerated homeassistant.mycroftai:set.climate.intent.
Regenerated homeassistant.mycroftai:cover.open.intent.
Regenerated homeassistant.mycroftai:turn.on.intent.
Regenerated homeassistant.mycroftai:turn.off.intent.
Regenerated homeassistant.mycroftai:decrease.light.brightness.intent.
Regenerated homeassistant.mycroftai:sensor.intent.
Regenerated homeassistant.mycroftai:cover.stop.intent.
Regenerated mycroft-alarm.mycroftai:change.alarm.sound.intent.
Regenerated mycroft-npr-news.mycroftai:PlayTheNews.intent.
Regenerated mycroft-support-helper.mycroftai:contact.support.intent.
Regenerated mycroft-weather.mycroftai:do-i-need-an-umbrella.intent.
Regenerated mycroft-audio-record.mycroftai:PlayRecording.intent.
Regenerated mycroft-audio-record.mycroftai:StartRecording.intent.
Regenerated mycroft-stop.mycroftai:ssh.disable.intent.
Regenerated mycroft-stop.mycroftai:reboot.intent.
Regenerated mycroft-configuration.mycroftai:EnablePreciseDev.intent.
Regenerated mycroft-configuration.mycroftai:WhereAreYou.intent.
Regenerated mycroft-configuration.mycroftai:DisablePreciseDev.intent.
Regenerated mycroft-personal.mycroftai:WhereWereYouBorn.intent.
Regenerated mycroft-personal.mycroftai:WhoAreYou.intent.
Regenerated mycroft-personal.mycroftai:DoYouDream.intent.
Regenerated mycroft-personal.mycroftai:WhoMadeYou.intent.
Regenerated mycroft-personal.mycroftai:DoYouRhyme.intent.
2021-10-29 13:24:21.075 | INFO     |  5330 | mycroft.skills.intent_services.padatious_service:train:153 | Training complete.
2021-10-29 13:24:28.315 | INFO     |  5330 | mycroft.skills.settings:save_settings:116 | Skill settings successfully saved to /home/runner/.config/mycroft/skills/mycroft-pairing.mycroftai/settings.json
2021-10-29 13:24:28.615 | INFO     |  5330 | mycroft.skills.settings:save_settings:116 | Skill settings successfully saved to /home/runner/.config/mycroft/skills/mycroft-timer.mycroftai/settings.json
2021-10-29 13:24:55.161 | INFO     |  5330 | __main__:on_stopping:193 | Skills service is shutting down...
2021-10-29 13:24:55.162 | INFO     |  5330 | __main__:shutdown:284 | Shutting down Skills service
2021-10-29 13:24:55.249 | ERROR    |  5330 | VolumeSkill | Couldn't allocate mixer, ALSAAudioError('No such file or directory [default]')
2021-10-29 13:24:55.252 | INFO     |  5330 | mycroft.skills.settings:save_settings:116 | Skill settings successfully saved to /home/runner/.config/mycroft/skills/mycroft-volume.mycroftai/settings.json
2021-10-29 13:24:55.264 | INFO     |  5330 | mycroft.skills.settings:save_settings:116 | Skill settings successfully saved to /home/runner/.config/mycroft/skills/mycroft-ip.mycroftai/settings.json
2021-10-29 13:24:55.270 | INFO     |  5330 | mycroft.skills.settings:save_settings:116 | Skill settings successfully saved to /home/runner/.config/mycroft/skills/mycroft-reminder.mycroftai/settings.json
2021-10-29 13:24:55.272 | INFO     |  5330 | mycroft.skills.settings:save_settings:116 | Skill settings successfully saved to /home/runner/.config/mycroft/skills/mycroft-installer.mycroftai/settings.json
2021-10-29 13:24:55.273 | INFO     |  5330 | mycroft.skills.settings:save_settings:116 | Skill settings successfully saved to /home/runner/.config/mycroft/skills/mycroft-version-checker.mycroftai/settings.json
2021-10-29 13:24:55.275 | INFO     |  5330 | mycroft.skills.settings:save_settings:116 | Skill settings successfully saved to /home/runner/.config/mycroft/skills/mycroft-singing.mycroftai/settings.json
2021-10-29 13:24:55.278 | INFO     |  5330 | mycroft.skills.settings:save_settings:116 | Skill settings successfully saved to /home/runner/.config/mycroft/skills/mycroft-joke.mycroftai/settings.json
2021-10-29 13:24:55.279 | INFO     |  5330 | HomeAssistantSkill | Removing all handlers...
2021-10-29 13:24:55.280 | WARNING  |  5330 | mycroft.skills.fallback_skill:remove_fallback:185 | Could not find matching fallback handler
2021-10-29 13:24:55.281 | INFO     |  5330 | mycroft.skills.settings:save_settings:116 | Skill settings successfully saved to /home/runner/.config/mycroft/skills/mycroft-alarm.mycroftai/settings.json
2021-10-29 13:24:55.291 | INFO     |  5330 | mycroft.skills.settings:save_settings:116 | Skill settings successfully saved to /home/runner/.config/mycroft/skills/mycroft-naptime.mycroftai/settings.json
2021-10-29 13:24:55.292 | INFO     |  5330 | mycroft.skills.settings:save_settings:116 | Skill settings successfully saved to /home/runner/.config/mycroft/skills/mycroft-spelling.mycroftai/settings.json
2021-10-29 13:24:55.320 | INFO     |  5330 | mycroft.skills.settings:save_settings:116 | Skill settings successfully saved to /home/runner/.config/mycroft/skills/mycroft-fallback-duck-duck-go.mycroftai/settings.json
2021-10-29 13:24:55.339 | INFO     |  5330 | mycroft.skills.settings:save_settings:116 | Skill settings successfully saved to /home/runner/.config/mycroft/skills/mycroft-npr-news.mycroftai/settings.json
2021-10-29 13:24:55.352 | INFO     |  5330 | mycroft.skills.settings:save_settings:116 | Skill settings successfully saved to /home/runner/.config/mycroft/skills/mycroft-support-helper.mycroftai/settings.json
2021-10-29 13:24:55.353 | INFO     |  5330 | mycroft.skills.settings:save_settings:116 | Skill settings successfully saved to /home/runner/.config/mycroft/skills/mycroft-weather.mycroftai/settings.json
2021-10-29 13:24:55.354 | INFO     |  5330 | mycroft.skills.settings:save_settings:116 | Skill settings successfully saved to /home/runner/.config/mycroft/skills/mycroft-speak.mycroftai/settings.json
2021-10-29 13:24:55.355 | INFO     |  5330 | mycroft.skills.settings:save_settings:116 | Skill settings successfully saved to /home/runner/.config/mycroft/skills/mycroft-audio-record.mycroftai/settings.json
2021-10-29 13:24:55.373 | INFO     |  5330 | mycroft.skills.settings:save_settings:116 | Skill settings successfully saved to /home/runner/.config/mycroft/skills/mycroft-stop.mycroftai/settings.json
2021-10-29 13:24:55.386 | INFO     |  5330 | mycroft.skills.settings:save_settings:116 | Skill settings successfully saved to /home/runner/.config/mycroft/skills/mycroft-hello-world.mycroftai/settings.json
2021-10-29 13:24:55.387 | INFO     |  5330 | mycroft.skills.settings:save_settings:116 | Skill settings successfully saved to /home/runner/.config/mycroft/skills/mycroft-date-time.mycroftai/settings.json
2021-10-29 13:24:55.390 | INFO     |  5330 | mycroft.skills.settings:save_settings:116 | Skill settings successfully saved to /home/runner/.config/mycroft/skills/mycroft-configuration.mycroftai/settings.json
2021-10-29 13:24:55.394 | INFO     |  5330 | QuestionsAnswersSkill | Removing all handlers...
2021-10-29 13:24:55.395 | INFO     |  5330 | mycroft.skills.settings:save_settings:116 | Skill settings successfully saved to /home/runner/.config/mycroft/skills/fallback-query.mycroftai/settings.json
2021-10-29 13:24:55.398 | INFO     |  5330 | mycroft.skills.settings:save_settings:116 | Skill settings successfully saved to /home/runner/.config/mycroft/skills/mycroft-personal.mycroftai/settings.json
2021-10-29 13:24:55.400 | INFO     |  5330 | mycroft.skills.settings:save_settings:116 | Skill settings successfully saved to /home/runner/.config/mycroft/skills/fallback-wolfram-alpha.mycroftai/settings.json
2021-10-29 13:24:55.411 | INFO     |  5330 | mycroft.skills.settings:save_settings:116 | Skill settings successfully saved to /home/runner/.config/mycroft/skills/mycroft-wiki.mycroftai/settings.json
2021-10-29 13:24:55.419 | INFO     |  5330 | UnknownSkill | Removing all handlers...
2021-10-29 13:24:55.420 | INFO     |  5330 | mycroft.skills.settings:save_settings:116 | Skill settings successfully saved to /home/runner/.config/mycroft/skills/fallback-unknown.mycroftai/settings.json
2021-10-29 13:24:55.422 | INFO     |  5330 | mycroft.skills.settings:save_settings:116 | Skill settings successfully saved to /home/runner/.config/mycroft/skills/mycroft-playback-control.mycroftai/settings.json
2021-10-29 13:24:56.430 | INFO     |  5330 | Playback Control Skill | Audio service status: {}
2021-10-29 13:24:57.431 | WARNING  |  5330 | mycroft.skills.skill_manager:_shutdown_skill:106 | mycroft-playback-control.mycroftai shutdown took 2.0095191359999944 seconds
2021-10-29 13:24:57.431 | INFO     |  5330 | __main__:shutdown:291 | Skills service shutdown complete!
2021-10-29 13:24:58.931 | ERROR    |  5330 | websocket | error from callback <bound method MessageBusClient.on_message of <mycroft.messagebus.client.client.MessageBusClient object at 0x7fd8eafe1950>>: cannot schedule new futures after shutdown
2021-10-29 13:24:58.932 | ERROR    |  5330 | mycroft_bus_client.client.client | === RuntimeError('cannot schedule new futures after shutdown') ===
Traceback (most recent call last):
  File "/opt/mycroft-core/.venv/lib/python3.7/site-packages/mycroft_bus_client/client/client.py", line 154, in on_error
    self.emitter.emit('error', error)
  File "/opt/mycroft-core/.venv/lib/python3.7/site-packages/pyee/_base.py", line 116, in emit
    self._emit_handle_potential_error(event, args[0] if args else None)
  File "/opt/mycroft-core/.venv/lib/python3.7/site-packages/pyee/_base.py", line 86, in _emit_handle_potential_error
    raise error
  File "/opt/mycroft-core/.venv/lib/python3.7/site-packages/websocket/_app.py", line 318, in run_forever
    proxy_type=proxy_type)
  File "/opt/mycroft-core/.venv/lib/python3.7/site-packages/websocket/_core.py", line 250, in connect
    options.pop('socket', None))
  File "/opt/mycroft-core/.venv/lib/python3.7/site-packages/websocket/_http.py", line 130, in connect
    sock = _open_socket(addrinfo_list, options.sockopt, options.timeout)
  File "/opt/mycroft-core/.venv/lib/python3.7/site-packages/websocket/_http.py", line 208, in _open_socket
    raise err
  File "/opt/mycroft-core/.venv/lib/python3.7/site-packages/websocket/_http.py", line 185, in _open_socket
    sock.connect(address)
ConnectionRefusedError: [Errno 111] Connection refused

During handling of the above exception, another exception occurred:

Traceback (most recent call last):
  File "/opt/mycroft-core/.venv/lib/python3.7/site-packages/websocket/_app.py", line 407, in _callback
    callback(self, *args)
  File "/opt/mycroft-core/.venv/lib/python3.7/site-packages/mycroft_bus_client/client/client.py", line 182, in on_message
    self.emitter.emit('message', message)
  File "/opt/mycroft-core/.venv/lib/python3.7/site-packages/pyee/_base.py", line 113, in emit
    handled = self._call_handlers(event, args, kwargs)
  File "/opt/mycroft-core/.venv/lib/python3.7/site-packages/pyee/_base.py", line 96, in _call_handlers
    self._emit_run(f, args, kwargs)
  File "/opt/mycroft-core/.venv/lib/python3.7/site-packages/pyee/_executor.py", line 50, in _emit_run
    future = self._executor.submit(f, *args, **kwargs)
  File "/opt/hostedtoolcache/Python/3.7.12/x64/lib/python3.7/concurrent/futures/thread.py", line 163, in submit
    raise RuntimeError('cannot schedule new futures after shutdown')
RuntimeError: cannot schedule new futures after shutdown
2021-10-29 13:24:58.932 | ERROR    |  5330 | mycroft_bus_client.client.client | Exception closing websocket: RuntimeError('cannot schedule new futures after shutdown')
2021-10-29 13:24:58.933 | WARNING  |  5330 | mycroft_bus_client.client.client | Message Bus Client will reconnect in 5.0 seconds.
