Traceback (most recent call last):
  File "/opt/hostedtoolcache/Python/3.7.12/x64/lib/python3.7/runpy.py", line 183, in _run_module_as_main
    mod_name, mod_spec, code = _get_module_details(mod_name, _Error)
  File "/opt/hostedtoolcache/Python/3.7.12/x64/lib/python3.7/runpy.py", line 109, in _get_module_details
    __import__(pkg_name)
  File "/opt/mycroft-core/mycroft/__init__.py", line 17, in <module>
    from mycroft.api import Api
  File "/opt/mycroft-core/mycroft/api/__init__.py", line 22, in <module>
    from mycroft.configuration import Configuration
  File "/opt/mycroft-core/mycroft/configuration/__init__.py", line 15, in <module>
    from .config import Configuration, LocalConf, RemoteConf
  File "/opt/mycroft-core/mycroft/configuration/config.py", line 28, in <module>
    from .locations import DEFAULT_CONFIG, USER_CONFIG, OLD_USER_CONFIG
  File "/opt/mycroft-core/mycroft/configuration/locations.py", line 26, in <module>
    USER_CONFIG = join(xdg.BaseDirectory.save_config_path('mycroft'),
  File "/opt/mycroft-core/.venv/lib/python3.7/site-packages/xdg/BaseDirectory.py", line 58, in save_config_path
    os.makedirs(path, 0o700)
  File "/opt/hostedtoolcache/Python/3.7.12/x64/lib/python3.7/os.py", line 223, in makedirs
    mkdir(name, mode)
FileExistsError: [Errno 17] File exists: '/home/runner/.config/mycroft'
2021-10-26 13:12:31.278 | INFO     |  6598 | mycroft.messagebus.load_config:load_message_bus_config:33 | Loading message bus configs
2021-10-26 13:12:31.281 | INFO     |  6598 | mycroft_bus_client.client.client | Connected
2021-10-26 13:12:31.282 | INFO     |  6598 | mycroft.util.process_utils:start_message_bus_client:155 | Connected to messagebus
2021-10-26 13:12:31.286 | INFO     |  6598 | mycroft.skills.msm_wrapper:create_msm:96 | Acquiring lock to instantiate MSM
2021-10-26 13:12:31.286 | INFO     |  6598 | msm.mycroft_skills_manager | building SkillEntry objects for all skills
2021-10-26 13:12:31.555 | INFO     |  6598 | mycroft.skills.msm_wrapper:create_msm:112 | Releasing MSM instantiation lock.
2021-10-26 13:12:31.555 | INFO     |  6598 | mycroft.skills.skill_updater:_log_next_download_time:267 | Next scheduled skill update: 2021-10-26 13:12:30.555350
2021-10-26 13:12:31.556 | INFO     |  6598 | msm.skill_entry | Downloading skill: https://github.com/mycroftai/skill-pairing
2021-10-26 13:12:31.998 | INFO     |  6598 | msm.skill_entry | Installing system requirements...
2021-10-26 13:12:32.007 | INFO     |  6598 | msm.skill_entry | Successfully installed mycroft-pairing
2021-10-26 13:12:32.007 | INFO     |  6598 | msm.mycroft_skills_manager | invalidating skills cache
2021-10-26 13:12:32.009 | INFO     |  6598 | mycroft.skills.skill_loader:load:185 | ATTEMPTING TO LOAD SKILL: mycroft-pairing.mycroftai
2021-10-26 13:12:32.016 | INFO     |  6598 | mycroft.skills.settings:get_local_settings:83 | /opt/mycroft/skills/mycroft-pairing.mycroftai/settings.json
2021-10-26 13:12:32.024 | INFO     |  6598 | mycroft.skills.skill_loader:_check_for_first_run:324 | First run of mycroft-pairing.mycroftai
2021-10-26 13:12:32.025 | INFO     |  6598 | mycroft.skills.settings:save_settings:116 | Skill settings successfully saved to /home/runner/.config/mycroft/skills/mycroft-pairing.mycroftai/settings.json
2021-10-26 13:12:32.026 | INFO     |  6598 | mycroft.skills.skill_loader:_communicate_load_status:344 | Skill mycroft-pairing.mycroftai loaded successfully
2021-10-26 13:12:32.026 | INFO     |  6598 | msm.skill_entry | Downloading skill: https://github.com/mycroftai/skill-volume
2021-10-26 13:12:32.340 | INFO     |  6598 | msm.skill_entry | Installing system requirements...
2021-10-26 13:12:32.349 | INFO     |  6598 | msm.skill_entry | Installing requirements.txt for mycroft-volume
2021-10-26 13:12:33.176 | INFO     |  6598 | msm.skill_entry | Successfully installed mycroft-volume
2021-10-26 13:12:33.176 | INFO     |  6598 | msm.mycroft_skills_manager | invalidating skills cache
2021-10-26 13:12:33.179 | INFO     |  6598 | mycroft.skills.skill_loader:load:185 | ATTEMPTING TO LOAD SKILL: mycroft-volume.mycroftai
2021-10-26 13:12:33.189 | INFO     |  6598 | mycroft.skills.settings:get_local_settings:83 | /opt/mycroft/skills/mycroft-volume.mycroftai/settings.json
2021-10-26 13:12:33.265 | INFO     |  6598 | mycroft.skills.skill_loader:_check_for_first_run:324 | First run of mycroft-volume.mycroftai
2021-10-26 13:12:33.267 | INFO     |  6598 | mycroft.skills.settings:save_settings:116 | Skill settings successfully saved to /home/runner/.config/mycroft/skills/mycroft-volume.mycroftai/settings.json
2021-10-26 13:12:33.268 | INFO     |  6598 | mycroft.skills.skill_loader:_communicate_load_status:344 | Skill mycroft-volume.mycroftai loaded successfully
2021-10-26 13:12:33.272 | INFO     |  6598 | __main__:on_started:177 | Skills service is starting up.
2021-10-26 13:12:33.366 | INFO     |  6598 | __main__:_update_system:154 | Attempting system update...
2021-10-26 13:12:36.369 | INFO     |  6598 | mycroft.enclosure.display_manager:_write_data:70 | Display Manager is creating /tmp/mycroft/ipc/managers/disp_info
2021-10-26 13:12:36.372 | INFO     |  6598 | __main__:_ensure_device_is_paired:133 | Device not paired, invoking the pairing skill
2021-10-26 13:12:36.373 | INFO     |  6598 | __main__:on_alive:181 | Skills service is alive.
2021-10-26 13:12:36.375 | INFO     |  6598 | msm.mycroft_skills_manager | building SkillEntry objects for all skills
2021-10-26 13:12:36.574 | INFO     |  6598 | PairingSkill | Communicating account URL to user
2021-10-26 13:12:36.629 | WARNING  |  6598 | msm.mycroft_skills_manager | No such default skill: mycroft-pandora
2021-10-26 13:12:36.630 | INFO     |  6598 | mycroft.skills.skill_manager:run:234 | Not all default skills are installed, performing skill update...
2021-10-26 13:12:36.630 | INFO     |  6598 | mycroft.skills.skill_updater:update_skills:149 | Beginning skill update...
2021-10-26 13:12:36.702 | INFO     |  6598 | msm.mycroft_skills_manager | building SkillEntry objects for all skills
2021-10-26 13:12:36.917 | INFO     |  6598 | msm.mycroft_skills_manager | invalidating skills cache
2021-10-26 13:12:36.928 | INFO     |  6598 | msm.skill_entry | Downloading skill: https://github.com/mycroftai/fallback-unknown
2021-10-26 13:12:36.931 | INFO     |  6598 | msm.skill_entry | Downloading skill: https://github.com/mycroftai/fallback-wolfram-alpha
2021-10-26 13:12:36.935 | INFO     |  6598 | msm.skill_entry | Downloading skill: https://github.com/mycroftai/skill-alarm
2021-10-26 13:12:36.939 | INFO     |  6598 | msm.skill_entry | Downloading skill: https://github.com/mycroftai/skill-audio-record
2021-10-26 13:12:36.945 | INFO     |  6598 | msm.skill_entry | Downloading skill: https://github.com/mycroftai/skill-configuration
2021-10-26 13:12:36.947 | INFO     |  6598 | msm.skill_entry | Downloading skill: https://github.com/mycroftai/skill-date-time
2021-10-26 13:12:36.952 | INFO     |  6598 | msm.skill_entry | Downloading skill: https://github.com/mycroftai/skill-hello-world
2021-10-26 13:12:36.957 | INFO     |  6598 | msm.skill_entry | Downloading skill: https://github.com/mycroftai/skill-installer
2021-10-26 13:12:36.959 | INFO     |  6598 | msm.skill_entry | Downloading skill: https://github.com/mycroftai/fallback-duckduckgo
2021-10-26 13:12:36.962 | INFO     |  6598 | msm.skill_entry | Downloading skill: https://github.com/mycroftai/skill-joke
2021-10-26 13:12:36.969 | INFO     |  6598 | msm.skill_entry | Downloading skill: https://github.com/mycroftai/skill-npr-news
2021-10-26 13:12:36.971 | INFO     |  6598 | msm.skill_entry | Downloading skill: https://github.com/mycroftai/skill-ip
2021-10-26 13:12:36.983 | INFO     |  6598 | msm.skill_entry | Downloading skill: https://github.com/mycroftai/skill-reminder
2021-10-26 13:12:36.994 | INFO     |  6598 | msm.skill_entry | Downloading skill: https://github.com/mycroftai/skill-naptime
2021-10-26 13:12:37.003 | INFO     |  6598 | msm.skill_entry | Downloading skill: https://github.com/mycroftai/skill-playback-control
2021-10-26 13:12:37.018 | INFO     |  6598 | msm.skill_entry | Downloading skill: https://github.com/mycroftai/skill-personal
2021-10-26 13:12:37.022 | INFO     |  6598 | msm.skill_entry | Downloading skill: https://github.com/mycroftai/skill-singing
2021-10-26 13:12:37.451 | INFO     |  6598 | msm.skill_entry | Installing system requirements...
2021-10-26 13:12:37.468 | INFO     |  6598 | msm.skill_entry | Successfully installed mycroft-hello-world
2021-10-26 13:12:37.468 | INFO     |  6598 | msm.mycroft_skills_manager | invalidating skills cache
2021-10-26 13:12:37.471 | INFO     |  6598 | msm.skill_entry | Downloading skill: https://github.com/mycroftai/skill-speak
2021-10-26 13:12:37.512 | INFO     |  6598 | msm.skill_entry | Installing system requirements...
2021-10-26 13:12:37.522 | INFO     |  6598 | msm.skill_entry | Installing requirements.txt for mycroft-audio-record
2021-10-26 13:12:37.738 | ERROR    |  6598 | msm.mycroft_skills_manager | Error running install_or_update on homeassistant.mycroftai: MergeConflict
2021-10-26 13:12:37.760 | INFO     |  6598 | msm.skill_entry | Downloading skill: https://github.com/mycroftai/skill-spelling
2021-10-26 13:12:37.770 | INFO     |  6598 | msm.skill_entry | Installing system requirements...
2021-10-26 13:12:37.774 | INFO     |  6598 | msm.skill_entry | Installing system requirements...
2021-10-26 13:12:37.785 | INFO     |  6598 | msm.skill_entry | Installing system requirements...
2021-10-26 13:12:37.860 | INFO     |  6598 | msm.skill_entry | Installing requirements.txt for mycroft-fallback-duck-duck-go
2021-10-26 13:12:37.867 | INFO     |  6598 | msm.skill_entry | Successfully installed mycroft-naptime
2021-10-26 13:12:37.868 | INFO     |  6598 | msm.mycroft_skills_manager | invalidating skills cache
2021-10-26 13:12:37.870 | INFO     |  6598 | msm.skill_entry | Downloading skill: https://github.com/mycroftai/skill-stop
2021-10-26 13:12:37.875 | INFO     |  6598 | msm.skill_entry | Installing requirements.txt for mycroft-joke
2021-10-26 13:12:37.907 | INFO     |  6598 | msm.skill_entry | Installing system requirements...
2021-10-26 13:12:37.931 | INFO     |  6598 | msm.skill_entry | Installing system requirements...
2021-10-26 13:12:37.952 | INFO     |  6598 | msm.skill_entry | Installing system requirements...
2021-10-26 13:12:37.968 | INFO     |  6598 | msm.skill_entry | Installing system requirements...
2021-10-26 13:12:37.976 | INFO     |  6598 | msm.skill_entry | Successfully installed mycroft-personal
2021-10-26 13:12:37.977 | INFO     |  6598 | msm.mycroft_skills_manager | invalidating skills cache
2021-10-26 13:12:37.978 | INFO     |  6598 | msm.skill_entry | Downloading skill: https://github.com/mycroftai/skill-support
2021-10-26 13:12:38.021 | INFO     |  6598 | msm.skill_entry | Successfully installed mycroft-playback-control
2021-10-26 13:12:38.021 | INFO     |  6598 | msm.mycroft_skills_manager | invalidating skills cache
2021-10-26 13:12:38.022 | INFO     |  6598 | msm.skill_entry | Downloading skill: https://github.com/mycroftai/mycroft-timer
2021-10-26 13:12:38.026 | INFO     |  6598 | msm.skill_entry | Installing requirements.txt for mycroft-configuration
2021-10-26 13:12:38.033 | INFO     |  6598 | msm.skill_entry | Successfully installed mycroft-reminder
2021-10-26 13:12:38.033 | INFO     |  6598 | msm.mycroft_skills_manager | invalidating skills cache
2021-10-26 13:12:38.035 | INFO     |  6598 | msm.skill_entry | Downloading skill: https://github.com/mycroftai/skill-weather
2021-10-26 13:12:38.077 | INFO     |  6598 | msm.skill_entry | Installing system requirements...
2021-10-26 13:12:38.107 | INFO     |  6598 | msm.skill_entry | Installing system requirements...
2021-10-26 13:12:38.133 | INFO     |  6598 | msm.skill_entry | Installing requirements.txt for mycroft-installer
2021-10-26 13:12:38.152 | INFO     |  6598 | msm.skill_entry | Nothing new for mycroft-pairing
2021-10-26 13:12:38.158 | INFO     |  6598 | msm.skill_entry | Installing system requirements...
2021-10-26 13:12:38.180 | INFO     |  6598 | msm.skill_entry | Installing requirements.txt for mycroft-date-time
2021-10-26 13:12:38.209 | INFO     |  6598 | msm.skill_entry | Downloading skill: https://github.com/mycroftai/skill-version-checker
2021-10-26 13:12:38.327 | INFO     |  6598 | msm.skill_entry | Installing system requirements...
2021-10-26 13:12:38.359 | INFO     |  6598 | msm.skill_entry | Installing requirements.txt for mycroft-alarm
2021-10-26 13:12:38.391 | INFO     |  6598 | msm.skill_entry | Nothing new for mycroft-volume
2021-10-26 13:12:38.413 | INFO     |  6598 | msm.skill_entry | Installing system requirements...
2021-10-26 13:12:38.424 | INFO     |  6598 | msm.skill_entry | Installing system requirements...
2021-10-26 13:12:38.475 | INFO     |  6598 | msm.skill_entry | Successfully installed mycroft-spelling
2021-10-26 13:12:38.475 | INFO     |  6598 | msm.mycroft_skills_manager | invalidating skills cache
2021-10-26 13:12:38.479 | INFO     |  6598 | msm.skill_entry | Installing requirements.txt for mycroft-volume
2021-10-26 13:12:38.486 | INFO     |  6598 | msm.skill_entry | Downloading skill: https://github.com/mycroftai/skill-wiki
2021-10-26 13:12:38.495 | INFO     |  6598 | msm.skill_entry | Installing system requirements...
2021-10-26 13:12:38.528 | INFO     |  6598 | msm.skill_entry | Installing system requirements...
2021-10-26 13:12:38.550 | INFO     |  6598 | msm.skill_entry | Successfully installed mycroft-stop
2021-10-26 13:12:38.550 | INFO     |  6598 | msm.mycroft_skills_manager | invalidating skills cache
2021-10-26 13:12:38.551 | INFO     |  6598 | msm.skill_entry | Downloading skill: https://github.com/MycroftAI/skill-query
2021-10-26 13:12:38.585 | INFO     |  6598 | msm.skill_entry | Installing requirements.txt for fallback-wolfram-alpha
2021-10-26 13:12:38.632 | INFO     |  6598 | msm.skill_entry | Installing system requirements...
2021-10-26 13:12:38.683 | INFO     |  6598 | msm.skill_entry | Installing system requirements...
2021-10-26 13:12:38.708 | INFO     |  6598 | msm.skill_entry | Installing system requirements...
2021-10-26 13:12:38.724 | INFO     |  6598 | msm.skill_entry | Successfully installed fallback-unknown
2021-10-26 13:12:38.725 | INFO     |  6598 | msm.mycroft_skills_manager | invalidating skills cache
2021-10-26 13:12:38.730 | INFO     |  6598 | msm.skill_entry | Installing requirements.txt for mycroft-ip
2021-10-26 13:12:38.770 | INFO     |  6598 | msm.skill_entry | Successfully installed mycroft-version-checker
2021-10-26 13:12:38.771 | INFO     |  6598 | msm.mycroft_skills_manager | invalidating skills cache
2021-10-26 13:12:38.795 | INFO     |  6598 | msm.skill_entry | Installing system requirements...
2021-10-26 13:12:38.858 | INFO     |  6598 | msm.skill_entry | Successfully installed mycroft-speak
2021-10-26 13:12:38.859 | INFO     |  6598 | msm.mycroft_skills_manager | invalidating skills cache
2021-10-26 13:12:38.875 | INFO     |  6598 | msm.skill_entry | Installing system requirements...
2021-10-26 13:12:38.886 | INFO     |  6598 | msm.skill_entry | Successfully installed mycroft-timer
2021-10-26 13:12:38.886 | INFO     |  6598 | msm.mycroft_skills_manager | invalidating skills cache
2021-10-26 13:12:39.065 | INFO     |  6598 | msm.skill_entry | Installing system requirements...
2021-10-26 13:12:39.076 | INFO     |  6598 | msm.skill_entry | Installing system requirements...
2021-10-26 13:12:39.120 | INFO     |  6598 | msm.skill_entry | Successfully installed fallback-query
2021-10-26 13:12:39.120 | INFO     |  6598 | msm.mycroft_skills_manager | invalidating skills cache
2021-10-26 13:12:39.121 | INFO     |  6598 | msm.skill_entry | Installing requirements.txt for mycroft-wiki
2021-10-26 13:12:39.134 | INFO     |  6598 | msm.skill_entry | Installing system requirements...
2021-10-26 13:12:39.143 | INFO     |  6598 | msm.skill_entry | Installing system requirements...
2021-10-26 13:12:39.153 | ERROR    |  6598 | msm.mycroft_skills_manager | Error running install_or_update on homeassistant: MergeConflict
2021-10-26 13:12:39.163 | INFO     |  6598 | msm.skill_entry | Installing requirements.txt for mycroft-weather
2021-10-26 13:12:39.174 | INFO     |  6598 | msm.skill_entry | Installing requirements.txt for mycroft-npr-news
2021-10-26 13:12:39.423 | INFO     |  6598 | msm.skill_entry | Installing system requirements...
2021-10-26 13:12:39.435 | INFO     |  6598 | msm.skill_entry | Successfully installed mycroft-singing
2021-10-26 13:12:39.435 | INFO     |  6598 | msm.mycroft_skills_manager | invalidating skills cache
2021-10-26 13:12:39.467 | INFO     |  6598 | msm.skill_entry | Installing system requirements...
2021-10-26 13:12:39.476 | INFO     |  6598 | msm.skill_entry | Installing requirements.txt for mycroft-support-helper
2021-10-26 13:12:39.657 | INFO     |  6598 | msm.skill_entry | Successfully installed mycroft-audio-record
2021-10-26 13:12:39.658 | INFO     |  6598 | msm.mycroft_skills_manager | invalidating skills cache
2021-10-26 13:12:40.657 | INFO     |  6598 | msm.skill_entry | Successfully installed mycroft-fallback-duck-duck-go
2021-10-26 13:12:40.658 | INFO     |  6598 | msm.mycroft_skills_manager | invalidating skills cache
2021-10-26 13:12:41.699 | INFO     |  6598 | msm.skill_entry | Successfully installed mycroft-joke
2021-10-26 13:12:41.701 | INFO     |  6598 | msm.mycroft_skills_manager | invalidating skills cache
2021-10-26 13:12:44.050 | INFO     |  6598 | msm.skill_entry | Successfully installed mycroft-configuration
2021-10-26 13:12:44.051 | INFO     |  6598 | msm.mycroft_skills_manager | invalidating skills cache
2021-10-26 13:12:44.888 | INFO     |  6598 | msm.skill_entry | Successfully installed mycroft-installer
2021-10-26 13:12:44.888 | INFO     |  6598 | msm.mycroft_skills_manager | invalidating skills cache
2021-10-26 13:13:00.341 | INFO     |  6598 | msm.skill_entry | Successfully installed mycroft-date-time
2021-10-26 13:13:00.342 | INFO     |  6598 | msm.mycroft_skills_manager | invalidating skills cache
2021-10-26 13:13:01.204 | INFO     |  6598 | msm.skill_entry | Successfully installed mycroft-alarm
2021-10-26 13:13:01.206 | INFO     |  6598 | msm.mycroft_skills_manager | invalidating skills cache
2021-10-26 13:13:05.815 | INFO     |  6598 | msm.skill_entry | Successfully installed fallback-wolfram-alpha
2021-10-26 13:13:05.817 | INFO     |  6598 | msm.mycroft_skills_manager | invalidating skills cache
2021-10-26 13:13:06.684 | INFO     |  6598 | msm.skill_entry | Successfully installed mycroft-ip
2021-10-26 13:13:06.686 | INFO     |  6598 | msm.mycroft_skills_manager | invalidating skills cache
2021-10-26 13:13:06.906 | INFO     |  6598 | PairingSkill | Initiating device pairing sequence...
2021-10-26 13:13:06.906 | INFO     |  6598 | PairingSkill | Retrieving pairing code from device API...
2021-10-26 13:13:07.093 | INFO     |  6598 | PairingSkill | Pairing code obtained: CWJHEA
2021-10-26 13:13:07.093 | INFO     |  6598 | PairingSkill | Communicating pairing URL to user
2021-10-26 13:13:08.618 | INFO     |  6598 | msm.skill_entry | Successfully installed mycroft-wiki
2021-10-26 13:13:08.619 | INFO     |  6598 | msm.mycroft_skills_manager | invalidating skills cache
2021-10-26 13:13:09.506 | INFO     |  6598 | msm.skill_entry | Successfully installed mycroft-weather
2021-10-26 13:13:09.507 | INFO     |  6598 | msm.mycroft_skills_manager | invalidating skills cache
2021-10-26 13:13:12.523 | INFO     |  6598 | msm.skill_entry | Successfully installed mycroft-npr-news
2021-10-26 13:13:12.525 | INFO     |  6598 | msm.mycroft_skills_manager | invalidating skills cache
2021-10-26 13:13:14.635 | INFO     |  6598 | msm.skill_entry | Successfully installed mycroft-support-helper
2021-10-26 13:13:14.635 | INFO     |  6598 | msm.mycroft_skills_manager | invalidating skills cache
2021-10-26 13:13:14.646 | INFO     |  6598 | mycroft.skills.skill_updater:_log_next_download_time:267 | Next scheduled skill update: 2021-10-26 14:13:14.646452
2021-10-26 13:13:14.647 | INFO     |  6598 | mycroft.skills.skill_updater:update_skills:170 | Skill update complete
2021-10-26 13:13:14.647 | INFO     |  6598 | mycroft.skills.skill_manager:_load_on_startup:273 | Loading installed skills...
2021-10-26 13:13:14.648 | INFO     |  6598 | mycroft.skills.skill_loader:load:185 | ATTEMPTING TO LOAD SKILL: mycroft-ip.mycroftai
2021-10-26 13:13:14.668 | INFO     |  6598 | mycroft.skills.settings:get_local_settings:83 | /opt/mycroft/skills/mycroft-ip.mycroftai/settings.json
2021-10-26 13:13:14.677 | INFO     |  6598 | mycroft.skills.skill_loader:_check_for_first_run:324 | First run of mycroft-ip.mycroftai
2021-10-26 13:13:14.678 | INFO     |  6598 | mycroft.skills.settings:save_settings:116 | Skill settings successfully saved to /home/runner/.config/mycroft/skills/mycroft-ip.mycroftai/settings.json
2021-10-26 13:13:14.678 | INFO     |  6598 | mycroft.skills.skill_loader:_communicate_load_status:344 | Skill mycroft-ip.mycroftai loaded successfully
2021-10-26 13:13:14.680 | INFO     |  6598 | mycroft.skills.skill_loader:load:185 | ATTEMPTING TO LOAD SKILL: mycroft-reminder.mycroftai
2021-10-26 13:13:14.704 | INFO     |  6598 | mycroft.skills.settings:get_local_settings:83 | /opt/mycroft/skills/mycroft-reminder.mycroftai/settings.json
2021-10-26 13:13:14.751 | INFO     |  6598 | mycroft.skills.skill_loader:_check_for_first_run:324 | First run of mycroft-reminder.mycroftai
2021-10-26 13:13:14.751 | INFO     |  6598 | mycroft.skills.settings:save_settings:116 | Skill settings successfully saved to /home/runner/.config/mycroft/skills/mycroft-reminder.mycroftai/settings.json
2021-10-26 13:13:14.752 | INFO     |  6598 | mycroft.skills.skill_loader:_communicate_load_status:344 | Skill mycroft-reminder.mycroftai loaded successfully
2021-10-26 13:13:14.753 | INFO     |  6598 | mycroft.skills.skill_loader:load:185 | ATTEMPTING TO LOAD SKILL: mycroft-installer.mycroftai
2021-10-26 13:13:14.759 | INFO     |  6598 | mycroft.skills.settings:get_local_settings:83 | /opt/mycroft/skills/mycroft-installer.mycroftai/settings.json
2021-10-26 13:13:14.777 | INFO     |  6598 | mycroft.skills.skill_loader:_check_for_first_run:324 | First run of mycroft-installer.mycroftai
2021-10-26 13:13:14.778 | INFO     |  6598 | mycroft.skills.settings:save_settings:116 | Skill settings successfully saved to /home/runner/.config/mycroft/skills/mycroft-installer.mycroftai/settings.json
2021-10-26 13:13:14.780 | INFO     |  6598 | mycroft.skills.skill_loader:_communicate_load_status:344 | Skill mycroft-installer.mycroftai loaded successfully
2021-10-26 13:13:14.781 | INFO     |  6598 | mycroft.skills.skill_loader:load:185 | ATTEMPTING TO LOAD SKILL: mycroft-version-checker.mycroftai
2021-10-26 13:13:14.786 | INFO     |  6598 | mycroft.skills.settings:get_local_settings:83 | /opt/mycroft/skills/mycroft-version-checker.mycroftai/settings.json
2021-10-26 13:13:14.796 | INFO     |  6598 | mycroft.skills.skill_loader:_check_for_first_run:324 | First run of mycroft-version-checker.mycroftai
2021-10-26 13:13:14.797 | INFO     |  6598 | mycroft.skills.settings:save_settings:116 | Skill settings successfully saved to /home/runner/.config/mycroft/skills/mycroft-version-checker.mycroftai/settings.json
2021-10-26 13:13:14.798 | INFO     |  6598 | mycroft.skills.skill_loader:_communicate_load_status:344 | Skill mycroft-version-checker.mycroftai loaded successfully
2021-10-26 13:13:14.799 | INFO     |  6598 | mycroft.skills.skill_loader:load:185 | ATTEMPTING TO LOAD SKILL: mycroft-singing.mycroftai
2021-10-26 13:13:14.803 | INFO     |  6598 | mycroft.skills.settings:get_local_settings:83 | /opt/mycroft/skills/mycroft-singing.mycroftai/settings.json
2021-10-26 13:13:14.812 | INFO     |  6598 | mycroft.skills.skill_loader:_check_for_first_run:324 | First run of mycroft-singing.mycroftai
2021-10-26 13:13:14.813 | INFO     |  6598 | mycroft.skills.settings:save_settings:116 | Skill settings successfully saved to /home/runner/.config/mycroft/skills/mycroft-singing.mycroftai/settings.json
2021-10-26 13:13:14.814 | INFO     |  6598 | mycroft.skills.skill_loader:_communicate_load_status:344 | Skill mycroft-singing.mycroftai loaded successfully
2021-10-26 13:13:14.814 | INFO     |  6598 | mycroft.skills.skill_loader:load:185 | ATTEMPTING TO LOAD SKILL: mycroft-joke.mycroftai
2021-10-26 13:13:14.819 | INFO     |  6598 | mycroft.skills.settings:get_local_settings:83 | /opt/mycroft/skills/mycroft-joke.mycroftai/settings.json
2021-10-26 13:13:14.841 | INFO     |  6598 | mycroft.skills.skill_loader:_check_for_first_run:324 | First run of mycroft-joke.mycroftai
2021-10-26 13:13:14.842 | INFO     |  6598 | mycroft.skills.settings:save_settings:116 | Skill settings successfully saved to /home/runner/.config/mycroft/skills/mycroft-joke.mycroftai/settings.json
2021-10-26 13:13:14.842 | INFO     |  6598 | mycroft.skills.skill_loader:_communicate_load_status:344 | Skill mycroft-joke.mycroftai loaded successfully
2021-10-26 13:13:14.843 | INFO     |  6598 | mycroft.skills.skill_loader:load:185 | ATTEMPTING TO LOAD SKILL: mycroft-timer.mycroftai
2021-10-26 13:13:14.859 | INFO     |  6598 | mycroft.skills.settings:get_local_settings:83 | /opt/mycroft/skills/mycroft-timer.mycroftai/settings.json
2021-10-26 13:13:14.899 | INFO     |  6598 | mycroft.skills.skill_loader:_check_for_first_run:324 | First run of mycroft-timer.mycroftai
2021-10-26 13:13:14.899 | INFO     |  6598 | mycroft.skills.settings:save_settings:116 | Skill settings successfully saved to /home/runner/.config/mycroft/skills/mycroft-timer.mycroftai/settings.json
2021-10-26 13:13:14.901 | INFO     |  6598 | mycroft.skills.skill_loader:_communicate_load_status:344 | Skill mycroft-timer.mycroftai loaded successfully
2021-10-26 13:13:14.901 | INFO     |  6598 | mycroft.skills.skill_loader:load:185 | ATTEMPTING TO LOAD SKILL: homeassistant.mycroftai
2021-10-26 13:13:15.186 | INFO     |  6598 | mycroft.skills.settings:get_local_settings:83 | /opt/mycroft/skills/homeassistant.mycroftai/settings.json
2021-10-26 13:13:15.187 | INFO     |  6598 | mycroft.skills.settings:get_local_settings:83 | /opt/mycroft/skills/homeassistant.mycroftai/settings.json
2021-10-26 13:13:15.283 | INFO     |  6598 | mycroft.skills.skill_loader:_communicate_load_status:344 | Skill homeassistant.mycroftai loaded successfully
2021-10-26 13:13:15.291 | INFO     |  6598 | mycroft.skills.skill_loader:load:185 | ATTEMPTING TO LOAD SKILL: mycroft-alarm.mycroftai
2021-10-26 13:13:15.310 | INFO     |  6598 | mycroft.skills.settings:get_local_settings:83 | /opt/mycroft/skills/mycroft-alarm.mycroftai/settings.json
2021-10-26 13:13:15.353 | INFO     |  6598 | mycroft.skills.skill_loader:_check_for_first_run:324 | First run of mycroft-alarm.mycroftai
2021-10-26 13:13:15.354 | INFO     |  6598 | mycroft.skills.settings:save_settings:116 | Skill settings successfully saved to /home/runner/.config/mycroft/skills/mycroft-alarm.mycroftai/settings.json
2021-10-26 13:13:15.356 | INFO     |  6598 | mycroft.skills.skill_loader:_communicate_load_status:344 | Skill mycroft-alarm.mycroftai loaded successfully
2021-10-26 13:13:15.356 | INFO     |  6598 | mycroft.skills.skill_loader:load:185 | ATTEMPTING TO LOAD SKILL: mycroft-naptime.mycroftai
2021-10-26 13:13:15.361 | INFO     |  6598 | mycroft.skills.settings:get_local_settings:83 | /opt/mycroft/skills/mycroft-naptime.mycroftai/settings.json
2021-10-26 13:13:15.370 | INFO     |  6598 | mycroft.skills.skill_loader:_check_for_first_run:324 | First run of mycroft-naptime.mycroftai
2021-10-26 13:13:15.371 | INFO     |  6598 | mycroft.skills.settings:save_settings:116 | Skill settings successfully saved to /home/runner/.config/mycroft/skills/mycroft-naptime.mycroftai/settings.json
2021-10-26 13:13:15.372 | INFO     |  6598 | mycroft.skills.skill_loader:_communicate_load_status:344 | Skill mycroft-naptime.mycroftai loaded successfully
2021-10-26 13:13:15.372 | INFO     |  6598 | mycroft.skills.skill_loader:load:185 | ATTEMPTING TO LOAD SKILL: mycroft-spelling.mycroftai
2021-10-26 13:13:15.376 | INFO     |  6598 | mycroft.skills.settings:get_local_settings:83 | /opt/mycroft/skills/mycroft-spelling.mycroftai/settings.json
2021-10-26 13:13:15.389 | INFO     |  6598 | mycroft.skills.skill_loader:_check_for_first_run:324 | First run of mycroft-spelling.mycroftai
2021-10-26 13:13:15.390 | INFO     |  6598 | mycroft.skills.settings:save_settings:116 | Skill settings successfully saved to /home/runner/.config/mycroft/skills/mycroft-spelling.mycroftai/settings.json
2021-10-26 13:13:15.391 | INFO     |  6598 | mycroft.skills.skill_loader:_communicate_load_status:344 | Skill mycroft-spelling.mycroftai loaded successfully
2021-10-26 13:13:15.391 | INFO     |  6598 | mycroft.skills.skill_loader:load:185 | ATTEMPTING TO LOAD SKILL: mycroft-fallback-duck-duck-go.mycroftai
2021-10-26 13:13:15.400 | INFO     |  6598 | mycroft.skills.settings:get_local_settings:83 | /opt/mycroft/skills/mycroft-fallback-duck-duck-go.mycroftai/settings.json
2021-10-26 13:13:15.415 | INFO     |  6598 | mycroft.skills.skill_loader:_check_for_first_run:324 | First run of mycroft-fallback-duck-duck-go.mycroftai
2021-10-26 13:13:15.416 | INFO     |  6598 | mycroft.skills.settings:save_settings:116 | Skill settings successfully saved to /home/runner/.config/mycroft/skills/mycroft-fallback-duck-duck-go.mycroftai/settings.json
2021-10-26 13:13:15.417 | INFO     |  6598 | mycroft.skills.skill_loader:_communicate_load_status:344 | Skill mycroft-fallback-duck-duck-go.mycroftai loaded successfully
2021-10-26 13:13:15.418 | INFO     |  6598 | mycroft.skills.skill_loader:load:185 | ATTEMPTING TO LOAD SKILL: mycroft-npr-news.mycroftai
2021-10-26 13:13:15.474 | INFO     |  6598 | mycroft.skills.settings:get_local_settings:83 | /opt/mycroft/skills/mycroft-npr-news.mycroftai/settings.json
2021-10-26 13:13:16.495 | INFO     |  6598 | mycroft.skills.skill_loader:_check_for_first_run:324 | First run of mycroft-npr-news.mycroftai
2021-10-26 13:13:16.497 | INFO     |  6598 | mycroft.skills.settings:save_settings:116 | Skill settings successfully saved to /home/runner/.config/mycroft/skills/mycroft-npr-news.mycroftai/settings.json
2021-10-26 13:13:16.499 | INFO     |  6598 | mycroft.skills.skill_loader:_communicate_load_status:344 | Skill mycroft-npr-news.mycroftai loaded successfully
2021-10-26 13:13:16.501 | INFO     |  6598 | mycroft.skills.skill_loader:load:185 | ATTEMPTING TO LOAD SKILL: mycroft-support-helper.mycroftai
2021-10-26 13:13:16.507 | INFO     |  6598 | mycroft.skills.settings:get_local_settings:83 | /opt/mycroft/skills/mycroft-support-helper.mycroftai/settings.json
2021-10-26 13:13:16.512 | INFO     |  6598 | mycroft.skills.skill_loader:_check_for_first_run:324 | First run of mycroft-support-helper.mycroftai
2021-10-26 13:13:16.515 | INFO     |  6598 | mycroft.skills.settings:save_settings:116 | Skill settings successfully saved to /home/runner/.config/mycroft/skills/mycroft-support-helper.mycroftai/settings.json
2021-10-26 13:13:16.515 | INFO     |  6598 | mycroft.skills.skill_loader:_communicate_load_status:344 | Skill mycroft-support-helper.mycroftai loaded successfully
2021-10-26 13:13:16.516 | INFO     |  6598 | mycroft.skills.skill_loader:load:185 | ATTEMPTING TO LOAD SKILL: mycroft-weather.mycroftai
2021-10-26 13:13:16.534 | INFO     |  6598 | mycroft.skills.settings:get_local_settings:83 | /opt/mycroft/skills/mycroft-weather.mycroftai/settings.json
2021-10-26 13:13:16.616 | INFO     |  6598 | mycroft.skills.skill_loader:_check_for_first_run:324 | First run of mycroft-weather.mycroftai
2021-10-26 13:13:16.616 | INFO     |  6598 | mycroft.skills.settings:save_settings:116 | Skill settings successfully saved to /home/runner/.config/mycroft/skills/mycroft-weather.mycroftai/settings.json
2021-10-26 13:13:16.618 | INFO     |  6598 | mycroft.skills.skill_loader:_communicate_load_status:344 | Skill mycroft-weather.mycroftai loaded successfully
2021-10-26 13:13:16.618 | INFO     |  6598 | mycroft.skills.skill_loader:load:185 | ATTEMPTING TO LOAD SKILL: mycroft-speak.mycroftai
2021-10-26 13:13:16.622 | INFO     |  6598 | mycroft.skills.settings:get_local_settings:83 | /opt/mycroft/skills/mycroft-speak.mycroftai/settings.json
2021-10-26 13:13:16.638 | INFO     |  6598 | mycroft.skills.skill_loader:_check_for_first_run:324 | First run of mycroft-speak.mycroftai
2021-10-26 13:13:16.639 | INFO     |  6598 | mycroft.skills.settings:save_settings:116 | Skill settings successfully saved to /home/runner/.config/mycroft/skills/mycroft-speak.mycroftai/settings.json
2021-10-26 13:13:16.640 | INFO     |  6598 | mycroft.skills.skill_loader:_communicate_load_status:344 | Skill mycroft-speak.mycroftai loaded successfully
2021-10-26 13:13:16.640 | INFO     |  6598 | mycroft.skills.skill_loader:load:185 | ATTEMPTING TO LOAD SKILL: mycroft-audio-record.mycroftai
2021-10-26 13:13:16.645 | INFO     |  6598 | mycroft.skills.settings:get_local_settings:83 | /opt/mycroft/skills/mycroft-audio-record.mycroftai/settings.json
2021-10-26 13:13:16.660 | INFO     |  6598 | mycroft.skills.skill_loader:_check_for_first_run:324 | First run of mycroft-audio-record.mycroftai
2021-10-26 13:13:16.661 | INFO     |  6598 | mycroft.skills.settings:save_settings:116 | Skill settings successfully saved to /home/runner/.config/mycroft/skills/mycroft-audio-record.mycroftai/settings.json
2021-10-26 13:13:16.662 | INFO     |  6598 | mycroft.skills.skill_loader:_communicate_load_status:344 | Skill mycroft-audio-record.mycroftai loaded successfully
2021-10-26 13:13:16.663 | INFO     |  6598 | mycroft.skills.skill_loader:load:185 | ATTEMPTING TO LOAD SKILL: mycroft-stop.mycroftai
2021-10-26 13:13:16.668 | INFO     |  6598 | mycroft.skills.settings:get_local_settings:83 | /opt/mycroft/skills/mycroft-stop.mycroftai/settings.json
2021-10-26 13:13:16.685 | INFO     |  6598 | mycroft.skills.skill_loader:_check_for_first_run:324 | First run of mycroft-stop.mycroftai
2021-10-26 13:13:16.685 | INFO     |  6598 | mycroft.skills.settings:save_settings:116 | Skill settings successfully saved to /home/runner/.config/mycroft/skills/mycroft-stop.mycroftai/settings.json
2021-10-26 13:13:16.687 | INFO     |  6598 | mycroft.skills.skill_loader:_communicate_load_status:344 | Skill mycroft-stop.mycroftai loaded successfully
2021-10-26 13:13:16.687 | INFO     |  6598 | mycroft.skills.skill_loader:load:185 | ATTEMPTING TO LOAD SKILL: mycroft-hello-world.mycroftai
2021-10-26 13:13:16.691 | INFO     |  6598 | mycroft.skills.settings:get_local_settings:83 | /opt/mycroft/skills/mycroft-hello-world.mycroftai/settings.json
2021-10-26 13:13:16.703 | INFO     |  6598 | mycroft.skills.skill_loader:_check_for_first_run:324 | First run of mycroft-hello-world.mycroftai
2021-10-26 13:13:16.703 | INFO     |  6598 | mycroft.skills.settings:save_settings:116 | Skill settings successfully saved to /home/runner/.config/mycroft/skills/mycroft-hello-world.mycroftai/settings.json
2021-10-26 13:13:16.705 | INFO     |  6598 | mycroft.skills.skill_loader:_communicate_load_status:344 | Skill mycroft-hello-world.mycroftai loaded successfully
2021-10-26 13:13:16.705 | INFO     |  6598 | mycroft.skills.skill_loader:load:185 | ATTEMPTING TO LOAD SKILL: mycroft-date-time.mycroftai
2021-10-26 13:13:17.183 | INFO     |  6598 | mycroft.skills.settings:get_local_settings:83 | /opt/mycroft/skills/mycroft-date-time.mycroftai/settings.json
2021-10-26 13:13:17.239 | INFO     |  6598 | TimeSkill | Registering resting screen <bound method TimeSkill.handle_idle of <mycroft-date-time_mycroftai.TimeSkill object at 0x7f346497dc90>> for Time and Date.
2021-10-26 13:13:17.242 | INFO     |  6598 | TimeSkill | Registering resting screen
2021-10-26 13:13:17.253 | INFO     |  6598 | mycroft.skills.skill_loader:_check_for_first_run:324 | First run of mycroft-date-time.mycroftai
2021-10-26 13:13:17.254 | INFO     |  6598 | mycroft.skills.settings:save_settings:116 | Skill settings successfully saved to /home/runner/.config/mycroft/skills/mycroft-date-time.mycroftai/settings.json
2021-10-26 13:13:17.258 | INFO     |  6598 | mycroft.skills.skill_loader:_communicate_load_status:344 | Skill mycroft-date-time.mycroftai loaded successfully
2021-10-26 13:13:17.259 | INFO     |  6598 | mycroft.skills.skill_loader:load:185 | ATTEMPTING TO LOAD SKILL: mycroft-configuration.mycroftai
2021-10-26 13:13:17.274 | INFO     |  6598 | mycroft.skills.settings:get_local_settings:83 | /opt/mycroft/skills/mycroft-configuration.mycroftai/settings.json
2021-10-26 13:13:17.332 | INFO     |  6598 | mycroft.skills.skill_loader:_check_for_first_run:324 | First run of mycroft-configuration.mycroftai
2021-10-26 13:13:17.338 | INFO     |  6598 | mycroft.skills.settings:save_settings:116 | Skill settings successfully saved to /home/runner/.config/mycroft/skills/mycroft-configuration.mycroftai/settings.json
2021-10-26 13:13:17.356 | INFO     |  6598 | mycroft.skills.skill_loader:_communicate_load_status:344 | Skill mycroft-configuration.mycroftai loaded successfully
2021-10-26 13:13:17.356 | INFO     |  6598 | mycroft.skills.skill_loader:load:185 | ATTEMPTING TO LOAD SKILL: fallback-query.mycroftai
2021-10-26 13:13:17.361 | INFO     |  6598 | mycroft.skills.settings:get_local_settings:83 | /opt/mycroft/skills/fallback-query.mycroftai/settings.json
2021-10-26 13:13:17.378 | INFO     |  6598 | mycroft.skills.skill_loader:_check_for_first_run:324 | First run of fallback-query.mycroftai
2021-10-26 13:13:17.379 | INFO     |  6598 | mycroft.skills.settings:save_settings:116 | Skill settings successfully saved to /home/runner/.config/mycroft/skills/fallback-query.mycroftai/settings.json
2021-10-26 13:13:17.381 | INFO     |  6598 | mycroft.skills.skill_loader:_communicate_load_status:344 | Skill fallback-query.mycroftai loaded successfully
2021-10-26 13:13:17.382 | INFO     |  6598 | mycroft.skills.skill_loader:load:185 | ATTEMPTING TO LOAD SKILL: mycroft-personal.mycroftai
2021-10-26 13:13:17.395 | INFO     |  6598 | mycroft.skills.settings:get_local_settings:83 | /opt/mycroft/skills/mycroft-personal.mycroftai/settings.json
2021-10-26 13:13:17.425 | INFO     |  6598 | mycroft.skills.skill_loader:_check_for_first_run:324 | First run of mycroft-personal.mycroftai
2021-10-26 13:13:17.425 | INFO     |  6598 | mycroft.skills.settings:save_settings:116 | Skill settings successfully saved to /home/runner/.config/mycroft/skills/mycroft-personal.mycroftai/settings.json
2021-10-26 13:13:17.429 | INFO     |  6598 | mycroft.skills.skill_loader:_communicate_load_status:344 | Skill mycroft-personal.mycroftai loaded successfully
2021-10-26 13:13:17.430 | INFO     |  6598 | mycroft.skills.skill_loader:load:185 | ATTEMPTING TO LOAD SKILL: fallback-wolfram-alpha.mycroftai
2021-10-26 13:13:17.453 | INFO     |  6598 | mycroft.skills.settings:get_local_settings:83 | /opt/mycroft/skills/fallback-wolfram-alpha.mycroftai/settings.json
2021-10-26 13:13:17.463 | INFO     |  6598 | mycroft.skills.skill_loader:_check_for_first_run:324 | First run of fallback-wolfram-alpha.mycroftai
2021-10-26 13:13:17.464 | INFO     |  6598 | mycroft.skills.settings:save_settings:116 | Skill settings successfully saved to /home/runner/.config/mycroft/skills/fallback-wolfram-alpha.mycroftai/settings.json
2021-10-26 13:13:17.465 | INFO     |  6598 | mycroft.skills.skill_loader:_communicate_load_status:344 | Skill fallback-wolfram-alpha.mycroftai loaded successfully
2021-10-26 13:13:17.466 | INFO     |  6598 | mycroft.skills.skill_loader:load:185 | ATTEMPTING TO LOAD SKILL: mycroft-wiki.mycroftai
2021-10-26 13:13:17.472 | INFO     |  6598 | mycroft.skills.settings:get_local_settings:83 | /opt/mycroft/skills/mycroft-wiki.mycroftai/settings.json
2021-10-26 13:13:17.486 | INFO     |  6598 | mycroft.skills.skill_loader:_check_for_first_run:324 | First run of mycroft-wiki.mycroftai
2021-10-26 13:13:17.486 | INFO     |  6598 | mycroft.skills.settings:save_settings:116 | Skill settings successfully saved to /home/runner/.config/mycroft/skills/mycroft-wiki.mycroftai/settings.json
2021-10-26 13:13:17.487 | INFO     |  6598 | mycroft.skills.skill_loader:_communicate_load_status:344 | Skill mycroft-wiki.mycroftai loaded successfully
2021-10-26 13:13:17.488 | INFO     |  6598 | mycroft.skills.skill_loader:load:185 | ATTEMPTING TO LOAD SKILL: fallback-unknown.mycroftai
2021-10-26 13:13:17.492 | INFO     |  6598 | mycroft.skills.settings:get_local_settings:83 | /opt/mycroft/skills/fallback-unknown.mycroftai/settings.json
2021-10-26 13:13:17.504 | INFO     |  6598 | mycroft.skills.skill_loader:_check_for_first_run:324 | First run of fallback-unknown.mycroftai
2021-10-26 13:13:17.505 | INFO     |  6598 | mycroft.skills.settings:save_settings:116 | Skill settings successfully saved to /home/runner/.config/mycroft/skills/fallback-unknown.mycroftai/settings.json
2021-10-26 13:13:17.507 | INFO     |  6598 | mycroft.skills.skill_loader:_communicate_load_status:344 | Skill fallback-unknown.mycroftai loaded successfully
2021-10-26 13:13:17.508 | INFO     |  6598 | mycroft.skills.skill_loader:load:185 | ATTEMPTING TO LOAD SKILL: mycroft-playback-control.mycroftai
2021-10-26 13:13:17.514 | INFO     |  6598 | mycroft.skills.settings:get_local_settings:83 | /opt/mycroft/skills/mycroft-playback-control.mycroftai/settings.json
2021-10-26 13:13:17.542 | INFO     |  6598 | mycroft.skills.skill_loader:_check_for_first_run:324 | First run of mycroft-playback-control.mycroftai
2021-10-26 13:13:17.543 | INFO     |  6598 | mycroft.skills.settings:save_settings:116 | Skill settings successfully saved to /home/runner/.config/mycroft/skills/mycroft-playback-control.mycroftai/settings.json
2021-10-26 13:13:17.545 | INFO     |  6598 | mycroft.skills.skill_loader:_communicate_load_status:344 | Skill mycroft-playback-control.mycroftai loaded successfully
2021-10-26 13:13:17.545 | INFO     |  6598 | mycroft.skills.skill_manager:_load_on_startup:275 | Skills all loaded!
2021-10-26 13:13:17.631 | INFO     |  6598 | __main__:on_ready:185 | Skills service is ready.
2021-10-26 13:13:17.642 | INFO     |  6598 | mycroft.skills.intent_services.padatious_service:train:151 | Training... (single_thread=False)
Regenerated mycroft-alarm.mycroftai:{daytype}.
Regenerated mycroft-reminder.mycroftai:SnoozeReminder.intent.
Regenerated mycroft-reminder.mycroftai:UnspecifiedReminderAt.intent.
Regenerated mycroft-reminder.mycroftai:ClearReminders.intent.
Regenerated mycroft-reminder.mycroftai:GetNextReminders.intent.
Regenerated mycroft-reminder.mycroftai:DeleteReminderForDay.intent.
Regenerated mycroft-reminder.mycroftai:Reminder.intent.
Regenerated mycroft-reminder.mycroftai:CancelActiveReminder.intent.
Regenerated mycroft-reminder.mycroftai:ReminderAt.intent.
Regenerated homeassistant.mycroftai:cover.open.intent.
Regenerated homeassistant.mycroftai:toggle.intent.
Regenerated homeassistant.mycroftai:add.item.shopping.list.intent.
Regenerated homeassistant.mycroftai:turn.on.intent.
Regenerated homeassistant.mycroftai:increase.light.brightness.intent.
Regenerated homeassistant.mycroftai:automation.intent.
Regenerated homeassistant.mycroftai:cover.close.intent.
Regenerated homeassistant.mycroftai:decrease.light.brightness.intent.
Regenerated mycroft-alarm.mycroftai:change.alarm.sound.intent.
Regenerated mycroft-alarm.mycroftai:snooze.intent.
Regenerated mycroft-npr-news.mycroftai:PlayTheNews.intent.
Regenerated mycroft-support-helper.mycroftai:contact.support.intent.
Regenerated mycroft-weather.mycroftai:do-i-need-an-umbrella.intent.
Regenerated mycroft-audio-record.mycroftai:PlayRecording.intent.
Regenerated mycroft-stop.mycroftai:shutdown.intent.
Regenerated mycroft-audio-record.mycroftai:StartRecording.intent.
Regenerated mycroft-stop.mycroftai:ssh.disable.intent.
Regenerated mycroft-stop.mycroftai:wifi.setup.intent.
Regenerated mycroft-stop.mycroftai:reboot.intent.
Regenerated mycroft-stop.mycroftai:ssh.enable.intent.
Regenerated mycroft-hello-world.mycroftai:HowAreYou.intent.
Regenerated mycroft-date-time.mycroftai:what.time.will.it.be.intent.
Regenerated mycroft-date-time.mycroftai:what.time.is.it.intent.
Regenerated mycroft-date-time.mycroftai:date.future.weekend.intent.
Regenerated mycroft-personal.mycroftai:DoYouDream.intent.
Regenerated mycroft-personal.mycroftai:WhatAreYou.intent.
Regenerated mycroft-personal.mycroftai:WhenWereYouBorn.intent.
Regenerated mycroft-wiki.mycroftai:Random.intent.
Regenerated mycroft-reminder.mycroftai:GetRemindersForDay.intent.
Regenerated mycroft-installer.mycroftai:list.skills.intent.
Regenerated mycroft-installer.mycroftai:install.beta.intent.
Regenerated mycroft-installer.mycroftai:install.custom.intent.
Regenerated mycroft-installer.mycroftai:install.intent.
Regenerated mycroft-installer.mycroftai:is.installed.intent.
Regenerated mycroft-installer.mycroftai:remove.intent.
Regenerated mycroft-timer.mycroftai:start.timer.intent.
Regenerated mycroft-timer.mycroftai:timer.status.intent.
Regenerated homeassistant.mycroftai:tracker.intent.
Regenerated homeassistant.mycroftai:camera.intent.
Regenerated homeassistant.mycroftai:set.light.brightness.intent.
Regenerated homeassistant.mycroftai:set.climate.intent.
Regenerated homeassistant.mycroftai:turn.off.intent.
Regenerated homeassistant.mycroftai:sensor.intent.
Regenerated homeassistant.mycroftai:cover.stop.intent.
Regenerated mycroft-date-time.mycroftai:date.last.weekend.intent.
Regenerated mycroft-configuration.mycroftai:EnablePreciseDev.intent.
Regenerated mycroft-configuration.mycroftai:WhereAreYou.intent.
Regenerated mycroft-configuration.mycroftai:DisablePreciseDev.intent.
Regenerated mycroft-personal.mycroftai:DoYouRhyme.intent.
Regenerated mycroft-personal.mycroftai:WhoAreYou.intent.
Regenerated mycroft-personal.mycroftai:WhereWereYouBorn.intent.
Regenerated mycroft-personal.mycroftai:WhoMadeYou.intent.
2021-10-26 13:13:20.677 | INFO     |  6598 | mycroft.skills.intent_services.padatious_service:train:153 | Training complete.
Regenerated mycroft-reminder.mycroftai:SnoozeReminder.intent.
Regenerated mycroft-reminder.mycroftai:UnspecifiedReminderAt.intent.
Regenerated mycroft-reminder.mycroftai:ClearReminders.intent.
Regenerated mycroft-reminder.mycroftai:GetNextReminders.intent.
Regenerated mycroft-reminder.mycroftai:DeleteReminderForDay.intent.
Regenerated mycroft-reminder.mycroftai:Reminder.intent.
Regenerated mycroft-reminder.mycroftai:CancelActiveReminder.intent.
Regenerated mycroft-reminder.mycroftai:ReminderAt.intent.
Regenerated homeassistant.mycroftai:cover.open.intent.
Regenerated homeassistant.mycroftai:toggle.intent.
Regenerated homeassistant.mycroftai:add.item.shopping.list.intent.
Regenerated homeassistant.mycroftai:turn.on.intent.
Regenerated homeassistant.mycroftai:increase.light.brightness.intent.
Regenerated homeassistant.mycroftai:automation.intent.
Regenerated homeassistant.mycroftai:cover.close.intent.
Regenerated homeassistant.mycroftai:decrease.light.brightness.intent.
Regenerated mycroft-alarm.mycroftai:change.alarm.sound.intent.
Regenerated mycroft-alarm.mycroftai:snooze.intent.
Regenerated mycroft-npr-news.mycroftai:PlayTheNews.intent.
Regenerated mycroft-support-helper.mycroftai:contact.support.intent.
Regenerated mycroft-weather.mycroftai:do-i-need-an-umbrella.intent.
Regenerated mycroft-audio-record.mycroftai:PlayRecording.intent.
Regenerated mycroft-stop.mycroftai:shutdown.intent.
Regenerated mycroft-audio-record.mycroftai:StartRecording.intent.
Regenerated mycroft-stop.mycroftai:ssh.disable.intent.
Regenerated mycroft-stop.mycroftai:wifi.setup.intent.
Regenerated mycroft-stop.mycroftai:reboot.intent.
Regenerated mycroft-stop.mycroftai:ssh.enable.intent.
Regenerated mycroft-hello-world.mycroftai:HowAreYou.intent.
Regenerated mycroft-date-time.mycroftai:what.time.will.it.be.intent.
Regenerated mycroft-date-time.mycroftai:what.time.is.it.intent.
Regenerated mycroft-date-time.mycroftai:date.future.weekend.intent.
Regenerated mycroft-date-time.mycroftai:date.last.weekend.intent.
Regenerated mycroft-configuration.mycroftai:EnablePreciseDev.intent.
Regenerated mycroft-configuration.mycroftai:WhereAreYou.intent.
Regenerated mycroft-configuration.mycroftai:DisablePreciseDev.intent.
Regenerated mycroft-personal.mycroftai:DoYouRhyme.intent.
Regenerated mycroft-personal.mycroftai:WhoAreYou.intent.
Regenerated mycroft-personal.mycroftai:WhereWereYouBorn.intent.
Regenerated mycroft-personal.mycroftai:WhoMadeYou.intent.
Regenerated mycroft-reminder.mycroftai:GetRemindersForDay.intent.
Regenerated mycroft-installer.mycroftai:list.skills.intent.
Regenerated mycroft-installer.mycroftai:install.beta.intent.
Regenerated mycroft-installer.mycroftai:install.custom.intent.
Regenerated mycroft-installer.mycroftai:install.intent.
Regenerated mycroft-installer.mycroftai:is.installed.intent.
Regenerated mycroft-installer.mycroftai:remove.intent.
Regenerated mycroft-timer.mycroftai:start.timer.intent.
Regenerated mycroft-timer.mycroftai:timer.status.intent.
Regenerated homeassistant.mycroftai:tracker.intent.
Regenerated homeassistant.mycroftai:camera.intent.
Regenerated homeassistant.mycroftai:set.light.brightness.intent.
Regenerated homeassistant.mycroftai:set.climate.intent.
Regenerated homeassistant.mycroftai:turn.off.intent.
Regenerated homeassistant.mycroftai:sensor.intent.
Regenerated homeassistant.mycroftai:cover.stop.intent.
Regenerated mycroft-personal.mycroftai:DoYouDream.intent.
Regenerated mycroft-personal.mycroftai:WhatAreYou.intent.
Regenerated mycroft-personal.mycroftai:WhenWereYouBorn.intent.
Regenerated mycroft-wiki.mycroftai:Random.intent.
2021-10-26 13:13:22.532 | INFO     |  6598 | mycroft.skills.settings:save_settings:116 | Skill settings successfully saved to /home/runner/.config/mycroft/skills/mycroft-timer.mycroftai/settings.json
2021-10-26 13:13:40.437 | INFO     |  6598 | mycroft.skills.settings:save_settings:116 | Skill settings successfully saved to /home/runner/.config/mycroft/skills/mycroft-pairing.mycroftai/settings.json
2021-10-26 13:13:45.116 | INFO     |  6598 | __main__:on_stopping:193 | Skills service is shutting down...
2021-10-26 13:13:45.117 | INFO     |  6598 | __main__:shutdown:284 | Shutting down Skills service
2021-10-26 13:13:45.500 | INFO     |  6598 | mycroft.skills.settings:save_settings:116 | Skill settings successfully saved to /home/runner/.config/mycroft/skills/mycroft-volume.mycroftai/settings.json
2021-10-26 13:13:45.502 | INFO     |  6598 | mycroft.skills.settings:save_settings:116 | Skill settings successfully saved to /home/runner/.config/mycroft/skills/mycroft-ip.mycroftai/settings.json
2021-10-26 13:13:45.503 | INFO     |  6598 | mycroft.skills.settings:save_settings:116 | Skill settings successfully saved to /home/runner/.config/mycroft/skills/mycroft-reminder.mycroftai/settings.json
2021-10-26 13:13:45.505 | INFO     |  6598 | mycroft.skills.settings:save_settings:116 | Skill settings successfully saved to /home/runner/.config/mycroft/skills/mycroft-installer.mycroftai/settings.json
2021-10-26 13:13:45.507 | INFO     |  6598 | mycroft.skills.settings:save_settings:116 | Skill settings successfully saved to /home/runner/.config/mycroft/skills/mycroft-version-checker.mycroftai/settings.json
2021-10-26 13:13:45.530 | INFO     |  6598 | mycroft.skills.settings:save_settings:116 | Skill settings successfully saved to /home/runner/.config/mycroft/skills/mycroft-singing.mycroftai/settings.json
2021-10-26 13:13:45.532 | INFO     |  6598 | mycroft.skills.settings:save_settings:116 | Skill settings successfully saved to /home/runner/.config/mycroft/skills/mycroft-joke.mycroftai/settings.json
2021-10-26 13:13:45.555 | INFO     |  6598 | HomeAssistantSkill | Removing all handlers...
2021-10-26 13:13:45.556 | WARNING  |  6598 | mycroft.skills.fallback_skill:remove_fallback:185 | Could not find matching fallback handler
2021-10-26 13:13:45.557 | INFO     |  6598 | mycroft.skills.settings:save_settings:116 | Skill settings successfully saved to /home/runner/.config/mycroft/skills/mycroft-alarm.mycroftai/settings.json
2021-10-26 13:13:45.560 | INFO     |  6598 | mycroft.skills.settings:save_settings:116 | Skill settings successfully saved to /home/runner/.config/mycroft/skills/mycroft-naptime.mycroftai/settings.json
2021-10-26 13:13:45.565 | INFO     |  6598 | mycroft.skills.settings:save_settings:116 | Skill settings successfully saved to /home/runner/.config/mycroft/skills/mycroft-spelling.mycroftai/settings.json
2021-10-26 13:13:45.567 | INFO     |  6598 | mycroft.skills.settings:save_settings:116 | Skill settings successfully saved to /home/runner/.config/mycroft/skills/mycroft-fallback-duck-duck-go.mycroftai/settings.json
2021-10-26 13:13:45.575 | INFO     |  6598 | mycroft.skills.settings:save_settings:116 | Skill settings successfully saved to /home/runner/.config/mycroft/skills/mycroft-npr-news.mycroftai/settings.json
2021-10-26 13:13:45.576 | INFO     |  6598 | mycroft.skills.settings:save_settings:116 | Skill settings successfully saved to /home/runner/.config/mycroft/skills/mycroft-support-helper.mycroftai/settings.json
2021-10-26 13:13:45.578 | INFO     |  6598 | mycroft.skills.settings:save_settings:116 | Skill settings successfully saved to /home/runner/.config/mycroft/skills/mycroft-weather.mycroftai/settings.json
2021-10-26 13:13:45.580 | INFO     |  6598 | mycroft.skills.settings:save_settings:116 | Skill settings successfully saved to /home/runner/.config/mycroft/skills/mycroft-speak.mycroftai/settings.json
2021-10-26 13:13:45.581 | INFO     |  6598 | mycroft.skills.settings:save_settings:116 | Skill settings successfully saved to /home/runner/.config/mycroft/skills/mycroft-audio-record.mycroftai/settings.json
2021-10-26 13:13:45.583 | INFO     |  6598 | mycroft.skills.settings:save_settings:116 | Skill settings successfully saved to /home/runner/.config/mycroft/skills/mycroft-stop.mycroftai/settings.json
2021-10-26 13:13:45.590 | INFO     |  6598 | mycroft.skills.settings:save_settings:116 | Skill settings successfully saved to /home/runner/.config/mycroft/skills/mycroft-hello-world.mycroftai/settings.json
2021-10-26 13:13:45.592 | INFO     |  6598 | mycroft.skills.settings:save_settings:116 | Skill settings successfully saved to /home/runner/.config/mycroft/skills/mycroft-date-time.mycroftai/settings.json
2021-10-26 13:13:45.596 | INFO     |  6598 | mycroft.skills.settings:save_settings:116 | Skill settings successfully saved to /home/runner/.config/mycroft/skills/mycroft-configuration.mycroftai/settings.json
2021-10-26 13:13:45.606 | INFO     |  6598 | QuestionsAnswersSkill | Removing all handlers...
2021-10-26 13:13:45.606 | INFO     |  6598 | mycroft.skills.settings:save_settings:116 | Skill settings successfully saved to /home/runner/.config/mycroft/skills/fallback-query.mycroftai/settings.json
2021-10-26 13:13:45.608 | INFO     |  6598 | mycroft.skills.settings:save_settings:116 | Skill settings successfully saved to /home/runner/.config/mycroft/skills/mycroft-personal.mycroftai/settings.json
2021-10-26 13:13:45.609 | INFO     |  6598 | mycroft.skills.settings:save_settings:116 | Skill settings successfully saved to /home/runner/.config/mycroft/skills/fallback-wolfram-alpha.mycroftai/settings.json
2021-10-26 13:13:45.618 | INFO     |  6598 | mycroft.skills.settings:save_settings:116 | Skill settings successfully saved to /home/runner/.config/mycroft/skills/mycroft-wiki.mycroftai/settings.json
2021-10-26 13:13:45.620 | INFO     |  6598 | UnknownSkill | Removing all handlers...
2021-10-26 13:13:45.620 | INFO     |  6598 | mycroft.skills.settings:save_settings:116 | Skill settings successfully saved to /home/runner/.config/mycroft/skills/fallback-unknown.mycroftai/settings.json
2021-10-26 13:13:45.621 | INFO     |  6598 | mycroft.skills.settings:save_settings:116 | Skill settings successfully saved to /home/runner/.config/mycroft/skills/mycroft-playback-control.mycroftai/settings.json
2021-10-26 13:13:46.622 | INFO     |  6598 | Playback Control Skill | Audio service status: {}
2021-10-26 13:13:47.624 | WARNING  |  6598 | mycroft.skills.skill_manager:_shutdown_skill:106 | mycroft-playback-control.mycroftai shutdown took 2.0025397850000104 seconds
2021-10-26 13:13:47.625 | INFO     |  6598 | __main__:shutdown:291 | Skills service shutdown complete!
2021-10-26 13:13:49.508 | ERROR    |  6598 | websocket | error from callback <bound method MessageBusClient.on_message of <mycroft.messagebus.client.client.MessageBusClient object at 0x7f346ffe1650>>: cannot schedule new futures after shutdown
