2021-12-10 09:43:13.257 | INFO     |  5658 | mycroft.messagebus.load_config:load_message_bus_config:33 | Loading message bus configs
2021-12-10 09:43:13.264 | INFO     |  5658 | mycroft_bus_client.client.client | Connected
2021-12-10 09:43:13.273 | INFO     |  5658 | mycroft.util.process_utils:start_message_bus_client:155 | Connected to messagebus
2021-12-10 09:43:13.282 | INFO     |  5658 | mycroft.skills.msm_wrapper:create_msm:96 | Acquiring lock to instantiate MSM
2021-12-10 09:43:14.237 | INFO     |  5658 | msm.mycroft_skills_manager | building SkillEntry objects for all skills
2021-12-10 09:43:14.534 | INFO     |  5658 | mycroft.skills.msm_wrapper:create_msm:112 | Releasing MSM instantiation lock.
2021-12-10 09:43:14.535 | INFO     |  5658 | mycroft.skills.skill_updater:_log_next_download_time:267 | Next scheduled skill update: 2021-12-10 09:43:13.534707
2021-12-10 09:43:14.535 | INFO     |  5658 | msm.skill_entry | Downloading skill: https://github.com/mycroftai/skill-pairing
2021-12-10 09:43:14.810 | INFO     |  5658 | msm.skill_entry | Installing system requirements...
2021-12-10 09:43:14.821 | INFO     |  5658 | msm.skill_entry | Successfully installed mycroft-pairing
2021-12-10 09:43:14.821 | INFO     |  5658 | msm.mycroft_skills_manager | invalidating skills cache
2021-12-10 09:43:14.823 | INFO     |  5658 | mycroft.skills.skill_loader:load:185 | ATTEMPTING TO LOAD SKILL: mycroft-pairing.mycroftai
2021-12-10 09:43:14.831 | INFO     |  5658 | mycroft.skills.settings:get_local_settings:83 | /opt/mycroft/skills/mycroft-pairing.mycroftai/settings.json
2021-12-10 09:43:14.862 | INFO     |  5658 | mycroft.skills.skill_loader:_check_for_first_run:324 | First run of mycroft-pairing.mycroftai
2021-12-10 09:43:14.877 | INFO     |  5658 | mycroft.skills.settings:save_settings:116 | Skill settings successfully saved to /home/runner/.config/mycroft/skills/mycroft-pairing.mycroftai/settings.json
2021-12-10 09:43:14.878 | INFO     |  5658 | mycroft.skills.skill_loader:_communicate_load_status:344 | Skill mycroft-pairing.mycroftai loaded successfully
2021-12-10 09:43:14.879 | INFO     |  5658 | msm.skill_entry | Downloading skill: https://github.com/mycroftai/skill-volume
2021-12-10 09:43:15.215 | INFO     |  5658 | msm.skill_entry | Installing system requirements...
2021-12-10 09:43:15.228 | INFO     |  5658 | msm.skill_entry | Installing requirements.txt for mycroft-volume
2021-12-10 09:43:16.644 | INFO     |  5658 | msm.skill_entry | Successfully installed mycroft-volume
2021-12-10 09:43:16.644 | INFO     |  5658 | msm.mycroft_skills_manager | invalidating skills cache
2021-12-10 09:43:16.646 | INFO     |  5658 | mycroft.skills.skill_loader:load:185 | ATTEMPTING TO LOAD SKILL: mycroft-volume.mycroftai
2021-12-10 09:43:16.655 | INFO     |  5658 | mycroft.skills.settings:get_local_settings:83 | /opt/mycroft/skills/mycroft-volume.mycroftai/settings.json
2021-12-10 09:43:16.820 | ERROR    |  5658 | VolumeSkill | Couldn't allocate mixer, ALSAAudioError('No such file or directory [default]')
2021-12-10 09:43:19.838 | INFO     |  5658 | mycroft.skills.skill_loader:_check_for_first_run:324 | First run of mycroft-volume.mycroftai
2021-12-10 09:43:19.839 | INFO     |  5658 | mycroft.skills.settings:save_settings:116 | Skill settings successfully saved to /home/runner/.config/mycroft/skills/mycroft-volume.mycroftai/settings.json
2021-12-10 09:43:19.840 | INFO     |  5658 | mycroft.skills.skill_loader:_communicate_load_status:344 | Skill mycroft-volume.mycroftai loaded successfully
2021-12-10 09:43:19.840 | INFO     |  5658 | __main__:on_started:177 | Skills service is starting up.
2021-12-10 09:43:19.897 | INFO     |  5658 | __main__:_update_system:154 | Attempting system update...
2021-12-10 09:43:22.899 | INFO     |  5658 | mycroft.enclosure.display_manager:_write_data:70 | Display Manager is creating /tmp/mycroft/ipc/managers/disp_info
2021-12-10 09:43:22.903 | INFO     |  5658 | __main__:_ensure_device_is_paired:133 | Device not paired, invoking the pairing skill
2021-12-10 09:43:22.905 | INFO     |  5658 | __main__:on_alive:181 | Skills service is alive.
2021-12-10 09:43:22.908 | INFO     |  5658 | msm.mycroft_skills_manager | building SkillEntry objects for all skills
2021-12-10 09:43:23.027 | INFO     |  5658 | PairingSkill | Communicating account URL to user
2021-12-10 09:43:23.694 | WARNING  |  5658 | msm.mycroft_skills_manager | No such default skill: mycroft-pandora
2021-12-10 09:43:23.695 | INFO     |  5658 | mycroft.skills.skill_manager:run:234 | Not all default skills are installed, performing skill update...
2021-12-10 09:43:23.695 | INFO     |  5658 | mycroft.skills.skill_updater:update_skills:149 | Beginning skill update...
2021-12-10 09:43:23.744 | INFO     |  5658 | msm.mycroft_skills_manager | building SkillEntry objects for all skills
2021-12-10 09:43:24.697 | INFO     |  5658 | msm.mycroft_skills_manager | invalidating skills cache
2021-12-10 09:43:25.739 | INFO     |  5658 | msm.skill_entry | Downloading skill: https://github.com/mycroftai/skill-configuration
2021-12-10 09:43:25.758 | INFO     |  5658 | msm.skill_entry | Downloading skill: https://github.com/mycroftai/fallback-wolfram-alpha
2021-12-10 09:43:25.773 | INFO     |  5658 | msm.skill_entry | Downloading skill: https://github.com/mycroftai/skill-date-time
2021-12-10 09:43:25.785 | INFO     |  5658 | msm.skill_entry | Downloading skill: https://github.com/mycroftai/skill-alarm
2021-12-10 09:43:25.786 | INFO     |  5658 | msm.skill_entry | Downloading skill: https://github.com/mycroftai/fallback-duckduckgo
2021-12-10 09:43:25.791 | INFO     |  5658 | msm.skill_entry | Downloading skill: https://github.com/mycroftai/skill-hello-world
2021-12-10 09:43:25.792 | INFO     |  5658 | msm.skill_entry | Downloading skill: https://github.com/mycroftai/skill-audio-record
2021-12-10 09:43:25.793 | INFO     |  5658 | msm.skill_entry | Downloading skill: https://github.com/mycroftai/skill-ip
2021-12-10 09:43:25.793 | INFO     |  5658 | msm.skill_entry | Downloading skill: https://github.com/mycroftai/skill-joke
2021-12-10 09:43:25.794 | INFO     |  5658 | msm.skill_entry | Downloading skill: https://github.com/mycroftai/skill-installer
2021-12-10 09:43:25.797 | INFO     |  5658 | msm.skill_entry | Downloading skill: https://github.com/mycroftai/skill-npr-news
2021-12-10 09:43:25.801 | INFO     |  5658 | msm.skill_entry | Downloading skill: https://github.com/mycroftai/skill-naptime
2021-12-10 09:43:25.821 | INFO     |  5658 | msm.skill_entry | Downloading skill: https://github.com/mycroftai/skill-playback-control
2021-12-10 09:43:25.822 | INFO     |  5658 | msm.skill_entry | Downloading skill: https://github.com/mycroftai/skill-reminder
2021-12-10 09:43:25.823 | INFO     |  5658 | msm.skill_entry | Downloading skill: https://github.com/mycroftai/skill-singing
2021-12-10 09:43:25.870 | INFO     |  5658 | msm.skill_entry | Downloading skill: https://github.com/mycroftai/skill-personal
2021-12-10 09:43:26.858 | INFO     |  5658 | msm.skill_entry | Downloading skill: https://github.com/mycroftai/fallback-unknown
2021-12-10 09:43:27.592 | INFO     |  5658 | msm.skill_entry | Installing system requirements...
2021-12-10 09:43:27.597 | INFO     |  5658 | msm.skill_entry | Installing system requirements...
2021-12-10 09:43:27.624 | INFO     |  5658 | msm.skill_entry | Installing system requirements...
2021-12-10 09:43:27.648 | INFO     |  5658 | msm.skill_entry | Installing system requirements...
2021-12-10 09:43:27.698 | INFO     |  5658 | msm.skill_entry | Installing system requirements...
2021-12-10 09:43:27.700 | INFO     |  5658 | msm.skill_entry | Installing system requirements...
2021-12-10 09:43:27.712 | INFO     |  5658 | msm.skill_entry | Installing system requirements...
2021-12-10 09:43:27.789 | INFO     |  5658 | msm.skill_entry | Installing system requirements...
2021-12-10 09:43:27.812 | INFO     |  5658 | msm.skill_entry | Installing requirements.txt for mycroft-joke
2021-12-10 09:43:27.842 | INFO     |  5658 | msm.skill_entry | Installing requirements.txt for mycroft-ip
2021-12-10 09:43:27.844 | INFO     |  5658 | msm.skill_entry | Successfully installed mycroft-playback-control
2021-12-10 09:43:27.844 | INFO     |  5658 | msm.mycroft_skills_manager | invalidating skills cache
2021-12-10 09:43:27.849 | INFO     |  5658 | msm.skill_entry | Installing requirements.txt for fallback-wolfram-alpha
2021-12-10 09:43:27.849 | INFO     |  5658 | msm.skill_entry | Installing requirements.txt for mycroft-audio-record
2021-12-10 09:43:27.849 | INFO     |  5658 | msm.skill_entry | Downloading skill: https://github.com/mycroftai/skill-speak
2021-12-10 09:43:27.873 | INFO     |  5658 | msm.skill_entry | Successfully installed mycroft-naptime
2021-12-10 09:43:27.873 | INFO     |  5658 | msm.mycroft_skills_manager | invalidating skills cache
2021-12-10 09:43:27.881 | INFO     |  5658 | msm.skill_entry | Installing requirements.txt for mycroft-fallback-duck-duck-go
2021-12-10 09:43:27.883 | INFO     |  5658 | msm.skill_entry | Successfully installed mycroft-hello-world
2021-12-10 09:43:27.884 | INFO     |  5658 | msm.mycroft_skills_manager | invalidating skills cache
2021-12-10 09:43:27.885 | INFO     |  5658 | msm.skill_entry | Downloading skill: https://github.com/mycroftai/skill-stop
2021-12-10 09:43:27.896 | INFO     |  5658 | msm.skill_entry | Downloading skill: https://github.com/mycroftai/skill-spelling
2021-12-10 09:43:28.075 | INFO     |  5658 | msm.skill_entry | Installing system requirements...
2021-12-10 09:43:28.193 | INFO     |  5658 | msm.skill_entry | Installing system requirements...
2021-12-10 09:43:28.217 | INFO     |  5658 | msm.skill_entry | Installing requirements.txt for mycroft-configuration
2021-12-10 09:43:28.224 | INFO     |  5658 | msm.skill_entry | Installing system requirements...
2021-12-10 09:43:28.280 | INFO     |  5658 | msm.skill_entry | Installing system requirements...
2021-12-10 09:43:28.305 | INFO     |  5658 | msm.skill_entry | Installing system requirements...
2021-12-10 09:43:28.387 | INFO     |  5658 | msm.skill_entry | Successfully installed mycroft-personal
2021-12-10 09:43:28.388 | INFO     |  5658 | msm.mycroft_skills_manager | invalidating skills cache
2021-12-10 09:43:28.392 | INFO     |  5658 | msm.skill_entry | Downloading skill: https://github.com/mycroftai/skill-support
2021-12-10 09:43:28.435 | INFO     |  5658 | msm.skill_entry | Successfully installed mycroft-reminder
2021-12-10 09:43:28.436 | INFO     |  5658 | msm.mycroft_skills_manager | invalidating skills cache
2021-12-10 09:43:28.439 | INFO     |  5658 | msm.skill_entry | Installing requirements.txt for mycroft-installer
2021-12-10 09:43:28.439 | INFO     |  5658 | msm.skill_entry | Downloading skill: https://github.com/mycroftai/mycroft-timer
2021-12-10 09:43:28.441 | INFO     |  5658 | msm.skill_entry | Installing system requirements...
2021-12-10 09:43:28.544 | INFO     |  5658 | msm.skill_entry | Installing requirements.txt for mycroft-npr-news
2021-12-10 09:43:28.617 | INFO     |  5658 | msm.skill_entry | Nothing new for mycroft-pairing
2021-12-10 09:43:28.690 | INFO     |  5658 | msm.skill_entry | Successfully installed fallback-unknown
2021-12-10 09:43:28.691 | INFO     |  5658 | msm.mycroft_skills_manager | invalidating skills cache
2021-12-10 09:43:28.696 | INFO     |  5658 | msm.skill_entry | Downloading skill: https://github.com/mycroftai/skill-weather
2021-12-10 09:43:28.801 | INFO     |  5658 | msm.skill_entry | Installing system requirements...
2021-12-10 09:43:28.818 | INFO     |  5658 | msm.skill_entry | Installing system requirements...
2021-12-10 09:43:28.968 | INFO     |  5658 | msm.skill_entry | Installing system requirements...
2021-12-10 09:43:29.018 | INFO     |  5658 | msm.skill_entry | Installing system requirements...
2021-12-10 09:43:29.031 | INFO     |  5658 | msm.skill_entry | Downloading skill: https://github.com/mycroftai/skill-version-checker
2021-12-10 09:43:29.038 | INFO     |  5658 | msm.skill_entry | Nothing new for mycroft-volume
2021-12-10 09:43:28.980 | ERROR    |  5658 | msm.mycroft_skills_manager | Error running install_or_update on homeassistant.mycroftai: MergeConflict
2021-12-10 09:43:29.049 | INFO     |  5658 | msm.skill_entry | Installing requirements.txt for mycroft-date-time
2021-12-10 09:43:29.063 | INFO     |  5658 | msm.skill_entry | Downloading skill: https://github.com/mycroftai/skill-wiki
2021-12-10 09:43:29.145 | INFO     |  5658 | msm.skill_entry | Installing system requirements...
2021-12-10 09:43:29.152 | INFO     |  5658 | msm.skill_entry | Installing system requirements...
2021-12-10 09:43:29.183 | INFO     |  5658 | msm.skill_entry | Successfully installed mycroft-spelling
2021-12-10 09:43:29.183 | INFO     |  5658 | msm.mycroft_skills_manager | invalidating skills cache
2021-12-10 09:43:29.186 | INFO     |  5658 | msm.skill_entry | Downloading skill: https://github.com/MycroftAI/skill-query
2021-12-10 09:43:29.190 | INFO     |  5658 | msm.skill_entry | Successfully installed mycroft-stop
2021-12-10 09:43:29.191 | INFO     |  5658 | msm.mycroft_skills_manager | invalidating skills cache
2021-12-10 09:43:29.270 | INFO     |  5658 | msm.skill_entry | Installing system requirements...
2021-12-10 09:43:29.273 | INFO     |  5658 | msm.skill_entry | Installing requirements.txt for mycroft-alarm
2021-12-10 09:43:29.314 | INFO     |  5658 | msm.skill_entry | Installing requirements.txt for mycroft-volume
2021-12-10 09:43:29.337 | INFO     |  5658 | msm.skill_entry | Successfully installed mycroft-speak
2021-12-10 09:43:29.337 | INFO     |  5658 | msm.mycroft_skills_manager | invalidating skills cache
2021-12-10 09:43:29.597 | INFO     |  5658 | msm.skill_entry | Installing system requirements...
2021-12-10 09:43:29.709 | INFO     |  5658 | msm.skill_entry | Installing requirements.txt for mycroft-support-helper
2021-12-10 09:43:30.015 | INFO     |  5658 | msm.skill_entry | Installing system requirements...
2021-12-10 09:43:30.083 | INFO     |  5658 | msm.skill_entry | Installing system requirements...
2021-12-10 09:43:30.090 | INFO     |  5658 | msm.skill_entry | Installing system requirements...
2021-12-10 09:43:30.104 | INFO     |  5658 | msm.skill_entry | Successfully installed fallback-query
2021-12-10 09:43:30.104 | INFO     |  5658 | msm.mycroft_skills_manager | invalidating skills cache
2021-12-10 09:43:30.155 | INFO     |  5658 | msm.skill_entry | Successfully installed mycroft-timer
2021-12-10 09:43:30.155 | INFO     |  5658 | msm.mycroft_skills_manager | invalidating skills cache
2021-12-10 09:43:30.156 | INFO     |  5658 | msm.skill_entry | Successfully installed mycroft-version-checker
2021-12-10 09:43:30.156 | INFO     |  5658 | msm.mycroft_skills_manager | invalidating skills cache
2021-12-10 09:43:30.193 | INFO     |  5658 | msm.skill_entry | Installing system requirements...
2021-12-10 09:43:30.217 | INFO     |  5658 | msm.skill_entry | Installing requirements.txt for mycroft-wiki
2021-12-10 09:43:30.359 | ERROR    |  5658 | msm.mycroft_skills_manager | Error running install_or_update on homeassistant: MergeConflict
2021-12-10 09:43:30.554 | INFO     |  5658 | msm.skill_entry | Installing system requirements...
2021-12-10 09:43:30.569 | INFO     |  5658 | msm.skill_entry | Installing requirements.txt for mycroft-weather
2021-12-10 09:43:30.993 | INFO     |  5658 | msm.skill_entry | Installing system requirements...
2021-12-10 09:43:31.008 | INFO     |  5658 | msm.skill_entry | Successfully installed mycroft-singing
2021-12-10 09:43:31.008 | INFO     |  5658 | msm.mycroft_skills_manager | invalidating skills cache
2021-12-10 09:43:31.594 | INFO     |  5658 | msm.skill_entry | Successfully installed mycroft-joke
2021-12-10 09:43:31.594 | INFO     |  5658 | msm.mycroft_skills_manager | invalidating skills cache
2021-12-10 09:43:32.656 | INFO     |  5658 | msm.skill_entry | Successfully installed mycroft-ip
2021-12-10 09:43:32.659 | INFO     |  5658 | msm.mycroft_skills_manager | invalidating skills cache
2021-12-10 09:43:35.696 | INFO     |  5658 | msm.skill_entry | Successfully installed fallback-wolfram-alpha
2021-12-10 09:43:35.697 | INFO     |  5658 | msm.mycroft_skills_manager | invalidating skills cache
2021-12-10 09:43:36.877 | INFO     |  5658 | msm.skill_entry | Successfully installed mycroft-audio-record
2021-12-10 09:43:36.878 | INFO     |  5658 | msm.mycroft_skills_manager | invalidating skills cache
2021-12-10 09:43:38.192 | INFO     |  5658 | msm.skill_entry | Successfully installed mycroft-fallback-duck-duck-go
2021-12-10 09:43:38.192 | INFO     |  5658 | msm.mycroft_skills_manager | invalidating skills cache
2021-12-10 09:43:41.227 | INFO     |  5658 | msm.skill_entry | Successfully installed mycroft-configuration
2021-12-10 09:43:41.227 | INFO     |  5658 | msm.mycroft_skills_manager | invalidating skills cache
2021-12-10 09:43:42.312 | INFO     |  5658 | msm.skill_entry | Successfully installed mycroft-installer
2021-12-10 09:43:42.313 | INFO     |  5658 | msm.mycroft_skills_manager | invalidating skills cache
2021-12-10 09:43:46.027 | INFO     |  5658 | msm.skill_entry | Successfully installed mycroft-npr-news
2021-12-10 09:43:46.028 | INFO     |  5658 | msm.mycroft_skills_manager | invalidating skills cache
2021-12-10 09:43:53.368 | INFO     |  5658 | PairingSkill | Initiating device pairing sequence...
2021-12-10 09:43:53.369 | INFO     |  5658 | PairingSkill | Retrieving pairing code from device API...
2021-12-10 09:43:53.590 | INFO     |  5658 | PairingSkill | Pairing code obtained: HXEVTN
2021-12-10 09:43:53.590 | INFO     |  5658 | PairingSkill | Communicating pairing URL to user
2021-12-10 09:44:05.214 | INFO     |  5658 | msm.skill_entry | Successfully installed mycroft-date-time
2021-12-10 09:44:05.216 | INFO     |  5658 | msm.mycroft_skills_manager | invalidating skills cache
2021-12-10 09:44:06.319 | INFO     |  5658 | msm.skill_entry | Successfully installed mycroft-alarm
2021-12-10 09:44:06.319 | INFO     |  5658 | msm.mycroft_skills_manager | invalidating skills cache
2021-12-10 09:44:09.955 | INFO     |  5658 | msm.skill_entry | Successfully installed mycroft-support-helper
2021-12-10 09:44:09.956 | INFO     |  5658 | msm.mycroft_skills_manager | invalidating skills cache
2021-12-10 09:44:12.174 | INFO     |  5658 | msm.skill_entry | Successfully installed mycroft-wiki
2021-12-10 09:44:12.175 | INFO     |  5658 | msm.mycroft_skills_manager | invalidating skills cache
2021-12-10 09:44:13.363 | INFO     |  5658 | msm.skill_entry | Successfully installed mycroft-weather
2021-12-10 09:44:13.364 | INFO     |  5658 | msm.mycroft_skills_manager | invalidating skills cache
2021-12-10 09:44:13.404 | INFO     |  5658 | mycroft.skills.skill_updater:_log_next_download_time:267 | Next scheduled skill update: 2021-12-10 10:44:13.403939
2021-12-10 09:44:13.405 | INFO     |  5658 | mycroft.skills.skill_updater:update_skills:170 | Skill update complete
2021-12-10 09:44:13.405 | INFO     |  5658 | mycroft.skills.skill_manager:_load_on_startup:273 | Loading installed skills...
2021-12-10 09:44:13.406 | INFO     |  5658 | mycroft.skills.skill_loader:load:185 | ATTEMPTING TO LOAD SKILL: mycroft-playback-control.mycroftai
2021-12-10 09:44:13.414 | INFO     |  5658 | mycroft.skills.settings:get_local_settings:83 | /opt/mycroft/skills/mycroft-playback-control.mycroftai/settings.json
2021-12-10 09:44:13.439 | INFO     |  5658 | mycroft.skills.skill_loader:_check_for_first_run:324 | First run of mycroft-playback-control.mycroftai
2021-12-10 09:44:13.440 | INFO     |  5658 | mycroft.skills.settings:save_settings:116 | Skill settings successfully saved to /home/runner/.config/mycroft/skills/mycroft-playback-control.mycroftai/settings.json
2021-12-10 09:44:13.442 | INFO     |  5658 | mycroft.skills.skill_loader:_communicate_load_status:344 | Skill mycroft-playback-control.mycroftai loaded successfully
2021-12-10 09:44:13.443 | INFO     |  5658 | mycroft.skills.skill_loader:load:185 | ATTEMPTING TO LOAD SKILL: mycroft-configuration.mycroftai
2021-12-10 09:44:13.449 | INFO     |  5658 | mycroft.skills.settings:get_local_settings:83 | /opt/mycroft/skills/mycroft-configuration.mycroftai/settings.json
2021-12-10 09:44:13.497 | INFO     |  5658 | mycroft.skills.skill_loader:_check_for_first_run:324 | First run of mycroft-configuration.mycroftai
2021-12-10 09:44:13.499 | INFO     |  5658 | mycroft.skills.settings:save_settings:116 | Skill settings successfully saved to /home/runner/.config/mycroft/skills/mycroft-configuration.mycroftai/settings.json
2021-12-10 09:44:13.501 | INFO     |  5658 | mycroft.skills.skill_loader:_communicate_load_status:344 | Skill mycroft-configuration.mycroftai loaded successfully
2021-12-10 09:44:13.502 | INFO     |  5658 | mycroft.skills.skill_loader:load:185 | ATTEMPTING TO LOAD SKILL: mycroft-speak.mycroftai
2021-12-10 09:44:13.510 | INFO     |  5658 | mycroft.skills.settings:get_local_settings:83 | /opt/mycroft/skills/mycroft-speak.mycroftai/settings.json
2021-12-10 09:44:13.550 | INFO     |  5658 | mycroft.skills.skill_loader:_check_for_first_run:324 | First run of mycroft-speak.mycroftai
2021-12-10 09:44:13.557 | INFO     |  5658 | mycroft.skills.settings:save_settings:116 | Skill settings successfully saved to /home/runner/.config/mycroft/skills/mycroft-speak.mycroftai/settings.json
2021-12-10 09:44:13.559 | INFO     |  5658 | mycroft.skills.skill_loader:_communicate_load_status:344 | Skill mycroft-speak.mycroftai loaded successfully
2021-12-10 09:44:13.560 | INFO     |  5658 | mycroft.skills.skill_loader:load:185 | ATTEMPTING TO LOAD SKILL: mycroft-spelling.mycroftai
2021-12-10 09:44:13.570 | INFO     |  5658 | mycroft.skills.settings:get_local_settings:83 | /opt/mycroft/skills/mycroft-spelling.mycroftai/settings.json
2021-12-10 09:44:13.606 | INFO     |  5658 | mycroft.skills.skill_loader:_check_for_first_run:324 | First run of mycroft-spelling.mycroftai
2021-12-10 09:44:13.607 | INFO     |  5658 | mycroft.skills.settings:save_settings:116 | Skill settings successfully saved to /home/runner/.config/mycroft/skills/mycroft-spelling.mycroftai/settings.json
2021-12-10 09:44:13.618 | INFO     |  5658 | mycroft.skills.skill_loader:_communicate_load_status:344 | Skill mycroft-spelling.mycroftai loaded successfully
2021-12-10 09:44:13.618 | INFO     |  5658 | mycroft.skills.skill_loader:load:185 | ATTEMPTING TO LOAD SKILL: mycroft-date-time.mycroftai
2021-12-10 09:44:14.333 | INFO     |  5658 | mycroft.skills.settings:get_local_settings:83 | /opt/mycroft/skills/mycroft-date-time.mycroftai/settings.json
2021-12-10 09:44:14.424 | INFO     |  5658 | TimeSkill | Registering resting screen <bound method TimeSkill.handle_idle of <mycroft-date-time_mycroftai.TimeSkill object at 0x7fbf984d6610>> for Time and Date.
2021-12-10 09:44:14.439 | INFO     |  5658 | TimeSkill | Registering resting screen
2021-12-10 09:44:14.475 | INFO     |  5658 | mycroft.skills.skill_loader:_check_for_first_run:324 | First run of mycroft-date-time.mycroftai
2021-12-10 09:44:14.476 | INFO     |  5658 | mycroft.skills.settings:save_settings:116 | Skill settings successfully saved to /home/runner/.config/mycroft/skills/mycroft-date-time.mycroftai/settings.json
2021-12-10 09:44:14.485 | INFO     |  5658 | mycroft.skills.skill_loader:_communicate_load_status:344 | Skill mycroft-date-time.mycroftai loaded successfully
2021-12-10 09:44:14.486 | INFO     |  5658 | mycroft.skills.skill_loader:load:185 | ATTEMPTING TO LOAD SKILL: mycroft-singing.mycroftai
2021-12-10 09:44:14.543 | INFO     |  5658 | mycroft.skills.settings:get_local_settings:83 | /opt/mycroft/skills/mycroft-singing.mycroftai/settings.json
2021-12-10 09:44:14.560 | INFO     |  5658 | mycroft.skills.skill_loader:_check_for_first_run:324 | First run of mycroft-singing.mycroftai
2021-12-10 09:44:14.561 | INFO     |  5658 | mycroft.skills.settings:save_settings:116 | Skill settings successfully saved to /home/runner/.config/mycroft/skills/mycroft-singing.mycroftai/settings.json
2021-12-10 09:44:14.613 | INFO     |  5658 | mycroft.skills.skill_loader:_communicate_load_status:344 | Skill mycroft-singing.mycroftai loaded successfully
2021-12-10 09:44:14.614 | INFO     |  5658 | mycroft.skills.skill_loader:load:185 | ATTEMPTING TO LOAD SKILL: homeassistant.mycroftai
2021-12-10 09:44:14.876 | INFO     |  5658 | mycroft.skills.settings:get_local_settings:83 | /opt/mycroft/skills/homeassistant.mycroftai/settings.json
2021-12-10 09:44:14.918 | INFO     |  5658 | mycroft.skills.settings:get_local_settings:83 | /opt/mycroft/skills/homeassistant.mycroftai/settings.json
2021-12-10 09:44:14.957 | INFO     |  5658 | mycroft.skills.skill_loader:_communicate_load_status:344 | Skill homeassistant.mycroftai loaded successfully
2021-12-10 09:44:14.958 | INFO     |  5658 | mycroft.skills.skill_loader:load:185 | ATTEMPTING TO LOAD SKILL: mycroft-wiki.mycroftai
2021-12-10 09:44:14.971 | INFO     |  5658 | mycroft.skills.settings:get_local_settings:83 | /opt/mycroft/skills/mycroft-wiki.mycroftai/settings.json
2021-12-10 09:44:14.998 | INFO     |  5658 | mycroft.skills.skill_loader:_check_for_first_run:324 | First run of mycroft-wiki.mycroftai
2021-12-10 09:44:15.000 | INFO     |  5658 | mycroft.skills.settings:save_settings:116 | Skill settings successfully saved to /home/runner/.config/mycroft/skills/mycroft-wiki.mycroftai/settings.json
2021-12-10 09:44:15.011 | INFO     |  5658 | mycroft.skills.skill_loader:_communicate_load_status:344 | Skill mycroft-wiki.mycroftai loaded successfully
2021-12-10 09:44:15.012 | INFO     |  5658 | mycroft.skills.skill_loader:load:185 | ATTEMPTING TO LOAD SKILL: mycroft-reminder.mycroftai
2021-12-10 09:44:15.123 | INFO     |  5658 | mycroft.skills.settings:get_local_settings:83 | /opt/mycroft/skills/mycroft-reminder.mycroftai/settings.json
2021-12-10 09:44:15.174 | INFO     |  5658 | mycroft.skills.skill_loader:_check_for_first_run:324 | First run of mycroft-reminder.mycroftai
2021-12-10 09:44:15.177 | INFO     |  5658 | mycroft.skills.settings:save_settings:116 | Skill settings successfully saved to /home/runner/.config/mycroft/skills/mycroft-reminder.mycroftai/settings.json
2021-12-10 09:44:15.256 | INFO     |  5658 | mycroft.skills.skill_loader:_communicate_load_status:344 | Skill mycroft-reminder.mycroftai loaded successfully
2021-12-10 09:44:15.257 | INFO     |  5658 | mycroft.skills.skill_loader:load:185 | ATTEMPTING TO LOAD SKILL: mycroft-ip.mycroftai
2021-12-10 09:44:15.390 | INFO     |  5658 | mycroft.skills.settings:get_local_settings:83 | /opt/mycroft/skills/mycroft-ip.mycroftai/settings.json
2021-12-10 09:44:15.441 | INFO     |  5658 | mycroft.skills.skill_loader:_check_for_first_run:324 | First run of mycroft-ip.mycroftai
2021-12-10 09:44:15.450 | INFO     |  5658 | mycroft.skills.settings:save_settings:116 | Skill settings successfully saved to /home/runner/.config/mycroft/skills/mycroft-ip.mycroftai/settings.json
2021-12-10 09:44:15.454 | INFO     |  5658 | mycroft.skills.skill_loader:_communicate_load_status:344 | Skill mycroft-ip.mycroftai loaded successfully
2021-12-10 09:44:15.455 | INFO     |  5658 | mycroft.skills.skill_loader:load:185 | ATTEMPTING TO LOAD SKILL: fallback-query.mycroftai
2021-12-10 09:44:15.463 | INFO     |  5658 | mycroft.skills.settings:get_local_settings:83 | /opt/mycroft/skills/fallback-query.mycroftai/settings.json
2021-12-10 09:44:15.477 | INFO     |  5658 | mycroft.skills.skill_loader:_check_for_first_run:324 | First run of fallback-query.mycroftai
2021-12-10 09:44:15.478 | INFO     |  5658 | mycroft.skills.settings:save_settings:116 | Skill settings successfully saved to /home/runner/.config/mycroft/skills/fallback-query.mycroftai/settings.json
2021-12-10 09:44:15.522 | INFO     |  5658 | mycroft.skills.skill_loader:_communicate_load_status:344 | Skill fallback-query.mycroftai loaded successfully
2021-12-10 09:44:15.523 | INFO     |  5658 | mycroft.skills.skill_loader:load:185 | ATTEMPTING TO LOAD SKILL: mycroft-joke.mycroftai
2021-12-10 09:44:15.538 | INFO     |  5658 | mycroft.skills.settings:get_local_settings:83 | /opt/mycroft/skills/mycroft-joke.mycroftai/settings.json
2021-12-10 09:44:15.561 | INFO     |  5658 | mycroft.skills.skill_loader:_check_for_first_run:324 | First run of mycroft-joke.mycroftai
2021-12-10 09:44:15.562 | INFO     |  5658 | mycroft.skills.settings:save_settings:116 | Skill settings successfully saved to /home/runner/.config/mycroft/skills/mycroft-joke.mycroftai/settings.json
2021-12-10 09:44:15.563 | INFO     |  5658 | mycroft.skills.skill_loader:_communicate_load_status:344 | Skill mycroft-joke.mycroftai loaded successfully
2021-12-10 09:44:15.563 | INFO     |  5658 | mycroft.skills.skill_loader:load:185 | ATTEMPTING TO LOAD SKILL: mycroft-installer.mycroftai
2021-12-10 09:44:15.594 | INFO     |  5658 | mycroft.skills.settings:get_local_settings:83 | /opt/mycroft/skills/mycroft-installer.mycroftai/settings.json
2021-12-10 09:44:15.654 | INFO     |  5658 | mycroft.skills.skill_loader:_check_for_first_run:324 | First run of mycroft-installer.mycroftai
2021-12-10 09:44:15.655 | INFO     |  5658 | mycroft.skills.settings:save_settings:116 | Skill settings successfully saved to /home/runner/.config/mycroft/skills/mycroft-installer.mycroftai/settings.json
2021-12-10 09:44:15.668 | INFO     |  5658 | mycroft.skills.skill_loader:_communicate_load_status:344 | Skill mycroft-installer.mycroftai loaded successfully
2021-12-10 09:44:15.668 | INFO     |  5658 | mycroft.skills.skill_loader:load:185 | ATTEMPTING TO LOAD SKILL: mycroft-audio-record.mycroftai
2021-12-10 09:44:15.677 | INFO     |  5658 | mycroft.skills.settings:get_local_settings:83 | /opt/mycroft/skills/mycroft-audio-record.mycroftai/settings.json
2021-12-10 09:44:15.691 | INFO     |  5658 | mycroft.skills.skill_loader:_check_for_first_run:324 | First run of mycroft-audio-record.mycroftai
2021-12-10 09:44:15.692 | INFO     |  5658 | mycroft.skills.settings:save_settings:116 | Skill settings successfully saved to /home/runner/.config/mycroft/skills/mycroft-audio-record.mycroftai/settings.json
2021-12-10 09:44:15.703 | INFO     |  5658 | mycroft.skills.skill_loader:_communicate_load_status:344 | Skill mycroft-audio-record.mycroftai loaded successfully
2021-12-10 09:44:15.703 | INFO     |  5658 | mycroft.skills.skill_loader:load:185 | ATTEMPTING TO LOAD SKILL: mycroft-hello-world.mycroftai
2021-12-10 09:44:15.711 | INFO     |  5658 | mycroft.skills.settings:get_local_settings:83 | /opt/mycroft/skills/mycroft-hello-world.mycroftai/settings.json
2021-12-10 09:44:15.742 | INFO     |  5658 | mycroft.skills.skill_loader:_check_for_first_run:324 | First run of mycroft-hello-world.mycroftai
2021-12-10 09:44:15.743 | INFO     |  5658 | mycroft.skills.settings:save_settings:116 | Skill settings successfully saved to /home/runner/.config/mycroft/skills/mycroft-hello-world.mycroftai/settings.json
2021-12-10 09:44:15.760 | INFO     |  5658 | mycroft.skills.skill_loader:_communicate_load_status:344 | Skill mycroft-hello-world.mycroftai loaded successfully
2021-12-10 09:44:15.760 | INFO     |  5658 | mycroft.skills.skill_loader:load:185 | ATTEMPTING TO LOAD SKILL: mycroft-naptime.mycroftai
2021-12-10 09:44:15.775 | INFO     |  5658 | mycroft.skills.settings:get_local_settings:83 | /opt/mycroft/skills/mycroft-naptime.mycroftai/settings.json
2021-12-10 09:44:15.795 | INFO     |  5658 | mycroft.skills.skill_loader:_check_for_first_run:324 | First run of mycroft-naptime.mycroftai
2021-12-10 09:44:15.796 | INFO     |  5658 | mycroft.skills.settings:save_settings:116 | Skill settings successfully saved to /home/runner/.config/mycroft/skills/mycroft-naptime.mycroftai/settings.json
2021-12-10 09:44:15.802 | INFO     |  5658 | mycroft.skills.skill_loader:_communicate_load_status:344 | Skill mycroft-naptime.mycroftai loaded successfully
2021-12-10 09:44:15.803 | INFO     |  5658 | mycroft.skills.skill_loader:load:185 | ATTEMPTING TO LOAD SKILL: mycroft-version-checker.mycroftai
2021-12-10 09:44:15.826 | INFO     |  5658 | mycroft.skills.settings:get_local_settings:83 | /opt/mycroft/skills/mycroft-version-checker.mycroftai/settings.json
2021-12-10 09:44:15.867 | INFO     |  5658 | mycroft.skills.skill_loader:_check_for_first_run:324 | First run of mycroft-version-checker.mycroftai
2021-12-10 09:44:15.871 | INFO     |  5658 | mycroft.skills.settings:save_settings:116 | Skill settings successfully saved to /home/runner/.config/mycroft/skills/mycroft-version-checker.mycroftai/settings.json
2021-12-10 09:44:15.873 | INFO     |  5658 | mycroft.skills.skill_loader:_communicate_load_status:344 | Skill mycroft-version-checker.mycroftai loaded successfully
2021-12-10 09:44:15.873 | INFO     |  5658 | mycroft.skills.skill_loader:load:185 | ATTEMPTING TO LOAD SKILL: fallback-unknown.mycroftai
2021-12-10 09:44:15.905 | INFO     |  5658 | mycroft.skills.settings:get_local_settings:83 | /opt/mycroft/skills/fallback-unknown.mycroftai/settings.json
2021-12-10 09:44:15.934 | INFO     |  5658 | mycroft.skills.skill_loader:_check_for_first_run:324 | First run of fallback-unknown.mycroftai
2021-12-10 09:44:15.934 | INFO     |  5658 | mycroft.skills.settings:save_settings:116 | Skill settings successfully saved to /home/runner/.config/mycroft/skills/fallback-unknown.mycroftai/settings.json
2021-12-10 09:44:15.943 | INFO     |  5658 | mycroft.skills.skill_loader:_communicate_load_status:344 | Skill fallback-unknown.mycroftai loaded successfully
2021-12-10 09:44:15.943 | INFO     |  5658 | mycroft.skills.skill_loader:load:185 | ATTEMPTING TO LOAD SKILL: mycroft-personal.mycroftai
2021-12-10 09:44:15.953 | INFO     |  5658 | mycroft.skills.settings:get_local_settings:83 | /opt/mycroft/skills/mycroft-personal.mycroftai/settings.json
2021-12-10 09:44:15.986 | INFO     |  5658 | mycroft.skills.skill_loader:_check_for_first_run:324 | First run of mycroft-personal.mycroftai
2021-12-10 09:44:15.989 | INFO     |  5658 | mycroft.skills.settings:save_settings:116 | Skill settings successfully saved to /home/runner/.config/mycroft/skills/mycroft-personal.mycroftai/settings.json
2021-12-10 09:44:15.990 | INFO     |  5658 | mycroft.skills.skill_loader:_communicate_load_status:344 | Skill mycroft-personal.mycroftai loaded successfully
2021-12-10 09:44:15.993 | INFO     |  5658 | mycroft.skills.skill_loader:load:185 | ATTEMPTING TO LOAD SKILL: mycroft-fallback-duck-duck-go.mycroftai
2021-12-10 09:44:16.023 | INFO     |  5658 | mycroft.skills.settings:get_local_settings:83 | /opt/mycroft/skills/mycroft-fallback-duck-duck-go.mycroftai/settings.json
2021-12-10 09:44:16.063 | INFO     |  5658 | mycroft.skills.skill_loader:_check_for_first_run:324 | First run of mycroft-fallback-duck-duck-go.mycroftai
2021-12-10 09:44:16.063 | INFO     |  5658 | mycroft.skills.settings:save_settings:116 | Skill settings successfully saved to /home/runner/.config/mycroft/skills/mycroft-fallback-duck-duck-go.mycroftai/settings.json
2021-12-10 09:44:16.084 | INFO     |  5658 | mycroft.skills.skill_loader:_communicate_load_status:344 | Skill mycroft-fallback-duck-duck-go.mycroftai loaded successfully
2021-12-10 09:44:16.092 | INFO     |  5658 | mycroft.skills.skill_loader:load:185 | ATTEMPTING TO LOAD SKILL: fallback-wolfram-alpha.mycroftai
2021-12-10 09:44:16.138 | INFO     |  5658 | mycroft.skills.settings:get_local_settings:83 | /opt/mycroft/skills/fallback-wolfram-alpha.mycroftai/settings.json
2021-12-10 09:44:16.161 | INFO     |  5658 | mycroft.skills.skill_loader:_check_for_first_run:324 | First run of fallback-wolfram-alpha.mycroftai
2021-12-10 09:44:16.164 | INFO     |  5658 | mycroft.skills.settings:save_settings:116 | Skill settings successfully saved to /home/runner/.config/mycroft/skills/fallback-wolfram-alpha.mycroftai/settings.json
2021-12-10 09:44:16.167 | INFO     |  5658 | mycroft.skills.skill_loader:_communicate_load_status:344 | Skill fallback-wolfram-alpha.mycroftai loaded successfully
2021-12-10 09:44:16.167 | INFO     |  5658 | mycroft.skills.skill_loader:load:185 | ATTEMPTING TO LOAD SKILL: mycroft-weather.mycroftai
2021-12-10 09:44:16.204 | INFO     |  5658 | mycroft.skills.settings:get_local_settings:83 | /opt/mycroft/skills/mycroft-weather.mycroftai/settings.json
2021-12-10 09:44:16.302 | INFO     |  5658 | mycroft.skills.skill_loader:_check_for_first_run:324 | First run of mycroft-weather.mycroftai
2021-12-10 09:44:16.303 | INFO     |  5658 | mycroft.skills.settings:save_settings:116 | Skill settings successfully saved to /home/runner/.config/mycroft/skills/mycroft-weather.mycroftai/settings.json
2021-12-10 09:44:16.304 | INFO     |  5658 | mycroft.skills.skill_loader:_communicate_load_status:344 | Skill mycroft-weather.mycroftai loaded successfully
2021-12-10 09:44:16.305 | INFO     |  5658 | mycroft.skills.skill_loader:load:185 | ATTEMPTING TO LOAD SKILL: mycroft-stop.mycroftai
2021-12-10 09:44:16.315 | INFO     |  5658 | mycroft.skills.settings:get_local_settings:83 | /opt/mycroft/skills/mycroft-stop.mycroftai/settings.json
2021-12-10 09:44:16.345 | INFO     |  5658 | mycroft.skills.skill_loader:_check_for_first_run:324 | First run of mycroft-stop.mycroftai
2021-12-10 09:44:16.346 | INFO     |  5658 | mycroft.skills.settings:save_settings:116 | Skill settings successfully saved to /home/runner/.config/mycroft/skills/mycroft-stop.mycroftai/settings.json
2021-12-10 09:44:16.348 | INFO     |  5658 | mycroft.skills.skill_loader:_communicate_load_status:344 | Skill mycroft-stop.mycroftai loaded successfully
2021-12-10 09:44:16.348 | INFO     |  5658 | mycroft.skills.skill_loader:load:185 | ATTEMPTING TO LOAD SKILL: mycroft-alarm.mycroftai
2021-12-10 09:44:16.378 | INFO     |  5658 | mycroft.skills.settings:get_local_settings:83 | /opt/mycroft/skills/mycroft-alarm.mycroftai/settings.json
2021-12-10 09:44:16.379 | ERROR    |  5658 | AlarmSkill | Couldn't allocate mixer, ALSAAudioError('No such file or directory [default]')
2021-12-10 09:44:16.437 | INFO     |  5658 | mycroft.skills.skill_loader:_check_for_first_run:324 | First run of mycroft-alarm.mycroftai
2021-12-10 09:44:16.437 | INFO     |  5658 | mycroft.skills.settings:save_settings:116 | Skill settings successfully saved to /home/runner/.config/mycroft/skills/mycroft-alarm.mycroftai/settings.json
2021-12-10 09:44:16.439 | INFO     |  5658 | mycroft.skills.skill_loader:_communicate_load_status:344 | Skill mycroft-alarm.mycroftai loaded successfully
2021-12-10 09:44:16.439 | INFO     |  5658 | mycroft.skills.skill_loader:load:185 | ATTEMPTING TO LOAD SKILL: mycroft-support-helper.mycroftai
2021-12-10 09:44:16.450 | INFO     |  5658 | mycroft.skills.settings:get_local_settings:83 | /opt/mycroft/skills/mycroft-support-helper.mycroftai/settings.json
2021-12-10 09:44:16.463 | INFO     |  5658 | mycroft.skills.skill_loader:_check_for_first_run:324 | First run of mycroft-support-helper.mycroftai
2021-12-10 09:44:16.465 | INFO     |  5658 | mycroft.skills.settings:save_settings:116 | Skill settings successfully saved to /home/runner/.config/mycroft/skills/mycroft-support-helper.mycroftai/settings.json
2021-12-10 09:44:16.466 | INFO     |  5658 | mycroft.skills.skill_loader:_communicate_load_status:344 | Skill mycroft-support-helper.mycroftai loaded successfully
2021-12-10 09:44:16.467 | INFO     |  5658 | mycroft.skills.skill_loader:load:185 | ATTEMPTING TO LOAD SKILL: mycroft-timer.mycroftai
2021-12-10 09:44:16.493 | INFO     |  5658 | mycroft.skills.settings:get_local_settings:83 | /opt/mycroft/skills/mycroft-timer.mycroftai/settings.json
2021-12-10 09:44:16.594 | INFO     |  5658 | mycroft.skills.skill_loader:_check_for_first_run:324 | First run of mycroft-timer.mycroftai
2021-12-10 09:44:16.597 | INFO     |  5658 | mycroft.skills.settings:save_settings:116 | Skill settings successfully saved to /home/runner/.config/mycroft/skills/mycroft-timer.mycroftai/settings.json
2021-12-10 09:44:16.604 | INFO     |  5658 | mycroft.skills.skill_loader:_communicate_load_status:344 | Skill mycroft-timer.mycroftai loaded successfully
2021-12-10 09:44:16.604 | INFO     |  5658 | mycroft.skills.skill_loader:load:185 | ATTEMPTING TO LOAD SKILL: mycroft-npr-news.mycroftai
2021-12-10 09:44:16.833 | INFO     |  5658 | mycroft.skills.settings:get_local_settings:83 | /opt/mycroft/skills/mycroft-npr-news.mycroftai/settings.json
2021-12-10 09:44:17.865 | INFO     |  5658 | mycroft.skills.skill_loader:_check_for_first_run:324 | First run of mycroft-npr-news.mycroftai
2021-12-10 09:44:17.866 | INFO     |  5658 | mycroft.skills.settings:save_settings:116 | Skill settings successfully saved to /home/runner/.config/mycroft/skills/mycroft-npr-news.mycroftai/settings.json
2021-12-10 09:44:17.867 | INFO     |  5658 | mycroft.skills.skill_loader:_communicate_load_status:344 | Skill mycroft-npr-news.mycroftai loaded successfully
2021-12-10 09:44:17.867 | INFO     |  5658 | mycroft.skills.skill_manager:_load_on_startup:275 | Skills all loaded!
2021-12-10 09:44:17.887 | INFO     |  5658 | __main__:on_ready:185 | Skills service is ready.
2021-12-10 09:44:17.889 | INFO     |  5658 | mycroft.skills.intent_services.padatious_service:train:151 | Training... (single_thread=False)
Regenerated mycroft-alarm.mycroftai:{daytype}.
Regenerated mycroft-configuration.mycroftai:WhereAreYou.intent.
Regenerated mycroft-configuration.mycroftai:DisablePreciseDev.intent.
Regenerated mycroft-configuration.mycroftai:EnablePreciseDev.intent.
Regenerated mycroft-date-time.mycroftai:what.time.is.it.intent.
Regenerated mycroft-date-time.mycroftai:date.future.weekend.intent.
Regenerated mycroft-date-time.mycroftai:what.time.will.it.be.intent.
Regenerated mycroft-date-time.mycroftai:date.last.weekend.intent.
Regenerated homeassistant.mycroftai:decrease.light.brightness.intent.
Regenerated homeassistant.mycroftai:automation.intent.
Regenerated homeassistant.mycroftai:turn.off.intent.
Regenerated homeassistant.mycroftai:increase.light.brightness.intent.
Regenerated homeassistant.mycroftai:sensor.intent.
Regenerated homeassistant.mycroftai:show.camera.image.intent.
Regenerated mycroft-wiki.mycroftai:Random.intent.
Regenerated homeassistant.mycroftai:add.item.shopping.list.intent.
Regenerated mycroft-reminder.mycroftai:GetRemindersForDay.intent.
Regenerated mycroft-installer.mycroftai:install.intent.
Regenerated mycroft-installer.mycroftai:list.skills.intent.
Regenerated mycroft-installer.mycroftai:is.installed.intent.
Regenerated mycroft-installer.mycroftai:install.beta.intent.
Regenerated mycroft-installer.mycroftai:remove.intent.
Regenerated mycroft-installer.mycroftai:install.custom.intent.
Regenerated mycroft-audio-record.mycroftai:StartRecording.intent.
Regenerated mycroft-audio-record.mycroftai:PlayRecording.intent.
Regenerated mycroft-hello-world.mycroftai:HowAreYou.intent.
Regenerated mycroft-personal.mycroftai:WhoMadeYou.intent.
Regenerated mycroft-personal.mycroftai:WhoAreYou.intent.
Regenerated mycroft-personal.mycroftai:DoYouDream.intent.
Regenerated mycroft-personal.mycroftai:DoYouRhyme.intent.
Regenerated mycroft-personal.mycroftai:WhenWereYouBorn.intent.
Regenerated mycroft-personal.mycroftai:WhatAreYou.intent.
Regenerated mycroft-personal.mycroftai:WhereWereYouBorn.intent.
Regenerated mycroft-weather.mycroftai:do-i-need-an-umbrella.intent.
Regenerated mycroft-stop.mycroftai:ssh.disable.intent.
Regenerated mycroft-stop.mycroftai:shutdown.intent.
Regenerated mycroft-stop.mycroftai:reboot.intent.
Regenerated mycroft-stop.mycroftai:ssh.enable.intent.
Regenerated mycroft-stop.mycroftai:wifi.setup.intent.
Regenerated mycroft-alarm.mycroftai:change.alarm.sound.intent.
Regenerated mycroft-alarm.mycroftai:snooze.intent.
Regenerated homeassistant.mycroftai:set.light.brightness.intent.
Regenerated homeassistant.mycroftai:close.intent.
Regenerated homeassistant.mycroftai:toggle.intent.
Regenerated homeassistant.mycroftai:tracker.intent.
Regenerated homeassistant.mycroftai:open.intent.
Regenerated homeassistant.mycroftai:turn.on.intent.
Regenerated homeassistant.mycroftai:stop.intent.
Regenerated homeassistant.mycroftai:set.climate.intent.
Regenerated mycroft-reminder.mycroftai:CancelActiveReminder.intent.
Regenerated mycroft-reminder.mycroftai:GetNextReminders.intent.
Regenerated mycroft-reminder.mycroftai:Reminder.intent.
Regenerated mycroft-reminder.mycroftai:ClearReminders.intent.
Regenerated mycroft-reminder.mycroftai:ReminderAt.intent.
Regenerated mycroft-reminder.mycroftai:UnspecifiedReminderAt.intent.
Regenerated mycroft-reminder.mycroftai:DeleteReminderForDay.intent.
Regenerated mycroft-reminder.mycroftai:SnoozeReminder.intent.
Regenerated mycroft-support-helper.mycroftai:contact.support.intent.
Regenerated mycroft-timer.mycroftai:start.timer.intent.
Regenerated mycroft-timer.mycroftai:timer.status.intent.
Regenerated mycroft-npr-news.mycroftai:PlayTheNews.intent.
2021-12-10 09:44:21.865 | INFO     |  5658 | mycroft.skills.intent_services.padatious_service:train:153 | Training complete.
2021-12-10 09:44:23.933 | INFO     |  5658 | mycroft.skills.settings:save_settings:116 | Skill settings successfully saved to /home/runner/.config/mycroft/skills/mycroft-pairing.mycroftai/settings.json
2021-12-10 09:44:23.935 | INFO     |  5658 | mycroft.skills.settings:save_settings:116 | Skill settings successfully saved to /home/runner/.config/mycroft/skills/mycroft-timer.mycroftai/settings.json
2021-12-10 09:45:12.898 | INFO     |  5658 | __main__:on_stopping:193 | Skills service is shutting down...
2021-12-10 09:45:12.898 | INFO     |  5658 | __main__:shutdown:284 | Shutting down Skills service
2021-12-10 09:45:13.106 | ERROR    |  5658 | VolumeSkill | Couldn't allocate mixer, ALSAAudioError('No such file or directory [default]')
2021-12-10 09:45:13.109 | INFO     |  5658 | mycroft.skills.settings:save_settings:116 | Skill settings successfully saved to /home/runner/.config/mycroft/skills/mycroft-volume.mycroftai/settings.json
2021-12-10 09:45:13.126 | INFO     |  5658 | mycroft.skills.settings:save_settings:116 | Skill settings successfully saved to /home/runner/.config/mycroft/skills/mycroft-playback-control.mycroftai/settings.json
2021-12-10 09:45:14.127 | INFO     |  5658 | Playback Control Skill | Audio service status: {}
2021-12-10 09:45:15.128 | WARNING  |  5658 | mycroft.skills.skill_manager:_shutdown_skill:106 | mycroft-playback-control.mycroftai shutdown took 2.016698259000009 seconds
2021-12-10 09:45:15.129 | INFO     |  5658 | mycroft.skills.settings:save_settings:116 | Skill settings successfully saved to /home/runner/.config/mycroft/skills/mycroft-configuration.mycroftai/settings.json
2021-12-10 09:45:15.132 | INFO     |  5658 | mycroft.skills.settings:save_settings:116 | Skill settings successfully saved to /home/runner/.config/mycroft/skills/mycroft-speak.mycroftai/settings.json
2021-12-10 09:45:15.135 | INFO     |  5658 | mycroft.skills.settings:save_settings:116 | Skill settings successfully saved to /home/runner/.config/mycroft/skills/mycroft-spelling.mycroftai/settings.json
2021-12-10 09:45:15.155 | INFO     |  5658 | mycroft.skills.settings:save_settings:116 | Skill settings successfully saved to /home/runner/.config/mycroft/skills/mycroft-date-time.mycroftai/settings.json
2021-12-10 09:45:15.161 | INFO     |  5658 | mycroft.skills.settings:save_settings:116 | Skill settings successfully saved to /home/runner/.config/mycroft/skills/mycroft-singing.mycroftai/settings.json
2021-12-10 09:45:15.163 | INFO     |  5658 | HomeAssistantSkill | Removing all handlers...
2021-12-10 09:45:15.164 | WARNING  |  5658 | mycroft.skills.fallback_skill:remove_fallback:185 | Could not find matching fallback handler
2021-12-10 09:45:15.166 | INFO     |  5658 | mycroft.skills.settings:save_settings:116 | Skill settings successfully saved to /home/runner/.config/mycroft/skills/mycroft-wiki.mycroftai/settings.json
2021-12-10 09:45:15.168 | INFO     |  5658 | mycroft.skills.settings:save_settings:116 | Skill settings successfully saved to /home/runner/.config/mycroft/skills/mycroft-reminder.mycroftai/settings.json
2021-12-10 09:45:15.179 | INFO     |  5658 | mycroft.skills.settings:save_settings:116 | Skill settings successfully saved to /home/runner/.config/mycroft/skills/mycroft-ip.mycroftai/settings.json
2021-12-10 09:45:15.184 | INFO     |  5658 | QuestionsAnswersSkill | Removing all handlers...
2021-12-10 09:45:15.185 | INFO     |  5658 | mycroft.skills.settings:save_settings:116 | Skill settings successfully saved to /home/runner/.config/mycroft/skills/fallback-query.mycroftai/settings.json
2021-12-10 09:45:15.186 | INFO     |  5658 | mycroft.skills.settings:save_settings:116 | Skill settings successfully saved to /home/runner/.config/mycroft/skills/mycroft-joke.mycroftai/settings.json
2021-12-10 09:45:15.187 | INFO     |  5658 | mycroft.skills.settings:save_settings:116 | Skill settings successfully saved to /home/runner/.config/mycroft/skills/mycroft-installer.mycroftai/settings.json
2021-12-10 09:45:15.188 | INFO     |  5658 | mycroft.skills.settings:save_settings:116 | Skill settings successfully saved to /home/runner/.config/mycroft/skills/mycroft-audio-record.mycroftai/settings.json
2021-12-10 09:45:15.189 | INFO     |  5658 | mycroft.skills.settings:save_settings:116 | Skill settings successfully saved to /home/runner/.config/mycroft/skills/mycroft-hello-world.mycroftai/settings.json
2021-12-10 09:45:15.190 | INFO     |  5658 | mycroft.skills.settings:save_settings:116 | Skill settings successfully saved to /home/runner/.config/mycroft/skills/mycroft-naptime.mycroftai/settings.json
2021-12-10 09:45:15.192 | INFO     |  5658 | mycroft.skills.settings:save_settings:116 | Skill settings successfully saved to /home/runner/.config/mycroft/skills/mycroft-version-checker.mycroftai/settings.json
2021-12-10 09:45:15.194 | INFO     |  5658 | UnknownSkill | Removing all handlers...
2021-12-10 09:45:15.203 | INFO     |  5658 | mycroft.skills.settings:save_settings:116 | Skill settings successfully saved to /home/runner/.config/mycroft/skills/fallback-unknown.mycroftai/settings.json
2021-12-10 09:45:15.228 | INFO     |  5658 | mycroft.skills.settings:save_settings:116 | Skill settings successfully saved to /home/runner/.config/mycroft/skills/mycroft-personal.mycroftai/settings.json
2021-12-10 09:45:15.240 | INFO     |  5658 | mycroft.skills.settings:save_settings:116 | Skill settings successfully saved to /home/runner/.config/mycroft/skills/mycroft-fallback-duck-duck-go.mycroftai/settings.json
2021-12-10 09:45:15.242 | INFO     |  5658 | mycroft.skills.settings:save_settings:116 | Skill settings successfully saved to /home/runner/.config/mycroft/skills/fallback-wolfram-alpha.mycroftai/settings.json
2021-12-10 09:45:15.244 | INFO     |  5658 | mycroft.skills.settings:save_settings:116 | Skill settings successfully saved to /home/runner/.config/mycroft/skills/mycroft-weather.mycroftai/settings.json
2021-12-10 09:45:15.252 | INFO     |  5658 | mycroft.skills.settings:save_settings:116 | Skill settings successfully saved to /home/runner/.config/mycroft/skills/mycroft-stop.mycroftai/settings.json
2021-12-10 09:45:15.253 | INFO     |  5658 | mycroft.skills.settings:save_settings:116 | Skill settings successfully saved to /home/runner/.config/mycroft/skills/mycroft-alarm.mycroftai/settings.json
2021-12-10 09:45:15.255 | INFO     |  5658 | mycroft.skills.settings:save_settings:116 | Skill settings successfully saved to /home/runner/.config/mycroft/skills/mycroft-support-helper.mycroftai/settings.json
2021-12-10 09:45:15.264 | INFO     |  5658 | mycroft.skills.settings:save_settings:116 | Skill settings successfully saved to /home/runner/.config/mycroft/skills/mycroft-npr-news.mycroftai/settings.json
2021-12-10 09:45:15.265 | INFO     |  5658 | __main__:shutdown:291 | Skills service shutdown complete!
2021-12-10 09:45:15.293 | ERROR    |  5658 | websocket | error from callback <bound method MessageBusClient.on_message of <mycroft.messagebus.client.client.MessageBusClient object at 0x7fbf9bf58d10>>: cannot schedule new futures after shutdown
2021-12-10 09:45:15.293 | ERROR    |  5658 | mycroft_bus_client.client.client | === RuntimeError('cannot schedule new futures after shutdown') ===
Traceback (most recent call last):
  File "/opt/mycroft-core/.venv/lib/python3.7/site-packages/websocket/_app.py", line 407, in _callback
    callback(self, *args)
  File "/opt/mycroft-core/.venv/lib/python3.7/site-packages/mycroft_bus_client/client/client.py", line 182, in on_message
    self.emitter.emit('message', message)
  File "/opt/mycroft-core/.venv/lib/python3.7/site-packages/pyee/_base.py", line 113, in emit
    handled = self._call_handlers(event, args, kwargs)
  File "/opt/mycroft-core/.venv/lib/python3.7/site-packages/pyee/_base.py", line 96, in _call_handlers
    self._emit_run(f, args, kwargs)
  File "/opt/mycroft-core/.venv/lib/python3.7/site-packages/pyee/_executor.py", line 50, in _emit_run
    future = self._executor.submit(f, *args, **kwargs)
  File "/opt/hostedtoolcache/Python/3.7.12/x64/lib/python3.7/concurrent/futures/thread.py", line 163, in submit
    raise RuntimeError('cannot schedule new futures after shutdown')
RuntimeError: cannot schedule new futures after shutdown
2021-12-10 09:45:15.294 | ERROR    |  5658 | mycroft_bus_client.client.client | Exception closing websocket: RuntimeError('cannot schedule new futures after shutdown')
2021-12-10 09:45:15.294 | WARNING  |  5658 | mycroft_bus_client.client.client | Message Bus Client will reconnect in 5.0 seconds.
