2021-10-29 07:25:41.520 | INFO     |  5334 | mycroft.messagebus.load_config:load_message_bus_config:33 | Loading message bus configs
2021-10-29 07:25:41.524 | INFO     |  5334 | mycroft_bus_client.client.client | Connected
2021-10-29 07:25:41.526 | INFO     |  5334 | mycroft.util.process_utils:start_message_bus_client:155 | Connected to messagebus
2021-10-29 07:25:41.530 | INFO     |  5334 | mycroft.skills.msm_wrapper:create_msm:96 | Acquiring lock to instantiate MSM
2021-10-29 07:25:42.583 | INFO     |  5334 | msm.mycroft_skills_manager | building SkillEntry objects for all skills
2021-10-29 07:25:42.880 | INFO     |  5334 | mycroft.skills.msm_wrapper:create_msm:112 | Releasing MSM instantiation lock.
2021-10-29 07:25:42.881 | INFO     |  5334 | mycroft.skills.skill_updater:_log_next_download_time:267 | Next scheduled skill update: 2021-10-29 07:25:41.880999
2021-10-29 07:25:42.881 | INFO     |  5334 | msm.skill_entry | Downloading skill: https://github.com/mycroftai/skill-pairing
2021-10-29 07:25:43.233 | INFO     |  5334 | msm.skill_entry | Installing system requirements...
2021-10-29 07:25:43.261 | INFO     |  5334 | msm.skill_entry | Successfully installed mycroft-pairing
2021-10-29 07:25:43.261 | INFO     |  5334 | msm.mycroft_skills_manager | invalidating skills cache
2021-10-29 07:25:43.263 | INFO     |  5334 | mycroft.skills.skill_loader:load:185 | ATTEMPTING TO LOAD SKILL: mycroft-pairing.mycroftai
2021-10-29 07:25:43.278 | INFO     |  5334 | mycroft.skills.settings:get_local_settings:83 | /opt/mycroft/skills/mycroft-pairing.mycroftai/settings.json
2021-10-29 07:25:43.307 | INFO     |  5334 | mycroft.skills.skill_loader:_check_for_first_run:324 | First run of mycroft-pairing.mycroftai
2021-10-29 07:25:43.316 | INFO     |  5334 | mycroft.skills.settings:save_settings:116 | Skill settings successfully saved to /home/runner/.config/mycroft/skills/mycroft-pairing.mycroftai/settings.json
2021-10-29 07:25:43.318 | INFO     |  5334 | mycroft.skills.skill_loader:_communicate_load_status:344 | Skill mycroft-pairing.mycroftai loaded successfully
2021-10-29 07:25:43.318 | INFO     |  5334 | msm.skill_entry | Downloading skill: https://github.com/mycroftai/skill-volume
2021-10-29 07:25:43.707 | INFO     |  5334 | msm.skill_entry | Installing system requirements...
2021-10-29 07:25:43.737 | INFO     |  5334 | msm.skill_entry | Installing requirements.txt for mycroft-volume
2021-10-29 07:25:44.944 | INFO     |  5334 | msm.skill_entry | Successfully installed mycroft-volume
2021-10-29 07:25:44.944 | INFO     |  5334 | msm.mycroft_skills_manager | invalidating skills cache
2021-10-29 07:25:44.946 | INFO     |  5334 | mycroft.skills.skill_loader:load:185 | ATTEMPTING TO LOAD SKILL: mycroft-volume.mycroftai
2021-10-29 07:25:44.954 | INFO     |  5334 | mycroft.skills.settings:get_local_settings:83 | /opt/mycroft/skills/mycroft-volume.mycroftai/settings.json
2021-10-29 07:25:45.049 | ERROR    |  5334 | VolumeSkill | Couldn't allocate mixer, ALSAAudioError('No such file or directory [default]')
2021-10-29 07:25:48.111 | INFO     |  5334 | mycroft.skills.skill_loader:_check_for_first_run:324 | First run of mycroft-volume.mycroftai
2021-10-29 07:25:48.112 | INFO     |  5334 | mycroft.skills.settings:save_settings:116 | Skill settings successfully saved to /home/runner/.config/mycroft/skills/mycroft-volume.mycroftai/settings.json
2021-10-29 07:25:48.113 | INFO     |  5334 | mycroft.skills.skill_loader:_communicate_load_status:344 | Skill mycroft-volume.mycroftai loaded successfully
2021-10-29 07:25:48.114 | INFO     |  5334 | __main__:on_started:177 | Skills service is starting up.
2021-10-29 07:25:48.164 | INFO     |  5334 | __main__:_update_system:154 | Attempting system update...
2021-10-29 07:25:51.166 | INFO     |  5334 | mycroft.enclosure.display_manager:_write_data:70 | Display Manager is creating /tmp/mycroft/ipc/managers/disp_info
2021-10-29 07:25:51.168 | INFO     |  5334 | __main__:_ensure_device_is_paired:133 | Device not paired, invoking the pairing skill
2021-10-29 07:25:51.170 | INFO     |  5334 | __main__:on_alive:181 | Skills service is alive.
2021-10-29 07:25:51.171 | INFO     |  5334 | msm.mycroft_skills_manager | building SkillEntry objects for all skills
2021-10-29 07:25:51.348 | INFO     |  5334 | PairingSkill | Communicating account URL to user
2021-10-29 07:25:51.993 | WARNING  |  5334 | msm.mycroft_skills_manager | No such default skill: mycroft-pandora
2021-10-29 07:25:51.994 | INFO     |  5334 | mycroft.skills.skill_manager:run:234 | Not all default skills are installed, performing skill update...
2021-10-29 07:25:51.994 | INFO     |  5334 | mycroft.skills.skill_updater:update_skills:149 | Beginning skill update...
2021-10-29 07:25:52.038 | INFO     |  5334 | msm.mycroft_skills_manager | building SkillEntry objects for all skills
2021-10-29 07:25:52.249 | INFO     |  5334 | msm.mycroft_skills_manager | invalidating skills cache
2021-10-29 07:25:52.463 | INFO     |  5334 | msm.skill_entry | Downloading skill: https://github.com/mycroftai/fallback-wolfram-alpha
2021-10-29 07:25:52.467 | INFO     |  5334 | msm.skill_entry | Downloading skill: https://github.com/mycroftai/skill-alarm
2021-10-29 07:25:52.471 | INFO     |  5334 | msm.skill_entry | Downloading skill: https://github.com/mycroftai/skill-audio-record
2021-10-29 07:25:52.488 | INFO     |  5334 | msm.skill_entry | Downloading skill: https://github.com/mycroftai/fallback-unknown
2021-10-29 07:25:52.515 | INFO     |  5334 | msm.skill_entry | Downloading skill: https://github.com/mycroftai/skill-date-time
2021-10-29 07:25:52.527 | INFO     |  5334 | msm.skill_entry | Downloading skill: https://github.com/mycroftai/fallback-duckduckgo
2021-10-29 07:25:52.544 | INFO     |  5334 | msm.skill_entry | Downloading skill: https://github.com/mycroftai/skill-configuration
2021-10-29 07:25:52.555 | INFO     |  5334 | msm.skill_entry | Downloading skill: https://github.com/mycroftai/skill-installer
2021-10-29 07:25:52.565 | INFO     |  5334 | msm.skill_entry | Downloading skill: https://github.com/mycroftai/skill-ip
2021-10-29 07:25:52.572 | INFO     |  5334 | msm.skill_entry | Downloading skill: https://github.com/mycroftai/skill-joke
2021-10-29 07:25:52.580 | INFO     |  5334 | msm.skill_entry | Downloading skill: https://github.com/mycroftai/skill-naptime
2021-10-29 07:25:52.586 | INFO     |  5334 | msm.skill_entry | Downloading skill: https://github.com/mycroftai/skill-hello-world
2021-10-29 07:25:52.594 | INFO     |  5334 | msm.skill_entry | Downloading skill: https://github.com/mycroftai/skill-reminder
2021-10-29 07:25:52.601 | INFO     |  5334 | msm.skill_entry | Downloading skill: https://github.com/mycroftai/skill-personal
2021-10-29 07:25:52.602 | INFO     |  5334 | msm.skill_entry | Downloading skill: https://github.com/mycroftai/skill-playback-control
2021-10-29 07:25:52.602 | INFO     |  5334 | msm.skill_entry | Downloading skill: https://github.com/mycroftai/skill-npr-news
2021-10-29 07:25:52.603 | INFO     |  5334 | msm.skill_entry | Downloading skill: https://github.com/mycroftai/skill-singing
2021-10-29 07:25:53.179 | INFO     |  5334 | msm.skill_entry | Installing system requirements...
2021-10-29 07:25:53.367 | INFO     |  5334 | msm.skill_entry | Installing requirements.txt for fallback-wolfram-alpha
2021-10-29 07:25:53.595 | INFO     |  5334 | msm.skill_entry | Installing system requirements...
2021-10-29 07:25:53.661 | INFO     |  5334 | msm.skill_entry | Installing system requirements...
2021-10-29 07:25:53.863 | INFO     |  5334 | msm.skill_entry | Installing system requirements...
2021-10-29 07:25:53.864 | INFO     |  5334 | msm.skill_entry | Installing system requirements...
2021-10-29 07:25:53.868 | INFO     |  5334 | msm.skill_entry | Installing requirements.txt for mycroft-audio-record
2021-10-29 07:25:53.932 | INFO     |  5334 | msm.skill_entry | Installing system requirements...
2021-10-29 07:25:53.968 | INFO     |  5334 | msm.skill_entry | Successfully installed fallback-unknown
2021-10-29 07:25:53.969 | INFO     |  5334 | msm.mycroft_skills_manager | invalidating skills cache
2021-10-29 07:25:53.970 | INFO     |  5334 | msm.skill_entry | Downloading skill: https://github.com/mycroftai/skill-speak
2021-10-29 07:25:54.049 | INFO     |  5334 | msm.skill_entry | Installing system requirements...
2021-10-29 07:25:54.095 | INFO     |  5334 | msm.skill_entry | Installing requirements.txt for mycroft-fallback-duck-duck-go
2021-10-29 07:25:54.096 | INFO     |  5334 | msm.skill_entry | Successfully installed mycroft-playback-control
2021-10-29 07:25:54.096 | INFO     |  5334 | msm.mycroft_skills_manager | invalidating skills cache
2021-10-29 07:25:54.097 | INFO     |  5334 | msm.skill_entry | Downloading skill: https://github.com/mycroftai/skill-spelling
2021-10-29 07:25:54.124 | INFO     |  5334 | msm.skill_entry | Installing requirements.txt for mycroft-ip
2021-10-29 07:25:54.142 | INFO     |  5334 | msm.skill_entry | Successfully installed mycroft-personal
2021-10-29 07:25:54.142 | INFO     |  5334 | msm.mycroft_skills_manager | invalidating skills cache
2021-10-29 07:25:54.144 | INFO     |  5334 | msm.skill_entry | Downloading skill: https://github.com/mycroftai/skill-stop
2021-10-29 07:25:54.172 | INFO     |  5334 | msm.skill_entry | Installing system requirements...
2021-10-29 07:25:54.177 | INFO     |  5334 | msm.skill_entry | Installing system requirements...
2021-10-29 07:25:54.182 | INFO     |  5334 | msm.skill_entry | Installing system requirements...
2021-10-29 07:25:54.197 | INFO     |  5334 | msm.skill_entry | Successfully installed mycroft-naptime
2021-10-29 07:25:54.197 | INFO     |  5334 | msm.mycroft_skills_manager | invalidating skills cache
2021-10-29 07:25:54.199 | INFO     |  5334 | msm.skill_entry | Downloading skill: https://github.com/mycroftai/skill-support
2021-10-29 07:25:54.279 | INFO     |  5334 | msm.skill_entry | Installing requirements.txt for mycroft-joke
2021-10-29 07:25:54.333 | INFO     |  5334 | msm.skill_entry | Successfully installed mycroft-hello-world
2021-10-29 07:25:54.340 | INFO     |  5334 | msm.mycroft_skills_manager | invalidating skills cache
2021-10-29 07:25:54.340 | INFO     |  5334 | msm.skill_entry | Downloading skill: https://github.com/mycroftai/mycroft-timer
2021-10-29 07:25:54.372 | INFO     |  5334 | msm.skill_entry | Installing system requirements...
2021-10-29 07:25:54.469 | ERROR    |  5334 | msm.mycroft_skills_manager | Error running install_or_update on homeassistant.mycroftai: MergeConflict
2021-10-29 07:25:54.470 | INFO     |  5334 | msm.skill_entry | Downloading skill: https://github.com/mycroftai/skill-weather
2021-10-29 07:25:54.488 | INFO     |  5334 | msm.skill_entry | Installing system requirements...
2021-10-29 07:25:54.518 | INFO     |  5334 | msm.skill_entry | Installing requirements.txt for mycroft-installer
2021-10-29 07:25:54.610 | INFO     |  5334 | msm.skill_entry | Installing requirements.txt for mycroft-configuration
2021-10-29 07:25:54.632 | INFO     |  5334 | msm.skill_entry | Nothing new for mycroft-volume
2021-10-29 07:25:54.703 | INFO     |  5334 | msm.skill_entry | Nothing new for mycroft-pairing
2021-10-29 07:25:54.726 | INFO     |  5334 | msm.skill_entry | Installing system requirements...
2021-10-29 07:25:54.740 | INFO     |  5334 | msm.skill_entry | Installing system requirements...
2021-10-29 07:25:54.745 | INFO     |  5334 | msm.skill_entry | Installing system requirements...
2021-10-29 07:25:54.869 | INFO     |  5334 | msm.skill_entry | Installing system requirements...
2021-10-29 07:25:54.880 | INFO     |  5334 | msm.skill_entry | Downloading skill: https://github.com/mycroftai/skill-version-checker
2021-10-29 07:25:54.889 | INFO     |  5334 | msm.skill_entry | Installing requirements.txt for mycroft-volume
2021-10-29 07:25:54.891 | INFO     |  5334 | msm.skill_entry | Installing requirements.txt for mycroft-npr-news
2021-10-29 07:25:54.907 | INFO     |  5334 | msm.skill_entry | Installing system requirements...
2021-10-29 07:25:54.933 | INFO     |  5334 | msm.skill_entry | Installing system requirements...
2021-10-29 07:25:54.954 | INFO     |  5334 | msm.skill_entry | Successfully installed mycroft-speak
2021-10-29 07:25:54.954 | INFO     |  5334 | msm.mycroft_skills_manager | invalidating skills cache
2021-10-29 07:25:54.955 | INFO     |  5334 | msm.skill_entry | Downloading skill: https://github.com/mycroftai/skill-wiki
2021-10-29 07:25:54.988 | INFO     |  5334 | msm.skill_entry | Successfully installed mycroft-reminder
2021-10-29 07:25:54.988 | INFO     |  5334 | msm.mycroft_skills_manager | invalidating skills cache
2021-10-29 07:25:54.990 | INFO     |  5334 | msm.skill_entry | Downloading skill: https://github.com/MycroftAI/skill-query
2021-10-29 07:25:55.022 | INFO     |  5334 | msm.skill_entry | Installing requirements.txt for mycroft-date-time
2021-10-29 07:25:55.168 | INFO     |  5334 | msm.skill_entry | Installing system requirements...
2021-10-29 07:25:55.196 | INFO     |  5334 | msm.skill_entry | Installing system requirements...
2021-10-29 07:25:55.279 | INFO     |  5334 | msm.skill_entry | Successfully installed mycroft-spelling
2021-10-29 07:25:55.279 | INFO     |  5334 | msm.mycroft_skills_manager | invalidating skills cache
2021-10-29 07:25:55.287 | INFO     |  5334 | msm.skill_entry | Installing system requirements...
2021-10-29 07:25:55.295 | INFO     |  5334 | msm.skill_entry | Installing requirements.txt for mycroft-alarm
2021-10-29 07:25:55.320 | INFO     |  5334 | msm.skill_entry | Installing system requirements...
2021-10-29 07:25:55.407 | INFO     |  5334 | msm.skill_entry | Installing requirements.txt for mycroft-support-helper
2021-10-29 07:25:55.418 | INFO     |  5334 | msm.skill_entry | Successfully installed mycroft-stop
2021-10-29 07:25:55.419 | INFO     |  5334 | msm.mycroft_skills_manager | invalidating skills cache
2021-10-29 07:25:55.660 | INFO     |  5334 | msm.skill_entry | Installing system requirements...
2021-10-29 07:25:55.797 | INFO     |  5334 | msm.skill_entry | Successfully installed mycroft-timer
2021-10-29 07:25:55.798 | INFO     |  5334 | msm.mycroft_skills_manager | invalidating skills cache
2021-10-29 07:25:55.810 | INFO     |  5334 | msm.skill_entry | Installing system requirements...
2021-10-29 07:25:55.825 | INFO     |  5334 | msm.skill_entry | Installing system requirements...
2021-10-29 07:25:55.871 | INFO     |  5334 | msm.skill_entry | Successfully installed mycroft-version-checker
2021-10-29 07:25:55.872 | INFO     |  5334 | msm.mycroft_skills_manager | invalidating skills cache
2021-10-29 07:25:55.884 | INFO     |  5334 | msm.skill_entry | Successfully installed fallback-query
2021-10-29 07:25:55.884 | INFO     |  5334 | msm.mycroft_skills_manager | invalidating skills cache
2021-10-29 07:25:55.905 | INFO     |  5334 | msm.skill_entry | Installing system requirements...
2021-10-29 07:25:55.953 | INFO     |  5334 | msm.skill_entry | Installing requirements.txt for mycroft-wiki
2021-10-29 07:25:56.001 | ERROR    |  5334 | msm.mycroft_skills_manager | Error running install_or_update on homeassistant: MergeConflict
2021-10-29 07:25:56.103 | INFO     |  5334 | msm.skill_entry | Installing system requirements...
2021-10-29 07:25:56.135 | INFO     |  5334 | msm.skill_entry | Installing requirements.txt for mycroft-weather
2021-10-29 07:25:56.459 | INFO     |  5334 | msm.skill_entry | Installing system requirements...
2021-10-29 07:25:56.470 | INFO     |  5334 | msm.skill_entry | Successfully installed mycroft-singing
2021-10-29 07:25:56.470 | INFO     |  5334 | msm.mycroft_skills_manager | invalidating skills cache
2021-10-29 07:25:59.475 | INFO     |  5334 | msm.skill_entry | Successfully installed fallback-wolfram-alpha
2021-10-29 07:25:59.476 | INFO     |  5334 | msm.mycroft_skills_manager | invalidating skills cache
2021-10-29 07:26:00.316 | INFO     |  5334 | msm.skill_entry | Successfully installed mycroft-audio-record
2021-10-29 07:26:00.316 | INFO     |  5334 | msm.mycroft_skills_manager | invalidating skills cache
2021-10-29 07:26:01.541 | INFO     |  5334 | msm.skill_entry | Successfully installed mycroft-fallback-duck-duck-go
2021-10-29 07:26:01.541 | INFO     |  5334 | msm.mycroft_skills_manager | invalidating skills cache
2021-10-29 07:26:02.453 | INFO     |  5334 | msm.skill_entry | Successfully installed mycroft-ip
2021-10-29 07:26:02.453 | INFO     |  5334 | msm.mycroft_skills_manager | invalidating skills cache
2021-10-29 07:26:03.475 | INFO     |  5334 | msm.skill_entry | Successfully installed mycroft-joke
2021-10-29 07:26:03.476 | INFO     |  5334 | msm.mycroft_skills_manager | invalidating skills cache
2021-10-29 07:26:04.338 | INFO     |  5334 | msm.skill_entry | Successfully installed mycroft-installer
2021-10-29 07:26:04.339 | INFO     |  5334 | msm.mycroft_skills_manager | invalidating skills cache
2021-10-29 07:26:06.744 | INFO     |  5334 | msm.skill_entry | Successfully installed mycroft-configuration
2021-10-29 07:26:06.745 | INFO     |  5334 | msm.mycroft_skills_manager | invalidating skills cache
2021-10-29 07:26:10.546 | INFO     |  5334 | msm.skill_entry | Successfully installed mycroft-npr-news
2021-10-29 07:26:10.547 | INFO     |  5334 | msm.mycroft_skills_manager | invalidating skills cache
2021-10-29 07:26:21.683 | INFO     |  5334 | PairingSkill | Initiating device pairing sequence...
2021-10-29 07:26:21.683 | INFO     |  5334 | PairingSkill | Retrieving pairing code from device API...
2021-10-29 07:26:21.909 | INFO     |  5334 | PairingSkill | Pairing code obtained: ENPN79
2021-10-29 07:26:21.909 | INFO     |  5334 | PairingSkill | Communicating pairing URL to user
2021-10-29 07:26:26.440 | INFO     |  5334 | msm.skill_entry | Successfully installed mycroft-date-time
2021-10-29 07:26:26.441 | INFO     |  5334 | msm.mycroft_skills_manager | invalidating skills cache
2021-10-29 07:26:27.324 | INFO     |  5334 | msm.skill_entry | Successfully installed mycroft-alarm
2021-10-29 07:26:27.325 | INFO     |  5334 | msm.mycroft_skills_manager | invalidating skills cache
2021-10-29 07:26:29.494 | INFO     |  5334 | msm.skill_entry | Successfully installed mycroft-support-helper
2021-10-29 07:26:29.494 | INFO     |  5334 | msm.mycroft_skills_manager | invalidating skills cache
2021-10-29 07:26:31.251 | INFO     |  5334 | msm.skill_entry | Successfully installed mycroft-wiki
2021-10-29 07:26:31.252 | INFO     |  5334 | msm.mycroft_skills_manager | invalidating skills cache
2021-10-29 07:26:32.235 | INFO     |  5334 | msm.skill_entry | Successfully installed mycroft-weather
2021-10-29 07:26:32.235 | INFO     |  5334 | msm.mycroft_skills_manager | invalidating skills cache
2021-10-29 07:26:32.321 | INFO     |  5334 | mycroft.skills.skill_updater:_log_next_download_time:267 | Next scheduled skill update: 2021-10-29 08:26:32.320118
2021-10-29 07:26:32.322 | INFO     |  5334 | mycroft.skills.skill_updater:update_skills:170 | Skill update complete
2021-10-29 07:26:32.322 | INFO     |  5334 | mycroft.skills.skill_manager:_load_on_startup:273 | Loading installed skills...
2021-10-29 07:26:32.324 | INFO     |  5334 | mycroft.skills.skill_loader:load:185 | ATTEMPTING TO LOAD SKILL: mycroft-ip.mycroftai
2021-10-29 07:26:32.442 | INFO     |  5334 | mycroft.skills.settings:get_local_settings:83 | /opt/mycroft/skills/mycroft-ip.mycroftai/settings.json
2021-10-29 07:26:32.453 | INFO     |  5334 | mycroft.skills.skill_loader:_check_for_first_run:324 | First run of mycroft-ip.mycroftai
2021-10-29 07:26:32.455 | INFO     |  5334 | mycroft.skills.settings:save_settings:116 | Skill settings successfully saved to /home/runner/.config/mycroft/skills/mycroft-ip.mycroftai/settings.json
2021-10-29 07:26:32.472 | INFO     |  5334 | mycroft.skills.skill_loader:_communicate_load_status:344 | Skill mycroft-ip.mycroftai loaded successfully
2021-10-29 07:26:32.478 | INFO     |  5334 | mycroft.skills.skill_loader:load:185 | ATTEMPTING TO LOAD SKILL: mycroft-reminder.mycroftai
2021-10-29 07:26:32.773 | INFO     |  5334 | mycroft.skills.settings:get_local_settings:83 | /opt/mycroft/skills/mycroft-reminder.mycroftai/settings.json
2021-10-29 07:26:32.810 | INFO     |  5334 | mycroft.skills.skill_loader:_check_for_first_run:324 | First run of mycroft-reminder.mycroftai
2021-10-29 07:26:32.811 | INFO     |  5334 | mycroft.skills.settings:save_settings:116 | Skill settings successfully saved to /home/runner/.config/mycroft/skills/mycroft-reminder.mycroftai/settings.json
2021-10-29 07:26:32.815 | INFO     |  5334 | mycroft.skills.skill_loader:_communicate_load_status:344 | Skill mycroft-reminder.mycroftai loaded successfully
2021-10-29 07:26:32.816 | INFO     |  5334 | mycroft.skills.skill_loader:load:185 | ATTEMPTING TO LOAD SKILL: mycroft-installer.mycroftai
2021-10-29 07:26:32.831 | INFO     |  5334 | mycroft.skills.settings:get_local_settings:83 | /opt/mycroft/skills/mycroft-installer.mycroftai/settings.json
2021-10-29 07:26:32.853 | INFO     |  5334 | mycroft.skills.skill_loader:_check_for_first_run:324 | First run of mycroft-installer.mycroftai
2021-10-29 07:26:32.854 | INFO     |  5334 | mycroft.skills.settings:save_settings:116 | Skill settings successfully saved to /home/runner/.config/mycroft/skills/mycroft-installer.mycroftai/settings.json
2021-10-29 07:26:32.868 | INFO     |  5334 | mycroft.skills.skill_loader:_communicate_load_status:344 | Skill mycroft-installer.mycroftai loaded successfully
2021-10-29 07:26:32.868 | INFO     |  5334 | mycroft.skills.skill_loader:load:185 | ATTEMPTING TO LOAD SKILL: mycroft-version-checker.mycroftai
2021-10-29 07:26:32.873 | INFO     |  5334 | mycroft.skills.settings:get_local_settings:83 | /opt/mycroft/skills/mycroft-version-checker.mycroftai/settings.json
2021-10-29 07:26:32.926 | INFO     |  5334 | mycroft.skills.skill_loader:_check_for_first_run:324 | First run of mycroft-version-checker.mycroftai
2021-10-29 07:26:32.931 | INFO     |  5334 | mycroft.skills.settings:save_settings:116 | Skill settings successfully saved to /home/runner/.config/mycroft/skills/mycroft-version-checker.mycroftai/settings.json
2021-10-29 07:26:32.932 | INFO     |  5334 | mycroft.skills.skill_loader:_communicate_load_status:344 | Skill mycroft-version-checker.mycroftai loaded successfully
2021-10-29 07:26:32.933 | INFO     |  5334 | mycroft.skills.skill_loader:load:185 | ATTEMPTING TO LOAD SKILL: mycroft-singing.mycroftai
2021-10-29 07:26:32.937 | INFO     |  5334 | mycroft.skills.settings:get_local_settings:83 | /opt/mycroft/skills/mycroft-singing.mycroftai/settings.json
2021-10-29 07:26:32.963 | INFO     |  5334 | mycroft.skills.skill_loader:_check_for_first_run:324 | First run of mycroft-singing.mycroftai
2021-10-29 07:26:32.964 | INFO     |  5334 | mycroft.skills.settings:save_settings:116 | Skill settings successfully saved to /home/runner/.config/mycroft/skills/mycroft-singing.mycroftai/settings.json
2021-10-29 07:26:32.967 | INFO     |  5334 | mycroft.skills.skill_loader:_communicate_load_status:344 | Skill mycroft-singing.mycroftai loaded successfully
2021-10-29 07:26:32.967 | INFO     |  5334 | mycroft.skills.skill_loader:load:185 | ATTEMPTING TO LOAD SKILL: mycroft-joke.mycroftai
2021-10-29 07:26:32.976 | INFO     |  5334 | mycroft.skills.settings:get_local_settings:83 | /opt/mycroft/skills/mycroft-joke.mycroftai/settings.json
2021-10-29 07:26:33.006 | INFO     |  5334 | mycroft.skills.skill_loader:_check_for_first_run:324 | First run of mycroft-joke.mycroftai
2021-10-29 07:26:33.007 | INFO     |  5334 | mycroft.skills.settings:save_settings:116 | Skill settings successfully saved to /home/runner/.config/mycroft/skills/mycroft-joke.mycroftai/settings.json
2021-10-29 07:26:33.019 | INFO     |  5334 | mycroft.skills.skill_loader:_communicate_load_status:344 | Skill mycroft-joke.mycroftai loaded successfully
2021-10-29 07:26:33.020 | INFO     |  5334 | mycroft.skills.skill_loader:load:185 | ATTEMPTING TO LOAD SKILL: mycroft-timer.mycroftai
2021-10-29 07:26:33.048 | INFO     |  5334 | mycroft.skills.settings:get_local_settings:83 | /opt/mycroft/skills/mycroft-timer.mycroftai/settings.json
2021-10-29 07:26:33.104 | INFO     |  5334 | mycroft.skills.skill_loader:_check_for_first_run:324 | First run of mycroft-timer.mycroftai
2021-10-29 07:26:33.105 | INFO     |  5334 | mycroft.skills.settings:save_settings:116 | Skill settings successfully saved to /home/runner/.config/mycroft/skills/mycroft-timer.mycroftai/settings.json
2021-10-29 07:26:33.145 | INFO     |  5334 | mycroft.skills.skill_loader:_communicate_load_status:344 | Skill mycroft-timer.mycroftai loaded successfully
2021-10-29 07:26:33.146 | INFO     |  5334 | mycroft.skills.skill_loader:load:185 | ATTEMPTING TO LOAD SKILL: homeassistant.mycroftai
2021-10-29 07:26:33.501 | INFO     |  5334 | mycroft.skills.settings:get_local_settings:83 | /opt/mycroft/skills/homeassistant.mycroftai/settings.json
2021-10-29 07:26:33.502 | INFO     |  5334 | mycroft.skills.settings:get_local_settings:83 | /opt/mycroft/skills/homeassistant.mycroftai/settings.json
2021-10-29 07:26:33.559 | INFO     |  5334 | mycroft.skills.skill_loader:_communicate_load_status:344 | Skill homeassistant.mycroftai loaded successfully
2021-10-29 07:26:33.581 | INFO     |  5334 | mycroft.skills.skill_loader:load:185 | ATTEMPTING TO LOAD SKILL: mycroft-alarm.mycroftai
2021-10-29 07:26:33.679 | INFO     |  5334 | mycroft.skills.settings:get_local_settings:83 | /opt/mycroft/skills/mycroft-alarm.mycroftai/settings.json
2021-10-29 07:26:33.679 | ERROR    |  5334 | AlarmSkill | Couldn't allocate mixer, ALSAAudioError('No such file or directory [default]')
2021-10-29 07:26:33.845 | INFO     |  5334 | mycroft.skills.skill_loader:_check_for_first_run:324 | First run of mycroft-alarm.mycroftai
2021-10-29 07:26:33.846 | INFO     |  5334 | mycroft.skills.settings:save_settings:116 | Skill settings successfully saved to /home/runner/.config/mycroft/skills/mycroft-alarm.mycroftai/settings.json
2021-10-29 07:26:33.876 | INFO     |  5334 | mycroft.skills.skill_loader:_communicate_load_status:344 | Skill mycroft-alarm.mycroftai loaded successfully
2021-10-29 07:26:33.876 | INFO     |  5334 | mycroft.skills.skill_loader:load:185 | ATTEMPTING TO LOAD SKILL: mycroft-naptime.mycroftai
2021-10-29 07:26:33.889 | INFO     |  5334 | mycroft.skills.settings:get_local_settings:83 | /opt/mycroft/skills/mycroft-naptime.mycroftai/settings.json
2021-10-29 07:26:33.909 | INFO     |  5334 | mycroft.skills.skill_loader:_check_for_first_run:324 | First run of mycroft-naptime.mycroftai
2021-10-29 07:26:33.909 | INFO     |  5334 | mycroft.skills.settings:save_settings:116 | Skill settings successfully saved to /home/runner/.config/mycroft/skills/mycroft-naptime.mycroftai/settings.json
2021-10-29 07:26:33.924 | INFO     |  5334 | mycroft.skills.skill_loader:_communicate_load_status:344 | Skill mycroft-naptime.mycroftai loaded successfully
2021-10-29 07:26:33.926 | INFO     |  5334 | mycroft.skills.skill_loader:load:185 | ATTEMPTING TO LOAD SKILL: mycroft-spelling.mycroftai
2021-10-29 07:26:33.939 | INFO     |  5334 | mycroft.skills.settings:get_local_settings:83 | /opt/mycroft/skills/mycroft-spelling.mycroftai/settings.json
2021-10-29 07:26:33.953 | INFO     |  5334 | mycroft.skills.skill_loader:_check_for_first_run:324 | First run of mycroft-spelling.mycroftai
2021-10-29 07:26:33.955 | INFO     |  5334 | mycroft.skills.settings:save_settings:116 | Skill settings successfully saved to /home/runner/.config/mycroft/skills/mycroft-spelling.mycroftai/settings.json
2021-10-29 07:26:33.983 | INFO     |  5334 | mycroft.skills.skill_loader:_communicate_load_status:344 | Skill mycroft-spelling.mycroftai loaded successfully
2021-10-29 07:26:33.984 | INFO     |  5334 | mycroft.skills.skill_loader:load:185 | ATTEMPTING TO LOAD SKILL: mycroft-fallback-duck-duck-go.mycroftai
2021-10-29 07:26:33.999 | INFO     |  5334 | mycroft.skills.settings:get_local_settings:83 | /opt/mycroft/skills/mycroft-fallback-duck-duck-go.mycroftai/settings.json
2021-10-29 07:26:34.009 | INFO     |  5334 | mycroft.skills.skill_loader:_check_for_first_run:324 | First run of mycroft-fallback-duck-duck-go.mycroftai
2021-10-29 07:26:34.010 | INFO     |  5334 | mycroft.skills.settings:save_settings:116 | Skill settings successfully saved to /home/runner/.config/mycroft/skills/mycroft-fallback-duck-duck-go.mycroftai/settings.json
2021-10-29 07:26:34.020 | INFO     |  5334 | mycroft.skills.skill_loader:_communicate_load_status:344 | Skill mycroft-fallback-duck-duck-go.mycroftai loaded successfully
2021-10-29 07:26:34.021 | INFO     |  5334 | mycroft.skills.skill_loader:load:185 | ATTEMPTING TO LOAD SKILL: mycroft-npr-news.mycroftai
2021-10-29 07:26:34.107 | INFO     |  5334 | mycroft.skills.settings:get_local_settings:83 | /opt/mycroft/skills/mycroft-npr-news.mycroftai/settings.json
2021-10-29 07:26:35.151 | INFO     |  5334 | mycroft.skills.skill_loader:_check_for_first_run:324 | First run of mycroft-npr-news.mycroftai
2021-10-29 07:26:35.152 | INFO     |  5334 | mycroft.skills.settings:save_settings:116 | Skill settings successfully saved to /home/runner/.config/mycroft/skills/mycroft-npr-news.mycroftai/settings.json
2021-10-29 07:26:35.172 | INFO     |  5334 | mycroft.skills.skill_loader:_communicate_load_status:344 | Skill mycroft-npr-news.mycroftai loaded successfully
2021-10-29 07:26:35.173 | INFO     |  5334 | mycroft.skills.skill_loader:load:185 | ATTEMPTING TO LOAD SKILL: mycroft-support-helper.mycroftai
2021-10-29 07:26:35.182 | INFO     |  5334 | mycroft.skills.settings:get_local_settings:83 | /opt/mycroft/skills/mycroft-support-helper.mycroftai/settings.json
2021-10-29 07:26:35.187 | INFO     |  5334 | mycroft.skills.skill_loader:_check_for_first_run:324 | First run of mycroft-support-helper.mycroftai
2021-10-29 07:26:35.189 | INFO     |  5334 | mycroft.skills.settings:save_settings:116 | Skill settings successfully saved to /home/runner/.config/mycroft/skills/mycroft-support-helper.mycroftai/settings.json
2021-10-29 07:26:35.219 | INFO     |  5334 | mycroft.skills.skill_loader:_communicate_load_status:344 | Skill mycroft-support-helper.mycroftai loaded successfully
2021-10-29 07:26:35.220 | INFO     |  5334 | mycroft.skills.skill_loader:load:185 | ATTEMPTING TO LOAD SKILL: mycroft-weather.mycroftai
2021-10-29 07:26:35.238 | INFO     |  5334 | mycroft.skills.settings:get_local_settings:83 | /opt/mycroft/skills/mycroft-weather.mycroftai/settings.json
2021-10-29 07:26:35.325 | INFO     |  5334 | mycroft.skills.skill_loader:_check_for_first_run:324 | First run of mycroft-weather.mycroftai
2021-10-29 07:26:35.326 | INFO     |  5334 | mycroft.skills.settings:save_settings:116 | Skill settings successfully saved to /home/runner/.config/mycroft/skills/mycroft-weather.mycroftai/settings.json
2021-10-29 07:26:35.327 | INFO     |  5334 | mycroft.skills.skill_loader:_communicate_load_status:344 | Skill mycroft-weather.mycroftai loaded successfully
2021-10-29 07:26:35.327 | INFO     |  5334 | mycroft.skills.skill_loader:load:185 | ATTEMPTING TO LOAD SKILL: mycroft-speak.mycroftai
2021-10-29 07:26:35.333 | INFO     |  5334 | mycroft.skills.settings:get_local_settings:83 | /opt/mycroft/skills/mycroft-speak.mycroftai/settings.json
2021-10-29 07:26:35.364 | INFO     |  5334 | mycroft.skills.skill_loader:_check_for_first_run:324 | First run of mycroft-speak.mycroftai
2021-10-29 07:26:35.366 | INFO     |  5334 | mycroft.skills.settings:save_settings:116 | Skill settings successfully saved to /home/runner/.config/mycroft/skills/mycroft-speak.mycroftai/settings.json
2021-10-29 07:26:35.380 | INFO     |  5334 | mycroft.skills.skill_loader:_communicate_load_status:344 | Skill mycroft-speak.mycroftai loaded successfully
2021-10-29 07:26:35.380 | INFO     |  5334 | mycroft.skills.skill_loader:load:185 | ATTEMPTING TO LOAD SKILL: mycroft-audio-record.mycroftai
2021-10-29 07:26:35.389 | INFO     |  5334 | mycroft.skills.settings:get_local_settings:83 | /opt/mycroft/skills/mycroft-audio-record.mycroftai/settings.json
2021-10-29 07:26:35.419 | INFO     |  5334 | mycroft.skills.skill_loader:_check_for_first_run:324 | First run of mycroft-audio-record.mycroftai
2021-10-29 07:26:35.420 | INFO     |  5334 | mycroft.skills.settings:save_settings:116 | Skill settings successfully saved to /home/runner/.config/mycroft/skills/mycroft-audio-record.mycroftai/settings.json
2021-10-29 07:26:35.421 | INFO     |  5334 | mycroft.skills.skill_loader:_communicate_load_status:344 | Skill mycroft-audio-record.mycroftai loaded successfully
2021-10-29 07:26:35.422 | INFO     |  5334 | mycroft.skills.skill_loader:load:185 | ATTEMPTING TO LOAD SKILL: mycroft-stop.mycroftai
2021-10-29 07:26:35.426 | INFO     |  5334 | mycroft.skills.settings:get_local_settings:83 | /opt/mycroft/skills/mycroft-stop.mycroftai/settings.json
2021-10-29 07:26:35.448 | INFO     |  5334 | mycroft.skills.skill_loader:_check_for_first_run:324 | First run of mycroft-stop.mycroftai
2021-10-29 07:26:35.449 | INFO     |  5334 | mycroft.skills.settings:save_settings:116 | Skill settings successfully saved to /home/runner/.config/mycroft/skills/mycroft-stop.mycroftai/settings.json
2021-10-29 07:26:35.478 | INFO     |  5334 | mycroft.skills.skill_loader:_communicate_load_status:344 | Skill mycroft-stop.mycroftai loaded successfully
2021-10-29 07:26:35.480 | INFO     |  5334 | mycroft.skills.skill_loader:load:185 | ATTEMPTING TO LOAD SKILL: mycroft-hello-world.mycroftai
2021-10-29 07:26:35.488 | INFO     |  5334 | mycroft.skills.settings:get_local_settings:83 | /opt/mycroft/skills/mycroft-hello-world.mycroftai/settings.json
2021-10-29 07:26:35.519 | INFO     |  5334 | mycroft.skills.skill_loader:_check_for_first_run:324 | First run of mycroft-hello-world.mycroftai
2021-10-29 07:26:35.520 | INFO     |  5334 | mycroft.skills.settings:save_settings:116 | Skill settings successfully saved to /home/runner/.config/mycroft/skills/mycroft-hello-world.mycroftai/settings.json
2021-10-29 07:26:35.521 | INFO     |  5334 | mycroft.skills.skill_loader:_communicate_load_status:344 | Skill mycroft-hello-world.mycroftai loaded successfully
2021-10-29 07:26:35.522 | INFO     |  5334 | mycroft.skills.skill_loader:load:185 | ATTEMPTING TO LOAD SKILL: mycroft-date-time.mycroftai
2021-10-29 07:26:36.049 | INFO     |  5334 | mycroft.skills.settings:get_local_settings:83 | /opt/mycroft/skills/mycroft-date-time.mycroftai/settings.json
2021-10-29 07:26:36.072 | INFO     |  5334 | TimeSkill | Registering resting screen <bound method TimeSkill.handle_idle of <mycroft-date-time_mycroftai.TimeSkill object at 0x7fe22c09e0d0>> for Time and Date.
2021-10-29 07:26:36.074 | INFO     |  5334 | TimeSkill | Registering resting screen
2021-10-29 07:26:36.077 | INFO     |  5334 | mycroft.skills.skill_loader:_check_for_first_run:324 | First run of mycroft-date-time.mycroftai
2021-10-29 07:26:36.078 | INFO     |  5334 | mycroft.skills.settings:save_settings:116 | Skill settings successfully saved to /home/runner/.config/mycroft/skills/mycroft-date-time.mycroftai/settings.json
2021-10-29 07:26:36.083 | INFO     |  5334 | mycroft.skills.skill_loader:_communicate_load_status:344 | Skill mycroft-date-time.mycroftai loaded successfully
2021-10-29 07:26:36.083 | INFO     |  5334 | mycroft.skills.skill_loader:load:185 | ATTEMPTING TO LOAD SKILL: mycroft-configuration.mycroftai
2021-10-29 07:26:36.089 | INFO     |  5334 | mycroft.skills.settings:get_local_settings:83 | /opt/mycroft/skills/mycroft-configuration.mycroftai/settings.json
2021-10-29 07:26:36.246 | INFO     |  5334 | mycroft.skills.skill_loader:_check_for_first_run:324 | First run of mycroft-configuration.mycroftai
2021-10-29 07:26:36.274 | INFO     |  5334 | mycroft.skills.settings:save_settings:116 | Skill settings successfully saved to /home/runner/.config/mycroft/skills/mycroft-configuration.mycroftai/settings.json
2021-10-29 07:26:36.291 | INFO     |  5334 | mycroft.skills.skill_loader:_communicate_load_status:344 | Skill mycroft-configuration.mycroftai loaded successfully
2021-10-29 07:26:36.292 | INFO     |  5334 | mycroft.skills.skill_loader:load:185 | ATTEMPTING TO LOAD SKILL: fallback-query.mycroftai
2021-10-29 07:26:36.297 | INFO     |  5334 | mycroft.skills.settings:get_local_settings:83 | /opt/mycroft/skills/fallback-query.mycroftai/settings.json
2021-10-29 07:26:36.302 | INFO     |  5334 | mycroft.skills.skill_loader:_check_for_first_run:324 | First run of fallback-query.mycroftai
2021-10-29 07:26:36.302 | INFO     |  5334 | mycroft.skills.settings:save_settings:116 | Skill settings successfully saved to /home/runner/.config/mycroft/skills/fallback-query.mycroftai/settings.json
2021-10-29 07:26:36.303 | INFO     |  5334 | mycroft.skills.skill_loader:_communicate_load_status:344 | Skill fallback-query.mycroftai loaded successfully
2021-10-29 07:26:36.305 | INFO     |  5334 | mycroft.skills.skill_loader:load:185 | ATTEMPTING TO LOAD SKILL: mycroft-personal.mycroftai
2021-10-29 07:26:36.309 | INFO     |  5334 | mycroft.skills.settings:get_local_settings:83 | /opt/mycroft/skills/mycroft-personal.mycroftai/settings.json
2021-10-29 07:26:36.323 | INFO     |  5334 | mycroft.skills.skill_loader:_check_for_first_run:324 | First run of mycroft-personal.mycroftai
2021-10-29 07:26:36.323 | INFO     |  5334 | mycroft.skills.settings:save_settings:116 | Skill settings successfully saved to /home/runner/.config/mycroft/skills/mycroft-personal.mycroftai/settings.json
2021-10-29 07:26:36.324 | INFO     |  5334 | mycroft.skills.skill_loader:_communicate_load_status:344 | Skill mycroft-personal.mycroftai loaded successfully
2021-10-29 07:26:36.324 | INFO     |  5334 | mycroft.skills.skill_loader:load:185 | ATTEMPTING TO LOAD SKILL: fallback-wolfram-alpha.mycroftai
2021-10-29 07:26:36.379 | INFO     |  5334 | mycroft.skills.settings:get_local_settings:83 | /opt/mycroft/skills/fallback-wolfram-alpha.mycroftai/settings.json
2021-10-29 07:26:36.425 | INFO     |  5334 | mycroft.skills.skill_loader:_check_for_first_run:324 | First run of fallback-wolfram-alpha.mycroftai
2021-10-29 07:26:36.427 | INFO     |  5334 | mycroft.skills.settings:save_settings:116 | Skill settings successfully saved to /home/runner/.config/mycroft/skills/fallback-wolfram-alpha.mycroftai/settings.json
2021-10-29 07:26:36.430 | INFO     |  5334 | mycroft.skills.skill_loader:_communicate_load_status:344 | Skill fallback-wolfram-alpha.mycroftai loaded successfully
2021-10-29 07:26:36.431 | INFO     |  5334 | mycroft.skills.skill_loader:load:185 | ATTEMPTING TO LOAD SKILL: mycroft-wiki.mycroftai
2021-10-29 07:26:36.440 | INFO     |  5334 | mycroft.skills.settings:get_local_settings:83 | /opt/mycroft/skills/mycroft-wiki.mycroftai/settings.json
2021-10-29 07:26:36.466 | INFO     |  5334 | mycroft.skills.skill_loader:_check_for_first_run:324 | First run of mycroft-wiki.mycroftai
2021-10-29 07:26:36.467 | INFO     |  5334 | mycroft.skills.settings:save_settings:116 | Skill settings successfully saved to /home/runner/.config/mycroft/skills/mycroft-wiki.mycroftai/settings.json
2021-10-29 07:26:36.476 | INFO     |  5334 | mycroft.skills.skill_loader:_communicate_load_status:344 | Skill mycroft-wiki.mycroftai loaded successfully
2021-10-29 07:26:36.479 | INFO     |  5334 | mycroft.skills.skill_loader:load:185 | ATTEMPTING TO LOAD SKILL: fallback-unknown.mycroftai
2021-10-29 07:26:36.488 | INFO     |  5334 | mycroft.skills.settings:get_local_settings:83 | /opt/mycroft/skills/fallback-unknown.mycroftai/settings.json
2021-10-29 07:26:36.501 | INFO     |  5334 | mycroft.skills.skill_loader:_check_for_first_run:324 | First run of fallback-unknown.mycroftai
2021-10-29 07:26:36.504 | INFO     |  5334 | mycroft.skills.settings:save_settings:116 | Skill settings successfully saved to /home/runner/.config/mycroft/skills/fallback-unknown.mycroftai/settings.json
2021-10-29 07:26:36.509 | INFO     |  5334 | mycroft.skills.skill_loader:_communicate_load_status:344 | Skill fallback-unknown.mycroftai loaded successfully
2021-10-29 07:26:36.510 | INFO     |  5334 | mycroft.skills.skill_loader:load:185 | ATTEMPTING TO LOAD SKILL: mycroft-playback-control.mycroftai
2021-10-29 07:26:36.518 | INFO     |  5334 | mycroft.skills.settings:get_local_settings:83 | /opt/mycroft/skills/mycroft-playback-control.mycroftai/settings.json
2021-10-29 07:26:36.539 | INFO     |  5334 | mycroft.skills.skill_loader:_check_for_first_run:324 | First run of mycroft-playback-control.mycroftai
2021-10-29 07:26:36.540 | INFO     |  5334 | mycroft.skills.settings:save_settings:116 | Skill settings successfully saved to /home/runner/.config/mycroft/skills/mycroft-playback-control.mycroftai/settings.json
2021-10-29 07:26:36.541 | INFO     |  5334 | mycroft.skills.skill_loader:_communicate_load_status:344 | Skill mycroft-playback-control.mycroftai loaded successfully
2021-10-29 07:26:36.541 | INFO     |  5334 | mycroft.skills.skill_manager:_load_on_startup:275 | Skills all loaded!
2021-10-29 07:26:36.574 | INFO     |  5334 | __main__:on_ready:185 | Skills service is ready.
2021-10-29 07:26:36.660 | INFO     |  5334 | mycroft.skills.intent_services.padatious_service:train:151 | Training... (single_thread=False)
Regenerated mycroft-alarm.mycroftai:{daytype}.
Regenerated mycroft-reminder.mycroftai:GetNextReminders.intent.
Regenerated mycroft-installer.mycroftai:list.skills.intent.
Regenerated mycroft-installer.mycroftai:install.custom.intent.
Regenerated mycroft-installer.mycroftai:install.intent.
Regenerated mycroft-installer.mycroftai:remove.intent.
Regenerated mycroft-installer.mycroftai:install.beta.intent.
Regenerated mycroft-installer.mycroftai:is.installed.intent.
Regenerated mycroft-timer.mycroftai:start.timer.intent.
Regenerated mycroft-timer.mycroftai:timer.status.intent.
Regenerated homeassistant.mycroftai:set.light.brightness.intent.
Regenerated homeassistant.mycroftai:stop.intent.
Regenerated homeassistant.mycroftai:sensor.intent.
Regenerated homeassistant.mycroftai:set.climate.intent.
Regenerated homeassistant.mycroftai:tracker.intent.
Regenerated homeassistant.mycroftai:decrease.light.brightness.intent.
Regenerated homeassistant.mycroftai:turn.on.intent.
Regenerated mycroft-alarm.mycroftai:change.alarm.sound.intent.
Regenerated mycroft-npr-news.mycroftai:PlayTheNews.intent.
Regenerated mycroft-support-helper.mycroftai:contact.support.intent.
Regenerated mycroft-weather.mycroftai:do-i-need-an-umbrella.intent.
Regenerated mycroft-audio-record.mycroftai:PlayRecording.intent.
Regenerated mycroft-audio-record.mycroftai:StartRecording.intent.
Regenerated mycroft-stop.mycroftai:shutdown.intent.
Regenerated mycroft-stop.mycroftai:ssh.enable.intent.
Regenerated mycroft-stop.mycroftai:reboot.intent.
Regenerated mycroft-stop.mycroftai:wifi.setup.intent.
Regenerated mycroft-stop.mycroftai:ssh.disable.intent.
Regenerated mycroft-hello-world.mycroftai:HowAreYou.intent.
Regenerated mycroft-date-time.mycroftai:what.time.is.it.intent.
Regenerated mycroft-date-time.mycroftai:date.last.weekend.intent.
Regenerated mycroft-date-time.mycroftai:date.future.weekend.intent.
Regenerated mycroft-date-time.mycroftai:what.time.will.it.be.intent.
Regenerated mycroft-configuration.mycroftai:WhereAreYou.intent.
Regenerated mycroft-configuration.mycroftai:DisablePreciseDev.intent.
Regenerated mycroft-configuration.mycroftai:EnablePreciseDev.intent.
Regenerated mycroft-personal.mycroftai:WhoAreYou.intent.
Regenerated mycroft-personal.mycroftai:WhatAreYou.intent.
Regenerated mycroft-personal.mycroftai:WhoMadeYou.intent.
Regenerated mycroft-personal.mycroftai:DoYouRhyme.intent.
Regenerated mycroft-personal.mycroftai:DoYouDream.intent.
Regenerated mycroft-personal.mycroftai:WhereWereYouBorn.intent.
Regenerated mycroft-personal.mycroftai:WhenWereYouBorn.intent.
Regenerated mycroft-wiki.mycroftai:Random.intent.
Regenerated mycroft-reminder.mycroftai:CancelActiveReminder.intent.
Regenerated mycroft-reminder.mycroftai:GetRemindersForDay.intent.
Regenerated mycroft-reminder.mycroftai:ClearReminders.intent.
Regenerated mycroft-reminder.mycroftai:UnspecifiedReminderAt.intent.
Regenerated mycroft-reminder.mycroftai:SnoozeReminder.intent.
Regenerated mycroft-reminder.mycroftai:Reminder.intent.
Regenerated mycroft-reminder.mycroftai:ReminderAt.intent.
Regenerated mycroft-reminder.mycroftai:DeleteReminderForDay.intent.
Regenerated homeassistant.mycroftai:increase.light.brightness.intent.
Regenerated homeassistant.mycroftai:automation.intent.
Regenerated homeassistant.mycroftai:close.intent.
Regenerated homeassistant.mycroftai:add.item.shopping.list.intent.
Regenerated homeassistant.mycroftai:turn.off.intent.
Regenerated homeassistant.mycroftai:open.intent.
Regenerated homeassistant.mycroftai:toggle.intent.
Regenerated mycroft-alarm.mycroftai:snooze.intent.
2021-10-29 07:26:41.942 | INFO     |  5334 | mycroft.skills.intent_services.padatious_service:train:153 | Training complete.
2021-10-29 07:26:52.279 | INFO     |  5334 | mycroft.skills.settings:save_settings:116 | Skill settings successfully saved to /home/runner/.config/mycroft/skills/mycroft-pairing.mycroftai/settings.json
2021-10-29 07:26:52.590 | INFO     |  5334 | mycroft.skills.settings:save_settings:116 | Skill settings successfully saved to /home/runner/.config/mycroft/skills/mycroft-timer.mycroftai/settings.json
2021-10-29 07:27:15.007 | INFO     |  5334 | __main__:on_stopping:193 | Skills service is shutting down...
2021-10-29 07:27:15.007 | INFO     |  5334 | __main__:shutdown:284 | Shutting down Skills service
2021-10-29 07:27:15.285 | ERROR    |  5334 | VolumeSkill | Couldn't allocate mixer, ALSAAudioError('No such file or directory [default]')
2021-10-29 07:27:15.286 | INFO     |  5334 | mycroft.skills.settings:save_settings:116 | Skill settings successfully saved to /home/runner/.config/mycroft/skills/mycroft-volume.mycroftai/settings.json
2021-10-29 07:27:15.296 | INFO     |  5334 | mycroft.skills.settings:save_settings:116 | Skill settings successfully saved to /home/runner/.config/mycroft/skills/mycroft-ip.mycroftai/settings.json
2021-10-29 07:27:15.298 | INFO     |  5334 | mycroft.skills.settings:save_settings:116 | Skill settings successfully saved to /home/runner/.config/mycroft/skills/mycroft-reminder.mycroftai/settings.json
2021-10-29 07:27:15.312 | INFO     |  5334 | mycroft.skills.settings:save_settings:116 | Skill settings successfully saved to /home/runner/.config/mycroft/skills/mycroft-installer.mycroftai/settings.json
2021-10-29 07:27:15.313 | INFO     |  5334 | mycroft.skills.settings:save_settings:116 | Skill settings successfully saved to /home/runner/.config/mycroft/skills/mycroft-version-checker.mycroftai/settings.json
2021-10-29 07:27:15.315 | INFO     |  5334 | mycroft.skills.settings:save_settings:116 | Skill settings successfully saved to /home/runner/.config/mycroft/skills/mycroft-singing.mycroftai/settings.json
2021-10-29 07:27:15.316 | INFO     |  5334 | mycroft.skills.settings:save_settings:116 | Skill settings successfully saved to /home/runner/.config/mycroft/skills/mycroft-joke.mycroftai/settings.json
2021-10-29 07:27:15.336 | INFO     |  5334 | HomeAssistantSkill | Removing all handlers...
2021-10-29 07:27:15.337 | WARNING  |  5334 | mycroft.skills.fallback_skill:remove_fallback:185 | Could not find matching fallback handler
2021-10-29 07:27:15.338 | INFO     |  5334 | mycroft.skills.settings:save_settings:116 | Skill settings successfully saved to /home/runner/.config/mycroft/skills/mycroft-alarm.mycroftai/settings.json
2021-10-29 07:27:15.339 | INFO     |  5334 | mycroft.skills.settings:save_settings:116 | Skill settings successfully saved to /home/runner/.config/mycroft/skills/mycroft-naptime.mycroftai/settings.json
2021-10-29 07:27:15.347 | INFO     |  5334 | mycroft.skills.settings:save_settings:116 | Skill settings successfully saved to /home/runner/.config/mycroft/skills/mycroft-spelling.mycroftai/settings.json
2021-10-29 07:27:15.350 | INFO     |  5334 | mycroft.skills.settings:save_settings:116 | Skill settings successfully saved to /home/runner/.config/mycroft/skills/mycroft-fallback-duck-duck-go.mycroftai/settings.json
2021-10-29 07:27:15.353 | INFO     |  5334 | mycroft.skills.settings:save_settings:116 | Skill settings successfully saved to /home/runner/.config/mycroft/skills/mycroft-npr-news.mycroftai/settings.json
2021-10-29 07:27:15.355 | INFO     |  5334 | mycroft.skills.settings:save_settings:116 | Skill settings successfully saved to /home/runner/.config/mycroft/skills/mycroft-support-helper.mycroftai/settings.json
2021-10-29 07:27:15.357 | INFO     |  5334 | mycroft.skills.settings:save_settings:116 | Skill settings successfully saved to /home/runner/.config/mycroft/skills/mycroft-weather.mycroftai/settings.json
2021-10-29 07:27:15.395 | INFO     |  5334 | mycroft.skills.settings:save_settings:116 | Skill settings successfully saved to /home/runner/.config/mycroft/skills/mycroft-speak.mycroftai/settings.json
2021-10-29 07:27:15.422 | INFO     |  5334 | mycroft.skills.settings:save_settings:116 | Skill settings successfully saved to /home/runner/.config/mycroft/skills/mycroft-audio-record.mycroftai/settings.json
2021-10-29 07:27:15.428 | INFO     |  5334 | mycroft.skills.settings:save_settings:116 | Skill settings successfully saved to /home/runner/.config/mycroft/skills/mycroft-stop.mycroftai/settings.json
2021-10-29 07:27:15.430 | INFO     |  5334 | mycroft.skills.settings:save_settings:116 | Skill settings successfully saved to /home/runner/.config/mycroft/skills/mycroft-hello-world.mycroftai/settings.json
2021-10-29 07:27:15.441 | INFO     |  5334 | mycroft.skills.settings:save_settings:116 | Skill settings successfully saved to /home/runner/.config/mycroft/skills/mycroft-date-time.mycroftai/settings.json
2021-10-29 07:27:15.452 | INFO     |  5334 | mycroft.skills.settings:save_settings:116 | Skill settings successfully saved to /home/runner/.config/mycroft/skills/mycroft-configuration.mycroftai/settings.json
2021-10-29 07:27:15.460 | INFO     |  5334 | QuestionsAnswersSkill | Removing all handlers...
2021-10-29 07:27:15.462 | INFO     |  5334 | mycroft.skills.settings:save_settings:116 | Skill settings successfully saved to /home/runner/.config/mycroft/skills/fallback-query.mycroftai/settings.json
2021-10-29 07:27:15.469 | INFO     |  5334 | mycroft.skills.settings:save_settings:116 | Skill settings successfully saved to /home/runner/.config/mycroft/skills/mycroft-personal.mycroftai/settings.json
2021-10-29 07:27:15.479 | INFO     |  5334 | mycroft.skills.settings:save_settings:116 | Skill settings successfully saved to /home/runner/.config/mycroft/skills/fallback-wolfram-alpha.mycroftai/settings.json
2021-10-29 07:27:15.486 | INFO     |  5334 | mycroft.skills.settings:save_settings:116 | Skill settings successfully saved to /home/runner/.config/mycroft/skills/mycroft-wiki.mycroftai/settings.json
2021-10-29 07:27:15.492 | INFO     |  5334 | UnknownSkill | Removing all handlers...
2021-10-29 07:27:15.493 | INFO     |  5334 | mycroft.skills.settings:save_settings:116 | Skill settings successfully saved to /home/runner/.config/mycroft/skills/fallback-unknown.mycroftai/settings.json
2021-10-29 07:27:15.495 | INFO     |  5334 | mycroft.skills.settings:save_settings:116 | Skill settings successfully saved to /home/runner/.config/mycroft/skills/mycroft-playback-control.mycroftai/settings.json
2021-10-29 07:27:16.497 | INFO     |  5334 | Playback Control Skill | Audio service status: {}
2021-10-29 07:27:17.498 | WARNING  |  5334 | mycroft.skills.skill_manager:_shutdown_skill:106 | mycroft-playback-control.mycroftai shutdown took 2.0036172949999695 seconds
2021-10-29 07:27:17.499 | INFO     |  5334 | __main__:shutdown:291 | Skills service shutdown complete!
2021-10-29 07:27:18.741 | ERROR    |  5334 | websocket | error from callback <bound method MessageBusClient.on_message of <mycroft.messagebus.client.client.MessageBusClient object at 0x7fe23e72ef10>>: cannot schedule new futures after shutdown
2021-10-29 07:27:18.741 | ERROR    |  5334 | mycroft_bus_client.client.client | === RuntimeError('cannot schedule new futures after shutdown') ===
Traceback (most recent call last):
  File "/opt/mycroft-core/.venv/lib/python3.7/site-packages/websocket/_app.py", line 407, in _callback
    callback(self, *args)
  File "/opt/mycroft-core/.venv/lib/python3.7/site-packages/mycroft_bus_client/client/client.py", line 182, in on_message
    self.emitter.emit('message', message)
  File "/opt/mycroft-core/.venv/lib/python3.7/site-packages/pyee/_base.py", line 113, in emit
    handled = self._call_handlers(event, args, kwargs)
  File "/opt/mycroft-core/.venv/lib/python3.7/site-packages/pyee/_base.py", line 96, in _call_handlers
    self._emit_run(f, args, kwargs)
  File "/opt/mycroft-core/.venv/lib/python3.7/site-packages/pyee/_executor.py", line 50, in _emit_run
    future = self._executor.submit(f, *args, **kwargs)
  File "/opt/hostedtoolcache/Python/3.7.12/x64/lib/python3.7/concurrent/futures/thread.py", line 163, in submit
    raise RuntimeError('cannot schedule new futures after shutdown')
RuntimeError: cannot schedule new futures after shutdown
2021-10-29 07:27:18.742 | ERROR    |  5334 | mycroft_bus_client.client.client | Exception closing websocket: RuntimeError('cannot schedule new futures after shutdown')
2021-10-29 07:27:18.742 | WARNING  |  5334 | mycroft_bus_client.client.client | Message Bus Client will reconnect in 5.0 seconds.
