2021-10-26 15:50:44.030 | INFO     |  5758 | mycroft.messagebus.load_config:load_message_bus_config:33 | Loading message bus configs
2021-10-26 15:50:44.045 | INFO     |  5758 | mycroft_bus_client.client.client | Connected
2021-10-26 15:50:44.052 | INFO     |  5758 | mycroft.util.process_utils:start_message_bus_client:155 | Connected to messagebus
2021-10-26 15:50:44.061 | INFO     |  5758 | mycroft.skills.msm_wrapper:create_msm:96 | Acquiring lock to instantiate MSM
2021-10-26 15:50:45.215 | INFO     |  5758 | msm.mycroft_skills_manager | building SkillEntry objects for all skills
2021-10-26 15:50:45.598 | INFO     |  5758 | mycroft.skills.msm_wrapper:create_msm:112 | Releasing MSM instantiation lock.
2021-10-26 15:50:45.599 | INFO     |  5758 | mycroft.skills.skill_updater:_log_next_download_time:267 | Next scheduled skill update: 2021-10-26 15:50:44.598545
2021-10-26 15:50:45.599 | INFO     |  5758 | msm.skill_entry | Downloading skill: https://github.com/mycroftai/skill-pairing
2021-10-26 15:50:45.982 | INFO     |  5758 | msm.skill_entry | Installing system requirements...
2021-10-26 15:50:45.993 | INFO     |  5758 | msm.skill_entry | Successfully installed mycroft-pairing
2021-10-26 15:50:45.993 | INFO     |  5758 | msm.mycroft_skills_manager | invalidating skills cache
2021-10-26 15:50:45.995 | INFO     |  5758 | mycroft.skills.skill_loader:load:185 | ATTEMPTING TO LOAD SKILL: mycroft-pairing.mycroftai
2021-10-26 15:50:46.003 | INFO     |  5758 | mycroft.skills.settings:get_local_settings:83 | /opt/mycroft/skills/mycroft-pairing.mycroftai/settings.json
2021-10-26 15:50:46.023 | INFO     |  5758 | mycroft.skills.skill_loader:_check_for_first_run:324 | First run of mycroft-pairing.mycroftai
2021-10-26 15:50:46.024 | INFO     |  5758 | mycroft.skills.settings:save_settings:116 | Skill settings successfully saved to /home/runner/.config/mycroft/skills/mycroft-pairing.mycroftai/settings.json
2021-10-26 15:50:46.025 | INFO     |  5758 | mycroft.skills.skill_loader:_communicate_load_status:344 | Skill mycroft-pairing.mycroftai loaded successfully
2021-10-26 15:50:46.025 | INFO     |  5758 | msm.skill_entry | Downloading skill: https://github.com/mycroftai/skill-volume
2021-10-26 15:50:47.851 | INFO     |  5758 | msm.skill_entry | Installing system requirements...
2021-10-26 15:50:47.861 | INFO     |  5758 | msm.skill_entry | Installing requirements.txt for mycroft-volume
2021-10-26 15:50:48.997 | INFO     |  5758 | msm.skill_entry | Successfully installed mycroft-volume
2021-10-26 15:50:48.998 | INFO     |  5758 | msm.mycroft_skills_manager | invalidating skills cache
2021-10-26 15:50:48.999 | INFO     |  5758 | mycroft.skills.skill_loader:load:185 | ATTEMPTING TO LOAD SKILL: mycroft-volume.mycroftai
2021-10-26 15:50:49.021 | INFO     |  5758 | mycroft.skills.settings:get_local_settings:83 | /opt/mycroft/skills/mycroft-volume.mycroftai/settings.json
2021-10-26 15:50:49.153 | ERROR    |  5758 | VolumeSkill | Couldn't allocate mixer, ALSAAudioError('No such file or directory [default]')
2021-10-26 15:50:52.159 | INFO     |  5758 | mycroft.skills.skill_loader:_check_for_first_run:324 | First run of mycroft-volume.mycroftai
2021-10-26 15:50:52.160 | INFO     |  5758 | mycroft.skills.settings:save_settings:116 | Skill settings successfully saved to /home/runner/.config/mycroft/skills/mycroft-volume.mycroftai/settings.json
2021-10-26 15:50:52.161 | INFO     |  5758 | mycroft.skills.skill_loader:_communicate_load_status:344 | Skill mycroft-volume.mycroftai loaded successfully
2021-10-26 15:50:52.162 | INFO     |  5758 | __main__:on_started:177 | Skills service is starting up.
2021-10-26 15:50:52.228 | INFO     |  5758 | __main__:_update_system:154 | Attempting system update...
2021-10-26 15:50:55.231 | INFO     |  5758 | mycroft.enclosure.display_manager:_write_data:70 | Display Manager is creating /tmp/mycroft/ipc/managers/disp_info
2021-10-26 15:50:55.236 | INFO     |  5758 | __main__:_ensure_device_is_paired:133 | Device not paired, invoking the pairing skill
2021-10-26 15:50:55.237 | INFO     |  5758 | __main__:on_alive:181 | Skills service is alive.
2021-10-26 15:50:55.244 | INFO     |  5758 | msm.mycroft_skills_manager | building SkillEntry objects for all skills
2021-10-26 15:50:55.377 | INFO     |  5758 | PairingSkill | Communicating account URL to user
2021-10-26 15:50:55.657 | WARNING  |  5758 | msm.mycroft_skills_manager | No such default skill: mycroft-pandora
2021-10-26 15:50:55.659 | INFO     |  5758 | mycroft.skills.skill_manager:run:234 | Not all default skills are installed, performing skill update...
2021-10-26 15:50:55.659 | INFO     |  5758 | mycroft.skills.skill_updater:update_skills:149 | Beginning skill update...
2021-10-26 15:50:55.728 | INFO     |  5758 | msm.mycroft_skills_manager | building SkillEntry objects for all skills
2021-10-26 15:50:56.026 | INFO     |  5758 | msm.mycroft_skills_manager | invalidating skills cache
2021-10-26 15:50:56.069 | INFO     |  5758 | msm.skill_entry | Downloading skill: https://github.com/mycroftai/fallback-unknown
2021-10-26 15:50:56.089 | INFO     |  5758 | msm.skill_entry | Downloading skill: https://github.com/mycroftai/fallback-wolfram-alpha
2021-10-26 15:50:56.094 | INFO     |  5758 | msm.skill_entry | Downloading skill: https://github.com/mycroftai/skill-alarm
2021-10-26 15:50:56.101 | INFO     |  5758 | msm.skill_entry | Downloading skill: https://github.com/mycroftai/skill-audio-record
2021-10-26 15:50:56.104 | INFO     |  5758 | msm.skill_entry | Downloading skill: https://github.com/mycroftai/skill-configuration
2021-10-26 15:50:56.109 | INFO     |  5758 | msm.skill_entry | Downloading skill: https://github.com/mycroftai/fallback-duckduckgo
2021-10-26 15:50:56.112 | INFO     |  5758 | msm.skill_entry | Downloading skill: https://github.com/mycroftai/skill-hello-world
2021-10-26 15:50:56.125 | INFO     |  5758 | msm.skill_entry | Downloading skill: https://github.com/mycroftai/skill-installer
2021-10-26 15:50:56.128 | INFO     |  5758 | msm.skill_entry | Downloading skill: https://github.com/mycroftai/skill-ip
2021-10-26 15:50:56.138 | INFO     |  5758 | msm.skill_entry | Downloading skill: https://github.com/mycroftai/skill-date-time
2021-10-26 15:50:56.149 | INFO     |  5758 | msm.skill_entry | Downloading skill: https://github.com/mycroftai/skill-joke
2021-10-26 15:50:56.154 | INFO     |  5758 | msm.skill_entry | Downloading skill: https://github.com/mycroftai/skill-naptime
2021-10-26 15:50:56.165 | INFO     |  5758 | msm.skill_entry | Downloading skill: https://github.com/mycroftai/skill-npr-news
2021-10-26 15:50:56.170 | INFO     |  5758 | msm.skill_entry | Downloading skill: https://github.com/mycroftai/skill-personal
2021-10-26 15:50:56.182 | INFO     |  5758 | msm.skill_entry | Downloading skill: https://github.com/mycroftai/skill-playback-control
2021-10-26 15:50:56.191 | INFO     |  5758 | msm.skill_entry | Downloading skill: https://github.com/mycroftai/skill-reminder
2021-10-26 15:50:56.193 | INFO     |  5758 | msm.skill_entry | Downloading skill: https://github.com/mycroftai/skill-singing
2021-10-26 15:50:57.612 | INFO     |  5758 | msm.skill_entry | Installing system requirements...
2021-10-26 15:50:57.650 | ERROR    |  5758 | msm.mycroft_skills_manager | Error running install_or_update on homeassistant.mycroftai: MergeConflict
2021-10-26 15:50:57.652 | INFO     |  5758 | msm.skill_entry | Downloading skill: https://github.com/mycroftai/skill-speak
2021-10-26 15:50:57.658 | INFO     |  5758 | msm.skill_entry | Successfully installed fallback-unknown
2021-10-26 15:50:57.659 | INFO     |  5758 | msm.mycroft_skills_manager | invalidating skills cache
2021-10-26 15:50:57.668 | INFO     |  5758 | msm.skill_entry | Downloading skill: https://github.com/mycroftai/skill-spelling
2021-10-26 15:50:57.987 | INFO     |  5758 | msm.skill_entry | Installing system requirements...
2021-10-26 15:50:58.010 | INFO     |  5758 | msm.skill_entry | Successfully installed mycroft-hello-world
2021-10-26 15:50:58.010 | INFO     |  5758 | msm.mycroft_skills_manager | invalidating skills cache
2021-10-26 15:50:58.012 | INFO     |  5758 | msm.skill_entry | Downloading skill: https://github.com/mycroftai/skill-stop
2021-10-26 15:50:58.137 | INFO     |  5758 | msm.skill_entry | Nothing new for mycroft-volume
2021-10-26 15:50:58.143 | INFO     |  5758 | msm.skill_entry | Nothing new for mycroft-pairing
2021-10-26 15:50:58.240 | INFO     |  5758 | msm.skill_entry | Installing system requirements...
2021-10-26 15:50:58.309 | INFO     |  5758 | msm.skill_entry | Installing system requirements...
2021-10-26 15:50:58.351 | INFO     |  5758 | msm.skill_entry | Downloading skill: https://github.com/mycroftai/skill-support
2021-10-26 15:50:58.385 | INFO     |  5758 | msm.skill_entry | Installing requirements.txt for mycroft-volume
2021-10-26 15:50:58.659 | INFO     |  5758 | msm.skill_entry | Installing system requirements...
2021-10-26 15:50:58.682 | INFO     |  5758 | msm.skill_entry | Installing system requirements...
2021-10-26 15:50:58.693 | INFO     |  5758 | msm.skill_entry | Installing system requirements...
2021-10-26 15:50:58.701 | INFO     |  5758 | msm.skill_entry | Installing system requirements...
2021-10-26 15:50:58.725 | INFO     |  5758 | msm.skill_entry | Installing system requirements...
2021-10-26 15:50:58.728 | INFO     |  5758 | msm.skill_entry | Installing system requirements...
2021-10-26 15:50:58.822 | INFO     |  5758 | msm.skill_entry | Successfully installed mycroft-naptime
2021-10-26 15:50:58.823 | INFO     |  5758 | msm.mycroft_skills_manager | invalidating skills cache
2021-10-26 15:50:58.825 | INFO     |  5758 | msm.skill_entry | Downloading skill: https://github.com/mycroftai/mycroft-timer
2021-10-26 15:50:58.874 | INFO     |  5758 | msm.skill_entry | Installing system requirements...
2021-10-26 15:50:58.885 | INFO     |  5758 | msm.skill_entry | Installing requirements.txt for mycroft-audio-record
2021-10-26 15:50:58.886 | INFO     |  5758 | msm.skill_entry | Installing system requirements...
2021-10-26 15:50:58.895 | INFO     |  5758 | msm.skill_entry | Installing requirements.txt for mycroft-joke
2021-10-26 15:50:58.969 | INFO     |  5758 | msm.skill_entry | Installing requirements.txt for mycroft-fallback-duck-duck-go
2021-10-26 15:50:58.995 | INFO     |  5758 | msm.skill_entry | Successfully installed mycroft-playback-control
2021-10-26 15:50:58.996 | INFO     |  5758 | msm.mycroft_skills_manager | invalidating skills cache
2021-10-26 15:50:58.998 | INFO     |  5758 | msm.skill_entry | Downloading skill: https://github.com/mycroftai/skill-weather
2021-10-26 15:50:59.006 | INFO     |  5758 | msm.skill_entry | Installing system requirements...
2021-10-26 15:50:59.045 | INFO     |  5758 | msm.skill_entry | Installing requirements.txt for mycroft-ip
2021-10-26 15:50:59.077 | INFO     |  5758 | msm.skill_entry | Installing requirements.txt for mycroft-configuration
2021-10-26 15:50:59.093 | INFO     |  5758 | msm.skill_entry | Installing requirements.txt for fallback-wolfram-alpha
2021-10-26 15:50:59.100 | INFO     |  5758 | msm.skill_entry | Installing system requirements...
2021-10-26 15:50:59.114 | INFO     |  5758 | msm.skill_entry | Installing system requirements...
2021-10-26 15:50:59.120 | INFO     |  5758 | msm.skill_entry | Installing system requirements...
2021-10-26 15:50:59.174 | INFO     |  5758 | msm.skill_entry | Successfully installed mycroft-speak
2021-10-26 15:50:59.174 | INFO     |  5758 | msm.mycroft_skills_manager | invalidating skills cache
2021-10-26 15:50:59.175 | INFO     |  5758 | msm.skill_entry | Downloading skill: https://github.com/mycroftai/skill-version-checker
2021-10-26 15:50:59.232 | INFO     |  5758 | msm.skill_entry | Installing system requirements...
2021-10-26 15:50:59.241 | INFO     |  5758 | msm.skill_entry | Successfully installed mycroft-reminder
2021-10-26 15:50:59.247 | INFO     |  5758 | msm.mycroft_skills_manager | invalidating skills cache
2021-10-26 15:50:59.250 | INFO     |  5758 | msm.skill_entry | Installing system requirements...
2021-10-26 15:50:59.254 | INFO     |  5758 | msm.skill_entry | Downloading skill: https://github.com/mycroftai/skill-wiki
2021-10-26 15:50:59.260 | INFO     |  5758 | msm.skill_entry | Successfully installed mycroft-stop
2021-10-26 15:50:59.260 | INFO     |  5758 | msm.mycroft_skills_manager | invalidating skills cache
2021-10-26 15:50:59.262 | INFO     |  5758 | msm.skill_entry | Downloading skill: https://github.com/MycroftAI/skill-query
2021-10-26 15:50:59.299 | INFO     |  5758 | msm.skill_entry | Successfully installed mycroft-personal
2021-10-26 15:50:59.300 | INFO     |  5758 | msm.mycroft_skills_manager | invalidating skills cache
2021-10-26 15:50:59.386 | INFO     |  5758 | msm.skill_entry | Installing requirements.txt for mycroft-installer
2021-10-26 15:50:59.431 | INFO     |  5758 | msm.skill_entry | Installing requirements.txt for mycroft-date-time
2021-10-26 15:50:59.463 | INFO     |  5758 | msm.skill_entry | Installing system requirements...
2021-10-26 15:50:59.507 | INFO     |  5758 | msm.skill_entry | Installing system requirements...
2021-10-26 15:50:59.595 | INFO     |  5758 | msm.skill_entry | Installing requirements.txt for mycroft-alarm
2021-10-26 15:50:59.596 | INFO     |  5758 | msm.skill_entry | Installing system requirements...
2021-10-26 15:50:59.640 | INFO     |  5758 | msm.skill_entry | Successfully installed mycroft-singing
2021-10-26 15:50:59.640 | INFO     |  5758 | msm.mycroft_skills_manager | invalidating skills cache
2021-10-26 15:50:59.653 | INFO     |  5758 | msm.skill_entry | Installing system requirements...
2021-10-26 15:50:59.720 | INFO     |  5758 | msm.skill_entry | Installing requirements.txt for mycroft-support-helper
2021-10-26 15:50:59.757 | INFO     |  5758 | msm.skill_entry | Installing requirements.txt for mycroft-npr-news
2021-10-26 15:50:59.792 | INFO     |  5758 | msm.skill_entry | Installing system requirements...
2021-10-26 15:50:59.829 | INFO     |  5758 | msm.skill_entry | Successfully installed mycroft-spelling
2021-10-26 15:50:59.829 | INFO     |  5758 | msm.mycroft_skills_manager | invalidating skills cache
2021-10-26 15:51:00.049 | ERROR    |  5758 | msm.mycroft_skills_manager | Error running install_or_update on homeassistant: MergeConflict
2021-10-26 15:51:00.149 | INFO     |  5758 | msm.skill_entry | Installing system requirements...
2021-10-26 15:51:00.178 | INFO     |  5758 | msm.skill_entry | Successfully installed mycroft-timer
2021-10-26 15:51:00.180 | INFO     |  5758 | msm.mycroft_skills_manager | invalidating skills cache
2021-10-26 15:51:00.187 | INFO     |  5758 | msm.skill_entry | Installing system requirements...
2021-10-26 15:51:00.221 | INFO     |  5758 | msm.skill_entry | Installing requirements.txt for mycroft-wiki
2021-10-26 15:51:00.244 | INFO     |  5758 | msm.skill_entry | Installing system requirements...
2021-10-26 15:51:00.263 | INFO     |  5758 | msm.skill_entry | Successfully installed mycroft-version-checker
2021-10-26 15:51:00.264 | INFO     |  5758 | msm.mycroft_skills_manager | invalidating skills cache
2021-10-26 15:51:00.886 | INFO     |  5758 | msm.skill_entry | Installing system requirements...
2021-10-26 15:51:00.911 | INFO     |  5758 | msm.skill_entry | Successfully installed fallback-query
2021-10-26 15:51:00.911 | INFO     |  5758 | msm.mycroft_skills_manager | invalidating skills cache
2021-10-26 15:51:01.677 | INFO     |  5758 | msm.skill_entry | Installing system requirements...
2021-10-26 15:51:01.717 | INFO     |  5758 | msm.skill_entry | Installing requirements.txt for mycroft-weather
2021-10-26 15:51:02.249 | INFO     |  5758 | msm.skill_entry | Successfully installed mycroft-audio-record
2021-10-26 15:51:02.250 | INFO     |  5758 | msm.mycroft_skills_manager | invalidating skills cache
2021-10-26 15:51:03.831 | INFO     |  5758 | msm.skill_entry | Successfully installed mycroft-joke
2021-10-26 15:51:03.832 | INFO     |  5758 | msm.mycroft_skills_manager | invalidating skills cache
2021-10-26 15:51:05.247 | INFO     |  5758 | msm.skill_entry | Successfully installed mycroft-fallback-duck-duck-go
2021-10-26 15:51:05.248 | INFO     |  5758 | msm.mycroft_skills_manager | invalidating skills cache
2021-10-26 15:51:06.376 | INFO     |  5758 | msm.skill_entry | Successfully installed mycroft-ip
2021-10-26 15:51:06.377 | INFO     |  5758 | msm.mycroft_skills_manager | invalidating skills cache
2021-10-26 15:51:09.839 | INFO     |  5758 | msm.skill_entry | Successfully installed mycroft-configuration
2021-10-26 15:51:09.839 | INFO     |  5758 | msm.mycroft_skills_manager | invalidating skills cache
2021-10-26 15:51:14.582 | INFO     |  5758 | msm.skill_entry | Successfully installed fallback-wolfram-alpha
2021-10-26 15:51:14.582 | INFO     |  5758 | msm.mycroft_skills_manager | invalidating skills cache
2021-10-26 15:51:15.747 | INFO     |  5758 | msm.skill_entry | Successfully installed mycroft-installer
2021-10-26 15:51:15.776 | INFO     |  5758 | msm.mycroft_skills_manager | invalidating skills cache
2021-10-26 15:51:25.723 | INFO     |  5758 | PairingSkill | Initiating device pairing sequence...
2021-10-26 15:51:25.723 | INFO     |  5758 | PairingSkill | Retrieving pairing code from device API...
2021-10-26 15:51:25.998 | INFO     |  5758 | PairingSkill | Pairing code obtained: AX7UXF
2021-10-26 15:51:25.999 | INFO     |  5758 | PairingSkill | Communicating pairing URL to user
2021-10-26 15:51:36.512 | INFO     |  5758 | msm.skill_entry | Successfully installed mycroft-date-time
2021-10-26 15:51:36.513 | INFO     |  5758 | msm.mycroft_skills_manager | invalidating skills cache
2021-10-26 15:51:37.725 | INFO     |  5758 | msm.skill_entry | Successfully installed mycroft-alarm
2021-10-26 15:51:37.726 | INFO     |  5758 | msm.mycroft_skills_manager | invalidating skills cache
2021-10-26 15:51:40.435 | INFO     |  5758 | msm.skill_entry | Successfully installed mycroft-support-helper
2021-10-26 15:51:40.436 | INFO     |  5758 | msm.mycroft_skills_manager | invalidating skills cache
2021-10-26 15:51:44.710 | INFO     |  5758 | msm.skill_entry | Successfully installed mycroft-npr-news
2021-10-26 15:51:44.711 | INFO     |  5758 | msm.mycroft_skills_manager | invalidating skills cache
2021-10-26 15:51:47.855 | INFO     |  5758 | msm.skill_entry | Successfully installed mycroft-wiki
2021-10-26 15:51:47.856 | INFO     |  5758 | msm.mycroft_skills_manager | invalidating skills cache
2021-10-26 15:51:49.154 | INFO     |  5758 | msm.skill_entry | Successfully installed mycroft-weather
2021-10-26 15:51:49.155 | INFO     |  5758 | msm.mycroft_skills_manager | invalidating skills cache
2021-10-26 15:51:49.223 | INFO     |  5758 | mycroft.skills.skill_updater:_log_next_download_time:267 | Next scheduled skill update: 2021-10-26 16:51:49.222905
2021-10-26 15:51:49.223 | INFO     |  5758 | mycroft.skills.skill_updater:update_skills:170 | Skill update complete
2021-10-26 15:51:49.224 | INFO     |  5758 | mycroft.skills.skill_manager:_load_on_startup:273 | Loading installed skills...
2021-10-26 15:51:49.225 | INFO     |  5758 | mycroft.skills.skill_loader:load:185 | ATTEMPTING TO LOAD SKILL: mycroft-ip.mycroftai
2021-10-26 15:51:49.296 | INFO     |  5758 | mycroft.skills.settings:get_local_settings:83 | /opt/mycroft/skills/mycroft-ip.mycroftai/settings.json
2021-10-26 15:51:49.324 | INFO     |  5758 | mycroft.skills.skill_loader:_check_for_first_run:324 | First run of mycroft-ip.mycroftai
2021-10-26 15:51:49.328 | INFO     |  5758 | mycroft.skills.settings:save_settings:116 | Skill settings successfully saved to /home/runner/.config/mycroft/skills/mycroft-ip.mycroftai/settings.json
2021-10-26 15:51:49.329 | INFO     |  5758 | mycroft.skills.skill_loader:_communicate_load_status:344 | Skill mycroft-ip.mycroftai loaded successfully
2021-10-26 15:51:49.329 | INFO     |  5758 | mycroft.skills.skill_loader:load:185 | ATTEMPTING TO LOAD SKILL: mycroft-reminder.mycroftai
2021-10-26 15:51:49.352 | INFO     |  5758 | mycroft.skills.settings:get_local_settings:83 | /opt/mycroft/skills/mycroft-reminder.mycroftai/settings.json
2021-10-26 15:51:49.405 | INFO     |  5758 | mycroft.skills.skill_loader:_check_for_first_run:324 | First run of mycroft-reminder.mycroftai
2021-10-26 15:51:49.406 | INFO     |  5758 | mycroft.skills.settings:save_settings:116 | Skill settings successfully saved to /home/runner/.config/mycroft/skills/mycroft-reminder.mycroftai/settings.json
2021-10-26 15:51:49.418 | INFO     |  5758 | mycroft.skills.skill_loader:_communicate_load_status:344 | Skill mycroft-reminder.mycroftai loaded successfully
2021-10-26 15:51:49.418 | INFO     |  5758 | mycroft.skills.skill_loader:load:185 | ATTEMPTING TO LOAD SKILL: mycroft-installer.mycroftai
2021-10-26 15:51:49.428 | INFO     |  5758 | mycroft.skills.settings:get_local_settings:83 | /opt/mycroft/skills/mycroft-installer.mycroftai/settings.json
2021-10-26 15:51:49.463 | INFO     |  5758 | mycroft.skills.skill_loader:_check_for_first_run:324 | First run of mycroft-installer.mycroftai
2021-10-26 15:51:49.464 | INFO     |  5758 | mycroft.skills.settings:save_settings:116 | Skill settings successfully saved to /home/runner/.config/mycroft/skills/mycroft-installer.mycroftai/settings.json
2021-10-26 15:51:49.469 | INFO     |  5758 | mycroft.skills.skill_loader:_communicate_load_status:344 | Skill mycroft-installer.mycroftai loaded successfully
2021-10-26 15:51:49.469 | INFO     |  5758 | mycroft.skills.skill_loader:load:185 | ATTEMPTING TO LOAD SKILL: mycroft-version-checker.mycroftai
2021-10-26 15:51:49.480 | INFO     |  5758 | mycroft.skills.settings:get_local_settings:83 | /opt/mycroft/skills/mycroft-version-checker.mycroftai/settings.json
2021-10-26 15:51:49.509 | INFO     |  5758 | mycroft.skills.skill_loader:_check_for_first_run:324 | First run of mycroft-version-checker.mycroftai
2021-10-26 15:51:49.510 | INFO     |  5758 | mycroft.skills.settings:save_settings:116 | Skill settings successfully saved to /home/runner/.config/mycroft/skills/mycroft-version-checker.mycroftai/settings.json
2021-10-26 15:51:49.525 | INFO     |  5758 | mycroft.skills.skill_loader:_communicate_load_status:344 | Skill mycroft-version-checker.mycroftai loaded successfully
2021-10-26 15:51:49.525 | INFO     |  5758 | mycroft.skills.skill_loader:load:185 | ATTEMPTING TO LOAD SKILL: mycroft-singing.mycroftai
2021-10-26 15:51:49.561 | INFO     |  5758 | mycroft.skills.settings:get_local_settings:83 | /opt/mycroft/skills/mycroft-singing.mycroftai/settings.json
2021-10-26 15:51:49.584 | INFO     |  5758 | mycroft.skills.skill_loader:_check_for_first_run:324 | First run of mycroft-singing.mycroftai
2021-10-26 15:51:49.585 | INFO     |  5758 | mycroft.skills.settings:save_settings:116 | Skill settings successfully saved to /home/runner/.config/mycroft/skills/mycroft-singing.mycroftai/settings.json
2021-10-26 15:51:49.589 | INFO     |  5758 | mycroft.skills.skill_loader:_communicate_load_status:344 | Skill mycroft-singing.mycroftai loaded successfully
2021-10-26 15:51:49.590 | INFO     |  5758 | mycroft.skills.skill_loader:load:185 | ATTEMPTING TO LOAD SKILL: mycroft-joke.mycroftai
2021-10-26 15:51:49.598 | INFO     |  5758 | mycroft.skills.settings:get_local_settings:83 | /opt/mycroft/skills/mycroft-joke.mycroftai/settings.json
2021-10-26 15:51:49.619 | INFO     |  5758 | mycroft.skills.skill_loader:_check_for_first_run:324 | First run of mycroft-joke.mycroftai
2021-10-26 15:51:49.629 | INFO     |  5758 | mycroft.skills.settings:save_settings:116 | Skill settings successfully saved to /home/runner/.config/mycroft/skills/mycroft-joke.mycroftai/settings.json
2021-10-26 15:51:49.634 | INFO     |  5758 | mycroft.skills.skill_loader:_communicate_load_status:344 | Skill mycroft-joke.mycroftai loaded successfully
2021-10-26 15:51:49.634 | INFO     |  5758 | mycroft.skills.skill_loader:load:185 | ATTEMPTING TO LOAD SKILL: mycroft-timer.mycroftai
2021-10-26 15:51:49.668 | INFO     |  5758 | mycroft.skills.settings:get_local_settings:83 | /opt/mycroft/skills/mycroft-timer.mycroftai/settings.json
2021-10-26 15:51:49.768 | INFO     |  5758 | mycroft.skills.skill_loader:_check_for_first_run:324 | First run of mycroft-timer.mycroftai
2021-10-26 15:51:49.768 | INFO     |  5758 | mycroft.skills.settings:save_settings:116 | Skill settings successfully saved to /home/runner/.config/mycroft/skills/mycroft-timer.mycroftai/settings.json
2021-10-26 15:51:49.775 | INFO     |  5758 | mycroft.skills.skill_loader:_communicate_load_status:344 | Skill mycroft-timer.mycroftai loaded successfully
2021-10-26 15:51:49.775 | INFO     |  5758 | mycroft.skills.skill_loader:load:185 | ATTEMPTING TO LOAD SKILL: homeassistant.mycroftai
2021-10-26 15:51:50.181 | INFO     |  5758 | mycroft.skills.settings:get_local_settings:83 | /opt/mycroft/skills/homeassistant.mycroftai/settings.json
2021-10-26 15:51:50.182 | INFO     |  5758 | mycroft.skills.settings:get_local_settings:83 | /opt/mycroft/skills/homeassistant.mycroftai/settings.json
2021-10-26 15:51:50.259 | INFO     |  5758 | mycroft.skills.skill_loader:_communicate_load_status:344 | Skill homeassistant.mycroftai loaded successfully
2021-10-26 15:51:50.260 | INFO     |  5758 | mycroft.skills.skill_loader:load:185 | ATTEMPTING TO LOAD SKILL: mycroft-alarm.mycroftai
2021-10-26 15:51:50.311 | INFO     |  5758 | mycroft.skills.settings:get_local_settings:83 | /opt/mycroft/skills/mycroft-alarm.mycroftai/settings.json
2021-10-26 15:51:50.333 | ERROR    |  5758 | AlarmSkill | Couldn't allocate mixer, ALSAAudioError('No such file or directory [default]')
2021-10-26 15:51:50.429 | INFO     |  5758 | mycroft.skills.skill_loader:_check_for_first_run:324 | First run of mycroft-alarm.mycroftai
2021-10-26 15:51:50.430 | INFO     |  5758 | mycroft.skills.settings:save_settings:116 | Skill settings successfully saved to /home/runner/.config/mycroft/skills/mycroft-alarm.mycroftai/settings.json
2021-10-26 15:51:50.434 | INFO     |  5758 | mycroft.skills.skill_loader:_communicate_load_status:344 | Skill mycroft-alarm.mycroftai loaded successfully
2021-10-26 15:51:50.435 | INFO     |  5758 | mycroft.skills.skill_loader:load:185 | ATTEMPTING TO LOAD SKILL: mycroft-naptime.mycroftai
2021-10-26 15:51:50.439 | INFO     |  5758 | mycroft.skills.settings:get_local_settings:83 | /opt/mycroft/skills/mycroft-naptime.mycroftai/settings.json
2021-10-26 15:51:50.470 | INFO     |  5758 | mycroft.skills.skill_loader:_check_for_first_run:324 | First run of mycroft-naptime.mycroftai
2021-10-26 15:51:50.471 | INFO     |  5758 | mycroft.skills.settings:save_settings:116 | Skill settings successfully saved to /home/runner/.config/mycroft/skills/mycroft-naptime.mycroftai/settings.json
2021-10-26 15:51:50.478 | INFO     |  5758 | mycroft.skills.skill_loader:_communicate_load_status:344 | Skill mycroft-naptime.mycroftai loaded successfully
2021-10-26 15:51:50.481 | INFO     |  5758 | mycroft.skills.skill_loader:load:185 | ATTEMPTING TO LOAD SKILL: mycroft-spelling.mycroftai
2021-10-26 15:51:50.489 | INFO     |  5758 | mycroft.skills.settings:get_local_settings:83 | /opt/mycroft/skills/mycroft-spelling.mycroftai/settings.json
2021-10-26 15:51:50.512 | INFO     |  5758 | mycroft.skills.skill_loader:_check_for_first_run:324 | First run of mycroft-spelling.mycroftai
2021-10-26 15:51:50.513 | INFO     |  5758 | mycroft.skills.settings:save_settings:116 | Skill settings successfully saved to /home/runner/.config/mycroft/skills/mycroft-spelling.mycroftai/settings.json
2021-10-26 15:51:50.523 | INFO     |  5758 | mycroft.skills.skill_loader:_communicate_load_status:344 | Skill mycroft-spelling.mycroftai loaded successfully
2021-10-26 15:51:50.524 | INFO     |  5758 | mycroft.skills.skill_loader:load:185 | ATTEMPTING TO LOAD SKILL: mycroft-fallback-duck-duck-go.mycroftai
2021-10-26 15:51:50.549 | INFO     |  5758 | mycroft.skills.settings:get_local_settings:83 | /opt/mycroft/skills/mycroft-fallback-duck-duck-go.mycroftai/settings.json
2021-10-26 15:51:50.574 | INFO     |  5758 | mycroft.skills.skill_loader:_check_for_first_run:324 | First run of mycroft-fallback-duck-duck-go.mycroftai
2021-10-26 15:51:50.575 | INFO     |  5758 | mycroft.skills.settings:save_settings:116 | Skill settings successfully saved to /home/runner/.config/mycroft/skills/mycroft-fallback-duck-duck-go.mycroftai/settings.json
2021-10-26 15:51:50.590 | INFO     |  5758 | mycroft.skills.skill_loader:_communicate_load_status:344 | Skill mycroft-fallback-duck-duck-go.mycroftai loaded successfully
2021-10-26 15:51:50.592 | INFO     |  5758 | mycroft.skills.skill_loader:load:185 | ATTEMPTING TO LOAD SKILL: mycroft-npr-news.mycroftai
2021-10-26 15:51:50.731 | INFO     |  5758 | mycroft.skills.settings:get_local_settings:83 | /opt/mycroft/skills/mycroft-npr-news.mycroftai/settings.json
2021-10-26 15:51:51.780 | INFO     |  5758 | mycroft.skills.skill_loader:_check_for_first_run:324 | First run of mycroft-npr-news.mycroftai
2021-10-26 15:51:51.781 | INFO     |  5758 | mycroft.skills.settings:save_settings:116 | Skill settings successfully saved to /home/runner/.config/mycroft/skills/mycroft-npr-news.mycroftai/settings.json
2021-10-26 15:51:51.782 | INFO     |  5758 | mycroft.skills.skill_loader:_communicate_load_status:344 | Skill mycroft-npr-news.mycroftai loaded successfully
2021-10-26 15:51:51.783 | INFO     |  5758 | mycroft.skills.skill_loader:load:185 | ATTEMPTING TO LOAD SKILL: mycroft-support-helper.mycroftai
2021-10-26 15:51:51.795 | INFO     |  5758 | mycroft.skills.settings:get_local_settings:83 | /opt/mycroft/skills/mycroft-support-helper.mycroftai/settings.json
2021-10-26 15:51:51.808 | INFO     |  5758 | mycroft.skills.skill_loader:_check_for_first_run:324 | First run of mycroft-support-helper.mycroftai
2021-10-26 15:51:51.809 | INFO     |  5758 | mycroft.skills.settings:save_settings:116 | Skill settings successfully saved to /home/runner/.config/mycroft/skills/mycroft-support-helper.mycroftai/settings.json
2021-10-26 15:51:51.813 | INFO     |  5758 | mycroft.skills.skill_loader:_communicate_load_status:344 | Skill mycroft-support-helper.mycroftai loaded successfully
2021-10-26 15:51:51.814 | INFO     |  5758 | mycroft.skills.skill_loader:load:185 | ATTEMPTING TO LOAD SKILL: mycroft-weather.mycroftai
2021-10-26 15:51:51.833 | INFO     |  5758 | mycroft.skills.settings:get_local_settings:83 | /opt/mycroft/skills/mycroft-weather.mycroftai/settings.json
2021-10-26 15:51:51.974 | INFO     |  5758 | mycroft.skills.skill_loader:_check_for_first_run:324 | First run of mycroft-weather.mycroftai
2021-10-26 15:51:51.988 | INFO     |  5758 | mycroft.skills.settings:save_settings:116 | Skill settings successfully saved to /home/runner/.config/mycroft/skills/mycroft-weather.mycroftai/settings.json
2021-10-26 15:51:51.992 | INFO     |  5758 | mycroft.skills.skill_loader:_communicate_load_status:344 | Skill mycroft-weather.mycroftai loaded successfully
2021-10-26 15:51:51.992 | INFO     |  5758 | mycroft.skills.skill_loader:load:185 | ATTEMPTING TO LOAD SKILL: mycroft-speak.mycroftai
2021-10-26 15:51:52.002 | INFO     |  5758 | mycroft.skills.settings:get_local_settings:83 | /opt/mycroft/skills/mycroft-speak.mycroftai/settings.json
2021-10-26 15:51:52.041 | INFO     |  5758 | mycroft.skills.skill_loader:_check_for_first_run:324 | First run of mycroft-speak.mycroftai
2021-10-26 15:51:52.042 | INFO     |  5758 | mycroft.skills.settings:save_settings:116 | Skill settings successfully saved to /home/runner/.config/mycroft/skills/mycroft-speak.mycroftai/settings.json
2021-10-26 15:51:52.043 | INFO     |  5758 | mycroft.skills.skill_loader:_communicate_load_status:344 | Skill mycroft-speak.mycroftai loaded successfully
2021-10-26 15:51:52.050 | INFO     |  5758 | mycroft.skills.skill_loader:load:185 | ATTEMPTING TO LOAD SKILL: mycroft-audio-record.mycroftai
2021-10-26 15:51:52.064 | INFO     |  5758 | mycroft.skills.settings:get_local_settings:83 | /opt/mycroft/skills/mycroft-audio-record.mycroftai/settings.json
2021-10-26 15:51:52.098 | INFO     |  5758 | mycroft.skills.skill_loader:_check_for_first_run:324 | First run of mycroft-audio-record.mycroftai
2021-10-26 15:51:52.102 | INFO     |  5758 | mycroft.skills.settings:save_settings:116 | Skill settings successfully saved to /home/runner/.config/mycroft/skills/mycroft-audio-record.mycroftai/settings.json
2021-10-26 15:51:52.117 | INFO     |  5758 | mycroft.skills.skill_loader:_communicate_load_status:344 | Skill mycroft-audio-record.mycroftai loaded successfully
2021-10-26 15:51:52.118 | INFO     |  5758 | mycroft.skills.skill_loader:load:185 | ATTEMPTING TO LOAD SKILL: mycroft-stop.mycroftai
2021-10-26 15:51:52.147 | INFO     |  5758 | mycroft.skills.settings:get_local_settings:83 | /opt/mycroft/skills/mycroft-stop.mycroftai/settings.json
2021-10-26 15:51:52.202 | INFO     |  5758 | mycroft.skills.skill_loader:_check_for_first_run:324 | First run of mycroft-stop.mycroftai
2021-10-26 15:51:52.203 | INFO     |  5758 | mycroft.skills.settings:save_settings:116 | Skill settings successfully saved to /home/runner/.config/mycroft/skills/mycroft-stop.mycroftai/settings.json
2021-10-26 15:51:52.223 | INFO     |  5758 | mycroft.skills.skill_loader:_communicate_load_status:344 | Skill mycroft-stop.mycroftai loaded successfully
2021-10-26 15:51:52.223 | INFO     |  5758 | mycroft.skills.skill_loader:load:185 | ATTEMPTING TO LOAD SKILL: mycroft-hello-world.mycroftai
2021-10-26 15:51:52.231 | INFO     |  5758 | mycroft.skills.settings:get_local_settings:83 | /opt/mycroft/skills/mycroft-hello-world.mycroftai/settings.json
2021-10-26 15:51:52.256 | INFO     |  5758 | mycroft.skills.skill_loader:_check_for_first_run:324 | First run of mycroft-hello-world.mycroftai
2021-10-26 15:51:52.257 | INFO     |  5758 | mycroft.skills.settings:save_settings:116 | Skill settings successfully saved to /home/runner/.config/mycroft/skills/mycroft-hello-world.mycroftai/settings.json
2021-10-26 15:51:52.264 | INFO     |  5758 | mycroft.skills.skill_loader:_communicate_load_status:344 | Skill mycroft-hello-world.mycroftai loaded successfully
2021-10-26 15:51:52.265 | INFO     |  5758 | mycroft.skills.skill_loader:load:185 | ATTEMPTING TO LOAD SKILL: mycroft-date-time.mycroftai
2021-10-26 15:51:52.846 | INFO     |  5758 | mycroft.skills.settings:get_local_settings:83 | /opt/mycroft/skills/mycroft-date-time.mycroftai/settings.json
2021-10-26 15:51:52.884 | INFO     |  5758 | TimeSkill | Registering resting screen <bound method TimeSkill.handle_idle of <mycroft-date-time_mycroftai.TimeSkill object at 0x7f68901df710>> for Time and Date.
2021-10-26 15:51:52.886 | INFO     |  5758 | TimeSkill | Registering resting screen
2021-10-26 15:51:52.892 | INFO     |  5758 | mycroft.skills.skill_loader:_check_for_first_run:324 | First run of mycroft-date-time.mycroftai
2021-10-26 15:51:52.894 | INFO     |  5758 | mycroft.skills.settings:save_settings:116 | Skill settings successfully saved to /home/runner/.config/mycroft/skills/mycroft-date-time.mycroftai/settings.json
2021-10-26 15:51:52.909 | INFO     |  5758 | mycroft.skills.skill_loader:_communicate_load_status:344 | Skill mycroft-date-time.mycroftai loaded successfully
2021-10-26 15:51:52.909 | INFO     |  5758 | mycroft.skills.skill_loader:load:185 | ATTEMPTING TO LOAD SKILL: mycroft-configuration.mycroftai
2021-10-26 15:51:52.916 | INFO     |  5758 | mycroft.skills.settings:get_local_settings:83 | /opt/mycroft/skills/mycroft-configuration.mycroftai/settings.json
2021-10-26 15:51:52.950 | INFO     |  5758 | mycroft.skills.skill_loader:_check_for_first_run:324 | First run of mycroft-configuration.mycroftai
2021-10-26 15:51:52.951 | INFO     |  5758 | mycroft.skills.settings:save_settings:116 | Skill settings successfully saved to /home/runner/.config/mycroft/skills/mycroft-configuration.mycroftai/settings.json
2021-10-26 15:51:52.995 | INFO     |  5758 | mycroft.skills.skill_loader:_communicate_load_status:344 | Skill mycroft-configuration.mycroftai loaded successfully
2021-10-26 15:51:52.996 | INFO     |  5758 | mycroft.skills.skill_loader:load:185 | ATTEMPTING TO LOAD SKILL: fallback-query.mycroftai
2021-10-26 15:51:53.006 | INFO     |  5758 | mycroft.skills.settings:get_local_settings:83 | /opt/mycroft/skills/fallback-query.mycroftai/settings.json
2021-10-26 15:51:53.219 | INFO     |  5758 | mycroft.skills.skill_loader:_check_for_first_run:324 | First run of fallback-query.mycroftai
2021-10-26 15:51:53.222 | INFO     |  5758 | mycroft.skills.settings:save_settings:116 | Skill settings successfully saved to /home/runner/.config/mycroft/skills/fallback-query.mycroftai/settings.json
2021-10-26 15:51:53.224 | INFO     |  5758 | mycroft.skills.skill_loader:_communicate_load_status:344 | Skill fallback-query.mycroftai loaded successfully
2021-10-26 15:51:53.227 | INFO     |  5758 | mycroft.skills.skill_loader:load:185 | ATTEMPTING TO LOAD SKILL: mycroft-personal.mycroftai
2021-10-26 15:51:53.246 | INFO     |  5758 | mycroft.skills.settings:get_local_settings:83 | /opt/mycroft/skills/mycroft-personal.mycroftai/settings.json
2021-10-26 15:51:53.274 | INFO     |  5758 | mycroft.skills.skill_loader:_check_for_first_run:324 | First run of mycroft-personal.mycroftai
2021-10-26 15:51:53.274 | INFO     |  5758 | mycroft.skills.settings:save_settings:116 | Skill settings successfully saved to /home/runner/.config/mycroft/skills/mycroft-personal.mycroftai/settings.json
2021-10-26 15:51:53.275 | INFO     |  5758 | mycroft.skills.skill_loader:_communicate_load_status:344 | Skill mycroft-personal.mycroftai loaded successfully
2021-10-26 15:51:53.276 | INFO     |  5758 | mycroft.skills.skill_loader:load:185 | ATTEMPTING TO LOAD SKILL: fallback-wolfram-alpha.mycroftai
2021-10-26 15:51:53.327 | INFO     |  5758 | mycroft.skills.settings:get_local_settings:83 | /opt/mycroft/skills/fallback-wolfram-alpha.mycroftai/settings.json
2021-10-26 15:51:53.351 | INFO     |  5758 | mycroft.skills.skill_loader:_check_for_first_run:324 | First run of fallback-wolfram-alpha.mycroftai
2021-10-26 15:51:53.352 | INFO     |  5758 | mycroft.skills.settings:save_settings:116 | Skill settings successfully saved to /home/runner/.config/mycroft/skills/fallback-wolfram-alpha.mycroftai/settings.json
2021-10-26 15:51:53.353 | INFO     |  5758 | mycroft.skills.skill_loader:_communicate_load_status:344 | Skill fallback-wolfram-alpha.mycroftai loaded successfully
2021-10-26 15:51:53.353 | INFO     |  5758 | mycroft.skills.skill_loader:load:185 | ATTEMPTING TO LOAD SKILL: mycroft-wiki.mycroftai
2021-10-26 15:51:53.377 | INFO     |  5758 | mycroft.skills.settings:get_local_settings:83 | /opt/mycroft/skills/mycroft-wiki.mycroftai/settings.json
2021-10-26 15:51:53.391 | INFO     |  5758 | mycroft.skills.skill_loader:_check_for_first_run:324 | First run of mycroft-wiki.mycroftai
2021-10-26 15:51:53.392 | INFO     |  5758 | mycroft.skills.settings:save_settings:116 | Skill settings successfully saved to /home/runner/.config/mycroft/skills/mycroft-wiki.mycroftai/settings.json
2021-10-26 15:51:53.393 | INFO     |  5758 | mycroft.skills.skill_loader:_communicate_load_status:344 | Skill mycroft-wiki.mycroftai loaded successfully
2021-10-26 15:51:53.394 | INFO     |  5758 | mycroft.skills.skill_loader:load:185 | ATTEMPTING TO LOAD SKILL: fallback-unknown.mycroftai
2021-10-26 15:51:53.399 | INFO     |  5758 | mycroft.skills.settings:get_local_settings:83 | /opt/mycroft/skills/fallback-unknown.mycroftai/settings.json
2021-10-26 15:51:53.411 | INFO     |  5758 | mycroft.skills.skill_loader:_check_for_first_run:324 | First run of fallback-unknown.mycroftai
2021-10-26 15:51:53.411 | INFO     |  5758 | mycroft.skills.settings:save_settings:116 | Skill settings successfully saved to /home/runner/.config/mycroft/skills/fallback-unknown.mycroftai/settings.json
2021-10-26 15:51:53.412 | INFO     |  5758 | mycroft.skills.skill_loader:_communicate_load_status:344 | Skill fallback-unknown.mycroftai loaded successfully
2021-10-26 15:51:53.414 | INFO     |  5758 | mycroft.skills.skill_loader:load:185 | ATTEMPTING TO LOAD SKILL: mycroft-playback-control.mycroftai
2021-10-26 15:51:53.421 | INFO     |  5758 | mycroft.skills.settings:get_local_settings:83 | /opt/mycroft/skills/mycroft-playback-control.mycroftai/settings.json
2021-10-26 15:51:53.468 | INFO     |  5758 | mycroft.skills.skill_loader:_check_for_first_run:324 | First run of mycroft-playback-control.mycroftai
2021-10-26 15:51:53.469 | INFO     |  5758 | mycroft.skills.settings:save_settings:116 | Skill settings successfully saved to /home/runner/.config/mycroft/skills/mycroft-playback-control.mycroftai/settings.json
2021-10-26 15:51:53.473 | INFO     |  5758 | mycroft.skills.skill_loader:_communicate_load_status:344 | Skill mycroft-playback-control.mycroftai loaded successfully
2021-10-26 15:51:53.474 | INFO     |  5758 | mycroft.skills.skill_manager:_load_on_startup:275 | Skills all loaded!
2021-10-26 15:51:53.555 | INFO     |  5758 | __main__:on_ready:185 | Skills service is ready.
2021-10-26 15:51:53.663 | INFO     |  5758 | mycroft.skills.intent_services.padatious_service:train:151 | Training... (single_thread=False)
Regenerated mycroft-alarm.mycroftai:{daytype}.
2021-10-26 15:51:56.461 | INFO     |  5758 | mycroft.skills.settings:save_settings:116 | Skill settings successfully saved to /home/runner/.config/mycroft/skills/mycroft-pairing.mycroftai/settings.json
2021-10-26 15:51:56.730 | INFO     |  5758 | mycroft.skills.settings:save_settings:116 | Skill settings successfully saved to /home/runner/.config/mycroft/skills/mycroft-timer.mycroftai/settings.json
Regenerated mycroft-reminder.mycroftai:GetNextReminders.intent.
Regenerated mycroft-reminder.mycroftai:SnoozeReminder.intent.
Regenerated mycroft-reminder.mycroftai:ClearReminders.intent.
Regenerated mycroft-reminder.mycroftai:UnspecifiedReminderAt.intent.
Regenerated mycroft-reminder.mycroftai:DeleteReminderForDay.intent.
Regenerated mycroft-reminder.mycroftai:ReminderAt.intent.
Regenerated mycroft-reminder.mycroftai:Reminder.intent.
Regenerated mycroft-reminder.mycroftai:CancelActiveReminder.intent.
Regenerated homeassistant.mycroftai:tracker.intent.
Regenerated homeassistant.mycroftai:toggle.intent.
Regenerated homeassistant.mycroftai:turn.off.intent.
Regenerated homeassistant.mycroftai:cover.stop.intent.
Regenerated homeassistant.mycroftai:set.light.brightness.intent.
Regenerated homeassistant.mycroftai:add.item.shopping.list.intent.
Regenerated homeassistant.mycroftai:decrease.light.brightness.intent.
Regenerated homeassistant.mycroftai:cover.close.intent.
Regenerated mycroft-stop.mycroftai:shutdown.intent.
Regenerated mycroft-stop.mycroftai:reboot.intent.
Regenerated mycroft-stop.mycroftai:ssh.enable.intent.
Regenerated mycroft-stop.mycroftai:wifi.setup.intent.
Regenerated mycroft-stop.mycroftai:ssh.disable.intent.
Regenerated mycroft-hello-world.mycroftai:HowAreYou.intent.
Regenerated mycroft-date-time.mycroftai:date.last.weekend.intent.
Regenerated mycroft-date-time.mycroftai:what.time.will.it.be.intent.
Regenerated mycroft-reminder.mycroftai:GetRemindersForDay.intent.
Regenerated mycroft-installer.mycroftai:install.intent.
Regenerated mycroft-installer.mycroftai:install.custom.intent.
Regenerated mycroft-installer.mycroftai:remove.intent.
Regenerated mycroft-installer.mycroftai:is.installed.intent.
Regenerated mycroft-installer.mycroftai:install.beta.intent.
Regenerated mycroft-installer.mycroftai:list.skills.intent.
Regenerated mycroft-timer.mycroftai:start.timer.intent.
Regenerated mycroft-timer.mycroftai:timer.status.intent.
Regenerated homeassistant.mycroftai:home.assistant.close.intent.
Regenerated homeassistant.mycroftai:increase.light.brightness.intent.
Regenerated homeassistant.mycroftai:home.assistant.open.intent.
Regenerated homeassistant.mycroftai:cover.open.intent.
Regenerated homeassistant.mycroftai:sensor.intent.
Regenerated homeassistant.mycroftai:turn.on.intent.
Regenerated homeassistant.mycroftai:set.climate.intent.
Regenerated homeassistant.mycroftai:automation.intent.
Regenerated mycroft-alarm.mycroftai:change.alarm.sound.intent.
Regenerated mycroft-alarm.mycroftai:snooze.intent.
Regenerated mycroft-npr-news.mycroftai:PlayTheNews.intent.
Regenerated mycroft-support-helper.mycroftai:contact.support.intent.
Regenerated mycroft-weather.mycroftai:do-i-need-an-umbrella.intent.
Regenerated mycroft-audio-record.mycroftai:PlayRecording.intent.
Regenerated mycroft-audio-record.mycroftai:StartRecording.intent.
Regenerated mycroft-date-time.mycroftai:what.time.is.it.intent.
Regenerated mycroft-date-time.mycroftai:date.future.weekend.intent.
Regenerated mycroft-configuration.mycroftai:DisablePreciseDev.intent.
Regenerated mycroft-configuration.mycroftai:WhereAreYou.intent.
Regenerated mycroft-configuration.mycroftai:EnablePreciseDev.intent.
Regenerated mycroft-personal.mycroftai:WhenWereYouBorn.intent.
Regenerated mycroft-personal.mycroftai:WhatAreYou.intent.
Regenerated mycroft-personal.mycroftai:WhoAreYou.intent.
Regenerated mycroft-personal.mycroftai:WhoMadeYou.intent.
Regenerated mycroft-personal.mycroftai:WhereWereYouBorn.intent.
Regenerated mycroft-personal.mycroftai:DoYouRhyme.intent.
Regenerated mycroft-personal.mycroftai:DoYouDream.intent.
Regenerated mycroft-wiki.mycroftai:Random.intent.
2021-10-26 15:52:00.109 | INFO     |  5758 | mycroft.skills.intent_services.padatious_service:train:153 | Training complete.
2021-10-26 15:52:37.848 | INFO     |  5758 | __main__:on_stopping:193 | Skills service is shutting down...
2021-10-26 15:52:37.849 | INFO     |  5758 | __main__:shutdown:284 | Shutting down Skills service
2021-10-26 15:52:37.877 | ERROR    |  5758 | VolumeSkill | Couldn't allocate mixer, ALSAAudioError('No such file or directory [default]')
2021-10-26 15:52:37.880 | INFO     |  5758 | mycroft.skills.settings:save_settings:116 | Skill settings successfully saved to /home/runner/.config/mycroft/skills/mycroft-volume.mycroftai/settings.json
2021-10-26 15:52:37.893 | INFO     |  5758 | mycroft.skills.settings:save_settings:116 | Skill settings successfully saved to /home/runner/.config/mycroft/skills/mycroft-ip.mycroftai/settings.json
2021-10-26 15:52:37.900 | INFO     |  5758 | mycroft.skills.settings:save_settings:116 | Skill settings successfully saved to /home/runner/.config/mycroft/skills/mycroft-reminder.mycroftai/settings.json
2021-10-26 15:52:37.904 | INFO     |  5758 | mycroft.skills.settings:save_settings:116 | Skill settings successfully saved to /home/runner/.config/mycroft/skills/mycroft-installer.mycroftai/settings.json
2021-10-26 15:52:37.905 | INFO     |  5758 | mycroft.skills.settings:save_settings:116 | Skill settings successfully saved to /home/runner/.config/mycroft/skills/mycroft-version-checker.mycroftai/settings.json
2021-10-26 15:52:37.915 | INFO     |  5758 | mycroft.skills.settings:save_settings:116 | Skill settings successfully saved to /home/runner/.config/mycroft/skills/mycroft-singing.mycroftai/settings.json
2021-10-26 15:52:37.926 | INFO     |  5758 | mycroft.skills.settings:save_settings:116 | Skill settings successfully saved to /home/runner/.config/mycroft/skills/mycroft-joke.mycroftai/settings.json
2021-10-26 15:52:37.935 | INFO     |  5758 | HomeAssistantSkill | Removing all handlers...
2021-10-26 15:52:37.936 | WARNING  |  5758 | mycroft.skills.fallback_skill:remove_fallback:185 | Could not find matching fallback handler
2021-10-26 15:52:37.937 | INFO     |  5758 | mycroft.skills.settings:save_settings:116 | Skill settings successfully saved to /home/runner/.config/mycroft/skills/mycroft-alarm.mycroftai/settings.json
2021-10-26 15:52:37.946 | INFO     |  5758 | mycroft.skills.settings:save_settings:116 | Skill settings successfully saved to /home/runner/.config/mycroft/skills/mycroft-naptime.mycroftai/settings.json
2021-10-26 15:52:37.947 | INFO     |  5758 | mycroft.skills.settings:save_settings:116 | Skill settings successfully saved to /home/runner/.config/mycroft/skills/mycroft-spelling.mycroftai/settings.json
2021-10-26 15:52:37.948 | INFO     |  5758 | mycroft.skills.settings:save_settings:116 | Skill settings successfully saved to /home/runner/.config/mycroft/skills/mycroft-fallback-duck-duck-go.mycroftai/settings.json
2021-10-26 15:52:37.957 | INFO     |  5758 | mycroft.skills.settings:save_settings:116 | Skill settings successfully saved to /home/runner/.config/mycroft/skills/mycroft-npr-news.mycroftai/settings.json
2021-10-26 15:52:37.960 | INFO     |  5758 | mycroft.skills.settings:save_settings:116 | Skill settings successfully saved to /home/runner/.config/mycroft/skills/mycroft-support-helper.mycroftai/settings.json
2021-10-26 15:52:37.971 | INFO     |  5758 | mycroft.skills.settings:save_settings:116 | Skill settings successfully saved to /home/runner/.config/mycroft/skills/mycroft-weather.mycroftai/settings.json
2021-10-26 15:52:37.972 | INFO     |  5758 | mycroft.skills.settings:save_settings:116 | Skill settings successfully saved to /home/runner/.config/mycroft/skills/mycroft-speak.mycroftai/settings.json
2021-10-26 15:52:37.973 | INFO     |  5758 | mycroft.skills.settings:save_settings:116 | Skill settings successfully saved to /home/runner/.config/mycroft/skills/mycroft-audio-record.mycroftai/settings.json
2021-10-26 15:52:37.975 | INFO     |  5758 | mycroft.skills.settings:save_settings:116 | Skill settings successfully saved to /home/runner/.config/mycroft/skills/mycroft-stop.mycroftai/settings.json
2021-10-26 15:52:37.983 | INFO     |  5758 | mycroft.skills.settings:save_settings:116 | Skill settings successfully saved to /home/runner/.config/mycroft/skills/mycroft-hello-world.mycroftai/settings.json
2021-10-26 15:52:37.986 | INFO     |  5758 | mycroft.skills.settings:save_settings:116 | Skill settings successfully saved to /home/runner/.config/mycroft/skills/mycroft-date-time.mycroftai/settings.json
2021-10-26 15:52:38.005 | INFO     |  5758 | mycroft.skills.settings:save_settings:116 | Skill settings successfully saved to /home/runner/.config/mycroft/skills/mycroft-configuration.mycroftai/settings.json
2021-10-26 15:52:38.012 | INFO     |  5758 | QuestionsAnswersSkill | Removing all handlers...
2021-10-26 15:52:38.017 | INFO     |  5758 | mycroft.skills.settings:save_settings:116 | Skill settings successfully saved to /home/runner/.config/mycroft/skills/fallback-query.mycroftai/settings.json
2021-10-26 15:52:38.025 | INFO     |  5758 | mycroft.skills.settings:save_settings:116 | Skill settings successfully saved to /home/runner/.config/mycroft/skills/mycroft-personal.mycroftai/settings.json
2021-10-26 15:52:38.027 | INFO     |  5758 | mycroft.skills.settings:save_settings:116 | Skill settings successfully saved to /home/runner/.config/mycroft/skills/fallback-wolfram-alpha.mycroftai/settings.json
2021-10-26 15:52:38.028 | INFO     |  5758 | mycroft.skills.settings:save_settings:116 | Skill settings successfully saved to /home/runner/.config/mycroft/skills/mycroft-wiki.mycroftai/settings.json
2021-10-26 15:52:38.038 | INFO     |  5758 | UnknownSkill | Removing all handlers...
2021-10-26 15:52:38.039 | INFO     |  5758 | mycroft.skills.settings:save_settings:116 | Skill settings successfully saved to /home/runner/.config/mycroft/skills/fallback-unknown.mycroftai/settings.json
2021-10-26 15:52:38.040 | INFO     |  5758 | mycroft.skills.settings:save_settings:116 | Skill settings successfully saved to /home/runner/.config/mycroft/skills/mycroft-playback-control.mycroftai/settings.json
2021-10-26 15:52:39.041 | INFO     |  5758 | Playback Control Skill | Audio service status: {}
2021-10-26 15:52:40.043 | WARNING  |  5758 | mycroft.skills.skill_manager:_shutdown_skill:106 | mycroft-playback-control.mycroftai shutdown took 2.0024594710000088 seconds
2021-10-26 15:52:40.043 | INFO     |  5758 | __main__:shutdown:291 | Skills service shutdown complete!
2021-10-26 15:52:40.844 | ERROR    |  5758 | websocket | error from callback <bound method MessageBusClient.on_message of <mycroft.messagebus.client.client.MessageBusClient object at 0x7f6898806c10>>: cannot schedule new futures after shutdown
2021-10-26 15:52:40.848 | ERROR    |  5758 | websocket | error from callback <bound method MessageBusClient.on_message of <mycroft.messagebus.client.client.MessageBusClient object at 0x7f6898806c10>>: cannot schedule new futures after shutdown
2021-10-26 15:52:40.850 | ERROR    |  5758 | websocket | error from callback <bound method MessageBusClient.on_message of <mycroft.messagebus.client.client.MessageBusClient object at 0x7f6898806c10>>: cannot schedule new futures after shutdown
2021-10-26 15:52:40.852 | ERROR    |  5758 | websocket | error from callback <bound method MessageBusClient.on_message of <mycroft.messagebus.client.client.MessageBusClient object at 0x7f6898806c10>>: cannot schedule new futures after shutdown
2021-10-26 15:52:40.854 | ERROR    |  5758 | websocket | error from callback <bound method MessageBusClient.on_message of <mycroft.messagebus.client.client.MessageBusClient object at 0x7f6898806c10>>: cannot schedule new futures after shutdown
