2021-10-25 17:49:14.917 | INFO     |  5678 | mycroft.messagebus.load_config:load_message_bus_config:33 | Loading message bus configs
2021-10-25 17:49:14.926 | ERROR    |  5678 | mycroft_bus_client.client.client | === ConnectionRefusedError(111, 'Connection refused') ===
Traceback (most recent call last):
  File "/opt/mycroft-core/.venv/lib/python3.7/site-packages/websocket/_app.py", line 254, in run_forever
    proxy_type=proxy_type)
  File "/opt/mycroft-core/.venv/lib/python3.7/site-packages/websocket/_core.py", line 220, in connect
    options.pop('socket', None))
  File "/opt/mycroft-core/.venv/lib/python3.7/site-packages/websocket/_http.py", line 120, in connect
    sock = _open_socket(addrinfo_list, options.sockopt, options.timeout)
  File "/opt/mycroft-core/.venv/lib/python3.7/site-packages/websocket/_http.py", line 190, in _open_socket
    raise err
  File "/opt/mycroft-core/.venv/lib/python3.7/site-packages/websocket/_http.py", line 170, in _open_socket
    sock.connect(address)
ConnectionRefusedError: [Errno 111] Connection refused
2021-10-25 17:49:14.927 | ERROR    |  5678 | mycroft_bus_client.client.client | Exception closing websocket: ConnectionRefusedError(111, 'Connection refused')
2021-10-25 17:49:14.927 | WARNING  |  5678 | mycroft_bus_client.client.client | Message Bus Client will reconnect in 5 seconds.
2021-10-25 17:49:19.934 | INFO     |  5678 | mycroft_bus_client.client.client | Connected
2021-10-25 17:49:19.936 | INFO     |  5678 | mycroft.util.process_utils:start_message_bus_client:155 | Connected to messagebus
2021-10-25 17:49:19.940 | INFO     |  5678 | mycroft.skills.msm_wrapper:create_msm:96 | Acquiring lock to instantiate MSM
2021-10-25 17:49:19.941 | INFO     |  5678 | msm.mycroft_skills_manager | building SkillEntry objects for all skills
2021-10-25 17:49:20.956 | INFO     |  5678 | mycroft.skills.msm_wrapper:create_msm:112 | Releasing MSM instantiation lock.
2021-10-25 17:49:20.956 | INFO     |  5678 | mycroft.skills.skill_updater:_log_next_download_time:267 | Next scheduled skill update: 2021-10-25 17:49:19.956386
2021-10-25 17:49:20.957 | INFO     |  5678 | msm.skill_entry | Downloading skill: https://github.com/mycroftai/skill-pairing
2021-10-25 17:49:22.636 | INFO     |  5678 | msm.skill_entry | Installing system requirements...
2021-10-25 17:49:22.648 | INFO     |  5678 | msm.skill_entry | Successfully installed mycroft-pairing
2021-10-25 17:49:22.648 | INFO     |  5678 | msm.mycroft_skills_manager | invalidating skills cache
2021-10-25 17:49:22.650 | INFO     |  5678 | mycroft.skills.skill_loader:load:185 | ATTEMPTING TO LOAD SKILL: mycroft-pairing.mycroftai
2021-10-25 17:49:22.658 | INFO     |  5678 | mycroft.skills.settings:get_local_settings:83 | /opt/mycroft/skills/mycroft-pairing.mycroftai/settings.json
2021-10-25 17:49:22.668 | INFO     |  5678 | mycroft.skills.skill_loader:_check_for_first_run:324 | First run of mycroft-pairing.mycroftai
2021-10-25 17:49:22.668 | INFO     |  5678 | mycroft.skills.settings:save_settings:116 | Skill settings successfully saved to /home/runner/.config/mycroft/skills/mycroft-pairing.mycroftai/settings.json
2021-10-25 17:49:22.669 | INFO     |  5678 | mycroft.skills.skill_loader:_communicate_load_status:344 | Skill mycroft-pairing.mycroftai loaded successfully
2021-10-25 17:49:22.669 | INFO     |  5678 | msm.skill_entry | Downloading skill: https://github.com/mycroftai/skill-volume
2021-10-25 17:49:23.042 | INFO     |  5678 | msm.skill_entry | Installing system requirements...
2021-10-25 17:49:23.053 | INFO     |  5678 | msm.skill_entry | Installing requirements.txt for mycroft-volume
2021-10-25 17:49:24.163 | INFO     |  5678 | msm.skill_entry | Successfully installed mycroft-volume
2021-10-25 17:49:24.163 | INFO     |  5678 | msm.mycroft_skills_manager | invalidating skills cache
2021-10-25 17:49:24.165 | INFO     |  5678 | mycroft.skills.skill_loader:load:185 | ATTEMPTING TO LOAD SKILL: mycroft-volume.mycroftai
2021-10-25 17:49:24.174 | INFO     |  5678 | mycroft.skills.settings:get_local_settings:83 | /opt/mycroft/skills/mycroft-volume.mycroftai/settings.json
2021-10-25 17:49:24.331 | ERROR    |  5678 | VolumeSkill | Couldn't allocate mixer, ALSAAudioError('No such file or directory [default]')
2021-10-25 17:49:27.332 | INFO     |  5678 | mycroft.skills.skill_loader:_check_for_first_run:324 | First run of mycroft-volume.mycroftai
2021-10-25 17:49:27.333 | INFO     |  5678 | mycroft.skills.settings:save_settings:116 | Skill settings successfully saved to /home/runner/.config/mycroft/skills/mycroft-volume.mycroftai/settings.json
2021-10-25 17:49:27.500 | INFO     |  5678 | mycroft.skills.skill_loader:_communicate_load_status:344 | Skill mycroft-volume.mycroftai loaded successfully
2021-10-25 17:49:27.501 | INFO     |  5678 | __main__:on_started:177 | Skills service is starting up.
2021-10-25 17:49:27.697 | INFO     |  5678 | __main__:_update_system:154 | Attempting system update...
2021-10-25 17:49:30.700 | INFO     |  5678 | mycroft.enclosure.display_manager:_write_data:70 | Display Manager is creating /tmp/mycroft/ipc/managers/disp_info
2021-10-25 17:49:30.701 | INFO     |  5678 | __main__:_ensure_device_is_paired:133 | Device not paired, invoking the pairing skill
2021-10-25 17:49:30.703 | INFO     |  5678 | __main__:on_alive:181 | Skills service is alive.
2021-10-25 17:49:30.711 | INFO     |  5678 | msm.mycroft_skills_manager | building SkillEntry objects for all skills
2021-10-25 17:49:30.837 | INFO     |  5678 | PairingSkill | Communicating account URL to user
2021-10-25 17:49:30.981 | WARNING  |  5678 | msm.mycroft_skills_manager | No such default skill: mycroft-pandora
2021-10-25 17:49:30.982 | INFO     |  5678 | mycroft.skills.skill_manager:run:234 | Not all default skills are installed, performing skill update...
2021-10-25 17:49:30.982 | INFO     |  5678 | mycroft.skills.skill_updater:update_skills:149 | Beginning skill update...
2021-10-25 17:49:31.172 | INFO     |  5678 | msm.mycroft_skills_manager | building SkillEntry objects for all skills
2021-10-25 17:49:31.404 | INFO     |  5678 | msm.mycroft_skills_manager | invalidating skills cache
2021-10-25 17:49:31.435 | INFO     |  5678 | msm.skill_entry | Downloading skill: https://github.com/mycroftai/skill-installer
2021-10-25 17:49:31.436 | INFO     |  5678 | msm.skill_entry | Downloading skill: https://github.com/mycroftai/skill-alarm
2021-10-25 17:49:31.437 | INFO     |  5678 | msm.skill_entry | Downloading skill: https://github.com/mycroftai/skill-date-time
2021-10-25 17:49:31.438 | INFO     |  5678 | msm.skill_entry | Downloading skill: https://github.com/mycroftai/skill-ip
2021-10-25 17:49:31.439 | INFO     |  5678 | msm.skill_entry | Downloading skill: https://github.com/mycroftai/fallback-unknown
2021-10-25 17:49:31.441 | INFO     |  5678 | msm.skill_entry | Downloading skill: https://github.com/mycroftai/fallback-wolfram-alpha
2021-10-25 17:49:31.442 | INFO     |  5678 | msm.skill_entry | Downloading skill: https://github.com/mycroftai/skill-naptime
2021-10-25 17:49:31.443 | INFO     |  5678 | msm.skill_entry | Downloading skill: https://github.com/mycroftai/skill-audio-record
2021-10-25 17:49:31.452 | INFO     |  5678 | msm.skill_entry | Downloading skill: https://github.com/mycroftai/skill-npr-news
2021-10-25 17:49:31.453 | INFO     |  5678 | msm.skill_entry | Downloading skill: https://github.com/mycroftai/skill-personal
2021-10-25 17:49:31.453 | INFO     |  5678 | msm.skill_entry | Downloading skill: https://github.com/mycroftai/skill-hello-world
2021-10-25 17:49:31.453 | INFO     |  5678 | msm.skill_entry | Downloading skill: https://github.com/mycroftai/fallback-duckduckgo
2021-10-25 17:49:31.454 | INFO     |  5678 | msm.skill_entry | Downloading skill: https://github.com/mycroftai/skill-joke
2021-10-25 17:49:31.454 | INFO     |  5678 | msm.skill_entry | Downloading skill: https://github.com/mycroftai/skill-configuration
2021-10-25 17:49:31.475 | INFO     |  5678 | msm.skill_entry | Downloading skill: https://github.com/mycroftai/skill-playback-control
2021-10-25 17:49:31.487 | INFO     |  5678 | msm.skill_entry | Downloading skill: https://github.com/mycroftai/skill-reminder
2021-10-25 17:49:31.488 | INFO     |  5678 | msm.skill_entry | Downloading skill: https://github.com/mycroftai/skill-singing
2021-10-25 17:49:32.724 | INFO     |  5678 | msm.skill_entry | Installing system requirements...
2021-10-25 17:49:32.865 | INFO     |  5678 | msm.skill_entry | Installing requirements.txt for mycroft-ip
2021-10-25 17:49:32.919 | INFO     |  5678 | msm.skill_entry | Installing system requirements...
2021-10-25 17:49:32.951 | INFO     |  5678 | msm.skill_entry | Installing system requirements...
2021-10-25 17:49:33.037 | INFO     |  5678 | msm.skill_entry | Installing system requirements...
2021-10-25 17:49:33.103 | INFO     |  5678 | msm.skill_entry | Installing requirements.txt for mycroft-configuration
2021-10-25 17:49:33.143 | INFO     |  5678 | msm.skill_entry | Installing requirements.txt for mycroft-installer
2021-10-25 17:49:33.149 | ERROR    |  5678 | msm.mycroft_skills_manager | Error running install_or_update on homeassistant.mycroftai: MergeConflict
2021-10-25 17:49:33.161 | INFO     |  5678 | msm.skill_entry | Installing system requirements...
2021-10-25 17:49:33.184 | INFO     |  5678 | msm.skill_entry | Installing system requirements...
2021-10-25 17:49:33.189 | INFO     |  5678 | msm.skill_entry | Successfully installed mycroft-hello-world
2021-10-25 17:49:33.190 | INFO     |  5678 | msm.mycroft_skills_manager | invalidating skills cache
2021-10-25 17:49:33.191 | INFO     |  5678 | msm.skill_entry | Downloading skill: https://github.com/mycroftai/skill-spelling
2021-10-25 17:49:33.206 | INFO     |  5678 | msm.skill_entry | Downloading skill: https://github.com/mycroftai/skill-speak
2021-10-25 17:49:33.236 | INFO     |  5678 | msm.skill_entry | Installing system requirements...
2021-10-25 17:49:33.323 | INFO     |  5678 | msm.skill_entry | Successfully installed mycroft-playback-control
2021-10-25 17:49:33.324 | INFO     |  5678 | msm.mycroft_skills_manager | invalidating skills cache
2021-10-25 17:49:33.326 | INFO     |  5678 | msm.skill_entry | Downloading skill: https://github.com/mycroftai/skill-stop
2021-10-25 17:49:33.348 | INFO     |  5678 | msm.skill_entry | Successfully installed mycroft-personal
2021-10-25 17:49:33.348 | INFO     |  5678 | msm.mycroft_skills_manager | invalidating skills cache
2021-10-25 17:49:33.350 | INFO     |  5678 | msm.skill_entry | Downloading skill: https://github.com/mycroftai/skill-support
2021-10-25 17:49:33.377 | INFO     |  5678 | msm.skill_entry | Nothing new for mycroft-volume
2021-10-25 17:49:33.434 | INFO     |  5678 | msm.skill_entry | Installing requirements.txt for mycroft-audio-record
2021-10-25 17:49:33.488 | INFO     |  5678 | msm.skill_entry | Installing system requirements...
2021-10-25 17:49:33.500 | INFO     |  5678 | msm.skill_entry | Installing system requirements...
2021-10-25 17:49:33.520 | INFO     |  5678 | msm.skill_entry | Installing system requirements...
2021-10-25 17:49:33.658 | INFO     |  5678 | msm.skill_entry | Nothing new for mycroft-pairing
2021-10-25 17:49:33.700 | INFO     |  5678 | msm.skill_entry | Installing system requirements...
2021-10-25 17:49:33.714 | INFO     |  5678 | msm.skill_entry | Installing requirements.txt for mycroft-date-time
2021-10-25 17:49:33.716 | INFO     |  5678 | msm.skill_entry | Installing requirements.txt for mycroft-npr-news
2021-10-25 17:49:33.718 | INFO     |  5678 | msm.skill_entry | Installing requirements.txt for mycroft-volume
2021-10-25 17:49:33.720 | INFO     |  5678 | msm.skill_entry | Installing system requirements...
2021-10-25 17:49:33.752 | INFO     |  5678 | msm.skill_entry | Installing system requirements...
2021-10-25 17:49:33.790 | INFO     |  5678 | msm.skill_entry | Installing system requirements...
2021-10-25 17:49:33.855 | INFO     |  5678 | msm.skill_entry | Installing system requirements...
2021-10-25 17:49:33.875 | INFO     |  5678 | msm.skill_entry | Installing requirements.txt for mycroft-fallback-duck-duck-go
2021-10-25 17:49:33.882 | INFO     |  5678 | msm.skill_entry | Installing system requirements...
2021-10-25 17:49:33.890 | INFO     |  5678 | msm.skill_entry | Successfully installed fallback-unknown
2021-10-25 17:49:33.890 | INFO     |  5678 | msm.mycroft_skills_manager | invalidating skills cache
2021-10-25 17:49:33.892 | INFO     |  5678 | msm.skill_entry | Downloading skill: https://github.com/mycroftai/mycroft-timer
2021-10-25 17:49:33.911 | INFO     |  5678 | msm.skill_entry | Downloading skill: https://github.com/mycroftai/skill-weather
2021-10-25 17:49:33.948 | INFO     |  5678 | msm.skill_entry | Installing requirements.txt for mycroft-joke
2021-10-25 17:49:33.951 | INFO     |  5678 | msm.skill_entry | Installing system requirements...
2021-10-25 17:49:34.007 | INFO     |  5678 | msm.skill_entry | Successfully installed mycroft-naptime
2021-10-25 17:49:34.007 | INFO     |  5678 | msm.mycroft_skills_manager | invalidating skills cache
2021-10-25 17:49:34.009 | INFO     |  5678 | msm.skill_entry | Downloading skill: https://github.com/mycroftai/skill-version-checker
2021-10-25 17:49:34.018 | INFO     |  5678 | msm.skill_entry | Installing requirements.txt for fallback-wolfram-alpha
2021-10-25 17:49:34.058 | INFO     |  5678 | msm.skill_entry | Installing requirements.txt for mycroft-alarm
2021-10-25 17:49:34.102 | INFO     |  5678 | msm.skill_entry | Installing system requirements...
2021-10-25 17:49:34.163 | INFO     |  5678 | msm.skill_entry | Successfully installed mycroft-reminder
2021-10-25 17:49:34.163 | INFO     |  5678 | msm.mycroft_skills_manager | invalidating skills cache
2021-10-25 17:49:34.164 | INFO     |  5678 | msm.skill_entry | Downloading skill: https://github.com/mycroftai/skill-wiki
2021-10-25 17:49:34.421 | INFO     |  5678 | msm.skill_entry | Installing system requirements...
2021-10-25 17:49:34.509 | INFO     |  5678 | msm.skill_entry | Successfully installed mycroft-speak
2021-10-25 17:49:34.510 | INFO     |  5678 | msm.mycroft_skills_manager | invalidating skills cache
2021-10-25 17:49:34.512 | INFO     |  5678 | msm.skill_entry | Downloading skill: https://github.com/MycroftAI/skill-query
2021-10-25 17:49:34.550 | INFO     |  5678 | msm.skill_entry | Installing system requirements...
2021-10-25 17:49:34.577 | INFO     |  5678 | msm.skill_entry | Installing requirements.txt for mycroft-support-helper
2021-10-25 17:49:35.008 | INFO     |  5678 | msm.skill_entry | Installing system requirements...
2021-10-25 17:49:35.101 | INFO     |  5678 | msm.skill_entry | Successfully installed mycroft-version-checker
2021-10-25 17:49:35.101 | INFO     |  5678 | msm.mycroft_skills_manager | invalidating skills cache
2021-10-25 17:49:35.210 | INFO     |  5678 | msm.skill_entry | Installing system requirements...
2021-10-25 17:49:35.331 | INFO     |  5678 | msm.skill_entry | Successfully installed mycroft-timer
2021-10-25 17:49:35.332 | INFO     |  5678 | msm.mycroft_skills_manager | invalidating skills cache
2021-10-25 17:49:35.366 | INFO     |  5678 | msm.skill_entry | Installing system requirements...
2021-10-25 17:49:35.386 | INFO     |  5678 | msm.skill_entry | Installing system requirements...
2021-10-25 17:49:35.406 | INFO     |  5678 | msm.skill_entry | Installing system requirements...
2021-10-25 17:49:35.410 | INFO     |  5678 | msm.skill_entry | Installing system requirements...
2021-10-25 17:49:35.454 | INFO     |  5678 | msm.skill_entry | Successfully installed mycroft-spelling
2021-10-25 17:49:35.455 | INFO     |  5678 | msm.mycroft_skills_manager | invalidating skills cache
2021-10-25 17:49:35.488 | INFO     |  5678 | msm.skill_entry | Successfully installed mycroft-stop
2021-10-25 17:49:35.489 | INFO     |  5678 | msm.mycroft_skills_manager | invalidating skills cache
2021-10-25 17:49:35.496 | INFO     |  5678 | msm.skill_entry | Successfully installed fallback-query
2021-10-25 17:49:35.496 | INFO     |  5678 | msm.mycroft_skills_manager | invalidating skills cache
2021-10-25 17:49:35.501 | INFO     |  5678 | msm.skill_entry | Installing requirements.txt for mycroft-wiki
2021-10-25 17:49:35.685 | ERROR    |  5678 | msm.mycroft_skills_manager | Error running install_or_update on homeassistant: MergeConflict
2021-10-25 17:49:35.751 | INFO     |  5678 | msm.skill_entry | Installing system requirements...
2021-10-25 17:49:35.766 | INFO     |  5678 | msm.skill_entry | Successfully installed mycroft-singing
2021-10-25 17:49:35.766 | INFO     |  5678 | msm.mycroft_skills_manager | invalidating skills cache
2021-10-25 17:49:35.910 | INFO     |  5678 | msm.skill_entry | Successfully installed mycroft-ip
2021-10-25 17:49:35.911 | INFO     |  5678 | msm.mycroft_skills_manager | invalidating skills cache
2021-10-25 17:49:36.670 | INFO     |  5678 | msm.skill_entry | Installing system requirements...
2021-10-25 17:49:36.694 | INFO     |  5678 | msm.skill_entry | Installing requirements.txt for mycroft-weather
2021-10-25 17:49:38.868 | INFO     |  5678 | msm.skill_entry | Successfully installed mycroft-configuration
2021-10-25 17:49:38.868 | INFO     |  5678 | msm.mycroft_skills_manager | invalidating skills cache
2021-10-25 17:49:39.835 | INFO     |  5678 | msm.skill_entry | Successfully installed mycroft-installer
2021-10-25 17:49:39.836 | INFO     |  5678 | msm.mycroft_skills_manager | invalidating skills cache
2021-10-25 17:49:40.781 | INFO     |  5678 | msm.skill_entry | Successfully installed mycroft-audio-record
2021-10-25 17:49:40.781 | INFO     |  5678 | msm.mycroft_skills_manager | invalidating skills cache
2021-10-25 17:49:58.338 | INFO     |  5678 | msm.skill_entry | Successfully installed mycroft-date-time
2021-10-25 17:49:58.338 | INFO     |  5678 | msm.mycroft_skills_manager | invalidating skills cache
2021-10-25 17:50:01.176 | INFO     |  5678 | PairingSkill | Initiating device pairing sequence...
2021-10-25 17:50:01.176 | INFO     |  5678 | PairingSkill | Retrieving pairing code from device API...
2021-10-25 17:50:01.396 | INFO     |  5678 | PairingSkill | Pairing code obtained: TAL3YJ
2021-10-25 17:50:01.396 | INFO     |  5678 | PairingSkill | Communicating pairing URL to user
2021-10-25 17:50:01.815 | INFO     |  5678 | msm.skill_entry | Successfully installed mycroft-npr-news
2021-10-25 17:50:01.816 | INFO     |  5678 | msm.mycroft_skills_manager | invalidating skills cache
2021-10-25 17:50:04.012 | INFO     |  5678 | msm.skill_entry | Successfully installed mycroft-fallback-duck-duck-go
2021-10-25 17:50:04.012 | INFO     |  5678 | msm.mycroft_skills_manager | invalidating skills cache
2021-10-25 17:50:05.249 | INFO     |  5678 | msm.skill_entry | Successfully installed mycroft-joke
2021-10-25 17:50:05.252 | INFO     |  5678 | msm.mycroft_skills_manager | invalidating skills cache
2021-10-25 17:50:09.805 | INFO     |  5678 | msm.skill_entry | Successfully installed fallback-wolfram-alpha
2021-10-25 17:50:09.805 | INFO     |  5678 | msm.mycroft_skills_manager | invalidating skills cache
2021-10-25 17:50:10.890 | INFO     |  5678 | msm.skill_entry | Successfully installed mycroft-alarm
2021-10-25 17:50:10.891 | INFO     |  5678 | msm.mycroft_skills_manager | invalidating skills cache
2021-10-25 17:50:13.160 | INFO     |  5678 | msm.skill_entry | Successfully installed mycroft-support-helper
2021-10-25 17:50:13.161 | INFO     |  5678 | msm.mycroft_skills_manager | invalidating skills cache
2021-10-25 17:50:15.250 | INFO     |  5678 | msm.skill_entry | Successfully installed mycroft-wiki
2021-10-25 17:50:15.250 | INFO     |  5678 | msm.mycroft_skills_manager | invalidating skills cache
2021-10-25 17:50:16.496 | INFO     |  5678 | msm.skill_entry | Successfully installed mycroft-weather
2021-10-25 17:50:16.497 | INFO     |  5678 | msm.mycroft_skills_manager | invalidating skills cache
2021-10-25 17:50:16.506 | INFO     |  5678 | mycroft.skills.skill_updater:_log_next_download_time:267 | Next scheduled skill update: 2021-10-25 18:50:16.506074
2021-10-25 17:50:16.507 | INFO     |  5678 | mycroft.skills.skill_updater:update_skills:170 | Skill update complete
2021-10-25 17:50:16.507 | INFO     |  5678 | mycroft.skills.skill_manager:_load_on_startup:273 | Loading installed skills...
2021-10-25 17:50:16.509 | INFO     |  5678 | mycroft.skills.skill_loader:load:185 | ATTEMPTING TO LOAD SKILL: mycroft-ip.mycroftai
2021-10-25 17:50:16.548 | INFO     |  5678 | mycroft.skills.settings:get_local_settings:83 | /opt/mycroft/skills/mycroft-ip.mycroftai/settings.json
2021-10-25 17:50:16.579 | INFO     |  5678 | mycroft.skills.skill_loader:_check_for_first_run:324 | First run of mycroft-ip.mycroftai
2021-10-25 17:50:16.580 | INFO     |  5678 | mycroft.skills.settings:save_settings:116 | Skill settings successfully saved to /home/runner/.config/mycroft/skills/mycroft-ip.mycroftai/settings.json
2021-10-25 17:50:16.588 | INFO     |  5678 | mycroft.skills.skill_loader:_communicate_load_status:344 | Skill mycroft-ip.mycroftai loaded successfully
2021-10-25 17:50:16.599 | INFO     |  5678 | mycroft.skills.skill_loader:load:185 | ATTEMPTING TO LOAD SKILL: mycroft-reminder.mycroftai
2021-10-25 17:50:16.613 | INFO     |  5678 | mycroft.skills.settings:get_local_settings:83 | /opt/mycroft/skills/mycroft-reminder.mycroftai/settings.json
2021-10-25 17:50:16.668 | INFO     |  5678 | mycroft.skills.skill_loader:_check_for_first_run:324 | First run of mycroft-reminder.mycroftai
2021-10-25 17:50:16.669 | INFO     |  5678 | mycroft.skills.settings:save_settings:116 | Skill settings successfully saved to /home/runner/.config/mycroft/skills/mycroft-reminder.mycroftai/settings.json
2021-10-25 17:50:16.670 | INFO     |  5678 | mycroft.skills.skill_loader:_communicate_load_status:344 | Skill mycroft-reminder.mycroftai loaded successfully
2021-10-25 17:50:16.670 | INFO     |  5678 | mycroft.skills.skill_loader:load:185 | ATTEMPTING TO LOAD SKILL: mycroft-installer.mycroftai
2021-10-25 17:50:16.676 | INFO     |  5678 | mycroft.skills.settings:get_local_settings:83 | /opt/mycroft/skills/mycroft-installer.mycroftai/settings.json
2021-10-25 17:50:16.716 | INFO     |  5678 | mycroft.skills.skill_loader:_check_for_first_run:324 | First run of mycroft-installer.mycroftai
2021-10-25 17:50:16.717 | INFO     |  5678 | mycroft.skills.settings:save_settings:116 | Skill settings successfully saved to /home/runner/.config/mycroft/skills/mycroft-installer.mycroftai/settings.json
2021-10-25 17:50:16.720 | INFO     |  5678 | mycroft.skills.skill_loader:_communicate_load_status:344 | Skill mycroft-installer.mycroftai loaded successfully
2021-10-25 17:50:16.720 | INFO     |  5678 | mycroft.skills.skill_loader:load:185 | ATTEMPTING TO LOAD SKILL: mycroft-version-checker.mycroftai
2021-10-25 17:50:16.728 | INFO     |  5678 | mycroft.skills.settings:get_local_settings:83 | /opt/mycroft/skills/mycroft-version-checker.mycroftai/settings.json
2021-10-25 17:50:16.763 | INFO     |  5678 | mycroft.skills.skill_loader:_check_for_first_run:324 | First run of mycroft-version-checker.mycroftai
2021-10-25 17:50:16.764 | INFO     |  5678 | mycroft.skills.settings:save_settings:116 | Skill settings successfully saved to /home/runner/.config/mycroft/skills/mycroft-version-checker.mycroftai/settings.json
2021-10-25 17:50:16.765 | INFO     |  5678 | mycroft.skills.skill_loader:_communicate_load_status:344 | Skill mycroft-version-checker.mycroftai loaded successfully
2021-10-25 17:50:16.765 | INFO     |  5678 | mycroft.skills.skill_loader:load:185 | ATTEMPTING TO LOAD SKILL: mycroft-singing.mycroftai
2021-10-25 17:50:16.770 | INFO     |  5678 | mycroft.skills.settings:get_local_settings:83 | /opt/mycroft/skills/mycroft-singing.mycroftai/settings.json
2021-10-25 17:50:16.778 | INFO     |  5678 | mycroft.skills.skill_loader:_check_for_first_run:324 | First run of mycroft-singing.mycroftai
2021-10-25 17:50:16.778 | INFO     |  5678 | mycroft.skills.settings:save_settings:116 | Skill settings successfully saved to /home/runner/.config/mycroft/skills/mycroft-singing.mycroftai/settings.json
2021-10-25 17:50:16.779 | INFO     |  5678 | mycroft.skills.skill_loader:_communicate_load_status:344 | Skill mycroft-singing.mycroftai loaded successfully
2021-10-25 17:50:16.782 | INFO     |  5678 | mycroft.skills.skill_loader:load:185 | ATTEMPTING TO LOAD SKILL: mycroft-joke.mycroftai
2021-10-25 17:50:16.793 | INFO     |  5678 | mycroft.skills.settings:get_local_settings:83 | /opt/mycroft/skills/mycroft-joke.mycroftai/settings.json
2021-10-25 17:50:16.836 | INFO     |  5678 | mycroft.skills.skill_loader:_check_for_first_run:324 | First run of mycroft-joke.mycroftai
2021-10-25 17:50:16.836 | INFO     |  5678 | mycroft.skills.settings:save_settings:116 | Skill settings successfully saved to /home/runner/.config/mycroft/skills/mycroft-joke.mycroftai/settings.json
2021-10-25 17:50:16.837 | INFO     |  5678 | mycroft.skills.skill_loader:_communicate_load_status:344 | Skill mycroft-joke.mycroftai loaded successfully
2021-10-25 17:50:16.839 | INFO     |  5678 | mycroft.skills.skill_loader:load:185 | ATTEMPTING TO LOAD SKILL: mycroft-timer.mycroftai
2021-10-25 17:50:16.858 | INFO     |  5678 | mycroft.skills.settings:get_local_settings:83 | /opt/mycroft/skills/mycroft-timer.mycroftai/settings.json
2021-10-25 17:50:16.961 | INFO     |  5678 | mycroft.skills.skill_loader:_check_for_first_run:324 | First run of mycroft-timer.mycroftai
2021-10-25 17:50:16.961 | INFO     |  5678 | mycroft.skills.settings:save_settings:116 | Skill settings successfully saved to /home/runner/.config/mycroft/skills/mycroft-timer.mycroftai/settings.json
2021-10-25 17:50:16.974 | INFO     |  5678 | mycroft.skills.skill_loader:_communicate_load_status:344 | Skill mycroft-timer.mycroftai loaded successfully
2021-10-25 17:50:16.975 | INFO     |  5678 | mycroft.skills.skill_loader:load:185 | ATTEMPTING TO LOAD SKILL: homeassistant.mycroftai
2021-10-25 17:50:17.732 | INFO     |  5678 | mycroft.skills.settings:get_local_settings:83 | /opt/mycroft/skills/homeassistant.mycroftai/settings.json
2021-10-25 17:50:17.733 | INFO     |  5678 | mycroft.skills.settings:get_local_settings:83 | /opt/mycroft/skills/homeassistant.mycroftai/settings.json
2021-10-25 17:50:17.966 | INFO     |  5678 | mycroft.skills.skill_loader:_communicate_load_status:344 | Skill homeassistant.mycroftai loaded successfully
2021-10-25 17:50:17.967 | INFO     |  5678 | mycroft.skills.skill_loader:load:185 | ATTEMPTING TO LOAD SKILL: mycroft-alarm.mycroftai
2021-10-25 17:50:18.152 | INFO     |  5678 | mycroft.skills.settings:get_local_settings:83 | /opt/mycroft/skills/mycroft-alarm.mycroftai/settings.json
2021-10-25 17:50:18.160 | ERROR    |  5678 | AlarmSkill | Couldn't allocate mixer, ALSAAudioError('No such file or directory [default]')
2021-10-25 17:50:18.435 | INFO     |  5678 | mycroft.skills.skill_loader:_check_for_first_run:324 | First run of mycroft-alarm.mycroftai
2021-10-25 17:50:18.464 | INFO     |  5678 | mycroft.skills.settings:save_settings:116 | Skill settings successfully saved to /home/runner/.config/mycroft/skills/mycroft-alarm.mycroftai/settings.json
2021-10-25 17:50:18.477 | INFO     |  5678 | mycroft.skills.skill_loader:_communicate_load_status:344 | Skill mycroft-alarm.mycroftai loaded successfully
2021-10-25 17:50:18.478 | INFO     |  5678 | mycroft.skills.skill_loader:load:185 | ATTEMPTING TO LOAD SKILL: mycroft-naptime.mycroftai
2021-10-25 17:50:18.518 | INFO     |  5678 | mycroft.skills.settings:get_local_settings:83 | /opt/mycroft/skills/mycroft-naptime.mycroftai/settings.json
2021-10-25 17:50:18.568 | INFO     |  5678 | mycroft.skills.skill_loader:_check_for_first_run:324 | First run of mycroft-naptime.mycroftai
2021-10-25 17:50:18.569 | INFO     |  5678 | mycroft.skills.settings:save_settings:116 | Skill settings successfully saved to /home/runner/.config/mycroft/skills/mycroft-naptime.mycroftai/settings.json
2021-10-25 17:50:18.570 | INFO     |  5678 | mycroft.skills.skill_loader:_communicate_load_status:344 | Skill mycroft-naptime.mycroftai loaded successfully
2021-10-25 17:50:18.570 | INFO     |  5678 | mycroft.skills.skill_loader:load:185 | ATTEMPTING TO LOAD SKILL: mycroft-spelling.mycroftai
2021-10-25 17:50:18.611 | INFO     |  5678 | mycroft.skills.settings:get_local_settings:83 | /opt/mycroft/skills/mycroft-spelling.mycroftai/settings.json
2021-10-25 17:50:18.665 | INFO     |  5678 | mycroft.skills.skill_loader:_check_for_first_run:324 | First run of mycroft-spelling.mycroftai
2021-10-25 17:50:18.668 | INFO     |  5678 | mycroft.skills.settings:save_settings:116 | Skill settings successfully saved to /home/runner/.config/mycroft/skills/mycroft-spelling.mycroftai/settings.json
2021-10-25 17:50:18.671 | INFO     |  5678 | mycroft.skills.skill_loader:_communicate_load_status:344 | Skill mycroft-spelling.mycroftai loaded successfully
2021-10-25 17:50:18.672 | INFO     |  5678 | mycroft.skills.skill_loader:load:185 | ATTEMPTING TO LOAD SKILL: mycroft-fallback-duck-duck-go.mycroftai
2021-10-25 17:50:18.703 | INFO     |  5678 | mycroft.skills.settings:get_local_settings:83 | /opt/mycroft/skills/mycroft-fallback-duck-duck-go.mycroftai/settings.json
2021-10-25 17:50:18.747 | INFO     |  5678 | mycroft.skills.skill_loader:_check_for_first_run:324 | First run of mycroft-fallback-duck-duck-go.mycroftai
2021-10-25 17:50:18.791 | INFO     |  5678 | mycroft.skills.settings:save_settings:116 | Skill settings successfully saved to /home/runner/.config/mycroft/skills/mycroft-fallback-duck-duck-go.mycroftai/settings.json
2021-10-25 17:50:18.792 | INFO     |  5678 | mycroft.skills.skill_loader:_communicate_load_status:344 | Skill mycroft-fallback-duck-duck-go.mycroftai loaded successfully
2021-10-25 17:50:18.792 | INFO     |  5678 | mycroft.skills.skill_loader:load:185 | ATTEMPTING TO LOAD SKILL: mycroft-npr-news.mycroftai
2021-10-25 17:50:19.178 | INFO     |  5678 | mycroft.skills.settings:get_local_settings:83 | /opt/mycroft/skills/mycroft-npr-news.mycroftai/settings.json
2021-10-25 17:50:20.221 | INFO     |  5678 | mycroft.skills.skill_loader:_check_for_first_run:324 | First run of mycroft-npr-news.mycroftai
2021-10-25 17:50:20.222 | INFO     |  5678 | mycroft.skills.settings:save_settings:116 | Skill settings successfully saved to /home/runner/.config/mycroft/skills/mycroft-npr-news.mycroftai/settings.json
2021-10-25 17:50:20.222 | INFO     |  5678 | mycroft.skills.skill_loader:_communicate_load_status:344 | Skill mycroft-npr-news.mycroftai loaded successfully
2021-10-25 17:50:20.223 | INFO     |  5678 | mycroft.skills.skill_loader:load:185 | ATTEMPTING TO LOAD SKILL: mycroft-support-helper.mycroftai
2021-10-25 17:50:20.242 | INFO     |  5678 | mycroft.skills.settings:get_local_settings:83 | /opt/mycroft/skills/mycroft-support-helper.mycroftai/settings.json
2021-10-25 17:50:20.269 | INFO     |  5678 | mycroft.skills.skill_loader:_check_for_first_run:324 | First run of mycroft-support-helper.mycroftai
2021-10-25 17:50:20.270 | INFO     |  5678 | mycroft.skills.settings:save_settings:116 | Skill settings successfully saved to /home/runner/.config/mycroft/skills/mycroft-support-helper.mycroftai/settings.json
2021-10-25 17:50:20.273 | INFO     |  5678 | mycroft.skills.skill_loader:_communicate_load_status:344 | Skill mycroft-support-helper.mycroftai loaded successfully
2021-10-25 17:50:20.274 | INFO     |  5678 | mycroft.skills.skill_loader:load:185 | ATTEMPTING TO LOAD SKILL: mycroft-weather.mycroftai
2021-10-25 17:50:20.305 | INFO     |  5678 | mycroft.skills.settings:get_local_settings:83 | /opt/mycroft/skills/mycroft-weather.mycroftai/settings.json
2021-10-25 17:50:20.529 | INFO     |  5678 | mycroft.skills.skill_loader:_check_for_first_run:324 | First run of mycroft-weather.mycroftai
2021-10-25 17:50:20.530 | INFO     |  5678 | mycroft.skills.settings:save_settings:116 | Skill settings successfully saved to /home/runner/.config/mycroft/skills/mycroft-weather.mycroftai/settings.json
2021-10-25 17:50:20.544 | INFO     |  5678 | mycroft.skills.skill_loader:_communicate_load_status:344 | Skill mycroft-weather.mycroftai loaded successfully
2021-10-25 17:50:20.545 | INFO     |  5678 | mycroft.skills.skill_loader:load:185 | ATTEMPTING TO LOAD SKILL: mycroft-speak.mycroftai
2021-10-25 17:50:20.562 | INFO     |  5678 | mycroft.skills.settings:get_local_settings:83 | /opt/mycroft/skills/mycroft-speak.mycroftai/settings.json
2021-10-25 17:50:20.597 | INFO     |  5678 | mycroft.skills.skill_loader:_check_for_first_run:324 | First run of mycroft-speak.mycroftai
2021-10-25 17:50:20.598 | INFO     |  5678 | mycroft.skills.settings:save_settings:116 | Skill settings successfully saved to /home/runner/.config/mycroft/skills/mycroft-speak.mycroftai/settings.json
2021-10-25 17:50:20.616 | INFO     |  5678 | mycroft.skills.skill_loader:_communicate_load_status:344 | Skill mycroft-speak.mycroftai loaded successfully
2021-10-25 17:50:20.617 | INFO     |  5678 | mycroft.skills.skill_loader:load:185 | ATTEMPTING TO LOAD SKILL: mycroft-audio-record.mycroftai
2021-10-25 17:50:20.622 | INFO     |  5678 | mycroft.skills.settings:get_local_settings:83 | /opt/mycroft/skills/mycroft-audio-record.mycroftai/settings.json
2021-10-25 17:50:20.669 | INFO     |  5678 | mycroft.skills.skill_loader:_check_for_first_run:324 | First run of mycroft-audio-record.mycroftai
2021-10-25 17:50:20.670 | INFO     |  5678 | mycroft.skills.settings:save_settings:116 | Skill settings successfully saved to /home/runner/.config/mycroft/skills/mycroft-audio-record.mycroftai/settings.json
2021-10-25 17:50:20.686 | INFO     |  5678 | mycroft.skills.skill_loader:_communicate_load_status:344 | Skill mycroft-audio-record.mycroftai loaded successfully
2021-10-25 17:50:20.687 | INFO     |  5678 | mycroft.skills.skill_loader:load:185 | ATTEMPTING TO LOAD SKILL: mycroft-stop.mycroftai
2021-10-25 17:50:20.691 | INFO     |  5678 | mycroft.skills.settings:get_local_settings:83 | /opt/mycroft/skills/mycroft-stop.mycroftai/settings.json
2021-10-25 17:50:20.744 | INFO     |  5678 | mycroft.skills.skill_loader:_check_for_first_run:324 | First run of mycroft-stop.mycroftai
2021-10-25 17:50:20.745 | INFO     |  5678 | mycroft.skills.settings:save_settings:116 | Skill settings successfully saved to /home/runner/.config/mycroft/skills/mycroft-stop.mycroftai/settings.json
2021-10-25 17:50:20.759 | INFO     |  5678 | mycroft.skills.skill_loader:_communicate_load_status:344 | Skill mycroft-stop.mycroftai loaded successfully
2021-10-25 17:50:20.760 | INFO     |  5678 | mycroft.skills.skill_loader:load:185 | ATTEMPTING TO LOAD SKILL: mycroft-hello-world.mycroftai
2021-10-25 17:50:20.776 | INFO     |  5678 | mycroft.skills.settings:get_local_settings:83 | /opt/mycroft/skills/mycroft-hello-world.mycroftai/settings.json
2021-10-25 17:50:20.807 | INFO     |  5678 | mycroft.skills.skill_loader:_check_for_first_run:324 | First run of mycroft-hello-world.mycroftai
2021-10-25 17:50:20.808 | INFO     |  5678 | mycroft.skills.settings:save_settings:116 | Skill settings successfully saved to /home/runner/.config/mycroft/skills/mycroft-hello-world.mycroftai/settings.json
2021-10-25 17:50:20.820 | INFO     |  5678 | mycroft.skills.skill_loader:_communicate_load_status:344 | Skill mycroft-hello-world.mycroftai loaded successfully
2021-10-25 17:50:20.820 | INFO     |  5678 | mycroft.skills.skill_loader:load:185 | ATTEMPTING TO LOAD SKILL: mycroft-date-time.mycroftai
2021-10-25 17:50:21.691 | INFO     |  5678 | mycroft.skills.settings:get_local_settings:83 | /opt/mycroft/skills/mycroft-date-time.mycroftai/settings.json
2021-10-25 17:50:21.731 | INFO     |  5678 | TimeSkill | Registering resting screen <bound method TimeSkill.handle_idle of <mycroft-date-time_mycroftai.TimeSkill object at 0x7f2be4e218d0>> for Time and Date.
2021-10-25 17:50:21.733 | INFO     |  5678 | TimeSkill | Registering resting screen
2021-10-25 17:50:21.739 | INFO     |  5678 | mycroft.skills.skill_loader:_check_for_first_run:324 | First run of mycroft-date-time.mycroftai
2021-10-25 17:50:21.740 | INFO     |  5678 | mycroft.skills.settings:save_settings:116 | Skill settings successfully saved to /home/runner/.config/mycroft/skills/mycroft-date-time.mycroftai/settings.json
2021-10-25 17:50:21.742 | INFO     |  5678 | mycroft.skills.skill_loader:_communicate_load_status:344 | Skill mycroft-date-time.mycroftai loaded successfully
2021-10-25 17:50:21.744 | INFO     |  5678 | mycroft.skills.skill_loader:load:185 | ATTEMPTING TO LOAD SKILL: mycroft-configuration.mycroftai
2021-10-25 17:50:21.750 | INFO     |  5678 | mycroft.skills.settings:get_local_settings:83 | /opt/mycroft/skills/mycroft-configuration.mycroftai/settings.json
2021-10-25 17:50:21.788 | INFO     |  5678 | mycroft.skills.skill_loader:_check_for_first_run:324 | First run of mycroft-configuration.mycroftai
2021-10-25 17:50:21.789 | INFO     |  5678 | mycroft.skills.settings:save_settings:116 | Skill settings successfully saved to /home/runner/.config/mycroft/skills/mycroft-configuration.mycroftai/settings.json
2021-10-25 17:50:21.791 | INFO     |  5678 | mycroft.skills.skill_loader:_communicate_load_status:344 | Skill mycroft-configuration.mycroftai loaded successfully
2021-10-25 17:50:21.792 | INFO     |  5678 | mycroft.skills.skill_loader:load:185 | ATTEMPTING TO LOAD SKILL: fallback-query.mycroftai
2021-10-25 17:50:21.799 | INFO     |  5678 | mycroft.skills.settings:get_local_settings:83 | /opt/mycroft/skills/fallback-query.mycroftai/settings.json
2021-10-25 17:50:21.813 | INFO     |  5678 | mycroft.skills.skill_loader:_check_for_first_run:324 | First run of fallback-query.mycroftai
2021-10-25 17:50:21.816 | INFO     |  5678 | mycroft.skills.settings:save_settings:116 | Skill settings successfully saved to /home/runner/.config/mycroft/skills/fallback-query.mycroftai/settings.json
2021-10-25 17:50:21.819 | INFO     |  5678 | mycroft.skills.skill_loader:_communicate_load_status:344 | Skill fallback-query.mycroftai loaded successfully
2021-10-25 17:50:21.819 | INFO     |  5678 | mycroft.skills.skill_loader:load:185 | ATTEMPTING TO LOAD SKILL: mycroft-personal.mycroftai
2021-10-25 17:50:21.823 | INFO     |  5678 | mycroft.skills.settings:get_local_settings:83 | /opt/mycroft/skills/mycroft-personal.mycroftai/settings.json
2021-10-25 17:50:21.855 | INFO     |  5678 | mycroft.skills.skill_loader:_check_for_first_run:324 | First run of mycroft-personal.mycroftai
2021-10-25 17:50:21.858 | INFO     |  5678 | mycroft.skills.settings:save_settings:116 | Skill settings successfully saved to /home/runner/.config/mycroft/skills/mycroft-personal.mycroftai/settings.json
2021-10-25 17:50:21.861 | INFO     |  5678 | mycroft.skills.skill_loader:_communicate_load_status:344 | Skill mycroft-personal.mycroftai loaded successfully
2021-10-25 17:50:21.861 | INFO     |  5678 | mycroft.skills.skill_loader:load:185 | ATTEMPTING TO LOAD SKILL: fallback-wolfram-alpha.mycroftai
2021-10-25 17:50:21.945 | INFO     |  5678 | mycroft.skills.settings:get_local_settings:83 | /opt/mycroft/skills/fallback-wolfram-alpha.mycroftai/settings.json
2021-10-25 17:50:21.978 | INFO     |  5678 | mycroft.skills.skill_loader:_check_for_first_run:324 | First run of fallback-wolfram-alpha.mycroftai
2021-10-25 17:50:21.984 | INFO     |  5678 | mycroft.skills.settings:save_settings:116 | Skill settings successfully saved to /home/runner/.config/mycroft/skills/fallback-wolfram-alpha.mycroftai/settings.json
2021-10-25 17:50:21.988 | INFO     |  5678 | mycroft.skills.skill_loader:_communicate_load_status:344 | Skill fallback-wolfram-alpha.mycroftai loaded successfully
2021-10-25 17:50:21.991 | INFO     |  5678 | mycroft.skills.skill_loader:load:185 | ATTEMPTING TO LOAD SKILL: mycroft-wiki.mycroftai
2021-10-25 17:50:22.026 | INFO     |  5678 | mycroft.skills.settings:get_local_settings:83 | /opt/mycroft/skills/mycroft-wiki.mycroftai/settings.json
2021-10-25 17:50:22.070 | INFO     |  5678 | mycroft.skills.skill_loader:_check_for_first_run:324 | First run of mycroft-wiki.mycroftai
2021-10-25 17:50:22.071 | INFO     |  5678 | mycroft.skills.settings:save_settings:116 | Skill settings successfully saved to /home/runner/.config/mycroft/skills/mycroft-wiki.mycroftai/settings.json
2021-10-25 17:50:22.074 | INFO     |  5678 | mycroft.skills.skill_loader:_communicate_load_status:344 | Skill mycroft-wiki.mycroftai loaded successfully
2021-10-25 17:50:22.075 | INFO     |  5678 | mycroft.skills.skill_loader:load:185 | ATTEMPTING TO LOAD SKILL: fallback-unknown.mycroftai
2021-10-25 17:50:22.079 | INFO     |  5678 | mycroft.skills.settings:get_local_settings:83 | /opt/mycroft/skills/fallback-unknown.mycroftai/settings.json
2021-10-25 17:50:22.101 | INFO     |  5678 | mycroft.skills.skill_loader:_check_for_first_run:324 | First run of fallback-unknown.mycroftai
2021-10-25 17:50:22.102 | INFO     |  5678 | mycroft.skills.settings:save_settings:116 | Skill settings successfully saved to /home/runner/.config/mycroft/skills/fallback-unknown.mycroftai/settings.json
2021-10-25 17:50:22.103 | INFO     |  5678 | mycroft.skills.skill_loader:_communicate_load_status:344 | Skill fallback-unknown.mycroftai loaded successfully
2021-10-25 17:50:22.105 | INFO     |  5678 | mycroft.skills.skill_loader:load:185 | ATTEMPTING TO LOAD SKILL: mycroft-playback-control.mycroftai
2021-10-25 17:50:22.115 | INFO     |  5678 | mycroft.skills.settings:get_local_settings:83 | /opt/mycroft/skills/mycroft-playback-control.mycroftai/settings.json
2021-10-25 17:50:22.142 | INFO     |  5678 | mycroft.skills.skill_loader:_check_for_first_run:324 | First run of mycroft-playback-control.mycroftai
2021-10-25 17:50:22.143 | INFO     |  5678 | mycroft.skills.settings:save_settings:116 | Skill settings successfully saved to /home/runner/.config/mycroft/skills/mycroft-playback-control.mycroftai/settings.json
2021-10-25 17:50:22.145 | INFO     |  5678 | mycroft.skills.skill_loader:_communicate_load_status:344 | Skill mycroft-playback-control.mycroftai loaded successfully
2021-10-25 17:50:22.146 | INFO     |  5678 | mycroft.skills.skill_manager:_load_on_startup:275 | Skills all loaded!
2021-10-25 17:50:22.167 | INFO     |  5678 | __main__:on_ready:185 | Skills service is ready.
2021-10-25 17:50:22.333 | INFO     |  5678 | mycroft.skills.intent_services.padatious_service:train:151 | Training... (single_thread=False)
Regenerated mycroft-alarm.mycroftai:{daytype}.
Regenerated mycroft-reminder.mycroftai:SnoozeReminder.intent.
Regenerated mycroft-installer.mycroftai:remove.intent.
Regenerated mycroft-installer.mycroftai:is.installed.intent.
Regenerated mycroft-installer.mycroftai:install.beta.intent.
Regenerated mycroft-installer.mycroftai:install.intent.
Regenerated mycroft-installer.mycroftai:install.custom.intent.
Regenerated mycroft-installer.mycroftai:list.skills.intent.
Regenerated mycroft-timer.mycroftai:start.timer.intent.
Regenerated mycroft-timer.mycroftai:timer.status.intent.
Regenerated homeassistant.mycroftai:toggle.intent.
Regenerated homeassistant.mycroftai:increase.light.brightness.intent.
Regenerated homeassistant.mycroftai:cover.open.intent.
Regenerated homeassistant.mycroftai:turn.on.intent.
Regenerated homeassistant.mycroftai:tracker.intent.
Regenerated homeassistant.mycroftai:set.light.brightness.intent.
Regenerated homeassistant.mycroftai:set.climate.intent.
Regenerated mycroft-alarm.mycroftai:change.alarm.sound.intent.
Regenerated mycroft-npr-news.mycroftai:PlayTheNews.intent.
Regenerated mycroft-support-helper.mycroftai:contact.support.intent.
Regenerated mycroft-weather.mycroftai:do-i-need-an-umbrella.intent.
Regenerated mycroft-audio-record.mycroftai:StartRecording.intent.
Regenerated mycroft-audio-record.mycroftai:PlayRecording.intent.
Regenerated mycroft-stop.mycroftai:ssh.disable.intent.
Regenerated mycroft-stop.mycroftai:reboot.intent.
Regenerated mycroft-stop.mycroftai:ssh.enable.intent.
Regenerated mycroft-stop.mycroftai:shutdown.intent.
Regenerated mycroft-stop.mycroftai:wifi.setup.intent.
Regenerated mycroft-hello-world.mycroftai:HowAreYou.intent.
Regenerated mycroft-date-time.mycroftai:date.future.weekend.intent.
Regenerated mycroft-date-time.mycroftai:what.time.will.it.be.intent.
Regenerated mycroft-date-time.mycroftai:date.last.weekend.intent.
Regenerated mycroft-date-time.mycroftai:what.time.is.it.intent.
Regenerated mycroft-reminder.mycroftai:UnspecifiedReminderAt.intent.
Regenerated mycroft-reminder.mycroftai:GetRemindersForDay.intent.
Regenerated mycroft-reminder.mycroftai:ClearReminders.intent.
Regenerated mycroft-reminder.mycroftai:CancelActiveReminder.intent.
Regenerated mycroft-reminder.mycroftai:GetNextReminders.intent.
Regenerated mycroft-reminder.mycroftai:ReminderAt.intent.
Regenerated mycroft-reminder.mycroftai:Reminder.intent.
Regenerated mycroft-reminder.mycroftai:DeleteReminderForDay.intent.
Regenerated homeassistant.mycroftai:turn.off.intent.
Regenerated homeassistant.mycroftai:decrease.light.brightness.intent.
Regenerated homeassistant.mycroftai:automation.intent.
Regenerated homeassistant.mycroftai:add.item.shopping.list.intent.
Regenerated homeassistant.mycroftai:cover.stop.intent.
Regenerated homeassistant.mycroftai:sensor.intent.
Regenerated homeassistant.mycroftai:cover.close.intent.
Regenerated mycroft-alarm.mycroftai:snooze.intent.
Regenerated mycroft-configuration.mycroftai:EnablePreciseDev.intent.
Regenerated mycroft-configuration.mycroftai:WhereAreYou.intent.
Regenerated mycroft-configuration.mycroftai:DisablePreciseDev.intent.
Regenerated mycroft-personal.mycroftai:WhoMadeYou.intent.
Regenerated mycroft-personal.mycroftai:WhenWereYouBorn.intent.
Regenerated mycroft-personal.mycroftai:DoYouRhyme.intent.
Regenerated mycroft-personal.mycroftai:WhoAreYou.intent.
Regenerated mycroft-personal.mycroftai:WhatAreYou.intent.
Regenerated mycroft-personal.mycroftai:WhereWereYouBorn.intent.
Regenerated mycroft-personal.mycroftai:DoYouDream.intent.
Regenerated mycroft-wiki.mycroftai:Random.intent.
2021-10-25 17:50:25.107 | INFO     |  5678 | mycroft.skills.intent_services.padatious_service:train:153 | Training complete.
2021-10-25 17:50:31.771 | INFO     |  5678 | mycroft.skills.settings:save_settings:116 | Skill settings successfully saved to /home/runner/.config/mycroft/skills/mycroft-pairing.mycroftai/settings.json
2021-10-25 17:50:32.069 | INFO     |  5678 | mycroft.skills.settings:save_settings:116 | Skill settings successfully saved to /home/runner/.config/mycroft/skills/mycroft-timer.mycroftai/settings.json
2021-10-25 17:51:00.234 | INFO     |  5678 | __main__:on_stopping:193 | Skills service is shutting down...
2021-10-25 17:51:00.234 | INFO     |  5678 | __main__:shutdown:284 | Shutting down Skills service
2021-10-25 17:51:00.718 | ERROR    |  5678 | VolumeSkill | Couldn't allocate mixer, ALSAAudioError('No such file or directory [default]')
2021-10-25 17:51:00.720 | INFO     |  5678 | mycroft.skills.settings:save_settings:116 | Skill settings successfully saved to /home/runner/.config/mycroft/skills/mycroft-volume.mycroftai/settings.json
2021-10-25 17:51:00.723 | INFO     |  5678 | mycroft.skills.settings:save_settings:116 | Skill settings successfully saved to /home/runner/.config/mycroft/skills/mycroft-ip.mycroftai/settings.json
2021-10-25 17:51:00.724 | INFO     |  5678 | mycroft.skills.settings:save_settings:116 | Skill settings successfully saved to /home/runner/.config/mycroft/skills/mycroft-reminder.mycroftai/settings.json
2021-10-25 17:51:00.735 | INFO     |  5678 | mycroft.skills.settings:save_settings:116 | Skill settings successfully saved to /home/runner/.config/mycroft/skills/mycroft-installer.mycroftai/settings.json
2021-10-25 17:51:00.738 | INFO     |  5678 | mycroft.skills.settings:save_settings:116 | Skill settings successfully saved to /home/runner/.config/mycroft/skills/mycroft-version-checker.mycroftai/settings.json
2021-10-25 17:51:00.766 | INFO     |  5678 | mycroft.skills.settings:save_settings:116 | Skill settings successfully saved to /home/runner/.config/mycroft/skills/mycroft-singing.mycroftai/settings.json
2021-10-25 17:51:00.774 | INFO     |  5678 | mycroft.skills.settings:save_settings:116 | Skill settings successfully saved to /home/runner/.config/mycroft/skills/mycroft-joke.mycroftai/settings.json
2021-10-25 17:51:00.777 | INFO     |  5678 | HomeAssistantSkill | Removing all handlers...
2021-10-25 17:51:00.784 | WARNING  |  5678 | mycroft.skills.fallback_skill:remove_fallback:185 | Could not find matching fallback handler
2021-10-25 17:51:00.787 | INFO     |  5678 | mycroft.skills.settings:save_settings:116 | Skill settings successfully saved to /home/runner/.config/mycroft/skills/mycroft-alarm.mycroftai/settings.json
2021-10-25 17:51:00.788 | INFO     |  5678 | mycroft.skills.settings:save_settings:116 | Skill settings successfully saved to /home/runner/.config/mycroft/skills/mycroft-naptime.mycroftai/settings.json
2021-10-25 17:51:00.805 | INFO     |  5678 | mycroft.skills.settings:save_settings:116 | Skill settings successfully saved to /home/runner/.config/mycroft/skills/mycroft-spelling.mycroftai/settings.json
2021-10-25 17:51:00.806 | INFO     |  5678 | mycroft.skills.settings:save_settings:116 | Skill settings successfully saved to /home/runner/.config/mycroft/skills/mycroft-fallback-duck-duck-go.mycroftai/settings.json
2021-10-25 17:51:00.807 | INFO     |  5678 | mycroft.skills.settings:save_settings:116 | Skill settings successfully saved to /home/runner/.config/mycroft/skills/mycroft-npr-news.mycroftai/settings.json
2021-10-25 17:51:00.836 | INFO     |  5678 | mycroft.skills.settings:save_settings:116 | Skill settings successfully saved to /home/runner/.config/mycroft/skills/mycroft-support-helper.mycroftai/settings.json
2021-10-25 17:51:00.837 | INFO     |  5678 | mycroft.skills.settings:save_settings:116 | Skill settings successfully saved to /home/runner/.config/mycroft/skills/mycroft-weather.mycroftai/settings.json
2021-10-25 17:51:00.846 | INFO     |  5678 | mycroft.skills.settings:save_settings:116 | Skill settings successfully saved to /home/runner/.config/mycroft/skills/mycroft-speak.mycroftai/settings.json
2021-10-25 17:51:00.872 | INFO     |  5678 | mycroft.skills.settings:save_settings:116 | Skill settings successfully saved to /home/runner/.config/mycroft/skills/mycroft-audio-record.mycroftai/settings.json
2021-10-25 17:51:00.874 | INFO     |  5678 | mycroft.skills.settings:save_settings:116 | Skill settings successfully saved to /home/runner/.config/mycroft/skills/mycroft-stop.mycroftai/settings.json
2021-10-25 17:51:00.882 | INFO     |  5678 | mycroft.skills.settings:save_settings:116 | Skill settings successfully saved to /home/runner/.config/mycroft/skills/mycroft-hello-world.mycroftai/settings.json
2021-10-25 17:51:00.896 | INFO     |  5678 | mycroft.skills.settings:save_settings:116 | Skill settings successfully saved to /home/runner/.config/mycroft/skills/mycroft-date-time.mycroftai/settings.json
2021-10-25 17:51:00.907 | INFO     |  5678 | mycroft.skills.settings:save_settings:116 | Skill settings successfully saved to /home/runner/.config/mycroft/skills/mycroft-configuration.mycroftai/settings.json
2021-10-25 17:51:00.915 | INFO     |  5678 | QuestionsAnswersSkill | Removing all handlers...
2021-10-25 17:51:00.917 | INFO     |  5678 | mycroft.skills.settings:save_settings:116 | Skill settings successfully saved to /home/runner/.config/mycroft/skills/fallback-query.mycroftai/settings.json
2021-10-25 17:51:00.926 | INFO     |  5678 | mycroft.skills.settings:save_settings:116 | Skill settings successfully saved to /home/runner/.config/mycroft/skills/mycroft-personal.mycroftai/settings.json
2021-10-25 17:51:00.929 | INFO     |  5678 | mycroft.skills.settings:save_settings:116 | Skill settings successfully saved to /home/runner/.config/mycroft/skills/fallback-wolfram-alpha.mycroftai/settings.json
2021-10-25 17:51:00.937 | INFO     |  5678 | mycroft.skills.settings:save_settings:116 | Skill settings successfully saved to /home/runner/.config/mycroft/skills/mycroft-wiki.mycroftai/settings.json
2021-10-25 17:51:00.952 | INFO     |  5678 | UnknownSkill | Removing all handlers...
2021-10-25 17:51:00.953 | INFO     |  5678 | mycroft.skills.settings:save_settings:116 | Skill settings successfully saved to /home/runner/.config/mycroft/skills/fallback-unknown.mycroftai/settings.json
2021-10-25 17:51:00.961 | INFO     |  5678 | mycroft.skills.settings:save_settings:116 | Skill settings successfully saved to /home/runner/.config/mycroft/skills/mycroft-playback-control.mycroftai/settings.json
2021-10-25 17:51:01.969 | INFO     |  5678 | Playback Control Skill | Audio service status: {}
2021-10-25 17:51:02.970 | WARNING  |  5678 | mycroft.skills.skill_manager:_shutdown_skill:106 | mycroft-playback-control.mycroftai shutdown took 2.0154639309999993 seconds
2021-10-25 17:51:02.971 | INFO     |  5678 | __main__:shutdown:291 | Skills service shutdown complete!
2021-10-25 17:51:03.006 | ERROR    |  5678 | websocket | error from callback <bound method MessageBusClient.on_message of <mycroft.messagebus.client.client.MessageBusClient object at 0x7f2c01428e50>>: cannot schedule new futures after shutdown
2021-10-25 17:51:03.008 | ERROR    |  5678 | websocket | error from callback <bound method MessageBusClient.on_message of <mycroft.messagebus.client.client.MessageBusClient object at 0x7f2c01428e50>>: cannot schedule new futures after shutdown
2021-10-25 17:51:03.010 | ERROR    |  5678 | websocket | error from callback <bound method MessageBusClient.on_message of <mycroft.messagebus.client.client.MessageBusClient object at 0x7f2c01428e50>>: cannot schedule new futures after shutdown
