2021-10-22 08:22:00.412 | INFO     |  5711 | mycroft.messagebus.load_config:load_message_bus_config:33 | Loading message bus configs
2021-10-22 08:22:00.424 | INFO     |  5711 | mycroft_bus_client.client.client | Connected
2021-10-22 08:22:00.437 | INFO     |  5711 | mycroft.util.process_utils:start_message_bus_client:155 | Connected to messagebus
2021-10-22 08:22:00.445 | INFO     |  5711 | mycroft.skills.msm_wrapper:create_msm:96 | Acquiring lock to instantiate MSM
2021-10-22 08:22:02.504 | INFO     |  5711 | msm.mycroft_skills_manager | building SkillEntry objects for all skills
2021-10-22 08:22:03.534 | INFO     |  5711 | mycroft.skills.msm_wrapper:create_msm:112 | Releasing MSM instantiation lock.
2021-10-22 08:22:03.534 | INFO     |  5711 | mycroft.skills.skill_updater:_log_next_download_time:267 | Next scheduled skill update: 2021-10-22 08:22:02.534436
2021-10-22 08:22:03.535 | INFO     |  5711 | msm.skill_entry | Downloading skill: https://github.com/mycroftai/skill-pairing
2021-10-22 08:22:04.357 | INFO     |  5711 | msm.skill_entry | Installing system requirements...
2021-10-22 08:22:04.366 | INFO     |  5711 | msm.skill_entry | Successfully installed mycroft-pairing
2021-10-22 08:22:04.366 | INFO     |  5711 | msm.mycroft_skills_manager | invalidating skills cache
2021-10-22 08:22:04.368 | INFO     |  5711 | mycroft.skills.skill_loader:load:185 | ATTEMPTING TO LOAD SKILL: mycroft-pairing.mycroftai
2021-10-22 08:22:04.376 | INFO     |  5711 | mycroft.skills.settings:get_local_settings:83 | /opt/mycroft/skills/mycroft-pairing.mycroftai/settings.json
2021-10-22 08:22:04.394 | INFO     |  5711 | mycroft.skills.skill_loader:_check_for_first_run:324 | First run of mycroft-pairing.mycroftai
2021-10-22 08:22:04.396 | INFO     |  5711 | mycroft.skills.settings:save_settings:116 | Skill settings successfully saved to /home/runner/.config/mycroft/skills/mycroft-pairing.mycroftai/settings.json
2021-10-22 08:22:04.399 | INFO     |  5711 | mycroft.skills.skill_loader:_communicate_load_status:344 | Skill mycroft-pairing.mycroftai loaded successfully
2021-10-22 08:22:04.399 | INFO     |  5711 | msm.skill_entry | Downloading skill: https://github.com/mycroftai/skill-volume
2021-10-22 08:22:05.493 | INFO     |  5711 | msm.skill_entry | Installing system requirements...
2021-10-22 08:22:05.505 | INFO     |  5711 | msm.skill_entry | Installing requirements.txt for mycroft-volume
2021-10-22 08:22:06.814 | INFO     |  5711 | msm.skill_entry | Successfully installed mycroft-volume
2021-10-22 08:22:06.814 | INFO     |  5711 | msm.mycroft_skills_manager | invalidating skills cache
2021-10-22 08:22:06.816 | INFO     |  5711 | mycroft.skills.skill_loader:load:185 | ATTEMPTING TO LOAD SKILL: mycroft-volume.mycroftai
2021-10-22 08:22:06.825 | INFO     |  5711 | mycroft.skills.settings:get_local_settings:83 | /opt/mycroft/skills/mycroft-volume.mycroftai/settings.json
2021-10-22 08:22:06.927 | ERROR    |  5711 | VolumeSkill | Couldn't allocate mixer, ALSAAudioError('No such file or directory [default]')
2021-10-22 08:22:09.969 | INFO     |  5711 | mycroft.skills.skill_loader:_check_for_first_run:324 | First run of mycroft-volume.mycroftai
2021-10-22 08:22:09.970 | INFO     |  5711 | mycroft.skills.settings:save_settings:116 | Skill settings successfully saved to /home/runner/.config/mycroft/skills/mycroft-volume.mycroftai/settings.json
2021-10-22 08:22:09.970 | INFO     |  5711 | mycroft.skills.skill_loader:_communicate_load_status:344 | Skill mycroft-volume.mycroftai loaded successfully
2021-10-22 08:22:09.971 | INFO     |  5711 | __main__:on_started:177 | Skills service is starting up.
2021-10-22 08:22:10.050 | INFO     |  5711 | __main__:_update_system:154 | Attempting system update...
2021-10-22 08:22:13.053 | INFO     |  5711 | mycroft.enclosure.display_manager:_write_data:70 | Display Manager is creating /tmp/mycroft/ipc/managers/disp_info
2021-10-22 08:22:13.054 | INFO     |  5711 | __main__:_ensure_device_is_paired:133 | Device not paired, invoking the pairing skill
2021-10-22 08:22:13.055 | INFO     |  5711 | __main__:on_alive:181 | Skills service is alive.
2021-10-22 08:22:13.098 | INFO     |  5711 | msm.mycroft_skills_manager | building SkillEntry objects for all skills
2021-10-22 08:22:13.486 | INFO     |  5711 | PairingSkill | Communicating account URL to user
2021-10-22 08:22:13.629 | WARNING  |  5711 | msm.mycroft_skills_manager | No such default skill: mycroft-pandora
2021-10-22 08:22:13.630 | INFO     |  5711 | mycroft.skills.skill_manager:run:234 | Not all default skills are installed, performing skill update...
2021-10-22 08:22:13.630 | INFO     |  5711 | mycroft.skills.skill_updater:update_skills:149 | Beginning skill update...
2021-10-22 08:22:13.712 | INFO     |  5711 | msm.mycroft_skills_manager | building SkillEntry objects for all skills
2021-10-22 08:22:14.104 | INFO     |  5711 | msm.mycroft_skills_manager | invalidating skills cache
2021-10-22 08:22:14.130 | INFO     |  5711 | msm.skill_entry | Downloading skill: https://github.com/mycroftai/fallback-unknown
2021-10-22 08:22:14.131 | INFO     |  5711 | msm.skill_entry | Downloading skill: https://github.com/mycroftai/fallback-wolfram-alpha
2021-10-22 08:22:14.131 | INFO     |  5711 | msm.skill_entry | Downloading skill: https://github.com/mycroftai/skill-alarm
2021-10-22 08:22:14.132 | INFO     |  5711 | msm.skill_entry | Downloading skill: https://github.com/mycroftai/skill-audio-record
2021-10-22 08:22:14.133 | INFO     |  5711 | msm.skill_entry | Downloading skill: https://github.com/mycroftai/skill-configuration
2021-10-22 08:22:14.133 | INFO     |  5711 | msm.skill_entry | Downloading skill: https://github.com/mycroftai/skill-date-time
2021-10-22 08:22:14.134 | INFO     |  5711 | msm.skill_entry | Downloading skill: https://github.com/mycroftai/fallback-duckduckgo
2021-10-22 08:22:14.134 | INFO     |  5711 | msm.skill_entry | Downloading skill: https://github.com/mycroftai/skill-hello-world
2021-10-22 08:22:14.135 | INFO     |  5711 | msm.skill_entry | Downloading skill: https://github.com/mycroftai/skill-installer
2021-10-22 08:22:14.136 | INFO     |  5711 | msm.skill_entry | Downloading skill: https://github.com/mycroftai/skill-ip
2021-10-22 08:22:14.146 | INFO     |  5711 | msm.skill_entry | Downloading skill: https://github.com/mycroftai/skill-joke
2021-10-22 08:22:14.193 | INFO     |  5711 | msm.skill_entry | Downloading skill: https://github.com/mycroftai/skill-naptime
2021-10-22 08:22:14.199 | INFO     |  5711 | msm.skill_entry | Downloading skill: https://github.com/mycroftai/skill-npr-news
2021-10-22 08:22:14.218 | INFO     |  5711 | msm.skill_entry | Downloading skill: https://github.com/mycroftai/skill-personal
2021-10-22 08:22:14.219 | INFO     |  5711 | msm.skill_entry | Downloading skill: https://github.com/mycroftai/skill-playback-control
2021-10-22 08:22:14.220 | INFO     |  5711 | msm.skill_entry | Downloading skill: https://github.com/mycroftai/skill-reminder
2021-10-22 08:22:14.222 | INFO     |  5711 | msm.skill_entry | Downloading skill: https://github.com/mycroftai/skill-singing
2021-10-22 08:22:15.321 | ERROR    |  5711 | msm.mycroft_skills_manager | Error running install_or_update on homeassistant.mycroftai: MergeConflict
2021-10-22 08:22:15.323 | INFO     |  5711 | msm.skill_entry | Downloading skill: https://github.com/mycroftai/skill-speak
2021-10-22 08:22:15.656 | INFO     |  5711 | msm.skill_entry | Installing system requirements...
2021-10-22 08:22:15.769 | INFO     |  5711 | msm.skill_entry | Installing requirements.txt for mycroft-fallback-duck-duck-go
2021-10-22 08:22:16.039 | INFO     |  5711 | msm.skill_entry | Installing system requirements...
2021-10-22 08:22:16.159 | INFO     |  5711 | msm.skill_entry | Installing system requirements...
2021-10-22 08:22:16.164 | INFO     |  5711 | msm.skill_entry | Installing system requirements...
2021-10-22 08:22:16.188 | INFO     |  5711 | msm.skill_entry | Installing system requirements...
2021-10-22 08:22:16.197 | INFO     |  5711 | msm.skill_entry | Installing system requirements...
2021-10-22 08:22:16.244 | INFO     |  5711 | msm.skill_entry | Nothing new for mycroft-volume
2021-10-22 08:22:16.245 | INFO     |  5711 | msm.skill_entry | Installing system requirements...
2021-10-22 08:22:16.265 | INFO     |  5711 | msm.skill_entry | Installing system requirements...
2021-10-22 08:22:16.291 | INFO     |  5711 | msm.skill_entry | Successfully installed mycroft-naptime
2021-10-22 08:22:16.330 | INFO     |  5711 | msm.mycroft_skills_manager | invalidating skills cache
2021-10-22 08:22:16.336 | INFO     |  5711 | msm.skill_entry | Downloading skill: https://github.com/mycroftai/skill-spelling
2021-10-22 08:22:16.341 | INFO     |  5711 | msm.skill_entry | Installing requirements.txt for fallback-wolfram-alpha
2021-10-22 08:22:16.342 | INFO     |  5711 | msm.skill_entry | Installing requirements.txt for mycroft-ip
2021-10-22 08:22:16.357 | INFO     |  5711 | msm.skill_entry | Installing requirements.txt for mycroft-installer
2021-10-22 08:22:16.360 | INFO     |  5711 | msm.skill_entry | Successfully installed mycroft-hello-world
2021-10-22 08:22:16.360 | INFO     |  5711 | msm.mycroft_skills_manager | invalidating skills cache
2021-10-22 08:22:16.362 | INFO     |  5711 | msm.skill_entry | Downloading skill: https://github.com/mycroftai/skill-stop
2021-10-22 08:22:16.458 | INFO     |  5711 | msm.skill_entry | Installing system requirements...
2021-10-22 08:22:16.473 | INFO     |  5711 | msm.skill_entry | Installing requirements.txt for mycroft-audio-record
2021-10-22 08:22:16.477 | INFO     |  5711 | msm.skill_entry | Successfully installed mycroft-personal
2021-10-22 08:22:16.477 | INFO     |  5711 | msm.mycroft_skills_manager | invalidating skills cache
2021-10-22 08:22:16.478 | INFO     |  5711 | msm.skill_entry | Downloading skill: https://github.com/mycroftai/skill-support
2021-10-22 08:22:16.520 | INFO     |  5711 | msm.skill_entry | Installing requirements.txt for mycroft-volume
2021-10-22 08:22:16.528 | INFO     |  5711 | msm.skill_entry | Nothing new for mycroft-pairing
2021-10-22 08:22:16.534 | INFO     |  5711 | msm.skill_entry | Installing system requirements...
2021-10-22 08:22:16.574 | INFO     |  5711 | msm.skill_entry | Downloading skill: https://github.com/mycroftai/mycroft-timer
2021-10-22 08:22:16.952 | INFO     |  5711 | msm.skill_entry | Installing system requirements...
2021-10-22 08:22:16.982 | INFO     |  5711 | msm.skill_entry | Installing requirements.txt for mycroft-joke
2021-10-22 08:22:17.158 | INFO     |  5711 | msm.skill_entry | Installing system requirements...
2021-10-22 08:22:17.163 | INFO     |  5711 | msm.skill_entry | Installing system requirements...
2021-10-22 08:22:17.197 | INFO     |  5711 | msm.skill_entry | Successfully installed fallback-unknown
2021-10-22 08:22:17.197 | INFO     |  5711 | msm.mycroft_skills_manager | invalidating skills cache
2021-10-22 08:22:17.198 | INFO     |  5711 | msm.skill_entry | Downloading skill: https://github.com/mycroftai/skill-weather
2021-10-22 08:22:17.207 | INFO     |  5711 | msm.skill_entry | Installing requirements.txt for mycroft-configuration
2021-10-22 08:22:17.373 | INFO     |  5711 | msm.skill_entry | Installing system requirements...
2021-10-22 08:22:17.381 | INFO     |  5711 | msm.skill_entry | Installing system requirements...
2021-10-22 08:22:17.392 | INFO     |  5711 | msm.skill_entry | Successfully installed mycroft-reminder
2021-10-22 08:22:17.393 | INFO     |  5711 | msm.mycroft_skills_manager | invalidating skills cache
2021-10-22 08:22:17.393 | INFO     |  5711 | msm.skill_entry | Downloading skill: https://github.com/mycroftai/skill-version-checker
2021-10-22 08:22:17.401 | INFO     |  5711 | msm.skill_entry | Successfully installed mycroft-playback-control
2021-10-22 08:22:17.402 | INFO     |  5711 | msm.mycroft_skills_manager | invalidating skills cache
2021-10-22 08:22:17.403 | INFO     |  5711 | msm.skill_entry | Downloading skill: https://github.com/mycroftai/skill-wiki
2021-10-22 08:22:17.617 | INFO     |  5711 | msm.skill_entry | Installing system requirements...
2021-10-22 08:22:17.641 | INFO     |  5711 | msm.skill_entry | Installing requirements.txt for mycroft-npr-news
2021-10-22 08:22:17.768 | INFO     |  5711 | msm.skill_entry | Installing system requirements...
2021-10-22 08:22:17.854 | INFO     |  5711 | msm.skill_entry | Successfully installed mycroft-speak
2021-10-22 08:22:17.854 | INFO     |  5711 | msm.mycroft_skills_manager | invalidating skills cache
2021-10-22 08:22:17.856 | INFO     |  5711 | msm.skill_entry | Downloading skill: https://github.com/MycroftAI/skill-query
2021-10-22 08:22:17.915 | INFO     |  5711 | msm.skill_entry | Installing system requirements...
2021-10-22 08:22:17.927 | INFO     |  5711 | msm.skill_entry | Installing requirements.txt for mycroft-alarm
2021-10-22 08:22:17.981 | INFO     |  5711 | msm.skill_entry | Installing system requirements...
2021-10-22 08:22:18.073 | INFO     |  5711 | msm.skill_entry | Installing system requirements...
2021-10-22 08:22:18.115 | INFO     |  5711 | msm.skill_entry | Installing system requirements...
2021-10-22 08:22:18.134 | INFO     |  5711 | msm.skill_entry | Installing requirements.txt for mycroft-date-time
2021-10-22 08:22:18.134 | INFO     |  5711 | msm.skill_entry | Successfully installed mycroft-spelling
2021-10-22 08:22:18.135 | INFO     |  5711 | msm.mycroft_skills_manager | invalidating skills cache
2021-10-22 08:22:18.141 | INFO     |  5711 | msm.skill_entry | Installing system requirements...
2021-10-22 08:22:18.170 | INFO     |  5711 | msm.skill_entry | Successfully installed mycroft-stop
2021-10-22 08:22:18.171 | INFO     |  5711 | msm.mycroft_skills_manager | invalidating skills cache
2021-10-22 08:22:18.298 | INFO     |  5711 | msm.skill_entry | Installing requirements.txt for mycroft-support-helper
2021-10-22 08:22:18.465 | INFO     |  5711 | msm.skill_entry | Installing system requirements...
2021-10-22 08:22:18.525 | INFO     |  5711 | msm.skill_entry | Installing system requirements...
2021-10-22 08:22:18.533 | INFO     |  5711 | msm.skill_entry | Installing system requirements...
2021-10-22 08:22:18.550 | INFO     |  5711 | msm.skill_entry | Installing requirements.txt for mycroft-wiki
2021-10-22 08:22:18.565 | INFO     |  5711 | msm.skill_entry | Installing system requirements...
2021-10-22 08:22:18.600 | INFO     |  5711 | msm.skill_entry | Successfully installed mycroft-version-checker
2021-10-22 08:22:18.601 | INFO     |  5711 | msm.mycroft_skills_manager | invalidating skills cache
2021-10-22 08:22:18.601 | INFO     |  5711 | msm.skill_entry | Successfully installed mycroft-timer
2021-10-22 08:22:18.601 | INFO     |  5711 | msm.mycroft_skills_manager | invalidating skills cache
2021-10-22 08:22:18.618 | INFO     |  5711 | msm.skill_entry | Successfully installed mycroft-singing
2021-10-22 08:22:18.618 | INFO     |  5711 | msm.mycroft_skills_manager | invalidating skills cache
2021-10-22 08:22:18.697 | ERROR    |  5711 | msm.mycroft_skills_manager | Error running install_or_update on homeassistant: MergeConflict
2021-10-22 08:22:18.767 | INFO     |  5711 | msm.skill_entry | Installing system requirements...
2021-10-22 08:22:18.779 | INFO     |  5711 | msm.skill_entry | Installing requirements.txt for mycroft-weather
2021-10-22 08:22:18.885 | INFO     |  5711 | msm.skill_entry | Installing system requirements...
2021-10-22 08:22:18.910 | INFO     |  5711 | msm.skill_entry | Successfully installed fallback-query
2021-10-22 08:22:18.910 | INFO     |  5711 | msm.mycroft_skills_manager | invalidating skills cache
2021-10-22 08:22:19.137 | INFO     |  5711 | msm.skill_entry | Successfully installed mycroft-fallback-duck-duck-go
2021-10-22 08:22:19.137 | INFO     |  5711 | msm.mycroft_skills_manager | invalidating skills cache
2021-10-22 08:22:23.431 | INFO     |  5711 | msm.skill_entry | Successfully installed fallback-wolfram-alpha
2021-10-22 08:22:23.432 | INFO     |  5711 | msm.mycroft_skills_manager | invalidating skills cache
2021-10-22 08:22:24.363 | INFO     |  5711 | msm.skill_entry | Successfully installed mycroft-ip
2021-10-22 08:22:24.363 | INFO     |  5711 | msm.mycroft_skills_manager | invalidating skills cache
2021-10-22 08:22:25.329 | INFO     |  5711 | msm.skill_entry | Successfully installed mycroft-installer
2021-10-22 08:22:25.330 | INFO     |  5711 | msm.mycroft_skills_manager | invalidating skills cache
2021-10-22 08:22:26.386 | INFO     |  5711 | msm.skill_entry | Successfully installed mycroft-audio-record
2021-10-22 08:22:26.386 | INFO     |  5711 | msm.mycroft_skills_manager | invalidating skills cache
2021-10-22 08:22:28.628 | INFO     |  5711 | msm.skill_entry | Successfully installed mycroft-joke
2021-10-22 08:22:28.629 | INFO     |  5711 | msm.mycroft_skills_manager | invalidating skills cache
2021-10-22 08:22:31.462 | INFO     |  5711 | msm.skill_entry | Successfully installed mycroft-configuration
2021-10-22 08:22:31.462 | INFO     |  5711 | msm.mycroft_skills_manager | invalidating skills cache
2021-10-22 08:22:34.898 | INFO     |  5711 | msm.skill_entry | Successfully installed mycroft-npr-news
2021-10-22 08:22:34.898 | INFO     |  5711 | msm.mycroft_skills_manager | invalidating skills cache
2021-10-22 08:22:35.853 | INFO     |  5711 | msm.skill_entry | Successfully installed mycroft-alarm
2021-10-22 08:22:35.854 | INFO     |  5711 | msm.mycroft_skills_manager | invalidating skills cache
2021-10-22 08:22:43.824 | INFO     |  5711 | PairingSkill | Initiating device pairing sequence...
2021-10-22 08:22:43.824 | INFO     |  5711 | PairingSkill | Retrieving pairing code from device API...
2021-10-22 08:22:44.167 | INFO     |  5711 | PairingSkill | Pairing code obtained: A3R7VL
2021-10-22 08:22:44.167 | INFO     |  5711 | PairingSkill | Communicating pairing URL to user
2021-10-22 08:22:53.414 | INFO     |  5711 | msm.skill_entry | Successfully installed mycroft-date-time
2021-10-22 08:22:53.416 | INFO     |  5711 | msm.mycroft_skills_manager | invalidating skills cache
2021-10-22 08:22:55.665 | INFO     |  5711 | msm.skill_entry | Successfully installed mycroft-support-helper
2021-10-22 08:22:55.666 | INFO     |  5711 | msm.mycroft_skills_manager | invalidating skills cache
2021-10-22 08:22:57.812 | INFO     |  5711 | msm.skill_entry | Successfully installed mycroft-wiki
2021-10-22 08:22:57.815 | INFO     |  5711 | msm.mycroft_skills_manager | invalidating skills cache
2021-10-22 08:22:59.090 | INFO     |  5711 | msm.skill_entry | Successfully installed mycroft-weather
2021-10-22 08:22:59.090 | INFO     |  5711 | msm.mycroft_skills_manager | invalidating skills cache
2021-10-22 08:22:59.150 | INFO     |  5711 | mycroft.skills.skill_updater:_log_next_download_time:267 | Next scheduled skill update: 2021-10-22 09:22:59.149612
2021-10-22 08:22:59.150 | INFO     |  5711 | mycroft.skills.skill_updater:update_skills:170 | Skill update complete
2021-10-22 08:22:59.150 | INFO     |  5711 | mycroft.skills.skill_manager:_load_on_startup:273 | Loading installed skills...
2021-10-22 08:22:59.152 | INFO     |  5711 | mycroft.skills.skill_loader:load:185 | ATTEMPTING TO LOAD SKILL: mycroft-ip.mycroftai
2021-10-22 08:22:59.195 | INFO     |  5711 | mycroft.skills.settings:get_local_settings:83 | /opt/mycroft/skills/mycroft-ip.mycroftai/settings.json
2021-10-22 08:22:59.214 | INFO     |  5711 | mycroft.skills.skill_loader:_check_for_first_run:324 | First run of mycroft-ip.mycroftai
2021-10-22 08:22:59.215 | INFO     |  5711 | mycroft.skills.settings:save_settings:116 | Skill settings successfully saved to /home/runner/.config/mycroft/skills/mycroft-ip.mycroftai/settings.json
2021-10-22 08:22:59.228 | INFO     |  5711 | mycroft.skills.skill_loader:_communicate_load_status:344 | Skill mycroft-ip.mycroftai loaded successfully
2021-10-22 08:22:59.229 | INFO     |  5711 | mycroft.skills.skill_loader:load:185 | ATTEMPTING TO LOAD SKILL: mycroft-reminder.mycroftai
2021-10-22 08:22:59.268 | INFO     |  5711 | mycroft.skills.settings:get_local_settings:83 | /opt/mycroft/skills/mycroft-reminder.mycroftai/settings.json
2021-10-22 08:22:59.327 | INFO     |  5711 | mycroft.skills.skill_loader:_check_for_first_run:324 | First run of mycroft-reminder.mycroftai
2021-10-22 08:22:59.328 | INFO     |  5711 | mycroft.skills.settings:save_settings:116 | Skill settings successfully saved to /home/runner/.config/mycroft/skills/mycroft-reminder.mycroftai/settings.json
2021-10-22 08:22:59.332 | INFO     |  5711 | mycroft.skills.skill_loader:_communicate_load_status:344 | Skill mycroft-reminder.mycroftai loaded successfully
2021-10-22 08:22:59.333 | INFO     |  5711 | mycroft.skills.skill_loader:load:185 | ATTEMPTING TO LOAD SKILL: mycroft-installer.mycroftai
2021-10-22 08:22:59.339 | INFO     |  5711 | mycroft.skills.settings:get_local_settings:83 | /opt/mycroft/skills/mycroft-installer.mycroftai/settings.json
2021-10-22 08:22:59.370 | INFO     |  5711 | mycroft.skills.skill_loader:_check_for_first_run:324 | First run of mycroft-installer.mycroftai
2021-10-22 08:22:59.370 | INFO     |  5711 | mycroft.skills.settings:save_settings:116 | Skill settings successfully saved to /home/runner/.config/mycroft/skills/mycroft-installer.mycroftai/settings.json
2021-10-22 08:22:59.373 | INFO     |  5711 | mycroft.skills.skill_loader:_communicate_load_status:344 | Skill mycroft-installer.mycroftai loaded successfully
2021-10-22 08:22:59.373 | INFO     |  5711 | mycroft.skills.skill_loader:load:185 | ATTEMPTING TO LOAD SKILL: mycroft-version-checker.mycroftai
2021-10-22 08:22:59.382 | INFO     |  5711 | mycroft.skills.settings:get_local_settings:83 | /opt/mycroft/skills/mycroft-version-checker.mycroftai/settings.json
2021-10-22 08:22:59.399 | INFO     |  5711 | mycroft.skills.skill_loader:_check_for_first_run:324 | First run of mycroft-version-checker.mycroftai
2021-10-22 08:22:59.405 | INFO     |  5711 | mycroft.skills.settings:save_settings:116 | Skill settings successfully saved to /home/runner/.config/mycroft/skills/mycroft-version-checker.mycroftai/settings.json
2021-10-22 08:22:59.407 | INFO     |  5711 | mycroft.skills.skill_loader:_communicate_load_status:344 | Skill mycroft-version-checker.mycroftai loaded successfully
2021-10-22 08:22:59.407 | INFO     |  5711 | mycroft.skills.skill_loader:load:185 | ATTEMPTING TO LOAD SKILL: mycroft-singing.mycroftai
2021-10-22 08:22:59.415 | INFO     |  5711 | mycroft.skills.settings:get_local_settings:83 | /opt/mycroft/skills/mycroft-singing.mycroftai/settings.json
2021-10-22 08:22:59.441 | INFO     |  5711 | mycroft.skills.skill_loader:_check_for_first_run:324 | First run of mycroft-singing.mycroftai
2021-10-22 08:22:59.447 | INFO     |  5711 | mycroft.skills.settings:save_settings:116 | Skill settings successfully saved to /home/runner/.config/mycroft/skills/mycroft-singing.mycroftai/settings.json
2021-10-22 08:22:59.452 | INFO     |  5711 | mycroft.skills.skill_loader:_communicate_load_status:344 | Skill mycroft-singing.mycroftai loaded successfully
2021-10-22 08:22:59.453 | INFO     |  5711 | mycroft.skills.skill_loader:load:185 | ATTEMPTING TO LOAD SKILL: mycroft-joke.mycroftai
2021-10-22 08:22:59.461 | INFO     |  5711 | mycroft.skills.settings:get_local_settings:83 | /opt/mycroft/skills/mycroft-joke.mycroftai/settings.json
2021-10-22 08:22:59.491 | INFO     |  5711 | mycroft.skills.skill_loader:_check_for_first_run:324 | First run of mycroft-joke.mycroftai
2021-10-22 08:22:59.493 | INFO     |  5711 | mycroft.skills.settings:save_settings:116 | Skill settings successfully saved to /home/runner/.config/mycroft/skills/mycroft-joke.mycroftai/settings.json
2021-10-22 08:22:59.500 | INFO     |  5711 | mycroft.skills.skill_loader:_communicate_load_status:344 | Skill mycroft-joke.mycroftai loaded successfully
2021-10-22 08:22:59.501 | INFO     |  5711 | mycroft.skills.skill_loader:load:185 | ATTEMPTING TO LOAD SKILL: mycroft-timer.mycroftai
2021-10-22 08:22:59.527 | INFO     |  5711 | mycroft.skills.settings:get_local_settings:83 | /opt/mycroft/skills/mycroft-timer.mycroftai/settings.json
2021-10-22 08:22:59.588 | INFO     |  5711 | mycroft.skills.skill_loader:_check_for_first_run:324 | First run of mycroft-timer.mycroftai
2021-10-22 08:22:59.589 | INFO     |  5711 | mycroft.skills.settings:save_settings:116 | Skill settings successfully saved to /home/runner/.config/mycroft/skills/mycroft-timer.mycroftai/settings.json
2021-10-22 08:22:59.590 | INFO     |  5711 | mycroft.skills.skill_loader:_communicate_load_status:344 | Skill mycroft-timer.mycroftai loaded successfully
2021-10-22 08:22:59.603 | INFO     |  5711 | mycroft.skills.skill_loader:load:185 | ATTEMPTING TO LOAD SKILL: homeassistant.mycroftai
2021-10-22 08:22:59.905 | INFO     |  5711 | mycroft.skills.settings:get_local_settings:83 | /opt/mycroft/skills/homeassistant.mycroftai/settings.json
2021-10-22 08:22:59.906 | INFO     |  5711 | mycroft.skills.settings:get_local_settings:83 | /opt/mycroft/skills/homeassistant.mycroftai/settings.json
2021-10-22 08:22:59.977 | INFO     |  5711 | mycroft.skills.skill_loader:_communicate_load_status:344 | Skill homeassistant.mycroftai loaded successfully
2021-10-22 08:22:59.978 | INFO     |  5711 | mycroft.skills.skill_loader:load:185 | ATTEMPTING TO LOAD SKILL: mycroft-alarm.mycroftai
2021-10-22 08:23:00.010 | INFO     |  5711 | mycroft.skills.settings:get_local_settings:83 | /opt/mycroft/skills/mycroft-alarm.mycroftai/settings.json
2021-10-22 08:23:00.011 | ERROR    |  5711 | AlarmSkill | Couldn't allocate mixer, ALSAAudioError('No such file or directory [default]')
2021-10-22 08:23:00.105 | INFO     |  5711 | mycroft.skills.skill_loader:_check_for_first_run:324 | First run of mycroft-alarm.mycroftai
2021-10-22 08:23:00.106 | INFO     |  5711 | mycroft.skills.settings:save_settings:116 | Skill settings successfully saved to /home/runner/.config/mycroft/skills/mycroft-alarm.mycroftai/settings.json
2021-10-22 08:23:00.110 | INFO     |  5711 | mycroft.skills.skill_loader:_communicate_load_status:344 | Skill mycroft-alarm.mycroftai loaded successfully
2021-10-22 08:23:00.110 | INFO     |  5711 | mycroft.skills.skill_loader:load:185 | ATTEMPTING TO LOAD SKILL: mycroft-naptime.mycroftai
2021-10-22 08:23:00.114 | INFO     |  5711 | mycroft.skills.settings:get_local_settings:83 | /opt/mycroft/skills/mycroft-naptime.mycroftai/settings.json
2021-10-22 08:23:00.139 | INFO     |  5711 | mycroft.skills.skill_loader:_check_for_first_run:324 | First run of mycroft-naptime.mycroftai
2021-10-22 08:23:00.139 | INFO     |  5711 | mycroft.skills.settings:save_settings:116 | Skill settings successfully saved to /home/runner/.config/mycroft/skills/mycroft-naptime.mycroftai/settings.json
2021-10-22 08:23:00.144 | INFO     |  5711 | mycroft.skills.skill_loader:_communicate_load_status:344 | Skill mycroft-naptime.mycroftai loaded successfully
2021-10-22 08:23:00.145 | INFO     |  5711 | mycroft.skills.skill_loader:load:185 | ATTEMPTING TO LOAD SKILL: mycroft-spelling.mycroftai
2021-10-22 08:23:00.148 | INFO     |  5711 | mycroft.skills.settings:get_local_settings:83 | /opt/mycroft/skills/mycroft-spelling.mycroftai/settings.json
2021-10-22 08:23:00.172 | INFO     |  5711 | mycroft.skills.skill_loader:_check_for_first_run:324 | First run of mycroft-spelling.mycroftai
2021-10-22 08:23:00.173 | INFO     |  5711 | mycroft.skills.settings:save_settings:116 | Skill settings successfully saved to /home/runner/.config/mycroft/skills/mycroft-spelling.mycroftai/settings.json
2021-10-22 08:23:00.173 | INFO     |  5711 | mycroft.skills.skill_loader:_communicate_load_status:344 | Skill mycroft-spelling.mycroftai loaded successfully
2021-10-22 08:23:00.174 | INFO     |  5711 | mycroft.skills.skill_loader:load:185 | ATTEMPTING TO LOAD SKILL: mycroft-fallback-duck-duck-go.mycroftai
2021-10-22 08:23:00.192 | INFO     |  5711 | mycroft.skills.settings:get_local_settings:83 | /opt/mycroft/skills/mycroft-fallback-duck-duck-go.mycroftai/settings.json
2021-10-22 08:23:00.227 | INFO     |  5711 | mycroft.skills.skill_loader:_check_for_first_run:324 | First run of mycroft-fallback-duck-duck-go.mycroftai
2021-10-22 08:23:00.228 | INFO     |  5711 | mycroft.skills.settings:save_settings:116 | Skill settings successfully saved to /home/runner/.config/mycroft/skills/mycroft-fallback-duck-duck-go.mycroftai/settings.json
2021-10-22 08:23:00.228 | INFO     |  5711 | mycroft.skills.skill_loader:_communicate_load_status:344 | Skill mycroft-fallback-duck-duck-go.mycroftai loaded successfully
2021-10-22 08:23:00.229 | INFO     |  5711 | mycroft.skills.skill_loader:load:185 | ATTEMPTING TO LOAD SKILL: mycroft-npr-news.mycroftai
2021-10-22 08:23:00.371 | INFO     |  5711 | mycroft.skills.settings:get_local_settings:83 | /opt/mycroft/skills/mycroft-npr-news.mycroftai/settings.json
2021-10-22 08:23:01.397 | INFO     |  5711 | mycroft.skills.skill_loader:_check_for_first_run:324 | First run of mycroft-npr-news.mycroftai
2021-10-22 08:23:01.399 | INFO     |  5711 | mycroft.skills.settings:save_settings:116 | Skill settings successfully saved to /home/runner/.config/mycroft/skills/mycroft-npr-news.mycroftai/settings.json
2021-10-22 08:23:01.400 | INFO     |  5711 | mycroft.skills.skill_loader:_communicate_load_status:344 | Skill mycroft-npr-news.mycroftai loaded successfully
2021-10-22 08:23:01.400 | INFO     |  5711 | mycroft.skills.skill_loader:load:185 | ATTEMPTING TO LOAD SKILL: mycroft-support-helper.mycroftai
2021-10-22 08:23:01.408 | INFO     |  5711 | mycroft.skills.settings:get_local_settings:83 | /opt/mycroft/skills/mycroft-support-helper.mycroftai/settings.json
2021-10-22 08:23:01.417 | INFO     |  5711 | mycroft.skills.skill_loader:_check_for_first_run:324 | First run of mycroft-support-helper.mycroftai
2021-10-22 08:23:01.421 | INFO     |  5711 | mycroft.skills.settings:save_settings:116 | Skill settings successfully saved to /home/runner/.config/mycroft/skills/mycroft-support-helper.mycroftai/settings.json
2021-10-22 08:23:01.422 | INFO     |  5711 | mycroft.skills.skill_loader:_communicate_load_status:344 | Skill mycroft-support-helper.mycroftai loaded successfully
2021-10-22 08:23:01.422 | INFO     |  5711 | mycroft.skills.skill_loader:load:185 | ATTEMPTING TO LOAD SKILL: mycroft-weather.mycroftai
2021-10-22 08:23:01.454 | INFO     |  5711 | mycroft.skills.settings:get_local_settings:83 | /opt/mycroft/skills/mycroft-weather.mycroftai/settings.json
2021-10-22 08:23:01.531 | INFO     |  5711 | mycroft.skills.skill_loader:_check_for_first_run:324 | First run of mycroft-weather.mycroftai
2021-10-22 08:23:01.532 | INFO     |  5711 | mycroft.skills.settings:save_settings:116 | Skill settings successfully saved to /home/runner/.config/mycroft/skills/mycroft-weather.mycroftai/settings.json
2021-10-22 08:23:01.533 | INFO     |  5711 | mycroft.skills.skill_loader:_communicate_load_status:344 | Skill mycroft-weather.mycroftai loaded successfully
2021-10-22 08:23:01.533 | INFO     |  5711 | mycroft.skills.skill_loader:load:185 | ATTEMPTING TO LOAD SKILL: mycroft-speak.mycroftai
2021-10-22 08:23:01.539 | INFO     |  5711 | mycroft.skills.settings:get_local_settings:83 | /opt/mycroft/skills/mycroft-speak.mycroftai/settings.json
2021-10-22 08:23:01.554 | INFO     |  5711 | mycroft.skills.skill_loader:_check_for_first_run:324 | First run of mycroft-speak.mycroftai
2021-10-22 08:23:01.555 | INFO     |  5711 | mycroft.skills.settings:save_settings:116 | Skill settings successfully saved to /home/runner/.config/mycroft/skills/mycroft-speak.mycroftai/settings.json
2021-10-22 08:23:01.556 | INFO     |  5711 | mycroft.skills.skill_loader:_communicate_load_status:344 | Skill mycroft-speak.mycroftai loaded successfully
2021-10-22 08:23:01.556 | INFO     |  5711 | mycroft.skills.skill_loader:load:185 | ATTEMPTING TO LOAD SKILL: mycroft-audio-record.mycroftai
2021-10-22 08:23:01.562 | INFO     |  5711 | mycroft.skills.settings:get_local_settings:83 | /opt/mycroft/skills/mycroft-audio-record.mycroftai/settings.json
2021-10-22 08:23:01.574 | INFO     |  5711 | mycroft.skills.skill_loader:_check_for_first_run:324 | First run of mycroft-audio-record.mycroftai
2021-10-22 08:23:01.575 | INFO     |  5711 | mycroft.skills.settings:save_settings:116 | Skill settings successfully saved to /home/runner/.config/mycroft/skills/mycroft-audio-record.mycroftai/settings.json
2021-10-22 08:23:01.576 | INFO     |  5711 | mycroft.skills.skill_loader:_communicate_load_status:344 | Skill mycroft-audio-record.mycroftai loaded successfully
2021-10-22 08:23:01.576 | INFO     |  5711 | mycroft.skills.skill_loader:load:185 | ATTEMPTING TO LOAD SKILL: mycroft-stop.mycroftai
2021-10-22 08:23:01.580 | INFO     |  5711 | mycroft.skills.settings:get_local_settings:83 | /opt/mycroft/skills/mycroft-stop.mycroftai/settings.json
2021-10-22 08:23:01.593 | INFO     |  5711 | mycroft.skills.skill_loader:_check_for_first_run:324 | First run of mycroft-stop.mycroftai
2021-10-22 08:23:01.594 | INFO     |  5711 | mycroft.skills.settings:save_settings:116 | Skill settings successfully saved to /home/runner/.config/mycroft/skills/mycroft-stop.mycroftai/settings.json
2021-10-22 08:23:01.595 | INFO     |  5711 | mycroft.skills.skill_loader:_communicate_load_status:344 | Skill mycroft-stop.mycroftai loaded successfully
2021-10-22 08:23:01.595 | INFO     |  5711 | mycroft.skills.skill_loader:load:185 | ATTEMPTING TO LOAD SKILL: mycroft-hello-world.mycroftai
2021-10-22 08:23:01.599 | INFO     |  5711 | mycroft.skills.settings:get_local_settings:83 | /opt/mycroft/skills/mycroft-hello-world.mycroftai/settings.json
2021-10-22 08:23:01.609 | INFO     |  5711 | mycroft.skills.skill_loader:_check_for_first_run:324 | First run of mycroft-hello-world.mycroftai
2021-10-22 08:23:01.610 | INFO     |  5711 | mycroft.skills.settings:save_settings:116 | Skill settings successfully saved to /home/runner/.config/mycroft/skills/mycroft-hello-world.mycroftai/settings.json
2021-10-22 08:23:01.611 | INFO     |  5711 | mycroft.skills.skill_loader:_communicate_load_status:344 | Skill mycroft-hello-world.mycroftai loaded successfully
2021-10-22 08:23:01.611 | INFO     |  5711 | mycroft.skills.skill_loader:load:185 | ATTEMPTING TO LOAD SKILL: mycroft-date-time.mycroftai
2021-10-22 08:23:02.279 | INFO     |  5711 | mycroft.skills.settings:get_local_settings:83 | /opt/mycroft/skills/mycroft-date-time.mycroftai/settings.json
2021-10-22 08:23:02.343 | INFO     |  5711 | TimeSkill | Registering resting screen <bound method TimeSkill.handle_idle of <mycroft-date-time_mycroftai.TimeSkill object at 0x7f0ae4b0a3d0>> for Time and Date.
2021-10-22 08:23:02.345 | INFO     |  5711 | TimeSkill | Registering resting screen
2021-10-22 08:23:02.358 | INFO     |  5711 | mycroft.skills.skill_loader:_check_for_first_run:324 | First run of mycroft-date-time.mycroftai
2021-10-22 08:23:02.360 | INFO     |  5711 | mycroft.skills.settings:save_settings:116 | Skill settings successfully saved to /home/runner/.config/mycroft/skills/mycroft-date-time.mycroftai/settings.json
2021-10-22 08:23:02.364 | INFO     |  5711 | mycroft.skills.skill_loader:_communicate_load_status:344 | Skill mycroft-date-time.mycroftai loaded successfully
2021-10-22 08:23:02.365 | INFO     |  5711 | mycroft.skills.skill_loader:load:185 | ATTEMPTING TO LOAD SKILL: mycroft-configuration.mycroftai
2021-10-22 08:23:02.376 | INFO     |  5711 | mycroft.skills.settings:get_local_settings:83 | /opt/mycroft/skills/mycroft-configuration.mycroftai/settings.json
2021-10-22 08:23:02.447 | INFO     |  5711 | mycroft.skills.skill_loader:_check_for_first_run:324 | First run of mycroft-configuration.mycroftai
2021-10-22 08:23:02.448 | INFO     |  5711 | mycroft.skills.settings:save_settings:116 | Skill settings successfully saved to /home/runner/.config/mycroft/skills/mycroft-configuration.mycroftai/settings.json
2021-10-22 08:23:02.449 | INFO     |  5711 | mycroft.skills.skill_loader:_communicate_load_status:344 | Skill mycroft-configuration.mycroftai loaded successfully
2021-10-22 08:23:02.449 | INFO     |  5711 | mycroft.skills.skill_loader:load:185 | ATTEMPTING TO LOAD SKILL: fallback-query.mycroftai
2021-10-22 08:23:02.456 | INFO     |  5711 | mycroft.skills.settings:get_local_settings:83 | /opt/mycroft/skills/fallback-query.mycroftai/settings.json
2021-10-22 08:23:02.482 | INFO     |  5711 | mycroft.skills.skill_loader:_check_for_first_run:324 | First run of fallback-query.mycroftai
2021-10-22 08:23:02.483 | INFO     |  5711 | mycroft.skills.settings:save_settings:116 | Skill settings successfully saved to /home/runner/.config/mycroft/skills/fallback-query.mycroftai/settings.json
2021-10-22 08:23:02.486 | INFO     |  5711 | mycroft.skills.skill_loader:_communicate_load_status:344 | Skill fallback-query.mycroftai loaded successfully
2021-10-22 08:23:02.486 | INFO     |  5711 | mycroft.skills.skill_loader:load:185 | ATTEMPTING TO LOAD SKILL: mycroft-personal.mycroftai
2021-10-22 08:23:02.499 | INFO     |  5711 | mycroft.skills.settings:get_local_settings:83 | /opt/mycroft/skills/mycroft-personal.mycroftai/settings.json
2021-10-22 08:23:02.531 | INFO     |  5711 | mycroft.skills.skill_loader:_check_for_first_run:324 | First run of mycroft-personal.mycroftai
2021-10-22 08:23:02.531 | INFO     |  5711 | mycroft.skills.settings:save_settings:116 | Skill settings successfully saved to /home/runner/.config/mycroft/skills/mycroft-personal.mycroftai/settings.json
2021-10-22 08:23:02.538 | INFO     |  5711 | mycroft.skills.skill_loader:_communicate_load_status:344 | Skill mycroft-personal.mycroftai loaded successfully
2021-10-22 08:23:02.538 | INFO     |  5711 | mycroft.skills.skill_loader:load:185 | ATTEMPTING TO LOAD SKILL: fallback-wolfram-alpha.mycroftai
2021-10-22 08:23:02.615 | INFO     |  5711 | mycroft.skills.settings:get_local_settings:83 | /opt/mycroft/skills/fallback-wolfram-alpha.mycroftai/settings.json
2021-10-22 08:23:02.682 | INFO     |  5711 | mycroft.skills.skill_loader:_check_for_first_run:324 | First run of fallback-wolfram-alpha.mycroftai
2021-10-22 08:23:02.682 | INFO     |  5711 | mycroft.skills.settings:save_settings:116 | Skill settings successfully saved to /home/runner/.config/mycroft/skills/fallback-wolfram-alpha.mycroftai/settings.json
2021-10-22 08:23:02.687 | INFO     |  5711 | mycroft.skills.skill_loader:_communicate_load_status:344 | Skill fallback-wolfram-alpha.mycroftai loaded successfully
2021-10-22 08:23:02.688 | INFO     |  5711 | mycroft.skills.skill_loader:load:185 | ATTEMPTING TO LOAD SKILL: mycroft-wiki.mycroftai
2021-10-22 08:23:02.703 | INFO     |  5711 | mycroft.skills.settings:get_local_settings:83 | /opt/mycroft/skills/mycroft-wiki.mycroftai/settings.json
2021-10-22 08:23:02.730 | INFO     |  5711 | mycroft.skills.skill_loader:_check_for_first_run:324 | First run of mycroft-wiki.mycroftai
2021-10-22 08:23:02.730 | INFO     |  5711 | mycroft.skills.settings:save_settings:116 | Skill settings successfully saved to /home/runner/.config/mycroft/skills/mycroft-wiki.mycroftai/settings.json
2021-10-22 08:23:02.731 | INFO     |  5711 | mycroft.skills.skill_loader:_communicate_load_status:344 | Skill mycroft-wiki.mycroftai loaded successfully
2021-10-22 08:23:02.736 | INFO     |  5711 | mycroft.skills.skill_loader:load:185 | ATTEMPTING TO LOAD SKILL: fallback-unknown.mycroftai
2021-10-22 08:23:02.746 | INFO     |  5711 | mycroft.skills.settings:get_local_settings:83 | /opt/mycroft/skills/fallback-unknown.mycroftai/settings.json
2021-10-22 08:23:02.766 | INFO     |  5711 | mycroft.skills.skill_loader:_check_for_first_run:324 | First run of fallback-unknown.mycroftai
2021-10-22 08:23:02.767 | INFO     |  5711 | mycroft.skills.settings:save_settings:116 | Skill settings successfully saved to /home/runner/.config/mycroft/skills/fallback-unknown.mycroftai/settings.json
2021-10-22 08:23:02.767 | INFO     |  5711 | mycroft.skills.skill_loader:_communicate_load_status:344 | Skill fallback-unknown.mycroftai loaded successfully
2021-10-22 08:23:02.773 | INFO     |  5711 | mycroft.skills.skill_loader:load:185 | ATTEMPTING TO LOAD SKILL: mycroft-playback-control.mycroftai
2021-10-22 08:23:02.785 | INFO     |  5711 | mycroft.skills.settings:get_local_settings:83 | /opt/mycroft/skills/mycroft-playback-control.mycroftai/settings.json
2021-10-22 08:23:02.839 | INFO     |  5711 | mycroft.skills.skill_loader:_check_for_first_run:324 | First run of mycroft-playback-control.mycroftai
2021-10-22 08:23:02.839 | INFO     |  5711 | mycroft.skills.settings:save_settings:116 | Skill settings successfully saved to /home/runner/.config/mycroft/skills/mycroft-playback-control.mycroftai/settings.json
2021-10-22 08:23:02.845 | INFO     |  5711 | mycroft.skills.skill_loader:_communicate_load_status:344 | Skill mycroft-playback-control.mycroftai loaded successfully
2021-10-22 08:23:02.846 | INFO     |  5711 | mycroft.skills.skill_manager:_load_on_startup:275 | Skills all loaded!
2021-10-22 08:23:02.875 | INFO     |  5711 | __main__:on_ready:185 | Skills service is ready.
2021-10-22 08:23:02.958 | INFO     |  5711 | mycroft.skills.intent_services.padatious_service:train:151 | Training... (single_thread=False)
Regenerated mycroft-alarm.mycroftai:{daytype}.
Regenerated mycroft-reminder.mycroftai:DeleteReminderForDay.intent.
Regenerated mycroft-installer.mycroftai:install.intent.
Regenerated mycroft-installer.mycroftai:remove.intent.
Regenerated mycroft-installer.mycroftai:list.skills.intent.
Regenerated mycroft-installer.mycroftai:is.installed.intent.
Regenerated mycroft-installer.mycroftai:install.custom.intent.
Regenerated mycroft-installer.mycroftai:install.beta.intent.
Regenerated mycroft-timer.mycroftai:timer.status.intent.
Regenerated mycroft-timer.mycroftai:start.timer.intent.
Regenerated homeassistant.mycroftai:set.climate.intent.
Regenerated homeassistant.mycroftai:increase.light.brightness.intent.
Regenerated homeassistant.mycroftai:turn.on.intent.
Regenerated homeassistant.mycroftai:automation.intent.
Regenerated homeassistant.mycroftai:cover.open.intent.
Regenerated homeassistant.mycroftai:add.item.shopping.list.intent.
Regenerated homeassistant.mycroftai:toggle.intent.
Regenerated mycroft-alarm.mycroftai:change.alarm.sound.intent.
Regenerated mycroft-npr-news.mycroftai:PlayTheNews.intent.
Regenerated mycroft-support-helper.mycroftai:contact.support.intent.
Regenerated mycroft-weather.mycroftai:do-i-need-an-umbrella.intent.
Regenerated mycroft-audio-record.mycroftai:StartRecording.intent.
Regenerated mycroft-audio-record.mycroftai:PlayRecording.intent.
Regenerated mycroft-stop.mycroftai:shutdown.intent.
Regenerated mycroft-stop.mycroftai:wifi.setup.intent.
Regenerated mycroft-stop.mycroftai:reboot.intent.
Regenerated mycroft-stop.mycroftai:ssh.enable.intent.
Regenerated mycroft-hello-world.mycroftai:HowAreYou.intent.
Regenerated mycroft-stop.mycroftai:ssh.disable.intent.
Regenerated mycroft-date-time.mycroftai:date.last.weekend.intent.
Regenerated mycroft-date-time.mycroftai:what.time.is.it.intent.
Regenerated mycroft-date-time.mycroftai:date.future.weekend.intent.
Regenerated mycroft-date-time.mycroftai:what.time.will.it.be.intent.
Regenerated mycroft-configuration.mycroftai:EnablePreciseDev.intent.
Regenerated mycroft-configuration.mycroftai:WhereAreYou.intent.
Regenerated mycroft-personal.mycroftai:WhatAreYou.intent.
Regenerated mycroft-configuration.mycroftai:DisablePreciseDev.intent.
Regenerated mycroft-personal.mycroftai:WhereWereYouBorn.intent.
Regenerated mycroft-personal.mycroftai:WhoMadeYou.intent.
Regenerated mycroft-personal.mycroftai:DoYouDream.intent.
Regenerated mycroft-personal.mycroftai:DoYouRhyme.intent.
Regenerated mycroft-personal.mycroftai:WhenWereYouBorn.intent.
Regenerated mycroft-personal.mycroftai:WhoAreYou.intent.
Regenerated mycroft-wiki.mycroftai:Random.intent.
Regenerated mycroft-reminder.mycroftai:GetRemindersForDay.intent.
Regenerated mycroft-reminder.mycroftai:SnoozeReminder.intent.
Regenerated mycroft-reminder.mycroftai:Reminder.intent.
Regenerated mycroft-reminder.mycroftai:GetNextReminders.intent.
Regenerated mycroft-reminder.mycroftai:ReminderAt.intent.
Regenerated mycroft-reminder.mycroftai:ClearReminders.intent.
Regenerated mycroft-reminder.mycroftai:CancelActiveReminder.intent.
Regenerated mycroft-reminder.mycroftai:UnspecifiedReminderAt.intent.
Regenerated homeassistant.mycroftai:cover.stop.intent.
Regenerated homeassistant.mycroftai:decrease.light.brightness.intent.
Regenerated homeassistant.mycroftai:cover.close.intent.
Regenerated homeassistant.mycroftai:sensor.intent.
Regenerated homeassistant.mycroftai:turn.off.intent.
Regenerated homeassistant.mycroftai:tracker.intent.
Regenerated homeassistant.mycroftai:set.light.brightness.intent.
Regenerated mycroft-alarm.mycroftai:snooze.intent.
2021-10-22 08:23:06.680 | INFO     |  5711 | mycroft.skills.intent_services.padatious_service:train:153 | Training complete.
2021-10-22 08:23:14.495 | INFO     |  5711 | mycroft.skills.settings:save_settings:116 | Skill settings successfully saved to /home/runner/.config/mycroft/skills/mycroft-pairing.mycroftai/settings.json
2021-10-22 08:23:14.791 | INFO     |  5711 | mycroft.skills.settings:save_settings:116 | Skill settings successfully saved to /home/runner/.config/mycroft/skills/mycroft-timer.mycroftai/settings.json
2021-10-22 08:23:44.264 | INFO     |  5711 | __main__:on_stopping:193 | Skills service is shutting down...
2021-10-22 08:23:44.265 | INFO     |  5711 | __main__:shutdown:284 | Shutting down Skills service
2021-10-22 08:23:44.723 | ERROR    |  5711 | VolumeSkill | Couldn't allocate mixer, ALSAAudioError('No such file or directory [default]')
2021-10-22 08:23:44.725 | INFO     |  5711 | mycroft.skills.settings:save_settings:116 | Skill settings successfully saved to /home/runner/.config/mycroft/skills/mycroft-volume.mycroftai/settings.json
2021-10-22 08:23:44.727 | INFO     |  5711 | mycroft.skills.settings:save_settings:116 | Skill settings successfully saved to /home/runner/.config/mycroft/skills/mycroft-ip.mycroftai/settings.json
2021-10-22 08:23:44.736 | INFO     |  5711 | mycroft.skills.settings:save_settings:116 | Skill settings successfully saved to /home/runner/.config/mycroft/skills/mycroft-reminder.mycroftai/settings.json
2021-10-22 08:23:44.750 | INFO     |  5711 | mycroft.skills.settings:save_settings:116 | Skill settings successfully saved to /home/runner/.config/mycroft/skills/mycroft-installer.mycroftai/settings.json
2021-10-22 08:23:44.762 | INFO     |  5711 | mycroft.skills.settings:save_settings:116 | Skill settings successfully saved to /home/runner/.config/mycroft/skills/mycroft-version-checker.mycroftai/settings.json
2021-10-22 08:23:44.766 | INFO     |  5711 | mycroft.skills.settings:save_settings:116 | Skill settings successfully saved to /home/runner/.config/mycroft/skills/mycroft-singing.mycroftai/settings.json
2021-10-22 08:23:44.783 | INFO     |  5711 | mycroft.skills.settings:save_settings:116 | Skill settings successfully saved to /home/runner/.config/mycroft/skills/mycroft-joke.mycroftai/settings.json
2021-10-22 08:23:44.785 | INFO     |  5711 | HomeAssistantSkill | Removing all handlers...
2021-10-22 08:23:44.798 | WARNING  |  5711 | mycroft.skills.fallback_skill:remove_fallback:185 | Could not find matching fallback handler
2021-10-22 08:23:44.800 | INFO     |  5711 | mycroft.skills.settings:save_settings:116 | Skill settings successfully saved to /home/runner/.config/mycroft/skills/mycroft-alarm.mycroftai/settings.json
2021-10-22 08:23:44.813 | INFO     |  5711 | mycroft.skills.settings:save_settings:116 | Skill settings successfully saved to /home/runner/.config/mycroft/skills/mycroft-naptime.mycroftai/settings.json
2021-10-22 08:23:44.822 | INFO     |  5711 | mycroft.skills.settings:save_settings:116 | Skill settings successfully saved to /home/runner/.config/mycroft/skills/mycroft-spelling.mycroftai/settings.json
2021-10-22 08:23:44.825 | INFO     |  5711 | mycroft.skills.settings:save_settings:116 | Skill settings successfully saved to /home/runner/.config/mycroft/skills/mycroft-fallback-duck-duck-go.mycroftai/settings.json
2021-10-22 08:23:44.827 | INFO     |  5711 | mycroft.skills.settings:save_settings:116 | Skill settings successfully saved to /home/runner/.config/mycroft/skills/mycroft-npr-news.mycroftai/settings.json
2021-10-22 08:23:44.828 | INFO     |  5711 | mycroft.skills.settings:save_settings:116 | Skill settings successfully saved to /home/runner/.config/mycroft/skills/mycroft-support-helper.mycroftai/settings.json
2021-10-22 08:23:44.829 | INFO     |  5711 | mycroft.skills.settings:save_settings:116 | Skill settings successfully saved to /home/runner/.config/mycroft/skills/mycroft-weather.mycroftai/settings.json
2021-10-22 08:23:44.845 | INFO     |  5711 | mycroft.skills.settings:save_settings:116 | Skill settings successfully saved to /home/runner/.config/mycroft/skills/mycroft-speak.mycroftai/settings.json
2021-10-22 08:23:44.852 | INFO     |  5711 | mycroft.skills.settings:save_settings:116 | Skill settings successfully saved to /home/runner/.config/mycroft/skills/mycroft-audio-record.mycroftai/settings.json
2021-10-22 08:23:44.855 | INFO     |  5711 | mycroft.skills.settings:save_settings:116 | Skill settings successfully saved to /home/runner/.config/mycroft/skills/mycroft-stop.mycroftai/settings.json
2021-10-22 08:23:44.856 | INFO     |  5711 | mycroft.skills.settings:save_settings:116 | Skill settings successfully saved to /home/runner/.config/mycroft/skills/mycroft-hello-world.mycroftai/settings.json
2021-10-22 08:23:44.857 | INFO     |  5711 | mycroft.skills.settings:save_settings:116 | Skill settings successfully saved to /home/runner/.config/mycroft/skills/mycroft-date-time.mycroftai/settings.json
2021-10-22 08:23:44.891 | INFO     |  5711 | mycroft.skills.settings:save_settings:116 | Skill settings successfully saved to /home/runner/.config/mycroft/skills/mycroft-configuration.mycroftai/settings.json
2021-10-22 08:23:44.892 | INFO     |  5711 | QuestionsAnswersSkill | Removing all handlers...
2021-10-22 08:23:44.893 | INFO     |  5711 | mycroft.skills.settings:save_settings:116 | Skill settings successfully saved to /home/runner/.config/mycroft/skills/fallback-query.mycroftai/settings.json
2021-10-22 08:23:44.894 | INFO     |  5711 | mycroft.skills.settings:save_settings:116 | Skill settings successfully saved to /home/runner/.config/mycroft/skills/mycroft-personal.mycroftai/settings.json
2021-10-22 08:23:44.895 | INFO     |  5711 | mycroft.skills.settings:save_settings:116 | Skill settings successfully saved to /home/runner/.config/mycroft/skills/fallback-wolfram-alpha.mycroftai/settings.json
2021-10-22 08:23:44.905 | INFO     |  5711 | mycroft.skills.settings:save_settings:116 | Skill settings successfully saved to /home/runner/.config/mycroft/skills/mycroft-wiki.mycroftai/settings.json
2021-10-22 08:23:44.905 | INFO     |  5711 | UnknownSkill | Removing all handlers...
2021-10-22 08:23:44.918 | INFO     |  5711 | mycroft.skills.settings:save_settings:116 | Skill settings successfully saved to /home/runner/.config/mycroft/skills/fallback-unknown.mycroftai/settings.json
2021-10-22 08:23:44.920 | INFO     |  5711 | mycroft.skills.settings:save_settings:116 | Skill settings successfully saved to /home/runner/.config/mycroft/skills/mycroft-playback-control.mycroftai/settings.json
2021-10-22 08:23:45.927 | INFO     |  5711 | Playback Control Skill | Audio service status: {}
2021-10-22 08:23:46.928 | WARNING  |  5711 | mycroft.skills.skill_manager:_shutdown_skill:106 | mycroft-playback-control.mycroftai shutdown took 2.008160879000002 seconds
2021-10-22 08:23:46.929 | INFO     |  5711 | __main__:shutdown:291 | Skills service shutdown complete!
2021-10-22 08:23:47.486 | ERROR    |  5711 | websocket | error from callback <bound method MessageBusClient.on_message of <mycroft.messagebus.client.client.MessageBusClient object at 0x7f0af4115c10>>: cannot schedule new futures after shutdown
2021-10-22 08:23:47.488 | ERROR    |  5711 | websocket | error from callback <bound method MessageBusClient.on_message of <mycroft.messagebus.client.client.MessageBusClient object at 0x7f0af4115c10>>: cannot schedule new futures after shutdown
2021-10-22 08:23:47.490 | ERROR    |  5711 | websocket | error from callback <bound method MessageBusClient.on_message of <mycroft.messagebus.client.client.MessageBusClient object at 0x7f0af4115c10>>: cannot schedule new futures after shutdown
