2021-10-26 16:05:32.205 | INFO     |  6922 | mycroft.messagebus.load_config:load_message_bus_config:33 | Loading message bus configs
2021-10-26 16:05:32.213 | INFO     |  6922 | mycroft_bus_client.client.client | Connected
2021-10-26 16:05:32.214 | INFO     |  6922 | mycroft.util.process_utils:start_message_bus_client:155 | Connected to messagebus
2021-10-26 16:05:32.227 | INFO     |  6922 | mycroft.skills.msm_wrapper:create_msm:96 | Acquiring lock to instantiate MSM
2021-10-26 16:05:33.180 | INFO     |  6922 | msm.mycroft_skills_manager | building SkillEntry objects for all skills
2021-10-26 16:05:33.447 | INFO     |  6922 | mycroft.skills.msm_wrapper:create_msm:112 | Releasing MSM instantiation lock.
2021-10-26 16:05:33.448 | INFO     |  6922 | mycroft.skills.skill_updater:_log_next_download_time:267 | Next scheduled skill update: 2021-10-26 16:05:32.447827
2021-10-26 16:05:33.448 | INFO     |  6922 | msm.skill_entry | Downloading skill: https://github.com/mycroftai/skill-pairing
2021-10-26 16:05:35.144 | INFO     |  6922 | msm.skill_entry | Installing system requirements...
2021-10-26 16:05:35.177 | INFO     |  6922 | msm.skill_entry | Successfully installed mycroft-pairing
2021-10-26 16:05:35.178 | INFO     |  6922 | msm.mycroft_skills_manager | invalidating skills cache
2021-10-26 16:05:35.180 | INFO     |  6922 | mycroft.skills.skill_loader:load:185 | ATTEMPTING TO LOAD SKILL: mycroft-pairing.mycroftai
2021-10-26 16:05:35.194 | INFO     |  6922 | mycroft.skills.settings:get_local_settings:83 | /opt/mycroft/skills/mycroft-pairing.mycroftai/settings.json
2021-10-26 16:05:35.239 | INFO     |  6922 | mycroft.skills.skill_loader:_check_for_first_run:324 | First run of mycroft-pairing.mycroftai
2021-10-26 16:05:35.250 | INFO     |  6922 | mycroft.skills.settings:save_settings:116 | Skill settings successfully saved to /home/runner/.config/mycroft/skills/mycroft-pairing.mycroftai/settings.json
2021-10-26 16:05:35.251 | INFO     |  6922 | mycroft.skills.skill_loader:_communicate_load_status:344 | Skill mycroft-pairing.mycroftai loaded successfully
2021-10-26 16:05:35.251 | INFO     |  6922 | msm.skill_entry | Downloading skill: https://github.com/mycroftai/skill-volume
2021-10-26 16:05:35.661 | INFO     |  6922 | msm.skill_entry | Installing system requirements...
2021-10-26 16:05:35.691 | INFO     |  6922 | msm.skill_entry | Installing requirements.txt for mycroft-volume
2021-10-26 16:05:36.941 | INFO     |  6922 | msm.skill_entry | Successfully installed mycroft-volume
2021-10-26 16:05:36.942 | INFO     |  6922 | msm.mycroft_skills_manager | invalidating skills cache
2021-10-26 16:05:36.943 | INFO     |  6922 | mycroft.skills.skill_loader:load:185 | ATTEMPTING TO LOAD SKILL: mycroft-volume.mycroftai
2021-10-26 16:05:36.952 | INFO     |  6922 | mycroft.skills.settings:get_local_settings:83 | /opt/mycroft/skills/mycroft-volume.mycroftai/settings.json
2021-10-26 16:05:37.059 | ERROR    |  6922 | VolumeSkill | Couldn't allocate mixer, ALSAAudioError('No such file or directory [default]')
2021-10-26 16:05:40.071 | INFO     |  6922 | mycroft.skills.skill_loader:_check_for_first_run:324 | First run of mycroft-volume.mycroftai
2021-10-26 16:05:40.072 | INFO     |  6922 | mycroft.skills.settings:save_settings:116 | Skill settings successfully saved to /home/runner/.config/mycroft/skills/mycroft-volume.mycroftai/settings.json
2021-10-26 16:05:40.091 | INFO     |  6922 | mycroft.skills.skill_loader:_communicate_load_status:344 | Skill mycroft-volume.mycroftai loaded successfully
2021-10-26 16:05:40.092 | INFO     |  6922 | __main__:on_started:177 | Skills service is starting up.
2021-10-26 16:05:40.148 | INFO     |  6922 | __main__:_update_system:154 | Attempting system update...
2021-10-26 16:05:43.150 | INFO     |  6922 | mycroft.enclosure.display_manager:_write_data:70 | Display Manager is creating /tmp/mycroft/ipc/managers/disp_info
2021-10-26 16:05:43.151 | INFO     |  6922 | __main__:_ensure_device_is_paired:133 | Device not paired, invoking the pairing skill
2021-10-26 16:05:43.153 | INFO     |  6922 | __main__:on_alive:181 | Skills service is alive.
2021-10-26 16:05:43.156 | INFO     |  6922 | msm.mycroft_skills_manager | building SkillEntry objects for all skills
2021-10-26 16:05:43.370 | INFO     |  6922 | PairingSkill | Communicating account URL to user
2021-10-26 16:05:43.463 | WARNING  |  6922 | msm.mycroft_skills_manager | No such default skill: mycroft-pandora
2021-10-26 16:05:43.465 | INFO     |  6922 | mycroft.skills.skill_manager:run:234 | Not all default skills are installed, performing skill update...
2021-10-26 16:05:43.466 | INFO     |  6922 | mycroft.skills.skill_updater:update_skills:149 | Beginning skill update...
2021-10-26 16:05:43.515 | INFO     |  6922 | msm.mycroft_skills_manager | building SkillEntry objects for all skills
2021-10-26 16:05:44.762 | INFO     |  6922 | msm.mycroft_skills_manager | invalidating skills cache
2021-10-26 16:05:44.972 | INFO     |  6922 | msm.skill_entry | Downloading skill: https://github.com/mycroftai/fallback-wolfram-alpha
2021-10-26 16:05:44.973 | INFO     |  6922 | msm.skill_entry | Downloading skill: https://github.com/mycroftai/skill-alarm
2021-10-26 16:05:44.976 | INFO     |  6922 | msm.skill_entry | Downloading skill: https://github.com/mycroftai/skill-audio-record
2021-10-26 16:05:44.977 | INFO     |  6922 | msm.skill_entry | Downloading skill: https://github.com/mycroftai/skill-ip
2021-10-26 16:05:44.999 | INFO     |  6922 | msm.skill_entry | Downloading skill: https://github.com/mycroftai/skill-joke
2021-10-26 16:05:45.025 | INFO     |  6922 | msm.skill_entry | Downloading skill: https://github.com/mycroftai/skill-date-time
2021-10-26 16:05:45.028 | INFO     |  6922 | msm.skill_entry | Downloading skill: https://github.com/mycroftai/fallback-unknown
2021-10-26 16:05:45.029 | INFO     |  6922 | msm.skill_entry | Downloading skill: https://github.com/mycroftai/skill-configuration
2021-10-26 16:05:45.032 | INFO     |  6922 | msm.skill_entry | Downloading skill: https://github.com/mycroftai/skill-npr-news
2021-10-26 16:05:45.047 | INFO     |  6922 | msm.skill_entry | Downloading skill: https://github.com/mycroftai/skill-installer
2021-10-26 16:05:45.049 | INFO     |  6922 | msm.skill_entry | Downloading skill: https://github.com/mycroftai/skill-singing
2021-10-26 16:05:45.049 | INFO     |  6922 | msm.skill_entry | Downloading skill: https://github.com/mycroftai/skill-hello-world
2021-10-26 16:05:45.049 | INFO     |  6922 | msm.skill_entry | Downloading skill: https://github.com/mycroftai/skill-personal
2021-10-26 16:05:45.052 | INFO     |  6922 | msm.skill_entry | Downloading skill: https://github.com/mycroftai/skill-naptime
2021-10-26 16:05:45.055 | INFO     |  6922 | msm.skill_entry | Downloading skill: https://github.com/mycroftai/skill-playback-control
2021-10-26 16:05:45.062 | INFO     |  6922 | msm.skill_entry | Downloading skill: https://github.com/mycroftai/skill-reminder
2021-10-26 16:05:45.062 | INFO     |  6922 | msm.skill_entry | Downloading skill: https://github.com/mycroftai/fallback-duckduckgo
2021-10-26 16:05:45.928 | INFO     |  6922 | msm.skill_entry | Installing system requirements...
2021-10-26 16:05:45.999 | INFO     |  6922 | msm.skill_entry | Successfully installed fallback-unknown
2021-10-26 16:05:46.000 | INFO     |  6922 | msm.mycroft_skills_manager | invalidating skills cache
2021-10-26 16:05:46.002 | INFO     |  6922 | msm.skill_entry | Downloading skill: https://github.com/mycroftai/skill-speak
2021-10-26 16:05:46.096 | INFO     |  6922 | msm.skill_entry | Installing system requirements...
2021-10-26 16:05:46.191 | INFO     |  6922 | msm.skill_entry | Installing system requirements...
2021-10-26 16:05:46.236 | INFO     |  6922 | msm.skill_entry | Installing requirements.txt for mycroft-ip
2021-10-26 16:05:46.312 | INFO     |  6922 | msm.skill_entry | Installing requirements.txt for mycroft-audio-record
2021-10-26 16:05:46.453 | INFO     |  6922 | msm.skill_entry | Installing system requirements...
2021-10-26 16:05:46.484 | INFO     |  6922 | msm.skill_entry | Installing system requirements...
2021-10-26 16:05:46.611 | INFO     |  6922 | msm.skill_entry | Successfully installed mycroft-naptime
2021-10-26 16:05:46.611 | INFO     |  6922 | msm.mycroft_skills_manager | invalidating skills cache
2021-10-26 16:05:46.612 | INFO     |  6922 | msm.skill_entry | Downloading skill: https://github.com/mycroftai/skill-spelling
2021-10-26 16:05:46.621 | INFO     |  6922 | msm.skill_entry | Installing system requirements...
2021-10-26 16:05:46.677 | INFO     |  6922 | msm.skill_entry | Successfully installed mycroft-hello-world
2021-10-26 16:05:46.678 | INFO     |  6922 | msm.mycroft_skills_manager | invalidating skills cache
2021-10-26 16:05:46.682 | INFO     |  6922 | msm.skill_entry | Downloading skill: https://github.com/mycroftai/skill-stop
2021-10-26 16:05:46.785 | INFO     |  6922 | msm.skill_entry | Installing system requirements...
2021-10-26 16:05:46.849 | INFO     |  6922 | msm.skill_entry | Successfully installed mycroft-personal
2021-10-26 16:05:46.850 | INFO     |  6922 | msm.mycroft_skills_manager | invalidating skills cache
2021-10-26 16:05:46.854 | INFO     |  6922 | msm.skill_entry | Installing system requirements...
2021-10-26 16:05:46.856 | INFO     |  6922 | msm.skill_entry | Downloading skill: https://github.com/mycroftai/skill-support
2021-10-26 16:05:46.904 | INFO     |  6922 | msm.skill_entry | Installing requirements.txt for mycroft-installer
2021-10-26 16:05:46.969 | INFO     |  6922 | msm.skill_entry | Installing requirements.txt for mycroft-joke
2021-10-26 16:05:47.091 | INFO     |  6922 | msm.skill_entry | Installing system requirements...
2021-10-26 16:05:47.126 | ERROR    |  6922 | msm.mycroft_skills_manager | Error running install_or_update on homeassistant.mycroftai: MergeConflict
2021-10-26 16:05:47.154 | INFO     |  6922 | msm.skill_entry | Downloading skill: https://github.com/mycroftai/mycroft-timer
2021-10-26 16:05:47.224 | INFO     |  6922 | msm.skill_entry | Installing system requirements...
2021-10-26 16:05:47.230 | INFO     |  6922 | msm.skill_entry | Installing system requirements...
2021-10-26 16:05:47.238 | INFO     |  6922 | msm.skill_entry | Installing system requirements...
2021-10-26 16:05:47.320 | INFO     |  6922 | msm.skill_entry | Successfully installed mycroft-speak
2021-10-26 16:05:47.321 | INFO     |  6922 | msm.mycroft_skills_manager | invalidating skills cache
2021-10-26 16:05:47.328 | INFO     |  6922 | msm.skill_entry | Downloading skill: https://github.com/mycroftai/skill-weather
2021-10-26 16:05:47.344 | INFO     |  6922 | msm.skill_entry | Installing requirements.txt for mycroft-date-time
2021-10-26 16:05:47.370 | INFO     |  6922 | msm.skill_entry | Installing system requirements...
2021-10-26 16:05:47.424 | INFO     |  6922 | msm.skill_entry | Installing requirements.txt for mycroft-alarm
2021-10-26 16:05:47.427 | INFO     |  6922 | msm.skill_entry | Installing requirements.txt for mycroft-fallback-duck-duck-go
2021-10-26 16:05:47.555 | INFO     |  6922 | msm.skill_entry | Installing system requirements...
2021-10-26 16:05:47.565 | INFO     |  6922 | msm.skill_entry | Installing requirements.txt for fallback-wolfram-alpha
2021-10-26 16:05:47.608 | INFO     |  6922 | msm.skill_entry | Nothing new for mycroft-volume
2021-10-26 16:05:47.657 | INFO     |  6922 | msm.skill_entry | Installing system requirements...
2021-10-26 16:05:47.702 | INFO     |  6922 | msm.skill_entry | Installing system requirements...
2021-10-26 16:05:47.725 | INFO     |  6922 | msm.skill_entry | Nothing new for mycroft-pairing
2021-10-26 16:05:47.728 | INFO     |  6922 | msm.skill_entry | Successfully installed mycroft-playback-control
2021-10-26 16:05:47.728 | INFO     |  6922 | msm.mycroft_skills_manager | invalidating skills cache
2021-10-26 16:05:47.729 | INFO     |  6922 | msm.skill_entry | Downloading skill: https://github.com/mycroftai/skill-version-checker
2021-10-26 16:05:47.750 | INFO     |  6922 | msm.skill_entry | Installing system requirements...
2021-10-26 16:05:47.792 | INFO     |  6922 | msm.skill_entry | Installing system requirements...
2021-10-26 16:05:47.798 | INFO     |  6922 | msm.skill_entry | Installing requirements.txt for mycroft-configuration
2021-10-26 16:05:47.859 | INFO     |  6922 | msm.skill_entry | Installing system requirements...
2021-10-26 16:05:47.867 | INFO     |  6922 | msm.skill_entry | Installing requirements.txt for mycroft-volume
2021-10-26 16:05:47.880 | INFO     |  6922 | msm.skill_entry | Successfully installed mycroft-stop
2021-10-26 16:05:47.881 | INFO     |  6922 | msm.mycroft_skills_manager | invalidating skills cache
2021-10-26 16:05:47.886 | INFO     |  6922 | msm.skill_entry | Installing system requirements...
2021-10-26 16:05:47.889 | INFO     |  6922 | msm.skill_entry | Downloading skill: https://github.com/mycroftai/skill-wiki
2021-10-26 16:05:47.906 | INFO     |  6922 | msm.skill_entry | Downloading skill: https://github.com/MycroftAI/skill-query
2021-10-26 16:05:47.970 | INFO     |  6922 | msm.skill_entry | Installing requirements.txt for mycroft-npr-news
2021-10-26 16:05:48.021 | INFO     |  6922 | msm.skill_entry | Successfully installed mycroft-reminder
2021-10-26 16:05:48.022 | INFO     |  6922 | msm.mycroft_skills_manager | invalidating skills cache
2021-10-26 16:05:48.098 | INFO     |  6922 | msm.skill_entry | Installing system requirements...
2021-10-26 16:05:48.184 | INFO     |  6922 | msm.skill_entry | Installing requirements.txt for mycroft-support-helper
2021-10-26 16:05:48.677 | INFO     |  6922 | msm.skill_entry | Installing system requirements...
2021-10-26 16:05:48.694 | INFO     |  6922 | msm.skill_entry | Installing system requirements...
2021-10-26 16:05:48.749 | INFO     |  6922 | msm.skill_entry | Successfully installed mycroft-version-checker
2021-10-26 16:05:48.749 | INFO     |  6922 | msm.mycroft_skills_manager | invalidating skills cache
2021-10-26 16:05:48.763 | INFO     |  6922 | msm.skill_entry | Successfully installed mycroft-spelling
2021-10-26 16:05:48.763 | INFO     |  6922 | msm.mycroft_skills_manager | invalidating skills cache
2021-10-26 16:05:48.789 | INFO     |  6922 | msm.skill_entry | Installing system requirements...
2021-10-26 16:05:48.858 | INFO     |  6922 | msm.skill_entry | Installing system requirements...
2021-10-26 16:05:48.873 | INFO     |  6922 | msm.skill_entry | Installing requirements.txt for mycroft-wiki
2021-10-26 16:05:48.887 | ERROR    |  6922 | msm.mycroft_skills_manager | Error running install_or_update on homeassistant: MergeConflict
2021-10-26 16:05:48.911 | INFO     |  6922 | msm.skill_entry | Successfully installed mycroft-timer
2021-10-26 16:05:48.911 | INFO     |  6922 | msm.mycroft_skills_manager | invalidating skills cache
2021-10-26 16:05:49.055 | INFO     |  6922 | msm.skill_entry | Installing system requirements...
2021-10-26 16:05:49.114 | INFO     |  6922 | msm.skill_entry | Installing requirements.txt for mycroft-weather
2021-10-26 16:05:49.707 | INFO     |  6922 | msm.skill_entry | Successfully installed mycroft-ip
2021-10-26 16:05:49.707 | INFO     |  6922 | msm.mycroft_skills_manager | invalidating skills cache
2021-10-26 16:05:50.054 | INFO     |  6922 | msm.skill_entry | Installing system requirements...
2021-10-26 16:05:50.086 | INFO     |  6922 | msm.skill_entry | Successfully installed fallback-query
2021-10-26 16:05:50.086 | INFO     |  6922 | msm.mycroft_skills_manager | invalidating skills cache
2021-10-26 16:05:50.105 | INFO     |  6922 | msm.skill_entry | Installing system requirements...
2021-10-26 16:05:50.129 | INFO     |  6922 | msm.skill_entry | Successfully installed mycroft-singing
2021-10-26 16:05:50.129 | INFO     |  6922 | msm.mycroft_skills_manager | invalidating skills cache
2021-10-26 16:05:50.740 | INFO     |  6922 | msm.skill_entry | Successfully installed mycroft-audio-record
2021-10-26 16:05:50.740 | INFO     |  6922 | msm.mycroft_skills_manager | invalidating skills cache
2021-10-26 16:05:51.718 | INFO     |  6922 | msm.skill_entry | Successfully installed mycroft-installer
2021-10-26 16:05:51.718 | INFO     |  6922 | msm.mycroft_skills_manager | invalidating skills cache
2021-10-26 16:05:52.855 | INFO     |  6922 | msm.skill_entry | Successfully installed mycroft-joke
2021-10-26 16:05:52.855 | INFO     |  6922 | msm.mycroft_skills_manager | invalidating skills cache
2021-10-26 16:06:11.477 | INFO     |  6922 | msm.skill_entry | Successfully installed mycroft-date-time
2021-10-26 16:06:11.478 | INFO     |  6922 | msm.mycroft_skills_manager | invalidating skills cache
2021-10-26 16:06:12.506 | INFO     |  6922 | msm.skill_entry | Successfully installed mycroft-alarm
2021-10-26 16:06:12.507 | INFO     |  6922 | msm.mycroft_skills_manager | invalidating skills cache
2021-10-26 16:06:13.678 | INFO     |  6922 | msm.skill_entry | Successfully installed mycroft-fallback-duck-duck-go
2021-10-26 16:06:13.678 | INFO     |  6922 | msm.mycroft_skills_manager | invalidating skills cache
2021-10-26 16:06:13.712 | INFO     |  6922 | PairingSkill | Initiating device pairing sequence...
2021-10-26 16:06:13.712 | INFO     |  6922 | PairingSkill | Retrieving pairing code from device API...
2021-10-26 16:06:13.803 | INFO     |  6922 | PairingSkill | Pairing code obtained: LL3E4X
2021-10-26 16:06:13.803 | INFO     |  6922 | PairingSkill | Communicating pairing URL to user
2021-10-26 16:06:17.994 | INFO     |  6922 | msm.skill_entry | Successfully installed fallback-wolfram-alpha
2021-10-26 16:06:17.994 | INFO     |  6922 | msm.mycroft_skills_manager | invalidating skills cache
2021-10-26 16:06:21.215 | INFO     |  6922 | msm.skill_entry | Successfully installed mycroft-configuration
2021-10-26 16:06:21.216 | INFO     |  6922 | msm.mycroft_skills_manager | invalidating skills cache
2021-10-26 16:06:25.740 | INFO     |  6922 | msm.skill_entry | Successfully installed mycroft-npr-news
2021-10-26 16:06:25.740 | INFO     |  6922 | msm.mycroft_skills_manager | invalidating skills cache
2021-10-26 16:06:28.039 | INFO     |  6922 | msm.skill_entry | Successfully installed mycroft-support-helper
2021-10-26 16:06:28.040 | INFO     |  6922 | msm.mycroft_skills_manager | invalidating skills cache
2021-10-26 16:06:30.095 | INFO     |  6922 | msm.skill_entry | Successfully installed mycroft-wiki
2021-10-26 16:06:30.095 | INFO     |  6922 | msm.mycroft_skills_manager | invalidating skills cache
2021-10-26 16:06:31.210 | INFO     |  6922 | msm.skill_entry | Successfully installed mycroft-weather
2021-10-26 16:06:31.211 | INFO     |  6922 | msm.mycroft_skills_manager | invalidating skills cache
2021-10-26 16:06:31.230 | INFO     |  6922 | mycroft.skills.skill_updater:_log_next_download_time:267 | Next scheduled skill update: 2021-10-26 17:06:31.229600
2021-10-26 16:06:31.230 | INFO     |  6922 | mycroft.skills.skill_updater:update_skills:170 | Skill update complete
2021-10-26 16:06:31.230 | INFO     |  6922 | mycroft.skills.skill_manager:_load_on_startup:273 | Loading installed skills...
2021-10-26 16:06:31.232 | INFO     |  6922 | mycroft.skills.skill_loader:load:185 | ATTEMPTING TO LOAD SKILL: mycroft-ip.mycroftai
2021-10-26 16:06:31.277 | INFO     |  6922 | mycroft.skills.settings:get_local_settings:83 | /opt/mycroft/skills/mycroft-ip.mycroftai/settings.json
2021-10-26 16:06:31.302 | INFO     |  6922 | mycroft.skills.skill_loader:_check_for_first_run:324 | First run of mycroft-ip.mycroftai
2021-10-26 16:06:31.303 | INFO     |  6922 | mycroft.skills.settings:save_settings:116 | Skill settings successfully saved to /home/runner/.config/mycroft/skills/mycroft-ip.mycroftai/settings.json
2021-10-26 16:06:31.305 | INFO     |  6922 | mycroft.skills.skill_loader:_communicate_load_status:344 | Skill mycroft-ip.mycroftai loaded successfully
2021-10-26 16:06:31.306 | INFO     |  6922 | mycroft.skills.skill_loader:load:185 | ATTEMPTING TO LOAD SKILL: mycroft-reminder.mycroftai
2021-10-26 16:06:31.321 | INFO     |  6922 | mycroft.skills.settings:get_local_settings:83 | /opt/mycroft/skills/mycroft-reminder.mycroftai/settings.json
2021-10-26 16:06:31.391 | INFO     |  6922 | mycroft.skills.skill_loader:_check_for_first_run:324 | First run of mycroft-reminder.mycroftai
2021-10-26 16:06:31.391 | INFO     |  6922 | mycroft.skills.settings:save_settings:116 | Skill settings successfully saved to /home/runner/.config/mycroft/skills/mycroft-reminder.mycroftai/settings.json
2021-10-26 16:06:31.393 | INFO     |  6922 | mycroft.skills.skill_loader:_communicate_load_status:344 | Skill mycroft-reminder.mycroftai loaded successfully
2021-10-26 16:06:31.394 | INFO     |  6922 | mycroft.skills.skill_loader:load:185 | ATTEMPTING TO LOAD SKILL: mycroft-installer.mycroftai
2021-10-26 16:06:31.403 | INFO     |  6922 | mycroft.skills.settings:get_local_settings:83 | /opt/mycroft/skills/mycroft-installer.mycroftai/settings.json
2021-10-26 16:06:31.443 | INFO     |  6922 | mycroft.skills.skill_loader:_check_for_first_run:324 | First run of mycroft-installer.mycroftai
2021-10-26 16:06:31.444 | INFO     |  6922 | mycroft.skills.settings:save_settings:116 | Skill settings successfully saved to /home/runner/.config/mycroft/skills/mycroft-installer.mycroftai/settings.json
2021-10-26 16:06:31.448 | INFO     |  6922 | mycroft.skills.skill_loader:_communicate_load_status:344 | Skill mycroft-installer.mycroftai loaded successfully
2021-10-26 16:06:31.448 | INFO     |  6922 | mycroft.skills.skill_loader:load:185 | ATTEMPTING TO LOAD SKILL: mycroft-version-checker.mycroftai
2021-10-26 16:06:31.455 | INFO     |  6922 | mycroft.skills.settings:get_local_settings:83 | /opt/mycroft/skills/mycroft-version-checker.mycroftai/settings.json
2021-10-26 16:06:31.496 | INFO     |  6922 | mycroft.skills.skill_loader:_check_for_first_run:324 | First run of mycroft-version-checker.mycroftai
2021-10-26 16:06:31.507 | INFO     |  6922 | mycroft.skills.settings:save_settings:116 | Skill settings successfully saved to /home/runner/.config/mycroft/skills/mycroft-version-checker.mycroftai/settings.json
2021-10-26 16:06:31.510 | INFO     |  6922 | mycroft.skills.skill_loader:_communicate_load_status:344 | Skill mycroft-version-checker.mycroftai loaded successfully
2021-10-26 16:06:31.510 | INFO     |  6922 | mycroft.skills.skill_loader:load:185 | ATTEMPTING TO LOAD SKILL: mycroft-singing.mycroftai
2021-10-26 16:06:31.520 | INFO     |  6922 | mycroft.skills.settings:get_local_settings:83 | /opt/mycroft/skills/mycroft-singing.mycroftai/settings.json
2021-10-26 16:06:31.544 | INFO     |  6922 | mycroft.skills.skill_loader:_check_for_first_run:324 | First run of mycroft-singing.mycroftai
2021-10-26 16:06:31.551 | INFO     |  6922 | mycroft.skills.settings:save_settings:116 | Skill settings successfully saved to /home/runner/.config/mycroft/skills/mycroft-singing.mycroftai/settings.json
2021-10-26 16:06:31.552 | INFO     |  6922 | mycroft.skills.skill_loader:_communicate_load_status:344 | Skill mycroft-singing.mycroftai loaded successfully
2021-10-26 16:06:31.552 | INFO     |  6922 | mycroft.skills.skill_loader:load:185 | ATTEMPTING TO LOAD SKILL: mycroft-joke.mycroftai
2021-10-26 16:06:31.565 | INFO     |  6922 | mycroft.skills.settings:get_local_settings:83 | /opt/mycroft/skills/mycroft-joke.mycroftai/settings.json
2021-10-26 16:06:31.585 | INFO     |  6922 | mycroft.skills.skill_loader:_check_for_first_run:324 | First run of mycroft-joke.mycroftai
2021-10-26 16:06:31.588 | INFO     |  6922 | mycroft.skills.settings:save_settings:116 | Skill settings successfully saved to /home/runner/.config/mycroft/skills/mycroft-joke.mycroftai/settings.json
2021-10-26 16:06:31.590 | INFO     |  6922 | mycroft.skills.skill_loader:_communicate_load_status:344 | Skill mycroft-joke.mycroftai loaded successfully
2021-10-26 16:06:31.591 | INFO     |  6922 | mycroft.skills.skill_loader:load:185 | ATTEMPTING TO LOAD SKILL: mycroft-timer.mycroftai
2021-10-26 16:06:31.636 | INFO     |  6922 | mycroft.skills.settings:get_local_settings:83 | /opt/mycroft/skills/mycroft-timer.mycroftai/settings.json
2021-10-26 16:06:31.692 | INFO     |  6922 | mycroft.skills.skill_loader:_check_for_first_run:324 | First run of mycroft-timer.mycroftai
2021-10-26 16:06:31.693 | INFO     |  6922 | mycroft.skills.settings:save_settings:116 | Skill settings successfully saved to /home/runner/.config/mycroft/skills/mycroft-timer.mycroftai/settings.json
2021-10-26 16:06:31.693 | INFO     |  6922 | mycroft.skills.skill_loader:_communicate_load_status:344 | Skill mycroft-timer.mycroftai loaded successfully
2021-10-26 16:06:31.695 | INFO     |  6922 | mycroft.skills.skill_loader:load:185 | ATTEMPTING TO LOAD SKILL: homeassistant.mycroftai
2021-10-26 16:06:32.070 | INFO     |  6922 | mycroft.skills.settings:get_local_settings:83 | /opt/mycroft/skills/homeassistant.mycroftai/settings.json
2021-10-26 16:06:32.071 | INFO     |  6922 | mycroft.skills.settings:get_local_settings:83 | /opt/mycroft/skills/homeassistant.mycroftai/settings.json
2021-10-26 16:06:32.105 | INFO     |  6922 | HomeAssistantSkill | Removing all handlers...
2021-10-26 16:06:32.106 | WARNING  |  6922 | mycroft.skills.fallback_skill:remove_fallback:185 | Could not find matching fallback handler
2021-10-26 16:06:32.107 | ERROR    |  6922 | mycroft.skills.skill_loader:_create_skill_instance:313 | Skill initialization failed with FileNotFoundError('Unable to find "home.assistant.close.intent"')
Traceback (most recent call last):
  File "/opt/mycroft-core/mycroft/skills/skill_loader.py", line 305, in _create_skill_instance
    self.instance._register_decorated()
  File "/opt/mycroft-core/mycroft/skills/mycroft_skill/mycroft_skill.py", line 749, in _register_decorated
    self.register_intent(intent, method)
  File "/opt/mycroft-core/mycroft/skills/mycroft_skill/mycroft_skill.py", line 985, in register_intent
    return self.register_intent_file(intent_parser, handler)
  File "/opt/mycroft-core/mycroft/skills/mycroft_skill/mycroft_skill.py", line 1021, in register_intent_file
    raise FileNotFoundError('Unable to find "{}"'.format(intent_file))
FileNotFoundError: Unable to find "home.assistant.close.intent"
2021-10-26 16:06:32.107 | ERROR    |  6922 | mycroft.skills.skill_loader:_communicate_load_status:351 | Skill homeassistant.mycroftai failed to load
2021-10-26 16:06:32.122 | INFO     |  6922 | mycroft.skills.skill_loader:load:185 | ATTEMPTING TO LOAD SKILL: mycroft-alarm.mycroftai
2021-10-26 16:06:32.265 | INFO     |  6922 | mycroft.skills.settings:get_local_settings:83 | /opt/mycroft/skills/mycroft-alarm.mycroftai/settings.json
2021-10-26 16:06:32.266 | ERROR    |  6922 | AlarmSkill | Couldn't allocate mixer, ALSAAudioError('No such file or directory [default]')
2021-10-26 16:06:32.353 | INFO     |  6922 | mycroft.skills.skill_loader:_check_for_first_run:324 | First run of mycroft-alarm.mycroftai
2021-10-26 16:06:32.355 | INFO     |  6922 | mycroft.skills.settings:save_settings:116 | Skill settings successfully saved to /home/runner/.config/mycroft/skills/mycroft-alarm.mycroftai/settings.json
2021-10-26 16:06:32.357 | INFO     |  6922 | mycroft.skills.skill_loader:_communicate_load_status:344 | Skill mycroft-alarm.mycroftai loaded successfully
2021-10-26 16:06:32.358 | INFO     |  6922 | mycroft.skills.skill_loader:load:185 | ATTEMPTING TO LOAD SKILL: mycroft-naptime.mycroftai
2021-10-26 16:06:32.364 | INFO     |  6922 | mycroft.skills.settings:get_local_settings:83 | /opt/mycroft/skills/mycroft-naptime.mycroftai/settings.json
2021-10-26 16:06:32.393 | INFO     |  6922 | mycroft.skills.skill_loader:_check_for_first_run:324 | First run of mycroft-naptime.mycroftai
2021-10-26 16:06:32.394 | INFO     |  6922 | mycroft.skills.settings:save_settings:116 | Skill settings successfully saved to /home/runner/.config/mycroft/skills/mycroft-naptime.mycroftai/settings.json
2021-10-26 16:06:32.398 | INFO     |  6922 | mycroft.skills.skill_loader:_communicate_load_status:344 | Skill mycroft-naptime.mycroftai loaded successfully
2021-10-26 16:06:32.399 | INFO     |  6922 | mycroft.skills.skill_loader:load:185 | ATTEMPTING TO LOAD SKILL: mycroft-spelling.mycroftai
2021-10-26 16:06:32.410 | INFO     |  6922 | mycroft.skills.settings:get_local_settings:83 | /opt/mycroft/skills/mycroft-spelling.mycroftai/settings.json
2021-10-26 16:06:32.435 | INFO     |  6922 | mycroft.skills.skill_loader:_check_for_first_run:324 | First run of mycroft-spelling.mycroftai
2021-10-26 16:06:32.436 | INFO     |  6922 | mycroft.skills.settings:save_settings:116 | Skill settings successfully saved to /home/runner/.config/mycroft/skills/mycroft-spelling.mycroftai/settings.json
2021-10-26 16:06:32.438 | INFO     |  6922 | mycroft.skills.skill_loader:_communicate_load_status:344 | Skill mycroft-spelling.mycroftai loaded successfully
2021-10-26 16:06:32.438 | INFO     |  6922 | mycroft.skills.skill_loader:load:185 | ATTEMPTING TO LOAD SKILL: mycroft-fallback-duck-duck-go.mycroftai
2021-10-26 16:06:32.453 | INFO     |  6922 | mycroft.skills.settings:get_local_settings:83 | /opt/mycroft/skills/mycroft-fallback-duck-duck-go.mycroftai/settings.json
2021-10-26 16:06:32.469 | INFO     |  6922 | mycroft.skills.skill_loader:_check_for_first_run:324 | First run of mycroft-fallback-duck-duck-go.mycroftai
2021-10-26 16:06:32.470 | INFO     |  6922 | mycroft.skills.settings:save_settings:116 | Skill settings successfully saved to /home/runner/.config/mycroft/skills/mycroft-fallback-duck-duck-go.mycroftai/settings.json
2021-10-26 16:06:32.471 | INFO     |  6922 | mycroft.skills.skill_loader:_communicate_load_status:344 | Skill mycroft-fallback-duck-duck-go.mycroftai loaded successfully
2021-10-26 16:06:32.472 | INFO     |  6922 | mycroft.skills.skill_loader:load:185 | ATTEMPTING TO LOAD SKILL: mycroft-npr-news.mycroftai
2021-10-26 16:06:32.618 | INFO     |  6922 | mycroft.skills.settings:get_local_settings:83 | /opt/mycroft/skills/mycroft-npr-news.mycroftai/settings.json
2021-10-26 16:06:33.668 | INFO     |  6922 | mycroft.skills.skill_loader:_check_for_first_run:324 | First run of mycroft-npr-news.mycroftai
2021-10-26 16:06:33.669 | INFO     |  6922 | mycroft.skills.settings:save_settings:116 | Skill settings successfully saved to /home/runner/.config/mycroft/skills/mycroft-npr-news.mycroftai/settings.json
2021-10-26 16:06:33.670 | INFO     |  6922 | mycroft.skills.skill_loader:_communicate_load_status:344 | Skill mycroft-npr-news.mycroftai loaded successfully
2021-10-26 16:06:33.670 | INFO     |  6922 | mycroft.skills.skill_loader:load:185 | ATTEMPTING TO LOAD SKILL: mycroft-support-helper.mycroftai
2021-10-26 16:06:33.685 | INFO     |  6922 | mycroft.skills.settings:get_local_settings:83 | /opt/mycroft/skills/mycroft-support-helper.mycroftai/settings.json
2021-10-26 16:06:33.697 | INFO     |  6922 | mycroft.skills.skill_loader:_check_for_first_run:324 | First run of mycroft-support-helper.mycroftai
2021-10-26 16:06:33.698 | INFO     |  6922 | mycroft.skills.settings:save_settings:116 | Skill settings successfully saved to /home/runner/.config/mycroft/skills/mycroft-support-helper.mycroftai/settings.json
2021-10-26 16:06:33.699 | INFO     |  6922 | mycroft.skills.skill_loader:_communicate_load_status:344 | Skill mycroft-support-helper.mycroftai loaded successfully
2021-10-26 16:06:33.699 | INFO     |  6922 | mycroft.skills.skill_loader:load:185 | ATTEMPTING TO LOAD SKILL: mycroft-weather.mycroftai
2021-10-26 16:06:33.723 | INFO     |  6922 | mycroft.skills.settings:get_local_settings:83 | /opt/mycroft/skills/mycroft-weather.mycroftai/settings.json
2021-10-26 16:06:33.878 | INFO     |  6922 | mycroft.skills.skill_loader:_check_for_first_run:324 | First run of mycroft-weather.mycroftai
2021-10-26 16:06:33.879 | INFO     |  6922 | mycroft.skills.settings:save_settings:116 | Skill settings successfully saved to /home/runner/.config/mycroft/skills/mycroft-weather.mycroftai/settings.json
2021-10-26 16:06:33.880 | INFO     |  6922 | mycroft.skills.skill_loader:_communicate_load_status:344 | Skill mycroft-weather.mycroftai loaded successfully
2021-10-26 16:06:33.881 | INFO     |  6922 | mycroft.skills.skill_loader:load:185 | ATTEMPTING TO LOAD SKILL: mycroft-speak.mycroftai
2021-10-26 16:06:33.887 | INFO     |  6922 | mycroft.skills.settings:get_local_settings:83 | /opt/mycroft/skills/mycroft-speak.mycroftai/settings.json
2021-10-26 16:06:33.901 | INFO     |  6922 | mycroft.skills.skill_loader:_check_for_first_run:324 | First run of mycroft-speak.mycroftai
2021-10-26 16:06:33.901 | INFO     |  6922 | mycroft.skills.settings:save_settings:116 | Skill settings successfully saved to /home/runner/.config/mycroft/skills/mycroft-speak.mycroftai/settings.json
2021-10-26 16:06:33.902 | INFO     |  6922 | mycroft.skills.skill_loader:_communicate_load_status:344 | Skill mycroft-speak.mycroftai loaded successfully
2021-10-26 16:06:33.902 | INFO     |  6922 | mycroft.skills.skill_loader:load:185 | ATTEMPTING TO LOAD SKILL: mycroft-audio-record.mycroftai
2021-10-26 16:06:33.909 | INFO     |  6922 | mycroft.skills.settings:get_local_settings:83 | /opt/mycroft/skills/mycroft-audio-record.mycroftai/settings.json
2021-10-26 16:06:33.920 | INFO     |  6922 | mycroft.skills.skill_loader:_check_for_first_run:324 | First run of mycroft-audio-record.mycroftai
2021-10-26 16:06:33.921 | INFO     |  6922 | mycroft.skills.settings:save_settings:116 | Skill settings successfully saved to /home/runner/.config/mycroft/skills/mycroft-audio-record.mycroftai/settings.json
2021-10-26 16:06:33.922 | INFO     |  6922 | mycroft.skills.skill_loader:_communicate_load_status:344 | Skill mycroft-audio-record.mycroftai loaded successfully
2021-10-26 16:06:33.922 | INFO     |  6922 | mycroft.skills.skill_loader:load:185 | ATTEMPTING TO LOAD SKILL: mycroft-stop.mycroftai
2021-10-26 16:06:33.928 | INFO     |  6922 | mycroft.skills.settings:get_local_settings:83 | /opt/mycroft/skills/mycroft-stop.mycroftai/settings.json
2021-10-26 16:06:33.940 | INFO     |  6922 | mycroft.skills.skill_loader:_check_for_first_run:324 | First run of mycroft-stop.mycroftai
2021-10-26 16:06:33.940 | INFO     |  6922 | mycroft.skills.settings:save_settings:116 | Skill settings successfully saved to /home/runner/.config/mycroft/skills/mycroft-stop.mycroftai/settings.json
2021-10-26 16:06:33.941 | INFO     |  6922 | mycroft.skills.skill_loader:_communicate_load_status:344 | Skill mycroft-stop.mycroftai loaded successfully
2021-10-26 16:06:33.942 | INFO     |  6922 | mycroft.skills.skill_loader:load:185 | ATTEMPTING TO LOAD SKILL: mycroft-hello-world.mycroftai
2021-10-26 16:06:33.945 | INFO     |  6922 | mycroft.skills.settings:get_local_settings:83 | /opt/mycroft/skills/mycroft-hello-world.mycroftai/settings.json
2021-10-26 16:06:33.957 | INFO     |  6922 | mycroft.skills.skill_loader:_check_for_first_run:324 | First run of mycroft-hello-world.mycroftai
2021-10-26 16:06:33.957 | INFO     |  6922 | mycroft.skills.settings:save_settings:116 | Skill settings successfully saved to /home/runner/.config/mycroft/skills/mycroft-hello-world.mycroftai/settings.json
2021-10-26 16:06:33.964 | INFO     |  6922 | mycroft.skills.skill_loader:_communicate_load_status:344 | Skill mycroft-hello-world.mycroftai loaded successfully
2021-10-26 16:06:33.965 | INFO     |  6922 | mycroft.skills.skill_loader:load:185 | ATTEMPTING TO LOAD SKILL: mycroft-date-time.mycroftai
2021-10-26 16:06:34.719 | INFO     |  6922 | mycroft.skills.settings:get_local_settings:83 | /opt/mycroft/skills/mycroft-date-time.mycroftai/settings.json
2021-10-26 16:06:34.756 | INFO     |  6922 | TimeSkill | Registering resting screen <bound method TimeSkill.handle_idle of <mycroft-date-time_mycroftai.TimeSkill object at 0x7fc34c72a3d0>> for Time and Date.
2021-10-26 16:06:34.758 | INFO     |  6922 | TimeSkill | Registering resting screen
2021-10-26 16:06:34.763 | INFO     |  6922 | mycroft.skills.skill_loader:_check_for_first_run:324 | First run of mycroft-date-time.mycroftai
2021-10-26 16:06:34.764 | INFO     |  6922 | mycroft.skills.settings:save_settings:116 | Skill settings successfully saved to /home/runner/.config/mycroft/skills/mycroft-date-time.mycroftai/settings.json
2021-10-26 16:06:34.766 | INFO     |  6922 | mycroft.skills.skill_loader:_communicate_load_status:344 | Skill mycroft-date-time.mycroftai loaded successfully
2021-10-26 16:06:34.767 | INFO     |  6922 | mycroft.skills.skill_loader:load:185 | ATTEMPTING TO LOAD SKILL: mycroft-configuration.mycroftai
2021-10-26 16:06:34.774 | INFO     |  6922 | mycroft.skills.settings:get_local_settings:83 | /opt/mycroft/skills/mycroft-configuration.mycroftai/settings.json
2021-10-26 16:06:34.800 | INFO     |  6922 | mycroft.skills.skill_loader:_check_for_first_run:324 | First run of mycroft-configuration.mycroftai
2021-10-26 16:06:34.800 | INFO     |  6922 | mycroft.skills.settings:save_settings:116 | Skill settings successfully saved to /home/runner/.config/mycroft/skills/mycroft-configuration.mycroftai/settings.json
2021-10-26 16:06:34.845 | INFO     |  6922 | mycroft.skills.skill_loader:_communicate_load_status:344 | Skill mycroft-configuration.mycroftai loaded successfully
2021-10-26 16:06:34.846 | INFO     |  6922 | mycroft.skills.skill_loader:load:185 | ATTEMPTING TO LOAD SKILL: fallback-query.mycroftai
2021-10-26 16:06:34.851 | INFO     |  6922 | mycroft.skills.settings:get_local_settings:83 | /opt/mycroft/skills/fallback-query.mycroftai/settings.json
2021-10-26 16:06:34.875 | INFO     |  6922 | mycroft.skills.skill_loader:_check_for_first_run:324 | First run of fallback-query.mycroftai
2021-10-26 16:06:34.878 | INFO     |  6922 | mycroft.skills.settings:save_settings:116 | Skill settings successfully saved to /home/runner/.config/mycroft/skills/fallback-query.mycroftai/settings.json
2021-10-26 16:06:34.907 | INFO     |  6922 | mycroft.skills.skill_loader:_communicate_load_status:344 | Skill fallback-query.mycroftai loaded successfully
2021-10-26 16:06:34.907 | INFO     |  6922 | mycroft.skills.skill_loader:load:185 | ATTEMPTING TO LOAD SKILL: mycroft-personal.mycroftai
2021-10-26 16:06:34.911 | INFO     |  6922 | mycroft.skills.settings:get_local_settings:83 | /opt/mycroft/skills/mycroft-personal.mycroftai/settings.json
2021-10-26 16:06:34.953 | INFO     |  6922 | mycroft.skills.skill_loader:_check_for_first_run:324 | First run of mycroft-personal.mycroftai
2021-10-26 16:06:34.972 | INFO     |  6922 | mycroft.skills.settings:save_settings:116 | Skill settings successfully saved to /home/runner/.config/mycroft/skills/mycroft-personal.mycroftai/settings.json
2021-10-26 16:06:34.992 | INFO     |  6922 | mycroft.skills.skill_loader:_communicate_load_status:344 | Skill mycroft-personal.mycroftai loaded successfully
2021-10-26 16:06:34.993 | INFO     |  6922 | mycroft.skills.skill_loader:load:185 | ATTEMPTING TO LOAD SKILL: fallback-wolfram-alpha.mycroftai
2021-10-26 16:06:35.035 | INFO     |  6922 | mycroft.skills.settings:get_local_settings:83 | /opt/mycroft/skills/fallback-wolfram-alpha.mycroftai/settings.json
2021-10-26 16:06:35.051 | INFO     |  6922 | mycroft.skills.skill_loader:_check_for_first_run:324 | First run of fallback-wolfram-alpha.mycroftai
2021-10-26 16:06:35.052 | INFO     |  6922 | mycroft.skills.settings:save_settings:116 | Skill settings successfully saved to /home/runner/.config/mycroft/skills/fallback-wolfram-alpha.mycroftai/settings.json
2021-10-26 16:06:35.093 | INFO     |  6922 | mycroft.skills.skill_loader:_communicate_load_status:344 | Skill fallback-wolfram-alpha.mycroftai loaded successfully
2021-10-26 16:06:35.094 | INFO     |  6922 | mycroft.skills.skill_loader:load:185 | ATTEMPTING TO LOAD SKILL: mycroft-wiki.mycroftai
2021-10-26 16:06:35.101 | INFO     |  6922 | mycroft.skills.settings:get_local_settings:83 | /opt/mycroft/skills/mycroft-wiki.mycroftai/settings.json
2021-10-26 16:06:35.117 | INFO     |  6922 | mycroft.skills.skill_loader:_check_for_first_run:324 | First run of mycroft-wiki.mycroftai
2021-10-26 16:06:35.118 | INFO     |  6922 | mycroft.skills.settings:save_settings:116 | Skill settings successfully saved to /home/runner/.config/mycroft/skills/mycroft-wiki.mycroftai/settings.json
2021-10-26 16:06:35.133 | INFO     |  6922 | mycroft.skills.skill_loader:_communicate_load_status:344 | Skill mycroft-wiki.mycroftai loaded successfully
2021-10-26 16:06:35.134 | INFO     |  6922 | mycroft.skills.skill_loader:load:185 | ATTEMPTING TO LOAD SKILL: fallback-unknown.mycroftai
2021-10-26 16:06:35.145 | INFO     |  6922 | mycroft.skills.settings:get_local_settings:83 | /opt/mycroft/skills/fallback-unknown.mycroftai/settings.json
2021-10-26 16:06:35.158 | INFO     |  6922 | mycroft.skills.skill_loader:_check_for_first_run:324 | First run of fallback-unknown.mycroftai
2021-10-26 16:06:35.159 | INFO     |  6922 | mycroft.skills.settings:save_settings:116 | Skill settings successfully saved to /home/runner/.config/mycroft/skills/fallback-unknown.mycroftai/settings.json
2021-10-26 16:06:35.195 | INFO     |  6922 | mycroft.skills.skill_loader:_communicate_load_status:344 | Skill fallback-unknown.mycroftai loaded successfully
2021-10-26 16:06:35.196 | INFO     |  6922 | mycroft.skills.skill_loader:load:185 | ATTEMPTING TO LOAD SKILL: mycroft-playback-control.mycroftai
2021-10-26 16:06:35.203 | INFO     |  6922 | mycroft.skills.settings:get_local_settings:83 | /opt/mycroft/skills/mycroft-playback-control.mycroftai/settings.json
2021-10-26 16:06:35.255 | INFO     |  6922 | mycroft.skills.skill_loader:_check_for_first_run:324 | First run of mycroft-playback-control.mycroftai
2021-10-26 16:06:35.256 | INFO     |  6922 | mycroft.skills.settings:save_settings:116 | Skill settings successfully saved to /home/runner/.config/mycroft/skills/mycroft-playback-control.mycroftai/settings.json
2021-10-26 16:06:35.297 | INFO     |  6922 | mycroft.skills.skill_loader:_communicate_load_status:344 | Skill mycroft-playback-control.mycroftai loaded successfully
2021-10-26 16:06:35.298 | INFO     |  6922 | mycroft.skills.skill_manager:_load_on_startup:275 | Skills all loaded!
2021-10-26 16:06:35.348 | INFO     |  6922 | mycroft.skills.intent_services.padatious_service:train:151 | Training... (single_thread=False)
2021-10-26 16:06:35.376 | INFO     |  6922 | __main__:on_ready:185 | Skills service is ready.
Regenerated mycroft-alarm.mycroftai:{daytype}.
Regenerated mycroft-reminder.mycroftai:UnspecifiedReminderAt.intent.
Regenerated mycroft-reminder.mycroftai:GetNextReminders.intent.
Regenerated mycroft-reminder.mycroftai:Reminder.intent.
Regenerated mycroft-reminder.mycroftai:ReminderAt.intent.
Regenerated mycroft-reminder.mycroftai:ClearReminders.intent.
Regenerated mycroft-reminder.mycroftai:GetRemindersForDay.intent.
Regenerated homeassistant.mycroftai:cover.stop.intent.
Regenerated mycroft-alarm.mycroftai:snooze.intent.
Regenerated mycroft-alarm.mycroftai:change.alarm.sound.intent.
Regenerated mycroft-npr-news.mycroftai:PlayTheNews.intent.
Regenerated mycroft-support-helper.mycroftai:contact.support.intent.
Regenerated mycroft-weather.mycroftai:do-i-need-an-umbrella.intent.
Regenerated mycroft-audio-record.mycroftai:PlayRecording.intent.
Regenerated mycroft-audio-record.mycroftai:StartRecording.intent.
Regenerated mycroft-stop.mycroftai:shutdown.intent.
Regenerated mycroft-stop.mycroftai:wifi.setup.intent.
Regenerated mycroft-stop.mycroftai:ssh.disable.intent.
Regenerated mycroft-stop.mycroftai:ssh.enable.intent.
Regenerated mycroft-stop.mycroftai:reboot.intent.
Regenerated mycroft-hello-world.mycroftai:HowAreYou.intent.
Regenerated mycroft-date-time.mycroftai:date.last.weekend.intent.
Regenerated mycroft-date-time.mycroftai:what.time.will.it.be.intent.
Regenerated mycroft-date-time.mycroftai:what.time.is.it.intent.
Regenerated mycroft-date-time.mycroftai:date.future.weekend.intent.
Regenerated mycroft-configuration.mycroftai:EnablePreciseDev.intent.
Regenerated mycroft-configuration.mycroftai:DisablePreciseDev.intent.
Regenerated mycroft-configuration.mycroftai:WhereAreYou.intent.
Regenerated mycroft-personal.mycroftai:WhoAreYou.intent.
Regenerated mycroft-personal.mycroftai:WhatAreYou.intent.
Regenerated mycroft-personal.mycroftai:WhenWereYouBorn.intent.
Regenerated mycroft-personal.mycroftai:DoYouRhyme.intent.
Regenerated mycroft-personal.mycroftai:WhoMadeYou.intent.
Regenerated mycroft-personal.mycroftai:DoYouDream.intent.
Regenerated mycroft-personal.mycroftai:WhereWereYouBorn.intent.
Regenerated mycroft-wiki.mycroftai:Random.intent.
Regenerated mycroft-reminder.mycroftai:SnoozeReminder.intent.
Regenerated mycroft-reminder.mycroftai:DeleteReminderForDay.intent.
Regenerated mycroft-reminder.mycroftai:CancelActiveReminder.intent.
Regenerated mycroft-installer.mycroftai:install.custom.intent.
Regenerated mycroft-installer.mycroftai:is.installed.intent.
Regenerated mycroft-installer.mycroftai:remove.intent.
Regenerated mycroft-installer.mycroftai:install.intent.
Regenerated mycroft-installer.mycroftai:install.beta.intent.
Regenerated mycroft-installer.mycroftai:list.skills.intent.
Regenerated mycroft-timer.mycroftai:start.timer.intent.
Regenerated mycroft-timer.mycroftai:timer.status.intent.
Regenerated homeassistant.mycroftai:sensor.intent.
2021-10-26 16:06:37.457 | INFO     |  6922 | mycroft.skills.intent_services.padatious_service:train:153 | Training complete.
2021-10-26 16:06:44.162 | INFO     |  6922 | mycroft.skills.settings:save_settings:116 | Skill settings successfully saved to /home/runner/.config/mycroft/skills/mycroft-pairing.mycroftai/settings.json
2021-10-26 16:06:44.456 | INFO     |  6922 | mycroft.skills.settings:save_settings:116 | Skill settings successfully saved to /home/runner/.config/mycroft/skills/mycroft-timer.mycroftai/settings.json
2021-10-26 16:07:03.771 | ERROR    |  6922 | mycroft.skills.intent_service:handle_converse_error:193 | homeassistant.mycroftai: converse requested but skill not loaded
2021-10-26 16:07:14.077 | ERROR    |  6922 | mycroft.skills.intent_service:handle_converse_error:193 | homeassistant.mycroftai: converse requested but skill not loaded
2021-10-26 16:07:14.140 | INFO     |  6922 | QuestionsAnswersSkill | Searching for can you turn on blue switch please
2021-10-26 16:07:14.146 | INFO     |  6922 | mycroft.skills.settings:save_settings:116 | Skill settings successfully saved to /home/runner/.config/mycroft/skills/fallback-wolfram-alpha.mycroftai/settings.json
2021-10-26 16:07:14.147 | INFO     |  6922 | mycroft.skills.settings:save_settings:116 | Skill settings successfully saved to /home/runner/.config/mycroft/skills/mycroft-fallback-duck-duck-go.mycroftai/settings.json
2021-10-26 16:07:14.153 | INFO     |  6922 | mycroft.skills.settings:save_settings:116 | Skill settings successfully saved to /home/runner/.config/mycroft/skills/fallback-query.mycroftai/settings.json
2021-10-26 16:07:15.468 | INFO     |  6922 | QuestionsAnswersSkill | Timeout occured check responses
2021-10-26 16:07:24.386 | ERROR    |  6922 | mycroft.skills.intent_service:handle_converse_error:193 | homeassistant.mycroftai: converse requested but skill not loaded
2021-10-26 16:07:24.405 | INFO     |  6922 | QuestionsAnswersSkill | Searching for can you turn on blue switch please
2021-10-26 16:07:25.481 | INFO     |  6922 | QuestionsAnswersSkill | Timeout occured check responses
2021-10-26 16:07:34.560 | WARNING  |  6922 | ConfigurationSkill | Impossible to update configuration because device isn't paired
2021-10-26 16:07:34.689 | ERROR    |  6922 | mycroft.skills.intent_service:handle_converse_error:193 | homeassistant.mycroftai: converse requested but skill not loaded
2021-10-26 16:07:34.748 | INFO     |  6922 | QuestionsAnswersSkill | Searching for can you toggle green switch
2021-10-26 16:07:35.495 | INFO     |  6922 | QuestionsAnswersSkill | Timeout occured check responses
2021-10-26 16:07:44.993 | ERROR    |  6922 | mycroft.skills.intent_service:handle_converse_error:193 | homeassistant.mycroftai: converse requested but skill not loaded
2021-10-26 16:07:45.053 | INFO     |  6922 | QuestionsAnswersSkill | Searching for can you toggle green switch
2021-10-26 16:07:46.010 | INFO     |  6922 | QuestionsAnswersSkill | Timeout occured check responses
2021-10-26 16:07:55.298 | ERROR    |  6922 | mycroft.skills.intent_service:handle_converse_error:193 | homeassistant.mycroftai: converse requested but skill not loaded
2021-10-26 16:07:55.356 | INFO     |  6922 | QuestionsAnswersSkill | Searching for can you toggle pink switch
2021-10-26 16:07:56.025 | INFO     |  6922 | QuestionsAnswersSkill | Timeout occured check responses
2021-10-26 16:08:05.601 | ERROR    |  6922 | mycroft.skills.intent_service:handle_converse_error:193 | homeassistant.mycroftai: converse requested but skill not loaded
2021-10-26 16:08:05.661 | INFO     |  6922 | QuestionsAnswersSkill | Searching for can you toggle pink switch
2021-10-26 16:08:06.041 | INFO     |  6922 | QuestionsAnswersSkill | Timeout occured check responses
2021-10-26 16:08:15.907 | ERROR    |  6922 | mycroft.skills.intent_service:handle_converse_error:193 | homeassistant.mycroftai: converse requested but skill not loaded
2021-10-26 16:08:15.968 | INFO     |  6922 | QuestionsAnswersSkill | Searching for can you turn off red switch please
2021-10-26 16:08:16.053 | INFO     |  6922 | QuestionsAnswersSkill | Timeout occured check responses
2021-10-26 16:08:26.210 | ERROR    |  6922 | mycroft.skills.intent_service:handle_converse_error:193 | homeassistant.mycroftai: converse requested but skill not loaded
2021-10-26 16:08:26.230 | INFO     |  6922 | QuestionsAnswersSkill | Searching for can you turn off red switch please
2021-10-26 16:08:27.069 | INFO     |  6922 | QuestionsAnswersSkill | Timeout occured check responses
2021-10-26 16:08:34.151 | WARNING  |  6922 | ConfigurationSkill | Impossible to update configuration because device isn't paired
2021-10-26 16:08:36.512 | ERROR    |  6922 | mycroft.skills.intent_service:handle_converse_error:193 | homeassistant.mycroftai: converse requested but skill not loaded
2021-10-26 16:08:36.581 | INFO     |  6922 | QuestionsAnswersSkill | Searching for can you turn on Mycroft light please
2021-10-26 16:08:37.085 | INFO     |  6922 | QuestionsAnswersSkill | Timeout occured check responses
2021-10-26 16:08:46.819 | ERROR    |  6922 | mycroft.skills.intent_service:handle_converse_error:193 | homeassistant.mycroftai: converse requested but skill not loaded
2021-10-26 16:08:46.884 | INFO     |  6922 | QuestionsAnswersSkill | Searching for can you turn on Mycroft light please
2021-10-26 16:08:47.099 | INFO     |  6922 | QuestionsAnswersSkill | Timeout occured check responses
2021-10-26 16:08:57.123 | ERROR    |  6922 | mycroft.skills.intent_service:handle_converse_error:193 | homeassistant.mycroftai: converse requested but skill not loaded
2021-10-26 16:08:57.197 | INFO     |  6922 | QuestionsAnswersSkill | Searching for set the brightness of bathroom light to 20%
2021-10-26 16:08:58.113 | INFO     |  6922 | QuestionsAnswersSkill | Timeout occured check responses
2021-10-26 16:09:07.423 | ERROR    |  6922 | mycroft.skills.intent_service:handle_converse_error:193 | homeassistant.mycroftai: converse requested but skill not loaded
2021-10-26 16:09:07.497 | INFO     |  6922 | QuestionsAnswersSkill | Searching for set the brightness of bathroom light to 20%
2021-10-26 16:09:08.129 | INFO     |  6922 | QuestionsAnswersSkill | Timeout occured check responses
2021-10-26 16:09:17.729 | ERROR    |  6922 | mycroft.skills.intent_service:handle_converse_error:193 | homeassistant.mycroftai: converse requested but skill not loaded
2021-10-26 16:09:28.034 | ERROR    |  6922 | mycroft.skills.intent_service:handle_converse_error:193 | homeassistant.mycroftai: converse requested but skill not loaded
2021-10-26 16:09:34.235 | WARNING  |  6922 | ConfigurationSkill | Impossible to update configuration because device isn't paired
2021-10-26 16:09:38.338 | ERROR    |  6922 | mycroft.skills.intent_service:handle_converse_error:193 | homeassistant.mycroftai: converse requested but skill not loaded
2021-10-26 16:09:48.642 | ERROR    |  6922 | mycroft.skills.intent_service:handle_converse_error:193 | homeassistant.mycroftai: converse requested but skill not loaded
2021-10-26 16:09:58.947 | ERROR    |  6922 | mycroft.skills.intent_service:handle_converse_error:193 | homeassistant.mycroftai: converse requested but skill not loaded
2021-10-26 16:09:59.013 | INFO     |  6922 | QuestionsAnswersSkill | Searching for can you turn off stairs light please
2021-10-26 16:10:00.200 | INFO     |  6922 | QuestionsAnswersSkill | Timeout occured check responses
2021-10-26 16:10:09.256 | ERROR    |  6922 | mycroft.skills.intent_service:handle_converse_error:193 | homeassistant.mycroftai: converse requested but skill not loaded
2021-10-26 16:10:09.276 | INFO     |  6922 | QuestionsAnswersSkill | Searching for can you turn off stairs light please
2021-10-26 16:10:10.214 | INFO     |  6922 | QuestionsAnswersSkill | Timeout occured check responses
2021-10-26 16:10:19.561 | ERROR    |  6922 | mycroft.skills.intent_service:handle_converse_error:193 | homeassistant.mycroftai: converse requested but skill not loaded
2021-10-26 16:10:19.620 | INFO     |  6922 | QuestionsAnswersSkill | Searching for activate the automation mycroft tracker automation
2021-10-26 16:10:20.228 | INFO     |  6922 | QuestionsAnswersSkill | Timeout occured check responses
2021-10-26 16:10:29.865 | ERROR    |  6922 | mycroft.skills.intent_service:handle_converse_error:193 | homeassistant.mycroftai: converse requested but skill not loaded
2021-10-26 16:10:29.925 | INFO     |  6922 | QuestionsAnswersSkill | Searching for activate the automation mycroft tracker automation
2021-10-26 16:10:30.242 | INFO     |  6922 | QuestionsAnswersSkill | Timeout occured check responses
2021-10-26 16:10:34.583 | WARNING  |  6922 | ConfigurationSkill | Impossible to update configuration because device isn't paired
2021-10-26 16:10:40.176 | ERROR    |  6922 | mycroft.skills.intent_service:handle_converse_error:193 | homeassistant.mycroftai: converse requested but skill not loaded
2021-10-26 16:10:40.237 | INFO     |  6922 | QuestionsAnswersSkill | Searching for give me location of the mark
2021-10-26 16:10:41.256 | INFO     |  6922 | QuestionsAnswersSkill | Timeout occured check responses
2021-10-26 16:10:50.472 | ERROR    |  6922 | mycroft.skills.intent_service:handle_converse_error:193 | homeassistant.mycroftai: converse requested but skill not loaded
2021-10-26 16:10:50.532 | INFO     |  6922 | QuestionsAnswersSkill | Searching for give me location of the mark
2021-10-26 16:10:51.269 | INFO     |  6922 | QuestionsAnswersSkill | Timeout occured check responses
2021-10-26 16:11:00.777 | ERROR    |  6922 | mycroft.skills.intent_service:handle_converse_error:193 | homeassistant.mycroftai: converse requested but skill not loaded
2021-10-26 16:11:00.882 | ERROR    |  6922 | WeatherSkill | Weather API failure
Traceback (most recent call last):
  File "/opt/mycroft/skills/mycroft-weather.mycroftai/__init__.py", line 1129, in _get_weather
    self.config_core.get("system_unit"), latitude, longitude
  File "/opt/mycroft/skills/mycroft-weather.mycroftai/skill/api.py", line 105, in get_weather_for_coordinates
    response = self.request(api_request)
  File "/opt/mycroft-core/mycroft/api/__init__.py", line 64, in request
    return self.send(params)
  File "/opt/mycroft-core/mycroft/api/__init__.py", line 147, in send
    return self.get_response(response, no_refresh)
  File "/opt/mycroft-core/mycroft/api/__init__.py", line 170, in get_response
    raise HTTPError(data, response=response)
requests.exceptions.HTTPError: {'error': 'device not authorized'}
2021-10-26 16:11:00.884 | INFO     |  6922 | mycroft.skills.settings:save_settings:116 | Skill settings successfully saved to /home/runner/.config/mycroft/skills/mycroft-weather.mycroftai/settings.json
2021-10-26 16:11:11.087 | ERROR    |  6922 | mycroft.skills.intent_service:handle_converse_error:193 | homeassistant.mycroftai: converse requested but skill not loaded
2021-10-26 16:11:11.189 | ERROR    |  6922 | WeatherSkill | Weather API failure
Traceback (most recent call last):
  File "/opt/mycroft/skills/mycroft-weather.mycroftai/__init__.py", line 1129, in _get_weather
    self.config_core.get("system_unit"), latitude, longitude
  File "/opt/mycroft/skills/mycroft-weather.mycroftai/skill/api.py", line 105, in get_weather_for_coordinates
    response = self.request(api_request)
  File "/opt/mycroft-core/mycroft/api/__init__.py", line 64, in request
    return self.send(params)
  File "/opt/mycroft-core/mycroft/api/__init__.py", line 147, in send
    return self.get_response(response, no_refresh)
  File "/opt/mycroft-core/mycroft/api/__init__.py", line 170, in get_response
    raise HTTPError(data, response=response)
requests.exceptions.HTTPError: {'error': 'device not authorized'}
2021-10-26 16:11:21.390 | ERROR    |  6922 | mycroft.skills.intent_service:handle_converse_error:193 | homeassistant.mycroftai: converse requested but skill not loaded
2021-10-26 16:11:21.448 | INFO     |  6922 | QuestionsAnswersSkill | Searching for add bread to the shopping list
2021-10-26 16:11:22.313 | INFO     |  6922 | QuestionsAnswersSkill | Timeout occured check responses
2021-10-26 16:11:31.696 | ERROR    |  6922 | mycroft.skills.intent_service:handle_converse_error:193 | homeassistant.mycroftai: converse requested but skill not loaded
2021-10-26 16:11:31.712 | INFO     |  6922 | QuestionsAnswersSkill | Searching for add bread to the shopping list
2021-10-26 16:11:32.327 | INFO     |  6922 | QuestionsAnswersSkill | Timeout occured check responses
2021-10-26 16:11:34.401 | WARNING  |  6922 | ConfigurationSkill | Impossible to update configuration because device isn't paired
2021-10-26 16:11:42.082 | INFO     |  6922 | __main__:on_stopping:193 | Skills service is shutting down...
2021-10-26 16:11:42.082 | INFO     |  6922 | __main__:shutdown:284 | Shutting down Skills service
2021-10-26 16:11:42.342 | ERROR    |  6922 | VolumeSkill | Couldn't allocate mixer, ALSAAudioError('No such file or directory [default]')
2021-10-26 16:11:42.345 | INFO     |  6922 | mycroft.skills.settings:save_settings:116 | Skill settings successfully saved to /home/runner/.config/mycroft/skills/mycroft-volume.mycroftai/settings.json
2021-10-26 16:11:42.354 | INFO     |  6922 | mycroft.skills.settings:save_settings:116 | Skill settings successfully saved to /home/runner/.config/mycroft/skills/mycroft-ip.mycroftai/settings.json
2021-10-26 16:11:42.359 | INFO     |  6922 | mycroft.skills.settings:save_settings:116 | Skill settings successfully saved to /home/runner/.config/mycroft/skills/mycroft-reminder.mycroftai/settings.json
2021-10-26 16:11:42.374 | INFO     |  6922 | mycroft.skills.settings:save_settings:116 | Skill settings successfully saved to /home/runner/.config/mycroft/skills/mycroft-installer.mycroftai/settings.json
2021-10-26 16:11:42.376 | INFO     |  6922 | mycroft.skills.settings:save_settings:116 | Skill settings successfully saved to /home/runner/.config/mycroft/skills/mycroft-version-checker.mycroftai/settings.json
2021-10-26 16:11:42.385 | INFO     |  6922 | mycroft.skills.settings:save_settings:116 | Skill settings successfully saved to /home/runner/.config/mycroft/skills/mycroft-singing.mycroftai/settings.json
2021-10-26 16:11:42.386 | INFO     |  6922 | mycroft.skills.settings:save_settings:116 | Skill settings successfully saved to /home/runner/.config/mycroft/skills/mycroft-joke.mycroftai/settings.json
2021-10-26 16:11:42.413 | INFO     |  6922 | mycroft.skills.settings:save_settings:116 | Skill settings successfully saved to /home/runner/.config/mycroft/skills/mycroft-alarm.mycroftai/settings.json
2021-10-26 16:11:42.421 | INFO     |  6922 | mycroft.skills.settings:save_settings:116 | Skill settings successfully saved to /home/runner/.config/mycroft/skills/mycroft-naptime.mycroftai/settings.json
2021-10-26 16:11:42.429 | INFO     |  6922 | mycroft.skills.settings:save_settings:116 | Skill settings successfully saved to /home/runner/.config/mycroft/skills/mycroft-spelling.mycroftai/settings.json
2021-10-26 16:11:42.431 | INFO     |  6922 | mycroft.skills.settings:save_settings:116 | Skill settings successfully saved to /home/runner/.config/mycroft/skills/mycroft-npr-news.mycroftai/settings.json
2021-10-26 16:11:42.432 | INFO     |  6922 | mycroft.skills.settings:save_settings:116 | Skill settings successfully saved to /home/runner/.config/mycroft/skills/mycroft-support-helper.mycroftai/settings.json
2021-10-26 16:11:42.433 | INFO     |  6922 | mycroft.skills.settings:save_settings:116 | Skill settings successfully saved to /home/runner/.config/mycroft/skills/mycroft-speak.mycroftai/settings.json
2021-10-26 16:11:42.435 | INFO     |  6922 | mycroft.skills.settings:save_settings:116 | Skill settings successfully saved to /home/runner/.config/mycroft/skills/mycroft-audio-record.mycroftai/settings.json
2021-10-26 16:11:42.436 | INFO     |  6922 | mycroft.skills.settings:save_settings:116 | Skill settings successfully saved to /home/runner/.config/mycroft/skills/mycroft-stop.mycroftai/settings.json
2021-10-26 16:11:42.442 | INFO     |  6922 | mycroft.skills.settings:save_settings:116 | Skill settings successfully saved to /home/runner/.config/mycroft/skills/mycroft-hello-world.mycroftai/settings.json
2021-10-26 16:11:42.443 | INFO     |  6922 | mycroft.skills.settings:save_settings:116 | Skill settings successfully saved to /home/runner/.config/mycroft/skills/mycroft-date-time.mycroftai/settings.json
2021-10-26 16:11:42.446 | INFO     |  6922 | mycroft.skills.settings:save_settings:116 | Skill settings successfully saved to /home/runner/.config/mycroft/skills/mycroft-configuration.mycroftai/settings.json
2021-10-26 16:11:42.447 | INFO     |  6922 | QuestionsAnswersSkill | Removing all handlers...
2021-10-26 16:11:42.452 | INFO     |  6922 | mycroft.skills.settings:save_settings:116 | Skill settings successfully saved to /home/runner/.config/mycroft/skills/mycroft-personal.mycroftai/settings.json
2021-10-26 16:11:42.458 | INFO     |  6922 | mycroft.skills.settings:save_settings:116 | Skill settings successfully saved to /home/runner/.config/mycroft/skills/mycroft-wiki.mycroftai/settings.json
2021-10-26 16:11:42.459 | INFO     |  6922 | UnknownSkill | Removing all handlers...
2021-10-26 16:11:42.460 | INFO     |  6922 | mycroft.skills.settings:save_settings:116 | Skill settings successfully saved to /home/runner/.config/mycroft/skills/fallback-unknown.mycroftai/settings.json
2021-10-26 16:11:42.461 | INFO     |  6922 | mycroft.skills.settings:save_settings:116 | Skill settings successfully saved to /home/runner/.config/mycroft/skills/mycroft-playback-control.mycroftai/settings.json
2021-10-26 16:11:43.461 | INFO     |  6922 | Playback Control Skill | Audio service status: {}
2021-10-26 16:11:44.463 | WARNING  |  6922 | mycroft.skills.skill_manager:_shutdown_skill:106 | mycroft-playback-control.mycroftai shutdown took 2.002209998000126 seconds
2021-10-26 16:11:44.464 | INFO     |  6922 | __main__:shutdown:291 | Skills service shutdown complete!
