2021-10-26 14:46:53.235 | INFO     |  5686 | mycroft.messagebus.load_config:load_message_bus_config:33 | Loading message bus configs
2021-10-26 14:46:53.239 | INFO     |  5686 | mycroft_bus_client.client.client | Connected
2021-10-26 14:46:53.240 | INFO     |  5686 | mycroft.util.process_utils:start_message_bus_client:155 | Connected to messagebus
2021-10-26 14:46:53.243 | INFO     |  5686 | mycroft.skills.msm_wrapper:create_msm:96 | Acquiring lock to instantiate MSM
2021-10-26 14:46:56.302 | INFO     |  5686 | msm.mycroft_skills_manager | building SkillEntry objects for all skills
2021-10-26 14:46:56.635 | INFO     |  5686 | mycroft.skills.msm_wrapper:create_msm:112 | Releasing MSM instantiation lock.
2021-10-26 14:46:56.635 | INFO     |  5686 | mycroft.skills.skill_updater:_log_next_download_time:267 | Next scheduled skill update: 2021-10-26 14:46:55.635239
2021-10-26 14:46:56.636 | INFO     |  5686 | msm.skill_entry | Downloading skill: https://github.com/mycroftai/skill-pairing
2021-10-26 14:46:57.364 | INFO     |  5686 | msm.skill_entry | Installing system requirements...
2021-10-26 14:46:57.375 | INFO     |  5686 | msm.skill_entry | Successfully installed mycroft-pairing
2021-10-26 14:46:57.375 | INFO     |  5686 | msm.mycroft_skills_manager | invalidating skills cache
2021-10-26 14:46:57.376 | INFO     |  5686 | mycroft.skills.skill_loader:load:185 | ATTEMPTING TO LOAD SKILL: mycroft-pairing.mycroftai
2021-10-26 14:46:57.384 | INFO     |  5686 | mycroft.skills.settings:get_local_settings:83 | /opt/mycroft/skills/mycroft-pairing.mycroftai/settings.json
2021-10-26 14:46:57.402 | INFO     |  5686 | mycroft.skills.skill_loader:_check_for_first_run:324 | First run of mycroft-pairing.mycroftai
2021-10-26 14:46:57.402 | INFO     |  5686 | mycroft.skills.settings:save_settings:116 | Skill settings successfully saved to /home/runner/.config/mycroft/skills/mycroft-pairing.mycroftai/settings.json
2021-10-26 14:46:57.403 | INFO     |  5686 | mycroft.skills.skill_loader:_communicate_load_status:344 | Skill mycroft-pairing.mycroftai loaded successfully
2021-10-26 14:46:57.403 | INFO     |  5686 | msm.skill_entry | Downloading skill: https://github.com/mycroftai/skill-volume
2021-10-26 14:46:57.788 | INFO     |  5686 | msm.skill_entry | Installing system requirements...
2021-10-26 14:46:57.797 | INFO     |  5686 | msm.skill_entry | Installing requirements.txt for mycroft-volume
2021-10-26 14:46:58.782 | INFO     |  5686 | msm.skill_entry | Successfully installed mycroft-volume
2021-10-26 14:46:58.782 | INFO     |  5686 | msm.mycroft_skills_manager | invalidating skills cache
2021-10-26 14:46:58.784 | INFO     |  5686 | mycroft.skills.skill_loader:load:185 | ATTEMPTING TO LOAD SKILL: mycroft-volume.mycroftai
2021-10-26 14:46:58.792 | INFO     |  5686 | mycroft.skills.settings:get_local_settings:83 | /opt/mycroft/skills/mycroft-volume.mycroftai/settings.json
2021-10-26 14:46:58.943 | ERROR    |  5686 | VolumeSkill | Couldn't allocate mixer, ALSAAudioError('No such file or directory [default]')
2021-10-26 14:47:01.945 | INFO     |  5686 | mycroft.skills.skill_loader:_check_for_first_run:324 | First run of mycroft-volume.mycroftai
2021-10-26 14:47:01.946 | INFO     |  5686 | mycroft.skills.settings:save_settings:116 | Skill settings successfully saved to /home/runner/.config/mycroft/skills/mycroft-volume.mycroftai/settings.json
2021-10-26 14:47:01.947 | INFO     |  5686 | mycroft.skills.skill_loader:_communicate_load_status:344 | Skill mycroft-volume.mycroftai loaded successfully
2021-10-26 14:47:01.947 | INFO     |  5686 | __main__:on_started:177 | Skills service is starting up.
2021-10-26 14:47:02.092 | INFO     |  5686 | __main__:_update_system:154 | Attempting system update...
2021-10-26 14:47:05.094 | INFO     |  5686 | mycroft.enclosure.display_manager:_write_data:70 | Display Manager is creating /tmp/mycroft/ipc/managers/disp_info
2021-10-26 14:47:05.095 | INFO     |  5686 | __main__:_ensure_device_is_paired:133 | Device not paired, invoking the pairing skill
2021-10-26 14:47:05.098 | INFO     |  5686 | __main__:on_alive:181 | Skills service is alive.
2021-10-26 14:47:05.099 | INFO     |  5686 | msm.mycroft_skills_manager | building SkillEntry objects for all skills
2021-10-26 14:47:05.301 | INFO     |  5686 | PairingSkill | Communicating account URL to user
2021-10-26 14:47:05.821 | WARNING  |  5686 | msm.mycroft_skills_manager | No such default skill: mycroft-pandora
2021-10-26 14:47:05.822 | INFO     |  5686 | mycroft.skills.skill_manager:run:234 | Not all default skills are installed, performing skill update...
2021-10-26 14:47:05.823 | INFO     |  5686 | mycroft.skills.skill_updater:update_skills:149 | Beginning skill update...
2021-10-26 14:47:05.962 | INFO     |  5686 | msm.mycroft_skills_manager | building SkillEntry objects for all skills
2021-10-26 14:47:06.224 | INFO     |  5686 | msm.mycroft_skills_manager | invalidating skills cache
2021-10-26 14:47:06.271 | INFO     |  5686 | msm.skill_entry | Downloading skill: https://github.com/mycroftai/fallback-unknown
2021-10-26 14:47:06.281 | INFO     |  5686 | msm.skill_entry | Downloading skill: https://github.com/mycroftai/fallback-wolfram-alpha
2021-10-26 14:47:06.283 | INFO     |  5686 | msm.skill_entry | Downloading skill: https://github.com/mycroftai/skill-alarm
2021-10-26 14:47:06.289 | INFO     |  5686 | msm.skill_entry | Downloading skill: https://github.com/mycroftai/skill-audio-record
2021-10-26 14:47:06.300 | INFO     |  5686 | msm.skill_entry | Downloading skill: https://github.com/mycroftai/skill-configuration
2021-10-26 14:47:06.318 | INFO     |  5686 | msm.skill_entry | Downloading skill: https://github.com/mycroftai/skill-date-time
2021-10-26 14:47:06.348 | INFO     |  5686 | msm.skill_entry | Downloading skill: https://github.com/mycroftai/skill-hello-world
2021-10-26 14:47:06.355 | INFO     |  5686 | msm.skill_entry | Downloading skill: https://github.com/mycroftai/skill-installer
2021-10-26 14:47:06.361 | INFO     |  5686 | msm.skill_entry | Downloading skill: https://github.com/mycroftai/skill-ip
2021-10-26 14:47:06.367 | INFO     |  5686 | msm.skill_entry | Downloading skill: https://github.com/mycroftai/skill-naptime
2021-10-26 14:47:06.378 | INFO     |  5686 | msm.skill_entry | Downloading skill: https://github.com/mycroftai/skill-joke
2021-10-26 14:47:06.389 | INFO     |  5686 | msm.skill_entry | Downloading skill: https://github.com/mycroftai/skill-npr-news
2021-10-26 14:47:06.410 | INFO     |  5686 | msm.skill_entry | Downloading skill: https://github.com/mycroftai/fallback-duckduckgo
2021-10-26 14:47:06.416 | INFO     |  5686 | msm.skill_entry | Downloading skill: https://github.com/mycroftai/skill-personal
2021-10-26 14:47:06.417 | INFO     |  5686 | msm.skill_entry | Downloading skill: https://github.com/mycroftai/skill-playback-control
2021-10-26 14:47:06.417 | INFO     |  5686 | msm.skill_entry | Downloading skill: https://github.com/mycroftai/skill-reminder
2021-10-26 14:47:06.418 | INFO     |  5686 | msm.skill_entry | Downloading skill: https://github.com/mycroftai/skill-singing
2021-10-26 14:47:07.230 | INFO     |  5686 | msm.skill_entry | Installing system requirements...
2021-10-26 14:47:07.446 | INFO     |  5686 | msm.skill_entry | Installing system requirements...
2021-10-26 14:47:07.491 | INFO     |  5686 | msm.skill_entry | Installing requirements.txt for fallback-wolfram-alpha
2021-10-26 14:47:07.519 | INFO     |  5686 | msm.skill_entry | Installing system requirements...
2021-10-26 14:47:07.573 | INFO     |  5686 | msm.skill_entry | Successfully installed mycroft-naptime
2021-10-26 14:47:07.573 | INFO     |  5686 | msm.mycroft_skills_manager | invalidating skills cache
2021-10-26 14:47:07.574 | INFO     |  5686 | msm.skill_entry | Downloading skill: https://github.com/mycroftai/skill-speak
2021-10-26 14:47:07.595 | INFO     |  5686 | msm.skill_entry | Installing requirements.txt for mycroft-audio-record
2021-10-26 14:47:07.640 | ERROR    |  5686 | msm.mycroft_skills_manager | Error running install_or_update on homeassistant.mycroftai: MergeConflict
2021-10-26 14:47:07.642 | INFO     |  5686 | msm.skill_entry | Downloading skill: https://github.com/mycroftai/skill-spelling
2021-10-26 14:47:08.199 | INFO     |  5686 | msm.skill_entry | Nothing new for mycroft-pairing
2021-10-26 14:47:08.259 | INFO     |  5686 | msm.skill_entry | Installing system requirements...
2021-10-26 14:47:08.299 | INFO     |  5686 | msm.skill_entry | Installing system requirements...
2021-10-26 14:47:08.364 | INFO     |  5686 | msm.skill_entry | Downloading skill: https://github.com/mycroftai/skill-stop
2021-10-26 14:47:08.365 | INFO     |  5686 | msm.skill_entry | Installing requirements.txt for mycroft-installer
2021-10-26 14:47:08.381 | INFO     |  5686 | msm.skill_entry | Installing system requirements...
2021-10-26 14:47:08.432 | INFO     |  5686 | msm.skill_entry | Installing requirements.txt for mycroft-ip
2021-10-26 14:47:08.438 | INFO     |  5686 | msm.skill_entry | Installing system requirements...
2021-10-26 14:47:08.455 | INFO     |  5686 | msm.skill_entry | Installing system requirements...
2021-10-26 14:47:08.465 | INFO     |  5686 | msm.skill_entry | Successfully installed mycroft-hello-world
2021-10-26 14:47:08.465 | INFO     |  5686 | msm.mycroft_skills_manager | invalidating skills cache
2021-10-26 14:47:08.466 | INFO     |  5686 | msm.skill_entry | Installing requirements.txt for mycroft-npr-news
2021-10-26 14:47:08.467 | INFO     |  5686 | msm.skill_entry | Downloading skill: https://github.com/mycroftai/skill-support
2021-10-26 14:47:08.479 | INFO     |  5686 | msm.skill_entry | Nothing new for mycroft-volume
2021-10-26 14:47:08.483 | INFO     |  5686 | msm.skill_entry | Installing system requirements...
2021-10-26 14:47:08.495 | INFO     |  5686 | msm.skill_entry | Installing system requirements...
2021-10-26 14:47:08.505 | INFO     |  5686 | msm.skill_entry | Installing system requirements...
2021-10-26 14:47:08.519 | INFO     |  5686 | msm.skill_entry | Installing requirements.txt for mycroft-joke
2021-10-26 14:47:08.528 | INFO     |  5686 | msm.skill_entry | Installing system requirements...
2021-10-26 14:47:08.561 | INFO     |  5686 | msm.skill_entry | Installing requirements.txt for mycroft-fallback-duck-duck-go
2021-10-26 14:47:08.566 | INFO     |  5686 | msm.skill_entry | Installing requirements.txt for mycroft-volume
2021-10-26 14:47:08.585 | INFO     |  5686 | msm.skill_entry | Installing system requirements...
2021-10-26 14:47:08.593 | INFO     |  5686 | msm.skill_entry | Installing system requirements...
2021-10-26 14:47:08.600 | INFO     |  5686 | msm.skill_entry | Successfully installed mycroft-playback-control
2021-10-26 14:47:08.600 | INFO     |  5686 | msm.mycroft_skills_manager | invalidating skills cache
2021-10-26 14:47:08.602 | INFO     |  5686 | msm.skill_entry | Downloading skill: https://github.com/mycroftai/mycroft-timer
2021-10-26 14:47:08.625 | INFO     |  5686 | msm.skill_entry | Installing system requirements...
2021-10-26 14:47:08.637 | INFO     |  5686 | msm.skill_entry | Installing system requirements...
2021-10-26 14:47:08.664 | INFO     |  5686 | msm.skill_entry | Installing requirements.txt for mycroft-configuration
2021-10-26 14:47:08.679 | INFO     |  5686 | msm.skill_entry | Installing requirements.txt for mycroft-date-time
2021-10-26 14:47:08.685 | INFO     |  5686 | msm.skill_entry | Successfully installed mycroft-reminder
2021-10-26 14:47:08.685 | INFO     |  5686 | msm.mycroft_skills_manager | invalidating skills cache
2021-10-26 14:47:08.686 | INFO     |  5686 | msm.skill_entry | Downloading skill: https://github.com/mycroftai/skill-weather
2021-10-26 14:47:08.689 | INFO     |  5686 | msm.skill_entry | Successfully installed mycroft-personal
2021-10-26 14:47:08.690 | INFO     |  5686 | msm.mycroft_skills_manager | invalidating skills cache
2021-10-26 14:47:08.690 | INFO     |  5686 | msm.skill_entry | Downloading skill: https://github.com/mycroftai/skill-version-checker
2021-10-26 14:47:08.847 | INFO     |  5686 | msm.skill_entry | Installing system requirements...
2021-10-26 14:47:08.861 | INFO     |  5686 | msm.skill_entry | Installing system requirements...
2021-10-26 14:47:08.946 | INFO     |  5686 | msm.skill_entry | Successfully installed mycroft-spelling
2021-10-26 14:47:08.946 | INFO     |  5686 | msm.mycroft_skills_manager | invalidating skills cache
2021-10-26 14:47:08.947 | INFO     |  5686 | msm.skill_entry | Downloading skill: https://github.com/mycroftai/skill-wiki
2021-10-26 14:47:08.952 | INFO     |  5686 | msm.skill_entry | Installing system requirements...
2021-10-26 14:47:08.990 | INFO     |  5686 | msm.skill_entry | Successfully installed mycroft-speak
2021-10-26 14:47:08.990 | INFO     |  5686 | msm.mycroft_skills_manager | invalidating skills cache
2021-10-26 14:47:08.992 | INFO     |  5686 | msm.skill_entry | Downloading skill: https://github.com/MycroftAI/skill-query
2021-10-26 14:47:09.009 | INFO     |  5686 | msm.skill_entry | Successfully installed fallback-unknown
2021-10-26 14:47:09.009 | INFO     |  5686 | msm.mycroft_skills_manager | invalidating skills cache
2021-10-26 14:47:09.031 | INFO     |  5686 | msm.skill_entry | Installing system requirements...
2021-10-26 14:47:09.087 | INFO     |  5686 | msm.skill_entry | Installing requirements.txt for mycroft-support-helper
2021-10-26 14:47:09.272 | INFO     |  5686 | msm.skill_entry | Installing system requirements...
2021-10-26 14:47:09.344 | INFO     |  5686 | msm.skill_entry | Successfully installed mycroft-version-checker
2021-10-26 14:47:09.344 | INFO     |  5686 | msm.mycroft_skills_manager | invalidating skills cache
2021-10-26 14:47:09.391 | INFO     |  5686 | msm.skill_entry | Installing system requirements...
2021-10-26 14:47:09.464 | INFO     |  5686 | msm.skill_entry | Successfully installed mycroft-singing
2021-10-26 14:47:09.464 | INFO     |  5686 | msm.mycroft_skills_manager | invalidating skills cache
2021-10-26 14:47:09.573 | ERROR    |  5686 | msm.mycroft_skills_manager | Error running install_or_update on homeassistant: MergeConflict
2021-10-26 14:47:09.631 | INFO     |  5686 | msm.skill_entry | Installing system requirements...
2021-10-26 14:47:09.658 | INFO     |  5686 | msm.skill_entry | Installing system requirements...
2021-10-26 14:47:09.682 | INFO     |  5686 | msm.skill_entry | Installing requirements.txt for mycroft-wiki
2021-10-26 14:47:09.700 | INFO     |  5686 | msm.skill_entry | Successfully installed fallback-query
2021-10-26 14:47:09.701 | INFO     |  5686 | msm.mycroft_skills_manager | invalidating skills cache
2021-10-26 14:47:09.830 | INFO     |  5686 | msm.skill_entry | Installing system requirements...
2021-10-26 14:47:09.844 | INFO     |  5686 | msm.skill_entry | Installing system requirements...
2021-10-26 14:47:09.851 | INFO     |  5686 | msm.skill_entry | Installing system requirements...
2021-10-26 14:47:09.884 | INFO     |  5686 | msm.skill_entry | Successfully installed mycroft-stop
2021-10-26 14:47:09.884 | INFO     |  5686 | msm.mycroft_skills_manager | invalidating skills cache
2021-10-26 14:47:09.887 | INFO     |  5686 | msm.skill_entry | Installing requirements.txt for mycroft-alarm
2021-10-26 14:47:09.891 | INFO     |  5686 | msm.skill_entry | Installing requirements.txt for mycroft-weather
2021-10-26 14:47:10.938 | INFO     |  5686 | msm.skill_entry | Installing system requirements...
2021-10-26 14:47:10.964 | INFO     |  5686 | msm.skill_entry | Successfully installed mycroft-timer
2021-10-26 14:47:10.964 | INFO     |  5686 | msm.mycroft_skills_manager | invalidating skills cache
2021-10-26 14:47:13.093 | INFO     |  5686 | msm.skill_entry | Successfully installed fallback-wolfram-alpha
2021-10-26 14:47:13.093 | INFO     |  5686 | msm.mycroft_skills_manager | invalidating skills cache
2021-10-26 14:47:13.935 | INFO     |  5686 | msm.skill_entry | Successfully installed mycroft-audio-record
2021-10-26 14:47:13.936 | INFO     |  5686 | msm.mycroft_skills_manager | invalidating skills cache
2021-10-26 14:47:14.774 | INFO     |  5686 | msm.skill_entry | Successfully installed mycroft-installer
2021-10-26 14:47:14.774 | INFO     |  5686 | msm.mycroft_skills_manager | invalidating skills cache
2021-10-26 14:47:15.658 | INFO     |  5686 | msm.skill_entry | Successfully installed mycroft-ip
2021-10-26 14:47:15.659 | INFO     |  5686 | msm.mycroft_skills_manager | invalidating skills cache
2021-10-26 14:47:18.677 | INFO     |  5686 | msm.skill_entry | Successfully installed mycroft-npr-news
2021-10-26 14:47:18.678 | INFO     |  5686 | msm.mycroft_skills_manager | invalidating skills cache
2021-10-26 14:47:19.705 | INFO     |  5686 | msm.skill_entry | Successfully installed mycroft-joke
2021-10-26 14:47:19.705 | INFO     |  5686 | msm.mycroft_skills_manager | invalidating skills cache
2021-10-26 14:47:20.762 | INFO     |  5686 | msm.skill_entry | Successfully installed mycroft-fallback-duck-duck-go
2021-10-26 14:47:20.762 | INFO     |  5686 | msm.mycroft_skills_manager | invalidating skills cache
2021-10-26 14:47:24.047 | INFO     |  5686 | msm.skill_entry | Successfully installed mycroft-configuration
2021-10-26 14:47:24.048 | INFO     |  5686 | msm.mycroft_skills_manager | invalidating skills cache
2021-10-26 14:47:35.641 | INFO     |  5686 | PairingSkill | Initiating device pairing sequence...
2021-10-26 14:47:35.641 | INFO     |  5686 | PairingSkill | Retrieving pairing code from device API...
2021-10-26 14:47:35.894 | INFO     |  5686 | PairingSkill | Pairing code obtained: 4MRMMP
2021-10-26 14:47:35.895 | INFO     |  5686 | PairingSkill | Communicating pairing URL to user
2021-10-26 14:47:40.277 | INFO     |  5686 | msm.skill_entry | Successfully installed mycroft-date-time
2021-10-26 14:47:40.277 | INFO     |  5686 | msm.mycroft_skills_manager | invalidating skills cache
2021-10-26 14:47:42.473 | INFO     |  5686 | msm.skill_entry | Successfully installed mycroft-support-helper
2021-10-26 14:47:42.474 | INFO     |  5686 | msm.mycroft_skills_manager | invalidating skills cache
2021-10-26 14:47:44.280 | INFO     |  5686 | msm.skill_entry | Successfully installed mycroft-wiki
2021-10-26 14:47:44.280 | INFO     |  5686 | msm.mycroft_skills_manager | invalidating skills cache
2021-10-26 14:47:45.229 | INFO     |  5686 | msm.skill_entry | Successfully installed mycroft-alarm
2021-10-26 14:47:45.229 | INFO     |  5686 | msm.mycroft_skills_manager | invalidating skills cache
2021-10-26 14:47:46.320 | INFO     |  5686 | msm.skill_entry | Successfully installed mycroft-weather
2021-10-26 14:47:46.347 | INFO     |  5686 | msm.mycroft_skills_manager | invalidating skills cache
2021-10-26 14:47:46.437 | INFO     |  5686 | mycroft.skills.skill_updater:_log_next_download_time:267 | Next scheduled skill update: 2021-10-26 15:47:46.436706
2021-10-26 14:47:46.437 | INFO     |  5686 | mycroft.skills.skill_updater:update_skills:170 | Skill update complete
2021-10-26 14:47:46.438 | INFO     |  5686 | mycroft.skills.skill_manager:_load_on_startup:273 | Loading installed skills...
2021-10-26 14:47:46.439 | INFO     |  5686 | mycroft.skills.skill_loader:load:185 | ATTEMPTING TO LOAD SKILL: mycroft-ip.mycroftai
2021-10-26 14:47:46.596 | INFO     |  5686 | mycroft.skills.settings:get_local_settings:83 | /opt/mycroft/skills/mycroft-ip.mycroftai/settings.json
2021-10-26 14:47:46.614 | INFO     |  5686 | mycroft.skills.skill_loader:_check_for_first_run:324 | First run of mycroft-ip.mycroftai
2021-10-26 14:47:46.621 | INFO     |  5686 | mycroft.skills.settings:save_settings:116 | Skill settings successfully saved to /home/runner/.config/mycroft/skills/mycroft-ip.mycroftai/settings.json
2021-10-26 14:47:46.624 | INFO     |  5686 | mycroft.skills.skill_loader:_communicate_load_status:344 | Skill mycroft-ip.mycroftai loaded successfully
2021-10-26 14:47:46.624 | INFO     |  5686 | mycroft.skills.skill_loader:load:185 | ATTEMPTING TO LOAD SKILL: mycroft-reminder.mycroftai
2021-10-26 14:47:46.715 | INFO     |  5686 | mycroft.skills.settings:get_local_settings:83 | /opt/mycroft/skills/mycroft-reminder.mycroftai/settings.json
2021-10-26 14:47:46.755 | INFO     |  5686 | mycroft.skills.skill_loader:_check_for_first_run:324 | First run of mycroft-reminder.mycroftai
2021-10-26 14:47:46.768 | INFO     |  5686 | mycroft.skills.settings:save_settings:116 | Skill settings successfully saved to /home/runner/.config/mycroft/skills/mycroft-reminder.mycroftai/settings.json
2021-10-26 14:47:46.787 | INFO     |  5686 | mycroft.skills.skill_loader:_communicate_load_status:344 | Skill mycroft-reminder.mycroftai loaded successfully
2021-10-26 14:47:46.788 | INFO     |  5686 | mycroft.skills.skill_loader:load:185 | ATTEMPTING TO LOAD SKILL: mycroft-installer.mycroftai
2021-10-26 14:47:46.797 | INFO     |  5686 | mycroft.skills.settings:get_local_settings:83 | /opt/mycroft/skills/mycroft-installer.mycroftai/settings.json
2021-10-26 14:47:46.827 | INFO     |  5686 | mycroft.skills.skill_loader:_check_for_first_run:324 | First run of mycroft-installer.mycroftai
2021-10-26 14:47:46.828 | INFO     |  5686 | mycroft.skills.settings:save_settings:116 | Skill settings successfully saved to /home/runner/.config/mycroft/skills/mycroft-installer.mycroftai/settings.json
2021-10-26 14:47:46.831 | INFO     |  5686 | mycroft.skills.skill_loader:_communicate_load_status:344 | Skill mycroft-installer.mycroftai loaded successfully
2021-10-26 14:47:46.831 | INFO     |  5686 | mycroft.skills.skill_loader:load:185 | ATTEMPTING TO LOAD SKILL: mycroft-version-checker.mycroftai
2021-10-26 14:47:46.838 | INFO     |  5686 | mycroft.skills.settings:get_local_settings:83 | /opt/mycroft/skills/mycroft-version-checker.mycroftai/settings.json
2021-10-26 14:47:46.868 | INFO     |  5686 | mycroft.skills.skill_loader:_check_for_first_run:324 | First run of mycroft-version-checker.mycroftai
2021-10-26 14:47:46.870 | INFO     |  5686 | mycroft.skills.settings:save_settings:116 | Skill settings successfully saved to /home/runner/.config/mycroft/skills/mycroft-version-checker.mycroftai/settings.json
2021-10-26 14:47:46.873 | INFO     |  5686 | mycroft.skills.skill_loader:_communicate_load_status:344 | Skill mycroft-version-checker.mycroftai loaded successfully
2021-10-26 14:47:46.874 | INFO     |  5686 | mycroft.skills.skill_loader:load:185 | ATTEMPTING TO LOAD SKILL: mycroft-singing.mycroftai
2021-10-26 14:47:46.888 | INFO     |  5686 | mycroft.skills.settings:get_local_settings:83 | /opt/mycroft/skills/mycroft-singing.mycroftai/settings.json
2021-10-26 14:47:46.903 | INFO     |  5686 | mycroft.skills.skill_loader:_check_for_first_run:324 | First run of mycroft-singing.mycroftai
2021-10-26 14:47:46.904 | INFO     |  5686 | mycroft.skills.settings:save_settings:116 | Skill settings successfully saved to /home/runner/.config/mycroft/skills/mycroft-singing.mycroftai/settings.json
2021-10-26 14:47:46.906 | INFO     |  5686 | mycroft.skills.skill_loader:_communicate_load_status:344 | Skill mycroft-singing.mycroftai loaded successfully
2021-10-26 14:47:46.907 | INFO     |  5686 | mycroft.skills.skill_loader:load:185 | ATTEMPTING TO LOAD SKILL: mycroft-joke.mycroftai
2021-10-26 14:47:46.912 | INFO     |  5686 | mycroft.skills.settings:get_local_settings:83 | /opt/mycroft/skills/mycroft-joke.mycroftai/settings.json
2021-10-26 14:47:46.937 | INFO     |  5686 | mycroft.skills.skill_loader:_check_for_first_run:324 | First run of mycroft-joke.mycroftai
2021-10-26 14:47:46.938 | INFO     |  5686 | mycroft.skills.settings:save_settings:116 | Skill settings successfully saved to /home/runner/.config/mycroft/skills/mycroft-joke.mycroftai/settings.json
2021-10-26 14:47:46.941 | INFO     |  5686 | mycroft.skills.skill_loader:_communicate_load_status:344 | Skill mycroft-joke.mycroftai loaded successfully
2021-10-26 14:47:46.942 | INFO     |  5686 | mycroft.skills.skill_loader:load:185 | ATTEMPTING TO LOAD SKILL: mycroft-timer.mycroftai
2021-10-26 14:47:46.959 | INFO     |  5686 | mycroft.skills.settings:get_local_settings:83 | /opt/mycroft/skills/mycroft-timer.mycroftai/settings.json
2021-10-26 14:47:47.027 | INFO     |  5686 | mycroft.skills.skill_loader:_check_for_first_run:324 | First run of mycroft-timer.mycroftai
2021-10-26 14:47:47.029 | INFO     |  5686 | mycroft.skills.settings:save_settings:116 | Skill settings successfully saved to /home/runner/.config/mycroft/skills/mycroft-timer.mycroftai/settings.json
2021-10-26 14:47:47.031 | INFO     |  5686 | mycroft.skills.skill_loader:_communicate_load_status:344 | Skill mycroft-timer.mycroftai loaded successfully
2021-10-26 14:47:47.031 | INFO     |  5686 | mycroft.skills.skill_loader:load:185 | ATTEMPTING TO LOAD SKILL: homeassistant.mycroftai
2021-10-26 14:47:47.321 | INFO     |  5686 | mycroft.skills.settings:get_local_settings:83 | /opt/mycroft/skills/homeassistant.mycroftai/settings.json
2021-10-26 14:47:47.322 | INFO     |  5686 | mycroft.skills.settings:get_local_settings:83 | /opt/mycroft/skills/homeassistant.mycroftai/settings.json
2021-10-26 14:47:47.383 | INFO     |  5686 | mycroft.skills.skill_loader:_communicate_load_status:344 | Skill homeassistant.mycroftai loaded successfully
2021-10-26 14:47:47.384 | INFO     |  5686 | mycroft.skills.skill_loader:load:185 | ATTEMPTING TO LOAD SKILL: mycroft-alarm.mycroftai
2021-10-26 14:47:47.423 | INFO     |  5686 | mycroft.skills.settings:get_local_settings:83 | /opt/mycroft/skills/mycroft-alarm.mycroftai/settings.json
2021-10-26 14:47:47.423 | ERROR    |  5686 | AlarmSkill | Couldn't allocate mixer, ALSAAudioError('No such file or directory [default]')
2021-10-26 14:47:47.497 | INFO     |  5686 | mycroft.skills.skill_loader:_check_for_first_run:324 | First run of mycroft-alarm.mycroftai
2021-10-26 14:47:47.502 | INFO     |  5686 | mycroft.skills.settings:save_settings:116 | Skill settings successfully saved to /home/runner/.config/mycroft/skills/mycroft-alarm.mycroftai/settings.json
2021-10-26 14:47:47.505 | INFO     |  5686 | mycroft.skills.skill_loader:_communicate_load_status:344 | Skill mycroft-alarm.mycroftai loaded successfully
2021-10-26 14:47:47.505 | INFO     |  5686 | mycroft.skills.skill_loader:load:185 | ATTEMPTING TO LOAD SKILL: mycroft-naptime.mycroftai
2021-10-26 14:47:47.512 | INFO     |  5686 | mycroft.skills.settings:get_local_settings:83 | /opt/mycroft/skills/mycroft-naptime.mycroftai/settings.json
2021-10-26 14:47:47.529 | INFO     |  5686 | mycroft.skills.skill_loader:_check_for_first_run:324 | First run of mycroft-naptime.mycroftai
2021-10-26 14:47:47.533 | INFO     |  5686 | mycroft.skills.settings:save_settings:116 | Skill settings successfully saved to /home/runner/.config/mycroft/skills/mycroft-naptime.mycroftai/settings.json
2021-10-26 14:47:47.535 | INFO     |  5686 | mycroft.skills.skill_loader:_communicate_load_status:344 | Skill mycroft-naptime.mycroftai loaded successfully
2021-10-26 14:47:47.536 | INFO     |  5686 | mycroft.skills.skill_loader:load:185 | ATTEMPTING TO LOAD SKILL: mycroft-spelling.mycroftai
2021-10-26 14:47:47.549 | INFO     |  5686 | mycroft.skills.settings:get_local_settings:83 | /opt/mycroft/skills/mycroft-spelling.mycroftai/settings.json
2021-10-26 14:47:47.567 | INFO     |  5686 | mycroft.skills.skill_loader:_check_for_first_run:324 | First run of mycroft-spelling.mycroftai
2021-10-26 14:47:47.567 | INFO     |  5686 | mycroft.skills.settings:save_settings:116 | Skill settings successfully saved to /home/runner/.config/mycroft/skills/mycroft-spelling.mycroftai/settings.json
2021-10-26 14:47:47.568 | INFO     |  5686 | mycroft.skills.skill_loader:_communicate_load_status:344 | Skill mycroft-spelling.mycroftai loaded successfully
2021-10-26 14:47:47.568 | INFO     |  5686 | mycroft.skills.skill_loader:load:185 | ATTEMPTING TO LOAD SKILL: mycroft-fallback-duck-duck-go.mycroftai
2021-10-26 14:47:47.593 | INFO     |  5686 | mycroft.skills.settings:get_local_settings:83 | /opt/mycroft/skills/mycroft-fallback-duck-duck-go.mycroftai/settings.json
2021-10-26 14:47:47.619 | INFO     |  5686 | mycroft.skills.skill_loader:_check_for_first_run:324 | First run of mycroft-fallback-duck-duck-go.mycroftai
2021-10-26 14:47:47.620 | INFO     |  5686 | mycroft.skills.settings:save_settings:116 | Skill settings successfully saved to /home/runner/.config/mycroft/skills/mycroft-fallback-duck-duck-go.mycroftai/settings.json
2021-10-26 14:47:47.620 | INFO     |  5686 | mycroft.skills.skill_loader:_communicate_load_status:344 | Skill mycroft-fallback-duck-duck-go.mycroftai loaded successfully
2021-10-26 14:47:47.621 | INFO     |  5686 | mycroft.skills.skill_loader:load:185 | ATTEMPTING TO LOAD SKILL: mycroft-npr-news.mycroftai
2021-10-26 14:47:47.746 | INFO     |  5686 | mycroft.skills.settings:get_local_settings:83 | /opt/mycroft/skills/mycroft-npr-news.mycroftai/settings.json
2021-10-26 14:47:48.782 | INFO     |  5686 | mycroft.skills.skill_loader:_check_for_first_run:324 | First run of mycroft-npr-news.mycroftai
2021-10-26 14:47:48.784 | INFO     |  5686 | mycroft.skills.settings:save_settings:116 | Skill settings successfully saved to /home/runner/.config/mycroft/skills/mycroft-npr-news.mycroftai/settings.json
2021-10-26 14:47:48.789 | INFO     |  5686 | mycroft.skills.skill_loader:_communicate_load_status:344 | Skill mycroft-npr-news.mycroftai loaded successfully
2021-10-26 14:47:48.790 | INFO     |  5686 | mycroft.skills.skill_loader:load:185 | ATTEMPTING TO LOAD SKILL: mycroft-support-helper.mycroftai
2021-10-26 14:47:48.802 | INFO     |  5686 | mycroft.skills.settings:get_local_settings:83 | /opt/mycroft/skills/mycroft-support-helper.mycroftai/settings.json
2021-10-26 14:47:48.808 | INFO     |  5686 | mycroft.skills.skill_loader:_check_for_first_run:324 | First run of mycroft-support-helper.mycroftai
2021-10-26 14:47:48.808 | INFO     |  5686 | mycroft.skills.settings:save_settings:116 | Skill settings successfully saved to /home/runner/.config/mycroft/skills/mycroft-support-helper.mycroftai/settings.json
2021-10-26 14:47:48.829 | INFO     |  5686 | mycroft.skills.skill_loader:_communicate_load_status:344 | Skill mycroft-support-helper.mycroftai loaded successfully
2021-10-26 14:47:48.831 | INFO     |  5686 | mycroft.skills.skill_loader:load:185 | ATTEMPTING TO LOAD SKILL: mycroft-weather.mycroftai
2021-10-26 14:47:48.850 | INFO     |  5686 | mycroft.skills.settings:get_local_settings:83 | /opt/mycroft/skills/mycroft-weather.mycroftai/settings.json
2021-10-26 14:47:48.944 | INFO     |  5686 | mycroft.skills.skill_loader:_check_for_first_run:324 | First run of mycroft-weather.mycroftai
2021-10-26 14:47:48.945 | INFO     |  5686 | mycroft.skills.settings:save_settings:116 | Skill settings successfully saved to /home/runner/.config/mycroft/skills/mycroft-weather.mycroftai/settings.json
2021-10-26 14:47:49.098 | INFO     |  5686 | mycroft.skills.skill_loader:_communicate_load_status:344 | Skill mycroft-weather.mycroftai loaded successfully
2021-10-26 14:47:49.098 | INFO     |  5686 | mycroft.skills.skill_loader:load:185 | ATTEMPTING TO LOAD SKILL: mycroft-speak.mycroftai
2021-10-26 14:47:49.103 | INFO     |  5686 | mycroft.skills.settings:get_local_settings:83 | /opt/mycroft/skills/mycroft-speak.mycroftai/settings.json
2021-10-26 14:47:49.123 | INFO     |  5686 | mycroft.skills.skill_loader:_check_for_first_run:324 | First run of mycroft-speak.mycroftai
2021-10-26 14:47:49.124 | INFO     |  5686 | mycroft.skills.settings:save_settings:116 | Skill settings successfully saved to /home/runner/.config/mycroft/skills/mycroft-speak.mycroftai/settings.json
2021-10-26 14:47:49.203 | INFO     |  5686 | mycroft.skills.skill_loader:_communicate_load_status:344 | Skill mycroft-speak.mycroftai loaded successfully
2021-10-26 14:47:49.204 | INFO     |  5686 | mycroft.skills.skill_loader:load:185 | ATTEMPTING TO LOAD SKILL: mycroft-audio-record.mycroftai
2021-10-26 14:47:49.216 | INFO     |  5686 | mycroft.skills.settings:get_local_settings:83 | /opt/mycroft/skills/mycroft-audio-record.mycroftai/settings.json
2021-10-26 14:47:49.240 | INFO     |  5686 | mycroft.skills.skill_loader:_check_for_first_run:324 | First run of mycroft-audio-record.mycroftai
2021-10-26 14:47:49.242 | INFO     |  5686 | mycroft.skills.settings:save_settings:116 | Skill settings successfully saved to /home/runner/.config/mycroft/skills/mycroft-audio-record.mycroftai/settings.json
2021-10-26 14:47:49.243 | INFO     |  5686 | mycroft.skills.skill_loader:_communicate_load_status:344 | Skill mycroft-audio-record.mycroftai loaded successfully
2021-10-26 14:47:49.243 | INFO     |  5686 | mycroft.skills.skill_loader:load:185 | ATTEMPTING TO LOAD SKILL: mycroft-stop.mycroftai
2021-10-26 14:47:49.247 | INFO     |  5686 | mycroft.skills.settings:get_local_settings:83 | /opt/mycroft/skills/mycroft-stop.mycroftai/settings.json
2021-10-26 14:47:49.282 | INFO     |  5686 | mycroft.skills.skill_loader:_check_for_first_run:324 | First run of mycroft-stop.mycroftai
2021-10-26 14:47:49.283 | INFO     |  5686 | mycroft.skills.settings:save_settings:116 | Skill settings successfully saved to /home/runner/.config/mycroft/skills/mycroft-stop.mycroftai/settings.json
2021-10-26 14:47:49.336 | INFO     |  5686 | mycroft.skills.skill_loader:_communicate_load_status:344 | Skill mycroft-stop.mycroftai loaded successfully
2021-10-26 14:47:49.337 | INFO     |  5686 | mycroft.skills.skill_loader:load:185 | ATTEMPTING TO LOAD SKILL: mycroft-hello-world.mycroftai
2021-10-26 14:47:49.345 | INFO     |  5686 | mycroft.skills.settings:get_local_settings:83 | /opt/mycroft/skills/mycroft-hello-world.mycroftai/settings.json
2021-10-26 14:47:49.359 | INFO     |  5686 | mycroft.skills.skill_loader:_check_for_first_run:324 | First run of mycroft-hello-world.mycroftai
2021-10-26 14:47:49.362 | INFO     |  5686 | mycroft.skills.settings:save_settings:116 | Skill settings successfully saved to /home/runner/.config/mycroft/skills/mycroft-hello-world.mycroftai/settings.json
2021-10-26 14:47:49.375 | INFO     |  5686 | mycroft.skills.skill_loader:_communicate_load_status:344 | Skill mycroft-hello-world.mycroftai loaded successfully
2021-10-26 14:47:49.376 | INFO     |  5686 | mycroft.skills.skill_loader:load:185 | ATTEMPTING TO LOAD SKILL: mycroft-date-time.mycroftai
2021-10-26 14:47:49.844 | INFO     |  5686 | mycroft.skills.settings:get_local_settings:83 | /opt/mycroft/skills/mycroft-date-time.mycroftai/settings.json
2021-10-26 14:47:49.889 | INFO     |  5686 | TimeSkill | Registering resting screen <bound method TimeSkill.handle_idle of <mycroft-date-time_mycroftai.TimeSkill object at 0x7fb3e0d6d210>> for Time and Date.
2021-10-26 14:47:49.900 | INFO     |  5686 | TimeSkill | Registering resting screen
2021-10-26 14:47:49.902 | INFO     |  5686 | mycroft.skills.skill_loader:_check_for_first_run:324 | First run of mycroft-date-time.mycroftai
2021-10-26 14:47:49.904 | INFO     |  5686 | mycroft.skills.settings:save_settings:116 | Skill settings successfully saved to /home/runner/.config/mycroft/skills/mycroft-date-time.mycroftai/settings.json
2021-10-26 14:47:49.908 | INFO     |  5686 | mycroft.skills.skill_loader:_communicate_load_status:344 | Skill mycroft-date-time.mycroftai loaded successfully
2021-10-26 14:47:49.908 | INFO     |  5686 | mycroft.skills.skill_loader:load:185 | ATTEMPTING TO LOAD SKILL: mycroft-configuration.mycroftai
2021-10-26 14:47:49.917 | INFO     |  5686 | mycroft.skills.settings:get_local_settings:83 | /opt/mycroft/skills/mycroft-configuration.mycroftai/settings.json
2021-10-26 14:47:50.008 | INFO     |  5686 | mycroft.skills.skill_loader:_check_for_first_run:324 | First run of mycroft-configuration.mycroftai
2021-10-26 14:47:50.017 | INFO     |  5686 | mycroft.skills.settings:save_settings:116 | Skill settings successfully saved to /home/runner/.config/mycroft/skills/mycroft-configuration.mycroftai/settings.json
2021-10-26 14:47:50.018 | INFO     |  5686 | mycroft.skills.skill_loader:_communicate_load_status:344 | Skill mycroft-configuration.mycroftai loaded successfully
2021-10-26 14:47:50.018 | INFO     |  5686 | mycroft.skills.skill_loader:load:185 | ATTEMPTING TO LOAD SKILL: fallback-query.mycroftai
2021-10-26 14:47:50.028 | INFO     |  5686 | mycroft.skills.settings:get_local_settings:83 | /opt/mycroft/skills/fallback-query.mycroftai/settings.json
2021-10-26 14:47:50.063 | INFO     |  5686 | mycroft.skills.skill_loader:_check_for_first_run:324 | First run of fallback-query.mycroftai
2021-10-26 14:47:50.064 | INFO     |  5686 | mycroft.skills.settings:save_settings:116 | Skill settings successfully saved to /home/runner/.config/mycroft/skills/fallback-query.mycroftai/settings.json
2021-10-26 14:47:50.064 | INFO     |  5686 | mycroft.skills.skill_loader:_communicate_load_status:344 | Skill fallback-query.mycroftai loaded successfully
2021-10-26 14:47:50.065 | INFO     |  5686 | mycroft.skills.skill_loader:load:185 | ATTEMPTING TO LOAD SKILL: mycroft-personal.mycroftai
2021-10-26 14:47:50.080 | INFO     |  5686 | mycroft.skills.settings:get_local_settings:83 | /opt/mycroft/skills/mycroft-personal.mycroftai/settings.json
2021-10-26 14:47:50.124 | INFO     |  5686 | mycroft.skills.skill_loader:_check_for_first_run:324 | First run of mycroft-personal.mycroftai
2021-10-26 14:47:50.125 | INFO     |  5686 | mycroft.skills.settings:save_settings:116 | Skill settings successfully saved to /home/runner/.config/mycroft/skills/mycroft-personal.mycroftai/settings.json
2021-10-26 14:47:50.144 | INFO     |  5686 | mycroft.skills.skill_loader:_communicate_load_status:344 | Skill mycroft-personal.mycroftai loaded successfully
2021-10-26 14:47:50.144 | INFO     |  5686 | mycroft.skills.skill_loader:load:185 | ATTEMPTING TO LOAD SKILL: fallback-wolfram-alpha.mycroftai
2021-10-26 14:47:50.268 | INFO     |  5686 | mycroft.skills.settings:get_local_settings:83 | /opt/mycroft/skills/fallback-wolfram-alpha.mycroftai/settings.json
2021-10-26 14:47:50.313 | INFO     |  5686 | mycroft.skills.skill_loader:_check_for_first_run:324 | First run of fallback-wolfram-alpha.mycroftai
2021-10-26 14:47:50.314 | INFO     |  5686 | mycroft.skills.settings:save_settings:116 | Skill settings successfully saved to /home/runner/.config/mycroft/skills/fallback-wolfram-alpha.mycroftai/settings.json
2021-10-26 14:47:50.317 | INFO     |  5686 | mycroft.skills.skill_loader:_communicate_load_status:344 | Skill fallback-wolfram-alpha.mycroftai loaded successfully
2021-10-26 14:47:50.317 | INFO     |  5686 | mycroft.skills.skill_loader:load:185 | ATTEMPTING TO LOAD SKILL: mycroft-wiki.mycroftai
2021-10-26 14:47:50.334 | INFO     |  5686 | mycroft.skills.settings:get_local_settings:83 | /opt/mycroft/skills/mycroft-wiki.mycroftai/settings.json
2021-10-26 14:47:50.365 | INFO     |  5686 | mycroft.skills.skill_loader:_check_for_first_run:324 | First run of mycroft-wiki.mycroftai
2021-10-26 14:47:50.366 | INFO     |  5686 | mycroft.skills.settings:save_settings:116 | Skill settings successfully saved to /home/runner/.config/mycroft/skills/mycroft-wiki.mycroftai/settings.json
2021-10-26 14:47:50.384 | INFO     |  5686 | mycroft.skills.skill_loader:_communicate_load_status:344 | Skill mycroft-wiki.mycroftai loaded successfully
2021-10-26 14:47:50.384 | INFO     |  5686 | mycroft.skills.skill_loader:load:185 | ATTEMPTING TO LOAD SKILL: fallback-unknown.mycroftai
2021-10-26 14:47:50.388 | INFO     |  5686 | mycroft.skills.settings:get_local_settings:83 | /opt/mycroft/skills/fallback-unknown.mycroftai/settings.json
2021-10-26 14:47:50.441 | INFO     |  5686 | mycroft.skills.skill_loader:_check_for_first_run:324 | First run of fallback-unknown.mycroftai
2021-10-26 14:47:50.443 | INFO     |  5686 | mycroft.skills.settings:save_settings:116 | Skill settings successfully saved to /home/runner/.config/mycroft/skills/fallback-unknown.mycroftai/settings.json
2021-10-26 14:47:50.445 | INFO     |  5686 | mycroft.skills.skill_loader:_communicate_load_status:344 | Skill fallback-unknown.mycroftai loaded successfully
2021-10-26 14:47:50.450 | INFO     |  5686 | mycroft.skills.skill_loader:load:185 | ATTEMPTING TO LOAD SKILL: mycroft-playback-control.mycroftai
2021-10-26 14:47:50.471 | INFO     |  5686 | mycroft.skills.settings:get_local_settings:83 | /opt/mycroft/skills/mycroft-playback-control.mycroftai/settings.json
2021-10-26 14:47:50.544 | INFO     |  5686 | mycroft.skills.skill_loader:_check_for_first_run:324 | First run of mycroft-playback-control.mycroftai
2021-10-26 14:47:50.545 | INFO     |  5686 | mycroft.skills.settings:save_settings:116 | Skill settings successfully saved to /home/runner/.config/mycroft/skills/mycroft-playback-control.mycroftai/settings.json
2021-10-26 14:47:50.550 | INFO     |  5686 | mycroft.skills.skill_loader:_communicate_load_status:344 | Skill mycroft-playback-control.mycroftai loaded successfully
2021-10-26 14:47:50.550 | INFO     |  5686 | mycroft.skills.skill_manager:_load_on_startup:275 | Skills all loaded!
2021-10-26 14:47:50.573 | INFO     |  5686 | __main__:on_ready:185 | Skills service is ready.
2021-10-26 14:47:50.910 | INFO     |  5686 | mycroft.skills.intent_services.padatious_service:train:151 | Training... (single_thread=False)
Regenerated mycroft-alarm.mycroftai:{daytype}.
Regenerated mycroft-reminder.mycroftai:UnspecifiedReminderAt.intent.
Regenerated mycroft-reminder.mycroftai:ClearReminders.intent.
Regenerated mycroft-installer.mycroftai:is.installed.intent.
Regenerated mycroft-installer.mycroftai:list.skills.intent.
Regenerated mycroft-installer.mycroftai:install.custom.intent.
Regenerated mycroft-installer.mycroftai:install.intent.
Regenerated mycroft-installer.mycroftai:remove.intent.
Regenerated mycroft-installer.mycroftai:install.beta.intent.
Regenerated mycroft-timer.mycroftai:timer.status.intent.
Regenerated mycroft-timer.mycroftai:start.timer.intent.
Regenerated homeassistant.mycroftai:sensor.intent.
Regenerated homeassistant.mycroftai:set.light.brightness.intent.
Regenerated homeassistant.mycroftai:automation.intent.
Regenerated homeassistant.mycroftai:turn.off.intent.
Regenerated mycroft-alarm.mycroftai:change.alarm.sound.intent.
Regenerated mycroft-alarm.mycroftai:snooze.intent.
Regenerated mycroft-npr-news.mycroftai:PlayTheNews.intent.
Regenerated mycroft-support-helper.mycroftai:contact.support.intent.
Regenerated mycroft-weather.mycroftai:do-i-need-an-umbrella.intent.
Regenerated mycroft-audio-record.mycroftai:PlayRecording.intent.
Regenerated mycroft-audio-record.mycroftai:StartRecording.intent.
Regenerated mycroft-personal.mycroftai:DoYouDream.intent.
Regenerated mycroft-personal.mycroftai:DoYouRhyme.intent.
Regenerated mycroft-personal.mycroftai:WhoMadeYou.intent.
Regenerated mycroft-personal.mycroftai:WhoAreYou.intent.
Regenerated mycroft-personal.mycroftai:WhatAreYou.intent.
Regenerated mycroft-personal.mycroftai:WhereWereYouBorn.intent.
Regenerated mycroft-wiki.mycroftai:Random.intent.
Regenerated mycroft-reminder.mycroftai:CancelActiveReminder.intent.
Regenerated mycroft-reminder.mycroftai:SnoozeReminder.intent.
Regenerated mycroft-reminder.mycroftai:Reminder.intent.
Regenerated mycroft-reminder.mycroftai:GetNextReminders.intent.
Regenerated mycroft-reminder.mycroftai:GetRemindersForDay.intent.
Regenerated mycroft-reminder.mycroftai:ReminderAt.intent.
Regenerated mycroft-reminder.mycroftai:DeleteReminderForDay.intent.
Regenerated homeassistant.mycroftai:increase.light.brightness.intent.
Regenerated homeassistant.mycroftai:toggle.intent.
Regenerated homeassistant.mycroftai:decrease.light.brightness.intent.
Regenerated homeassistant.mycroftai:add.item.shopping.list.intent.
Regenerated homeassistant.mycroftai:tracker.intent.
Regenerated homeassistant.mycroftai:turn.on.intent.
Regenerated homeassistant.mycroftai:set.climate.intent.
Regenerated mycroft-stop.mycroftai:ssh.enable.intent.
Regenerated mycroft-stop.mycroftai:wifi.setup.intent.
Regenerated mycroft-stop.mycroftai:reboot.intent.
Regenerated mycroft-stop.mycroftai:ssh.disable.intent.
Regenerated mycroft-stop.mycroftai:shutdown.intent.
Regenerated mycroft-hello-world.mycroftai:HowAreYou.intent.
Regenerated mycroft-date-time.mycroftai:date.last.weekend.intent.
Regenerated mycroft-date-time.mycroftai:what.time.will.it.be.intent.
Regenerated mycroft-date-time.mycroftai:what.time.is.it.intent.
Regenerated mycroft-date-time.mycroftai:date.future.weekend.intent.
Regenerated mycroft-configuration.mycroftai:DisablePreciseDev.intent.
Regenerated mycroft-configuration.mycroftai:WhereAreYou.intent.
Regenerated mycroft-configuration.mycroftai:EnablePreciseDev.intent.
Regenerated mycroft-personal.mycroftai:WhenWereYouBorn.intent.
2021-10-26 14:47:55.186 | INFO     |  5686 | mycroft.skills.intent_services.padatious_service:train:153 | Training complete.
2021-10-26 14:48:06.248 | INFO     |  5686 | mycroft.skills.settings:save_settings:116 | Skill settings successfully saved to /home/runner/.config/mycroft/skills/mycroft-pairing.mycroftai/settings.json
2021-10-26 14:48:06.551 | INFO     |  5686 | mycroft.skills.settings:save_settings:116 | Skill settings successfully saved to /home/runner/.config/mycroft/skills/mycroft-timer.mycroftai/settings.json
2021-10-26 14:48:30.600 | INFO     |  5686 | __main__:on_stopping:193 | Skills service is shutting down...
2021-10-26 14:48:30.600 | INFO     |  5686 | __main__:shutdown:284 | Shutting down Skills service
2021-10-26 14:48:30.982 | ERROR    |  5686 | VolumeSkill | Couldn't allocate mixer, ALSAAudioError('No such file or directory [default]')
2021-10-26 14:48:30.983 | INFO     |  5686 | mycroft.skills.settings:save_settings:116 | Skill settings successfully saved to /home/runner/.config/mycroft/skills/mycroft-volume.mycroftai/settings.json
2021-10-26 14:48:30.995 | INFO     |  5686 | mycroft.skills.settings:save_settings:116 | Skill settings successfully saved to /home/runner/.config/mycroft/skills/mycroft-ip.mycroftai/settings.json
2021-10-26 14:48:31.003 | INFO     |  5686 | mycroft.skills.settings:save_settings:116 | Skill settings successfully saved to /home/runner/.config/mycroft/skills/mycroft-reminder.mycroftai/settings.json
2021-10-26 14:48:31.042 | INFO     |  5686 | mycroft.skills.settings:save_settings:116 | Skill settings successfully saved to /home/runner/.config/mycroft/skills/mycroft-installer.mycroftai/settings.json
2021-10-26 14:48:31.049 | INFO     |  5686 | mycroft.skills.settings:save_settings:116 | Skill settings successfully saved to /home/runner/.config/mycroft/skills/mycroft-version-checker.mycroftai/settings.json
2021-10-26 14:48:31.056 | INFO     |  5686 | mycroft.skills.settings:save_settings:116 | Skill settings successfully saved to /home/runner/.config/mycroft/skills/mycroft-singing.mycroftai/settings.json
2021-10-26 14:48:31.062 | INFO     |  5686 | mycroft.skills.settings:save_settings:116 | Skill settings successfully saved to /home/runner/.config/mycroft/skills/mycroft-joke.mycroftai/settings.json
2021-10-26 14:48:31.070 | INFO     |  5686 | HomeAssistantSkill | Removing all handlers...
2021-10-26 14:48:31.071 | WARNING  |  5686 | mycroft.skills.fallback_skill:remove_fallback:185 | Could not find matching fallback handler
2021-10-26 14:48:31.073 | INFO     |  5686 | mycroft.skills.settings:save_settings:116 | Skill settings successfully saved to /home/runner/.config/mycroft/skills/mycroft-alarm.mycroftai/settings.json
2021-10-26 14:48:31.088 | INFO     |  5686 | mycroft.skills.settings:save_settings:116 | Skill settings successfully saved to /home/runner/.config/mycroft/skills/mycroft-naptime.mycroftai/settings.json
2021-10-26 14:48:31.089 | INFO     |  5686 | mycroft.skills.settings:save_settings:116 | Skill settings successfully saved to /home/runner/.config/mycroft/skills/mycroft-spelling.mycroftai/settings.json
2021-10-26 14:48:31.090 | INFO     |  5686 | mycroft.skills.settings:save_settings:116 | Skill settings successfully saved to /home/runner/.config/mycroft/skills/mycroft-fallback-duck-duck-go.mycroftai/settings.json
2021-10-26 14:48:31.097 | INFO     |  5686 | mycroft.skills.settings:save_settings:116 | Skill settings successfully saved to /home/runner/.config/mycroft/skills/mycroft-npr-news.mycroftai/settings.json
2021-10-26 14:48:31.100 | INFO     |  5686 | mycroft.skills.settings:save_settings:116 | Skill settings successfully saved to /home/runner/.config/mycroft/skills/mycroft-support-helper.mycroftai/settings.json
2021-10-26 14:48:31.102 | INFO     |  5686 | mycroft.skills.settings:save_settings:116 | Skill settings successfully saved to /home/runner/.config/mycroft/skills/mycroft-weather.mycroftai/settings.json
2021-10-26 14:48:31.105 | INFO     |  5686 | mycroft.skills.settings:save_settings:116 | Skill settings successfully saved to /home/runner/.config/mycroft/skills/mycroft-speak.mycroftai/settings.json
2021-10-26 14:48:31.113 | INFO     |  5686 | mycroft.skills.settings:save_settings:116 | Skill settings successfully saved to /home/runner/.config/mycroft/skills/mycroft-audio-record.mycroftai/settings.json
2021-10-26 14:48:31.115 | INFO     |  5686 | mycroft.skills.settings:save_settings:116 | Skill settings successfully saved to /home/runner/.config/mycroft/skills/mycroft-stop.mycroftai/settings.json
2021-10-26 14:48:31.116 | INFO     |  5686 | mycroft.skills.settings:save_settings:116 | Skill settings successfully saved to /home/runner/.config/mycroft/skills/mycroft-hello-world.mycroftai/settings.json
2021-10-26 14:48:31.148 | INFO     |  5686 | mycroft.skills.settings:save_settings:116 | Skill settings successfully saved to /home/runner/.config/mycroft/skills/mycroft-date-time.mycroftai/settings.json
2021-10-26 14:48:31.151 | INFO     |  5686 | mycroft.skills.settings:save_settings:116 | Skill settings successfully saved to /home/runner/.config/mycroft/skills/mycroft-configuration.mycroftai/settings.json
2021-10-26 14:48:31.156 | INFO     |  5686 | QuestionsAnswersSkill | Removing all handlers...
2021-10-26 14:48:31.157 | INFO     |  5686 | mycroft.skills.settings:save_settings:116 | Skill settings successfully saved to /home/runner/.config/mycroft/skills/fallback-query.mycroftai/settings.json
2021-10-26 14:48:31.158 | INFO     |  5686 | mycroft.skills.settings:save_settings:116 | Skill settings successfully saved to /home/runner/.config/mycroft/skills/mycroft-personal.mycroftai/settings.json
2021-10-26 14:48:31.163 | INFO     |  5686 | mycroft.skills.settings:save_settings:116 | Skill settings successfully saved to /home/runner/.config/mycroft/skills/fallback-wolfram-alpha.mycroftai/settings.json
2021-10-26 14:48:31.164 | INFO     |  5686 | mycroft.skills.settings:save_settings:116 | Skill settings successfully saved to /home/runner/.config/mycroft/skills/mycroft-wiki.mycroftai/settings.json
2021-10-26 14:48:31.165 | INFO     |  5686 | UnknownSkill | Removing all handlers...
2021-10-26 14:48:31.165 | INFO     |  5686 | mycroft.skills.settings:save_settings:116 | Skill settings successfully saved to /home/runner/.config/mycroft/skills/fallback-unknown.mycroftai/settings.json
2021-10-26 14:48:31.170 | INFO     |  5686 | mycroft.skills.settings:save_settings:116 | Skill settings successfully saved to /home/runner/.config/mycroft/skills/mycroft-playback-control.mycroftai/settings.json
2021-10-26 14:48:32.172 | INFO     |  5686 | Playback Control Skill | Audio service status: {}
2021-10-26 14:48:33.173 | WARNING  |  5686 | mycroft.skills.skill_manager:_shutdown_skill:106 | mycroft-playback-control.mycroftai shutdown took 2.002332876999958 seconds
2021-10-26 14:48:33.174 | INFO     |  5686 | __main__:shutdown:291 | Skills service shutdown complete!
2021-10-26 14:48:34.880 | ERROR    |  5686 | websocket | error from callback <bound method MessageBusClient.on_message of <mycroft.messagebus.client.client.MessageBusClient object at 0x7fb4034d9810>>: cannot schedule new futures after shutdown
2021-10-26 14:48:34.882 | ERROR    |  5686 | websocket | error from callback <bound method MessageBusClient.on_message of <mycroft.messagebus.client.client.MessageBusClient object at 0x7fb4034d9810>>: cannot schedule new futures after shutdown
2021-10-26 14:48:34.883 | ERROR    |  5686 | websocket | error from callback <bound method MessageBusClient.on_message of <mycroft.messagebus.client.client.MessageBusClient object at 0x7fb4034d9810>>: cannot schedule new futures after shutdown
