2021-10-22 08:02:30.609 | INFO     |  5702 | mycroft.messagebus.load_config:load_message_bus_config:33 | Loading message bus configs
2021-10-22 08:02:30.614 | ERROR    |  5702 | mycroft_bus_client.client.client | === ConnectionRefusedError(111, 'Connection refused') ===
Traceback (most recent call last):
  File "/opt/mycroft-core/.venv/lib/python3.7/site-packages/websocket/_app.py", line 254, in run_forever
    proxy_type=proxy_type)
  File "/opt/mycroft-core/.venv/lib/python3.7/site-packages/websocket/_core.py", line 220, in connect
    options.pop('socket', None))
  File "/opt/mycroft-core/.venv/lib/python3.7/site-packages/websocket/_http.py", line 120, in connect
    sock = _open_socket(addrinfo_list, options.sockopt, options.timeout)
  File "/opt/mycroft-core/.venv/lib/python3.7/site-packages/websocket/_http.py", line 190, in _open_socket
    raise err
  File "/opt/mycroft-core/.venv/lib/python3.7/site-packages/websocket/_http.py", line 170, in _open_socket
    sock.connect(address)
ConnectionRefusedError: [Errno 111] Connection refused
2021-10-22 08:02:30.615 | ERROR    |  5702 | mycroft_bus_client.client.client | Exception closing websocket: ConnectionRefusedError(111, 'Connection refused')
2021-10-22 08:02:30.615 | WARNING  |  5702 | mycroft_bus_client.client.client | Message Bus Client will reconnect in 5 seconds.
2021-10-22 08:02:35.624 | INFO     |  5702 | mycroft_bus_client.client.client | Connected
2021-10-22 08:02:35.633 | INFO     |  5702 | mycroft.util.process_utils:start_message_bus_client:155 | Connected to messagebus
2021-10-22 08:02:35.646 | INFO     |  5702 | mycroft.skills.msm_wrapper:create_msm:96 | Acquiring lock to instantiate MSM
2021-10-22 08:02:35.646 | INFO     |  5702 | msm.mycroft_skills_manager | building SkillEntry objects for all skills
2021-10-22 08:02:36.262 | INFO     |  5702 | mycroft.skills.msm_wrapper:create_msm:112 | Releasing MSM instantiation lock.
2021-10-22 08:02:36.263 | INFO     |  5702 | mycroft.skills.skill_updater:_log_next_download_time:267 | Next scheduled skill update: 2021-10-22 08:02:35.263120
2021-10-22 08:02:36.264 | INFO     |  5702 | msm.skill_entry | Downloading skill: https://github.com/mycroftai/skill-pairing
2021-10-22 08:02:36.851 | INFO     |  5702 | msm.skill_entry | Installing system requirements...
2021-10-22 08:02:36.863 | INFO     |  5702 | msm.skill_entry | Successfully installed mycroft-pairing
2021-10-22 08:02:36.863 | INFO     |  5702 | msm.mycroft_skills_manager | invalidating skills cache
2021-10-22 08:02:36.865 | INFO     |  5702 | mycroft.skills.skill_loader:load:185 | ATTEMPTING TO LOAD SKILL: mycroft-pairing.mycroftai
2021-10-22 08:02:36.876 | INFO     |  5702 | mycroft.skills.settings:get_local_settings:83 | /opt/mycroft/skills/mycroft-pairing.mycroftai/settings.json
2021-10-22 08:02:36.908 | INFO     |  5702 | mycroft.skills.skill_loader:_check_for_first_run:324 | First run of mycroft-pairing.mycroftai
2021-10-22 08:02:36.910 | INFO     |  5702 | mycroft.skills.settings:save_settings:116 | Skill settings successfully saved to /home/runner/.config/mycroft/skills/mycroft-pairing.mycroftai/settings.json
2021-10-22 08:02:36.911 | INFO     |  5702 | mycroft.skills.skill_loader:_communicate_load_status:344 | Skill mycroft-pairing.mycroftai loaded successfully
2021-10-22 08:02:36.911 | INFO     |  5702 | msm.skill_entry | Downloading skill: https://github.com/mycroftai/skill-volume
2021-10-22 08:02:37.471 | INFO     |  5702 | msm.skill_entry | Installing system requirements...
2021-10-22 08:02:37.491 | INFO     |  5702 | msm.skill_entry | Installing requirements.txt for mycroft-volume
2021-10-22 08:02:38.539 | INFO     |  5702 | msm.skill_entry | Successfully installed mycroft-volume
2021-10-22 08:02:38.539 | INFO     |  5702 | msm.mycroft_skills_manager | invalidating skills cache
2021-10-22 08:02:38.541 | INFO     |  5702 | mycroft.skills.skill_loader:load:185 | ATTEMPTING TO LOAD SKILL: mycroft-volume.mycroftai
2021-10-22 08:02:38.551 | INFO     |  5702 | mycroft.skills.settings:get_local_settings:83 | /opt/mycroft/skills/mycroft-volume.mycroftai/settings.json
2021-10-22 08:02:38.617 | ERROR    |  5702 | VolumeSkill | Couldn't allocate mixer, ALSAAudioError('No such file or directory [default]')
2021-10-22 08:02:41.619 | INFO     |  5702 | mycroft.skills.skill_loader:_check_for_first_run:324 | First run of mycroft-volume.mycroftai
2021-10-22 08:02:41.620 | INFO     |  5702 | mycroft.skills.settings:save_settings:116 | Skill settings successfully saved to /home/runner/.config/mycroft/skills/mycroft-volume.mycroftai/settings.json
2021-10-22 08:02:41.694 | INFO     |  5702 | mycroft.skills.skill_loader:_communicate_load_status:344 | Skill mycroft-volume.mycroftai loaded successfully
2021-10-22 08:02:41.695 | INFO     |  5702 | __main__:on_started:177 | Skills service is starting up.
2021-10-22 08:02:41.770 | INFO     |  5702 | __main__:_update_system:154 | Attempting system update...
2021-10-22 08:02:44.773 | INFO     |  5702 | mycroft.enclosure.display_manager:_write_data:70 | Display Manager is creating /tmp/mycroft/ipc/managers/disp_info
2021-10-22 08:02:44.774 | INFO     |  5702 | __main__:_ensure_device_is_paired:133 | Device not paired, invoking the pairing skill
2021-10-22 08:02:44.776 | INFO     |  5702 | __main__:on_alive:181 | Skills service is alive.
2021-10-22 08:02:44.787 | INFO     |  5702 | msm.mycroft_skills_manager | building SkillEntry objects for all skills
2021-10-22 08:02:45.316 | INFO     |  5702 | PairingSkill | Communicating account URL to user
2021-10-22 08:02:45.615 | WARNING  |  5702 | msm.mycroft_skills_manager | No such default skill: mycroft-pandora
2021-10-22 08:02:45.646 | INFO     |  5702 | mycroft.skills.skill_manager:run:234 | Not all default skills are installed, performing skill update...
2021-10-22 08:02:45.646 | INFO     |  5702 | mycroft.skills.skill_updater:update_skills:149 | Beginning skill update...
2021-10-22 08:02:45.721 | INFO     |  5702 | msm.mycroft_skills_manager | building SkillEntry objects for all skills
2021-10-22 08:02:46.243 | INFO     |  5702 | msm.mycroft_skills_manager | invalidating skills cache
2021-10-22 08:02:46.264 | INFO     |  5702 | msm.skill_entry | Downloading skill: https://github.com/mycroftai/skill-configuration
2021-10-22 08:02:46.275 | INFO     |  5702 | msm.skill_entry | Downloading skill: https://github.com/mycroftai/skill-date-time
2021-10-22 08:02:46.290 | INFO     |  5702 | msm.skill_entry | Downloading skill: https://github.com/mycroftai/fallback-unknown
2021-10-22 08:02:46.292 | INFO     |  5702 | msm.skill_entry | Downloading skill: https://github.com/mycroftai/skill-audio-record
2021-10-22 08:02:46.298 | INFO     |  5702 | msm.skill_entry | Downloading skill: https://github.com/mycroftai/skill-hello-world
2021-10-22 08:02:46.307 | INFO     |  5702 | msm.skill_entry | Downloading skill: https://github.com/mycroftai/skill-alarm
2021-10-22 08:02:46.311 | INFO     |  5702 | msm.skill_entry | Downloading skill: https://github.com/mycroftai/skill-installer
2021-10-22 08:02:46.312 | INFO     |  5702 | msm.skill_entry | Downloading skill: https://github.com/mycroftai/skill-ip
2021-10-22 08:02:46.313 | INFO     |  5702 | msm.skill_entry | Downloading skill: https://github.com/mycroftai/skill-joke
2021-10-22 08:02:46.315 | INFO     |  5702 | msm.skill_entry | Downloading skill: https://github.com/mycroftai/skill-npr-news
2021-10-22 08:02:46.316 | INFO     |  5702 | msm.skill_entry | Downloading skill: https://github.com/mycroftai/skill-personal
2021-10-22 08:02:46.317 | INFO     |  5702 | msm.skill_entry | Downloading skill: https://github.com/mycroftai/skill-playback-control
2021-10-22 08:02:46.318 | INFO     |  5702 | msm.skill_entry | Downloading skill: https://github.com/mycroftai/skill-reminder
2021-10-22 08:02:46.318 | INFO     |  5702 | msm.skill_entry | Downloading skill: https://github.com/mycroftai/skill-singing
2021-10-22 08:02:46.319 | INFO     |  5702 | msm.skill_entry | Downloading skill: https://github.com/mycroftai/fallback-duckduckgo
2021-10-22 08:02:46.320 | INFO     |  5702 | msm.skill_entry | Downloading skill: https://github.com/mycroftai/fallback-wolfram-alpha
2021-10-22 08:02:46.320 | INFO     |  5702 | msm.skill_entry | Downloading skill: https://github.com/mycroftai/skill-naptime
2021-10-22 08:02:47.552 | INFO     |  5702 | msm.skill_entry | Installing system requirements...
2021-10-22 08:02:47.612 | INFO     |  5702 | msm.skill_entry | Installing requirements.txt for mycroft-configuration
2021-10-22 08:02:47.763 | INFO     |  5702 | msm.skill_entry | Installing system requirements...
2021-10-22 08:02:48.038 | INFO     |  5702 | msm.skill_entry | Installing requirements.txt for mycroft-audio-record
2021-10-22 08:02:48.214 | INFO     |  5702 | msm.skill_entry | Installing system requirements...
2021-10-22 08:02:48.343 | INFO     |  5702 | msm.skill_entry | Installing system requirements...
2021-10-22 08:02:48.405 | INFO     |  5702 | msm.skill_entry | Installing system requirements...
2021-10-22 08:02:48.429 | INFO     |  5702 | msm.skill_entry | Installing system requirements...
2021-10-22 08:02:48.511 | INFO     |  5702 | msm.skill_entry | Installing requirements.txt for mycroft-fallback-duck-duck-go
2021-10-22 08:02:48.544 | INFO     |  5702 | msm.skill_entry | Installing system requirements...
2021-10-22 08:02:48.574 | INFO     |  5702 | msm.skill_entry | Installing system requirements...
2021-10-22 08:02:48.609 | INFO     |  5702 | msm.skill_entry | Installing requirements.txt for mycroft-joke
2021-10-22 08:02:48.632 | INFO     |  5702 | msm.skill_entry | Successfully installed mycroft-naptime
2021-10-22 08:02:48.633 | INFO     |  5702 | msm.mycroft_skills_manager | invalidating skills cache
2021-10-22 08:02:48.635 | INFO     |  5702 | msm.skill_entry | Downloading skill: https://github.com/mycroftai/skill-speak
2021-10-22 08:02:48.680 | INFO     |  5702 | msm.skill_entry | Installing system requirements...
2021-10-22 08:02:48.685 | INFO     |  5702 | msm.skill_entry | Installing system requirements...
2021-10-22 08:02:48.689 | INFO     |  5702 | msm.skill_entry | Successfully installed fallback-unknown
2021-10-22 08:02:48.690 | INFO     |  5702 | msm.mycroft_skills_manager | invalidating skills cache
2021-10-22 08:02:48.692 | INFO     |  5702 | msm.skill_entry | Downloading skill: https://github.com/mycroftai/skill-spelling
2021-10-22 08:02:48.704 | INFO     |  5702 | msm.skill_entry | Installing requirements.txt for mycroft-ip
2021-10-22 08:02:48.706 | INFO     |  5702 | msm.skill_entry | Installing system requirements...
2021-10-22 08:02:48.713 | ERROR    |  5702 | msm.mycroft_skills_manager | Error running install_or_update on homeassistant.mycroftai: MergeConflict
2021-10-22 08:02:48.765 | INFO     |  5702 | msm.skill_entry | Installing system requirements...
2021-10-22 08:02:48.784 | INFO     |  5702 | msm.skill_entry | Downloading skill: https://github.com/mycroftai/skill-stop
2021-10-22 08:02:48.852 | INFO     |  5702 | msm.skill_entry | Successfully installed mycroft-hello-world
2021-10-22 08:02:48.853 | INFO     |  5702 | msm.mycroft_skills_manager | invalidating skills cache
2021-10-22 08:02:48.854 | INFO     |  5702 | msm.skill_entry | Downloading skill: https://github.com/mycroftai/skill-support
2021-10-22 08:02:48.882 | INFO     |  5702 | msm.skill_entry | Successfully installed mycroft-reminder
2021-10-22 08:02:48.882 | INFO     |  5702 | msm.mycroft_skills_manager | invalidating skills cache
2021-10-22 08:02:48.883 | INFO     |  5702 | msm.skill_entry | Installing requirements.txt for fallback-wolfram-alpha
2021-10-22 08:02:48.884 | INFO     |  5702 | msm.skill_entry | Successfully installed mycroft-personal
2021-10-22 08:02:48.885 | INFO     |  5702 | msm.mycroft_skills_manager | invalidating skills cache
2021-10-22 08:02:48.886 | INFO     |  5702 | msm.skill_entry | Downloading skill: https://github.com/mycroftai/skill-weather
2021-10-22 08:02:48.892 | INFO     |  5702 | msm.skill_entry | Downloading skill: https://github.com/mycroftai/mycroft-timer
2021-10-22 08:02:48.952 | INFO     |  5702 | msm.skill_entry | Successfully installed mycroft-playback-control
2021-10-22 08:02:48.952 | INFO     |  5702 | msm.mycroft_skills_manager | invalidating skills cache
2021-10-22 08:02:48.953 | INFO     |  5702 | msm.skill_entry | Downloading skill: https://github.com/mycroftai/skill-version-checker
2021-10-22 08:02:49.109 | INFO     |  5702 | msm.skill_entry | Installing system requirements...
2021-10-22 08:02:49.114 | INFO     |  5702 | msm.skill_entry | Installing system requirements...
2021-10-22 08:02:49.246 | INFO     |  5702 | msm.skill_entry | Nothing new for mycroft-volume
2021-10-22 08:02:49.287 | INFO     |  5702 | msm.skill_entry | Installing requirements.txt for mycroft-npr-news
2021-10-22 08:02:49.290 | INFO     |  5702 | msm.skill_entry | Installing system requirements...
2021-10-22 08:02:49.337 | INFO     |  5702 | msm.skill_entry | Installing requirements.txt for mycroft-installer
2021-10-22 08:02:49.380 | INFO     |  5702 | msm.skill_entry | Nothing new for mycroft-pairing
2021-10-22 08:02:49.388 | INFO     |  5702 | msm.skill_entry | Installing system requirements...
2021-10-22 08:02:49.421 | INFO     |  5702 | msm.skill_entry | Installing system requirements...
2021-10-22 08:02:49.478 | INFO     |  5702 | msm.skill_entry | Downloading skill: https://github.com/mycroftai/skill-wiki
2021-10-22 08:02:49.512 | INFO     |  5702 | msm.skill_entry | Installing requirements.txt for mycroft-volume
2021-10-22 08:02:49.537 | INFO     |  5702 | msm.skill_entry | Installing requirements.txt for mycroft-date-time
2021-10-22 08:02:49.717 | INFO     |  5702 | msm.skill_entry | Installing system requirements...
2021-10-22 08:02:49.757 | INFO     |  5702 | msm.skill_entry | Installing requirements.txt for mycroft-alarm
2021-10-22 08:02:50.044 | INFO     |  5702 | msm.skill_entry | Installing system requirements...
2021-10-22 08:02:50.056 | INFO     |  5702 | msm.skill_entry | Installing system requirements...
2021-10-22 08:02:50.084 | INFO     |  5702 | msm.skill_entry | Successfully installed mycroft-spelling
2021-10-22 08:02:50.085 | INFO     |  5702 | msm.mycroft_skills_manager | invalidating skills cache
2021-10-22 08:02:50.087 | INFO     |  5702 | msm.skill_entry | Downloading skill: https://github.com/MycroftAI/skill-query
2021-10-22 08:02:50.092 | INFO     |  5702 | msm.skill_entry | Successfully installed mycroft-stop
2021-10-22 08:02:50.092 | INFO     |  5702 | msm.mycroft_skills_manager | invalidating skills cache
2021-10-22 08:02:50.601 | INFO     |  5702 | msm.skill_entry | Installing system requirements...
2021-10-22 08:02:50.648 | INFO     |  5702 | msm.skill_entry | Installing system requirements...
2021-10-22 08:02:50.708 | INFO     |  5702 | msm.skill_entry | Successfully installed mycroft-speak
2021-10-22 08:02:50.709 | INFO     |  5702 | msm.mycroft_skills_manager | invalidating skills cache
2021-10-22 08:02:50.753 | INFO     |  5702 | msm.skill_entry | Installing requirements.txt for mycroft-support-helper
2021-10-22 08:02:50.755 | INFO     |  5702 | msm.skill_entry | Installing system requirements...
2021-10-22 08:02:50.789 | INFO     |  5702 | msm.skill_entry | Installing system requirements...
2021-10-22 08:02:50.801 | INFO     |  5702 | msm.skill_entry | Installing system requirements...
2021-10-22 08:02:50.823 | INFO     |  5702 | msm.skill_entry | Successfully installed mycroft-version-checker
2021-10-22 08:02:50.823 | INFO     |  5702 | msm.mycroft_skills_manager | invalidating skills cache
2021-10-22 08:02:50.840 | INFO     |  5702 | msm.skill_entry | Installing requirements.txt for mycroft-wiki
2021-10-22 08:02:50.844 | INFO     |  5702 | msm.skill_entry | Successfully installed mycroft-timer
2021-10-22 08:02:50.844 | INFO     |  5702 | msm.mycroft_skills_manager | invalidating skills cache
2021-10-22 08:02:50.894 | ERROR    |  5702 | msm.mycroft_skills_manager | Error running install_or_update on homeassistant: MergeConflict
2021-10-22 08:02:50.988 | INFO     |  5702 | msm.skill_entry | Installing system requirements...
2021-10-22 08:02:51.002 | INFO     |  5702 | msm.skill_entry | Installing system requirements...
2021-10-22 08:02:51.039 | INFO     |  5702 | msm.skill_entry | Successfully installed fallback-query
2021-10-22 08:02:51.040 | INFO     |  5702 | msm.mycroft_skills_manager | invalidating skills cache
2021-10-22 08:02:51.041 | INFO     |  5702 | msm.skill_entry | Installing requirements.txt for mycroft-weather
2021-10-22 08:02:51.204 | INFO     |  5702 | msm.skill_entry | Installing system requirements...
2021-10-22 08:02:51.224 | INFO     |  5702 | msm.skill_entry | Successfully installed mycroft-singing
2021-10-22 08:02:51.224 | INFO     |  5702 | msm.mycroft_skills_manager | invalidating skills cache
2021-10-22 08:02:53.554 | INFO     |  5702 | msm.skill_entry | Successfully installed mycroft-configuration
2021-10-22 08:02:53.555 | INFO     |  5702 | msm.mycroft_skills_manager | invalidating skills cache
2021-10-22 08:02:54.702 | INFO     |  5702 | msm.skill_entry | Successfully installed mycroft-audio-record
2021-10-22 08:02:54.703 | INFO     |  5702 | msm.mycroft_skills_manager | invalidating skills cache
2021-10-22 08:02:56.002 | INFO     |  5702 | msm.skill_entry | Successfully installed mycroft-fallback-duck-duck-go
2021-10-22 08:02:56.003 | INFO     |  5702 | msm.mycroft_skills_manager | invalidating skills cache
2021-10-22 08:02:57.349 | INFO     |  5702 | msm.skill_entry | Successfully installed mycroft-joke
2021-10-22 08:02:57.349 | INFO     |  5702 | msm.mycroft_skills_manager | invalidating skills cache
2021-10-22 08:02:58.440 | INFO     |  5702 | msm.skill_entry | Successfully installed mycroft-ip
2021-10-22 08:02:58.442 | INFO     |  5702 | msm.mycroft_skills_manager | invalidating skills cache
2021-10-22 08:03:03.074 | INFO     |  5702 | msm.skill_entry | Successfully installed fallback-wolfram-alpha
2021-10-22 08:03:03.075 | INFO     |  5702 | msm.mycroft_skills_manager | invalidating skills cache
2021-10-22 08:03:06.932 | INFO     |  5702 | msm.skill_entry | Successfully installed mycroft-npr-news
2021-10-22 08:03:06.933 | INFO     |  5702 | msm.mycroft_skills_manager | invalidating skills cache
2021-10-22 08:03:08.073 | INFO     |  5702 | msm.skill_entry | Successfully installed mycroft-installer
2021-10-22 08:03:08.074 | INFO     |  5702 | msm.mycroft_skills_manager | invalidating skills cache
2021-10-22 08:03:15.655 | INFO     |  5702 | PairingSkill | Initiating device pairing sequence...
2021-10-22 08:03:15.655 | INFO     |  5702 | PairingSkill | Retrieving pairing code from device API...
2021-10-22 08:03:16.002 | INFO     |  5702 | PairingSkill | Pairing code obtained: MJ3ANV
2021-10-22 08:03:16.002 | INFO     |  5702 | PairingSkill | Communicating pairing URL to user
2021-10-22 08:03:28.450 | INFO     |  5702 | msm.skill_entry | Successfully installed mycroft-date-time
2021-10-22 08:03:28.450 | INFO     |  5702 | msm.mycroft_skills_manager | invalidating skills cache
2021-10-22 08:03:29.588 | INFO     |  5702 | msm.skill_entry | Successfully installed mycroft-alarm
2021-10-22 08:03:29.589 | INFO     |  5702 | msm.mycroft_skills_manager | invalidating skills cache
2021-10-22 08:03:32.484 | INFO     |  5702 | msm.skill_entry | Successfully installed mycroft-support-helper
2021-10-22 08:03:32.485 | INFO     |  5702 | msm.mycroft_skills_manager | invalidating skills cache
2021-10-22 08:03:34.955 | INFO     |  5702 | msm.skill_entry | Successfully installed mycroft-wiki
2021-10-22 08:03:34.955 | INFO     |  5702 | msm.mycroft_skills_manager | invalidating skills cache
2021-10-22 08:03:36.135 | INFO     |  5702 | msm.skill_entry | Successfully installed mycroft-weather
2021-10-22 08:03:36.135 | INFO     |  5702 | msm.mycroft_skills_manager | invalidating skills cache
2021-10-22 08:03:36.170 | INFO     |  5702 | mycroft.skills.skill_updater:_log_next_download_time:267 | Next scheduled skill update: 2021-10-22 09:03:36.169892
2021-10-22 08:03:36.171 | INFO     |  5702 | mycroft.skills.skill_updater:update_skills:170 | Skill update complete
2021-10-22 08:03:36.171 | INFO     |  5702 | mycroft.skills.skill_manager:_load_on_startup:273 | Loading installed skills...
2021-10-22 08:03:36.172 | INFO     |  5702 | mycroft.skills.skill_loader:load:185 | ATTEMPTING TO LOAD SKILL: mycroft-ip.mycroftai
2021-10-22 08:03:36.219 | INFO     |  5702 | mycroft.skills.settings:get_local_settings:83 | /opt/mycroft/skills/mycroft-ip.mycroftai/settings.json
2021-10-22 08:03:36.230 | INFO     |  5702 | mycroft.skills.skill_loader:_check_for_first_run:324 | First run of mycroft-ip.mycroftai
2021-10-22 08:03:36.231 | INFO     |  5702 | mycroft.skills.settings:save_settings:116 | Skill settings successfully saved to /home/runner/.config/mycroft/skills/mycroft-ip.mycroftai/settings.json
2021-10-22 08:03:36.232 | INFO     |  5702 | mycroft.skills.skill_loader:_communicate_load_status:344 | Skill mycroft-ip.mycroftai loaded successfully
2021-10-22 08:03:36.232 | INFO     |  5702 | mycroft.skills.skill_loader:load:185 | ATTEMPTING TO LOAD SKILL: mycroft-reminder.mycroftai
2021-10-22 08:03:36.258 | INFO     |  5702 | mycroft.skills.settings:get_local_settings:83 | /opt/mycroft/skills/mycroft-reminder.mycroftai/settings.json
2021-10-22 08:03:36.298 | INFO     |  5702 | mycroft.skills.skill_loader:_check_for_first_run:324 | First run of mycroft-reminder.mycroftai
2021-10-22 08:03:36.300 | INFO     |  5702 | mycroft.skills.settings:save_settings:116 | Skill settings successfully saved to /home/runner/.config/mycroft/skills/mycroft-reminder.mycroftai/settings.json
2021-10-22 08:03:36.303 | INFO     |  5702 | mycroft.skills.skill_loader:_communicate_load_status:344 | Skill mycroft-reminder.mycroftai loaded successfully
2021-10-22 08:03:36.304 | INFO     |  5702 | mycroft.skills.skill_loader:load:185 | ATTEMPTING TO LOAD SKILL: mycroft-installer.mycroftai
2021-10-22 08:03:36.324 | INFO     |  5702 | mycroft.skills.settings:get_local_settings:83 | /opt/mycroft/skills/mycroft-installer.mycroftai/settings.json
2021-10-22 08:03:36.375 | INFO     |  5702 | mycroft.skills.skill_loader:_check_for_first_run:324 | First run of mycroft-installer.mycroftai
2021-10-22 08:03:36.380 | INFO     |  5702 | mycroft.skills.settings:save_settings:116 | Skill settings successfully saved to /home/runner/.config/mycroft/skills/mycroft-installer.mycroftai/settings.json
2021-10-22 08:03:36.389 | INFO     |  5702 | mycroft.skills.skill_loader:_communicate_load_status:344 | Skill mycroft-installer.mycroftai loaded successfully
2021-10-22 08:03:36.389 | INFO     |  5702 | mycroft.skills.skill_loader:load:185 | ATTEMPTING TO LOAD SKILL: mycroft-version-checker.mycroftai
2021-10-22 08:03:36.395 | INFO     |  5702 | mycroft.skills.settings:get_local_settings:83 | /opt/mycroft/skills/mycroft-version-checker.mycroftai/settings.json
2021-10-22 08:03:36.423 | INFO     |  5702 | mycroft.skills.skill_loader:_check_for_first_run:324 | First run of mycroft-version-checker.mycroftai
2021-10-22 08:03:36.423 | INFO     |  5702 | mycroft.skills.settings:save_settings:116 | Skill settings successfully saved to /home/runner/.config/mycroft/skills/mycroft-version-checker.mycroftai/settings.json
2021-10-22 08:03:36.427 | INFO     |  5702 | mycroft.skills.skill_loader:_communicate_load_status:344 | Skill mycroft-version-checker.mycroftai loaded successfully
2021-10-22 08:03:36.429 | INFO     |  5702 | mycroft.skills.skill_loader:load:185 | ATTEMPTING TO LOAD SKILL: mycroft-singing.mycroftai
2021-10-22 08:03:36.440 | INFO     |  5702 | mycroft.skills.settings:get_local_settings:83 | /opt/mycroft/skills/mycroft-singing.mycroftai/settings.json
2021-10-22 08:03:36.457 | INFO     |  5702 | mycroft.skills.skill_loader:_check_for_first_run:324 | First run of mycroft-singing.mycroftai
2021-10-22 08:03:36.457 | INFO     |  5702 | mycroft.skills.settings:save_settings:116 | Skill settings successfully saved to /home/runner/.config/mycroft/skills/mycroft-singing.mycroftai/settings.json
2021-10-22 08:03:36.458 | INFO     |  5702 | mycroft.skills.skill_loader:_communicate_load_status:344 | Skill mycroft-singing.mycroftai loaded successfully
2021-10-22 08:03:36.458 | INFO     |  5702 | mycroft.skills.skill_loader:load:185 | ATTEMPTING TO LOAD SKILL: mycroft-joke.mycroftai
2021-10-22 08:03:36.468 | INFO     |  5702 | mycroft.skills.settings:get_local_settings:83 | /opt/mycroft/skills/mycroft-joke.mycroftai/settings.json
2021-10-22 08:03:36.515 | INFO     |  5702 | mycroft.skills.skill_loader:_check_for_first_run:324 | First run of mycroft-joke.mycroftai
2021-10-22 08:03:36.516 | INFO     |  5702 | mycroft.skills.settings:save_settings:116 | Skill settings successfully saved to /home/runner/.config/mycroft/skills/mycroft-joke.mycroftai/settings.json
2021-10-22 08:03:36.529 | INFO     |  5702 | mycroft.skills.skill_loader:_communicate_load_status:344 | Skill mycroft-joke.mycroftai loaded successfully
2021-10-22 08:03:36.529 | INFO     |  5702 | mycroft.skills.skill_loader:load:185 | ATTEMPTING TO LOAD SKILL: mycroft-timer.mycroftai
2021-10-22 08:03:36.548 | INFO     |  5702 | mycroft.skills.settings:get_local_settings:83 | /opt/mycroft/skills/mycroft-timer.mycroftai/settings.json
2021-10-22 08:03:36.627 | INFO     |  5702 | mycroft.skills.skill_loader:_check_for_first_run:324 | First run of mycroft-timer.mycroftai
2021-10-22 08:03:36.628 | INFO     |  5702 | mycroft.skills.settings:save_settings:116 | Skill settings successfully saved to /home/runner/.config/mycroft/skills/mycroft-timer.mycroftai/settings.json
2021-10-22 08:03:36.632 | INFO     |  5702 | mycroft.skills.skill_loader:_communicate_load_status:344 | Skill mycroft-timer.mycroftai loaded successfully
2021-10-22 08:03:36.633 | INFO     |  5702 | mycroft.skills.skill_loader:load:185 | ATTEMPTING TO LOAD SKILL: homeassistant.mycroftai
2021-10-22 08:03:37.041 | INFO     |  5702 | mycroft.skills.settings:get_local_settings:83 | /opt/mycroft/skills/homeassistant.mycroftai/settings.json
2021-10-22 08:03:37.042 | INFO     |  5702 | mycroft.skills.settings:get_local_settings:83 | /opt/mycroft/skills/homeassistant.mycroftai/settings.json
2021-10-22 08:03:37.077 | INFO     |  5702 | mycroft.skills.skill_loader:_communicate_load_status:344 | Skill homeassistant.mycroftai loaded successfully
2021-10-22 08:03:37.077 | INFO     |  5702 | mycroft.skills.skill_loader:load:185 | ATTEMPTING TO LOAD SKILL: mycroft-alarm.mycroftai
2021-10-22 08:03:37.098 | INFO     |  5702 | mycroft.skills.settings:get_local_settings:83 | /opt/mycroft/skills/mycroft-alarm.mycroftai/settings.json
2021-10-22 08:03:37.102 | ERROR    |  5702 | AlarmSkill | Couldn't allocate mixer, ALSAAudioError('No such file or directory [default]')
2021-10-22 08:03:37.221 | INFO     |  5702 | mycroft.skills.skill_loader:_check_for_first_run:324 | First run of mycroft-alarm.mycroftai
2021-10-22 08:03:37.222 | INFO     |  5702 | mycroft.skills.settings:save_settings:116 | Skill settings successfully saved to /home/runner/.config/mycroft/skills/mycroft-alarm.mycroftai/settings.json
2021-10-22 08:03:37.229 | INFO     |  5702 | mycroft.skills.skill_loader:_communicate_load_status:344 | Skill mycroft-alarm.mycroftai loaded successfully
2021-10-22 08:03:37.230 | INFO     |  5702 | mycroft.skills.skill_loader:load:185 | ATTEMPTING TO LOAD SKILL: mycroft-naptime.mycroftai
2021-10-22 08:03:37.241 | INFO     |  5702 | mycroft.skills.settings:get_local_settings:83 | /opt/mycroft/skills/mycroft-naptime.mycroftai/settings.json
2021-10-22 08:03:37.260 | INFO     |  5702 | mycroft.skills.skill_loader:_check_for_first_run:324 | First run of mycroft-naptime.mycroftai
2021-10-22 08:03:37.261 | INFO     |  5702 | mycroft.skills.settings:save_settings:116 | Skill settings successfully saved to /home/runner/.config/mycroft/skills/mycroft-naptime.mycroftai/settings.json
2021-10-22 08:03:37.262 | INFO     |  5702 | mycroft.skills.skill_loader:_communicate_load_status:344 | Skill mycroft-naptime.mycroftai loaded successfully
2021-10-22 08:03:37.262 | INFO     |  5702 | mycroft.skills.skill_loader:load:185 | ATTEMPTING TO LOAD SKILL: mycroft-spelling.mycroftai
2021-10-22 08:03:37.276 | INFO     |  5702 | mycroft.skills.settings:get_local_settings:83 | /opt/mycroft/skills/mycroft-spelling.mycroftai/settings.json
2021-10-22 08:03:37.296 | INFO     |  5702 | mycroft.skills.skill_loader:_check_for_first_run:324 | First run of mycroft-spelling.mycroftai
2021-10-22 08:03:37.297 | INFO     |  5702 | mycroft.skills.settings:save_settings:116 | Skill settings successfully saved to /home/runner/.config/mycroft/skills/mycroft-spelling.mycroftai/settings.json
2021-10-22 08:03:37.298 | INFO     |  5702 | mycroft.skills.skill_loader:_communicate_load_status:344 | Skill mycroft-spelling.mycroftai loaded successfully
2021-10-22 08:03:37.306 | INFO     |  5702 | mycroft.skills.skill_loader:load:185 | ATTEMPTING TO LOAD SKILL: mycroft-fallback-duck-duck-go.mycroftai
2021-10-22 08:03:37.328 | INFO     |  5702 | mycroft.skills.settings:get_local_settings:83 | /opt/mycroft/skills/mycroft-fallback-duck-duck-go.mycroftai/settings.json
2021-10-22 08:03:37.357 | INFO     |  5702 | mycroft.skills.skill_loader:_check_for_first_run:324 | First run of mycroft-fallback-duck-duck-go.mycroftai
2021-10-22 08:03:37.358 | INFO     |  5702 | mycroft.skills.settings:save_settings:116 | Skill settings successfully saved to /home/runner/.config/mycroft/skills/mycroft-fallback-duck-duck-go.mycroftai/settings.json
2021-10-22 08:03:37.365 | INFO     |  5702 | mycroft.skills.skill_loader:_communicate_load_status:344 | Skill mycroft-fallback-duck-duck-go.mycroftai loaded successfully
2021-10-22 08:03:37.368 | INFO     |  5702 | mycroft.skills.skill_loader:load:185 | ATTEMPTING TO LOAD SKILL: mycroft-npr-news.mycroftai
2021-10-22 08:03:37.491 | INFO     |  5702 | mycroft.skills.settings:get_local_settings:83 | /opt/mycroft/skills/mycroft-npr-news.mycroftai/settings.json
2021-10-22 08:03:38.531 | INFO     |  5702 | mycroft.skills.skill_loader:_check_for_first_run:324 | First run of mycroft-npr-news.mycroftai
2021-10-22 08:03:38.532 | INFO     |  5702 | mycroft.skills.settings:save_settings:116 | Skill settings successfully saved to /home/runner/.config/mycroft/skills/mycroft-npr-news.mycroftai/settings.json
2021-10-22 08:03:38.533 | INFO     |  5702 | mycroft.skills.skill_loader:_communicate_load_status:344 | Skill mycroft-npr-news.mycroftai loaded successfully
2021-10-22 08:03:38.534 | INFO     |  5702 | mycroft.skills.skill_loader:load:185 | ATTEMPTING TO LOAD SKILL: mycroft-support-helper.mycroftai
2021-10-22 08:03:38.542 | INFO     |  5702 | mycroft.skills.settings:get_local_settings:83 | /opt/mycroft/skills/mycroft-support-helper.mycroftai/settings.json
2021-10-22 08:03:38.553 | INFO     |  5702 | mycroft.skills.skill_loader:_check_for_first_run:324 | First run of mycroft-support-helper.mycroftai
2021-10-22 08:03:38.557 | INFO     |  5702 | mycroft.skills.settings:save_settings:116 | Skill settings successfully saved to /home/runner/.config/mycroft/skills/mycroft-support-helper.mycroftai/settings.json
2021-10-22 08:03:38.558 | INFO     |  5702 | mycroft.skills.skill_loader:_communicate_load_status:344 | Skill mycroft-support-helper.mycroftai loaded successfully
2021-10-22 08:03:38.559 | INFO     |  5702 | mycroft.skills.skill_loader:load:185 | ATTEMPTING TO LOAD SKILL: mycroft-weather.mycroftai
2021-10-22 08:03:38.584 | INFO     |  5702 | mycroft.skills.settings:get_local_settings:83 | /opt/mycroft/skills/mycroft-weather.mycroftai/settings.json
2021-10-22 08:03:38.672 | INFO     |  5702 | mycroft.skills.skill_loader:_check_for_first_run:324 | First run of mycroft-weather.mycroftai
2021-10-22 08:03:38.673 | INFO     |  5702 | mycroft.skills.settings:save_settings:116 | Skill settings successfully saved to /home/runner/.config/mycroft/skills/mycroft-weather.mycroftai/settings.json
2021-10-22 08:03:38.674 | INFO     |  5702 | mycroft.skills.skill_loader:_communicate_load_status:344 | Skill mycroft-weather.mycroftai loaded successfully
2021-10-22 08:03:38.675 | INFO     |  5702 | mycroft.skills.skill_loader:load:185 | ATTEMPTING TO LOAD SKILL: mycroft-speak.mycroftai
2021-10-22 08:03:38.679 | INFO     |  5702 | mycroft.skills.settings:get_local_settings:83 | /opt/mycroft/skills/mycroft-speak.mycroftai/settings.json
2021-10-22 08:03:38.693 | INFO     |  5702 | mycroft.skills.skill_loader:_check_for_first_run:324 | First run of mycroft-speak.mycroftai
2021-10-22 08:03:38.694 | INFO     |  5702 | mycroft.skills.settings:save_settings:116 | Skill settings successfully saved to /home/runner/.config/mycroft/skills/mycroft-speak.mycroftai/settings.json
2021-10-22 08:03:38.694 | INFO     |  5702 | mycroft.skills.skill_loader:_communicate_load_status:344 | Skill mycroft-speak.mycroftai loaded successfully
2021-10-22 08:03:38.695 | INFO     |  5702 | mycroft.skills.skill_loader:load:185 | ATTEMPTING TO LOAD SKILL: mycroft-audio-record.mycroftai
2021-10-22 08:03:38.701 | INFO     |  5702 | mycroft.skills.settings:get_local_settings:83 | /opt/mycroft/skills/mycroft-audio-record.mycroftai/settings.json
2021-10-22 08:03:38.716 | INFO     |  5702 | mycroft.skills.skill_loader:_check_for_first_run:324 | First run of mycroft-audio-record.mycroftai
2021-10-22 08:03:38.717 | INFO     |  5702 | mycroft.skills.settings:save_settings:116 | Skill settings successfully saved to /home/runner/.config/mycroft/skills/mycroft-audio-record.mycroftai/settings.json
2021-10-22 08:03:38.717 | INFO     |  5702 | mycroft.skills.skill_loader:_communicate_load_status:344 | Skill mycroft-audio-record.mycroftai loaded successfully
2021-10-22 08:03:38.718 | INFO     |  5702 | mycroft.skills.skill_loader:load:185 | ATTEMPTING TO LOAD SKILL: mycroft-stop.mycroftai
2021-10-22 08:03:38.723 | INFO     |  5702 | mycroft.skills.settings:get_local_settings:83 | /opt/mycroft/skills/mycroft-stop.mycroftai/settings.json
2021-10-22 08:03:38.756 | INFO     |  5702 | mycroft.skills.skill_loader:_check_for_first_run:324 | First run of mycroft-stop.mycroftai
2021-10-22 08:03:38.757 | INFO     |  5702 | mycroft.skills.settings:save_settings:116 | Skill settings successfully saved to /home/runner/.config/mycroft/skills/mycroft-stop.mycroftai/settings.json
2021-10-22 08:03:38.760 | INFO     |  5702 | mycroft.skills.skill_loader:_communicate_load_status:344 | Skill mycroft-stop.mycroftai loaded successfully
2021-10-22 08:03:38.761 | INFO     |  5702 | mycroft.skills.skill_loader:load:185 | ATTEMPTING TO LOAD SKILL: mycroft-hello-world.mycroftai
2021-10-22 08:03:38.770 | INFO     |  5702 | mycroft.skills.settings:get_local_settings:83 | /opt/mycroft/skills/mycroft-hello-world.mycroftai/settings.json
2021-10-22 08:03:38.795 | INFO     |  5702 | mycroft.skills.skill_loader:_check_for_first_run:324 | First run of mycroft-hello-world.mycroftai
2021-10-22 08:03:38.796 | INFO     |  5702 | mycroft.skills.settings:save_settings:116 | Skill settings successfully saved to /home/runner/.config/mycroft/skills/mycroft-hello-world.mycroftai/settings.json
2021-10-22 08:03:38.800 | INFO     |  5702 | mycroft.skills.skill_loader:_communicate_load_status:344 | Skill mycroft-hello-world.mycroftai loaded successfully
2021-10-22 08:03:38.800 | INFO     |  5702 | mycroft.skills.skill_loader:load:185 | ATTEMPTING TO LOAD SKILL: mycroft-date-time.mycroftai
2021-10-22 08:03:39.550 | INFO     |  5702 | mycroft.skills.settings:get_local_settings:83 | /opt/mycroft/skills/mycroft-date-time.mycroftai/settings.json
2021-10-22 08:03:39.626 | INFO     |  5702 | TimeSkill | Registering resting screen <bound method TimeSkill.handle_idle of <mycroft-date-time_mycroftai.TimeSkill object at 0x7f25e443e810>> for Time and Date.
2021-10-22 08:03:39.631 | INFO     |  5702 | TimeSkill | Registering resting screen
2021-10-22 08:03:39.647 | INFO     |  5702 | mycroft.skills.skill_loader:_check_for_first_run:324 | First run of mycroft-date-time.mycroftai
2021-10-22 08:03:39.648 | INFO     |  5702 | mycroft.skills.settings:save_settings:116 | Skill settings successfully saved to /home/runner/.config/mycroft/skills/mycroft-date-time.mycroftai/settings.json
2021-10-22 08:03:39.649 | INFO     |  5702 | mycroft.skills.skill_loader:_communicate_load_status:344 | Skill mycroft-date-time.mycroftai loaded successfully
2021-10-22 08:03:39.649 | INFO     |  5702 | mycroft.skills.skill_loader:load:185 | ATTEMPTING TO LOAD SKILL: mycroft-configuration.mycroftai
2021-10-22 08:03:39.665 | INFO     |  5702 | mycroft.skills.settings:get_local_settings:83 | /opt/mycroft/skills/mycroft-configuration.mycroftai/settings.json
2021-10-22 08:03:39.734 | INFO     |  5702 | mycroft.skills.skill_loader:_check_for_first_run:324 | First run of mycroft-configuration.mycroftai
2021-10-22 08:03:39.756 | INFO     |  5702 | mycroft.skills.settings:save_settings:116 | Skill settings successfully saved to /home/runner/.config/mycroft/skills/mycroft-configuration.mycroftai/settings.json
2021-10-22 08:03:39.762 | INFO     |  5702 | mycroft.skills.skill_loader:_communicate_load_status:344 | Skill mycroft-configuration.mycroftai loaded successfully
2021-10-22 08:03:39.762 | INFO     |  5702 | mycroft.skills.skill_loader:load:185 | ATTEMPTING TO LOAD SKILL: fallback-query.mycroftai
2021-10-22 08:03:39.767 | INFO     |  5702 | mycroft.skills.settings:get_local_settings:83 | /opt/mycroft/skills/fallback-query.mycroftai/settings.json
2021-10-22 08:03:39.798 | INFO     |  5702 | mycroft.skills.skill_loader:_check_for_first_run:324 | First run of fallback-query.mycroftai
2021-10-22 08:03:39.803 | INFO     |  5702 | mycroft.skills.settings:save_settings:116 | Skill settings successfully saved to /home/runner/.config/mycroft/skills/fallback-query.mycroftai/settings.json
2021-10-22 08:03:39.805 | INFO     |  5702 | mycroft.skills.skill_loader:_communicate_load_status:344 | Skill fallback-query.mycroftai loaded successfully
2021-10-22 08:03:39.805 | INFO     |  5702 | mycroft.skills.skill_loader:load:185 | ATTEMPTING TO LOAD SKILL: mycroft-personal.mycroftai
2021-10-22 08:03:39.814 | INFO     |  5702 | mycroft.skills.settings:get_local_settings:83 | /opt/mycroft/skills/mycroft-personal.mycroftai/settings.json
2021-10-22 08:03:39.840 | INFO     |  5702 | mycroft.skills.skill_loader:_check_for_first_run:324 | First run of mycroft-personal.mycroftai
2021-10-22 08:03:39.841 | INFO     |  5702 | mycroft.skills.settings:save_settings:116 | Skill settings successfully saved to /home/runner/.config/mycroft/skills/mycroft-personal.mycroftai/settings.json
2021-10-22 08:03:39.842 | INFO     |  5702 | mycroft.skills.skill_loader:_communicate_load_status:344 | Skill mycroft-personal.mycroftai loaded successfully
2021-10-22 08:03:39.854 | INFO     |  5702 | mycroft.skills.skill_loader:load:185 | ATTEMPTING TO LOAD SKILL: fallback-wolfram-alpha.mycroftai
2021-10-22 08:03:39.926 | INFO     |  5702 | mycroft.skills.settings:get_local_settings:83 | /opt/mycroft/skills/fallback-wolfram-alpha.mycroftai/settings.json
2021-10-22 08:03:39.977 | INFO     |  5702 | mycroft.skills.skill_loader:_check_for_first_run:324 | First run of fallback-wolfram-alpha.mycroftai
2021-10-22 08:03:39.978 | INFO     |  5702 | mycroft.skills.settings:save_settings:116 | Skill settings successfully saved to /home/runner/.config/mycroft/skills/fallback-wolfram-alpha.mycroftai/settings.json
2021-10-22 08:03:39.980 | INFO     |  5702 | mycroft.skills.skill_loader:_communicate_load_status:344 | Skill fallback-wolfram-alpha.mycroftai loaded successfully
2021-10-22 08:03:39.980 | INFO     |  5702 | mycroft.skills.skill_loader:load:185 | ATTEMPTING TO LOAD SKILL: mycroft-wiki.mycroftai
2021-10-22 08:03:39.986 | INFO     |  5702 | mycroft.skills.settings:get_local_settings:83 | /opt/mycroft/skills/mycroft-wiki.mycroftai/settings.json
2021-10-22 08:03:40.126 | INFO     |  5702 | mycroft.skills.skill_loader:_check_for_first_run:324 | First run of mycroft-wiki.mycroftai
2021-10-22 08:03:40.127 | INFO     |  5702 | mycroft.skills.settings:save_settings:116 | Skill settings successfully saved to /home/runner/.config/mycroft/skills/mycroft-wiki.mycroftai/settings.json
2021-10-22 08:03:40.143 | INFO     |  5702 | mycroft.skills.skill_loader:_communicate_load_status:344 | Skill mycroft-wiki.mycroftai loaded successfully
2021-10-22 08:03:40.143 | INFO     |  5702 | mycroft.skills.skill_loader:load:185 | ATTEMPTING TO LOAD SKILL: fallback-unknown.mycroftai
2021-10-22 08:03:40.148 | INFO     |  5702 | mycroft.skills.settings:get_local_settings:83 | /opt/mycroft/skills/fallback-unknown.mycroftai/settings.json
2021-10-22 08:03:40.168 | INFO     |  5702 | mycroft.skills.skill_loader:_check_for_first_run:324 | First run of fallback-unknown.mycroftai
2021-10-22 08:03:40.170 | INFO     |  5702 | mycroft.skills.settings:save_settings:116 | Skill settings successfully saved to /home/runner/.config/mycroft/skills/fallback-unknown.mycroftai/settings.json
2021-10-22 08:03:40.249 | INFO     |  5702 | mycroft.skills.skill_loader:_communicate_load_status:344 | Skill fallback-unknown.mycroftai loaded successfully
2021-10-22 08:03:40.250 | INFO     |  5702 | mycroft.skills.skill_loader:load:185 | ATTEMPTING TO LOAD SKILL: mycroft-playback-control.mycroftai
2021-10-22 08:03:40.257 | INFO     |  5702 | mycroft.skills.settings:get_local_settings:83 | /opt/mycroft/skills/mycroft-playback-control.mycroftai/settings.json
2021-10-22 08:03:40.305 | INFO     |  5702 | mycroft.skills.skill_loader:_check_for_first_run:324 | First run of mycroft-playback-control.mycroftai
2021-10-22 08:03:40.306 | INFO     |  5702 | mycroft.skills.settings:save_settings:116 | Skill settings successfully saved to /home/runner/.config/mycroft/skills/mycroft-playback-control.mycroftai/settings.json
2021-10-22 08:03:40.306 | INFO     |  5702 | mycroft.skills.skill_loader:_communicate_load_status:344 | Skill mycroft-playback-control.mycroftai loaded successfully
2021-10-22 08:03:40.312 | INFO     |  5702 | mycroft.skills.skill_manager:_load_on_startup:275 | Skills all loaded!
2021-10-22 08:03:40.340 | INFO     |  5702 | __main__:on_ready:185 | Skills service is ready.
2021-10-22 08:03:40.379 | INFO     |  5702 | mycroft.skills.intent_services.padatious_service:train:151 | Training... (single_thread=False)
Regenerated mycroft-alarm.mycroftai:{daytype}.
Regenerated mycroft-reminder.mycroftai:Reminder.intent.
Regenerated mycroft-reminder.mycroftai:CancelActiveReminder.intent.
Regenerated mycroft-installer.mycroftai:install.custom.intent.
Regenerated mycroft-installer.mycroftai:list.skills.intent.
Regenerated mycroft-installer.mycroftai:install.intent.
Regenerated mycroft-installer.mycroftai:install.beta.intent.
Regenerated mycroft-installer.mycroftai:remove.intent.
Regenerated mycroft-installer.mycroftai:is.installed.intent.
Regenerated mycroft-timer.mycroftai:start.timer.intent.
Regenerated mycroft-timer.mycroftai:timer.status.intent.
Regenerated homeassistant.mycroftai:turn.off.intent.
Regenerated homeassistant.mycroftai:turn.on.intent.
Regenerated homeassistant.mycroftai:increase.light.brightness.intent.
Regenerated homeassistant.mycroftai:automation.intent.
Regenerated mycroft-alarm.mycroftai:snooze.intent.
Regenerated mycroft-alarm.mycroftai:change.alarm.sound.intent.
Regenerated mycroft-npr-news.mycroftai:PlayTheNews.intent.
Regenerated mycroft-support-helper.mycroftai:contact.support.intent.
Regenerated mycroft-weather.mycroftai:do-i-need-an-umbrella.intent.
Regenerated mycroft-audio-record.mycroftai:PlayRecording.intent.
Regenerated mycroft-audio-record.mycroftai:StartRecording.intent.
Regenerated mycroft-stop.mycroftai:ssh.enable.intent.
Regenerated mycroft-stop.mycroftai:wifi.setup.intent.
Regenerated mycroft-stop.mycroftai:ssh.disable.intent.
Regenerated mycroft-stop.mycroftai:reboot.intent.
Regenerated mycroft-hello-world.mycroftai:HowAreYou.intent.
Regenerated mycroft-stop.mycroftai:shutdown.intent.
Regenerated mycroft-date-time.mycroftai:what.time.is.it.intent.
Regenerated mycroft-date-time.mycroftai:what.time.will.it.be.intent.
Regenerated mycroft-date-time.mycroftai:date.future.weekend.intent.
Regenerated mycroft-date-time.mycroftai:date.last.weekend.intent.
Regenerated mycroft-configuration.mycroftai:EnablePreciseDev.intent.
Regenerated mycroft-configuration.mycroftai:DisablePreciseDev.intent.
Regenerated mycroft-configuration.mycroftai:WhereAreYou.intent.
Regenerated mycroft-personal.mycroftai:WhoMadeYou.intent.
Regenerated mycroft-personal.mycroftai:WhoAreYou.intent.
Regenerated mycroft-personal.mycroftai:WhatAreYou.intent.
Regenerated mycroft-personal.mycroftai:DoYouRhyme.intent.
Regenerated mycroft-personal.mycroftai:DoYouDream.intent.
Regenerated mycroft-personal.mycroftai:WhenWereYouBorn.intent.
Regenerated mycroft-personal.mycroftai:WhereWereYouBorn.intent.
Regenerated mycroft-wiki.mycroftai:Random.intent.
Regenerated mycroft-reminder.mycroftai:ReminderAt.intent.
Regenerated mycroft-reminder.mycroftai:UnspecifiedReminderAt.intent.
Regenerated mycroft-reminder.mycroftai:ClearReminders.intent.
Regenerated mycroft-reminder.mycroftai:SnoozeReminder.intent.
Regenerated mycroft-reminder.mycroftai:DeleteReminderForDay.intent.
Regenerated mycroft-reminder.mycroftai:GetNextReminders.intent.
Regenerated mycroft-reminder.mycroftai:GetRemindersForDay.intent.
Regenerated homeassistant.mycroftai:toggle.intent.
Regenerated homeassistant.mycroftai:set.light.brightness.intent.
Regenerated homeassistant.mycroftai:set.climate.intent.
Regenerated homeassistant.mycroftai:decrease.light.brightness.intent.
Regenerated homeassistant.mycroftai:sensor.intent.
Regenerated homeassistant.mycroftai:tracker.intent.
Regenerated homeassistant.mycroftai:add.item.shopping.list.intent.
2021-10-22 08:03:46.110 | INFO     |  5702 | mycroft.skills.intent_services.padatious_service:train:153 | Training complete.
2021-10-22 08:03:46.357 | INFO     |  5702 | mycroft.skills.settings:save_settings:116 | Skill settings successfully saved to /home/runner/.config/mycroft/skills/mycroft-pairing.mycroftai/settings.json
2021-10-22 08:03:46.668 | INFO     |  5702 | mycroft.skills.settings:save_settings:116 | Skill settings successfully saved to /home/runner/.config/mycroft/skills/mycroft-timer.mycroftai/settings.json
2021-10-22 08:04:23.164 | INFO     |  5702 | __main__:on_stopping:193 | Skills service is shutting down...
2021-10-22 08:04:23.164 | INFO     |  5702 | __main__:shutdown:284 | Shutting down Skills service
2021-10-22 08:04:23.560 | ERROR    |  5702 | VolumeSkill | Couldn't allocate mixer, ALSAAudioError('No such file or directory [default]')
2021-10-22 08:04:23.564 | INFO     |  5702 | mycroft.skills.settings:save_settings:116 | Skill settings successfully saved to /home/runner/.config/mycroft/skills/mycroft-volume.mycroftai/settings.json
2021-10-22 08:04:23.574 | INFO     |  5702 | mycroft.skills.settings:save_settings:116 | Skill settings successfully saved to /home/runner/.config/mycroft/skills/mycroft-ip.mycroftai/settings.json
2021-10-22 08:04:23.581 | INFO     |  5702 | mycroft.skills.settings:save_settings:116 | Skill settings successfully saved to /home/runner/.config/mycroft/skills/mycroft-reminder.mycroftai/settings.json
2021-10-22 08:04:23.592 | INFO     |  5702 | mycroft.skills.settings:save_settings:116 | Skill settings successfully saved to /home/runner/.config/mycroft/skills/mycroft-installer.mycroftai/settings.json
2021-10-22 08:04:23.601 | INFO     |  5702 | mycroft.skills.settings:save_settings:116 | Skill settings successfully saved to /home/runner/.config/mycroft/skills/mycroft-version-checker.mycroftai/settings.json
2021-10-22 08:04:23.613 | INFO     |  5702 | mycroft.skills.settings:save_settings:116 | Skill settings successfully saved to /home/runner/.config/mycroft/skills/mycroft-singing.mycroftai/settings.json
2021-10-22 08:04:23.620 | INFO     |  5702 | mycroft.skills.settings:save_settings:116 | Skill settings successfully saved to /home/runner/.config/mycroft/skills/mycroft-joke.mycroftai/settings.json
2021-10-22 08:04:23.623 | INFO     |  5702 | HomeAssistantSkill | Removing all handlers...
2021-10-22 08:04:23.628 | WARNING  |  5702 | mycroft.skills.fallback_skill:remove_fallback:185 | Could not find matching fallback handler
2021-10-22 08:04:23.630 | INFO     |  5702 | mycroft.skills.settings:save_settings:116 | Skill settings successfully saved to /home/runner/.config/mycroft/skills/mycroft-alarm.mycroftai/settings.json
2021-10-22 08:04:23.639 | INFO     |  5702 | mycroft.skills.settings:save_settings:116 | Skill settings successfully saved to /home/runner/.config/mycroft/skills/mycroft-naptime.mycroftai/settings.json
2021-10-22 08:04:23.655 | INFO     |  5702 | mycroft.skills.settings:save_settings:116 | Skill settings successfully saved to /home/runner/.config/mycroft/skills/mycroft-spelling.mycroftai/settings.json
2021-10-22 08:04:23.657 | INFO     |  5702 | mycroft.skills.settings:save_settings:116 | Skill settings successfully saved to /home/runner/.config/mycroft/skills/mycroft-fallback-duck-duck-go.mycroftai/settings.json
2021-10-22 08:04:23.659 | INFO     |  5702 | mycroft.skills.settings:save_settings:116 | Skill settings successfully saved to /home/runner/.config/mycroft/skills/mycroft-npr-news.mycroftai/settings.json
2021-10-22 08:04:23.681 | INFO     |  5702 | mycroft.skills.settings:save_settings:116 | Skill settings successfully saved to /home/runner/.config/mycroft/skills/mycroft-support-helper.mycroftai/settings.json
2021-10-22 08:04:23.688 | INFO     |  5702 | mycroft.skills.settings:save_settings:116 | Skill settings successfully saved to /home/runner/.config/mycroft/skills/mycroft-weather.mycroftai/settings.json
2021-10-22 08:04:23.689 | INFO     |  5702 | mycroft.skills.settings:save_settings:116 | Skill settings successfully saved to /home/runner/.config/mycroft/skills/mycroft-speak.mycroftai/settings.json
2021-10-22 08:04:23.690 | INFO     |  5702 | mycroft.skills.settings:save_settings:116 | Skill settings successfully saved to /home/runner/.config/mycroft/skills/mycroft-audio-record.mycroftai/settings.json
2021-10-22 08:04:23.692 | INFO     |  5702 | mycroft.skills.settings:save_settings:116 | Skill settings successfully saved to /home/runner/.config/mycroft/skills/mycroft-stop.mycroftai/settings.json
2021-10-22 08:04:23.706 | INFO     |  5702 | mycroft.skills.settings:save_settings:116 | Skill settings successfully saved to /home/runner/.config/mycroft/skills/mycroft-hello-world.mycroftai/settings.json
2021-10-22 08:04:23.708 | INFO     |  5702 | mycroft.skills.settings:save_settings:116 | Skill settings successfully saved to /home/runner/.config/mycroft/skills/mycroft-date-time.mycroftai/settings.json
2021-10-22 08:04:23.716 | INFO     |  5702 | mycroft.skills.settings:save_settings:116 | Skill settings successfully saved to /home/runner/.config/mycroft/skills/mycroft-configuration.mycroftai/settings.json
2021-10-22 08:04:23.722 | INFO     |  5702 | QuestionsAnswersSkill | Removing all handlers...
2021-10-22 08:04:23.724 | INFO     |  5702 | mycroft.skills.settings:save_settings:116 | Skill settings successfully saved to /home/runner/.config/mycroft/skills/fallback-query.mycroftai/settings.json
2021-10-22 08:04:23.725 | INFO     |  5702 | mycroft.skills.settings:save_settings:116 | Skill settings successfully saved to /home/runner/.config/mycroft/skills/mycroft-personal.mycroftai/settings.json
2021-10-22 08:04:23.726 | INFO     |  5702 | mycroft.skills.settings:save_settings:116 | Skill settings successfully saved to /home/runner/.config/mycroft/skills/fallback-wolfram-alpha.mycroftai/settings.json
2021-10-22 08:04:23.727 | INFO     |  5702 | mycroft.skills.settings:save_settings:116 | Skill settings successfully saved to /home/runner/.config/mycroft/skills/mycroft-wiki.mycroftai/settings.json
2021-10-22 08:04:23.727 | INFO     |  5702 | UnknownSkill | Removing all handlers...
2021-10-22 08:04:23.728 | INFO     |  5702 | mycroft.skills.settings:save_settings:116 | Skill settings successfully saved to /home/runner/.config/mycroft/skills/fallback-unknown.mycroftai/settings.json
2021-10-22 08:04:23.729 | INFO     |  5702 | mycroft.skills.settings:save_settings:116 | Skill settings successfully saved to /home/runner/.config/mycroft/skills/mycroft-playback-control.mycroftai/settings.json
2021-10-22 08:04:24.730 | INFO     |  5702 | Playback Control Skill | Audio service status: {}
2021-10-22 08:04:25.732 | WARNING  |  5702 | mycroft.skills.skill_manager:_shutdown_skill:106 | mycroft-playback-control.mycroftai shutdown took 2.002201235999962 seconds
2021-10-22 08:04:25.732 | INFO     |  5702 | __main__:shutdown:291 | Skills service shutdown complete!
2021-10-22 08:04:26.948 | ERROR    |  5702 | websocket | error from callback <bound method MessageBusClient.on_message of <mycroft.messagebus.client.client.MessageBusClient object at 0x7f25f6d235d0>>: cannot schedule new futures after shutdown
2021-10-22 08:04:26.950 | ERROR    |  5702 | websocket | error from callback <bound method MessageBusClient.on_message of <mycroft.messagebus.client.client.MessageBusClient object at 0x7f25f6d235d0>>: cannot schedule new futures after shutdown
2021-10-22 08:04:26.952 | ERROR    |  5702 | websocket | error from callback <bound method MessageBusClient.on_message of <mycroft.messagebus.client.client.MessageBusClient object at 0x7f25f6d235d0>>: cannot schedule new futures after shutdown
2021-10-22 08:04:26.954 | ERROR    |  5702 | websocket | error from callback <bound method MessageBusClient.on_message of <mycroft.messagebus.client.client.MessageBusClient object at 0x7f25f6d235d0>>: cannot schedule new futures after shutdown
2021-10-22 08:04:26.956 | ERROR    |  5702 | websocket | error from callback <bound method MessageBusClient.on_message of <mycroft.messagebus.client.client.MessageBusClient object at 0x7f25f6d235d0>>: cannot schedule new futures after shutdown
