2021-10-29 20:13:45.525 | INFO     |  5306 | mycroft.messagebus.load_config:load_message_bus_config:33 | Loading message bus configs
2021-10-29 20:13:45.529 | INFO     |  5306 | mycroft_bus_client.client.client | Connected
2021-10-29 20:13:45.529 | INFO     |  5306 | mycroft.util.process_utils:start_message_bus_client:155 | Connected to messagebus
2021-10-29 20:13:45.543 | INFO     |  5306 | mycroft.skills.msm_wrapper:create_msm:96 | Acquiring lock to instantiate MSM
2021-10-29 20:13:46.396 | INFO     |  5306 | msm.mycroft_skills_manager | building SkillEntry objects for all skills
2021-10-29 20:13:46.620 | INFO     |  5306 | mycroft.skills.msm_wrapper:create_msm:112 | Releasing MSM instantiation lock.
2021-10-29 20:13:46.620 | INFO     |  5306 | mycroft.skills.skill_updater:_log_next_download_time:267 | Next scheduled skill update: 2021-10-29 20:13:45.620387
2021-10-29 20:13:46.621 | INFO     |  5306 | msm.skill_entry | Downloading skill: https://github.com/mycroftai/skill-pairing
2021-10-29 20:13:46.897 | INFO     |  5306 | msm.skill_entry | Installing system requirements...
2021-10-29 20:13:46.906 | INFO     |  5306 | msm.skill_entry | Successfully installed mycroft-pairing
2021-10-29 20:13:46.907 | INFO     |  5306 | msm.mycroft_skills_manager | invalidating skills cache
2021-10-29 20:13:46.908 | INFO     |  5306 | mycroft.skills.skill_loader:load:185 | ATTEMPTING TO LOAD SKILL: mycroft-pairing.mycroftai
2021-10-29 20:13:46.915 | INFO     |  5306 | mycroft.skills.settings:get_local_settings:83 | /opt/mycroft/skills/mycroft-pairing.mycroftai/settings.json
2021-10-29 20:13:46.930 | INFO     |  5306 | mycroft.skills.skill_loader:_check_for_first_run:324 | First run of mycroft-pairing.mycroftai
2021-10-29 20:13:46.930 | INFO     |  5306 | mycroft.skills.settings:save_settings:116 | Skill settings successfully saved to /home/runner/.config/mycroft/skills/mycroft-pairing.mycroftai/settings.json
2021-10-29 20:13:46.931 | INFO     |  5306 | mycroft.skills.skill_loader:_communicate_load_status:344 | Skill mycroft-pairing.mycroftai loaded successfully
2021-10-29 20:13:46.931 | INFO     |  5306 | msm.skill_entry | Downloading skill: https://github.com/mycroftai/skill-volume
2021-10-29 20:13:47.327 | INFO     |  5306 | msm.skill_entry | Installing system requirements...
2021-10-29 20:13:47.366 | INFO     |  5306 | msm.skill_entry | Installing requirements.txt for mycroft-volume
2021-10-29 20:13:48.557 | INFO     |  5306 | msm.skill_entry | Successfully installed mycroft-volume
2021-10-29 20:13:48.558 | INFO     |  5306 | msm.mycroft_skills_manager | invalidating skills cache
2021-10-29 20:13:48.559 | INFO     |  5306 | mycroft.skills.skill_loader:load:185 | ATTEMPTING TO LOAD SKILL: mycroft-volume.mycroftai
2021-10-29 20:13:48.570 | INFO     |  5306 | mycroft.skills.settings:get_local_settings:83 | /opt/mycroft/skills/mycroft-volume.mycroftai/settings.json
2021-10-29 20:13:48.664 | ERROR    |  5306 | VolumeSkill | Couldn't allocate mixer, ALSAAudioError('No such file or directory [default]')
2021-10-29 20:13:51.698 | INFO     |  5306 | mycroft.skills.skill_loader:_check_for_first_run:324 | First run of mycroft-volume.mycroftai
2021-10-29 20:13:51.699 | INFO     |  5306 | mycroft.skills.settings:save_settings:116 | Skill settings successfully saved to /home/runner/.config/mycroft/skills/mycroft-volume.mycroftai/settings.json
2021-10-29 20:13:51.700 | INFO     |  5306 | mycroft.skills.skill_loader:_communicate_load_status:344 | Skill mycroft-volume.mycroftai loaded successfully
2021-10-29 20:13:51.702 | INFO     |  5306 | __main__:on_started:177 | Skills service is starting up.
2021-10-29 20:13:51.750 | INFO     |  5306 | __main__:_update_system:154 | Attempting system update...
2021-10-29 20:13:54.752 | INFO     |  5306 | mycroft.enclosure.display_manager:_write_data:70 | Display Manager is creating /tmp/mycroft/ipc/managers/disp_info
2021-10-29 20:13:54.754 | INFO     |  5306 | __main__:_ensure_device_is_paired:133 | Device not paired, invoking the pairing skill
2021-10-29 20:13:54.758 | INFO     |  5306 | __main__:on_alive:181 | Skills service is alive.
2021-10-29 20:13:54.758 | INFO     |  5306 | msm.mycroft_skills_manager | building SkillEntry objects for all skills
2021-10-29 20:13:54.951 | INFO     |  5306 | PairingSkill | Communicating account URL to user
2021-10-29 20:13:55.430 | WARNING  |  5306 | msm.mycroft_skills_manager | No such default skill: mycroft-pandora
2021-10-29 20:13:55.431 | INFO     |  5306 | mycroft.skills.skill_manager:run:234 | Not all default skills are installed, performing skill update...
2021-10-29 20:13:55.431 | INFO     |  5306 | mycroft.skills.skill_updater:update_skills:149 | Beginning skill update...
2021-10-29 20:13:55.485 | INFO     |  5306 | msm.mycroft_skills_manager | building SkillEntry objects for all skills
2021-10-29 20:13:55.700 | INFO     |  5306 | msm.mycroft_skills_manager | invalidating skills cache
2021-10-29 20:13:55.721 | INFO     |  5306 | msm.skill_entry | Downloading skill: https://github.com/mycroftai/fallback-unknown
2021-10-29 20:13:55.737 | INFO     |  5306 | msm.skill_entry | Downloading skill: https://github.com/mycroftai/fallback-wolfram-alpha
2021-10-29 20:13:55.741 | INFO     |  5306 | msm.skill_entry | Downloading skill: https://github.com/mycroftai/skill-configuration
2021-10-29 20:13:55.742 | INFO     |  5306 | msm.skill_entry | Downloading skill: https://github.com/mycroftai/skill-date-time
2021-10-29 20:13:55.743 | INFO     |  5306 | msm.skill_entry | Downloading skill: https://github.com/mycroftai/fallback-duckduckgo
2021-10-29 20:13:55.748 | INFO     |  5306 | msm.skill_entry | Downloading skill: https://github.com/mycroftai/skill-hello-world
2021-10-29 20:13:55.748 | INFO     |  5306 | msm.skill_entry | Downloading skill: https://github.com/mycroftai/skill-audio-record
2021-10-29 20:13:55.749 | INFO     |  5306 | msm.skill_entry | Downloading skill: https://github.com/mycroftai/skill-alarm
2021-10-29 20:13:55.749 | INFO     |  5306 | msm.skill_entry | Downloading skill: https://github.com/mycroftai/skill-ip
2021-10-29 20:13:55.750 | INFO     |  5306 | msm.skill_entry | Downloading skill: https://github.com/mycroftai/skill-installer
2021-10-29 20:13:55.781 | INFO     |  5306 | msm.skill_entry | Downloading skill: https://github.com/mycroftai/skill-joke
2021-10-29 20:13:55.783 | INFO     |  5306 | msm.skill_entry | Downloading skill: https://github.com/mycroftai/skill-naptime
2021-10-29 20:13:55.799 | INFO     |  5306 | msm.skill_entry | Downloading skill: https://github.com/mycroftai/skill-npr-news
2021-10-29 20:13:55.799 | INFO     |  5306 | msm.skill_entry | Downloading skill: https://github.com/mycroftai/skill-personal
2021-10-29 20:13:55.815 | INFO     |  5306 | msm.skill_entry | Downloading skill: https://github.com/mycroftai/skill-reminder
2021-10-29 20:13:55.816 | INFO     |  5306 | msm.skill_entry | Downloading skill: https://github.com/mycroftai/skill-singing
2021-10-29 20:13:55.830 | INFO     |  5306 | msm.skill_entry | Downloading skill: https://github.com/mycroftai/skill-playback-control
2021-10-29 20:13:56.585 | INFO     |  5306 | msm.skill_entry | Installing system requirements...
2021-10-29 20:13:56.740 | INFO     |  5306 | msm.skill_entry | Successfully installed fallback-unknown
2021-10-29 20:13:56.741 | INFO     |  5306 | msm.mycroft_skills_manager | invalidating skills cache
2021-10-29 20:13:56.742 | INFO     |  5306 | msm.skill_entry | Downloading skill: https://github.com/mycroftai/skill-speak
2021-10-29 20:13:56.975 | INFO     |  5306 | msm.skill_entry | Installing system requirements...
2021-10-29 20:13:57.199 | INFO     |  5306 | msm.skill_entry | Installing requirements.txt for mycroft-fallback-duck-duck-go
2021-10-29 20:13:57.219 | INFO     |  5306 | msm.skill_entry | Installing system requirements...
2021-10-29 20:13:57.258 | INFO     |  5306 | msm.skill_entry | Installing system requirements...
2021-10-29 20:13:57.268 | INFO     |  5306 | msm.skill_entry | Installing system requirements...
2021-10-29 20:13:57.275 | INFO     |  5306 | msm.skill_entry | Installing system requirements...
2021-10-29 20:13:57.276 | INFO     |  5306 | msm.skill_entry | Installing system requirements...
2021-10-29 20:13:57.289 | INFO     |  5306 | msm.skill_entry | Installing system requirements...
2021-10-29 20:13:57.300 | INFO     |  5306 | msm.skill_entry | Installing system requirements...
2021-10-29 20:13:57.346 | INFO     |  5306 | msm.skill_entry | Successfully installed mycroft-naptime
2021-10-29 20:13:57.347 | INFO     |  5306 | msm.mycroft_skills_manager | invalidating skills cache
2021-10-29 20:13:57.348 | INFO     |  5306 | msm.skill_entry | Downloading skill: https://github.com/mycroftai/skill-spelling
2021-10-29 20:13:57.361 | INFO     |  5306 | msm.skill_entry | Installing requirements.txt for mycroft-ip
2021-10-29 20:13:57.377 | INFO     |  5306 | msm.skill_entry | Successfully installed mycroft-hello-world
2021-10-29 20:13:57.377 | INFO     |  5306 | msm.mycroft_skills_manager | invalidating skills cache
2021-10-29 20:13:57.378 | INFO     |  5306 | msm.skill_entry | Downloading skill: https://github.com/mycroftai/skill-stop
2021-10-29 20:13:57.386 | INFO     |  5306 | msm.skill_entry | Installing requirements.txt for mycroft-joke
2021-10-29 20:13:57.392 | INFO     |  5306 | msm.skill_entry | Installing requirements.txt for mycroft-configuration
2021-10-29 20:13:57.402 | INFO     |  5306 | msm.skill_entry | Installing requirements.txt for mycroft-audio-record
2021-10-29 20:13:57.422 | ERROR    |  5306 | msm.mycroft_skills_manager | Error running install_or_update on homeassistant.mycroftai: MergeConflict
2021-10-29 20:13:57.429 | INFO     |  5306 | msm.skill_entry | Downloading skill: https://github.com/mycroftai/skill-support
2021-10-29 20:13:57.865 | INFO     |  5306 | msm.skill_entry | Installing requirements.txt for fallback-wolfram-alpha
2021-10-29 20:13:57.865 | INFO     |  5306 | msm.skill_entry | Nothing new for mycroft-volume
2021-10-29 20:13:57.956 | INFO     |  5306 | msm.skill_entry | Nothing new for mycroft-pairing
2021-10-29 20:13:58.050 | INFO     |  5306 | msm.skill_entry | Installing system requirements...
2021-10-29 20:13:58.060 | INFO     |  5306 | msm.skill_entry | Installing system requirements...
2021-10-29 20:13:58.094 | INFO     |  5306 | msm.skill_entry | Installing system requirements...
2021-10-29 20:13:58.101 | INFO     |  5306 | msm.skill_entry | Installing system requirements...
2021-10-29 20:13:58.109 | INFO     |  5306 | msm.skill_entry | Installing requirements.txt for mycroft-installer
2021-10-29 20:13:58.114 | INFO     |  5306 | msm.skill_entry | Installing system requirements...
2021-10-29 20:13:58.123 | INFO     |  5306 | msm.skill_entry | Downloading skill: https://github.com/mycroftai/mycroft-timer
2021-10-29 20:13:58.141 | INFO     |  5306 | msm.skill_entry | Successfully installed mycroft-playback-control
2021-10-29 20:13:58.141 | INFO     |  5306 | msm.mycroft_skills_manager | invalidating skills cache
2021-10-29 20:13:58.143 | INFO     |  5306 | msm.skill_entry | Downloading skill: https://github.com/mycroftai/skill-weather
2021-10-29 20:13:58.147 | INFO     |  5306 | msm.skill_entry | Successfully installed mycroft-personal
2021-10-29 20:13:58.147 | INFO     |  5306 | msm.mycroft_skills_manager | invalidating skills cache
2021-10-29 20:13:58.154 | INFO     |  5306 | msm.skill_entry | Downloading skill: https://github.com/mycroftai/skill-version-checker
2021-10-29 20:13:58.164 | INFO     |  5306 | msm.skill_entry | Installing requirements.txt for mycroft-volume
2021-10-29 20:13:58.367 | INFO     |  5306 | msm.skill_entry | Installing system requirements...
2021-10-29 20:13:58.400 | INFO     |  5306 | msm.skill_entry | Installing system requirements...
2021-10-29 20:13:58.434 | INFO     |  5306 | msm.skill_entry | Installing requirements.txt for mycroft-npr-news
2021-10-29 20:13:58.461 | INFO     |  5306 | msm.skill_entry | Installing requirements.txt for mycroft-date-time
2021-10-29 20:13:58.473 | INFO     |  5306 | msm.skill_entry | Installing system requirements...
2021-10-29 20:13:58.485 | INFO     |  5306 | msm.skill_entry | Installing requirements.txt for mycroft-alarm
2021-10-29 20:13:58.566 | INFO     |  5306 | msm.skill_entry | Installing system requirements...
2021-10-29 20:13:58.584 | INFO     |  5306 | msm.skill_entry | Installing system requirements...
2021-10-29 20:13:58.586 | INFO     |  5306 | msm.skill_entry | Installing system requirements...
2021-10-29 20:13:58.648 | INFO     |  5306 | msm.skill_entry | Successfully installed mycroft-stop
2021-10-29 20:13:58.649 | INFO     |  5306 | msm.mycroft_skills_manager | invalidating skills cache
2021-10-29 20:13:58.650 | INFO     |  5306 | msm.skill_entry | Downloading skill: https://github.com/mycroftai/skill-wiki
2021-10-29 20:13:58.671 | INFO     |  5306 | msm.skill_entry | Successfully installed mycroft-speak
2021-10-29 20:13:58.674 | INFO     |  5306 | msm.mycroft_skills_manager | invalidating skills cache
2021-10-29 20:13:58.673 | INFO     |  5306 | msm.skill_entry | Installing system requirements...
2021-10-29 20:13:58.681 | INFO     |  5306 | msm.skill_entry | Installing requirements.txt for mycroft-support-helper
2021-10-29 20:13:58.683 | INFO     |  5306 | msm.skill_entry | Downloading skill: https://github.com/MycroftAI/skill-query
2021-10-29 20:13:58.720 | INFO     |  5306 | msm.skill_entry | Successfully installed mycroft-spelling
2021-10-29 20:13:58.721 | INFO     |  5306 | msm.mycroft_skills_manager | invalidating skills cache
2021-10-29 20:13:58.741 | INFO     |  5306 | msm.skill_entry | Installing system requirements...
2021-10-29 20:13:58.842 | INFO     |  5306 | msm.skill_entry | Installing system requirements...
2021-10-29 20:13:58.847 | INFO     |  5306 | msm.skill_entry | Successfully installed mycroft-reminder
2021-10-29 20:13:58.848 | INFO     |  5306 | msm.mycroft_skills_manager | invalidating skills cache
2021-10-29 20:13:58.937 | INFO     |  5306 | msm.skill_entry | Successfully installed mycroft-version-checker
2021-10-29 20:13:58.937 | INFO     |  5306 | msm.mycroft_skills_manager | invalidating skills cache
2021-10-29 20:13:59.124 | INFO     |  5306 | msm.skill_entry | Installing system requirements...
2021-10-29 20:13:59.192 | INFO     |  5306 | msm.skill_entry | Successfully installed mycroft-singing
2021-10-29 20:13:59.193 | INFO     |  5306 | msm.mycroft_skills_manager | invalidating skills cache
2021-10-29 20:13:59.304 | ERROR    |  5306 | msm.mycroft_skills_manager | Error running install_or_update on homeassistant: MergeConflict
2021-10-29 20:13:59.317 | INFO     |  5306 | msm.skill_entry | Installing system requirements...
2021-10-29 20:13:59.374 | INFO     |  5306 | msm.skill_entry | Successfully installed mycroft-timer
2021-10-29 20:13:59.375 | INFO     |  5306 | msm.mycroft_skills_manager | invalidating skills cache
2021-10-29 20:13:59.399 | INFO     |  5306 | msm.skill_entry | Installing system requirements...
2021-10-29 20:13:59.450 | INFO     |  5306 | msm.skill_entry | Installing requirements.txt for mycroft-wiki
2021-10-29 20:13:59.472 | INFO     |  5306 | msm.skill_entry | Installing system requirements...
2021-10-29 20:13:59.507 | INFO     |  5306 | msm.skill_entry | Installing requirements.txt for mycroft-weather
2021-10-29 20:13:59.566 | INFO     |  5306 | msm.skill_entry | Successfully installed mycroft-fallback-duck-duck-go
2021-10-29 20:13:59.566 | INFO     |  5306 | msm.mycroft_skills_manager | invalidating skills cache
2021-10-29 20:14:00.373 | INFO     |  5306 | msm.skill_entry | Successfully installed mycroft-ip
2021-10-29 20:14:00.374 | INFO     |  5306 | msm.mycroft_skills_manager | invalidating skills cache
2021-10-29 20:14:00.429 | INFO     |  5306 | msm.skill_entry | Installing system requirements...
2021-10-29 20:14:00.449 | INFO     |  5306 | msm.skill_entry | Successfully installed fallback-query
2021-10-29 20:14:00.449 | INFO     |  5306 | msm.mycroft_skills_manager | invalidating skills cache
2021-10-29 20:14:01.419 | INFO     |  5306 | msm.skill_entry | Successfully installed mycroft-joke
2021-10-29 20:14:01.420 | INFO     |  5306 | msm.mycroft_skills_manager | invalidating skills cache
2021-10-29 20:14:03.707 | INFO     |  5306 | msm.skill_entry | Successfully installed mycroft-configuration
2021-10-29 20:14:03.707 | INFO     |  5306 | msm.mycroft_skills_manager | invalidating skills cache
2021-10-29 20:14:04.513 | INFO     |  5306 | msm.skill_entry | Successfully installed mycroft-audio-record
2021-10-29 20:14:04.513 | INFO     |  5306 | msm.mycroft_skills_manager | invalidating skills cache
2021-10-29 20:14:08.428 | INFO     |  5306 | msm.skill_entry | Successfully installed fallback-wolfram-alpha
2021-10-29 20:14:08.430 | INFO     |  5306 | msm.mycroft_skills_manager | invalidating skills cache
2021-10-29 20:14:09.274 | INFO     |  5306 | msm.skill_entry | Successfully installed mycroft-installer
2021-10-29 20:14:09.274 | INFO     |  5306 | msm.mycroft_skills_manager | invalidating skills cache
2021-10-29 20:14:13.025 | INFO     |  5306 | msm.skill_entry | Successfully installed mycroft-npr-news
2021-10-29 20:14:13.025 | INFO     |  5306 | msm.mycroft_skills_manager | invalidating skills cache
2021-10-29 20:14:25.284 | INFO     |  5306 | PairingSkill | Initiating device pairing sequence...
2021-10-29 20:14:25.285 | INFO     |  5306 | PairingSkill | Retrieving pairing code from device API...
2021-10-29 20:14:25.445 | INFO     |  5306 | PairingSkill | Pairing code obtained: 4ERYCR
2021-10-29 20:14:25.446 | INFO     |  5306 | PairingSkill | Communicating pairing URL to user
2021-10-29 20:14:28.392 | INFO     |  5306 | msm.skill_entry | Successfully installed mycroft-date-time
2021-10-29 20:14:28.393 | INFO     |  5306 | msm.mycroft_skills_manager | invalidating skills cache
2021-10-29 20:14:29.252 | INFO     |  5306 | msm.skill_entry | Successfully installed mycroft-alarm
2021-10-29 20:14:29.253 | INFO     |  5306 | msm.mycroft_skills_manager | invalidating skills cache
2021-10-29 20:14:31.235 | INFO     |  5306 | msm.skill_entry | Successfully installed mycroft-support-helper
2021-10-29 20:14:31.235 | INFO     |  5306 | msm.mycroft_skills_manager | invalidating skills cache
2021-10-29 20:14:32.912 | INFO     |  5306 | msm.skill_entry | Successfully installed mycroft-wiki
2021-10-29 20:14:32.912 | INFO     |  5306 | msm.mycroft_skills_manager | invalidating skills cache
2021-10-29 20:14:33.935 | INFO     |  5306 | msm.skill_entry | Successfully installed mycroft-weather
2021-10-29 20:14:33.935 | INFO     |  5306 | msm.mycroft_skills_manager | invalidating skills cache
2021-10-29 20:14:34.042 | INFO     |  5306 | mycroft.skills.skill_updater:_log_next_download_time:267 | Next scheduled skill update: 2021-10-29 21:14:34.041534
2021-10-29 20:14:34.042 | INFO     |  5306 | mycroft.skills.skill_updater:update_skills:170 | Skill update complete
2021-10-29 20:14:34.042 | INFO     |  5306 | mycroft.skills.skill_manager:_load_on_startup:273 | Loading installed skills...
2021-10-29 20:14:34.043 | INFO     |  5306 | mycroft.skills.skill_loader:load:185 | ATTEMPTING TO LOAD SKILL: mycroft-ip.mycroftai
2021-10-29 20:14:34.154 | INFO     |  5306 | mycroft.skills.settings:get_local_settings:83 | /opt/mycroft/skills/mycroft-ip.mycroftai/settings.json
2021-10-29 20:14:34.180 | INFO     |  5306 | mycroft.skills.skill_loader:_check_for_first_run:324 | First run of mycroft-ip.mycroftai
2021-10-29 20:14:34.180 | INFO     |  5306 | mycroft.skills.settings:save_settings:116 | Skill settings successfully saved to /home/runner/.config/mycroft/skills/mycroft-ip.mycroftai/settings.json
2021-10-29 20:14:34.239 | INFO     |  5306 | mycroft.skills.skill_loader:_communicate_load_status:344 | Skill mycroft-ip.mycroftai loaded successfully
2021-10-29 20:14:34.239 | INFO     |  5306 | mycroft.skills.skill_loader:load:185 | ATTEMPTING TO LOAD SKILL: mycroft-reminder.mycroftai
2021-10-29 20:14:34.295 | INFO     |  5306 | mycroft.skills.settings:get_local_settings:83 | /opt/mycroft/skills/mycroft-reminder.mycroftai/settings.json
2021-10-29 20:14:34.347 | INFO     |  5306 | mycroft.skills.skill_loader:_check_for_first_run:324 | First run of mycroft-reminder.mycroftai
2021-10-29 20:14:34.347 | INFO     |  5306 | mycroft.skills.settings:save_settings:116 | Skill settings successfully saved to /home/runner/.config/mycroft/skills/mycroft-reminder.mycroftai/settings.json
2021-10-29 20:14:34.350 | INFO     |  5306 | mycroft.skills.skill_loader:_communicate_load_status:344 | Skill mycroft-reminder.mycroftai loaded successfully
2021-10-29 20:14:34.350 | INFO     |  5306 | mycroft.skills.skill_loader:load:185 | ATTEMPTING TO LOAD SKILL: mycroft-installer.mycroftai
2021-10-29 20:14:34.357 | INFO     |  5306 | mycroft.skills.settings:get_local_settings:83 | /opt/mycroft/skills/mycroft-installer.mycroftai/settings.json
2021-10-29 20:14:34.390 | INFO     |  5306 | mycroft.skills.skill_loader:_check_for_first_run:324 | First run of mycroft-installer.mycroftai
2021-10-29 20:14:34.391 | INFO     |  5306 | mycroft.skills.settings:save_settings:116 | Skill settings successfully saved to /home/runner/.config/mycroft/skills/mycroft-installer.mycroftai/settings.json
2021-10-29 20:14:34.399 | INFO     |  5306 | mycroft.skills.skill_loader:_communicate_load_status:344 | Skill mycroft-installer.mycroftai loaded successfully
2021-10-29 20:14:34.399 | INFO     |  5306 | mycroft.skills.skill_loader:load:185 | ATTEMPTING TO LOAD SKILL: mycroft-version-checker.mycroftai
2021-10-29 20:14:34.404 | INFO     |  5306 | mycroft.skills.settings:get_local_settings:83 | /opt/mycroft/skills/mycroft-version-checker.mycroftai/settings.json
2021-10-29 20:14:34.435 | INFO     |  5306 | mycroft.skills.skill_loader:_check_for_first_run:324 | First run of mycroft-version-checker.mycroftai
2021-10-29 20:14:34.435 | INFO     |  5306 | mycroft.skills.settings:save_settings:116 | Skill settings successfully saved to /home/runner/.config/mycroft/skills/mycroft-version-checker.mycroftai/settings.json
2021-10-29 20:14:34.456 | INFO     |  5306 | mycroft.skills.skill_loader:_communicate_load_status:344 | Skill mycroft-version-checker.mycroftai loaded successfully
2021-10-29 20:14:34.456 | INFO     |  5306 | mycroft.skills.skill_loader:load:185 | ATTEMPTING TO LOAD SKILL: mycroft-singing.mycroftai
2021-10-29 20:14:34.463 | INFO     |  5306 | mycroft.skills.settings:get_local_settings:83 | /opt/mycroft/skills/mycroft-singing.mycroftai/settings.json
2021-10-29 20:14:34.480 | INFO     |  5306 | mycroft.skills.skill_loader:_check_for_first_run:324 | First run of mycroft-singing.mycroftai
2021-10-29 20:14:34.481 | INFO     |  5306 | mycroft.skills.settings:save_settings:116 | Skill settings successfully saved to /home/runner/.config/mycroft/skills/mycroft-singing.mycroftai/settings.json
2021-10-29 20:14:34.497 | INFO     |  5306 | mycroft.skills.skill_loader:_communicate_load_status:344 | Skill mycroft-singing.mycroftai loaded successfully
2021-10-29 20:14:34.497 | INFO     |  5306 | mycroft.skills.skill_loader:load:185 | ATTEMPTING TO LOAD SKILL: mycroft-joke.mycroftai
2021-10-29 20:14:34.501 | INFO     |  5306 | mycroft.skills.settings:get_local_settings:83 | /opt/mycroft/skills/mycroft-joke.mycroftai/settings.json
2021-10-29 20:14:34.523 | INFO     |  5306 | mycroft.skills.skill_loader:_check_for_first_run:324 | First run of mycroft-joke.mycroftai
2021-10-29 20:14:34.523 | INFO     |  5306 | mycroft.skills.settings:save_settings:116 | Skill settings successfully saved to /home/runner/.config/mycroft/skills/mycroft-joke.mycroftai/settings.json
2021-10-29 20:14:34.535 | INFO     |  5306 | mycroft.skills.skill_loader:_communicate_load_status:344 | Skill mycroft-joke.mycroftai loaded successfully
2021-10-29 20:14:34.536 | INFO     |  5306 | mycroft.skills.skill_loader:load:185 | ATTEMPTING TO LOAD SKILL: mycroft-timer.mycroftai
2021-10-29 20:14:34.560 | INFO     |  5306 | mycroft.skills.settings:get_local_settings:83 | /opt/mycroft/skills/mycroft-timer.mycroftai/settings.json
2021-10-29 20:14:34.643 | INFO     |  5306 | mycroft.skills.skill_loader:_check_for_first_run:324 | First run of mycroft-timer.mycroftai
2021-10-29 20:14:34.644 | INFO     |  5306 | mycroft.skills.settings:save_settings:116 | Skill settings successfully saved to /home/runner/.config/mycroft/skills/mycroft-timer.mycroftai/settings.json
2021-10-29 20:14:34.700 | INFO     |  5306 | mycroft.skills.skill_loader:_communicate_load_status:344 | Skill mycroft-timer.mycroftai loaded successfully
2021-10-29 20:14:34.701 | INFO     |  5306 | mycroft.skills.skill_loader:load:185 | ATTEMPTING TO LOAD SKILL: homeassistant.mycroftai
2021-10-29 20:14:35.050 | INFO     |  5306 | mycroft.skills.settings:get_local_settings:83 | /opt/mycroft/skills/homeassistant.mycroftai/settings.json
2021-10-29 20:14:35.052 | INFO     |  5306 | mycroft.skills.settings:get_local_settings:83 | /opt/mycroft/skills/homeassistant.mycroftai/settings.json
2021-10-29 20:14:35.090 | INFO     |  5306 | mycroft.skills.skill_loader:_communicate_load_status:344 | Skill homeassistant.mycroftai loaded successfully
2021-10-29 20:14:35.091 | INFO     |  5306 | mycroft.skills.skill_loader:load:185 | ATTEMPTING TO LOAD SKILL: mycroft-alarm.mycroftai
2021-10-29 20:14:35.146 | INFO     |  5306 | mycroft.skills.settings:get_local_settings:83 | /opt/mycroft/skills/mycroft-alarm.mycroftai/settings.json
2021-10-29 20:14:35.147 | ERROR    |  5306 | AlarmSkill | Couldn't allocate mixer, ALSAAudioError('No such file or directory [default]')
2021-10-29 20:14:35.216 | INFO     |  5306 | mycroft.skills.skill_loader:_check_for_first_run:324 | First run of mycroft-alarm.mycroftai
2021-10-29 20:14:35.217 | INFO     |  5306 | mycroft.skills.settings:save_settings:116 | Skill settings successfully saved to /home/runner/.config/mycroft/skills/mycroft-alarm.mycroftai/settings.json
2021-10-29 20:14:35.247 | INFO     |  5306 | mycroft.skills.skill_loader:_communicate_load_status:344 | Skill mycroft-alarm.mycroftai loaded successfully
2021-10-29 20:14:35.247 | INFO     |  5306 | mycroft.skills.skill_loader:load:185 | ATTEMPTING TO LOAD SKILL: mycroft-naptime.mycroftai
2021-10-29 20:14:35.251 | INFO     |  5306 | mycroft.skills.settings:get_local_settings:83 | /opt/mycroft/skills/mycroft-naptime.mycroftai/settings.json
2021-10-29 20:14:35.263 | INFO     |  5306 | mycroft.skills.skill_loader:_check_for_first_run:324 | First run of mycroft-naptime.mycroftai
2021-10-29 20:14:35.263 | INFO     |  5306 | mycroft.skills.settings:save_settings:116 | Skill settings successfully saved to /home/runner/.config/mycroft/skills/mycroft-naptime.mycroftai/settings.json
2021-10-29 20:14:35.304 | INFO     |  5306 | mycroft.skills.skill_loader:_communicate_load_status:344 | Skill mycroft-naptime.mycroftai loaded successfully
2021-10-29 20:14:35.304 | INFO     |  5306 | mycroft.skills.skill_loader:load:185 | ATTEMPTING TO LOAD SKILL: mycroft-spelling.mycroftai
2021-10-29 20:14:35.307 | INFO     |  5306 | mycroft.skills.settings:get_local_settings:83 | /opt/mycroft/skills/mycroft-spelling.mycroftai/settings.json
2021-10-29 20:14:35.322 | INFO     |  5306 | mycroft.skills.skill_loader:_check_for_first_run:324 | First run of mycroft-spelling.mycroftai
2021-10-29 20:14:35.322 | INFO     |  5306 | mycroft.skills.settings:save_settings:116 | Skill settings successfully saved to /home/runner/.config/mycroft/skills/mycroft-spelling.mycroftai/settings.json
2021-10-29 20:14:35.361 | INFO     |  5306 | mycroft.skills.skill_loader:_communicate_load_status:344 | Skill mycroft-spelling.mycroftai loaded successfully
2021-10-29 20:14:35.362 | INFO     |  5306 | mycroft.skills.skill_loader:load:185 | ATTEMPTING TO LOAD SKILL: mycroft-fallback-duck-duck-go.mycroftai
2021-10-29 20:14:35.381 | INFO     |  5306 | mycroft.skills.settings:get_local_settings:83 | /opt/mycroft/skills/mycroft-fallback-duck-duck-go.mycroftai/settings.json
2021-10-29 20:14:35.413 | INFO     |  5306 | mycroft.skills.skill_loader:_check_for_first_run:324 | First run of mycroft-fallback-duck-duck-go.mycroftai
2021-10-29 20:14:35.414 | INFO     |  5306 | mycroft.skills.settings:save_settings:116 | Skill settings successfully saved to /home/runner/.config/mycroft/skills/mycroft-fallback-duck-duck-go.mycroftai/settings.json
2021-10-29 20:14:35.414 | INFO     |  5306 | mycroft.skills.skill_loader:_communicate_load_status:344 | Skill mycroft-fallback-duck-duck-go.mycroftai loaded successfully
2021-10-29 20:14:35.415 | INFO     |  5306 | mycroft.skills.skill_loader:load:185 | ATTEMPTING TO LOAD SKILL: mycroft-npr-news.mycroftai
2021-10-29 20:14:35.467 | INFO     |  5306 | mycroft.skills.settings:get_local_settings:83 | /opt/mycroft/skills/mycroft-npr-news.mycroftai/settings.json
2021-10-29 20:14:36.482 | INFO     |  5306 | mycroft.skills.skill_loader:_check_for_first_run:324 | First run of mycroft-npr-news.mycroftai
2021-10-29 20:14:36.482 | INFO     |  5306 | mycroft.skills.settings:save_settings:116 | Skill settings successfully saved to /home/runner/.config/mycroft/skills/mycroft-npr-news.mycroftai/settings.json
2021-10-29 20:14:36.483 | INFO     |  5306 | mycroft.skills.skill_loader:_communicate_load_status:344 | Skill mycroft-npr-news.mycroftai loaded successfully
2021-10-29 20:14:36.483 | INFO     |  5306 | mycroft.skills.skill_loader:load:185 | ATTEMPTING TO LOAD SKILL: mycroft-support-helper.mycroftai
2021-10-29 20:14:36.496 | INFO     |  5306 | mycroft.skills.settings:get_local_settings:83 | /opt/mycroft/skills/mycroft-support-helper.mycroftai/settings.json
2021-10-29 20:14:36.506 | INFO     |  5306 | mycroft.skills.skill_loader:_check_for_first_run:324 | First run of mycroft-support-helper.mycroftai
2021-10-29 20:14:36.507 | INFO     |  5306 | mycroft.skills.settings:save_settings:116 | Skill settings successfully saved to /home/runner/.config/mycroft/skills/mycroft-support-helper.mycroftai/settings.json
2021-10-29 20:14:36.508 | INFO     |  5306 | mycroft.skills.skill_loader:_communicate_load_status:344 | Skill mycroft-support-helper.mycroftai loaded successfully
2021-10-29 20:14:36.508 | INFO     |  5306 | mycroft.skills.skill_loader:load:185 | ATTEMPTING TO LOAD SKILL: mycroft-weather.mycroftai
2021-10-29 20:14:36.527 | INFO     |  5306 | mycroft.skills.settings:get_local_settings:83 | /opt/mycroft/skills/mycroft-weather.mycroftai/settings.json
2021-10-29 20:14:36.569 | INFO     |  5306 | mycroft.skills.skill_loader:_check_for_first_run:324 | First run of mycroft-weather.mycroftai
2021-10-29 20:14:36.570 | INFO     |  5306 | mycroft.skills.settings:save_settings:116 | Skill settings successfully saved to /home/runner/.config/mycroft/skills/mycroft-weather.mycroftai/settings.json
2021-10-29 20:14:36.570 | INFO     |  5306 | mycroft.skills.skill_loader:_communicate_load_status:344 | Skill mycroft-weather.mycroftai loaded successfully
2021-10-29 20:14:36.571 | INFO     |  5306 | mycroft.skills.skill_loader:load:185 | ATTEMPTING TO LOAD SKILL: mycroft-speak.mycroftai
2021-10-29 20:14:36.574 | INFO     |  5306 | mycroft.skills.settings:get_local_settings:83 | /opt/mycroft/skills/mycroft-speak.mycroftai/settings.json
2021-10-29 20:14:36.585 | INFO     |  5306 | mycroft.skills.skill_loader:_check_for_first_run:324 | First run of mycroft-speak.mycroftai
2021-10-29 20:14:36.587 | INFO     |  5306 | mycroft.skills.settings:save_settings:116 | Skill settings successfully saved to /home/runner/.config/mycroft/skills/mycroft-speak.mycroftai/settings.json
2021-10-29 20:14:36.588 | INFO     |  5306 | mycroft.skills.skill_loader:_communicate_load_status:344 | Skill mycroft-speak.mycroftai loaded successfully
2021-10-29 20:14:36.588 | INFO     |  5306 | mycroft.skills.skill_loader:load:185 | ATTEMPTING TO LOAD SKILL: mycroft-audio-record.mycroftai
2021-10-29 20:14:36.600 | INFO     |  5306 | mycroft.skills.settings:get_local_settings:83 | /opt/mycroft/skills/mycroft-audio-record.mycroftai/settings.json
2021-10-29 20:14:36.615 | INFO     |  5306 | mycroft.skills.skill_loader:_check_for_first_run:324 | First run of mycroft-audio-record.mycroftai
2021-10-29 20:14:36.616 | INFO     |  5306 | mycroft.skills.settings:save_settings:116 | Skill settings successfully saved to /home/runner/.config/mycroft/skills/mycroft-audio-record.mycroftai/settings.json
2021-10-29 20:14:36.621 | INFO     |  5306 | mycroft.skills.skill_loader:_communicate_load_status:344 | Skill mycroft-audio-record.mycroftai loaded successfully
2021-10-29 20:14:36.622 | INFO     |  5306 | mycroft.skills.skill_loader:load:185 | ATTEMPTING TO LOAD SKILL: mycroft-stop.mycroftai
2021-10-29 20:14:36.629 | INFO     |  5306 | mycroft.skills.settings:get_local_settings:83 | /opt/mycroft/skills/mycroft-stop.mycroftai/settings.json
2021-10-29 20:14:36.650 | INFO     |  5306 | mycroft.skills.skill_loader:_check_for_first_run:324 | First run of mycroft-stop.mycroftai
2021-10-29 20:14:36.650 | INFO     |  5306 | mycroft.skills.settings:save_settings:116 | Skill settings successfully saved to /home/runner/.config/mycroft/skills/mycroft-stop.mycroftai/settings.json
2021-10-29 20:14:36.651 | INFO     |  5306 | mycroft.skills.skill_loader:_communicate_load_status:344 | Skill mycroft-stop.mycroftai loaded successfully
2021-10-29 20:14:36.651 | INFO     |  5306 | mycroft.skills.skill_loader:load:185 | ATTEMPTING TO LOAD SKILL: mycroft-hello-world.mycroftai
2021-10-29 20:14:36.659 | INFO     |  5306 | mycroft.skills.settings:get_local_settings:83 | /opt/mycroft/skills/mycroft-hello-world.mycroftai/settings.json
2021-10-29 20:14:36.676 | INFO     |  5306 | mycroft.skills.skill_loader:_check_for_first_run:324 | First run of mycroft-hello-world.mycroftai
2021-10-29 20:14:36.680 | INFO     |  5306 | mycroft.skills.settings:save_settings:116 | Skill settings successfully saved to /home/runner/.config/mycroft/skills/mycroft-hello-world.mycroftai/settings.json
2021-10-29 20:14:36.683 | INFO     |  5306 | mycroft.skills.skill_loader:_communicate_load_status:344 | Skill mycroft-hello-world.mycroftai loaded successfully
2021-10-29 20:14:36.683 | INFO     |  5306 | mycroft.skills.skill_loader:load:185 | ATTEMPTING TO LOAD SKILL: mycroft-date-time.mycroftai
2021-10-29 20:14:37.328 | INFO     |  5306 | mycroft.skills.settings:get_local_settings:83 | /opt/mycroft/skills/mycroft-date-time.mycroftai/settings.json
2021-10-29 20:14:37.381 | INFO     |  5306 | TimeSkill | Registering resting screen <bound method TimeSkill.handle_idle of <mycroft-date-time_mycroftai.TimeSkill object at 0x7fbd0093d810>> for Time and Date.
2021-10-29 20:14:37.382 | INFO     |  5306 | TimeSkill | Registering resting screen
2021-10-29 20:14:37.398 | INFO     |  5306 | mycroft.skills.skill_loader:_check_for_first_run:324 | First run of mycroft-date-time.mycroftai
2021-10-29 20:14:37.398 | INFO     |  5306 | mycroft.skills.settings:save_settings:116 | Skill settings successfully saved to /home/runner/.config/mycroft/skills/mycroft-date-time.mycroftai/settings.json
2021-10-29 20:14:37.401 | INFO     |  5306 | mycroft.skills.skill_loader:_communicate_load_status:344 | Skill mycroft-date-time.mycroftai loaded successfully
2021-10-29 20:14:37.402 | INFO     |  5306 | mycroft.skills.skill_loader:load:185 | ATTEMPTING TO LOAD SKILL: mycroft-configuration.mycroftai
2021-10-29 20:14:37.417 | INFO     |  5306 | mycroft.skills.settings:get_local_settings:83 | /opt/mycroft/skills/mycroft-configuration.mycroftai/settings.json
2021-10-29 20:14:37.444 | INFO     |  5306 | mycroft.skills.skill_loader:_check_for_first_run:324 | First run of mycroft-configuration.mycroftai
2021-10-29 20:14:37.504 | INFO     |  5306 | mycroft.skills.settings:save_settings:116 | Skill settings successfully saved to /home/runner/.config/mycroft/skills/mycroft-configuration.mycroftai/settings.json
2021-10-29 20:14:37.505 | INFO     |  5306 | mycroft.skills.skill_loader:_communicate_load_status:344 | Skill mycroft-configuration.mycroftai loaded successfully
2021-10-29 20:14:37.505 | INFO     |  5306 | mycroft.skills.skill_loader:load:185 | ATTEMPTING TO LOAD SKILL: fallback-query.mycroftai
2021-10-29 20:14:37.529 | INFO     |  5306 | mycroft.skills.settings:get_local_settings:83 | /opt/mycroft/skills/fallback-query.mycroftai/settings.json
2021-10-29 20:14:37.536 | INFO     |  5306 | mycroft.skills.skill_loader:_check_for_first_run:324 | First run of fallback-query.mycroftai
2021-10-29 20:14:37.544 | INFO     |  5306 | mycroft.skills.settings:save_settings:116 | Skill settings successfully saved to /home/runner/.config/mycroft/skills/fallback-query.mycroftai/settings.json
2021-10-29 20:14:37.545 | INFO     |  5306 | mycroft.skills.skill_loader:_communicate_load_status:344 | Skill fallback-query.mycroftai loaded successfully
2021-10-29 20:14:37.545 | INFO     |  5306 | mycroft.skills.skill_loader:load:185 | ATTEMPTING TO LOAD SKILL: mycroft-personal.mycroftai
2021-10-29 20:14:37.556 | INFO     |  5306 | mycroft.skills.settings:get_local_settings:83 | /opt/mycroft/skills/mycroft-personal.mycroftai/settings.json
2021-10-29 20:14:37.585 | INFO     |  5306 | mycroft.skills.skill_loader:_check_for_first_run:324 | First run of mycroft-personal.mycroftai
2021-10-29 20:14:37.585 | INFO     |  5306 | mycroft.skills.settings:save_settings:116 | Skill settings successfully saved to /home/runner/.config/mycroft/skills/mycroft-personal.mycroftai/settings.json
2021-10-29 20:14:37.587 | INFO     |  5306 | mycroft.skills.skill_loader:_communicate_load_status:344 | Skill mycroft-personal.mycroftai loaded successfully
2021-10-29 20:14:37.588 | INFO     |  5306 | mycroft.skills.skill_loader:load:185 | ATTEMPTING TO LOAD SKILL: fallback-wolfram-alpha.mycroftai
2021-10-29 20:14:37.657 | INFO     |  5306 | mycroft.skills.settings:get_local_settings:83 | /opt/mycroft/skills/fallback-wolfram-alpha.mycroftai/settings.json
2021-10-29 20:14:37.673 | INFO     |  5306 | mycroft.skills.skill_loader:_check_for_first_run:324 | First run of fallback-wolfram-alpha.mycroftai
2021-10-29 20:14:37.676 | INFO     |  5306 | mycroft.skills.settings:save_settings:116 | Skill settings successfully saved to /home/runner/.config/mycroft/skills/fallback-wolfram-alpha.mycroftai/settings.json
2021-10-29 20:14:37.676 | INFO     |  5306 | mycroft.skills.skill_loader:_communicate_load_status:344 | Skill fallback-wolfram-alpha.mycroftai loaded successfully
2021-10-29 20:14:37.677 | INFO     |  5306 | mycroft.skills.skill_loader:load:185 | ATTEMPTING TO LOAD SKILL: mycroft-wiki.mycroftai
2021-10-29 20:14:37.686 | INFO     |  5306 | mycroft.skills.settings:get_local_settings:83 | /opt/mycroft/skills/mycroft-wiki.mycroftai/settings.json
2021-10-29 20:14:37.761 | INFO     |  5306 | mycroft.skills.skill_loader:_check_for_first_run:324 | First run of mycroft-wiki.mycroftai
2021-10-29 20:14:37.767 | INFO     |  5306 | mycroft.skills.settings:save_settings:116 | Skill settings successfully saved to /home/runner/.config/mycroft/skills/mycroft-wiki.mycroftai/settings.json
2021-10-29 20:14:37.787 | INFO     |  5306 | mycroft.skills.skill_loader:_communicate_load_status:344 | Skill mycroft-wiki.mycroftai loaded successfully
2021-10-29 20:14:37.788 | INFO     |  5306 | mycroft.skills.skill_loader:load:185 | ATTEMPTING TO LOAD SKILL: fallback-unknown.mycroftai
2021-10-29 20:14:37.800 | INFO     |  5306 | mycroft.skills.settings:get_local_settings:83 | /opt/mycroft/skills/fallback-unknown.mycroftai/settings.json
2021-10-29 20:14:37.828 | INFO     |  5306 | mycroft.skills.skill_loader:_check_for_first_run:324 | First run of fallback-unknown.mycroftai
2021-10-29 20:14:37.829 | INFO     |  5306 | mycroft.skills.settings:save_settings:116 | Skill settings successfully saved to /home/runner/.config/mycroft/skills/fallback-unknown.mycroftai/settings.json
2021-10-29 20:14:37.829 | INFO     |  5306 | mycroft.skills.skill_loader:_communicate_load_status:344 | Skill fallback-unknown.mycroftai loaded successfully
2021-10-29 20:14:37.830 | INFO     |  5306 | mycroft.skills.skill_loader:load:185 | ATTEMPTING TO LOAD SKILL: mycroft-playback-control.mycroftai
2021-10-29 20:14:37.842 | INFO     |  5306 | mycroft.skills.settings:get_local_settings:83 | /opt/mycroft/skills/mycroft-playback-control.mycroftai/settings.json
2021-10-29 20:14:37.908 | INFO     |  5306 | mycroft.skills.skill_loader:_check_for_first_run:324 | First run of mycroft-playback-control.mycroftai
2021-10-29 20:14:37.909 | INFO     |  5306 | mycroft.skills.settings:save_settings:116 | Skill settings successfully saved to /home/runner/.config/mycroft/skills/mycroft-playback-control.mycroftai/settings.json
2021-10-29 20:14:37.913 | INFO     |  5306 | mycroft.skills.skill_loader:_communicate_load_status:344 | Skill mycroft-playback-control.mycroftai loaded successfully
2021-10-29 20:14:37.914 | INFO     |  5306 | mycroft.skills.skill_manager:_load_on_startup:275 | Skills all loaded!
2021-10-29 20:14:37.941 | INFO     |  5306 | __main__:on_ready:185 | Skills service is ready.
2021-10-29 20:14:38.017 | INFO     |  5306 | mycroft.skills.intent_services.padatious_service:train:151 | Training... (single_thread=False)
Regenerated mycroft-alarm.mycroftai:{daytype}.
Regenerated mycroft-reminder.mycroftai:Reminder.intent.
Regenerated mycroft-installer.mycroftai:install.intent.
Regenerated mycroft-installer.mycroftai:install.custom.intent.
Regenerated mycroft-installer.mycroftai:remove.intent.
Regenerated mycroft-installer.mycroftai:install.beta.intent.
Regenerated mycroft-installer.mycroftai:list.skills.intent.
Regenerated mycroft-installer.mycroftai:is.installed.intent.
Regenerated mycroft-timer.mycroftai:start.timer.intent.
Regenerated homeassistant.mycroftai:cover.open.intent.
Regenerated homeassistant.mycroftai:turn.off.intent.
Regenerated homeassistant.mycroftai:decrease.light.brightness.intent.
Regenerated homeassistant.mycroftai:turn.on.intent.
Regenerated homeassistant.mycroftai:set.climate.intent.
Regenerated homeassistant.mycroftai:automation.intent.
Regenerated homeassistant.mycroftai:sensor.intent.
Regenerated mycroft-alarm.mycroftai:change.alarm.sound.intent.
Regenerated mycroft-configuration.mycroftai:DisablePreciseDev.intent.
Regenerated mycroft-configuration.mycroftai:EnablePreciseDev.intent.
Regenerated mycroft-configuration.mycroftai:WhereAreYou.intent.
Regenerated mycroft-personal.mycroftai:WhoAreYou.intent.
Regenerated mycroft-personal.mycroftai:DoYouRhyme.intent.
Regenerated mycroft-personal.mycroftai:WhereWereYouBorn.intent.
Regenerated mycroft-personal.mycroftai:WhatAreYou.intent.
Regenerated mycroft-personal.mycroftai:DoYouDream.intent.
Regenerated mycroft-reminder.mycroftai:DeleteReminderForDay.intent.
Regenerated mycroft-reminder.mycroftai:CancelActiveReminder.intent.
Regenerated mycroft-reminder.mycroftai:ClearReminders.intent.
Regenerated mycroft-reminder.mycroftai:SnoozeReminder.intent.
Regenerated mycroft-reminder.mycroftai:GetNextReminders.intent.
Regenerated mycroft-reminder.mycroftai:UnspecifiedReminderAt.intent.
Regenerated mycroft-reminder.mycroftai:ReminderAt.intent.
Regenerated mycroft-reminder.mycroftai:GetRemindersForDay.intent.
Regenerated mycroft-timer.mycroftai:timer.status.intent.
Regenerated homeassistant.mycroftai:cover.close.intent.
Regenerated homeassistant.mycroftai:increase.light.brightness.intent.
Regenerated homeassistant.mycroftai:set.light.brightness.intent.
Regenerated homeassistant.mycroftai:add.item.shopping.list.intent.
Regenerated homeassistant.mycroftai:cover.stop.intent.
Regenerated homeassistant.mycroftai:toggle.intent.
Regenerated homeassistant.mycroftai:tracker.intent.
Regenerated mycroft-alarm.mycroftai:snooze.intent.
Regenerated mycroft-npr-news.mycroftai:PlayTheNews.intent.
Regenerated mycroft-support-helper.mycroftai:contact.support.intent.
Regenerated mycroft-weather.mycroftai:do-i-need-an-umbrella.intent.
Regenerated mycroft-audio-record.mycroftai:StartRecording.intent.
Regenerated mycroft-audio-record.mycroftai:PlayRecording.intent.
Regenerated mycroft-stop.mycroftai:ssh.disable.intent.
Regenerated mycroft-stop.mycroftai:ssh.enable.intent.
Regenerated mycroft-stop.mycroftai:wifi.setup.intent.
Regenerated mycroft-stop.mycroftai:shutdown.intent.
Regenerated mycroft-stop.mycroftai:reboot.intent.
Regenerated mycroft-hello-world.mycroftai:HowAreYou.intent.
Regenerated mycroft-date-time.mycroftai:what.time.will.it.be.intent.
Regenerated mycroft-date-time.mycroftai:date.last.weekend.intent.
Regenerated mycroft-date-time.mycroftai:what.time.is.it.intent.
Regenerated mycroft-date-time.mycroftai:date.future.weekend.intent.
Regenerated mycroft-personal.mycroftai:WhenWereYouBorn.intent.
Regenerated mycroft-personal.mycroftai:WhoMadeYou.intent.
Regenerated mycroft-wiki.mycroftai:Random.intent.
2021-10-29 20:14:41.164 | INFO     |  5306 | mycroft.skills.intent_services.padatious_service:train:153 | Training complete.
2021-10-29 20:14:54.645 | INFO     |  5306 | mycroft.skills.settings:save_settings:116 | Skill settings successfully saved to /home/runner/.config/mycroft/skills/mycroft-timer.mycroftai/settings.json
2021-10-29 20:14:56.066 | INFO     |  5306 | mycroft.skills.settings:save_settings:116 | Skill settings successfully saved to /home/runner/.config/mycroft/skills/mycroft-pairing.mycroftai/settings.json
2021-10-29 20:15:16.890 | INFO     |  5306 | __main__:on_stopping:193 | Skills service is shutting down...
2021-10-29 20:15:16.891 | INFO     |  5306 | __main__:shutdown:284 | Shutting down Skills service
2021-10-29 20:15:17.212 | ERROR    |  5306 | VolumeSkill | Couldn't allocate mixer, ALSAAudioError('No such file or directory [default]')
2021-10-29 20:15:17.214 | INFO     |  5306 | mycroft.skills.settings:save_settings:116 | Skill settings successfully saved to /home/runner/.config/mycroft/skills/mycroft-volume.mycroftai/settings.json
2021-10-29 20:15:17.215 | INFO     |  5306 | mycroft.skills.settings:save_settings:116 | Skill settings successfully saved to /home/runner/.config/mycroft/skills/mycroft-ip.mycroftai/settings.json
2021-10-29 20:15:17.216 | INFO     |  5306 | mycroft.skills.settings:save_settings:116 | Skill settings successfully saved to /home/runner/.config/mycroft/skills/mycroft-reminder.mycroftai/settings.json
2021-10-29 20:15:17.219 | INFO     |  5306 | mycroft.skills.settings:save_settings:116 | Skill settings successfully saved to /home/runner/.config/mycroft/skills/mycroft-installer.mycroftai/settings.json
2021-10-29 20:15:17.223 | INFO     |  5306 | mycroft.skills.settings:save_settings:116 | Skill settings successfully saved to /home/runner/.config/mycroft/skills/mycroft-version-checker.mycroftai/settings.json
2021-10-29 20:15:17.235 | INFO     |  5306 | mycroft.skills.settings:save_settings:116 | Skill settings successfully saved to /home/runner/.config/mycroft/skills/mycroft-singing.mycroftai/settings.json
2021-10-29 20:15:17.236 | INFO     |  5306 | mycroft.skills.settings:save_settings:116 | Skill settings successfully saved to /home/runner/.config/mycroft/skills/mycroft-joke.mycroftai/settings.json
2021-10-29 20:15:17.268 | INFO     |  5306 | HomeAssistantSkill | Removing all handlers...
2021-10-29 20:15:17.269 | WARNING  |  5306 | mycroft.skills.fallback_skill:remove_fallback:185 | Could not find matching fallback handler
2021-10-29 20:15:17.270 | INFO     |  5306 | mycroft.skills.settings:save_settings:116 | Skill settings successfully saved to /home/runner/.config/mycroft/skills/mycroft-alarm.mycroftai/settings.json
2021-10-29 20:15:17.271 | INFO     |  5306 | mycroft.skills.settings:save_settings:116 | Skill settings successfully saved to /home/runner/.config/mycroft/skills/mycroft-naptime.mycroftai/settings.json
2021-10-29 20:15:17.273 | INFO     |  5306 | mycroft.skills.settings:save_settings:116 | Skill settings successfully saved to /home/runner/.config/mycroft/skills/mycroft-spelling.mycroftai/settings.json
2021-10-29 20:15:17.290 | INFO     |  5306 | mycroft.skills.settings:save_settings:116 | Skill settings successfully saved to /home/runner/.config/mycroft/skills/mycroft-fallback-duck-duck-go.mycroftai/settings.json
2021-10-29 20:15:17.291 | INFO     |  5306 | mycroft.skills.settings:save_settings:116 | Skill settings successfully saved to /home/runner/.config/mycroft/skills/mycroft-npr-news.mycroftai/settings.json
2021-10-29 20:15:17.292 | INFO     |  5306 | mycroft.skills.settings:save_settings:116 | Skill settings successfully saved to /home/runner/.config/mycroft/skills/mycroft-support-helper.mycroftai/settings.json
2021-10-29 20:15:17.292 | INFO     |  5306 | mycroft.skills.settings:save_settings:116 | Skill settings successfully saved to /home/runner/.config/mycroft/skills/mycroft-weather.mycroftai/settings.json
2021-10-29 20:15:17.293 | INFO     |  5306 | mycroft.skills.settings:save_settings:116 | Skill settings successfully saved to /home/runner/.config/mycroft/skills/mycroft-speak.mycroftai/settings.json
2021-10-29 20:15:17.294 | INFO     |  5306 | mycroft.skills.settings:save_settings:116 | Skill settings successfully saved to /home/runner/.config/mycroft/skills/mycroft-audio-record.mycroftai/settings.json
2021-10-29 20:15:17.295 | INFO     |  5306 | mycroft.skills.settings:save_settings:116 | Skill settings successfully saved to /home/runner/.config/mycroft/skills/mycroft-stop.mycroftai/settings.json
2021-10-29 20:15:17.336 | INFO     |  5306 | mycroft.skills.settings:save_settings:116 | Skill settings successfully saved to /home/runner/.config/mycroft/skills/mycroft-hello-world.mycroftai/settings.json
2021-10-29 20:15:17.337 | INFO     |  5306 | mycroft.skills.settings:save_settings:116 | Skill settings successfully saved to /home/runner/.config/mycroft/skills/mycroft-date-time.mycroftai/settings.json
2021-10-29 20:15:17.339 | INFO     |  5306 | mycroft.skills.settings:save_settings:116 | Skill settings successfully saved to /home/runner/.config/mycroft/skills/mycroft-configuration.mycroftai/settings.json
2021-10-29 20:15:17.343 | INFO     |  5306 | QuestionsAnswersSkill | Removing all handlers...
2021-10-29 20:15:17.344 | INFO     |  5306 | mycroft.skills.settings:save_settings:116 | Skill settings successfully saved to /home/runner/.config/mycroft/skills/fallback-query.mycroftai/settings.json
2021-10-29 20:15:17.345 | INFO     |  5306 | mycroft.skills.settings:save_settings:116 | Skill settings successfully saved to /home/runner/.config/mycroft/skills/mycroft-personal.mycroftai/settings.json
2021-10-29 20:15:17.347 | INFO     |  5306 | mycroft.skills.settings:save_settings:116 | Skill settings successfully saved to /home/runner/.config/mycroft/skills/fallback-wolfram-alpha.mycroftai/settings.json
2021-10-29 20:15:17.354 | INFO     |  5306 | mycroft.skills.settings:save_settings:116 | Skill settings successfully saved to /home/runner/.config/mycroft/skills/mycroft-wiki.mycroftai/settings.json
2021-10-29 20:15:17.355 | INFO     |  5306 | UnknownSkill | Removing all handlers...
2021-10-29 20:15:17.356 | INFO     |  5306 | mycroft.skills.settings:save_settings:116 | Skill settings successfully saved to /home/runner/.config/mycroft/skills/fallback-unknown.mycroftai/settings.json
2021-10-29 20:15:17.357 | INFO     |  5306 | mycroft.skills.settings:save_settings:116 | Skill settings successfully saved to /home/runner/.config/mycroft/skills/mycroft-playback-control.mycroftai/settings.json
2021-10-29 20:15:18.376 | INFO     |  5306 | Playback Control Skill | Audio service status: {}
2021-10-29 20:15:19.378 | WARNING  |  5306 | mycroft.skills.skill_manager:_shutdown_skill:106 | mycroft-playback-control.mycroftai shutdown took 2.020301033999999 seconds
2021-10-29 20:15:19.378 | INFO     |  5306 | __main__:shutdown:291 | Skills service shutdown complete!
2021-10-29 20:15:20.474 | ERROR    |  5306 | websocket | error from callback <bound method MessageBusClient.on_message of <mycroft.messagebus.client.client.MessageBusClient object at 0x7fbd08f3d990>>: cannot schedule new futures after shutdown
2021-10-29 20:15:20.475 | ERROR    |  5306 | mycroft_bus_client.client.client | === RuntimeError('cannot schedule new futures after shutdown') ===
Traceback (most recent call last):
  File "/opt/mycroft-core/.venv/lib/python3.7/site-packages/websocket/_app.py", line 407, in _callback
    callback(self, *args)
  File "/opt/mycroft-core/.venv/lib/python3.7/site-packages/mycroft_bus_client/client/client.py", line 182, in on_message
    self.emitter.emit('message', message)
  File "/opt/mycroft-core/.venv/lib/python3.7/site-packages/pyee/_base.py", line 113, in emit
    handled = self._call_handlers(event, args, kwargs)
  File "/opt/mycroft-core/.venv/lib/python3.7/site-packages/pyee/_base.py", line 96, in _call_handlers
    self._emit_run(f, args, kwargs)
  File "/opt/mycroft-core/.venv/lib/python3.7/site-packages/pyee/_executor.py", line 50, in _emit_run
    future = self._executor.submit(f, *args, **kwargs)
  File "/opt/hostedtoolcache/Python/3.7.12/x64/lib/python3.7/concurrent/futures/thread.py", line 163, in submit
    raise RuntimeError('cannot schedule new futures after shutdown')
RuntimeError: cannot schedule new futures after shutdown
2021-10-29 20:15:20.475 | ERROR    |  5306 | mycroft_bus_client.client.client | Exception closing websocket: RuntimeError('cannot schedule new futures after shutdown')
2021-10-29 20:15:20.476 | WARNING  |  5306 | mycroft_bus_client.client.client | Message Bus Client will reconnect in 5.0 seconds.
