2021-10-25 12:52:54.711 | INFO     |  5740 | mycroft.messagebus.load_config:load_message_bus_config:33 | Loading message bus configs
2021-10-25 12:52:54.730 | INFO     |  5740 | mycroft_bus_client.client.client | Connected
2021-10-25 12:52:54.735 | INFO     |  5740 | mycroft.util.process_utils:start_message_bus_client:155 | Connected to messagebus
2021-10-25 12:52:54.745 | INFO     |  5740 | mycroft.skills.msm_wrapper:create_msm:96 | Acquiring lock to instantiate MSM
2021-10-25 12:52:56.305 | INFO     |  5740 | msm.mycroft_skills_manager | building SkillEntry objects for all skills
2021-10-25 12:52:57.203 | INFO     |  5740 | mycroft.skills.msm_wrapper:create_msm:112 | Releasing MSM instantiation lock.
2021-10-25 12:52:57.204 | INFO     |  5740 | mycroft.skills.skill_updater:_log_next_download_time:267 | Next scheduled skill update: 2021-10-25 12:52:56.203601
2021-10-25 12:52:57.204 | INFO     |  5740 | msm.skill_entry | Downloading skill: https://github.com/mycroftai/skill-pairing
2021-10-25 12:52:58.638 | INFO     |  5740 | msm.skill_entry | Installing system requirements...
2021-10-25 12:52:58.677 | INFO     |  5740 | msm.skill_entry | Successfully installed mycroft-pairing
2021-10-25 12:52:58.677 | INFO     |  5740 | msm.mycroft_skills_manager | invalidating skills cache
2021-10-25 12:52:58.679 | INFO     |  5740 | mycroft.skills.skill_loader:load:185 | ATTEMPTING TO LOAD SKILL: mycroft-pairing.mycroftai
2021-10-25 12:52:58.687 | INFO     |  5740 | mycroft.skills.settings:get_local_settings:83 | /opt/mycroft/skills/mycroft-pairing.mycroftai/settings.json
2021-10-25 12:52:58.731 | INFO     |  5740 | mycroft.skills.skill_loader:_check_for_first_run:324 | First run of mycroft-pairing.mycroftai
2021-10-25 12:52:58.732 | INFO     |  5740 | mycroft.skills.settings:save_settings:116 | Skill settings successfully saved to /home/runner/.config/mycroft/skills/mycroft-pairing.mycroftai/settings.json
2021-10-25 12:52:58.733 | INFO     |  5740 | mycroft.skills.skill_loader:_communicate_load_status:344 | Skill mycroft-pairing.mycroftai loaded successfully
2021-10-25 12:52:58.733 | INFO     |  5740 | msm.skill_entry | Downloading skill: https://github.com/mycroftai/skill-volume
2021-10-25 12:52:59.282 | INFO     |  5740 | msm.skill_entry | Installing system requirements...
2021-10-25 12:52:59.294 | INFO     |  5740 | msm.skill_entry | Installing requirements.txt for mycroft-volume
2021-10-25 12:53:00.520 | INFO     |  5740 | msm.skill_entry | Successfully installed mycroft-volume
2021-10-25 12:53:00.520 | INFO     |  5740 | msm.mycroft_skills_manager | invalidating skills cache
2021-10-25 12:53:00.522 | INFO     |  5740 | mycroft.skills.skill_loader:load:185 | ATTEMPTING TO LOAD SKILL: mycroft-volume.mycroftai
2021-10-25 12:53:00.540 | INFO     |  5740 | mycroft.skills.settings:get_local_settings:83 | /opt/mycroft/skills/mycroft-volume.mycroftai/settings.json
2021-10-25 12:53:00.684 | ERROR    |  5740 | VolumeSkill | Couldn't allocate mixer, ALSAAudioError('No such file or directory [default]')
2021-10-25 12:53:03.688 | INFO     |  5740 | mycroft.skills.skill_loader:_check_for_first_run:324 | First run of mycroft-volume.mycroftai
2021-10-25 12:53:03.689 | INFO     |  5740 | mycroft.skills.settings:save_settings:116 | Skill settings successfully saved to /home/runner/.config/mycroft/skills/mycroft-volume.mycroftai/settings.json
2021-10-25 12:53:03.690 | INFO     |  5740 | mycroft.skills.skill_loader:_communicate_load_status:344 | Skill mycroft-volume.mycroftai loaded successfully
2021-10-25 12:53:03.691 | INFO     |  5740 | __main__:on_started:177 | Skills service is starting up.
2021-10-25 12:53:03.763 | INFO     |  5740 | __main__:_update_system:154 | Attempting system update...
2021-10-25 12:53:06.766 | INFO     |  5740 | mycroft.enclosure.display_manager:_write_data:70 | Display Manager is creating /tmp/mycroft/ipc/managers/disp_info
2021-10-25 12:53:06.767 | INFO     |  5740 | __main__:_ensure_device_is_paired:133 | Device not paired, invoking the pairing skill
2021-10-25 12:53:06.769 | INFO     |  5740 | __main__:on_alive:181 | Skills service is alive.
2021-10-25 12:53:06.777 | INFO     |  5740 | msm.mycroft_skills_manager | building SkillEntry objects for all skills
2021-10-25 12:53:07.173 | INFO     |  5740 | PairingSkill | Communicating account URL to user
2021-10-25 12:53:07.534 | WARNING  |  5740 | msm.mycroft_skills_manager | No such default skill: mycroft-pandora
2021-10-25 12:53:07.536 | INFO     |  5740 | mycroft.skills.skill_manager:run:234 | Not all default skills are installed, performing skill update...
2021-10-25 12:53:07.536 | INFO     |  5740 | mycroft.skills.skill_updater:update_skills:149 | Beginning skill update...
2021-10-25 12:53:07.612 | INFO     |  5740 | msm.mycroft_skills_manager | building SkillEntry objects for all skills
2021-10-25 12:53:08.332 | INFO     |  5740 | msm.mycroft_skills_manager | invalidating skills cache
2021-10-25 12:53:08.367 | INFO     |  5740 | msm.skill_entry | Downloading skill: https://github.com/mycroftai/fallback-unknown
2021-10-25 12:53:08.374 | INFO     |  5740 | msm.skill_entry | Downloading skill: https://github.com/mycroftai/fallback-wolfram-alpha
2021-10-25 12:53:08.375 | INFO     |  5740 | msm.skill_entry | Downloading skill: https://github.com/mycroftai/skill-audio-record
2021-10-25 12:53:08.389 | INFO     |  5740 | msm.skill_entry | Downloading skill: https://github.com/mycroftai/skill-configuration
2021-10-25 12:53:08.397 | INFO     |  5740 | msm.skill_entry | Downloading skill: https://github.com/mycroftai/skill-alarm
2021-10-25 12:53:08.403 | INFO     |  5740 | msm.skill_entry | Downloading skill: https://github.com/mycroftai/skill-date-time
2021-10-25 12:53:08.411 | INFO     |  5740 | msm.skill_entry | Downloading skill: https://github.com/mycroftai/fallback-duckduckgo
2021-10-25 12:53:08.440 | INFO     |  5740 | msm.skill_entry | Downloading skill: https://github.com/mycroftai/skill-ip
2021-10-25 12:53:08.451 | INFO     |  5740 | msm.skill_entry | Downloading skill: https://github.com/mycroftai/skill-naptime
2021-10-25 12:53:08.475 | INFO     |  5740 | msm.skill_entry | Downloading skill: https://github.com/mycroftai/skill-installer
2021-10-25 12:53:08.477 | INFO     |  5740 | msm.skill_entry | Downloading skill: https://github.com/mycroftai/skill-joke
2021-10-25 12:53:08.484 | INFO     |  5740 | msm.skill_entry | Downloading skill: https://github.com/mycroftai/skill-playback-control
2021-10-25 12:53:08.487 | INFO     |  5740 | msm.skill_entry | Downloading skill: https://github.com/mycroftai/skill-reminder
2021-10-25 12:53:08.493 | INFO     |  5740 | msm.skill_entry | Downloading skill: https://github.com/mycroftai/skill-singing
2021-10-25 12:53:08.502 | INFO     |  5740 | msm.skill_entry | Downloading skill: https://github.com/mycroftai/skill-npr-news
2021-10-25 12:53:08.507 | INFO     |  5740 | msm.skill_entry | Downloading skill: https://github.com/mycroftai/skill-hello-world
2021-10-25 12:53:08.510 | INFO     |  5740 | msm.skill_entry | Downloading skill: https://github.com/mycroftai/skill-personal
2021-10-25 12:53:09.757 | INFO     |  5740 | msm.skill_entry | Installing system requirements...
2021-10-25 12:53:09.841 | INFO     |  5740 | msm.skill_entry | Installing system requirements...
2021-10-25 12:53:09.893 | INFO     |  5740 | msm.skill_entry | Successfully installed fallback-unknown
2021-10-25 12:53:09.893 | INFO     |  5740 | msm.mycroft_skills_manager | invalidating skills cache
2021-10-25 12:53:09.895 | INFO     |  5740 | msm.skill_entry | Downloading skill: https://github.com/mycroftai/skill-speak
2021-10-25 12:53:10.014 | INFO     |  5740 | msm.skill_entry | Installing requirements.txt for fallback-wolfram-alpha
2021-10-25 12:53:10.470 | INFO     |  5740 | msm.skill_entry | Installing system requirements...
2021-10-25 12:53:10.475 | INFO     |  5740 | msm.skill_entry | Installing system requirements...
2021-10-25 12:53:10.551 | INFO     |  5740 | msm.skill_entry | Installing system requirements...
2021-10-25 12:53:10.689 | INFO     |  5740 | msm.skill_entry | Installing system requirements...
2021-10-25 12:53:10.711 | INFO     |  5740 | msm.skill_entry | Installing requirements.txt for mycroft-fallback-duck-duck-go
2021-10-25 12:53:10.712 | INFO     |  5740 | msm.skill_entry | Installing requirements.txt for mycroft-ip
2021-10-25 12:53:10.773 | INFO     |  5740 | msm.skill_entry | Installing system requirements...
2021-10-25 12:53:10.784 | ERROR    |  5740 | msm.mycroft_skills_manager | Error running install_or_update on homeassistant.mycroftai: MergeConflict
2021-10-25 12:53:10.801 | INFO     |  5740 | msm.skill_entry | Downloading skill: https://github.com/mycroftai/skill-spelling
2021-10-25 12:53:10.828 | INFO     |  5740 | msm.skill_entry | Successfully installed mycroft-naptime
2021-10-25 12:53:10.828 | INFO     |  5740 | msm.mycroft_skills_manager | invalidating skills cache
2021-10-25 12:53:10.830 | INFO     |  5740 | msm.skill_entry | Downloading skill: https://github.com/mycroftai/skill-stop
2021-10-25 12:53:10.846 | INFO     |  5740 | msm.skill_entry | Installing system requirements...
2021-10-25 12:53:10.937 | INFO     |  5740 | msm.skill_entry | Successfully installed mycroft-hello-world
2021-10-25 12:53:10.939 | INFO     |  5740 | msm.mycroft_skills_manager | invalidating skills cache
2021-10-25 12:53:10.939 | INFO     |  5740 | msm.skill_entry | Installing system requirements...
2021-10-25 12:53:10.957 | INFO     |  5740 | msm.skill_entry | Downloading skill: https://github.com/mycroftai/skill-support
2021-10-25 12:53:10.988 | INFO     |  5740 | msm.skill_entry | Installing system requirements...
2021-10-25 12:53:10.993 | INFO     |  5740 | msm.skill_entry | Installing requirements.txt for mycroft-audio-record
2021-10-25 12:53:11.226 | INFO     |  5740 | msm.skill_entry | Successfully installed mycroft-playback-control
2021-10-25 12:53:11.227 | INFO     |  5740 | msm.mycroft_skills_manager | invalidating skills cache
2021-10-25 12:53:11.228 | INFO     |  5740 | msm.skill_entry | Downloading skill: https://github.com/mycroftai/mycroft-timer
2021-10-25 12:53:11.231 | INFO     |  5740 | msm.skill_entry | Installing requirements.txt for mycroft-joke
2021-10-25 12:53:11.231 | INFO     |  5740 | msm.skill_entry | Installing system requirements...
2021-10-25 12:53:11.241 | INFO     |  5740 | msm.skill_entry | Successfully installed mycroft-personal
2021-10-25 12:53:11.244 | INFO     |  5740 | msm.mycroft_skills_manager | invalidating skills cache
2021-10-25 12:53:11.254 | INFO     |  5740 | msm.skill_entry | Downloading skill: https://github.com/mycroftai/skill-weather
2021-10-25 12:53:11.333 | INFO     |  5740 | msm.skill_entry | Installing system requirements...
2021-10-25 12:53:11.353 | INFO     |  5740 | msm.skill_entry | Installing system requirements...
2021-10-25 12:53:11.414 | INFO     |  5740 | msm.skill_entry | Installing system requirements...
2021-10-25 12:53:11.429 | INFO     |  5740 | msm.skill_entry | Installing requirements.txt for mycroft-npr-news
2021-10-25 12:53:11.464 | INFO     |  5740 | msm.skill_entry | Installing system requirements...
2021-10-25 12:53:11.481 | INFO     |  5740 | msm.skill_entry | Nothing new for mycroft-volume
2021-10-25 12:53:11.539 | INFO     |  5740 | msm.skill_entry | Successfully installed mycroft-reminder
2021-10-25 12:53:11.540 | INFO     |  5740 | msm.mycroft_skills_manager | invalidating skills cache
2021-10-25 12:53:11.541 | INFO     |  5740 | msm.skill_entry | Downloading skill: https://github.com/mycroftai/skill-version-checker
2021-10-25 12:53:11.556 | INFO     |  5740 | msm.skill_entry | Installing requirements.txt for mycroft-installer
2021-10-25 12:53:11.579 | INFO     |  5740 | msm.skill_entry | Nothing new for mycroft-pairing
2021-10-25 12:53:11.600 | INFO     |  5740 | msm.skill_entry | Installing requirements.txt for mycroft-date-time
2021-10-25 12:53:11.612 | INFO     |  5740 | msm.skill_entry | Installing system requirements...
2021-10-25 12:53:11.673 | INFO     |  5740 | msm.skill_entry | Installing requirements.txt for mycroft-configuration
2021-10-25 12:53:11.679 | INFO     |  5740 | msm.skill_entry | Installing system requirements...
2021-10-25 12:53:11.715 | INFO     |  5740 | msm.skill_entry | Downloading skill: https://github.com/mycroftai/skill-wiki
2021-10-25 12:53:11.748 | INFO     |  5740 | msm.skill_entry | Installing requirements.txt for mycroft-volume
2021-10-25 12:53:12.896 | INFO     |  5740 | msm.skill_entry | Installing system requirements...
2021-10-25 12:53:13.056 | INFO     |  5740 | msm.skill_entry | Successfully installed mycroft-spelling
2021-10-25 12:53:13.056 | INFO     |  5740 | msm.mycroft_skills_manager | invalidating skills cache
2021-10-25 12:53:13.068 | INFO     |  5740 | msm.skill_entry | Downloading skill: https://github.com/MycroftAI/skill-query
2021-10-25 12:53:13.192 | INFO     |  5740 | msm.skill_entry | Installing system requirements...
2021-10-25 12:53:13.204 | INFO     |  5740 | msm.skill_entry | Installing requirements.txt for mycroft-alarm
2021-10-25 12:53:13.358 | INFO     |  5740 | msm.skill_entry | Installing system requirements...
2021-10-25 12:53:13.412 | INFO     |  5740 | msm.skill_entry | Successfully installed mycroft-stop
2021-10-25 12:53:13.413 | INFO     |  5740 | msm.mycroft_skills_manager | invalidating skills cache
2021-10-25 12:53:13.483 | INFO     |  5740 | msm.skill_entry | Installing system requirements...
2021-10-25 12:53:13.545 | INFO     |  5740 | msm.skill_entry | Installing system requirements...
2021-10-25 12:53:13.546 | INFO     |  5740 | msm.skill_entry | Installing system requirements...
2021-10-25 12:53:13.595 | INFO     |  5740 | msm.skill_entry | Successfully installed mycroft-speak
2021-10-25 12:53:13.595 | INFO     |  5740 | msm.mycroft_skills_manager | invalidating skills cache
2021-10-25 12:53:13.613 | INFO     |  5740 | msm.skill_entry | Installing system requirements...
2021-10-25 12:53:13.640 | INFO     |  5740 | msm.skill_entry | Installing system requirements...
2021-10-25 12:53:13.684 | INFO     |  5740 | msm.skill_entry | Installing requirements.txt for mycroft-wiki
2021-10-25 12:53:13.684 | INFO     |  5740 | msm.skill_entry | Installing requirements.txt for mycroft-support-helper
2021-10-25 12:53:13.694 | INFO     |  5740 | msm.skill_entry | Successfully installed mycroft-singing
2021-10-25 12:53:13.694 | INFO     |  5740 | msm.mycroft_skills_manager | invalidating skills cache
2021-10-25 12:53:13.732 | INFO     |  5740 | msm.skill_entry | Successfully installed mycroft-version-checker
2021-10-25 12:53:13.733 | INFO     |  5740 | msm.mycroft_skills_manager | invalidating skills cache
2021-10-25 12:53:13.744 | INFO     |  5740 | msm.skill_entry | Installing system requirements...
2021-10-25 12:53:13.808 | INFO     |  5740 | msm.skill_entry | Successfully installed mycroft-timer
2021-10-25 12:53:13.808 | INFO     |  5740 | msm.mycroft_skills_manager | invalidating skills cache
2021-10-25 12:53:13.933 | INFO     |  5740 | msm.skill_entry | Installing system requirements...
2021-10-25 12:53:13.972 | INFO     |  5740 | msm.skill_entry | Installing requirements.txt for mycroft-weather
2021-10-25 12:53:14.029 | ERROR    |  5740 | msm.mycroft_skills_manager | Error running install_or_update on homeassistant: MergeConflict
2021-10-25 12:53:14.710 | INFO     |  5740 | msm.skill_entry | Installing system requirements...
2021-10-25 12:53:14.744 | INFO     |  5740 | msm.skill_entry | Successfully installed fallback-query
2021-10-25 12:53:14.744 | INFO     |  5740 | msm.mycroft_skills_manager | invalidating skills cache
2021-10-25 12:53:18.471 | INFO     |  5740 | msm.skill_entry | Successfully installed fallback-wolfram-alpha
2021-10-25 12:53:18.471 | INFO     |  5740 | msm.mycroft_skills_manager | invalidating skills cache
2021-10-25 12:53:19.838 | INFO     |  5740 | msm.skill_entry | Successfully installed mycroft-fallback-duck-duck-go
2021-10-25 12:53:19.838 | INFO     |  5740 | msm.mycroft_skills_manager | invalidating skills cache
2021-10-25 12:53:20.961 | INFO     |  5740 | msm.skill_entry | Successfully installed mycroft-ip
2021-10-25 12:53:20.961 | INFO     |  5740 | msm.mycroft_skills_manager | invalidating skills cache
2021-10-25 12:53:22.103 | INFO     |  5740 | msm.skill_entry | Successfully installed mycroft-audio-record
2021-10-25 12:53:22.105 | INFO     |  5740 | msm.mycroft_skills_manager | invalidating skills cache
2021-10-25 12:53:23.584 | INFO     |  5740 | msm.skill_entry | Successfully installed mycroft-joke
2021-10-25 12:53:23.584 | INFO     |  5740 | msm.mycroft_skills_manager | invalidating skills cache
2021-10-25 12:53:27.555 | INFO     |  5740 | msm.skill_entry | Successfully installed mycroft-npr-news
2021-10-25 12:53:27.558 | INFO     |  5740 | msm.mycroft_skills_manager | invalidating skills cache
2021-10-25 12:53:28.739 | INFO     |  5740 | msm.skill_entry | Successfully installed mycroft-installer
2021-10-25 12:53:28.739 | INFO     |  5740 | msm.mycroft_skills_manager | invalidating skills cache
2021-10-25 12:53:37.514 | INFO     |  5740 | PairingSkill | Initiating device pairing sequence...
2021-10-25 12:53:37.514 | INFO     |  5740 | PairingSkill | Retrieving pairing code from device API...
2021-10-25 12:53:37.858 | INFO     |  5740 | PairingSkill | Pairing code obtained: MXVEWM
2021-10-25 12:53:37.858 | INFO     |  5740 | PairingSkill | Communicating pairing URL to user
2021-10-25 12:53:49.581 | INFO     |  5740 | msm.skill_entry | Successfully installed mycroft-date-time
2021-10-25 12:53:49.582 | INFO     |  5740 | msm.mycroft_skills_manager | invalidating skills cache
2021-10-25 12:53:52.989 | INFO     |  5740 | msm.skill_entry | Successfully installed mycroft-configuration
2021-10-25 12:53:52.989 | INFO     |  5740 | msm.mycroft_skills_manager | invalidating skills cache
2021-10-25 12:53:55.409 | INFO     |  5740 | msm.skill_entry | Successfully installed mycroft-alarm
2021-10-25 12:53:55.410 | INFO     |  5740 | msm.mycroft_skills_manager | invalidating skills cache
2021-10-25 12:53:58.005 | INFO     |  5740 | msm.skill_entry | Successfully installed mycroft-wiki
2021-10-25 12:53:58.006 | INFO     |  5740 | msm.mycroft_skills_manager | invalidating skills cache
2021-10-25 12:54:00.764 | INFO     |  5740 | msm.skill_entry | Successfully installed mycroft-support-helper
2021-10-25 12:54:00.765 | INFO     |  5740 | msm.mycroft_skills_manager | invalidating skills cache
2021-10-25 12:54:02.287 | INFO     |  5740 | msm.skill_entry | Successfully installed mycroft-weather
2021-10-25 12:54:02.287 | INFO     |  5740 | msm.mycroft_skills_manager | invalidating skills cache
2021-10-25 12:54:02.344 | INFO     |  5740 | mycroft.skills.skill_updater:_log_next_download_time:267 | Next scheduled skill update: 2021-10-25 13:54:02.343920
2021-10-25 12:54:02.345 | INFO     |  5740 | mycroft.skills.skill_updater:update_skills:170 | Skill update complete
2021-10-25 12:54:02.345 | INFO     |  5740 | mycroft.skills.skill_manager:_load_on_startup:273 | Loading installed skills...
2021-10-25 12:54:02.347 | INFO     |  5740 | mycroft.skills.skill_loader:load:185 | ATTEMPTING TO LOAD SKILL: mycroft-ip.mycroftai
2021-10-25 12:54:02.407 | INFO     |  5740 | mycroft.skills.settings:get_local_settings:83 | /opt/mycroft/skills/mycroft-ip.mycroftai/settings.json
2021-10-25 12:54:02.436 | INFO     |  5740 | mycroft.skills.skill_loader:_check_for_first_run:324 | First run of mycroft-ip.mycroftai
2021-10-25 12:54:02.438 | INFO     |  5740 | mycroft.skills.settings:save_settings:116 | Skill settings successfully saved to /home/runner/.config/mycroft/skills/mycroft-ip.mycroftai/settings.json
2021-10-25 12:54:02.549 | INFO     |  5740 | mycroft.skills.skill_loader:_communicate_load_status:344 | Skill mycroft-ip.mycroftai loaded successfully
2021-10-25 12:54:02.550 | INFO     |  5740 | mycroft.skills.skill_loader:load:185 | ATTEMPTING TO LOAD SKILL: mycroft-reminder.mycroftai
2021-10-25 12:54:02.594 | INFO     |  5740 | mycroft.skills.settings:get_local_settings:83 | /opt/mycroft/skills/mycroft-reminder.mycroftai/settings.json
2021-10-25 12:54:02.664 | INFO     |  5740 | mycroft.skills.skill_loader:_check_for_first_run:324 | First run of mycroft-reminder.mycroftai
2021-10-25 12:54:02.666 | INFO     |  5740 | mycroft.skills.settings:save_settings:116 | Skill settings successfully saved to /home/runner/.config/mycroft/skills/mycroft-reminder.mycroftai/settings.json
2021-10-25 12:54:02.700 | INFO     |  5740 | mycroft.skills.skill_loader:_communicate_load_status:344 | Skill mycroft-reminder.mycroftai loaded successfully
2021-10-25 12:54:02.701 | INFO     |  5740 | mycroft.skills.skill_loader:load:185 | ATTEMPTING TO LOAD SKILL: mycroft-installer.mycroftai
2021-10-25 12:54:02.726 | INFO     |  5740 | mycroft.skills.settings:get_local_settings:83 | /opt/mycroft/skills/mycroft-installer.mycroftai/settings.json
2021-10-25 12:54:02.747 | INFO     |  5740 | mycroft.skills.skill_loader:_check_for_first_run:324 | First run of mycroft-installer.mycroftai
2021-10-25 12:54:02.750 | INFO     |  5740 | mycroft.skills.settings:save_settings:116 | Skill settings successfully saved to /home/runner/.config/mycroft/skills/mycroft-installer.mycroftai/settings.json
2021-10-25 12:54:02.754 | INFO     |  5740 | mycroft.skills.skill_loader:_communicate_load_status:344 | Skill mycroft-installer.mycroftai loaded successfully
2021-10-25 12:54:02.757 | INFO     |  5740 | mycroft.skills.skill_loader:load:185 | ATTEMPTING TO LOAD SKILL: mycroft-version-checker.mycroftai
2021-10-25 12:54:02.771 | INFO     |  5740 | mycroft.skills.settings:get_local_settings:83 | /opt/mycroft/skills/mycroft-version-checker.mycroftai/settings.json
2021-10-25 12:54:02.807 | INFO     |  5740 | mycroft.skills.skill_loader:_check_for_first_run:324 | First run of mycroft-version-checker.mycroftai
2021-10-25 12:54:02.808 | INFO     |  5740 | mycroft.skills.settings:save_settings:116 | Skill settings successfully saved to /home/runner/.config/mycroft/skills/mycroft-version-checker.mycroftai/settings.json
2021-10-25 12:54:02.809 | INFO     |  5740 | mycroft.skills.skill_loader:_communicate_load_status:344 | Skill mycroft-version-checker.mycroftai loaded successfully
2021-10-25 12:54:02.810 | INFO     |  5740 | mycroft.skills.skill_loader:load:185 | ATTEMPTING TO LOAD SKILL: mycroft-singing.mycroftai
2021-10-25 12:54:02.819 | INFO     |  5740 | mycroft.skills.settings:get_local_settings:83 | /opt/mycroft/skills/mycroft-singing.mycroftai/settings.json
2021-10-25 12:54:02.832 | INFO     |  5740 | mycroft.skills.skill_loader:_check_for_first_run:324 | First run of mycroft-singing.mycroftai
2021-10-25 12:54:02.833 | INFO     |  5740 | mycroft.skills.settings:save_settings:116 | Skill settings successfully saved to /home/runner/.config/mycroft/skills/mycroft-singing.mycroftai/settings.json
2021-10-25 12:54:02.834 | INFO     |  5740 | mycroft.skills.skill_loader:_communicate_load_status:344 | Skill mycroft-singing.mycroftai loaded successfully
2021-10-25 12:54:02.839 | INFO     |  5740 | mycroft.skills.skill_loader:load:185 | ATTEMPTING TO LOAD SKILL: mycroft-joke.mycroftai
2021-10-25 12:54:02.856 | INFO     |  5740 | mycroft.skills.settings:get_local_settings:83 | /opt/mycroft/skills/mycroft-joke.mycroftai/settings.json
2021-10-25 12:54:02.909 | INFO     |  5740 | mycroft.skills.skill_loader:_check_for_first_run:324 | First run of mycroft-joke.mycroftai
2021-10-25 12:54:02.919 | INFO     |  5740 | mycroft.skills.settings:save_settings:116 | Skill settings successfully saved to /home/runner/.config/mycroft/skills/mycroft-joke.mycroftai/settings.json
2021-10-25 12:54:02.927 | INFO     |  5740 | mycroft.skills.skill_loader:_communicate_load_status:344 | Skill mycroft-joke.mycroftai loaded successfully
2021-10-25 12:54:02.928 | INFO     |  5740 | mycroft.skills.skill_loader:load:185 | ATTEMPTING TO LOAD SKILL: mycroft-timer.mycroftai
2021-10-25 12:54:02.986 | INFO     |  5740 | mycroft.skills.settings:get_local_settings:83 | /opt/mycroft/skills/mycroft-timer.mycroftai/settings.json
2021-10-25 12:54:03.080 | INFO     |  5740 | mycroft.skills.skill_loader:_check_for_first_run:324 | First run of mycroft-timer.mycroftai
2021-10-25 12:54:03.090 | INFO     |  5740 | mycroft.skills.settings:save_settings:116 | Skill settings successfully saved to /home/runner/.config/mycroft/skills/mycroft-timer.mycroftai/settings.json
2021-10-25 12:54:03.092 | INFO     |  5740 | mycroft.skills.skill_loader:_communicate_load_status:344 | Skill mycroft-timer.mycroftai loaded successfully
2021-10-25 12:54:03.093 | INFO     |  5740 | mycroft.skills.skill_loader:load:185 | ATTEMPTING TO LOAD SKILL: homeassistant.mycroftai
2021-10-25 12:54:03.548 | INFO     |  5740 | mycroft.skills.settings:get_local_settings:83 | /opt/mycroft/skills/homeassistant.mycroftai/settings.json
2021-10-25 12:54:03.549 | INFO     |  5740 | mycroft.skills.settings:get_local_settings:83 | /opt/mycroft/skills/homeassistant.mycroftai/settings.json
2021-10-25 12:54:03.579 | INFO     |  5740 | mycroft.skills.skill_loader:_communicate_load_status:344 | Skill homeassistant.mycroftai loaded successfully
2021-10-25 12:54:03.579 | INFO     |  5740 | mycroft.skills.skill_loader:load:185 | ATTEMPTING TO LOAD SKILL: mycroft-alarm.mycroftai
2021-10-25 12:54:03.602 | INFO     |  5740 | mycroft.skills.settings:get_local_settings:83 | /opt/mycroft/skills/mycroft-alarm.mycroftai/settings.json
2021-10-25 12:54:03.603 | ERROR    |  5740 | AlarmSkill | Couldn't allocate mixer, ALSAAudioError('No such file or directory [default]')
2021-10-25 12:54:03.668 | INFO     |  5740 | mycroft.skills.skill_loader:_check_for_first_run:324 | First run of mycroft-alarm.mycroftai
2021-10-25 12:54:03.672 | INFO     |  5740 | mycroft.skills.settings:save_settings:116 | Skill settings successfully saved to /home/runner/.config/mycroft/skills/mycroft-alarm.mycroftai/settings.json
2021-10-25 12:54:03.683 | INFO     |  5740 | mycroft.skills.skill_loader:_communicate_load_status:344 | Skill mycroft-alarm.mycroftai loaded successfully
2021-10-25 12:54:03.684 | INFO     |  5740 | mycroft.skills.skill_loader:load:185 | ATTEMPTING TO LOAD SKILL: mycroft-naptime.mycroftai
2021-10-25 12:54:03.692 | INFO     |  5740 | mycroft.skills.settings:get_local_settings:83 | /opt/mycroft/skills/mycroft-naptime.mycroftai/settings.json
2021-10-25 12:54:03.735 | INFO     |  5740 | mycroft.skills.skill_loader:_check_for_first_run:324 | First run of mycroft-naptime.mycroftai
2021-10-25 12:54:03.735 | INFO     |  5740 | mycroft.skills.settings:save_settings:116 | Skill settings successfully saved to /home/runner/.config/mycroft/skills/mycroft-naptime.mycroftai/settings.json
2021-10-25 12:54:03.737 | INFO     |  5740 | mycroft.skills.skill_loader:_communicate_load_status:344 | Skill mycroft-naptime.mycroftai loaded successfully
2021-10-25 12:54:03.737 | INFO     |  5740 | mycroft.skills.skill_loader:load:185 | ATTEMPTING TO LOAD SKILL: mycroft-spelling.mycroftai
2021-10-25 12:54:03.746 | INFO     |  5740 | mycroft.skills.settings:get_local_settings:83 | /opt/mycroft/skills/mycroft-spelling.mycroftai/settings.json
2021-10-25 12:54:03.770 | INFO     |  5740 | mycroft.skills.skill_loader:_check_for_first_run:324 | First run of mycroft-spelling.mycroftai
2021-10-25 12:54:03.774 | INFO     |  5740 | mycroft.skills.settings:save_settings:116 | Skill settings successfully saved to /home/runner/.config/mycroft/skills/mycroft-spelling.mycroftai/settings.json
2021-10-25 12:54:03.779 | INFO     |  5740 | mycroft.skills.skill_loader:_communicate_load_status:344 | Skill mycroft-spelling.mycroftai loaded successfully
2021-10-25 12:54:03.780 | INFO     |  5740 | mycroft.skills.skill_loader:load:185 | ATTEMPTING TO LOAD SKILL: mycroft-fallback-duck-duck-go.mycroftai
2021-10-25 12:54:03.804 | INFO     |  5740 | mycroft.skills.settings:get_local_settings:83 | /opt/mycroft/skills/mycroft-fallback-duck-duck-go.mycroftai/settings.json
2021-10-25 12:54:03.821 | INFO     |  5740 | mycroft.skills.skill_loader:_check_for_first_run:324 | First run of mycroft-fallback-duck-duck-go.mycroftai
2021-10-25 12:54:03.821 | INFO     |  5740 | mycroft.skills.settings:save_settings:116 | Skill settings successfully saved to /home/runner/.config/mycroft/skills/mycroft-fallback-duck-duck-go.mycroftai/settings.json
2021-10-25 12:54:03.823 | INFO     |  5740 | mycroft.skills.skill_loader:_communicate_load_status:344 | Skill mycroft-fallback-duck-duck-go.mycroftai loaded successfully
2021-10-25 12:54:03.828 | INFO     |  5740 | mycroft.skills.skill_loader:load:185 | ATTEMPTING TO LOAD SKILL: mycroft-npr-news.mycroftai
2021-10-25 12:54:03.881 | INFO     |  5740 | mycroft.skills.settings:get_local_settings:83 | /opt/mycroft/skills/mycroft-npr-news.mycroftai/settings.json
2021-10-25 12:54:04.927 | INFO     |  5740 | mycroft.skills.skill_loader:_check_for_first_run:324 | First run of mycroft-npr-news.mycroftai
2021-10-25 12:54:04.929 | INFO     |  5740 | mycroft.skills.settings:save_settings:116 | Skill settings successfully saved to /home/runner/.config/mycroft/skills/mycroft-npr-news.mycroftai/settings.json
2021-10-25 12:54:04.930 | INFO     |  5740 | mycroft.skills.skill_loader:_communicate_load_status:344 | Skill mycroft-npr-news.mycroftai loaded successfully
2021-10-25 12:54:04.931 | INFO     |  5740 | mycroft.skills.skill_loader:load:185 | ATTEMPTING TO LOAD SKILL: mycroft-support-helper.mycroftai
2021-10-25 12:54:04.939 | INFO     |  5740 | mycroft.skills.settings:get_local_settings:83 | /opt/mycroft/skills/mycroft-support-helper.mycroftai/settings.json
2021-10-25 12:54:04.952 | INFO     |  5740 | mycroft.skills.skill_loader:_check_for_first_run:324 | First run of mycroft-support-helper.mycroftai
2021-10-25 12:54:04.955 | INFO     |  5740 | mycroft.skills.settings:save_settings:116 | Skill settings successfully saved to /home/runner/.config/mycroft/skills/mycroft-support-helper.mycroftai/settings.json
2021-10-25 12:54:04.960 | INFO     |  5740 | mycroft.skills.skill_loader:_communicate_load_status:344 | Skill mycroft-support-helper.mycroftai loaded successfully
2021-10-25 12:54:04.960 | INFO     |  5740 | mycroft.skills.skill_loader:load:185 | ATTEMPTING TO LOAD SKILL: mycroft-weather.mycroftai
2021-10-25 12:54:04.996 | INFO     |  5740 | mycroft.skills.settings:get_local_settings:83 | /opt/mycroft/skills/mycroft-weather.mycroftai/settings.json
2021-10-25 12:54:05.070 | INFO     |  5740 | mycroft.skills.skill_loader:_check_for_first_run:324 | First run of mycroft-weather.mycroftai
2021-10-25 12:54:05.071 | INFO     |  5740 | mycroft.skills.settings:save_settings:116 | Skill settings successfully saved to /home/runner/.config/mycroft/skills/mycroft-weather.mycroftai/settings.json
2021-10-25 12:54:05.071 | INFO     |  5740 | mycroft.skills.skill_loader:_communicate_load_status:344 | Skill mycroft-weather.mycroftai loaded successfully
2021-10-25 12:54:05.072 | INFO     |  5740 | mycroft.skills.skill_loader:load:185 | ATTEMPTING TO LOAD SKILL: mycroft-speak.mycroftai
2021-10-25 12:54:05.076 | INFO     |  5740 | mycroft.skills.settings:get_local_settings:83 | /opt/mycroft/skills/mycroft-speak.mycroftai/settings.json
2021-10-25 12:54:05.099 | INFO     |  5740 | mycroft.skills.skill_loader:_check_for_first_run:324 | First run of mycroft-speak.mycroftai
2021-10-25 12:54:05.100 | INFO     |  5740 | mycroft.skills.settings:save_settings:116 | Skill settings successfully saved to /home/runner/.config/mycroft/skills/mycroft-speak.mycroftai/settings.json
2021-10-25 12:54:05.104 | INFO     |  5740 | mycroft.skills.skill_loader:_communicate_load_status:344 | Skill mycroft-speak.mycroftai loaded successfully
2021-10-25 12:54:05.105 | INFO     |  5740 | mycroft.skills.skill_loader:load:185 | ATTEMPTING TO LOAD SKILL: mycroft-audio-record.mycroftai
2021-10-25 12:54:05.119 | INFO     |  5740 | mycroft.skills.settings:get_local_settings:83 | /opt/mycroft/skills/mycroft-audio-record.mycroftai/settings.json
2021-10-25 12:54:05.146 | INFO     |  5740 | mycroft.skills.skill_loader:_check_for_first_run:324 | First run of mycroft-audio-record.mycroftai
2021-10-25 12:54:05.151 | INFO     |  5740 | mycroft.skills.settings:save_settings:116 | Skill settings successfully saved to /home/runner/.config/mycroft/skills/mycroft-audio-record.mycroftai/settings.json
2021-10-25 12:54:05.153 | INFO     |  5740 | mycroft.skills.skill_loader:_communicate_load_status:344 | Skill mycroft-audio-record.mycroftai loaded successfully
2021-10-25 12:54:05.154 | INFO     |  5740 | mycroft.skills.skill_loader:load:185 | ATTEMPTING TO LOAD SKILL: mycroft-stop.mycroftai
2021-10-25 12:54:05.164 | INFO     |  5740 | mycroft.skills.settings:get_local_settings:83 | /opt/mycroft/skills/mycroft-stop.mycroftai/settings.json
2021-10-25 12:54:05.202 | INFO     |  5740 | mycroft.skills.skill_loader:_check_for_first_run:324 | First run of mycroft-stop.mycroftai
2021-10-25 12:54:05.204 | INFO     |  5740 | mycroft.skills.settings:save_settings:116 | Skill settings successfully saved to /home/runner/.config/mycroft/skills/mycroft-stop.mycroftai/settings.json
2021-10-25 12:54:05.207 | INFO     |  5740 | mycroft.skills.skill_loader:_communicate_load_status:344 | Skill mycroft-stop.mycroftai loaded successfully
2021-10-25 12:54:05.207 | INFO     |  5740 | mycroft.skills.skill_loader:load:185 | ATTEMPTING TO LOAD SKILL: mycroft-hello-world.mycroftai
2021-10-25 12:54:05.220 | INFO     |  5740 | mycroft.skills.settings:get_local_settings:83 | /opt/mycroft/skills/mycroft-hello-world.mycroftai/settings.json
2021-10-25 12:54:05.247 | INFO     |  5740 | mycroft.skills.skill_loader:_check_for_first_run:324 | First run of mycroft-hello-world.mycroftai
2021-10-25 12:54:05.248 | INFO     |  5740 | mycroft.skills.settings:save_settings:116 | Skill settings successfully saved to /home/runner/.config/mycroft/skills/mycroft-hello-world.mycroftai/settings.json
2021-10-25 12:54:05.251 | INFO     |  5740 | mycroft.skills.skill_loader:_communicate_load_status:344 | Skill mycroft-hello-world.mycroftai loaded successfully
2021-10-25 12:54:05.251 | INFO     |  5740 | mycroft.skills.skill_loader:load:185 | ATTEMPTING TO LOAD SKILL: mycroft-date-time.mycroftai
2021-10-25 12:54:05.937 | INFO     |  5740 | mycroft.skills.settings:get_local_settings:83 | /opt/mycroft/skills/mycroft-date-time.mycroftai/settings.json
2021-10-25 12:54:06.009 | INFO     |  5740 | TimeSkill | Registering resting screen <bound method TimeSkill.handle_idle of <mycroft-date-time_mycroftai.TimeSkill object at 0x7f10802432d0>> for Time and Date.
2021-10-25 12:54:06.011 | INFO     |  5740 | TimeSkill | Registering resting screen
2021-10-25 12:54:06.016 | INFO     |  5740 | mycroft.skills.skill_loader:_check_for_first_run:324 | First run of mycroft-date-time.mycroftai
2021-10-25 12:54:06.017 | INFO     |  5740 | mycroft.skills.settings:save_settings:116 | Skill settings successfully saved to /home/runner/.config/mycroft/skills/mycroft-date-time.mycroftai/settings.json
2021-10-25 12:54:06.017 | INFO     |  5740 | mycroft.skills.skill_loader:_communicate_load_status:344 | Skill mycroft-date-time.mycroftai loaded successfully
2021-10-25 12:54:06.020 | INFO     |  5740 | mycroft.skills.skill_loader:load:185 | ATTEMPTING TO LOAD SKILL: mycroft-configuration.mycroftai
2021-10-25 12:54:06.039 | INFO     |  5740 | mycroft.skills.settings:get_local_settings:83 | /opt/mycroft/skills/mycroft-configuration.mycroftai/settings.json
2021-10-25 12:54:06.090 | INFO     |  5740 | mycroft.skills.skill_loader:_check_for_first_run:324 | First run of mycroft-configuration.mycroftai
2021-10-25 12:54:06.092 | INFO     |  5740 | mycroft.skills.settings:save_settings:116 | Skill settings successfully saved to /home/runner/.config/mycroft/skills/mycroft-configuration.mycroftai/settings.json
2021-10-25 12:54:06.093 | INFO     |  5740 | mycroft.skills.skill_loader:_communicate_load_status:344 | Skill mycroft-configuration.mycroftai loaded successfully
2021-10-25 12:54:06.093 | INFO     |  5740 | mycroft.skills.skill_loader:load:185 | ATTEMPTING TO LOAD SKILL: fallback-query.mycroftai
2021-10-25 12:54:06.108 | INFO     |  5740 | mycroft.skills.settings:get_local_settings:83 | /opt/mycroft/skills/fallback-query.mycroftai/settings.json
2021-10-25 12:54:06.131 | INFO     |  5740 | mycroft.skills.skill_loader:_check_for_first_run:324 | First run of fallback-query.mycroftai
2021-10-25 12:54:06.134 | INFO     |  5740 | mycroft.skills.settings:save_settings:116 | Skill settings successfully saved to /home/runner/.config/mycroft/skills/fallback-query.mycroftai/settings.json
2021-10-25 12:54:06.139 | INFO     |  5740 | mycroft.skills.skill_loader:_communicate_load_status:344 | Skill fallback-query.mycroftai loaded successfully
2021-10-25 12:54:06.140 | INFO     |  5740 | mycroft.skills.skill_loader:load:185 | ATTEMPTING TO LOAD SKILL: mycroft-personal.mycroftai
2021-10-25 12:54:06.150 | INFO     |  5740 | mycroft.skills.settings:get_local_settings:83 | /opt/mycroft/skills/mycroft-personal.mycroftai/settings.json
2021-10-25 12:54:06.199 | INFO     |  5740 | mycroft.skills.skill_loader:_check_for_first_run:324 | First run of mycroft-personal.mycroftai
2021-10-25 12:54:06.200 | INFO     |  5740 | mycroft.skills.settings:save_settings:116 | Skill settings successfully saved to /home/runner/.config/mycroft/skills/mycroft-personal.mycroftai/settings.json
2021-10-25 12:54:06.207 | INFO     |  5740 | mycroft.skills.skill_loader:_communicate_load_status:344 | Skill mycroft-personal.mycroftai loaded successfully
2021-10-25 12:54:06.208 | INFO     |  5740 | mycroft.skills.skill_loader:load:185 | ATTEMPTING TO LOAD SKILL: fallback-wolfram-alpha.mycroftai
2021-10-25 12:54:06.308 | INFO     |  5740 | mycroft.skills.settings:get_local_settings:83 | /opt/mycroft/skills/fallback-wolfram-alpha.mycroftai/settings.json
2021-10-25 12:54:06.338 | INFO     |  5740 | mycroft.skills.skill_loader:_check_for_first_run:324 | First run of fallback-wolfram-alpha.mycroftai
2021-10-25 12:54:06.340 | INFO     |  5740 | mycroft.skills.settings:save_settings:116 | Skill settings successfully saved to /home/runner/.config/mycroft/skills/fallback-wolfram-alpha.mycroftai/settings.json
2021-10-25 12:54:06.342 | INFO     |  5740 | mycroft.skills.skill_loader:_communicate_load_status:344 | Skill fallback-wolfram-alpha.mycroftai loaded successfully
2021-10-25 12:54:06.343 | INFO     |  5740 | mycroft.skills.skill_loader:load:185 | ATTEMPTING TO LOAD SKILL: mycroft-wiki.mycroftai
2021-10-25 12:54:06.364 | INFO     |  5740 | mycroft.skills.settings:get_local_settings:83 | /opt/mycroft/skills/mycroft-wiki.mycroftai/settings.json
2021-10-25 12:54:06.400 | INFO     |  5740 | mycroft.skills.skill_loader:_check_for_first_run:324 | First run of mycroft-wiki.mycroftai
2021-10-25 12:54:06.401 | INFO     |  5740 | mycroft.skills.settings:save_settings:116 | Skill settings successfully saved to /home/runner/.config/mycroft/skills/mycroft-wiki.mycroftai/settings.json
2021-10-25 12:54:06.402 | INFO     |  5740 | mycroft.skills.skill_loader:_communicate_load_status:344 | Skill mycroft-wiki.mycroftai loaded successfully
2021-10-25 12:54:06.404 | INFO     |  5740 | mycroft.skills.skill_loader:load:185 | ATTEMPTING TO LOAD SKILL: fallback-unknown.mycroftai
2021-10-25 12:54:06.420 | INFO     |  5740 | mycroft.skills.settings:get_local_settings:83 | /opt/mycroft/skills/fallback-unknown.mycroftai/settings.json
2021-10-25 12:54:06.448 | INFO     |  5740 | mycroft.skills.skill_loader:_check_for_first_run:324 | First run of fallback-unknown.mycroftai
2021-10-25 12:54:06.449 | INFO     |  5740 | mycroft.skills.settings:save_settings:116 | Skill settings successfully saved to /home/runner/.config/mycroft/skills/fallback-unknown.mycroftai/settings.json
2021-10-25 12:54:06.449 | INFO     |  5740 | mycroft.skills.skill_loader:_communicate_load_status:344 | Skill fallback-unknown.mycroftai loaded successfully
2021-10-25 12:54:06.454 | INFO     |  5740 | mycroft.skills.skill_loader:load:185 | ATTEMPTING TO LOAD SKILL: mycroft-playback-control.mycroftai
2021-10-25 12:54:06.467 | INFO     |  5740 | mycroft.skills.settings:get_local_settings:83 | /opt/mycroft/skills/mycroft-playback-control.mycroftai/settings.json
2021-10-25 12:54:06.546 | INFO     |  5740 | mycroft.skills.skill_loader:_check_for_first_run:324 | First run of mycroft-playback-control.mycroftai
2021-10-25 12:54:06.549 | INFO     |  5740 | mycroft.skills.settings:save_settings:116 | Skill settings successfully saved to /home/runner/.config/mycroft/skills/mycroft-playback-control.mycroftai/settings.json
2021-10-25 12:54:06.551 | INFO     |  5740 | mycroft.skills.skill_loader:_communicate_load_status:344 | Skill mycroft-playback-control.mycroftai loaded successfully
2021-10-25 12:54:06.551 | INFO     |  5740 | mycroft.skills.skill_manager:_load_on_startup:275 | Skills all loaded!
2021-10-25 12:54:06.558 | INFO     |  5740 | __main__:on_ready:185 | Skills service is ready.
2021-10-25 12:54:07.154 | INFO     |  5740 | mycroft.skills.intent_services.padatious_service:train:151 | Training... (single_thread=False)
Regenerated mycroft-alarm.mycroftai:{daytype}.
2021-10-25 12:54:08.244 | INFO     |  5740 | mycroft.skills.settings:save_settings:116 | Skill settings successfully saved to /home/runner/.config/mycroft/skills/mycroft-pairing.mycroftai/settings.json
2021-10-25 12:54:08.541 | INFO     |  5740 | mycroft.skills.settings:save_settings:116 | Skill settings successfully saved to /home/runner/.config/mycroft/skills/mycroft-timer.mycroftai/settings.json
Regenerated mycroft-reminder.mycroftai:ReminderAt.intent.
Regenerated mycroft-reminder.mycroftai:SnoozeReminder.intent.
Regenerated mycroft-reminder.mycroftai:GetRemindersForDay.intent.
Regenerated mycroft-reminder.mycroftai:Reminder.intent.
Regenerated mycroft-reminder.mycroftai:ClearReminders.intent.
Regenerated mycroft-reminder.mycroftai:GetNextReminders.intent.
Regenerated mycroft-reminder.mycroftai:UnspecifiedReminderAt.intent.
Regenerated homeassistant.mycroftai:set.climate.intent.
Regenerated homeassistant.mycroftai:turn.on.intent.
Regenerated homeassistant.mycroftai:automation.intent.
Regenerated homeassistant.mycroftai:decrease.light.brightness.intent.
Regenerated homeassistant.mycroftai:add.item.shopping.list.intent.
Regenerated homeassistant.mycroftai:increase.light.brightness.intent.
Regenerated homeassistant.mycroftai:turn.off.intent.
Regenerated mycroft-date-time.mycroftai:what.time.is.it.intent.
Regenerated mycroft-date-time.mycroftai:date.future.weekend.intent.
Regenerated mycroft-date-time.mycroftai:date.last.weekend.intent.
Regenerated mycroft-configuration.mycroftai:WhereAreYou.intent.
Regenerated mycroft-configuration.mycroftai:EnablePreciseDev.intent.
Regenerated mycroft-configuration.mycroftai:DisablePreciseDev.intent.
Regenerated mycroft-personal.mycroftai:WhatAreYou.intent.
Regenerated mycroft-personal.mycroftai:DoYouDream.intent.
Regenerated mycroft-personal.mycroftai:WhoAreYou.intent.
Regenerated mycroft-personal.mycroftai:WhereWereYouBorn.intent.
Regenerated mycroft-personal.mycroftai:WhenWereYouBorn.intent.
Regenerated mycroft-personal.mycroftai:WhoMadeYou.intent.
Regenerated mycroft-personal.mycroftai:DoYouRhyme.intent.
Regenerated mycroft-wiki.mycroftai:Random.intent.
Regenerated mycroft-reminder.mycroftai:CancelActiveReminder.intent.
Regenerated mycroft-reminder.mycroftai:DeleteReminderForDay.intent.
Regenerated mycroft-installer.mycroftai:is.installed.intent.
Regenerated mycroft-installer.mycroftai:install.custom.intent.
Regenerated mycroft-installer.mycroftai:install.intent.
Regenerated mycroft-installer.mycroftai:list.skills.intent.
Regenerated mycroft-installer.mycroftai:remove.intent.
Regenerated mycroft-installer.mycroftai:install.beta.intent.
Regenerated mycroft-timer.mycroftai:start.timer.intent.
Regenerated mycroft-timer.mycroftai:timer.status.intent.
Regenerated homeassistant.mycroftai:set.light.brightness.intent.
Regenerated homeassistant.mycroftai:sensor.intent.
Regenerated homeassistant.mycroftai:toggle.intent.
Regenerated homeassistant.mycroftai:tracker.intent.
Regenerated mycroft-alarm.mycroftai:snooze.intent.
Regenerated mycroft-alarm.mycroftai:change.alarm.sound.intent.
Regenerated mycroft-npr-news.mycroftai:PlayTheNews.intent.
Regenerated mycroft-support-helper.mycroftai:contact.support.intent.
Regenerated mycroft-weather.mycroftai:do-i-need-an-umbrella.intent.
Regenerated mycroft-audio-record.mycroftai:PlayRecording.intent.
Regenerated mycroft-audio-record.mycroftai:StartRecording.intent.
Regenerated mycroft-stop.mycroftai:wifi.setup.intent.
Regenerated mycroft-stop.mycroftai:shutdown.intent.
Regenerated mycroft-stop.mycroftai:ssh.enable.intent.
Regenerated mycroft-stop.mycroftai:reboot.intent.
Regenerated mycroft-stop.mycroftai:ssh.disable.intent.
Regenerated mycroft-hello-world.mycroftai:HowAreYou.intent.
Regenerated mycroft-date-time.mycroftai:what.time.will.it.be.intent.
2021-10-25 12:54:10.194 | INFO     |  5740 | mycroft.skills.intent_services.padatious_service:train:153 | Training complete.
2021-10-25 12:54:54.152 | INFO     |  5740 | __main__:on_stopping:193 | Skills service is shutting down...
2021-10-25 12:54:54.152 | INFO     |  5740 | __main__:shutdown:284 | Shutting down Skills service
2021-10-25 12:54:54.636 | ERROR    |  5740 | VolumeSkill | Couldn't allocate mixer, ALSAAudioError('No such file or directory [default]')
2021-10-25 12:54:54.639 | INFO     |  5740 | mycroft.skills.settings:save_settings:116 | Skill settings successfully saved to /home/runner/.config/mycroft/skills/mycroft-volume.mycroftai/settings.json
2021-10-25 12:54:54.642 | INFO     |  5740 | mycroft.skills.settings:save_settings:116 | Skill settings successfully saved to /home/runner/.config/mycroft/skills/mycroft-ip.mycroftai/settings.json
2021-10-25 12:54:54.651 | INFO     |  5740 | mycroft.skills.settings:save_settings:116 | Skill settings successfully saved to /home/runner/.config/mycroft/skills/mycroft-reminder.mycroftai/settings.json
2021-10-25 12:54:54.662 | INFO     |  5740 | mycroft.skills.settings:save_settings:116 | Skill settings successfully saved to /home/runner/.config/mycroft/skills/mycroft-installer.mycroftai/settings.json
2021-10-25 12:54:54.672 | INFO     |  5740 | mycroft.skills.settings:save_settings:116 | Skill settings successfully saved to /home/runner/.config/mycroft/skills/mycroft-version-checker.mycroftai/settings.json
2021-10-25 12:54:54.674 | INFO     |  5740 | mycroft.skills.settings:save_settings:116 | Skill settings successfully saved to /home/runner/.config/mycroft/skills/mycroft-singing.mycroftai/settings.json
2021-10-25 12:54:54.675 | INFO     |  5740 | mycroft.skills.settings:save_settings:116 | Skill settings successfully saved to /home/runner/.config/mycroft/skills/mycroft-joke.mycroftai/settings.json
2021-10-25 12:54:54.677 | INFO     |  5740 | HomeAssistantSkill | Removing all handlers...
2021-10-25 12:54:54.678 | WARNING  |  5740 | mycroft.skills.fallback_skill:remove_fallback:185 | Could not find matching fallback handler
2021-10-25 12:54:54.679 | INFO     |  5740 | mycroft.skills.settings:save_settings:116 | Skill settings successfully saved to /home/runner/.config/mycroft/skills/mycroft-alarm.mycroftai/settings.json
2021-10-25 12:54:54.681 | INFO     |  5740 | mycroft.skills.settings:save_settings:116 | Skill settings successfully saved to /home/runner/.config/mycroft/skills/mycroft-naptime.mycroftai/settings.json
2021-10-25 12:54:54.682 | INFO     |  5740 | mycroft.skills.settings:save_settings:116 | Skill settings successfully saved to /home/runner/.config/mycroft/skills/mycroft-spelling.mycroftai/settings.json
2021-10-25 12:54:54.683 | INFO     |  5740 | mycroft.skills.settings:save_settings:116 | Skill settings successfully saved to /home/runner/.config/mycroft/skills/mycroft-fallback-duck-duck-go.mycroftai/settings.json
2021-10-25 12:54:54.695 | INFO     |  5740 | mycroft.skills.settings:save_settings:116 | Skill settings successfully saved to /home/runner/.config/mycroft/skills/mycroft-npr-news.mycroftai/settings.json
2021-10-25 12:54:54.704 | INFO     |  5740 | mycroft.skills.settings:save_settings:116 | Skill settings successfully saved to /home/runner/.config/mycroft/skills/mycroft-support-helper.mycroftai/settings.json
2021-10-25 12:54:54.710 | INFO     |  5740 | mycroft.skills.settings:save_settings:116 | Skill settings successfully saved to /home/runner/.config/mycroft/skills/mycroft-weather.mycroftai/settings.json
2021-10-25 12:54:54.712 | INFO     |  5740 | mycroft.skills.settings:save_settings:116 | Skill settings successfully saved to /home/runner/.config/mycroft/skills/mycroft-speak.mycroftai/settings.json
2021-10-25 12:54:54.715 | INFO     |  5740 | mycroft.skills.settings:save_settings:116 | Skill settings successfully saved to /home/runner/.config/mycroft/skills/mycroft-audio-record.mycroftai/settings.json
2021-10-25 12:54:54.718 | INFO     |  5740 | mycroft.skills.settings:save_settings:116 | Skill settings successfully saved to /home/runner/.config/mycroft/skills/mycroft-stop.mycroftai/settings.json
2021-10-25 12:54:54.732 | INFO     |  5740 | mycroft.skills.settings:save_settings:116 | Skill settings successfully saved to /home/runner/.config/mycroft/skills/mycroft-hello-world.mycroftai/settings.json
2021-10-25 12:54:54.734 | INFO     |  5740 | mycroft.skills.settings:save_settings:116 | Skill settings successfully saved to /home/runner/.config/mycroft/skills/mycroft-date-time.mycroftai/settings.json
2021-10-25 12:54:54.736 | INFO     |  5740 | mycroft.skills.settings:save_settings:116 | Skill settings successfully saved to /home/runner/.config/mycroft/skills/mycroft-configuration.mycroftai/settings.json
2021-10-25 12:54:54.737 | INFO     |  5740 | QuestionsAnswersSkill | Removing all handlers...
2021-10-25 12:54:54.748 | INFO     |  5740 | mycroft.skills.settings:save_settings:116 | Skill settings successfully saved to /home/runner/.config/mycroft/skills/fallback-query.mycroftai/settings.json
2021-10-25 12:54:54.749 | INFO     |  5740 | mycroft.skills.settings:save_settings:116 | Skill settings successfully saved to /home/runner/.config/mycroft/skills/mycroft-personal.mycroftai/settings.json
2021-10-25 12:54:54.752 | INFO     |  5740 | mycroft.skills.settings:save_settings:116 | Skill settings successfully saved to /home/runner/.config/mycroft/skills/fallback-wolfram-alpha.mycroftai/settings.json
2021-10-25 12:54:54.754 | INFO     |  5740 | mycroft.skills.settings:save_settings:116 | Skill settings successfully saved to /home/runner/.config/mycroft/skills/mycroft-wiki.mycroftai/settings.json
2021-10-25 12:54:54.755 | INFO     |  5740 | UnknownSkill | Removing all handlers...
2021-10-25 12:54:54.756 | INFO     |  5740 | mycroft.skills.settings:save_settings:116 | Skill settings successfully saved to /home/runner/.config/mycroft/skills/fallback-unknown.mycroftai/settings.json
2021-10-25 12:54:54.784 | INFO     |  5740 | mycroft.skills.settings:save_settings:116 | Skill settings successfully saved to /home/runner/.config/mycroft/skills/mycroft-playback-control.mycroftai/settings.json
2021-10-25 12:54:55.793 | INFO     |  5740 | Playback Control Skill | Audio service status: {}
2021-10-25 12:54:56.794 | WARNING  |  5740 | mycroft.skills.skill_manager:_shutdown_skill:106 | mycroft-playback-control.mycroftai shutdown took 2.0270038879999674 seconds
2021-10-25 12:54:56.795 | INFO     |  5740 | __main__:shutdown:291 | Skills service shutdown complete!
2021-10-25 12:54:57.944 | ERROR    |  5740 | websocket | error from callback <bound method MessageBusClient.on_message of <mycroft.messagebus.client.client.MessageBusClient object at 0x7f108881bc50>>: cannot schedule new futures after shutdown
2021-10-25 12:54:57.947 | ERROR    |  5740 | websocket | error from callback <bound method MessageBusClient.on_message of <mycroft.messagebus.client.client.MessageBusClient object at 0x7f108881bc50>>: cannot schedule new futures after shutdown
2021-10-25 12:54:57.949 | ERROR    |  5740 | websocket | error from callback <bound method MessageBusClient.on_message of <mycroft.messagebus.client.client.MessageBusClient object at 0x7f108881bc50>>: cannot schedule new futures after shutdown
2021-10-25 12:54:57.951 | ERROR    |  5740 | websocket | error from callback <bound method MessageBusClient.on_message of <mycroft.messagebus.client.client.MessageBusClient object at 0x7f108881bc50>>: cannot schedule new futures after shutdown
2021-10-25 12:54:57.993 | ERROR    |  5740 | websocket | error from callback <bound method MessageBusClient.on_message of <mycroft.messagebus.client.client.MessageBusClient object at 0x7f108881bc50>>: cannot schedule new futures after shutdown
