2021-10-26 19:12:22.891 | INFO     |  5428 | mycroft.messagebus.load_config:load_message_bus_config:33 | Loading message bus configs
2021-10-26 19:12:22.905 | ERROR    |  5428 | mycroft_bus_client.client.client | === ConnectionRefusedError(111, 'Connection refused') ===
Traceback (most recent call last):
  File "/opt/mycroft-core/.venv/lib/python3.7/site-packages/websocket/_app.py", line 254, in run_forever
    proxy_type=proxy_type)
  File "/opt/mycroft-core/.venv/lib/python3.7/site-packages/websocket/_core.py", line 220, in connect
    options.pop('socket', None))
  File "/opt/mycroft-core/.venv/lib/python3.7/site-packages/websocket/_http.py", line 120, in connect
    sock = _open_socket(addrinfo_list, options.sockopt, options.timeout)
  File "/opt/mycroft-core/.venv/lib/python3.7/site-packages/websocket/_http.py", line 190, in _open_socket
    raise err
  File "/opt/mycroft-core/.venv/lib/python3.7/site-packages/websocket/_http.py", line 170, in _open_socket
    sock.connect(address)
ConnectionRefusedError: [Errno 111] Connection refused
2021-10-26 19:12:22.906 | ERROR    |  5428 | mycroft_bus_client.client.client | Exception closing websocket: ConnectionRefusedError(111, 'Connection refused')
2021-10-26 19:12:22.906 | WARNING  |  5428 | mycroft_bus_client.client.client | Message Bus Client will reconnect in 5 seconds.
2021-10-26 19:12:27.912 | INFO     |  5428 | mycroft_bus_client.client.client | Connected
2021-10-26 19:12:27.920 | INFO     |  5428 | mycroft.util.process_utils:start_message_bus_client:155 | Connected to messagebus
2021-10-26 19:12:27.932 | INFO     |  5428 | mycroft.skills.msm_wrapper:create_msm:96 | Acquiring lock to instantiate MSM
2021-10-26 19:12:27.933 | INFO     |  5428 | msm.mycroft_skills_manager | building SkillEntry objects for all skills
2021-10-26 19:12:28.234 | INFO     |  5428 | mycroft.skills.msm_wrapper:create_msm:112 | Releasing MSM instantiation lock.
2021-10-26 19:12:28.235 | INFO     |  5428 | mycroft.skills.skill_updater:_log_next_download_time:267 | Next scheduled skill update: 2021-10-26 19:12:27.234644
2021-10-26 19:12:28.235 | INFO     |  5428 | msm.skill_entry | Downloading skill: https://github.com/mycroftai/skill-pairing
2021-10-26 19:12:29.754 | INFO     |  5428 | msm.skill_entry | Installing system requirements...
2021-10-26 19:12:29.767 | INFO     |  5428 | msm.skill_entry | Successfully installed mycroft-pairing
2021-10-26 19:12:29.767 | INFO     |  5428 | msm.mycroft_skills_manager | invalidating skills cache
2021-10-26 19:12:29.769 | INFO     |  5428 | mycroft.skills.skill_loader:load:185 | ATTEMPTING TO LOAD SKILL: mycroft-pairing.mycroftai
2021-10-26 19:12:29.777 | INFO     |  5428 | mycroft.skills.settings:get_local_settings:83 | /opt/mycroft/skills/mycroft-pairing.mycroftai/settings.json
2021-10-26 19:12:29.798 | INFO     |  5428 | mycroft.skills.skill_loader:_check_for_first_run:324 | First run of mycroft-pairing.mycroftai
2021-10-26 19:12:29.799 | INFO     |  5428 | mycroft.skills.settings:save_settings:116 | Skill settings successfully saved to /home/runner/.config/mycroft/skills/mycroft-pairing.mycroftai/settings.json
2021-10-26 19:12:29.800 | INFO     |  5428 | mycroft.skills.skill_loader:_communicate_load_status:344 | Skill mycroft-pairing.mycroftai loaded successfully
2021-10-26 19:12:29.800 | INFO     |  5428 | msm.skill_entry | Downloading skill: https://github.com/mycroftai/skill-volume
2021-10-26 19:12:30.100 | INFO     |  5428 | msm.skill_entry | Installing system requirements...
2021-10-26 19:12:30.112 | INFO     |  5428 | msm.skill_entry | Installing requirements.txt for mycroft-volume
2021-10-26 19:12:31.293 | INFO     |  5428 | msm.skill_entry | Successfully installed mycroft-volume
2021-10-26 19:12:31.293 | INFO     |  5428 | msm.mycroft_skills_manager | invalidating skills cache
2021-10-26 19:12:31.426 | INFO     |  5428 | mycroft.skills.skill_loader:load:185 | ATTEMPTING TO LOAD SKILL: mycroft-volume.mycroftai
2021-10-26 19:12:31.442 | INFO     |  5428 | mycroft.skills.settings:get_local_settings:83 | /opt/mycroft/skills/mycroft-volume.mycroftai/settings.json
2021-10-26 19:12:31.544 | ERROR    |  5428 | VolumeSkill | Couldn't allocate mixer, ALSAAudioError('No such file or directory [default]')
2021-10-26 19:12:34.583 | INFO     |  5428 | mycroft.skills.skill_loader:_check_for_first_run:324 | First run of mycroft-volume.mycroftai
2021-10-26 19:12:34.584 | INFO     |  5428 | mycroft.skills.settings:save_settings:116 | Skill settings successfully saved to /home/runner/.config/mycroft/skills/mycroft-volume.mycroftai/settings.json
2021-10-26 19:12:34.617 | INFO     |  5428 | mycroft.skills.skill_loader:_communicate_load_status:344 | Skill mycroft-volume.mycroftai loaded successfully
2021-10-26 19:12:34.619 | INFO     |  5428 | __main__:on_started:177 | Skills service is starting up.
2021-10-26 19:12:34.801 | INFO     |  5428 | __main__:_update_system:154 | Attempting system update...
2021-10-26 19:12:37.804 | INFO     |  5428 | mycroft.enclosure.display_manager:_write_data:70 | Display Manager is creating /tmp/mycroft/ipc/managers/disp_info
2021-10-26 19:12:37.806 | INFO     |  5428 | __main__:_ensure_device_is_paired:133 | Device not paired, invoking the pairing skill
2021-10-26 19:12:37.817 | INFO     |  5428 | msm.mycroft_skills_manager | building SkillEntry objects for all skills
2021-10-26 19:12:37.823 | INFO     |  5428 | __main__:on_alive:181 | Skills service is alive.
2021-10-26 19:12:38.019 | INFO     |  5428 | PairingSkill | Communicating account URL to user
2021-10-26 19:12:38.084 | WARNING  |  5428 | msm.mycroft_skills_manager | No such default skill: mycroft-pandora
2021-10-26 19:12:38.085 | INFO     |  5428 | mycroft.skills.skill_manager:run:234 | Not all default skills are installed, performing skill update...
2021-10-26 19:12:38.086 | INFO     |  5428 | mycroft.skills.skill_updater:update_skills:149 | Beginning skill update...
2021-10-26 19:12:38.254 | INFO     |  5428 | msm.mycroft_skills_manager | building SkillEntry objects for all skills
2021-10-26 19:12:38.514 | INFO     |  5428 | msm.mycroft_skills_manager | invalidating skills cache
2021-10-26 19:12:38.533 | INFO     |  5428 | msm.skill_entry | Downloading skill: https://github.com/mycroftai/fallback-unknown
2021-10-26 19:12:38.534 | INFO     |  5428 | msm.skill_entry | Downloading skill: https://github.com/mycroftai/fallback-wolfram-alpha
2021-10-26 19:12:38.535 | INFO     |  5428 | msm.skill_entry | Downloading skill: https://github.com/mycroftai/skill-alarm
2021-10-26 19:12:38.535 | INFO     |  5428 | msm.skill_entry | Downloading skill: https://github.com/mycroftai/skill-audio-record
2021-10-26 19:12:38.536 | INFO     |  5428 | msm.skill_entry | Downloading skill: https://github.com/mycroftai/skill-configuration
2021-10-26 19:12:38.537 | INFO     |  5428 | msm.skill_entry | Downloading skill: https://github.com/mycroftai/skill-date-time
2021-10-26 19:12:38.537 | INFO     |  5428 | msm.skill_entry | Downloading skill: https://github.com/mycroftai/skill-hello-world
2021-10-26 19:12:38.538 | INFO     |  5428 | msm.skill_entry | Downloading skill: https://github.com/mycroftai/skill-installer
2021-10-26 19:12:38.539 | INFO     |  5428 | msm.skill_entry | Downloading skill: https://github.com/mycroftai/skill-ip
2021-10-26 19:12:38.539 | INFO     |  5428 | msm.skill_entry | Downloading skill: https://github.com/mycroftai/skill-joke
2021-10-26 19:12:38.541 | INFO     |  5428 | msm.skill_entry | Downloading skill: https://github.com/mycroftai/skill-naptime
2021-10-26 19:12:38.541 | INFO     |  5428 | msm.skill_entry | Downloading skill: https://github.com/mycroftai/skill-npr-news
2021-10-26 19:12:38.542 | INFO     |  5428 | msm.skill_entry | Downloading skill: https://github.com/mycroftai/skill-personal
2021-10-26 19:12:38.543 | INFO     |  5428 | msm.skill_entry | Downloading skill: https://github.com/mycroftai/skill-playback-control
2021-10-26 19:12:38.543 | INFO     |  5428 | msm.skill_entry | Downloading skill: https://github.com/mycroftai/skill-reminder
2021-10-26 19:12:38.544 | INFO     |  5428 | msm.skill_entry | Downloading skill: https://github.com/mycroftai/skill-singing
2021-10-26 19:12:38.544 | INFO     |  5428 | msm.skill_entry | Downloading skill: https://github.com/mycroftai/fallback-duckduckgo
2021-10-26 19:12:39.804 | INFO     |  5428 | msm.skill_entry | Installing system requirements...
2021-10-26 19:12:39.888 | ERROR    |  5428 | msm.mycroft_skills_manager | Error running install_or_update on homeassistant.mycroftai: MergeConflict
2021-10-26 19:12:39.917 | INFO     |  5428 | msm.skill_entry | Installing system requirements...
2021-10-26 19:12:39.918 | INFO     |  5428 | msm.skill_entry | Installing system requirements...
2021-10-26 19:12:39.965 | INFO     |  5428 | msm.skill_entry | Installing system requirements...
2021-10-26 19:12:39.979 | INFO     |  5428 | msm.skill_entry | Downloading skill: https://github.com/mycroftai/skill-speak
2021-10-26 19:12:40.013 | INFO     |  5428 | msm.skill_entry | Installing requirements.txt for mycroft-ip
2021-10-26 19:12:40.031 | INFO     |  5428 | msm.skill_entry | Installing system requirements...
2021-10-26 19:12:40.099 | INFO     |  5428 | msm.skill_entry | Successfully installed mycroft-personal
2021-10-26 19:12:40.100 | INFO     |  5428 | msm.mycroft_skills_manager | invalidating skills cache
2021-10-26 19:12:40.102 | INFO     |  5428 | msm.skill_entry | Installing requirements.txt for mycroft-audio-record
2021-10-26 19:12:40.102 | INFO     |  5428 | msm.skill_entry | Downloading skill: https://github.com/mycroftai/skill-spelling
2021-10-26 19:12:40.111 | INFO     |  5428 | msm.skill_entry | Installing requirements.txt for fallback-wolfram-alpha
2021-10-26 19:12:40.114 | INFO     |  5428 | msm.skill_entry | Installing system requirements...
2021-10-26 19:12:40.166 | INFO     |  5428 | msm.skill_entry | Successfully installed mycroft-naptime
2021-10-26 19:12:40.166 | INFO     |  5428 | msm.mycroft_skills_manager | invalidating skills cache
2021-10-26 19:12:40.167 | INFO     |  5428 | msm.skill_entry | Downloading skill: https://github.com/mycroftai/skill-stop
2021-10-26 19:12:40.220 | INFO     |  5428 | msm.skill_entry | Successfully installed mycroft-playback-control
2021-10-26 19:12:40.221 | INFO     |  5428 | msm.mycroft_skills_manager | invalidating skills cache
2021-10-26 19:12:40.223 | INFO     |  5428 | msm.skill_entry | Downloading skill: https://github.com/mycroftai/skill-support
2021-10-26 19:12:40.281 | INFO     |  5428 | msm.skill_entry | Installing system requirements...
2021-10-26 19:12:40.417 | INFO     |  5428 | msm.skill_entry | Installing requirements.txt for mycroft-configuration
2021-10-26 19:12:40.573 | INFO     |  5428 | msm.skill_entry | Nothing new for mycroft-volume
2021-10-26 19:12:40.602 | INFO     |  5428 | msm.skill_entry | Installing system requirements...
2021-10-26 19:12:40.761 | INFO     |  5428 | msm.skill_entry | Nothing new for mycroft-pairing
2021-10-26 19:12:40.799 | INFO     |  5428 | msm.skill_entry | Installing system requirements...
2021-10-26 19:12:40.807 | INFO     |  5428 | msm.skill_entry | Installing system requirements...
2021-10-26 19:12:40.852 | INFO     |  5428 | msm.skill_entry | Installing system requirements...
2021-10-26 19:12:40.918 | INFO     |  5428 | msm.skill_entry | Installing requirements.txt for mycroft-volume
2021-10-26 19:12:40.937 | INFO     |  5428 | msm.skill_entry | Installing requirements.txt for mycroft-date-time
2021-10-26 19:12:40.945 | INFO     |  5428 | msm.skill_entry | Downloading skill: https://github.com/mycroftai/mycroft-timer
2021-10-26 19:12:40.965 | INFO     |  5428 | msm.skill_entry | Installing system requirements...
2021-10-26 19:12:40.967 | INFO     |  5428 | msm.skill_entry | Installing system requirements...
2021-10-26 19:12:41.005 | INFO     |  5428 | msm.skill_entry | Installing requirements.txt for mycroft-fallback-duck-duck-go
2021-10-26 19:12:41.096 | INFO     |  5428 | msm.skill_entry | Successfully installed mycroft-hello-world
2021-10-26 19:12:41.097 | INFO     |  5428 | msm.mycroft_skills_manager | invalidating skills cache
2021-10-26 19:12:41.100 | INFO     |  5428 | msm.skill_entry | Downloading skill: https://github.com/mycroftai/skill-weather
2021-10-26 19:12:41.122 | INFO     |  5428 | msm.skill_entry | Successfully installed fallback-unknown
2021-10-26 19:12:41.122 | INFO     |  5428 | msm.mycroft_skills_manager | invalidating skills cache
2021-10-26 19:12:41.123 | INFO     |  5428 | msm.skill_entry | Downloading skill: https://github.com/mycroftai/skill-version-checker
2021-10-26 19:12:41.269 | INFO     |  5428 | msm.skill_entry | Installing system requirements...
2021-10-26 19:12:41.283 | INFO     |  5428 | msm.skill_entry | Installing system requirements...
2021-10-26 19:12:41.311 | INFO     |  5428 | msm.skill_entry | Installing requirements.txt for mycroft-joke
2021-10-26 19:12:41.325 | INFO     |  5428 | msm.skill_entry | Successfully installed mycroft-reminder
2021-10-26 19:12:41.325 | INFO     |  5428 | msm.mycroft_skills_manager | invalidating skills cache
2021-10-26 19:12:41.334 | INFO     |  5428 | msm.skill_entry | Installing system requirements...
2021-10-26 19:12:41.344 | INFO     |  5428 | msm.skill_entry | Downloading skill: https://github.com/mycroftai/skill-wiki
2021-10-26 19:12:41.459 | INFO     |  5428 | msm.skill_entry | Successfully installed mycroft-spelling
2021-10-26 19:12:41.459 | INFO     |  5428 | msm.mycroft_skills_manager | invalidating skills cache
2021-10-26 19:12:41.461 | INFO     |  5428 | msm.skill_entry | Downloading skill: https://github.com/MycroftAI/skill-query
2021-10-26 19:12:41.517 | INFO     |  5428 | msm.skill_entry | Installing system requirements...
2021-10-26 19:12:41.525 | INFO     |  5428 | msm.skill_entry | Installing system requirements...
2021-10-26 19:12:41.559 | INFO     |  5428 | msm.skill_entry | Installing requirements.txt for mycroft-installer
2021-10-26 19:12:41.566 | INFO     |  5428 | msm.skill_entry | Installing system requirements...
2021-10-26 19:12:41.599 | INFO     |  5428 | msm.skill_entry | Successfully installed mycroft-speak
2021-10-26 19:12:41.600 | INFO     |  5428 | msm.mycroft_skills_manager | invalidating skills cache
2021-10-26 19:12:41.647 | INFO     |  5428 | msm.skill_entry | Installing requirements.txt for mycroft-alarm
2021-10-26 19:12:41.711 | INFO     |  5428 | msm.skill_entry | Installing system requirements...
2021-10-26 19:12:41.719 | INFO     |  5428 | msm.skill_entry | Installing system requirements...
2021-10-26 19:12:41.732 | INFO     |  5428 | msm.skill_entry | Installing requirements.txt for mycroft-npr-news
2021-10-26 19:12:41.742 | INFO     |  5428 | msm.skill_entry | Successfully installed mycroft-stop
2021-10-26 19:12:41.742 | INFO     |  5428 | msm.mycroft_skills_manager | invalidating skills cache
2021-10-26 19:12:41.761 | INFO     |  5428 | msm.skill_entry | Installing system requirements...
2021-10-26 19:12:41.843 | INFO     |  5428 | msm.skill_entry | Installing requirements.txt for mycroft-support-helper
2021-10-26 19:12:42.060 | INFO     |  5428 | msm.skill_entry | Installing system requirements...
2021-10-26 19:12:42.135 | INFO     |  5428 | msm.skill_entry | Successfully installed mycroft-version-checker
2021-10-26 19:12:42.135 | INFO     |  5428 | msm.mycroft_skills_manager | invalidating skills cache
2021-10-26 19:12:42.261 | ERROR    |  5428 | msm.mycroft_skills_manager | Error running install_or_update on homeassistant: MergeConflict
2021-10-26 19:12:42.333 | INFO     |  5428 | msm.skill_entry | Installing system requirements...
2021-10-26 19:12:42.379 | INFO     |  5428 | msm.skill_entry | Successfully installed mycroft-timer
2021-10-26 19:12:42.379 | INFO     |  5428 | msm.mycroft_skills_manager | invalidating skills cache
2021-10-26 19:12:42.532 | INFO     |  5428 | msm.skill_entry | Installing system requirements...
2021-10-26 19:12:42.567 | INFO     |  5428 | msm.skill_entry | Successfully installed mycroft-singing
2021-10-26 19:12:42.567 | INFO     |  5428 | msm.mycroft_skills_manager | invalidating skills cache
2021-10-26 19:12:42.910 | INFO     |  5428 | msm.skill_entry | Successfully installed mycroft-ip
2021-10-26 19:12:42.910 | INFO     |  5428 | msm.mycroft_skills_manager | invalidating skills cache
2021-10-26 19:12:43.041 | INFO     |  5428 | msm.skill_entry | Installing system requirements...
2021-10-26 19:12:43.061 | INFO     |  5428 | msm.skill_entry | Successfully installed fallback-query
2021-10-26 19:12:43.061 | INFO     |  5428 | msm.mycroft_skills_manager | invalidating skills cache
2021-10-26 19:12:43.585 | INFO     |  5428 | msm.skill_entry | Installing system requirements...
2021-10-26 19:12:43.618 | INFO     |  5428 | msm.skill_entry | Installing requirements.txt for mycroft-weather
2021-10-26 19:12:44.061 | INFO     |  5428 | msm.skill_entry | Installing system requirements...
2021-10-26 19:12:44.091 | INFO     |  5428 | msm.skill_entry | Installing requirements.txt for mycroft-wiki
2021-10-26 19:12:44.139 | INFO     |  5428 | msm.skill_entry | Successfully installed mycroft-audio-record
2021-10-26 19:12:44.140 | INFO     |  5428 | msm.mycroft_skills_manager | invalidating skills cache
2021-10-26 19:12:48.237 | INFO     |  5428 | msm.skill_entry | Successfully installed fallback-wolfram-alpha
2021-10-26 19:12:48.237 | INFO     |  5428 | msm.mycroft_skills_manager | invalidating skills cache
2021-10-26 19:12:51.055 | INFO     |  5428 | msm.skill_entry | Successfully installed mycroft-configuration
2021-10-26 19:12:51.055 | INFO     |  5428 | msm.mycroft_skills_manager | invalidating skills cache
2021-10-26 19:13:08.361 | INFO     |  5428 | PairingSkill | Initiating device pairing sequence...
2021-10-26 19:13:08.361 | INFO     |  5428 | PairingSkill | Retrieving pairing code from device API...
2021-10-26 19:13:08.520 | INFO     |  5428 | PairingSkill | Pairing code obtained: FJM947
2021-10-26 19:13:08.520 | INFO     |  5428 | PairingSkill | Communicating pairing URL to user
2021-10-26 19:13:09.694 | INFO     |  5428 | msm.skill_entry | Successfully installed mycroft-date-time
2021-10-26 19:13:09.695 | INFO     |  5428 | msm.mycroft_skills_manager | invalidating skills cache
2021-10-26 19:13:10.902 | INFO     |  5428 | msm.skill_entry | Successfully installed mycroft-fallback-duck-duck-go
2021-10-26 19:13:10.902 | INFO     |  5428 | msm.mycroft_skills_manager | invalidating skills cache
2021-10-26 19:13:12.089 | INFO     |  5428 | msm.skill_entry | Successfully installed mycroft-joke
2021-10-26 19:13:12.089 | INFO     |  5428 | msm.mycroft_skills_manager | invalidating skills cache
2021-10-26 19:13:13.087 | INFO     |  5428 | msm.skill_entry | Successfully installed mycroft-installer
2021-10-26 19:13:13.088 | INFO     |  5428 | msm.mycroft_skills_manager | invalidating skills cache
2021-10-26 19:13:14.177 | INFO     |  5428 | msm.skill_entry | Successfully installed mycroft-alarm
2021-10-26 19:13:14.178 | INFO     |  5428 | msm.mycroft_skills_manager | invalidating skills cache
2021-10-26 19:13:18.019 | INFO     |  5428 | msm.skill_entry | Successfully installed mycroft-npr-news
2021-10-26 19:13:18.019 | INFO     |  5428 | msm.mycroft_skills_manager | invalidating skills cache
2021-10-26 19:13:20.305 | INFO     |  5428 | msm.skill_entry | Successfully installed mycroft-support-helper
2021-10-26 19:13:20.305 | INFO     |  5428 | msm.mycroft_skills_manager | invalidating skills cache
2021-10-26 19:13:21.435 | INFO     |  5428 | msm.skill_entry | Successfully installed mycroft-weather
2021-10-26 19:13:21.435 | INFO     |  5428 | msm.mycroft_skills_manager | invalidating skills cache
2021-10-26 19:13:23.995 | INFO     |  5428 | msm.skill_entry | Successfully installed mycroft-wiki
2021-10-26 19:13:23.995 | INFO     |  5428 | msm.mycroft_skills_manager | invalidating skills cache
2021-10-26 19:13:24.026 | INFO     |  5428 | mycroft.skills.skill_updater:_log_next_download_time:267 | Next scheduled skill update: 2021-10-26 20:13:24.025805
2021-10-26 19:13:24.026 | INFO     |  5428 | mycroft.skills.skill_updater:update_skills:170 | Skill update complete
2021-10-26 19:13:24.028 | INFO     |  5428 | mycroft.skills.skill_manager:_load_on_startup:273 | Loading installed skills...
2021-10-26 19:13:24.031 | INFO     |  5428 | mycroft.skills.skill_loader:load:185 | ATTEMPTING TO LOAD SKILL: mycroft-ip.mycroftai
2021-10-26 19:13:24.156 | INFO     |  5428 | mycroft.skills.settings:get_local_settings:83 | /opt/mycroft/skills/mycroft-ip.mycroftai/settings.json
2021-10-26 19:13:24.169 | INFO     |  5428 | mycroft.skills.skill_loader:_check_for_first_run:324 | First run of mycroft-ip.mycroftai
2021-10-26 19:13:24.170 | INFO     |  5428 | mycroft.skills.settings:save_settings:116 | Skill settings successfully saved to /home/runner/.config/mycroft/skills/mycroft-ip.mycroftai/settings.json
2021-10-26 19:13:24.188 | INFO     |  5428 | mycroft.skills.skill_loader:_communicate_load_status:344 | Skill mycroft-ip.mycroftai loaded successfully
2021-10-26 19:13:24.190 | INFO     |  5428 | mycroft.skills.skill_loader:load:185 | ATTEMPTING TO LOAD SKILL: mycroft-reminder.mycroftai
2021-10-26 19:13:24.243 | INFO     |  5428 | mycroft.skills.settings:get_local_settings:83 | /opt/mycroft/skills/mycroft-reminder.mycroftai/settings.json
2021-10-26 19:13:24.338 | INFO     |  5428 | mycroft.skills.skill_loader:_check_for_first_run:324 | First run of mycroft-reminder.mycroftai
2021-10-26 19:13:24.345 | INFO     |  5428 | mycroft.skills.settings:save_settings:116 | Skill settings successfully saved to /home/runner/.config/mycroft/skills/mycroft-reminder.mycroftai/settings.json
2021-10-26 19:13:24.347 | INFO     |  5428 | mycroft.skills.skill_loader:_communicate_load_status:344 | Skill mycroft-reminder.mycroftai loaded successfully
2021-10-26 19:13:24.353 | INFO     |  5428 | mycroft.skills.skill_loader:load:185 | ATTEMPTING TO LOAD SKILL: mycroft-installer.mycroftai
2021-10-26 19:13:24.392 | INFO     |  5428 | mycroft.skills.settings:get_local_settings:83 | /opt/mycroft/skills/mycroft-installer.mycroftai/settings.json
2021-10-26 19:13:24.501 | INFO     |  5428 | mycroft.skills.skill_loader:_check_for_first_run:324 | First run of mycroft-installer.mycroftai
2021-10-26 19:13:24.510 | INFO     |  5428 | mycroft.skills.settings:save_settings:116 | Skill settings successfully saved to /home/runner/.config/mycroft/skills/mycroft-installer.mycroftai/settings.json
2021-10-26 19:13:24.516 | INFO     |  5428 | mycroft.skills.skill_loader:_communicate_load_status:344 | Skill mycroft-installer.mycroftai loaded successfully
2021-10-26 19:13:24.520 | INFO     |  5428 | mycroft.skills.skill_loader:load:185 | ATTEMPTING TO LOAD SKILL: mycroft-version-checker.mycroftai
2021-10-26 19:13:24.533 | INFO     |  5428 | mycroft.skills.settings:get_local_settings:83 | /opt/mycroft/skills/mycroft-version-checker.mycroftai/settings.json
2021-10-26 19:13:24.569 | INFO     |  5428 | mycroft.skills.skill_loader:_check_for_first_run:324 | First run of mycroft-version-checker.mycroftai
2021-10-26 19:13:24.579 | INFO     |  5428 | mycroft.skills.settings:save_settings:116 | Skill settings successfully saved to /home/runner/.config/mycroft/skills/mycroft-version-checker.mycroftai/settings.json
2021-10-26 19:13:24.585 | INFO     |  5428 | mycroft.skills.skill_loader:_communicate_load_status:344 | Skill mycroft-version-checker.mycroftai loaded successfully
2021-10-26 19:13:24.585 | INFO     |  5428 | mycroft.skills.skill_loader:load:185 | ATTEMPTING TO LOAD SKILL: mycroft-singing.mycroftai
2021-10-26 19:13:24.602 | INFO     |  5428 | mycroft.skills.settings:get_local_settings:83 | /opt/mycroft/skills/mycroft-singing.mycroftai/settings.json
2021-10-26 19:13:24.625 | INFO     |  5428 | mycroft.skills.skill_loader:_check_for_first_run:324 | First run of mycroft-singing.mycroftai
2021-10-26 19:13:24.632 | INFO     |  5428 | mycroft.skills.settings:save_settings:116 | Skill settings successfully saved to /home/runner/.config/mycroft/skills/mycroft-singing.mycroftai/settings.json
2021-10-26 19:13:24.637 | INFO     |  5428 | mycroft.skills.skill_loader:_communicate_load_status:344 | Skill mycroft-singing.mycroftai loaded successfully
2021-10-26 19:13:24.637 | INFO     |  5428 | mycroft.skills.skill_loader:load:185 | ATTEMPTING TO LOAD SKILL: mycroft-joke.mycroftai
2021-10-26 19:13:24.651 | INFO     |  5428 | mycroft.skills.settings:get_local_settings:83 | /opt/mycroft/skills/mycroft-joke.mycroftai/settings.json
2021-10-26 19:13:24.707 | INFO     |  5428 | mycroft.skills.skill_loader:_check_for_first_run:324 | First run of mycroft-joke.mycroftai
2021-10-26 19:13:24.708 | INFO     |  5428 | mycroft.skills.settings:save_settings:116 | Skill settings successfully saved to /home/runner/.config/mycroft/skills/mycroft-joke.mycroftai/settings.json
2021-10-26 19:13:24.725 | INFO     |  5428 | mycroft.skills.skill_loader:_communicate_load_status:344 | Skill mycroft-joke.mycroftai loaded successfully
2021-10-26 19:13:24.726 | INFO     |  5428 | mycroft.skills.skill_loader:load:185 | ATTEMPTING TO LOAD SKILL: mycroft-timer.mycroftai
2021-10-26 19:13:24.861 | INFO     |  5428 | mycroft.skills.settings:get_local_settings:83 | /opt/mycroft/skills/mycroft-timer.mycroftai/settings.json
2021-10-26 19:13:25.151 | INFO     |  5428 | mycroft.skills.skill_loader:_check_for_first_run:324 | First run of mycroft-timer.mycroftai
2021-10-26 19:13:25.152 | INFO     |  5428 | mycroft.skills.settings:save_settings:116 | Skill settings successfully saved to /home/runner/.config/mycroft/skills/mycroft-timer.mycroftai/settings.json
2021-10-26 19:13:25.170 | INFO     |  5428 | mycroft.skills.skill_loader:_communicate_load_status:344 | Skill mycroft-timer.mycroftai loaded successfully
2021-10-26 19:13:25.170 | INFO     |  5428 | mycroft.skills.skill_loader:load:185 | ATTEMPTING TO LOAD SKILL: homeassistant.mycroftai
2021-10-26 19:13:26.335 | INFO     |  5428 | mycroft.skills.settings:get_local_settings:83 | /opt/mycroft/skills/homeassistant.mycroftai/settings.json
2021-10-26 19:13:26.336 | INFO     |  5428 | mycroft.skills.settings:get_local_settings:83 | /opt/mycroft/skills/homeassistant.mycroftai/settings.json
2021-10-26 19:13:26.458 | INFO     |  5428 | mycroft.skills.skill_loader:_communicate_load_status:344 | Skill homeassistant.mycroftai loaded successfully
2021-10-26 19:13:26.459 | INFO     |  5428 | mycroft.skills.skill_loader:load:185 | ATTEMPTING TO LOAD SKILL: mycroft-alarm.mycroftai
2021-10-26 19:13:26.523 | INFO     |  5428 | mycroft.skills.settings:get_local_settings:83 | /opt/mycroft/skills/mycroft-alarm.mycroftai/settings.json
2021-10-26 19:13:26.523 | ERROR    |  5428 | AlarmSkill | Couldn't allocate mixer, ALSAAudioError('No such file or directory [default]')
2021-10-26 19:13:26.662 | INFO     |  5428 | mycroft.skills.skill_loader:_check_for_first_run:324 | First run of mycroft-alarm.mycroftai
2021-10-26 19:13:26.663 | INFO     |  5428 | mycroft.skills.settings:save_settings:116 | Skill settings successfully saved to /home/runner/.config/mycroft/skills/mycroft-alarm.mycroftai/settings.json
2021-10-26 19:13:26.666 | INFO     |  5428 | mycroft.skills.skill_loader:_communicate_load_status:344 | Skill mycroft-alarm.mycroftai loaded successfully
2021-10-26 19:13:26.666 | INFO     |  5428 | mycroft.skills.skill_loader:load:185 | ATTEMPTING TO LOAD SKILL: mycroft-naptime.mycroftai
2021-10-26 19:13:26.677 | INFO     |  5428 | mycroft.skills.settings:get_local_settings:83 | /opt/mycroft/skills/mycroft-naptime.mycroftai/settings.json
2021-10-26 19:13:26.694 | INFO     |  5428 | mycroft.skills.skill_loader:_check_for_first_run:324 | First run of mycroft-naptime.mycroftai
2021-10-26 19:13:26.695 | INFO     |  5428 | mycroft.skills.settings:save_settings:116 | Skill settings successfully saved to /home/runner/.config/mycroft/skills/mycroft-naptime.mycroftai/settings.json
2021-10-26 19:13:26.695 | INFO     |  5428 | mycroft.skills.skill_loader:_communicate_load_status:344 | Skill mycroft-naptime.mycroftai loaded successfully
2021-10-26 19:13:26.696 | INFO     |  5428 | mycroft.skills.skill_loader:load:185 | ATTEMPTING TO LOAD SKILL: mycroft-spelling.mycroftai
2021-10-26 19:13:26.706 | INFO     |  5428 | mycroft.skills.settings:get_local_settings:83 | /opt/mycroft/skills/mycroft-spelling.mycroftai/settings.json
2021-10-26 19:13:26.728 | INFO     |  5428 | mycroft.skills.skill_loader:_check_for_first_run:324 | First run of mycroft-spelling.mycroftai
2021-10-26 19:13:26.729 | INFO     |  5428 | mycroft.skills.settings:save_settings:116 | Skill settings successfully saved to /home/runner/.config/mycroft/skills/mycroft-spelling.mycroftai/settings.json
2021-10-26 19:13:26.730 | INFO     |  5428 | mycroft.skills.skill_loader:_communicate_load_status:344 | Skill mycroft-spelling.mycroftai loaded successfully
2021-10-26 19:13:26.731 | INFO     |  5428 | mycroft.skills.skill_loader:load:185 | ATTEMPTING TO LOAD SKILL: mycroft-fallback-duck-duck-go.mycroftai
2021-10-26 19:13:26.761 | INFO     |  5428 | mycroft.skills.settings:get_local_settings:83 | /opt/mycroft/skills/mycroft-fallback-duck-duck-go.mycroftai/settings.json
2021-10-26 19:13:26.804 | INFO     |  5428 | mycroft.skills.skill_loader:_check_for_first_run:324 | First run of mycroft-fallback-duck-duck-go.mycroftai
2021-10-26 19:13:26.805 | INFO     |  5428 | mycroft.skills.settings:save_settings:116 | Skill settings successfully saved to /home/runner/.config/mycroft/skills/mycroft-fallback-duck-duck-go.mycroftai/settings.json
2021-10-26 19:13:26.806 | INFO     |  5428 | mycroft.skills.skill_loader:_communicate_load_status:344 | Skill mycroft-fallback-duck-duck-go.mycroftai loaded successfully
2021-10-26 19:13:26.806 | INFO     |  5428 | mycroft.skills.skill_loader:load:185 | ATTEMPTING TO LOAD SKILL: mycroft-npr-news.mycroftai
2021-10-26 19:13:26.976 | INFO     |  5428 | mycroft.skills.settings:get_local_settings:83 | /opt/mycroft/skills/mycroft-npr-news.mycroftai/settings.json
2021-10-26 19:13:28.036 | INFO     |  5428 | mycroft.skills.skill_loader:_check_for_first_run:324 | First run of mycroft-npr-news.mycroftai
2021-10-26 19:13:28.037 | INFO     |  5428 | mycroft.skills.settings:save_settings:116 | Skill settings successfully saved to /home/runner/.config/mycroft/skills/mycroft-npr-news.mycroftai/settings.json
2021-10-26 19:13:28.038 | INFO     |  5428 | mycroft.skills.skill_loader:_communicate_load_status:344 | Skill mycroft-npr-news.mycroftai loaded successfully
2021-10-26 19:13:28.039 | INFO     |  5428 | mycroft.skills.skill_loader:load:185 | ATTEMPTING TO LOAD SKILL: mycroft-support-helper.mycroftai
2021-10-26 19:13:28.053 | INFO     |  5428 | mycroft.skills.settings:get_local_settings:83 | /opt/mycroft/skills/mycroft-support-helper.mycroftai/settings.json
2021-10-26 19:13:28.071 | INFO     |  5428 | mycroft.skills.skill_loader:_check_for_first_run:324 | First run of mycroft-support-helper.mycroftai
2021-10-26 19:13:28.072 | INFO     |  5428 | mycroft.skills.settings:save_settings:116 | Skill settings successfully saved to /home/runner/.config/mycroft/skills/mycroft-support-helper.mycroftai/settings.json
2021-10-26 19:13:28.075 | INFO     |  5428 | mycroft.skills.skill_loader:_communicate_load_status:344 | Skill mycroft-support-helper.mycroftai loaded successfully
2021-10-26 19:13:28.076 | INFO     |  5428 | mycroft.skills.skill_loader:load:185 | ATTEMPTING TO LOAD SKILL: mycroft-weather.mycroftai
2021-10-26 19:13:28.112 | INFO     |  5428 | mycroft.skills.settings:get_local_settings:83 | /opt/mycroft/skills/mycroft-weather.mycroftai/settings.json
2021-10-26 19:13:28.287 | INFO     |  5428 | mycroft.skills.skill_loader:_check_for_first_run:324 | First run of mycroft-weather.mycroftai
2021-10-26 19:13:28.288 | INFO     |  5428 | mycroft.skills.settings:save_settings:116 | Skill settings successfully saved to /home/runner/.config/mycroft/skills/mycroft-weather.mycroftai/settings.json
2021-10-26 19:13:28.288 | INFO     |  5428 | mycroft.skills.skill_loader:_communicate_load_status:344 | Skill mycroft-weather.mycroftai loaded successfully
2021-10-26 19:13:28.299 | INFO     |  5428 | mycroft.skills.skill_loader:load:185 | ATTEMPTING TO LOAD SKILL: mycroft-speak.mycroftai
2021-10-26 19:13:28.308 | INFO     |  5428 | mycroft.skills.settings:get_local_settings:83 | /opt/mycroft/skills/mycroft-speak.mycroftai/settings.json
2021-10-26 19:13:28.347 | INFO     |  5428 | mycroft.skills.skill_loader:_check_for_first_run:324 | First run of mycroft-speak.mycroftai
2021-10-26 19:13:28.348 | INFO     |  5428 | mycroft.skills.settings:save_settings:116 | Skill settings successfully saved to /home/runner/.config/mycroft/skills/mycroft-speak.mycroftai/settings.json
2021-10-26 19:13:28.353 | INFO     |  5428 | mycroft.skills.skill_loader:_communicate_load_status:344 | Skill mycroft-speak.mycroftai loaded successfully
2021-10-26 19:13:28.354 | INFO     |  5428 | mycroft.skills.skill_loader:load:185 | ATTEMPTING TO LOAD SKILL: mycroft-audio-record.mycroftai
2021-10-26 19:13:28.359 | INFO     |  5428 | mycroft.skills.settings:get_local_settings:83 | /opt/mycroft/skills/mycroft-audio-record.mycroftai/settings.json
2021-10-26 19:13:28.398 | INFO     |  5428 | mycroft.skills.skill_loader:_check_for_first_run:324 | First run of mycroft-audio-record.mycroftai
2021-10-26 19:13:28.399 | INFO     |  5428 | mycroft.skills.settings:save_settings:116 | Skill settings successfully saved to /home/runner/.config/mycroft/skills/mycroft-audio-record.mycroftai/settings.json
2021-10-26 19:13:28.413 | INFO     |  5428 | mycroft.skills.skill_loader:_communicate_load_status:344 | Skill mycroft-audio-record.mycroftai loaded successfully
2021-10-26 19:13:28.413 | INFO     |  5428 | mycroft.skills.skill_loader:load:185 | ATTEMPTING TO LOAD SKILL: mycroft-stop.mycroftai
2021-10-26 19:13:28.435 | INFO     |  5428 | mycroft.skills.settings:get_local_settings:83 | /opt/mycroft/skills/mycroft-stop.mycroftai/settings.json
2021-10-26 19:13:28.468 | INFO     |  5428 | mycroft.skills.skill_loader:_check_for_first_run:324 | First run of mycroft-stop.mycroftai
2021-10-26 19:13:28.486 | INFO     |  5428 | mycroft.skills.settings:save_settings:116 | Skill settings successfully saved to /home/runner/.config/mycroft/skills/mycroft-stop.mycroftai/settings.json
2021-10-26 19:13:28.489 | INFO     |  5428 | mycroft.skills.skill_loader:_communicate_load_status:344 | Skill mycroft-stop.mycroftai loaded successfully
2021-10-26 19:13:28.490 | INFO     |  5428 | mycroft.skills.skill_loader:load:185 | ATTEMPTING TO LOAD SKILL: mycroft-hello-world.mycroftai
2021-10-26 19:13:28.506 | INFO     |  5428 | mycroft.skills.settings:get_local_settings:83 | /opt/mycroft/skills/mycroft-hello-world.mycroftai/settings.json
2021-10-26 19:13:28.537 | INFO     |  5428 | mycroft.skills.skill_loader:_check_for_first_run:324 | First run of mycroft-hello-world.mycroftai
2021-10-26 19:13:28.538 | INFO     |  5428 | mycroft.skills.settings:save_settings:116 | Skill settings successfully saved to /home/runner/.config/mycroft/skills/mycroft-hello-world.mycroftai/settings.json
2021-10-26 19:13:28.551 | INFO     |  5428 | mycroft.skills.skill_loader:_communicate_load_status:344 | Skill mycroft-hello-world.mycroftai loaded successfully
2021-10-26 19:13:28.551 | INFO     |  5428 | mycroft.skills.skill_loader:load:185 | ATTEMPTING TO LOAD SKILL: mycroft-date-time.mycroftai
2021-10-26 19:13:29.303 | INFO     |  5428 | mycroft.skills.settings:get_local_settings:83 | /opt/mycroft/skills/mycroft-date-time.mycroftai/settings.json
2021-10-26 19:13:29.344 | INFO     |  5428 | TimeSkill | Registering resting screen <bound method TimeSkill.handle_idle of <mycroft-date-time_mycroftai.TimeSkill object at 0x7f8140eee990>> for Time and Date.
2021-10-26 19:13:29.346 | INFO     |  5428 | TimeSkill | Registering resting screen
2021-10-26 19:13:29.357 | INFO     |  5428 | mycroft.skills.skill_loader:_check_for_first_run:324 | First run of mycroft-date-time.mycroftai
2021-10-26 19:13:29.358 | INFO     |  5428 | mycroft.skills.settings:save_settings:116 | Skill settings successfully saved to /home/runner/.config/mycroft/skills/mycroft-date-time.mycroftai/settings.json
2021-10-26 19:13:29.359 | INFO     |  5428 | mycroft.skills.skill_loader:_communicate_load_status:344 | Skill mycroft-date-time.mycroftai loaded successfully
2021-10-26 19:13:29.360 | INFO     |  5428 | mycroft.skills.skill_loader:load:185 | ATTEMPTING TO LOAD SKILL: mycroft-configuration.mycroftai
2021-10-26 19:13:29.377 | INFO     |  5428 | mycroft.skills.settings:get_local_settings:83 | /opt/mycroft/skills/mycroft-configuration.mycroftai/settings.json
2021-10-26 19:13:29.417 | INFO     |  5428 | mycroft.skills.skill_loader:_check_for_first_run:324 | First run of mycroft-configuration.mycroftai
2021-10-26 19:13:29.417 | INFO     |  5428 | mycroft.skills.settings:save_settings:116 | Skill settings successfully saved to /home/runner/.config/mycroft/skills/mycroft-configuration.mycroftai/settings.json
2021-10-26 19:13:29.419 | INFO     |  5428 | mycroft.skills.skill_loader:_communicate_load_status:344 | Skill mycroft-configuration.mycroftai loaded successfully
2021-10-26 19:13:29.420 | INFO     |  5428 | mycroft.skills.skill_loader:load:185 | ATTEMPTING TO LOAD SKILL: fallback-query.mycroftai
2021-10-26 19:13:29.425 | INFO     |  5428 | mycroft.skills.settings:get_local_settings:83 | /opt/mycroft/skills/fallback-query.mycroftai/settings.json
2021-10-26 19:13:29.441 | INFO     |  5428 | mycroft.skills.skill_loader:_check_for_first_run:324 | First run of fallback-query.mycroftai
2021-10-26 19:13:29.442 | INFO     |  5428 | mycroft.skills.settings:save_settings:116 | Skill settings successfully saved to /home/runner/.config/mycroft/skills/fallback-query.mycroftai/settings.json
2021-10-26 19:13:29.443 | INFO     |  5428 | mycroft.skills.skill_loader:_communicate_load_status:344 | Skill fallback-query.mycroftai loaded successfully
2021-10-26 19:13:29.443 | INFO     |  5428 | mycroft.skills.skill_loader:load:185 | ATTEMPTING TO LOAD SKILL: mycroft-personal.mycroftai
2021-10-26 19:13:29.456 | INFO     |  5428 | mycroft.skills.settings:get_local_settings:83 | /opt/mycroft/skills/mycroft-personal.mycroftai/settings.json
2021-10-26 19:13:29.484 | INFO     |  5428 | mycroft.skills.skill_loader:_check_for_first_run:324 | First run of mycroft-personal.mycroftai
2021-10-26 19:13:29.486 | INFO     |  5428 | mycroft.skills.settings:save_settings:116 | Skill settings successfully saved to /home/runner/.config/mycroft/skills/mycroft-personal.mycroftai/settings.json
2021-10-26 19:13:29.489 | INFO     |  5428 | mycroft.skills.skill_loader:_communicate_load_status:344 | Skill mycroft-personal.mycroftai loaded successfully
2021-10-26 19:13:29.489 | INFO     |  5428 | mycroft.skills.skill_loader:load:185 | ATTEMPTING TO LOAD SKILL: fallback-wolfram-alpha.mycroftai
2021-10-26 19:13:29.544 | INFO     |  5428 | mycroft.skills.settings:get_local_settings:83 | /opt/mycroft/skills/fallback-wolfram-alpha.mycroftai/settings.json
2021-10-26 19:13:29.570 | INFO     |  5428 | mycroft.skills.skill_loader:_check_for_first_run:324 | First run of fallback-wolfram-alpha.mycroftai
2021-10-26 19:13:29.571 | INFO     |  5428 | mycroft.skills.settings:save_settings:116 | Skill settings successfully saved to /home/runner/.config/mycroft/skills/fallback-wolfram-alpha.mycroftai/settings.json
2021-10-26 19:13:29.571 | INFO     |  5428 | mycroft.skills.skill_loader:_communicate_load_status:344 | Skill fallback-wolfram-alpha.mycroftai loaded successfully
2021-10-26 19:13:29.572 | INFO     |  5428 | mycroft.skills.skill_loader:load:185 | ATTEMPTING TO LOAD SKILL: mycroft-wiki.mycroftai
2021-10-26 19:13:29.584 | INFO     |  5428 | mycroft.skills.settings:get_local_settings:83 | /opt/mycroft/skills/mycroft-wiki.mycroftai/settings.json
2021-10-26 19:13:29.596 | INFO     |  5428 | mycroft.skills.skill_loader:_check_for_first_run:324 | First run of mycroft-wiki.mycroftai
2021-10-26 19:13:29.597 | INFO     |  5428 | mycroft.skills.settings:save_settings:116 | Skill settings successfully saved to /home/runner/.config/mycroft/skills/mycroft-wiki.mycroftai/settings.json
2021-10-26 19:13:29.599 | INFO     |  5428 | mycroft.skills.skill_loader:_communicate_load_status:344 | Skill mycroft-wiki.mycroftai loaded successfully
2021-10-26 19:13:29.600 | INFO     |  5428 | mycroft.skills.skill_loader:load:185 | ATTEMPTING TO LOAD SKILL: fallback-unknown.mycroftai
2021-10-26 19:13:29.608 | INFO     |  5428 | mycroft.skills.settings:get_local_settings:83 | /opt/mycroft/skills/fallback-unknown.mycroftai/settings.json
2021-10-26 19:13:29.631 | INFO     |  5428 | mycroft.skills.skill_loader:_check_for_first_run:324 | First run of fallback-unknown.mycroftai
2021-10-26 19:13:29.632 | INFO     |  5428 | mycroft.skills.settings:save_settings:116 | Skill settings successfully saved to /home/runner/.config/mycroft/skills/fallback-unknown.mycroftai/settings.json
2021-10-26 19:13:29.632 | INFO     |  5428 | mycroft.skills.skill_loader:_communicate_load_status:344 | Skill fallback-unknown.mycroftai loaded successfully
2021-10-26 19:13:29.633 | INFO     |  5428 | mycroft.skills.skill_loader:load:185 | ATTEMPTING TO LOAD SKILL: mycroft-playback-control.mycroftai
2021-10-26 19:13:29.640 | INFO     |  5428 | mycroft.skills.settings:get_local_settings:83 | /opt/mycroft/skills/mycroft-playback-control.mycroftai/settings.json
2021-10-26 19:13:29.678 | INFO     |  5428 | mycroft.skills.skill_loader:_check_for_first_run:324 | First run of mycroft-playback-control.mycroftai
2021-10-26 19:13:29.681 | INFO     |  5428 | mycroft.skills.settings:save_settings:116 | Skill settings successfully saved to /home/runner/.config/mycroft/skills/mycroft-playback-control.mycroftai/settings.json
2021-10-26 19:13:29.686 | INFO     |  5428 | mycroft.skills.skill_loader:_communicate_load_status:344 | Skill mycroft-playback-control.mycroftai loaded successfully
2021-10-26 19:13:29.686 | INFO     |  5428 | mycroft.skills.skill_manager:_load_on_startup:275 | Skills all loaded!
2021-10-26 19:13:29.719 | INFO     |  5428 | __main__:on_ready:185 | Skills service is ready.
2021-10-26 19:13:29.865 | INFO     |  5428 | mycroft.skills.intent_services.padatious_service:train:151 | Training... (single_thread=False)
Regenerated mycroft-alarm.mycroftai:{daytype}.
Regenerated mycroft-reminder.mycroftai:ClearReminders.intent.
Regenerated mycroft-installer.mycroftai:list.skills.intent.
Regenerated mycroft-installer.mycroftai:install.intent.
Regenerated mycroft-installer.mycroftai:is.installed.intent.
Regenerated mycroft-installer.mycroftai:remove.intent.
Regenerated mycroft-installer.mycroftai:install.custom.intent.
Regenerated mycroft-installer.mycroftai:install.beta.intent.
Regenerated mycroft-timer.mycroftai:start.timer.intent.
Regenerated mycroft-timer.mycroftai:timer.status.intent.
Regenerated homeassistant.mycroftai:stop.intent.
Regenerated homeassistant.mycroftai:open.intent.
Regenerated homeassistant.mycroftai:close.intent.
Regenerated homeassistant.mycroftai:toggle.intent.
Regenerated homeassistant.mycroftai:tracker.intent.
Regenerated homeassistant.mycroftai:turn.on.intent.
Regenerated homeassistant.mycroftai:automation.intent.
Regenerated mycroft-alarm.mycroftai:change.alarm.sound.intent.
Regenerated mycroft-npr-news.mycroftai:PlayTheNews.intent.
Regenerated mycroft-support-helper.mycroftai:contact.support.intent.
Regenerated mycroft-weather.mycroftai:do-i-need-an-umbrella.intent.
Regenerated mycroft-audio-record.mycroftai:PlayRecording.intent.
Regenerated mycroft-audio-record.mycroftai:StartRecording.intent.
Regenerated mycroft-stop.mycroftai:wifi.setup.intent.
Regenerated mycroft-stop.mycroftai:shutdown.intent.
Regenerated mycroft-stop.mycroftai:reboot.intent.
Regenerated mycroft-stop.mycroftai:ssh.disable.intent.
Regenerated mycroft-stop.mycroftai:ssh.enable.intent.
Regenerated mycroft-hello-world.mycroftai:HowAreYou.intent.
Regenerated mycroft-date-time.mycroftai:what.time.will.it.be.intent.
Regenerated mycroft-date-time.mycroftai:date.last.weekend.intent.
Regenerated mycroft-date-time.mycroftai:what.time.is.it.intent.
Regenerated mycroft-date-time.mycroftai:date.future.weekend.intent.
Regenerated mycroft-configuration.mycroftai:EnablePreciseDev.intent.
Regenerated mycroft-configuration.mycroftai:DisablePreciseDev.intent.
Regenerated mycroft-configuration.mycroftai:WhereAreYou.intent.
Regenerated mycroft-personal.mycroftai:WhoAreYou.intent.
Regenerated mycroft-personal.mycroftai:DoYouRhyme.intent.
Regenerated mycroft-personal.mycroftai:WhenWereYouBorn.intent.
Regenerated mycroft-personal.mycroftai:WhoMadeYou.intent.
Regenerated mycroft-personal.mycroftai:WhatAreYou.intent.
Regenerated mycroft-personal.mycroftai:WhereWereYouBorn.intent.
Regenerated mycroft-personal.mycroftai:DoYouDream.intent.
Regenerated mycroft-wiki.mycroftai:Random.intent.
Regenerated mycroft-reminder.mycroftai:DeleteReminderForDay.intent.
Regenerated mycroft-reminder.mycroftai:GetRemindersForDay.intent.
Regenerated mycroft-reminder.mycroftai:SnoozeReminder.intent.
Regenerated mycroft-reminder.mycroftai:CancelActiveReminder.intent.
Regenerated mycroft-reminder.mycroftai:UnspecifiedReminderAt.intent.
Regenerated mycroft-reminder.mycroftai:ReminderAt.intent.
Regenerated mycroft-reminder.mycroftai:Reminder.intent.
Regenerated mycroft-reminder.mycroftai:GetNextReminders.intent.
Regenerated homeassistant.mycroftai:decrease.light.brightness.intent.
Regenerated homeassistant.mycroftai:set.climate.intent.
Regenerated homeassistant.mycroftai:sensor.intent.
Regenerated homeassistant.mycroftai:add.item.shopping.list.intent.
Regenerated homeassistant.mycroftai:increase.light.brightness.intent.
Regenerated homeassistant.mycroftai:turn.off.intent.
Regenerated homeassistant.mycroftai:set.light.brightness.intent.
Regenerated mycroft-alarm.mycroftai:snooze.intent.
2021-10-26 19:13:32.818 | INFO     |  5428 | mycroft.skills.intent_services.padatious_service:train:153 | Training complete.
2021-10-26 19:13:38.880 | INFO     |  5428 | mycroft.skills.settings:save_settings:116 | Skill settings successfully saved to /home/runner/.config/mycroft/skills/mycroft-pairing.mycroftai/settings.json
2021-10-26 19:13:39.182 | INFO     |  5428 | mycroft.skills.settings:save_settings:116 | Skill settings successfully saved to /home/runner/.config/mycroft/skills/mycroft-timer.mycroftai/settings.json
2021-10-26 19:14:05.594 | INFO     |  5428 | __main__:on_stopping:193 | Skills service is shutting down...
2021-10-26 19:14:05.595 | INFO     |  5428 | __main__:shutdown:284 | Shutting down Skills service
2021-10-26 19:14:05.708 | ERROR    |  5428 | VolumeSkill | Couldn't allocate mixer, ALSAAudioError('No such file or directory [default]')
2021-10-26 19:14:05.710 | INFO     |  5428 | mycroft.skills.settings:save_settings:116 | Skill settings successfully saved to /home/runner/.config/mycroft/skills/mycroft-volume.mycroftai/settings.json
2021-10-26 19:14:05.712 | INFO     |  5428 | mycroft.skills.settings:save_settings:116 | Skill settings successfully saved to /home/runner/.config/mycroft/skills/mycroft-ip.mycroftai/settings.json
2021-10-26 19:14:05.713 | INFO     |  5428 | mycroft.skills.settings:save_settings:116 | Skill settings successfully saved to /home/runner/.config/mycroft/skills/mycroft-reminder.mycroftai/settings.json
2021-10-26 19:14:05.722 | INFO     |  5428 | mycroft.skills.settings:save_settings:116 | Skill settings successfully saved to /home/runner/.config/mycroft/skills/mycroft-installer.mycroftai/settings.json
2021-10-26 19:14:05.723 | INFO     |  5428 | mycroft.skills.settings:save_settings:116 | Skill settings successfully saved to /home/runner/.config/mycroft/skills/mycroft-version-checker.mycroftai/settings.json
2021-10-26 19:14:05.726 | INFO     |  5428 | mycroft.skills.settings:save_settings:116 | Skill settings successfully saved to /home/runner/.config/mycroft/skills/mycroft-singing.mycroftai/settings.json
2021-10-26 19:14:05.735 | INFO     |  5428 | mycroft.skills.settings:save_settings:116 | Skill settings successfully saved to /home/runner/.config/mycroft/skills/mycroft-joke.mycroftai/settings.json
2021-10-26 19:14:05.738 | INFO     |  5428 | HomeAssistantSkill | Removing all handlers...
2021-10-26 19:14:05.738 | WARNING  |  5428 | mycroft.skills.fallback_skill:remove_fallback:185 | Could not find matching fallback handler
2021-10-26 19:14:05.748 | INFO     |  5428 | mycroft.skills.settings:save_settings:116 | Skill settings successfully saved to /home/runner/.config/mycroft/skills/mycroft-alarm.mycroftai/settings.json
2021-10-26 19:14:05.750 | INFO     |  5428 | mycroft.skills.settings:save_settings:116 | Skill settings successfully saved to /home/runner/.config/mycroft/skills/mycroft-naptime.mycroftai/settings.json
2021-10-26 19:14:05.751 | INFO     |  5428 | mycroft.skills.settings:save_settings:116 | Skill settings successfully saved to /home/runner/.config/mycroft/skills/mycroft-spelling.mycroftai/settings.json
2021-10-26 19:14:05.760 | INFO     |  5428 | mycroft.skills.settings:save_settings:116 | Skill settings successfully saved to /home/runner/.config/mycroft/skills/mycroft-fallback-duck-duck-go.mycroftai/settings.json
2021-10-26 19:14:05.762 | INFO     |  5428 | mycroft.skills.settings:save_settings:116 | Skill settings successfully saved to /home/runner/.config/mycroft/skills/mycroft-npr-news.mycroftai/settings.json
2021-10-26 19:14:05.764 | INFO     |  5428 | mycroft.skills.settings:save_settings:116 | Skill settings successfully saved to /home/runner/.config/mycroft/skills/mycroft-support-helper.mycroftai/settings.json
2021-10-26 19:14:05.766 | INFO     |  5428 | mycroft.skills.settings:save_settings:116 | Skill settings successfully saved to /home/runner/.config/mycroft/skills/mycroft-weather.mycroftai/settings.json
2021-10-26 19:14:05.774 | INFO     |  5428 | mycroft.skills.settings:save_settings:116 | Skill settings successfully saved to /home/runner/.config/mycroft/skills/mycroft-speak.mycroftai/settings.json
2021-10-26 19:14:05.776 | INFO     |  5428 | mycroft.skills.settings:save_settings:116 | Skill settings successfully saved to /home/runner/.config/mycroft/skills/mycroft-audio-record.mycroftai/settings.json
2021-10-26 19:14:05.778 | INFO     |  5428 | mycroft.skills.settings:save_settings:116 | Skill settings successfully saved to /home/runner/.config/mycroft/skills/mycroft-stop.mycroftai/settings.json
2021-10-26 19:14:05.780 | INFO     |  5428 | mycroft.skills.settings:save_settings:116 | Skill settings successfully saved to /home/runner/.config/mycroft/skills/mycroft-hello-world.mycroftai/settings.json
2021-10-26 19:14:05.787 | INFO     |  5428 | mycroft.skills.settings:save_settings:116 | Skill settings successfully saved to /home/runner/.config/mycroft/skills/mycroft-date-time.mycroftai/settings.json
2021-10-26 19:14:05.790 | INFO     |  5428 | mycroft.skills.settings:save_settings:116 | Skill settings successfully saved to /home/runner/.config/mycroft/skills/mycroft-configuration.mycroftai/settings.json
2021-10-26 19:14:05.792 | INFO     |  5428 | QuestionsAnswersSkill | Removing all handlers...
2021-10-26 19:14:05.800 | INFO     |  5428 | mycroft.skills.settings:save_settings:116 | Skill settings successfully saved to /home/runner/.config/mycroft/skills/fallback-query.mycroftai/settings.json
2021-10-26 19:14:05.802 | INFO     |  5428 | mycroft.skills.settings:save_settings:116 | Skill settings successfully saved to /home/runner/.config/mycroft/skills/mycroft-personal.mycroftai/settings.json
2021-10-26 19:14:05.803 | INFO     |  5428 | mycroft.skills.settings:save_settings:116 | Skill settings successfully saved to /home/runner/.config/mycroft/skills/fallback-wolfram-alpha.mycroftai/settings.json
2021-10-26 19:14:05.805 | INFO     |  5428 | mycroft.skills.settings:save_settings:116 | Skill settings successfully saved to /home/runner/.config/mycroft/skills/mycroft-wiki.mycroftai/settings.json
2021-10-26 19:14:05.805 | INFO     |  5428 | UnknownSkill | Removing all handlers...
2021-10-26 19:14:05.812 | INFO     |  5428 | mycroft.skills.settings:save_settings:116 | Skill settings successfully saved to /home/runner/.config/mycroft/skills/fallback-unknown.mycroftai/settings.json
2021-10-26 19:14:05.813 | INFO     |  5428 | mycroft.skills.settings:save_settings:116 | Skill settings successfully saved to /home/runner/.config/mycroft/skills/mycroft-playback-control.mycroftai/settings.json
2021-10-26 19:14:06.815 | INFO     |  5428 | Playback Control Skill | Audio service status: {}
2021-10-26 19:14:07.816 | WARNING  |  5428 | mycroft.skills.skill_manager:_shutdown_skill:106 | mycroft-playback-control.mycroftai shutdown took 2.0026060840000355 seconds
2021-10-26 19:14:07.817 | INFO     |  5428 | __main__:shutdown:291 | Skills service shutdown complete!
2021-10-26 19:14:09.999 | ERROR    |  5428 | websocket | error from callback <bound method MessageBusClient.on_message of <mycroft.messagebus.client.client.MessageBusClient object at 0x7f81504e89d0>>: cannot schedule new futures after shutdown
2021-10-26 19:14:10.001 | ERROR    |  5428 | websocket | error from callback <bound method MessageBusClient.on_message of <mycroft.messagebus.client.client.MessageBusClient object at 0x7f81504e89d0>>: cannot schedule new futures after shutdown
2021-10-26 19:14:10.005 | ERROR    |  5428 | websocket | error from callback <bound method MessageBusClient.on_message of <mycroft.messagebus.client.client.MessageBusClient object at 0x7f81504e89d0>>: cannot schedule new futures after shutdown
2021-10-26 19:14:10.007 | ERROR    |  5428 | websocket | error from callback <bound method MessageBusClient.on_message of <mycroft.messagebus.client.client.MessageBusClient object at 0x7f81504e89d0>>: cannot schedule new futures after shutdown
2021-10-26 19:14:10.009 | ERROR    |  5428 | websocket | error from callback <bound method MessageBusClient.on_message of <mycroft.messagebus.client.client.MessageBusClient object at 0x7f81504e89d0>>: cannot schedule new futures after shutdown
