2021-10-26 19:03:19.190 | INFO     |  5344 | mycroft.messagebus.load_config:load_message_bus_config:33 | Loading message bus configs
2021-10-26 19:03:19.191 | ERROR    |  5344 | mycroft_bus_client.client.client | === ConnectionRefusedError(111, 'Connection refused') ===
Traceback (most recent call last):
  File "/opt/mycroft-core/.venv/lib/python3.7/site-packages/websocket/_app.py", line 254, in run_forever
    proxy_type=proxy_type)
  File "/opt/mycroft-core/.venv/lib/python3.7/site-packages/websocket/_core.py", line 220, in connect
    options.pop('socket', None))
  File "/opt/mycroft-core/.venv/lib/python3.7/site-packages/websocket/_http.py", line 120, in connect
    sock = _open_socket(addrinfo_list, options.sockopt, options.timeout)
  File "/opt/mycroft-core/.venv/lib/python3.7/site-packages/websocket/_http.py", line 190, in _open_socket
    raise err
  File "/opt/mycroft-core/.venv/lib/python3.7/site-packages/websocket/_http.py", line 170, in _open_socket
    sock.connect(address)
ConnectionRefusedError: [Errno 111] Connection refused
2021-10-26 19:03:19.191 | ERROR    |  5344 | mycroft_bus_client.client.client | Exception closing websocket: ConnectionRefusedError(111, 'Connection refused')
2021-10-26 19:03:19.191 | WARNING  |  5344 | mycroft_bus_client.client.client | Message Bus Client will reconnect in 5 seconds.
2021-10-26 19:03:24.199 | INFO     |  5344 | mycroft_bus_client.client.client | Connected
2021-10-26 19:03:24.200 | INFO     |  5344 | mycroft.util.process_utils:start_message_bus_client:155 | Connected to messagebus
2021-10-26 19:03:24.206 | INFO     |  5344 | mycroft.skills.msm_wrapper:create_msm:96 | Acquiring lock to instantiate MSM
2021-10-26 19:03:24.207 | INFO     |  5344 | msm.mycroft_skills_manager | building SkillEntry objects for all skills
2021-10-26 19:03:24.503 | INFO     |  5344 | mycroft.skills.msm_wrapper:create_msm:112 | Releasing MSM instantiation lock.
2021-10-26 19:03:24.504 | INFO     |  5344 | mycroft.skills.skill_updater:_log_next_download_time:267 | Next scheduled skill update: 2021-10-26 19:03:23.503882
2021-10-26 19:03:24.504 | INFO     |  5344 | msm.skill_entry | Downloading skill: https://github.com/mycroftai/skill-pairing
2021-10-26 19:03:24.835 | INFO     |  5344 | msm.skill_entry | Installing system requirements...
2021-10-26 19:03:24.852 | INFO     |  5344 | msm.skill_entry | Successfully installed mycroft-pairing
2021-10-26 19:03:24.852 | INFO     |  5344 | msm.mycroft_skills_manager | invalidating skills cache
2021-10-26 19:03:24.854 | INFO     |  5344 | mycroft.skills.skill_loader:load:185 | ATTEMPTING TO LOAD SKILL: mycroft-pairing.mycroftai
2021-10-26 19:03:24.860 | INFO     |  5344 | mycroft.skills.settings:get_local_settings:83 | /opt/mycroft/skills/mycroft-pairing.mycroftai/settings.json
2021-10-26 19:03:24.893 | INFO     |  5344 | mycroft.skills.skill_loader:_check_for_first_run:324 | First run of mycroft-pairing.mycroftai
2021-10-26 19:03:24.898 | INFO     |  5344 | mycroft.skills.settings:save_settings:116 | Skill settings successfully saved to /home/runner/.config/mycroft/skills/mycroft-pairing.mycroftai/settings.json
2021-10-26 19:03:24.898 | INFO     |  5344 | mycroft.skills.skill_loader:_communicate_load_status:344 | Skill mycroft-pairing.mycroftai loaded successfully
2021-10-26 19:03:24.901 | INFO     |  5344 | msm.skill_entry | Downloading skill: https://github.com/mycroftai/skill-volume
2021-10-26 19:03:25.267 | INFO     |  5344 | msm.skill_entry | Installing system requirements...
2021-10-26 19:03:25.300 | INFO     |  5344 | msm.skill_entry | Installing requirements.txt for mycroft-volume
2021-10-26 19:03:26.116 | INFO     |  5344 | msm.skill_entry | Successfully installed mycroft-volume
2021-10-26 19:03:26.116 | INFO     |  5344 | msm.mycroft_skills_manager | invalidating skills cache
2021-10-26 19:03:26.117 | INFO     |  5344 | mycroft.skills.skill_loader:load:185 | ATTEMPTING TO LOAD SKILL: mycroft-volume.mycroftai
2021-10-26 19:03:26.125 | INFO     |  5344 | mycroft.skills.settings:get_local_settings:83 | /opt/mycroft/skills/mycroft-volume.mycroftai/settings.json
2021-10-26 19:03:26.181 | ERROR    |  5344 | VolumeSkill | Couldn't allocate mixer, ALSAAudioError('No such file or directory [default]')
2021-10-26 19:03:29.203 | INFO     |  5344 | mycroft.skills.skill_loader:_check_for_first_run:324 | First run of mycroft-volume.mycroftai
2021-10-26 19:03:29.204 | INFO     |  5344 | mycroft.skills.settings:save_settings:116 | Skill settings successfully saved to /home/runner/.config/mycroft/skills/mycroft-volume.mycroftai/settings.json
2021-10-26 19:03:29.278 | INFO     |  5344 | mycroft.skills.skill_loader:_communicate_load_status:344 | Skill mycroft-volume.mycroftai loaded successfully
2021-10-26 19:03:29.279 | INFO     |  5344 | __main__:on_started:177 | Skills service is starting up.
2021-10-26 19:03:29.471 | INFO     |  5344 | __main__:_update_system:154 | Attempting system update...
2021-10-26 19:03:32.473 | INFO     |  5344 | mycroft.enclosure.display_manager:_write_data:70 | Display Manager is creating /tmp/mycroft/ipc/managers/disp_info
2021-10-26 19:03:32.474 | INFO     |  5344 | __main__:_ensure_device_is_paired:133 | Device not paired, invoking the pairing skill
2021-10-26 19:03:32.475 | INFO     |  5344 | __main__:on_alive:181 | Skills service is alive.
2021-10-26 19:03:32.477 | INFO     |  5344 | msm.mycroft_skills_manager | building SkillEntry objects for all skills
2021-10-26 19:03:32.754 | WARNING  |  5344 | msm.mycroft_skills_manager | No such default skill: mycroft-pandora
2021-10-26 19:03:32.755 | INFO     |  5344 | mycroft.skills.skill_manager:run:234 | Not all default skills are installed, performing skill update...
2021-10-26 19:03:32.755 | INFO     |  5344 | mycroft.skills.skill_updater:update_skills:149 | Beginning skill update...
2021-10-26 19:03:32.766 | INFO     |  5344 | PairingSkill | Communicating account URL to user
2021-10-26 19:03:32.953 | INFO     |  5344 | msm.mycroft_skills_manager | building SkillEntry objects for all skills
2021-10-26 19:03:33.793 | INFO     |  5344 | msm.mycroft_skills_manager | invalidating skills cache
2021-10-26 19:03:33.823 | INFO     |  5344 | msm.skill_entry | Downloading skill: https://github.com/mycroftai/skill-configuration
2021-10-26 19:03:33.828 | INFO     |  5344 | msm.skill_entry | Downloading skill: https://github.com/mycroftai/fallback-unknown
2021-10-26 19:03:33.845 | INFO     |  5344 | msm.skill_entry | Downloading skill: https://github.com/mycroftai/fallback-duckduckgo
2021-10-26 19:03:33.854 | INFO     |  5344 | msm.skill_entry | Downloading skill: https://github.com/mycroftai/fallback-wolfram-alpha
2021-10-26 19:03:33.862 | INFO     |  5344 | msm.skill_entry | Downloading skill: https://github.com/mycroftai/skill-alarm
2021-10-26 19:03:33.871 | INFO     |  5344 | msm.skill_entry | Downloading skill: https://github.com/mycroftai/skill-date-time
2021-10-26 19:03:33.901 | INFO     |  5344 | msm.skill_entry | Downloading skill: https://github.com/mycroftai/skill-audio-record
2021-10-26 19:03:33.915 | INFO     |  5344 | msm.skill_entry | Downloading skill: https://github.com/mycroftai/skill-hello-world
2021-10-26 19:03:33.922 | INFO     |  5344 | msm.skill_entry | Downloading skill: https://github.com/mycroftai/skill-naptime
2021-10-26 19:03:33.945 | INFO     |  5344 | msm.skill_entry | Downloading skill: https://github.com/mycroftai/skill-playback-control
2021-10-26 19:03:33.950 | INFO     |  5344 | msm.skill_entry | Downloading skill: https://github.com/mycroftai/skill-installer
2021-10-26 19:03:33.953 | INFO     |  5344 | msm.skill_entry | Downloading skill: https://github.com/mycroftai/skill-joke
2021-10-26 19:03:33.957 | INFO     |  5344 | msm.skill_entry | Downloading skill: https://github.com/mycroftai/skill-reminder
2021-10-26 19:03:33.958 | INFO     |  5344 | msm.skill_entry | Downloading skill: https://github.com/mycroftai/skill-singing
2021-10-26 19:03:33.967 | INFO     |  5344 | msm.skill_entry | Downloading skill: https://github.com/mycroftai/skill-personal
2021-10-26 19:03:33.945 | INFO     |  5344 | msm.skill_entry | Downloading skill: https://github.com/mycroftai/skill-npr-news
2021-10-26 19:03:33.972 | INFO     |  5344 | msm.skill_entry | Downloading skill: https://github.com/mycroftai/skill-ip
2021-10-26 19:03:34.667 | INFO     |  5344 | msm.skill_entry | Installing system requirements...
2021-10-26 19:03:34.720 | INFO     |  5344 | msm.skill_entry | Installing requirements.txt for mycroft-fallback-duck-duck-go
2021-10-26 19:03:35.057 | INFO     |  5344 | msm.skill_entry | Installing system requirements...
2021-10-26 19:03:35.066 | INFO     |  5344 | msm.skill_entry | Installing system requirements...
2021-10-26 19:03:35.077 | INFO     |  5344 | msm.skill_entry | Installing system requirements...
2021-10-26 19:03:35.082 | INFO     |  5344 | msm.skill_entry | Installing system requirements...
2021-10-26 19:03:35.116 | INFO     |  5344 | msm.skill_entry | Successfully installed mycroft-naptime
2021-10-26 19:03:35.116 | INFO     |  5344 | msm.mycroft_skills_manager | invalidating skills cache
2021-10-26 19:03:35.117 | INFO     |  5344 | msm.skill_entry | Downloading skill: https://github.com/mycroftai/skill-speak
2021-10-26 19:03:35.129 | INFO     |  5344 | msm.skill_entry | Successfully installed mycroft-hello-world
2021-10-26 19:03:35.130 | INFO     |  5344 | msm.mycroft_skills_manager | invalidating skills cache
2021-10-26 19:03:35.131 | INFO     |  5344 | msm.skill_entry | Downloading skill: https://github.com/mycroftai/skill-spelling
2021-10-26 19:03:35.141 | INFO     |  5344 | msm.skill_entry | Installing requirements.txt for fallback-wolfram-alpha
2021-10-26 19:03:35.142 | INFO     |  5344 | msm.skill_entry | Installing requirements.txt for mycroft-audio-record
2021-10-26 19:03:35.195 | ERROR    |  5344 | msm.mycroft_skills_manager | Error running install_or_update on homeassistant.mycroftai: MergeConflict
2021-10-26 19:03:35.196 | INFO     |  5344 | msm.skill_entry | Downloading skill: https://github.com/mycroftai/skill-stop
2021-10-26 19:03:35.355 | INFO     |  5344 | msm.skill_entry | Nothing new for mycroft-pairing
2021-10-26 19:03:35.378 | INFO     |  5344 | msm.skill_entry | Installing system requirements...
2021-10-26 19:03:35.383 | INFO     |  5344 | msm.skill_entry | Installing system requirements...
2021-10-26 19:03:35.395 | INFO     |  5344 | msm.skill_entry | Installing system requirements...
2021-10-26 19:03:35.437 | INFO     |  5344 | msm.skill_entry | Installing requirements.txt for mycroft-configuration
2021-10-26 19:03:35.440 | INFO     |  5344 | msm.skill_entry | Installing requirements.txt for mycroft-installer
2021-10-26 19:03:35.443 | INFO     |  5344 | msm.skill_entry | Downloading skill: https://github.com/mycroftai/skill-support
2021-10-26 19:03:35.450 | INFO     |  5344 | msm.skill_entry | Nothing new for mycroft-volume
2021-10-26 19:03:35.474 | INFO     |  5344 | msm.skill_entry | Installing system requirements...
2021-10-26 19:03:35.544 | INFO     |  5344 | msm.skill_entry | Installing requirements.txt for mycroft-volume
2021-10-26 19:03:35.587 | INFO     |  5344 | msm.skill_entry | Installing system requirements...
2021-10-26 19:03:35.592 | INFO     |  5344 | msm.skill_entry | Installing system requirements...
2021-10-26 19:03:35.624 | INFO     |  5344 | msm.skill_entry | Installing system requirements...
2021-10-26 19:03:35.640 | INFO     |  5344 | msm.skill_entry | Successfully installed mycroft-reminder
2021-10-26 19:03:35.640 | INFO     |  5344 | msm.mycroft_skills_manager | invalidating skills cache
2021-10-26 19:03:35.641 | INFO     |  5344 | msm.skill_entry | Downloading skill: https://github.com/mycroftai/mycroft-timer
2021-10-26 19:03:35.654 | INFO     |  5344 | msm.skill_entry | Installing requirements.txt for mycroft-npr-news
2021-10-26 19:03:35.670 | INFO     |  5344 | msm.skill_entry | Installing requirements.txt for mycroft-date-time
2021-10-26 19:03:35.719 | INFO     |  5344 | msm.skill_entry | Installing system requirements...
2021-10-26 19:03:35.734 | INFO     |  5344 | msm.skill_entry | Installing system requirements...
2021-10-26 19:03:35.777 | INFO     |  5344 | msm.skill_entry | Installing system requirements...
2021-10-26 19:03:35.790 | INFO     |  5344 | msm.skill_entry | Successfully installed fallback-unknown
2021-10-26 19:03:35.791 | INFO     |  5344 | msm.mycroft_skills_manager | invalidating skills cache
2021-10-26 19:03:35.791 | INFO     |  5344 | msm.skill_entry | Downloading skill: https://github.com/mycroftai/skill-weather
2021-10-26 19:03:35.795 | INFO     |  5344 | msm.skill_entry | Installing system requirements...
2021-10-26 19:03:35.809 | INFO     |  5344 | msm.skill_entry | Installing requirements.txt for mycroft-alarm
2021-10-26 19:03:35.832 | INFO     |  5344 | msm.skill_entry | Successfully installed mycroft-speak
2021-10-26 19:03:35.833 | INFO     |  5344 | msm.mycroft_skills_manager | invalidating skills cache
2021-10-26 19:03:35.833 | INFO     |  5344 | msm.skill_entry | Downloading skill: https://github.com/mycroftai/skill-version-checker
2021-10-26 19:03:35.855 | INFO     |  5344 | msm.skill_entry | Successfully installed mycroft-stop
2021-10-26 19:03:35.855 | INFO     |  5344 | msm.mycroft_skills_manager | invalidating skills cache
2021-10-26 19:03:35.859 | INFO     |  5344 | msm.skill_entry | Downloading skill: https://github.com/mycroftai/skill-wiki
2021-10-26 19:03:35.883 | INFO     |  5344 | msm.skill_entry | Installing system requirements...
2021-10-26 19:03:35.982 | INFO     |  5344 | msm.skill_entry | Installing system requirements...
2021-10-26 19:03:35.990 | INFO     |  5344 | msm.skill_entry | Installing requirements.txt for mycroft-ip
2021-10-26 19:03:36.001 | INFO     |  5344 | msm.skill_entry | Installing system requirements...
2021-10-26 19:03:36.040 | INFO     |  5344 | msm.skill_entry | Installing system requirements...
2021-10-26 19:03:36.056 | INFO     |  5344 | msm.skill_entry | Successfully installed mycroft-personal
2021-10-26 19:03:36.056 | INFO     |  5344 | msm.mycroft_skills_manager | invalidating skills cache
2021-10-26 19:03:36.057 | INFO     |  5344 | msm.skill_entry | Downloading skill: https://github.com/MycroftAI/skill-query
2021-10-26 19:03:36.082 | INFO     |  5344 | msm.skill_entry | Installing requirements.txt for mycroft-joke
2021-10-26 19:03:36.088 | INFO     |  5344 | msm.skill_entry | Installing requirements.txt for mycroft-support-helper
2021-10-26 19:03:36.151 | INFO     |  5344 | msm.skill_entry | Installing system requirements...
2021-10-26 19:03:36.196 | INFO     |  5344 | msm.skill_entry | Successfully installed mycroft-playback-control
2021-10-26 19:03:36.196 | INFO     |  5344 | msm.mycroft_skills_manager | invalidating skills cache
2021-10-26 19:03:36.442 | INFO     |  5344 | msm.skill_entry | Installing system requirements...
2021-10-26 19:03:36.499 | INFO     |  5344 | msm.skill_entry | Installing system requirements...
2021-10-26 19:03:36.523 | INFO     |  5344 | msm.skill_entry | Successfully installed mycroft-version-checker
2021-10-26 19:03:36.524 | INFO     |  5344 | msm.mycroft_skills_manager | invalidating skills cache
2021-10-26 19:03:36.574 | INFO     |  5344 | msm.skill_entry | Successfully installed fallback-query
2021-10-26 19:03:36.574 | INFO     |  5344 | msm.mycroft_skills_manager | invalidating skills cache
2021-10-26 19:03:36.617 | ERROR    |  5344 | msm.mycroft_skills_manager | Error running install_or_update on homeassistant: MergeConflict
2021-10-26 19:03:36.811 | INFO     |  5344 | msm.skill_entry | Installing system requirements...
2021-10-26 19:03:36.842 | INFO     |  5344 | msm.skill_entry | Successfully installed mycroft-spelling
2021-10-26 19:03:36.842 | INFO     |  5344 | msm.mycroft_skills_manager | invalidating skills cache
2021-10-26 19:03:36.940 | INFO     |  5344 | msm.skill_entry | Installing system requirements...
2021-10-26 19:03:36.953 | INFO     |  5344 | msm.skill_entry | Installing requirements.txt for mycroft-weather
2021-10-26 19:03:37.290 | INFO     |  5344 | msm.skill_entry | Successfully installed mycroft-fallback-duck-duck-go
2021-10-26 19:03:37.290 | INFO     |  5344 | msm.mycroft_skills_manager | invalidating skills cache
2021-10-26 19:03:37.741 | INFO     |  5344 | msm.skill_entry | Installing system requirements...
2021-10-26 19:03:37.771 | INFO     |  5344 | msm.skill_entry | Installing requirements.txt for mycroft-wiki
2021-10-26 19:03:37.792 | INFO     |  5344 | msm.skill_entry | Installing system requirements...
2021-10-26 19:03:37.822 | INFO     |  5344 | msm.skill_entry | Successfully installed mycroft-timer
2021-10-26 19:03:37.822 | INFO     |  5344 | msm.mycroft_skills_manager | invalidating skills cache
2021-10-26 19:03:37.945 | INFO     |  5344 | msm.skill_entry | Installing system requirements...
2021-10-26 19:03:37.966 | INFO     |  5344 | msm.skill_entry | Successfully installed mycroft-singing
2021-10-26 19:03:37.967 | INFO     |  5344 | msm.mycroft_skills_manager | invalidating skills cache
2021-10-26 19:03:38.344 | INFO     |  5344 | msm.skill_entry | Successfully installed mycroft-audio-record
2021-10-26 19:03:38.344 | INFO     |  5344 | msm.mycroft_skills_manager | invalidating skills cache
2021-10-26 19:03:42.028 | INFO     |  5344 | msm.skill_entry | Successfully installed fallback-wolfram-alpha
2021-10-26 19:03:42.029 | INFO     |  5344 | msm.mycroft_skills_manager | invalidating skills cache
2021-10-26 19:03:44.180 | INFO     |  5344 | msm.skill_entry | Successfully installed mycroft-configuration
2021-10-26 19:03:44.180 | INFO     |  5344 | msm.mycroft_skills_manager | invalidating skills cache
2021-10-26 19:03:45.034 | INFO     |  5344 | msm.skill_entry | Successfully installed mycroft-installer
2021-10-26 19:03:45.035 | INFO     |  5344 | msm.mycroft_skills_manager | invalidating skills cache
2021-10-26 19:03:48.773 | INFO     |  5344 | msm.skill_entry | Successfully installed mycroft-npr-news
2021-10-26 19:03:48.773 | INFO     |  5344 | msm.mycroft_skills_manager | invalidating skills cache
2021-10-26 19:04:03.144 | INFO     |  5344 | PairingSkill | Initiating device pairing sequence...
2021-10-26 19:04:03.144 | INFO     |  5344 | PairingSkill | Retrieving pairing code from device API...
2021-10-26 19:04:03.339 | INFO     |  5344 | PairingSkill | Pairing code obtained: UEYM93
2021-10-26 19:04:03.339 | INFO     |  5344 | PairingSkill | Communicating pairing URL to user
2021-10-26 19:04:04.373 | INFO     |  5344 | msm.skill_entry | Successfully installed mycroft-date-time
2021-10-26 19:04:04.374 | INFO     |  5344 | msm.mycroft_skills_manager | invalidating skills cache
2021-10-26 19:04:05.270 | INFO     |  5344 | msm.skill_entry | Successfully installed mycroft-alarm
2021-10-26 19:04:05.270 | INFO     |  5344 | msm.mycroft_skills_manager | invalidating skills cache
2021-10-26 19:04:06.135 | INFO     |  5344 | msm.skill_entry | Successfully installed mycroft-ip
2021-10-26 19:04:06.136 | INFO     |  5344 | msm.mycroft_skills_manager | invalidating skills cache
2021-10-26 19:04:07.339 | INFO     |  5344 | msm.skill_entry | Successfully installed mycroft-joke
2021-10-26 19:04:07.340 | INFO     |  5344 | msm.mycroft_skills_manager | invalidating skills cache
2021-10-26 19:04:09.542 | INFO     |  5344 | msm.skill_entry | Successfully installed mycroft-support-helper
2021-10-26 19:04:09.543 | INFO     |  5344 | msm.mycroft_skills_manager | invalidating skills cache
2021-10-26 19:04:10.591 | INFO     |  5344 | msm.skill_entry | Successfully installed mycroft-weather
2021-10-26 19:04:10.591 | INFO     |  5344 | msm.mycroft_skills_manager | invalidating skills cache
2021-10-26 19:04:12.407 | INFO     |  5344 | msm.skill_entry | Successfully installed mycroft-wiki
2021-10-26 19:04:12.407 | INFO     |  5344 | msm.mycroft_skills_manager | invalidating skills cache
2021-10-26 19:04:12.521 | INFO     |  5344 | mycroft.skills.skill_updater:_log_next_download_time:267 | Next scheduled skill update: 2021-10-26 20:04:12.520861
2021-10-26 19:04:12.522 | INFO     |  5344 | mycroft.skills.skill_updater:update_skills:170 | Skill update complete
2021-10-26 19:04:12.522 | INFO     |  5344 | mycroft.skills.skill_manager:_load_on_startup:273 | Loading installed skills...
2021-10-26 19:04:12.523 | INFO     |  5344 | mycroft.skills.skill_loader:load:185 | ATTEMPTING TO LOAD SKILL: mycroft-ip.mycroftai
2021-10-26 19:04:12.696 | INFO     |  5344 | mycroft.skills.settings:get_local_settings:83 | /opt/mycroft/skills/mycroft-ip.mycroftai/settings.json
2021-10-26 19:04:12.713 | INFO     |  5344 | mycroft.skills.skill_loader:_check_for_first_run:324 | First run of mycroft-ip.mycroftai
2021-10-26 19:04:12.714 | INFO     |  5344 | mycroft.skills.settings:save_settings:116 | Skill settings successfully saved to /home/runner/.config/mycroft/skills/mycroft-ip.mycroftai/settings.json
2021-10-26 19:04:12.726 | INFO     |  5344 | mycroft.skills.skill_loader:_communicate_load_status:344 | Skill mycroft-ip.mycroftai loaded successfully
2021-10-26 19:04:12.726 | INFO     |  5344 | mycroft.skills.skill_loader:load:185 | ATTEMPTING TO LOAD SKILL: mycroft-reminder.mycroftai
2021-10-26 19:04:12.760 | INFO     |  5344 | mycroft.skills.settings:get_local_settings:83 | /opt/mycroft/skills/mycroft-reminder.mycroftai/settings.json
2021-10-26 19:04:12.783 | INFO     |  5344 | mycroft.skills.skill_loader:_check_for_first_run:324 | First run of mycroft-reminder.mycroftai
2021-10-26 19:04:12.784 | INFO     |  5344 | mycroft.skills.settings:save_settings:116 | Skill settings successfully saved to /home/runner/.config/mycroft/skills/mycroft-reminder.mycroftai/settings.json
2021-10-26 19:04:12.969 | INFO     |  5344 | mycroft.skills.skill_loader:_communicate_load_status:344 | Skill mycroft-reminder.mycroftai loaded successfully
2021-10-26 19:04:12.969 | INFO     |  5344 | mycroft.skills.skill_loader:load:185 | ATTEMPTING TO LOAD SKILL: mycroft-installer.mycroftai
2021-10-26 19:04:12.978 | INFO     |  5344 | mycroft.skills.settings:get_local_settings:83 | /opt/mycroft/skills/mycroft-installer.mycroftai/settings.json
2021-10-26 19:04:13.004 | INFO     |  5344 | mycroft.skills.skill_loader:_check_for_first_run:324 | First run of mycroft-installer.mycroftai
2021-10-26 19:04:13.005 | INFO     |  5344 | mycroft.skills.settings:save_settings:116 | Skill settings successfully saved to /home/runner/.config/mycroft/skills/mycroft-installer.mycroftai/settings.json
2021-10-26 19:04:13.006 | INFO     |  5344 | mycroft.skills.skill_loader:_communicate_load_status:344 | Skill mycroft-installer.mycroftai loaded successfully
2021-10-26 19:04:13.006 | INFO     |  5344 | mycroft.skills.skill_loader:load:185 | ATTEMPTING TO LOAD SKILL: mycroft-version-checker.mycroftai
2021-10-26 19:04:13.016 | INFO     |  5344 | mycroft.skills.settings:get_local_settings:83 | /opt/mycroft/skills/mycroft-version-checker.mycroftai/settings.json
2021-10-26 19:04:13.035 | INFO     |  5344 | mycroft.skills.skill_loader:_check_for_first_run:324 | First run of mycroft-version-checker.mycroftai
2021-10-26 19:04:13.037 | INFO     |  5344 | mycroft.skills.settings:save_settings:116 | Skill settings successfully saved to /home/runner/.config/mycroft/skills/mycroft-version-checker.mycroftai/settings.json
2021-10-26 19:04:13.038 | INFO     |  5344 | mycroft.skills.skill_loader:_communicate_load_status:344 | Skill mycroft-version-checker.mycroftai loaded successfully
2021-10-26 19:04:13.038 | INFO     |  5344 | mycroft.skills.skill_loader:load:185 | ATTEMPTING TO LOAD SKILL: mycroft-singing.mycroftai
2021-10-26 19:04:13.045 | INFO     |  5344 | mycroft.skills.settings:get_local_settings:83 | /opt/mycroft/skills/mycroft-singing.mycroftai/settings.json
2021-10-26 19:04:13.063 | INFO     |  5344 | mycroft.skills.skill_loader:_check_for_first_run:324 | First run of mycroft-singing.mycroftai
2021-10-26 19:04:13.063 | INFO     |  5344 | mycroft.skills.settings:save_settings:116 | Skill settings successfully saved to /home/runner/.config/mycroft/skills/mycroft-singing.mycroftai/settings.json
2021-10-26 19:04:13.064 | INFO     |  5344 | mycroft.skills.skill_loader:_communicate_load_status:344 | Skill mycroft-singing.mycroftai loaded successfully
2021-10-26 19:04:13.064 | INFO     |  5344 | mycroft.skills.skill_loader:load:185 | ATTEMPTING TO LOAD SKILL: mycroft-joke.mycroftai
2021-10-26 19:04:13.073 | INFO     |  5344 | mycroft.skills.settings:get_local_settings:83 | /opt/mycroft/skills/mycroft-joke.mycroftai/settings.json
2021-10-26 19:04:13.108 | INFO     |  5344 | mycroft.skills.skill_loader:_check_for_first_run:324 | First run of mycroft-joke.mycroftai
2021-10-26 19:04:13.109 | INFO     |  5344 | mycroft.skills.settings:save_settings:116 | Skill settings successfully saved to /home/runner/.config/mycroft/skills/mycroft-joke.mycroftai/settings.json
2021-10-26 19:04:13.112 | INFO     |  5344 | mycroft.skills.skill_loader:_communicate_load_status:344 | Skill mycroft-joke.mycroftai loaded successfully
2021-10-26 19:04:13.113 | INFO     |  5344 | mycroft.skills.skill_loader:load:185 | ATTEMPTING TO LOAD SKILL: mycroft-timer.mycroftai
2021-10-26 19:04:13.128 | INFO     |  5344 | mycroft.skills.settings:get_local_settings:83 | /opt/mycroft/skills/mycroft-timer.mycroftai/settings.json
2021-10-26 19:04:13.181 | INFO     |  5344 | mycroft.skills.skill_loader:_check_for_first_run:324 | First run of mycroft-timer.mycroftai
2021-10-26 19:04:13.182 | INFO     |  5344 | mycroft.skills.settings:save_settings:116 | Skill settings successfully saved to /home/runner/.config/mycroft/skills/mycroft-timer.mycroftai/settings.json
2021-10-26 19:04:13.183 | INFO     |  5344 | mycroft.skills.skill_loader:_communicate_load_status:344 | Skill mycroft-timer.mycroftai loaded successfully
2021-10-26 19:04:13.188 | INFO     |  5344 | mycroft.skills.skill_loader:load:185 | ATTEMPTING TO LOAD SKILL: homeassistant.mycroftai
2021-10-26 19:04:13.721 | INFO     |  5344 | mycroft.skills.settings:get_local_settings:83 | /opt/mycroft/skills/homeassistant.mycroftai/settings.json
2021-10-26 19:04:13.722 | INFO     |  5344 | mycroft.skills.settings:get_local_settings:83 | /opt/mycroft/skills/homeassistant.mycroftai/settings.json
2021-10-26 19:04:13.893 | INFO     |  5344 | mycroft.skills.skill_loader:_communicate_load_status:344 | Skill homeassistant.mycroftai loaded successfully
2021-10-26 19:04:13.893 | INFO     |  5344 | mycroft.skills.skill_loader:load:185 | ATTEMPTING TO LOAD SKILL: mycroft-alarm.mycroftai
2021-10-26 19:04:14.028 | INFO     |  5344 | mycroft.skills.settings:get_local_settings:83 | /opt/mycroft/skills/mycroft-alarm.mycroftai/settings.json
2021-10-26 19:04:14.028 | ERROR    |  5344 | AlarmSkill | Couldn't allocate mixer, ALSAAudioError('No such file or directory [default]')
2021-10-26 19:04:14.260 | INFO     |  5344 | mycroft.skills.skill_loader:_check_for_first_run:324 | First run of mycroft-alarm.mycroftai
2021-10-26 19:04:14.261 | INFO     |  5344 | mycroft.skills.settings:save_settings:116 | Skill settings successfully saved to /home/runner/.config/mycroft/skills/mycroft-alarm.mycroftai/settings.json
2021-10-26 19:04:14.273 | INFO     |  5344 | mycroft.skills.skill_loader:_communicate_load_status:344 | Skill mycroft-alarm.mycroftai loaded successfully
2021-10-26 19:04:14.274 | INFO     |  5344 | mycroft.skills.skill_loader:load:185 | ATTEMPTING TO LOAD SKILL: mycroft-naptime.mycroftai
2021-10-26 19:04:14.302 | INFO     |  5344 | mycroft.skills.settings:get_local_settings:83 | /opt/mycroft/skills/mycroft-naptime.mycroftai/settings.json
2021-10-26 19:04:14.327 | INFO     |  5344 | mycroft.skills.skill_loader:_check_for_first_run:324 | First run of mycroft-naptime.mycroftai
2021-10-26 19:04:14.327 | INFO     |  5344 | mycroft.skills.settings:save_settings:116 | Skill settings successfully saved to /home/runner/.config/mycroft/skills/mycroft-naptime.mycroftai/settings.json
2021-10-26 19:04:14.369 | INFO     |  5344 | mycroft.skills.skill_loader:_communicate_load_status:344 | Skill mycroft-naptime.mycroftai loaded successfully
2021-10-26 19:04:14.370 | INFO     |  5344 | mycroft.skills.skill_loader:load:185 | ATTEMPTING TO LOAD SKILL: mycroft-spelling.mycroftai
2021-10-26 19:04:14.399 | INFO     |  5344 | mycroft.skills.settings:get_local_settings:83 | /opt/mycroft/skills/mycroft-spelling.mycroftai/settings.json
2021-10-26 19:04:14.448 | INFO     |  5344 | mycroft.skills.skill_loader:_check_for_first_run:324 | First run of mycroft-spelling.mycroftai
2021-10-26 19:04:14.462 | INFO     |  5344 | mycroft.skills.settings:save_settings:116 | Skill settings successfully saved to /home/runner/.config/mycroft/skills/mycroft-spelling.mycroftai/settings.json
2021-10-26 19:04:14.469 | INFO     |  5344 | mycroft.skills.skill_loader:_communicate_load_status:344 | Skill mycroft-spelling.mycroftai loaded successfully
2021-10-26 19:04:14.469 | INFO     |  5344 | mycroft.skills.skill_loader:load:185 | ATTEMPTING TO LOAD SKILL: mycroft-fallback-duck-duck-go.mycroftai
2021-10-26 19:04:14.524 | INFO     |  5344 | mycroft.skills.settings:get_local_settings:83 | /opt/mycroft/skills/mycroft-fallback-duck-duck-go.mycroftai/settings.json
2021-10-26 19:04:14.604 | INFO     |  5344 | mycroft.skills.skill_loader:_check_for_first_run:324 | First run of mycroft-fallback-duck-duck-go.mycroftai
2021-10-26 19:04:14.605 | INFO     |  5344 | mycroft.skills.settings:save_settings:116 | Skill settings successfully saved to /home/runner/.config/mycroft/skills/mycroft-fallback-duck-duck-go.mycroftai/settings.json
2021-10-26 19:04:14.605 | INFO     |  5344 | mycroft.skills.skill_loader:_communicate_load_status:344 | Skill mycroft-fallback-duck-duck-go.mycroftai loaded successfully
2021-10-26 19:04:14.606 | INFO     |  5344 | mycroft.skills.skill_loader:load:185 | ATTEMPTING TO LOAD SKILL: mycroft-npr-news.mycroftai
2021-10-26 19:04:14.958 | INFO     |  5344 | mycroft.skills.settings:get_local_settings:83 | /opt/mycroft/skills/mycroft-npr-news.mycroftai/settings.json
2021-10-26 19:04:16.012 | INFO     |  5344 | mycroft.skills.skill_loader:_check_for_first_run:324 | First run of mycroft-npr-news.mycroftai
2021-10-26 19:04:16.014 | INFO     |  5344 | mycroft.skills.settings:save_settings:116 | Skill settings successfully saved to /home/runner/.config/mycroft/skills/mycroft-npr-news.mycroftai/settings.json
2021-10-26 19:04:16.014 | INFO     |  5344 | mycroft.skills.skill_loader:_communicate_load_status:344 | Skill mycroft-npr-news.mycroftai loaded successfully
2021-10-26 19:04:16.016 | INFO     |  5344 | mycroft.skills.skill_loader:load:185 | ATTEMPTING TO LOAD SKILL: mycroft-support-helper.mycroftai
2021-10-26 19:04:16.022 | INFO     |  5344 | mycroft.skills.settings:get_local_settings:83 | /opt/mycroft/skills/mycroft-support-helper.mycroftai/settings.json
2021-10-26 19:04:16.026 | INFO     |  5344 | mycroft.skills.skill_loader:_check_for_first_run:324 | First run of mycroft-support-helper.mycroftai
2021-10-26 19:04:16.029 | INFO     |  5344 | mycroft.skills.settings:save_settings:116 | Skill settings successfully saved to /home/runner/.config/mycroft/skills/mycroft-support-helper.mycroftai/settings.json
2021-10-26 19:04:16.030 | INFO     |  5344 | mycroft.skills.skill_loader:_communicate_load_status:344 | Skill mycroft-support-helper.mycroftai loaded successfully
2021-10-26 19:04:16.030 | INFO     |  5344 | mycroft.skills.skill_loader:load:185 | ATTEMPTING TO LOAD SKILL: mycroft-weather.mycroftai
2021-10-26 19:04:16.047 | INFO     |  5344 | mycroft.skills.settings:get_local_settings:83 | /opt/mycroft/skills/mycroft-weather.mycroftai/settings.json
2021-10-26 19:04:16.203 | INFO     |  5344 | mycroft.skills.skill_loader:_check_for_first_run:324 | First run of mycroft-weather.mycroftai
2021-10-26 19:04:16.216 | INFO     |  5344 | mycroft.skills.settings:save_settings:116 | Skill settings successfully saved to /home/runner/.config/mycroft/skills/mycroft-weather.mycroftai/settings.json
2021-10-26 19:04:16.218 | INFO     |  5344 | mycroft.skills.skill_loader:_communicate_load_status:344 | Skill mycroft-weather.mycroftai loaded successfully
2021-10-26 19:04:16.219 | INFO     |  5344 | mycroft.skills.skill_loader:load:185 | ATTEMPTING TO LOAD SKILL: mycroft-speak.mycroftai
2021-10-26 19:04:16.226 | INFO     |  5344 | mycroft.skills.settings:get_local_settings:83 | /opt/mycroft/skills/mycroft-speak.mycroftai/settings.json
2021-10-26 19:04:16.263 | INFO     |  5344 | mycroft.skills.skill_loader:_check_for_first_run:324 | First run of mycroft-speak.mycroftai
2021-10-26 19:04:16.263 | INFO     |  5344 | mycroft.skills.settings:save_settings:116 | Skill settings successfully saved to /home/runner/.config/mycroft/skills/mycroft-speak.mycroftai/settings.json
2021-10-26 19:04:16.264 | INFO     |  5344 | mycroft.skills.skill_loader:_communicate_load_status:344 | Skill mycroft-speak.mycroftai loaded successfully
2021-10-26 19:04:16.281 | INFO     |  5344 | mycroft.skills.skill_loader:load:185 | ATTEMPTING TO LOAD SKILL: mycroft-audio-record.mycroftai
2021-10-26 19:04:16.295 | INFO     |  5344 | mycroft.skills.settings:get_local_settings:83 | /opt/mycroft/skills/mycroft-audio-record.mycroftai/settings.json
2021-10-26 19:04:16.329 | INFO     |  5344 | mycroft.skills.skill_loader:_check_for_first_run:324 | First run of mycroft-audio-record.mycroftai
2021-10-26 19:04:16.330 | INFO     |  5344 | mycroft.skills.settings:save_settings:116 | Skill settings successfully saved to /home/runner/.config/mycroft/skills/mycroft-audio-record.mycroftai/settings.json
2021-10-26 19:04:16.334 | INFO     |  5344 | mycroft.skills.skill_loader:_communicate_load_status:344 | Skill mycroft-audio-record.mycroftai loaded successfully
2021-10-26 19:04:16.335 | INFO     |  5344 | mycroft.skills.skill_loader:load:185 | ATTEMPTING TO LOAD SKILL: mycroft-stop.mycroftai
2021-10-26 19:04:16.338 | INFO     |  5344 | mycroft.skills.settings:get_local_settings:83 | /opt/mycroft/skills/mycroft-stop.mycroftai/settings.json
2021-10-26 19:04:16.369 | INFO     |  5344 | mycroft.skills.skill_loader:_check_for_first_run:324 | First run of mycroft-stop.mycroftai
2021-10-26 19:04:16.370 | INFO     |  5344 | mycroft.skills.settings:save_settings:116 | Skill settings successfully saved to /home/runner/.config/mycroft/skills/mycroft-stop.mycroftai/settings.json
2021-10-26 19:04:16.393 | INFO     |  5344 | mycroft.skills.skill_loader:_communicate_load_status:344 | Skill mycroft-stop.mycroftai loaded successfully
2021-10-26 19:04:16.394 | INFO     |  5344 | mycroft.skills.skill_loader:load:185 | ATTEMPTING TO LOAD SKILL: mycroft-hello-world.mycroftai
2021-10-26 19:04:16.399 | INFO     |  5344 | mycroft.skills.settings:get_local_settings:83 | /opt/mycroft/skills/mycroft-hello-world.mycroftai/settings.json
2021-10-26 19:04:16.430 | INFO     |  5344 | mycroft.skills.skill_loader:_check_for_first_run:324 | First run of mycroft-hello-world.mycroftai
2021-10-26 19:04:16.430 | INFO     |  5344 | mycroft.skills.settings:save_settings:116 | Skill settings successfully saved to /home/runner/.config/mycroft/skills/mycroft-hello-world.mycroftai/settings.json
2021-10-26 19:04:16.431 | INFO     |  5344 | mycroft.skills.skill_loader:_communicate_load_status:344 | Skill mycroft-hello-world.mycroftai loaded successfully
2021-10-26 19:04:16.438 | INFO     |  5344 | mycroft.skills.skill_loader:load:185 | ATTEMPTING TO LOAD SKILL: mycroft-date-time.mycroftai
2021-10-26 19:04:17.146 | INFO     |  5344 | mycroft.skills.settings:get_local_settings:83 | /opt/mycroft/skills/mycroft-date-time.mycroftai/settings.json
2021-10-26 19:04:17.168 | INFO     |  5344 | TimeSkill | Registering resting screen <bound method TimeSkill.handle_idle of <mycroft-date-time_mycroftai.TimeSkill object at 0x7f070082b750>> for Time and Date.
2021-10-26 19:04:17.172 | INFO     |  5344 | TimeSkill | Registering resting screen
2021-10-26 19:04:17.178 | INFO     |  5344 | mycroft.skills.skill_loader:_check_for_first_run:324 | First run of mycroft-date-time.mycroftai
2021-10-26 19:04:17.179 | INFO     |  5344 | mycroft.skills.settings:save_settings:116 | Skill settings successfully saved to /home/runner/.config/mycroft/skills/mycroft-date-time.mycroftai/settings.json
2021-10-26 19:04:17.180 | INFO     |  5344 | mycroft.skills.skill_loader:_communicate_load_status:344 | Skill mycroft-date-time.mycroftai loaded successfully
2021-10-26 19:04:17.180 | INFO     |  5344 | mycroft.skills.skill_loader:load:185 | ATTEMPTING TO LOAD SKILL: mycroft-configuration.mycroftai
2021-10-26 19:04:17.186 | INFO     |  5344 | mycroft.skills.settings:get_local_settings:83 | /opt/mycroft/skills/mycroft-configuration.mycroftai/settings.json
2021-10-26 19:04:17.211 | INFO     |  5344 | mycroft.skills.skill_loader:_check_for_first_run:324 | First run of mycroft-configuration.mycroftai
2021-10-26 19:04:17.212 | INFO     |  5344 | mycroft.skills.settings:save_settings:116 | Skill settings successfully saved to /home/runner/.config/mycroft/skills/mycroft-configuration.mycroftai/settings.json
2021-10-26 19:04:17.214 | INFO     |  5344 | mycroft.skills.skill_loader:_communicate_load_status:344 | Skill mycroft-configuration.mycroftai loaded successfully
2021-10-26 19:04:17.214 | INFO     |  5344 | mycroft.skills.skill_loader:load:185 | ATTEMPTING TO LOAD SKILL: fallback-query.mycroftai
2021-10-26 19:04:17.220 | INFO     |  5344 | mycroft.skills.settings:get_local_settings:83 | /opt/mycroft/skills/fallback-query.mycroftai/settings.json
2021-10-26 19:04:17.228 | INFO     |  5344 | mycroft.skills.skill_loader:_check_for_first_run:324 | First run of fallback-query.mycroftai
2021-10-26 19:04:17.229 | INFO     |  5344 | mycroft.skills.settings:save_settings:116 | Skill settings successfully saved to /home/runner/.config/mycroft/skills/fallback-query.mycroftai/settings.json
2021-10-26 19:04:17.231 | INFO     |  5344 | mycroft.skills.skill_loader:_communicate_load_status:344 | Skill fallback-query.mycroftai loaded successfully
2021-10-26 19:04:17.232 | INFO     |  5344 | mycroft.skills.skill_loader:load:185 | ATTEMPTING TO LOAD SKILL: mycroft-personal.mycroftai
2021-10-26 19:04:17.236 | INFO     |  5344 | mycroft.skills.settings:get_local_settings:83 | /opt/mycroft/skills/mycroft-personal.mycroftai/settings.json
2021-10-26 19:04:17.261 | INFO     |  5344 | mycroft.skills.skill_loader:_check_for_first_run:324 | First run of mycroft-personal.mycroftai
2021-10-26 19:04:17.263 | INFO     |  5344 | mycroft.skills.settings:save_settings:116 | Skill settings successfully saved to /home/runner/.config/mycroft/skills/mycroft-personal.mycroftai/settings.json
2021-10-26 19:04:17.272 | INFO     |  5344 | mycroft.skills.skill_loader:_communicate_load_status:344 | Skill mycroft-personal.mycroftai loaded successfully
2021-10-26 19:04:17.273 | INFO     |  5344 | mycroft.skills.skill_loader:load:185 | ATTEMPTING TO LOAD SKILL: fallback-wolfram-alpha.mycroftai
2021-10-26 19:04:17.391 | INFO     |  5344 | mycroft.skills.settings:get_local_settings:83 | /opt/mycroft/skills/fallback-wolfram-alpha.mycroftai/settings.json
2021-10-26 19:04:17.431 | INFO     |  5344 | mycroft.skills.skill_loader:_check_for_first_run:324 | First run of fallback-wolfram-alpha.mycroftai
2021-10-26 19:04:17.432 | INFO     |  5344 | mycroft.skills.settings:save_settings:116 | Skill settings successfully saved to /home/runner/.config/mycroft/skills/fallback-wolfram-alpha.mycroftai/settings.json
2021-10-26 19:04:17.433 | INFO     |  5344 | mycroft.skills.skill_loader:_communicate_load_status:344 | Skill fallback-wolfram-alpha.mycroftai loaded successfully
2021-10-26 19:04:17.433 | INFO     |  5344 | mycroft.skills.skill_loader:load:185 | ATTEMPTING TO LOAD SKILL: mycroft-wiki.mycroftai
2021-10-26 19:04:17.441 | INFO     |  5344 | mycroft.skills.settings:get_local_settings:83 | /opt/mycroft/skills/mycroft-wiki.mycroftai/settings.json
2021-10-26 19:04:17.455 | INFO     |  5344 | mycroft.skills.skill_loader:_check_for_first_run:324 | First run of mycroft-wiki.mycroftai
2021-10-26 19:04:17.456 | INFO     |  5344 | mycroft.skills.settings:save_settings:116 | Skill settings successfully saved to /home/runner/.config/mycroft/skills/mycroft-wiki.mycroftai/settings.json
2021-10-26 19:04:17.457 | INFO     |  5344 | mycroft.skills.skill_loader:_communicate_load_status:344 | Skill mycroft-wiki.mycroftai loaded successfully
2021-10-26 19:04:17.458 | INFO     |  5344 | mycroft.skills.skill_loader:load:185 | ATTEMPTING TO LOAD SKILL: fallback-unknown.mycroftai
2021-10-26 19:04:17.461 | INFO     |  5344 | mycroft.skills.settings:get_local_settings:83 | /opt/mycroft/skills/fallback-unknown.mycroftai/settings.json
2021-10-26 19:04:17.475 | INFO     |  5344 | mycroft.skills.skill_loader:_check_for_first_run:324 | First run of fallback-unknown.mycroftai
2021-10-26 19:04:17.476 | INFO     |  5344 | mycroft.skills.settings:save_settings:116 | Skill settings successfully saved to /home/runner/.config/mycroft/skills/fallback-unknown.mycroftai/settings.json
2021-10-26 19:04:17.476 | INFO     |  5344 | mycroft.skills.skill_loader:_communicate_load_status:344 | Skill fallback-unknown.mycroftai loaded successfully
2021-10-26 19:04:17.477 | INFO     |  5344 | mycroft.skills.skill_loader:load:185 | ATTEMPTING TO LOAD SKILL: mycroft-playback-control.mycroftai
2021-10-26 19:04:17.483 | INFO     |  5344 | mycroft.skills.settings:get_local_settings:83 | /opt/mycroft/skills/mycroft-playback-control.mycroftai/settings.json
2021-10-26 19:04:17.509 | INFO     |  5344 | mycroft.skills.skill_loader:_check_for_first_run:324 | First run of mycroft-playback-control.mycroftai
2021-10-26 19:04:17.510 | INFO     |  5344 | mycroft.skills.settings:save_settings:116 | Skill settings successfully saved to /home/runner/.config/mycroft/skills/mycroft-playback-control.mycroftai/settings.json
2021-10-26 19:04:17.511 | INFO     |  5344 | mycroft.skills.skill_loader:_communicate_load_status:344 | Skill mycroft-playback-control.mycroftai loaded successfully
2021-10-26 19:04:17.511 | INFO     |  5344 | mycroft.skills.skill_manager:_load_on_startup:275 | Skills all loaded!
2021-10-26 19:04:17.527 | INFO     |  5344 | __main__:on_ready:185 | Skills service is ready.
2021-10-26 19:04:17.596 | INFO     |  5344 | mycroft.skills.intent_services.padatious_service:train:151 | Training... (single_thread=False)
Regenerated mycroft-alarm.mycroftai:{daytype}.
Regenerated mycroft-reminder.mycroftai:ClearReminders.intent.
Regenerated mycroft-reminder.mycroftai:UnspecifiedReminderAt.intent.
Regenerated mycroft-reminder.mycroftai:ReminderAt.intent.
Regenerated mycroft-reminder.mycroftai:DeleteReminderForDay.intent.
Regenerated mycroft-reminder.mycroftai:SnoozeReminder.intent.
Regenerated mycroft-reminder.mycroftai:GetRemindersForDay.intent.
Regenerated mycroft-reminder.mycroftai:CancelActiveReminder.intent.
Regenerated mycroft-reminder.mycroftai:GetNextReminders.intent.
Regenerated mycroft-timer.mycroftai:start.timer.intent.
Regenerated homeassistant.mycroftai:toggle.intent.
Regenerated homeassistant.mycroftai:sensor.intent.
Regenerated homeassistant.mycroftai:decrease.light.brightness.intent.
Regenerated homeassistant.mycroftai:increase.light.brightness.intent.
Regenerated homeassistant.mycroftai:stop.intent.
Regenerated homeassistant.mycroftai:set.light.brightness.intent.
Regenerated homeassistant.mycroftai:automation.intent.
Regenerated mycroft-personal.mycroftai:DoYouRhyme.intent.
Regenerated mycroft-personal.mycroftai:WhoAreYou.intent.
Regenerated mycroft-wiki.mycroftai:Random.intent.
Regenerated mycroft-reminder.mycroftai:Reminder.intent.
Regenerated mycroft-installer.mycroftai:is.installed.intent.
Regenerated mycroft-installer.mycroftai:remove.intent.
Regenerated mycroft-installer.mycroftai:install.beta.intent.
Regenerated mycroft-installer.mycroftai:list.skills.intent.
Regenerated mycroft-installer.mycroftai:install.intent.
Regenerated mycroft-installer.mycroftai:install.custom.intent.
Regenerated mycroft-timer.mycroftai:timer.status.intent.
Regenerated homeassistant.mycroftai:turn.off.intent.
Regenerated homeassistant.mycroftai:set.climate.intent.
Regenerated homeassistant.mycroftai:close.intent.
Regenerated homeassistant.mycroftai:open.intent.
Regenerated homeassistant.mycroftai:tracker.intent.
Regenerated homeassistant.mycroftai:turn.on.intent.
Regenerated homeassistant.mycroftai:add.item.shopping.list.intent.
Regenerated mycroft-alarm.mycroftai:snooze.intent.
Regenerated mycroft-alarm.mycroftai:change.alarm.sound.intent.
Regenerated mycroft-npr-news.mycroftai:PlayTheNews.intent.
Regenerated mycroft-support-helper.mycroftai:contact.support.intent.
Regenerated mycroft-weather.mycroftai:do-i-need-an-umbrella.intent.
Regenerated mycroft-audio-record.mycroftai:StartRecording.intent.
Regenerated mycroft-audio-record.mycroftai:PlayRecording.intent.
Regenerated mycroft-stop.mycroftai:ssh.disable.intent.
Regenerated mycroft-stop.mycroftai:wifi.setup.intent.
Regenerated mycroft-stop.mycroftai:ssh.enable.intent.
Regenerated mycroft-stop.mycroftai:shutdown.intent.
Regenerated mycroft-stop.mycroftai:reboot.intent.
Regenerated mycroft-hello-world.mycroftai:HowAreYou.intent.
Regenerated mycroft-date-time.mycroftai:date.last.weekend.intent.
Regenerated mycroft-date-time.mycroftai:what.time.will.it.be.intent.
Regenerated mycroft-date-time.mycroftai:what.time.is.it.intent.
Regenerated mycroft-date-time.mycroftai:date.future.weekend.intent.
Regenerated mycroft-configuration.mycroftai:WhereAreYou.intent.
Regenerated mycroft-configuration.mycroftai:EnablePreciseDev.intent.
Regenerated mycroft-configuration.mycroftai:DisablePreciseDev.intent.
Regenerated mycroft-personal.mycroftai:WhereWereYouBorn.intent.
Regenerated mycroft-personal.mycroftai:WhatAreYou.intent.
Regenerated mycroft-personal.mycroftai:WhenWereYouBorn.intent.
Regenerated mycroft-personal.mycroftai:WhoMadeYou.intent.
Regenerated mycroft-personal.mycroftai:DoYouDream.intent.
2021-10-26 19:04:19.982 | INFO     |  5344 | mycroft.skills.intent_services.padatious_service:train:153 | Training complete.
2021-10-26 19:04:31.620 | INFO     |  5344 | mycroft.skills.settings:save_settings:116 | Skill settings successfully saved to /home/runner/.config/mycroft/skills/mycroft-timer.mycroftai/settings.json
2021-10-26 19:04:33.730 | INFO     |  5344 | mycroft.skills.settings:save_settings:116 | Skill settings successfully saved to /home/runner/.config/mycroft/skills/mycroft-pairing.mycroftai/settings.json
2021-10-26 19:04:53.554 | INFO     |  5344 | __main__:on_stopping:193 | Skills service is shutting down...
2021-10-26 19:04:53.555 | INFO     |  5344 | __main__:shutdown:284 | Shutting down Skills service
2021-10-26 19:04:53.938 | ERROR    |  5344 | VolumeSkill | Couldn't allocate mixer, ALSAAudioError('No such file or directory [default]')
2021-10-26 19:04:53.939 | INFO     |  5344 | mycroft.skills.settings:save_settings:116 | Skill settings successfully saved to /home/runner/.config/mycroft/skills/mycroft-volume.mycroftai/settings.json
2021-10-26 19:04:53.940 | INFO     |  5344 | mycroft.skills.settings:save_settings:116 | Skill settings successfully saved to /home/runner/.config/mycroft/skills/mycroft-ip.mycroftai/settings.json
2021-10-26 19:04:53.942 | INFO     |  5344 | mycroft.skills.settings:save_settings:116 | Skill settings successfully saved to /home/runner/.config/mycroft/skills/mycroft-reminder.mycroftai/settings.json
2021-10-26 19:04:53.944 | INFO     |  5344 | mycroft.skills.settings:save_settings:116 | Skill settings successfully saved to /home/runner/.config/mycroft/skills/mycroft-installer.mycroftai/settings.json
2021-10-26 19:04:53.945 | INFO     |  5344 | mycroft.skills.settings:save_settings:116 | Skill settings successfully saved to /home/runner/.config/mycroft/skills/mycroft-version-checker.mycroftai/settings.json
2021-10-26 19:04:53.967 | INFO     |  5344 | mycroft.skills.settings:save_settings:116 | Skill settings successfully saved to /home/runner/.config/mycroft/skills/mycroft-singing.mycroftai/settings.json
2021-10-26 19:04:53.974 | INFO     |  5344 | mycroft.skills.settings:save_settings:116 | Skill settings successfully saved to /home/runner/.config/mycroft/skills/mycroft-joke.mycroftai/settings.json
2021-10-26 19:04:53.976 | INFO     |  5344 | HomeAssistantSkill | Removing all handlers...
2021-10-26 19:04:53.990 | WARNING  |  5344 | mycroft.skills.fallback_skill:remove_fallback:185 | Could not find matching fallback handler
2021-10-26 19:04:53.991 | INFO     |  5344 | mycroft.skills.settings:save_settings:116 | Skill settings successfully saved to /home/runner/.config/mycroft/skills/mycroft-alarm.mycroftai/settings.json
2021-10-26 19:04:53.993 | INFO     |  5344 | mycroft.skills.settings:save_settings:116 | Skill settings successfully saved to /home/runner/.config/mycroft/skills/mycroft-naptime.mycroftai/settings.json
2021-10-26 19:04:53.994 | INFO     |  5344 | mycroft.skills.settings:save_settings:116 | Skill settings successfully saved to /home/runner/.config/mycroft/skills/mycroft-spelling.mycroftai/settings.json
2021-10-26 19:04:53.995 | INFO     |  5344 | mycroft.skills.settings:save_settings:116 | Skill settings successfully saved to /home/runner/.config/mycroft/skills/mycroft-fallback-duck-duck-go.mycroftai/settings.json
2021-10-26 19:04:54.012 | INFO     |  5344 | mycroft.skills.settings:save_settings:116 | Skill settings successfully saved to /home/runner/.config/mycroft/skills/mycroft-npr-news.mycroftai/settings.json
2021-10-26 19:04:54.014 | INFO     |  5344 | mycroft.skills.settings:save_settings:116 | Skill settings successfully saved to /home/runner/.config/mycroft/skills/mycroft-support-helper.mycroftai/settings.json
2021-10-26 19:04:54.015 | INFO     |  5344 | mycroft.skills.settings:save_settings:116 | Skill settings successfully saved to /home/runner/.config/mycroft/skills/mycroft-weather.mycroftai/settings.json
2021-10-26 19:04:54.023 | INFO     |  5344 | mycroft.skills.settings:save_settings:116 | Skill settings successfully saved to /home/runner/.config/mycroft/skills/mycroft-speak.mycroftai/settings.json
2021-10-26 19:04:54.025 | INFO     |  5344 | mycroft.skills.settings:save_settings:116 | Skill settings successfully saved to /home/runner/.config/mycroft/skills/mycroft-audio-record.mycroftai/settings.json
2021-10-26 19:04:54.026 | INFO     |  5344 | mycroft.skills.settings:save_settings:116 | Skill settings successfully saved to /home/runner/.config/mycroft/skills/mycroft-stop.mycroftai/settings.json
2021-10-26 19:04:54.027 | INFO     |  5344 | mycroft.skills.settings:save_settings:116 | Skill settings successfully saved to /home/runner/.config/mycroft/skills/mycroft-hello-world.mycroftai/settings.json
2021-10-26 19:04:54.028 | INFO     |  5344 | mycroft.skills.settings:save_settings:116 | Skill settings successfully saved to /home/runner/.config/mycroft/skills/mycroft-date-time.mycroftai/settings.json
2021-10-26 19:04:54.036 | INFO     |  5344 | mycroft.skills.settings:save_settings:116 | Skill settings successfully saved to /home/runner/.config/mycroft/skills/mycroft-configuration.mycroftai/settings.json
2021-10-26 19:04:54.037 | INFO     |  5344 | QuestionsAnswersSkill | Removing all handlers...
2021-10-26 19:04:54.038 | INFO     |  5344 | mycroft.skills.settings:save_settings:116 | Skill settings successfully saved to /home/runner/.config/mycroft/skills/fallback-query.mycroftai/settings.json
2021-10-26 19:04:54.039 | INFO     |  5344 | mycroft.skills.settings:save_settings:116 | Skill settings successfully saved to /home/runner/.config/mycroft/skills/mycroft-personal.mycroftai/settings.json
2021-10-26 19:04:54.040 | INFO     |  5344 | mycroft.skills.settings:save_settings:116 | Skill settings successfully saved to /home/runner/.config/mycroft/skills/fallback-wolfram-alpha.mycroftai/settings.json
2021-10-26 19:04:54.052 | INFO     |  5344 | mycroft.skills.settings:save_settings:116 | Skill settings successfully saved to /home/runner/.config/mycroft/skills/mycroft-wiki.mycroftai/settings.json
2021-10-26 19:04:54.052 | INFO     |  5344 | UnknownSkill | Removing all handlers...
2021-10-26 19:04:54.053 | INFO     |  5344 | mycroft.skills.settings:save_settings:116 | Skill settings successfully saved to /home/runner/.config/mycroft/skills/fallback-unknown.mycroftai/settings.json
2021-10-26 19:04:54.054 | INFO     |  5344 | mycroft.skills.settings:save_settings:116 | Skill settings successfully saved to /home/runner/.config/mycroft/skills/mycroft-playback-control.mycroftai/settings.json
2021-10-26 19:04:55.055 | INFO     |  5344 | Playback Control Skill | Audio service status: {}
2021-10-26 19:04:56.056 | WARNING  |  5344 | mycroft.skills.skill_manager:_shutdown_skill:106 | mycroft-playback-control.mycroftai shutdown took 2.0021720159999745 seconds
2021-10-26 19:04:56.057 | INFO     |  5344 | __main__:shutdown:291 | Skills service shutdown complete!
2021-10-26 19:04:56.507 | ERROR    |  5344 | websocket | error from callback <bound method MessageBusClient.on_message of <mycroft.messagebus.client.client.MessageBusClient object at 0x7f0709ebfd90>>: cannot schedule new futures after shutdown
2021-10-26 19:04:56.510 | ERROR    |  5344 | websocket | error from callback <bound method MessageBusClient.on_message of <mycroft.messagebus.client.client.MessageBusClient object at 0x7f0709ebfd90>>: cannot schedule new futures after shutdown
2021-10-26 19:04:56.511 | ERROR    |  5344 | websocket | error from callback <bound method MessageBusClient.on_message of <mycroft.messagebus.client.client.MessageBusClient object at 0x7f0709ebfd90>>: cannot schedule new futures after shutdown
2021-10-26 19:04:56.513 | ERROR    |  5344 | websocket | error from callback <bound method MessageBusClient.on_message of <mycroft.messagebus.client.client.MessageBusClient object at 0x7f0709ebfd90>>: cannot schedule new futures after shutdown
2021-10-26 19:04:56.514 | ERROR    |  5344 | websocket | error from callback <bound method MessageBusClient.on_message of <mycroft.messagebus.client.client.MessageBusClient object at 0x7f0709ebfd90>>: cannot schedule new futures after shutdown
