2021-10-26 14:39:34.603 | INFO     |  5812 | mycroft.messagebus.load_config:load_message_bus_config:33 | Loading message bus configs
2021-10-26 14:39:34.616 | INFO     |  5812 | mycroft_bus_client.client.client | Connected
2021-10-26 14:39:34.620 | INFO     |  5812 | mycroft.util.process_utils:start_message_bus_client:155 | Connected to messagebus
2021-10-26 14:39:34.630 | INFO     |  5812 | mycroft.skills.msm_wrapper:create_msm:96 | Acquiring lock to instantiate MSM
2021-10-26 14:39:35.684 | INFO     |  5812 | msm.mycroft_skills_manager | building SkillEntry objects for all skills
2021-10-26 14:39:36.073 | INFO     |  5812 | mycroft.skills.msm_wrapper:create_msm:112 | Releasing MSM instantiation lock.
2021-10-26 14:39:36.074 | INFO     |  5812 | mycroft.skills.skill_updater:_log_next_download_time:267 | Next scheduled skill update: 2021-10-26 14:39:35.073912
2021-10-26 14:39:36.074 | INFO     |  5812 | msm.skill_entry | Downloading skill: https://github.com/mycroftai/skill-pairing
2021-10-26 14:39:37.819 | INFO     |  5812 | msm.skill_entry | Installing system requirements...
2021-10-26 14:39:37.851 | INFO     |  5812 | msm.skill_entry | Successfully installed mycroft-pairing
2021-10-26 14:39:37.851 | INFO     |  5812 | msm.mycroft_skills_manager | invalidating skills cache
2021-10-26 14:39:37.853 | INFO     |  5812 | mycroft.skills.skill_loader:load:185 | ATTEMPTING TO LOAD SKILL: mycroft-pairing.mycroftai
2021-10-26 14:39:37.869 | INFO     |  5812 | mycroft.skills.settings:get_local_settings:83 | /opt/mycroft/skills/mycroft-pairing.mycroftai/settings.json
2021-10-26 14:39:37.894 | INFO     |  5812 | mycroft.skills.skill_loader:_check_for_first_run:324 | First run of mycroft-pairing.mycroftai
2021-10-26 14:39:37.895 | INFO     |  5812 | mycroft.skills.settings:save_settings:116 | Skill settings successfully saved to /home/runner/.config/mycroft/skills/mycroft-pairing.mycroftai/settings.json
2021-10-26 14:39:37.896 | INFO     |  5812 | mycroft.skills.skill_loader:_communicate_load_status:344 | Skill mycroft-pairing.mycroftai loaded successfully
2021-10-26 14:39:37.896 | INFO     |  5812 | msm.skill_entry | Downloading skill: https://github.com/mycroftai/skill-volume
2021-10-26 14:39:39.527 | INFO     |  5812 | msm.skill_entry | Installing system requirements...
2021-10-26 14:39:39.542 | INFO     |  5812 | msm.skill_entry | Installing requirements.txt for mycroft-volume
2021-10-26 14:39:41.160 | INFO     |  5812 | msm.skill_entry | Successfully installed mycroft-volume
2021-10-26 14:39:41.160 | INFO     |  5812 | msm.mycroft_skills_manager | invalidating skills cache
2021-10-26 14:39:41.162 | INFO     |  5812 | mycroft.skills.skill_loader:load:185 | ATTEMPTING TO LOAD SKILL: mycroft-volume.mycroftai
2021-10-26 14:39:41.172 | INFO     |  5812 | mycroft.skills.settings:get_local_settings:83 | /opt/mycroft/skills/mycroft-volume.mycroftai/settings.json
2021-10-26 14:39:41.290 | ERROR    |  5812 | VolumeSkill | Couldn't allocate mixer, ALSAAudioError('No such file or directory [default]')
2021-10-26 14:39:44.292 | INFO     |  5812 | mycroft.skills.skill_loader:_check_for_first_run:324 | First run of mycroft-volume.mycroftai
2021-10-26 14:39:44.293 | INFO     |  5812 | mycroft.skills.settings:save_settings:116 | Skill settings successfully saved to /home/runner/.config/mycroft/skills/mycroft-volume.mycroftai/settings.json
2021-10-26 14:39:44.296 | INFO     |  5812 | mycroft.skills.skill_loader:_communicate_load_status:344 | Skill mycroft-volume.mycroftai loaded successfully
2021-10-26 14:39:44.297 | INFO     |  5812 | __main__:on_started:177 | Skills service is starting up.
2021-10-26 14:39:44.368 | INFO     |  5812 | __main__:_update_system:154 | Attempting system update...
2021-10-26 14:39:47.375 | INFO     |  5812 | mycroft.enclosure.display_manager:_write_data:70 | Display Manager is creating /tmp/mycroft/ipc/managers/disp_info
2021-10-26 14:39:47.377 | INFO     |  5812 | __main__:_ensure_device_is_paired:133 | Device not paired, invoking the pairing skill
2021-10-26 14:39:47.390 | INFO     |  5812 | __main__:on_alive:181 | Skills service is alive.
2021-10-26 14:39:47.390 | INFO     |  5812 | msm.mycroft_skills_manager | building SkillEntry objects for all skills
2021-10-26 14:39:47.612 | INFO     |  5812 | PairingSkill | Communicating account URL to user
2021-10-26 14:39:47.730 | WARNING  |  5812 | msm.mycroft_skills_manager | No such default skill: mycroft-pandora
2021-10-26 14:39:47.731 | INFO     |  5812 | mycroft.skills.skill_manager:run:234 | Not all default skills are installed, performing skill update...
2021-10-26 14:39:47.732 | INFO     |  5812 | mycroft.skills.skill_updater:update_skills:149 | Beginning skill update...
2021-10-26 14:39:47.793 | INFO     |  5812 | msm.mycroft_skills_manager | building SkillEntry objects for all skills
2021-10-26 14:39:48.684 | INFO     |  5812 | msm.mycroft_skills_manager | invalidating skills cache
2021-10-26 14:39:49.325 | INFO     |  5812 | msm.skill_entry | Downloading skill: https://github.com/mycroftai/skill-audio-record
2021-10-26 14:39:49.332 | INFO     |  5812 | msm.skill_entry | Downloading skill: https://github.com/mycroftai/skill-configuration
2021-10-26 14:39:49.340 | INFO     |  5812 | msm.skill_entry | Downloading skill: https://github.com/mycroftai/skill-hello-world
2021-10-26 14:39:49.357 | INFO     |  5812 | msm.skill_entry | Downloading skill: https://github.com/mycroftai/skill-alarm
2021-10-26 14:39:49.368 | INFO     |  5812 | msm.skill_entry | Downloading skill: https://github.com/mycroftai/fallback-unknown
2021-10-26 14:39:49.378 | INFO     |  5812 | msm.skill_entry | Downloading skill: https://github.com/mycroftai/skill-personal
2021-10-26 14:39:49.384 | INFO     |  5812 | msm.skill_entry | Downloading skill: https://github.com/mycroftai/skill-ip
2021-10-26 14:39:49.386 | INFO     |  5812 | msm.skill_entry | Downloading skill: https://github.com/mycroftai/skill-naptime
2021-10-26 14:39:49.389 | INFO     |  5812 | msm.skill_entry | Downloading skill: https://github.com/mycroftai/skill-joke
2021-10-26 14:39:49.393 | INFO     |  5812 | msm.skill_entry | Downloading skill: https://github.com/mycroftai/skill-playback-control
2021-10-26 14:39:49.400 | INFO     |  5812 | msm.skill_entry | Downloading skill: https://github.com/mycroftai/skill-installer
2021-10-26 14:39:49.404 | INFO     |  5812 | msm.skill_entry | Downloading skill: https://github.com/mycroftai/skill-npr-news
2021-10-26 14:39:49.411 | INFO     |  5812 | msm.skill_entry | Downloading skill: https://github.com/mycroftai/skill-reminder
2021-10-26 14:39:49.422 | INFO     |  5812 | msm.skill_entry | Downloading skill: https://github.com/mycroftai/fallback-wolfram-alpha
2021-10-26 14:39:49.424 | INFO     |  5812 | msm.skill_entry | Downloading skill: https://github.com/mycroftai/skill-date-time
2021-10-26 14:39:49.426 | INFO     |  5812 | msm.skill_entry | Downloading skill: https://github.com/mycroftai/fallback-duckduckgo
2021-10-26 14:39:49.438 | INFO     |  5812 | msm.skill_entry | Downloading skill: https://github.com/mycroftai/skill-singing
2021-10-26 14:39:50.572 | INFO     |  5812 | msm.skill_entry | Installing system requirements...
2021-10-26 14:39:50.723 | INFO     |  5812 | msm.skill_entry | Installing requirements.txt for mycroft-audio-record
2021-10-26 14:39:51.025 | INFO     |  5812 | msm.skill_entry | Installing system requirements...
2021-10-26 14:39:51.078 | INFO     |  5812 | msm.skill_entry | Installing system requirements...
2021-10-26 14:39:51.110 | INFO     |  5812 | msm.skill_entry | Installing system requirements...
2021-10-26 14:39:51.208 | INFO     |  5812 | msm.skill_entry | Successfully installed mycroft-personal
2021-10-26 14:39:51.208 | INFO     |  5812 | msm.mycroft_skills_manager | invalidating skills cache
2021-10-26 14:39:51.213 | INFO     |  5812 | msm.skill_entry | Downloading skill: https://github.com/mycroftai/skill-speak
2021-10-26 14:39:51.243 | INFO     |  5812 | msm.skill_entry | Installing system requirements...
2021-10-26 14:39:51.351 | INFO     |  5812 | msm.skill_entry | Installing system requirements...
2021-10-26 14:39:51.361 | INFO     |  5812 | msm.skill_entry | Installing requirements.txt for mycroft-joke
2021-10-26 14:39:51.363 | INFO     |  5812 | msm.skill_entry | Installing system requirements...
2021-10-26 14:39:51.383 | INFO     |  5812 | msm.skill_entry | Installing system requirements...
2021-10-26 14:39:51.397 | INFO     |  5812 | msm.skill_entry | Successfully installed mycroft-hello-world
2021-10-26 14:39:51.399 | INFO     |  5812 | msm.mycroft_skills_manager | invalidating skills cache
2021-10-26 14:39:51.401 | INFO     |  5812 | msm.skill_entry | Downloading skill: https://github.com/mycroftai/skill-spelling
2021-10-26 14:39:51.426 | INFO     |  5812 | msm.skill_entry | Installing requirements.txt for mycroft-ip
2021-10-26 14:39:51.578 | INFO     |  5812 | msm.skill_entry | Installing system requirements...
2021-10-26 14:39:51.660 | INFO     |  5812 | msm.skill_entry | Successfully installed mycroft-playback-control
2021-10-26 14:39:51.660 | INFO     |  5812 | msm.mycroft_skills_manager | invalidating skills cache
2021-10-26 14:39:51.677 | INFO     |  5812 | msm.skill_entry | Successfully installed mycroft-reminder
2021-10-26 14:39:51.680 | INFO     |  5812 | msm.mycroft_skills_manager | invalidating skills cache
2021-10-26 14:39:51.681 | INFO     |  5812 | msm.skill_entry | Installing requirements.txt for fallback-wolfram-alpha
2021-10-26 14:39:51.682 | INFO     |  5812 | msm.skill_entry | Installing system requirements...
2021-10-26 14:39:51.687 | INFO     |  5812 | msm.skill_entry | Downloading skill: https://github.com/mycroftai/skill-support
2021-10-26 14:39:51.717 | INFO     |  5812 | msm.skill_entry | Downloading skill: https://github.com/mycroftai/skill-stop
2021-10-26 14:39:51.759 | INFO     |  5812 | msm.skill_entry | Installing system requirements...
2021-10-26 14:39:51.878 | INFO     |  5812 | msm.skill_entry | Installing requirements.txt for mycroft-configuration
2021-10-26 14:39:51.879 | INFO     |  5812 | msm.skill_entry | Installing requirements.txt for mycroft-installer
2021-10-26 14:39:51.884 | INFO     |  5812 | msm.skill_entry | Installing system requirements...
2021-10-26 14:39:51.945 | INFO     |  5812 | msm.skill_entry | Installing system requirements...
2021-10-26 14:39:51.956 | INFO     |  5812 | msm.skill_entry | Successfully installed fallback-unknown
2021-10-26 14:39:51.956 | INFO     |  5812 | msm.mycroft_skills_manager | invalidating skills cache
2021-10-26 14:39:51.958 | INFO     |  5812 | msm.skill_entry | Downloading skill: https://github.com/mycroftai/mycroft-timer
2021-10-26 14:39:51.974 | INFO     |  5812 | msm.skill_entry | Nothing new for mycroft-pairing
2021-10-26 14:39:52.038 | INFO     |  5812 | msm.skill_entry | Installing system requirements...
2021-10-26 14:39:52.063 | INFO     |  5812 | msm.skill_entry | Installing requirements.txt for mycroft-date-time
2021-10-26 14:39:52.065 | INFO     |  5812 | msm.skill_entry | Installing system requirements...
2021-10-26 14:39:52.107 | INFO     |  5812 | msm.skill_entry | Installing system requirements...
2021-10-26 14:39:52.181 | INFO     |  5812 | msm.skill_entry | Installing requirements.txt for mycroft-fallback-duck-duck-go
2021-10-26 14:39:52.230 | INFO     |  5812 | msm.skill_entry | Successfully installed mycroft-naptime
2021-10-26 14:39:52.230 | INFO     |  5812 | msm.mycroft_skills_manager | invalidating skills cache
2021-10-26 14:39:52.231 | INFO     |  5812 | msm.skill_entry | Downloading skill: https://github.com/mycroftai/skill-weather
2021-10-26 14:39:52.260 | INFO     |  5812 | msm.skill_entry | Installing requirements.txt for mycroft-npr-news
2021-10-26 14:39:52.279 | ERROR    |  5812 | msm.mycroft_skills_manager | Error running install_or_update on homeassistant.mycroftai: MergeConflict
2021-10-26 14:39:52.304 | INFO     |  5812 | msm.skill_entry | Downloading skill: https://github.com/mycroftai/skill-wiki
2021-10-26 14:39:52.319 | INFO     |  5812 | msm.skill_entry | Downloading skill: https://github.com/mycroftai/skill-version-checker
2021-10-26 14:39:52.551 | INFO     |  5812 | msm.skill_entry | Nothing new for mycroft-volume
2021-10-26 14:39:52.668 | INFO     |  5812 | msm.skill_entry | Installing system requirements...
2021-10-26 14:39:52.730 | INFO     |  5812 | msm.skill_entry | Installing system requirements...
2021-10-26 14:39:52.773 | INFO     |  5812 | msm.skill_entry | Installing requirements.txt for mycroft-volume
2021-10-26 14:39:52.902 | INFO     |  5812 | msm.skill_entry | Successfully installed mycroft-spelling
2021-10-26 14:39:52.902 | INFO     |  5812 | msm.mycroft_skills_manager | invalidating skills cache
2021-10-26 14:39:52.904 | INFO     |  5812 | msm.skill_entry | Downloading skill: https://github.com/MycroftAI/skill-query
2021-10-26 14:39:52.958 | INFO     |  5812 | msm.skill_entry | Installing system requirements...
2021-10-26 14:39:53.020 | INFO     |  5812 | msm.skill_entry | Installing system requirements...
2021-10-26 14:39:53.083 | INFO     |  5812 | msm.skill_entry | Successfully installed mycroft-stop
2021-10-26 14:39:53.083 | INFO     |  5812 | msm.mycroft_skills_manager | invalidating skills cache
2021-10-26 14:39:53.138 | INFO     |  5812 | msm.skill_entry | Installing requirements.txt for mycroft-support-helper
2021-10-26 14:39:53.425 | INFO     |  5812 | msm.skill_entry | Installing system requirements...
2021-10-26 14:39:53.501 | INFO     |  5812 | msm.skill_entry | Installing system requirements...
2021-10-26 14:39:53.534 | INFO     |  5812 | msm.skill_entry | Successfully installed mycroft-speak
2021-10-26 14:39:53.535 | INFO     |  5812 | msm.mycroft_skills_manager | invalidating skills cache
2021-10-26 14:39:53.623 | INFO     |  5812 | msm.skill_entry | Installing system requirements...
2021-10-26 14:39:53.642 | INFO     |  5812 | msm.skill_entry | Installing requirements.txt for mycroft-alarm
2021-10-26 14:39:53.716 | INFO     |  5812 | msm.skill_entry | Installing system requirements...
2021-10-26 14:39:53.751 | INFO     |  5812 | msm.skill_entry | Successfully installed mycroft-version-checker
2021-10-26 14:39:53.751 | INFO     |  5812 | msm.mycroft_skills_manager | invalidating skills cache
2021-10-26 14:39:53.812 | INFO     |  5812 | msm.skill_entry | Installing requirements.txt for mycroft-wiki
2021-10-26 14:39:53.820 | INFO     |  5812 | msm.skill_entry | Installing system requirements...
2021-10-26 14:39:53.877 | INFO     |  5812 | msm.skill_entry | Installing system requirements...
2021-10-26 14:39:53.882 | INFO     |  5812 | msm.skill_entry | Successfully installed fallback-query
2021-10-26 14:39:53.883 | INFO     |  5812 | msm.mycroft_skills_manager | invalidating skills cache
2021-10-26 14:39:53.951 | INFO     |  5812 | msm.skill_entry | Successfully installed mycroft-timer
2021-10-26 14:39:53.952 | INFO     |  5812 | msm.mycroft_skills_manager | invalidating skills cache
2021-10-26 14:39:54.107 | ERROR    |  5812 | msm.mycroft_skills_manager | Error running install_or_update on homeassistant: MergeConflict
2021-10-26 14:39:54.136 | INFO     |  5812 | msm.skill_entry | Installing system requirements...
2021-10-26 14:39:54.152 | INFO     |  5812 | msm.skill_entry | Installing requirements.txt for mycroft-weather
2021-10-26 14:39:55.022 | INFO     |  5812 | msm.skill_entry | Installing system requirements...
2021-10-26 14:39:55.037 | INFO     |  5812 | msm.skill_entry | Successfully installed mycroft-singing
2021-10-26 14:39:55.037 | INFO     |  5812 | msm.mycroft_skills_manager | invalidating skills cache
2021-10-26 14:39:55.112 | INFO     |  5812 | msm.skill_entry | Successfully installed mycroft-audio-record
2021-10-26 14:39:55.112 | INFO     |  5812 | msm.mycroft_skills_manager | invalidating skills cache
2021-10-26 14:39:56.469 | INFO     |  5812 | msm.skill_entry | Successfully installed mycroft-joke
2021-10-26 14:39:56.469 | INFO     |  5812 | msm.mycroft_skills_manager | invalidating skills cache
2021-10-26 14:39:57.639 | INFO     |  5812 | msm.skill_entry | Successfully installed mycroft-ip
2021-10-26 14:39:57.640 | INFO     |  5812 | msm.mycroft_skills_manager | invalidating skills cache
2021-10-26 14:40:02.718 | INFO     |  5812 | msm.skill_entry | Successfully installed fallback-wolfram-alpha
2021-10-26 14:40:02.718 | INFO     |  5812 | msm.mycroft_skills_manager | invalidating skills cache
2021-10-26 14:40:06.005 | INFO     |  5812 | msm.skill_entry | Successfully installed mycroft-configuration
2021-10-26 14:40:06.005 | INFO     |  5812 | msm.mycroft_skills_manager | invalidating skills cache
2021-10-26 14:40:07.170 | INFO     |  5812 | msm.skill_entry | Successfully installed mycroft-installer
2021-10-26 14:40:07.170 | INFO     |  5812 | msm.mycroft_skills_manager | invalidating skills cache
2021-10-26 14:40:17.956 | INFO     |  5812 | PairingSkill | Initiating device pairing sequence...
2021-10-26 14:40:17.956 | INFO     |  5812 | PairingSkill | Retrieving pairing code from device API...
2021-10-26 14:40:18.149 | INFO     |  5812 | PairingSkill | Pairing code obtained: NR4VVC
2021-10-26 14:40:18.149 | INFO     |  5812 | PairingSkill | Communicating pairing URL to user
2021-10-26 14:40:28.187 | INFO     |  5812 | msm.skill_entry | Successfully installed mycroft-date-time
2021-10-26 14:40:28.188 | INFO     |  5812 | msm.mycroft_skills_manager | invalidating skills cache
2021-10-26 14:40:29.627 | INFO     |  5812 | msm.skill_entry | Successfully installed mycroft-fallback-duck-duck-go
2021-10-26 14:40:29.627 | INFO     |  5812 | msm.mycroft_skills_manager | invalidating skills cache
2021-10-26 14:40:33.775 | INFO     |  5812 | msm.skill_entry | Successfully installed mycroft-npr-news
2021-10-26 14:40:33.776 | INFO     |  5812 | msm.mycroft_skills_manager | invalidating skills cache
2021-10-26 14:40:38.106 | INFO     |  5812 | msm.skill_entry | Successfully installed mycroft-support-helper
2021-10-26 14:40:38.106 | INFO     |  5812 | msm.mycroft_skills_manager | invalidating skills cache
2021-10-26 14:40:39.440 | INFO     |  5812 | msm.skill_entry | Successfully installed mycroft-alarm
2021-10-26 14:40:39.441 | INFO     |  5812 | msm.mycroft_skills_manager | invalidating skills cache
2021-10-26 14:40:42.036 | INFO     |  5812 | msm.skill_entry | Successfully installed mycroft-wiki
2021-10-26 14:40:42.037 | INFO     |  5812 | msm.mycroft_skills_manager | invalidating skills cache
2021-10-26 14:40:43.465 | INFO     |  5812 | msm.skill_entry | Successfully installed mycroft-weather
2021-10-26 14:40:43.466 | INFO     |  5812 | msm.mycroft_skills_manager | invalidating skills cache
2021-10-26 14:40:43.475 | INFO     |  5812 | mycroft.skills.skill_updater:_log_next_download_time:267 | Next scheduled skill update: 2021-10-26 15:40:43.474440
2021-10-26 14:40:43.475 | INFO     |  5812 | mycroft.skills.skill_updater:update_skills:170 | Skill update complete
2021-10-26 14:40:43.478 | INFO     |  5812 | mycroft.skills.skill_manager:_load_on_startup:273 | Loading installed skills...
2021-10-26 14:40:43.481 | INFO     |  5812 | mycroft.skills.skill_loader:load:185 | ATTEMPTING TO LOAD SKILL: mycroft-ip.mycroftai
2021-10-26 14:40:43.541 | INFO     |  5812 | mycroft.skills.settings:get_local_settings:83 | /opt/mycroft/skills/mycroft-ip.mycroftai/settings.json
2021-10-26 14:40:43.556 | INFO     |  5812 | mycroft.skills.skill_loader:_check_for_first_run:324 | First run of mycroft-ip.mycroftai
2021-10-26 14:40:43.557 | INFO     |  5812 | mycroft.skills.settings:save_settings:116 | Skill settings successfully saved to /home/runner/.config/mycroft/skills/mycroft-ip.mycroftai/settings.json
2021-10-26 14:40:43.558 | INFO     |  5812 | mycroft.skills.skill_loader:_communicate_load_status:344 | Skill mycroft-ip.mycroftai loaded successfully
2021-10-26 14:40:43.558 | INFO     |  5812 | mycroft.skills.skill_loader:load:185 | ATTEMPTING TO LOAD SKILL: mycroft-reminder.mycroftai
2021-10-26 14:40:43.587 | INFO     |  5812 | mycroft.skills.settings:get_local_settings:83 | /opt/mycroft/skills/mycroft-reminder.mycroftai/settings.json
2021-10-26 14:40:43.632 | INFO     |  5812 | mycroft.skills.skill_loader:_check_for_first_run:324 | First run of mycroft-reminder.mycroftai
2021-10-26 14:40:43.635 | INFO     |  5812 | mycroft.skills.settings:save_settings:116 | Skill settings successfully saved to /home/runner/.config/mycroft/skills/mycroft-reminder.mycroftai/settings.json
2021-10-26 14:40:43.645 | INFO     |  5812 | mycroft.skills.skill_loader:_communicate_load_status:344 | Skill mycroft-reminder.mycroftai loaded successfully
2021-10-26 14:40:43.648 | INFO     |  5812 | mycroft.skills.skill_loader:load:185 | ATTEMPTING TO LOAD SKILL: mycroft-installer.mycroftai
2021-10-26 14:40:43.675 | INFO     |  5812 | mycroft.skills.settings:get_local_settings:83 | /opt/mycroft/skills/mycroft-installer.mycroftai/settings.json
2021-10-26 14:40:43.745 | INFO     |  5812 | mycroft.skills.skill_loader:_check_for_first_run:324 | First run of mycroft-installer.mycroftai
2021-10-26 14:40:43.745 | INFO     |  5812 | mycroft.skills.settings:save_settings:116 | Skill settings successfully saved to /home/runner/.config/mycroft/skills/mycroft-installer.mycroftai/settings.json
2021-10-26 14:40:43.746 | INFO     |  5812 | mycroft.skills.skill_loader:_communicate_load_status:344 | Skill mycroft-installer.mycroftai loaded successfully
2021-10-26 14:40:43.747 | INFO     |  5812 | mycroft.skills.skill_loader:load:185 | ATTEMPTING TO LOAD SKILL: mycroft-version-checker.mycroftai
2021-10-26 14:40:43.752 | INFO     |  5812 | mycroft.skills.settings:get_local_settings:83 | /opt/mycroft/skills/mycroft-version-checker.mycroftai/settings.json
2021-10-26 14:40:43.772 | INFO     |  5812 | mycroft.skills.skill_loader:_check_for_first_run:324 | First run of mycroft-version-checker.mycroftai
2021-10-26 14:40:43.773 | INFO     |  5812 | mycroft.skills.settings:save_settings:116 | Skill settings successfully saved to /home/runner/.config/mycroft/skills/mycroft-version-checker.mycroftai/settings.json
2021-10-26 14:40:43.774 | INFO     |  5812 | mycroft.skills.skill_loader:_communicate_load_status:344 | Skill mycroft-version-checker.mycroftai loaded successfully
2021-10-26 14:40:43.807 | INFO     |  5812 | mycroft.skills.skill_loader:load:185 | ATTEMPTING TO LOAD SKILL: mycroft-singing.mycroftai
2021-10-26 14:40:43.814 | INFO     |  5812 | mycroft.skills.settings:get_local_settings:83 | /opt/mycroft/skills/mycroft-singing.mycroftai/settings.json
2021-10-26 14:40:43.844 | INFO     |  5812 | mycroft.skills.skill_loader:_check_for_first_run:324 | First run of mycroft-singing.mycroftai
2021-10-26 14:40:43.845 | INFO     |  5812 | mycroft.skills.settings:save_settings:116 | Skill settings successfully saved to /home/runner/.config/mycroft/skills/mycroft-singing.mycroftai/settings.json
2021-10-26 14:40:43.853 | INFO     |  5812 | mycroft.skills.skill_loader:_communicate_load_status:344 | Skill mycroft-singing.mycroftai loaded successfully
2021-10-26 14:40:43.854 | INFO     |  5812 | mycroft.skills.skill_loader:load:185 | ATTEMPTING TO LOAD SKILL: mycroft-joke.mycroftai
2021-10-26 14:40:43.868 | INFO     |  5812 | mycroft.skills.settings:get_local_settings:83 | /opt/mycroft/skills/mycroft-joke.mycroftai/settings.json
2021-10-26 14:40:43.897 | INFO     |  5812 | mycroft.skills.skill_loader:_check_for_first_run:324 | First run of mycroft-joke.mycroftai
2021-10-26 14:40:43.898 | INFO     |  5812 | mycroft.skills.settings:save_settings:116 | Skill settings successfully saved to /home/runner/.config/mycroft/skills/mycroft-joke.mycroftai/settings.json
2021-10-26 14:40:43.899 | INFO     |  5812 | mycroft.skills.skill_loader:_communicate_load_status:344 | Skill mycroft-joke.mycroftai loaded successfully
2021-10-26 14:40:43.901 | INFO     |  5812 | mycroft.skills.skill_loader:load:185 | ATTEMPTING TO LOAD SKILL: mycroft-timer.mycroftai
2021-10-26 14:40:43.936 | INFO     |  5812 | mycroft.skills.settings:get_local_settings:83 | /opt/mycroft/skills/mycroft-timer.mycroftai/settings.json
2021-10-26 14:40:44.049 | INFO     |  5812 | mycroft.skills.skill_loader:_check_for_first_run:324 | First run of mycroft-timer.mycroftai
2021-10-26 14:40:44.050 | INFO     |  5812 | mycroft.skills.settings:save_settings:116 | Skill settings successfully saved to /home/runner/.config/mycroft/skills/mycroft-timer.mycroftai/settings.json
2021-10-26 14:40:44.063 | INFO     |  5812 | mycroft.skills.skill_loader:_communicate_load_status:344 | Skill mycroft-timer.mycroftai loaded successfully
2021-10-26 14:40:44.063 | INFO     |  5812 | mycroft.skills.skill_loader:load:185 | ATTEMPTING TO LOAD SKILL: homeassistant.mycroftai
2021-10-26 14:40:44.510 | INFO     |  5812 | mycroft.skills.settings:get_local_settings:83 | /opt/mycroft/skills/homeassistant.mycroftai/settings.json
2021-10-26 14:40:44.512 | INFO     |  5812 | mycroft.skills.settings:get_local_settings:83 | /opt/mycroft/skills/homeassistant.mycroftai/settings.json
2021-10-26 14:40:44.554 | INFO     |  5812 | mycroft.skills.skill_loader:_communicate_load_status:344 | Skill homeassistant.mycroftai loaded successfully
2021-10-26 14:40:44.554 | INFO     |  5812 | mycroft.skills.skill_loader:load:185 | ATTEMPTING TO LOAD SKILL: mycroft-alarm.mycroftai
2021-10-26 14:40:44.581 | INFO     |  5812 | mycroft.skills.settings:get_local_settings:83 | /opt/mycroft/skills/mycroft-alarm.mycroftai/settings.json
2021-10-26 14:40:44.585 | ERROR    |  5812 | AlarmSkill | Couldn't allocate mixer, ALSAAudioError('No such file or directory [default]')
2021-10-26 14:40:44.685 | INFO     |  5812 | mycroft.skills.skill_loader:_check_for_first_run:324 | First run of mycroft-alarm.mycroftai
2021-10-26 14:40:44.686 | INFO     |  5812 | mycroft.skills.settings:save_settings:116 | Skill settings successfully saved to /home/runner/.config/mycroft/skills/mycroft-alarm.mycroftai/settings.json
2021-10-26 14:40:44.687 | INFO     |  5812 | mycroft.skills.skill_loader:_communicate_load_status:344 | Skill mycroft-alarm.mycroftai loaded successfully
2021-10-26 14:40:44.688 | INFO     |  5812 | mycroft.skills.skill_loader:load:185 | ATTEMPTING TO LOAD SKILL: mycroft-naptime.mycroftai
2021-10-26 14:40:44.694 | INFO     |  5812 | mycroft.skills.settings:get_local_settings:83 | /opt/mycroft/skills/mycroft-naptime.mycroftai/settings.json
2021-10-26 14:40:44.704 | INFO     |  5812 | mycroft.skills.skill_loader:_check_for_first_run:324 | First run of mycroft-naptime.mycroftai
2021-10-26 14:40:44.705 | INFO     |  5812 | mycroft.skills.settings:save_settings:116 | Skill settings successfully saved to /home/runner/.config/mycroft/skills/mycroft-naptime.mycroftai/settings.json
2021-10-26 14:40:44.705 | INFO     |  5812 | mycroft.skills.skill_loader:_communicate_load_status:344 | Skill mycroft-naptime.mycroftai loaded successfully
2021-10-26 14:40:44.707 | INFO     |  5812 | mycroft.skills.skill_loader:load:185 | ATTEMPTING TO LOAD SKILL: mycroft-spelling.mycroftai
2021-10-26 14:40:44.712 | INFO     |  5812 | mycroft.skills.settings:get_local_settings:83 | /opt/mycroft/skills/mycroft-spelling.mycroftai/settings.json
2021-10-26 14:40:44.732 | INFO     |  5812 | mycroft.skills.skill_loader:_check_for_first_run:324 | First run of mycroft-spelling.mycroftai
2021-10-26 14:40:44.737 | INFO     |  5812 | mycroft.skills.settings:save_settings:116 | Skill settings successfully saved to /home/runner/.config/mycroft/skills/mycroft-spelling.mycroftai/settings.json
2021-10-26 14:40:44.741 | INFO     |  5812 | mycroft.skills.skill_loader:_communicate_load_status:344 | Skill mycroft-spelling.mycroftai loaded successfully
2021-10-26 14:40:44.744 | INFO     |  5812 | mycroft.skills.skill_loader:load:185 | ATTEMPTING TO LOAD SKILL: mycroft-fallback-duck-duck-go.mycroftai
2021-10-26 14:40:44.767 | INFO     |  5812 | mycroft.skills.settings:get_local_settings:83 | /opt/mycroft/skills/mycroft-fallback-duck-duck-go.mycroftai/settings.json
2021-10-26 14:40:44.827 | INFO     |  5812 | mycroft.skills.skill_loader:_check_for_first_run:324 | First run of mycroft-fallback-duck-duck-go.mycroftai
2021-10-26 14:40:44.830 | INFO     |  5812 | mycroft.skills.settings:save_settings:116 | Skill settings successfully saved to /home/runner/.config/mycroft/skills/mycroft-fallback-duck-duck-go.mycroftai/settings.json
2021-10-26 14:40:44.835 | INFO     |  5812 | mycroft.skills.skill_loader:_communicate_load_status:344 | Skill mycroft-fallback-duck-duck-go.mycroftai loaded successfully
2021-10-26 14:40:44.835 | INFO     |  5812 | mycroft.skills.skill_loader:load:185 | ATTEMPTING TO LOAD SKILL: mycroft-npr-news.mycroftai
2021-10-26 14:40:44.979 | INFO     |  5812 | mycroft.skills.settings:get_local_settings:83 | /opt/mycroft/skills/mycroft-npr-news.mycroftai/settings.json
2021-10-26 14:40:46.042 | INFO     |  5812 | mycroft.skills.skill_loader:_check_for_first_run:324 | First run of mycroft-npr-news.mycroftai
2021-10-26 14:40:46.048 | INFO     |  5812 | mycroft.skills.settings:save_settings:116 | Skill settings successfully saved to /home/runner/.config/mycroft/skills/mycroft-npr-news.mycroftai/settings.json
2021-10-26 14:40:46.049 | INFO     |  5812 | mycroft.skills.skill_loader:_communicate_load_status:344 | Skill mycroft-npr-news.mycroftai loaded successfully
2021-10-26 14:40:46.050 | INFO     |  5812 | mycroft.skills.skill_loader:load:185 | ATTEMPTING TO LOAD SKILL: mycroft-support-helper.mycroftai
2021-10-26 14:40:46.067 | INFO     |  5812 | mycroft.skills.settings:get_local_settings:83 | /opt/mycroft/skills/mycroft-support-helper.mycroftai/settings.json
2021-10-26 14:40:46.081 | INFO     |  5812 | mycroft.skills.skill_loader:_check_for_first_run:324 | First run of mycroft-support-helper.mycroftai
2021-10-26 14:40:46.082 | INFO     |  5812 | mycroft.skills.settings:save_settings:116 | Skill settings successfully saved to /home/runner/.config/mycroft/skills/mycroft-support-helper.mycroftai/settings.json
2021-10-26 14:40:46.086 | INFO     |  5812 | mycroft.skills.skill_loader:_communicate_load_status:344 | Skill mycroft-support-helper.mycroftai loaded successfully
2021-10-26 14:40:46.087 | INFO     |  5812 | mycroft.skills.skill_loader:load:185 | ATTEMPTING TO LOAD SKILL: mycroft-weather.mycroftai
2021-10-26 14:40:46.115 | INFO     |  5812 | mycroft.skills.settings:get_local_settings:83 | /opt/mycroft/skills/mycroft-weather.mycroftai/settings.json
2021-10-26 14:40:46.220 | INFO     |  5812 | mycroft.skills.skill_loader:_check_for_first_run:324 | First run of mycroft-weather.mycroftai
2021-10-26 14:40:46.221 | INFO     |  5812 | mycroft.skills.settings:save_settings:116 | Skill settings successfully saved to /home/runner/.config/mycroft/skills/mycroft-weather.mycroftai/settings.json
2021-10-26 14:40:46.222 | INFO     |  5812 | mycroft.skills.skill_loader:_communicate_load_status:344 | Skill mycroft-weather.mycroftai loaded successfully
2021-10-26 14:40:46.222 | INFO     |  5812 | mycroft.skills.skill_loader:load:185 | ATTEMPTING TO LOAD SKILL: mycroft-speak.mycroftai
2021-10-26 14:40:46.229 | INFO     |  5812 | mycroft.skills.settings:get_local_settings:83 | /opt/mycroft/skills/mycroft-speak.mycroftai/settings.json
2021-10-26 14:40:46.251 | INFO     |  5812 | mycroft.skills.skill_loader:_check_for_first_run:324 | First run of mycroft-speak.mycroftai
2021-10-26 14:40:46.253 | INFO     |  5812 | mycroft.skills.settings:save_settings:116 | Skill settings successfully saved to /home/runner/.config/mycroft/skills/mycroft-speak.mycroftai/settings.json
2021-10-26 14:40:46.255 | INFO     |  5812 | mycroft.skills.skill_loader:_communicate_load_status:344 | Skill mycroft-speak.mycroftai loaded successfully
2021-10-26 14:40:46.256 | INFO     |  5812 | mycroft.skills.skill_loader:load:185 | ATTEMPTING TO LOAD SKILL: mycroft-audio-record.mycroftai
2021-10-26 14:40:46.263 | INFO     |  5812 | mycroft.skills.settings:get_local_settings:83 | /opt/mycroft/skills/mycroft-audio-record.mycroftai/settings.json
2021-10-26 14:40:46.293 | INFO     |  5812 | mycroft.skills.skill_loader:_check_for_first_run:324 | First run of mycroft-audio-record.mycroftai
2021-10-26 14:40:46.293 | INFO     |  5812 | mycroft.skills.settings:save_settings:116 | Skill settings successfully saved to /home/runner/.config/mycroft/skills/mycroft-audio-record.mycroftai/settings.json
2021-10-26 14:40:46.294 | INFO     |  5812 | mycroft.skills.skill_loader:_communicate_load_status:344 | Skill mycroft-audio-record.mycroftai loaded successfully
2021-10-26 14:40:46.295 | INFO     |  5812 | mycroft.skills.skill_loader:load:185 | ATTEMPTING TO LOAD SKILL: mycroft-stop.mycroftai
2021-10-26 14:40:46.305 | INFO     |  5812 | mycroft.skills.settings:get_local_settings:83 | /opt/mycroft/skills/mycroft-stop.mycroftai/settings.json
2021-10-26 14:40:46.340 | INFO     |  5812 | mycroft.skills.skill_loader:_check_for_first_run:324 | First run of mycroft-stop.mycroftai
2021-10-26 14:40:46.341 | INFO     |  5812 | mycroft.skills.settings:save_settings:116 | Skill settings successfully saved to /home/runner/.config/mycroft/skills/mycroft-stop.mycroftai/settings.json
2021-10-26 14:40:46.343 | INFO     |  5812 | mycroft.skills.skill_loader:_communicate_load_status:344 | Skill mycroft-stop.mycroftai loaded successfully
2021-10-26 14:40:46.343 | INFO     |  5812 | mycroft.skills.skill_loader:load:185 | ATTEMPTING TO LOAD SKILL: mycroft-hello-world.mycroftai
2021-10-26 14:40:46.351 | INFO     |  5812 | mycroft.skills.settings:get_local_settings:83 | /opt/mycroft/skills/mycroft-hello-world.mycroftai/settings.json
2021-10-26 14:40:46.408 | INFO     |  5812 | mycroft.skills.skill_loader:_check_for_first_run:324 | First run of mycroft-hello-world.mycroftai
2021-10-26 14:40:46.410 | INFO     |  5812 | mycroft.skills.settings:save_settings:116 | Skill settings successfully saved to /home/runner/.config/mycroft/skills/mycroft-hello-world.mycroftai/settings.json
2021-10-26 14:40:46.412 | INFO     |  5812 | mycroft.skills.skill_loader:_communicate_load_status:344 | Skill mycroft-hello-world.mycroftai loaded successfully
2021-10-26 14:40:46.414 | INFO     |  5812 | mycroft.skills.skill_loader:load:185 | ATTEMPTING TO LOAD SKILL: mycroft-date-time.mycroftai
2021-10-26 14:40:47.193 | INFO     |  5812 | mycroft.skills.settings:get_local_settings:83 | /opt/mycroft/skills/mycroft-date-time.mycroftai/settings.json
2021-10-26 14:40:47.300 | INFO     |  5812 | TimeSkill | Registering resting screen <bound method TimeSkill.handle_idle of <mycroft-date-time_mycroftai.TimeSkill object at 0x7fbaf459ac10>> for Time and Date.
2021-10-26 14:40:47.302 | INFO     |  5812 | TimeSkill | Registering resting screen
2021-10-26 14:40:47.305 | INFO     |  5812 | mycroft.skills.skill_loader:_check_for_first_run:324 | First run of mycroft-date-time.mycroftai
2021-10-26 14:40:47.306 | INFO     |  5812 | mycroft.skills.settings:save_settings:116 | Skill settings successfully saved to /home/runner/.config/mycroft/skills/mycroft-date-time.mycroftai/settings.json
2021-10-26 14:40:47.497 | INFO     |  5812 | mycroft.skills.skill_loader:_communicate_load_status:344 | Skill mycroft-date-time.mycroftai loaded successfully
2021-10-26 14:40:47.499 | INFO     |  5812 | mycroft.skills.skill_loader:load:185 | ATTEMPTING TO LOAD SKILL: mycroft-configuration.mycroftai
2021-10-26 14:40:47.506 | INFO     |  5812 | mycroft.skills.settings:get_local_settings:83 | /opt/mycroft/skills/mycroft-configuration.mycroftai/settings.json
2021-10-26 14:40:47.555 | INFO     |  5812 | mycroft.skills.skill_loader:_check_for_first_run:324 | First run of mycroft-configuration.mycroftai
2021-10-26 14:40:47.557 | INFO     |  5812 | mycroft.skills.settings:save_settings:116 | Skill settings successfully saved to /home/runner/.config/mycroft/skills/mycroft-configuration.mycroftai/settings.json
2021-10-26 14:40:47.558 | INFO     |  5812 | mycroft.skills.skill_loader:_communicate_load_status:344 | Skill mycroft-configuration.mycroftai loaded successfully
2021-10-26 14:40:47.558 | INFO     |  5812 | mycroft.skills.skill_loader:load:185 | ATTEMPTING TO LOAD SKILL: fallback-query.mycroftai
2021-10-26 14:40:47.565 | INFO     |  5812 | mycroft.skills.settings:get_local_settings:83 | /opt/mycroft/skills/fallback-query.mycroftai/settings.json
2021-10-26 14:40:47.575 | INFO     |  5812 | mycroft.skills.skill_loader:_check_for_first_run:324 | First run of fallback-query.mycroftai
2021-10-26 14:40:47.576 | INFO     |  5812 | mycroft.skills.settings:save_settings:116 | Skill settings successfully saved to /home/runner/.config/mycroft/skills/fallback-query.mycroftai/settings.json
2021-10-26 14:40:47.577 | INFO     |  5812 | mycroft.skills.skill_loader:_communicate_load_status:344 | Skill fallback-query.mycroftai loaded successfully
2021-10-26 14:40:47.578 | INFO     |  5812 | mycroft.skills.skill_loader:load:185 | ATTEMPTING TO LOAD SKILL: mycroft-personal.mycroftai
2021-10-26 14:40:47.583 | INFO     |  5812 | mycroft.skills.settings:get_local_settings:83 | /opt/mycroft/skills/mycroft-personal.mycroftai/settings.json
2021-10-26 14:40:47.599 | INFO     |  5812 | mycroft.skills.skill_loader:_check_for_first_run:324 | First run of mycroft-personal.mycroftai
2021-10-26 14:40:47.600 | INFO     |  5812 | mycroft.skills.settings:save_settings:116 | Skill settings successfully saved to /home/runner/.config/mycroft/skills/mycroft-personal.mycroftai/settings.json
2021-10-26 14:40:47.601 | INFO     |  5812 | mycroft.skills.skill_loader:_communicate_load_status:344 | Skill mycroft-personal.mycroftai loaded successfully
2021-10-26 14:40:47.601 | INFO     |  5812 | mycroft.skills.skill_loader:load:185 | ATTEMPTING TO LOAD SKILL: fallback-wolfram-alpha.mycroftai
2021-10-26 14:40:47.664 | INFO     |  5812 | mycroft.skills.settings:get_local_settings:83 | /opt/mycroft/skills/fallback-wolfram-alpha.mycroftai/settings.json
2021-10-26 14:40:47.711 | INFO     |  5812 | mycroft.skills.skill_loader:_check_for_first_run:324 | First run of fallback-wolfram-alpha.mycroftai
2021-10-26 14:40:47.714 | INFO     |  5812 | mycroft.skills.settings:save_settings:116 | Skill settings successfully saved to /home/runner/.config/mycroft/skills/fallback-wolfram-alpha.mycroftai/settings.json
2021-10-26 14:40:47.716 | INFO     |  5812 | mycroft.skills.skill_loader:_communicate_load_status:344 | Skill fallback-wolfram-alpha.mycroftai loaded successfully
2021-10-26 14:40:47.717 | INFO     |  5812 | mycroft.skills.skill_loader:load:185 | ATTEMPTING TO LOAD SKILL: mycroft-wiki.mycroftai
2021-10-26 14:40:47.731 | INFO     |  5812 | mycroft.skills.settings:get_local_settings:83 | /opt/mycroft/skills/mycroft-wiki.mycroftai/settings.json
2021-10-26 14:40:47.777 | INFO     |  5812 | mycroft.skills.skill_loader:_check_for_first_run:324 | First run of mycroft-wiki.mycroftai
2021-10-26 14:40:47.780 | INFO     |  5812 | mycroft.skills.settings:save_settings:116 | Skill settings successfully saved to /home/runner/.config/mycroft/skills/mycroft-wiki.mycroftai/settings.json
2021-10-26 14:40:47.783 | INFO     |  5812 | mycroft.skills.skill_loader:_communicate_load_status:344 | Skill mycroft-wiki.mycroftai loaded successfully
2021-10-26 14:40:47.792 | INFO     |  5812 | mycroft.skills.skill_loader:load:185 | ATTEMPTING TO LOAD SKILL: fallback-unknown.mycroftai
2021-10-26 14:40:47.805 | INFO     |  5812 | mycroft.skills.settings:get_local_settings:83 | /opt/mycroft/skills/fallback-unknown.mycroftai/settings.json
2021-10-26 14:40:47.834 | INFO     |  5812 | mycroft.skills.skill_loader:_check_for_first_run:324 | First run of fallback-unknown.mycroftai
2021-10-26 14:40:47.835 | INFO     |  5812 | mycroft.skills.settings:save_settings:116 | Skill settings successfully saved to /home/runner/.config/mycroft/skills/fallback-unknown.mycroftai/settings.json
2021-10-26 14:40:47.840 | INFO     |  5812 | mycroft.skills.skill_loader:_communicate_load_status:344 | Skill fallback-unknown.mycroftai loaded successfully
2021-10-26 14:40:47.841 | INFO     |  5812 | mycroft.skills.skill_loader:load:185 | ATTEMPTING TO LOAD SKILL: mycroft-playback-control.mycroftai
2021-10-26 14:40:47.857 | INFO     |  5812 | mycroft.skills.settings:get_local_settings:83 | /opt/mycroft/skills/mycroft-playback-control.mycroftai/settings.json
2021-10-26 14:40:47.928 | INFO     |  5812 | mycroft.skills.skill_loader:_check_for_first_run:324 | First run of mycroft-playback-control.mycroftai
2021-10-26 14:40:47.929 | INFO     |  5812 | mycroft.skills.settings:save_settings:116 | Skill settings successfully saved to /home/runner/.config/mycroft/skills/mycroft-playback-control.mycroftai/settings.json
2021-10-26 14:40:47.930 | INFO     |  5812 | mycroft.skills.skill_loader:_communicate_load_status:344 | Skill mycroft-playback-control.mycroftai loaded successfully
2021-10-26 14:40:47.931 | INFO     |  5812 | mycroft.skills.skill_manager:_load_on_startup:275 | Skills all loaded!
2021-10-26 14:40:47.972 | INFO     |  5812 | __main__:on_ready:185 | Skills service is ready.
2021-10-26 14:40:48.340 | INFO     |  5812 | mycroft.skills.intent_services.padatious_service:train:151 | Training... (single_thread=False)
2021-10-26 14:40:48.610 | INFO     |  5812 | mycroft.skills.settings:save_settings:116 | Skill settings successfully saved to /home/runner/.config/mycroft/skills/mycroft-pairing.mycroftai/settings.json
Regenerated mycroft-alarm.mycroftai:{daytype}.
2021-10-26 14:40:48.959 | INFO     |  5812 | mycroft.skills.settings:save_settings:116 | Skill settings successfully saved to /home/runner/.config/mycroft/skills/mycroft-timer.mycroftai/settings.json
Regenerated mycroft-reminder.mycroftai:SnoozeReminder.intent.
Regenerated mycroft-reminder.mycroftai:ClearReminders.intent.
Regenerated mycroft-installer.mycroftai:install.beta.intent.
Regenerated mycroft-installer.mycroftai:list.skills.intent.
Regenerated mycroft-installer.mycroftai:is.installed.intent.
Regenerated mycroft-installer.mycroftai:install.custom.intent.
Regenerated mycroft-installer.mycroftai:install.intent.
Regenerated mycroft-installer.mycroftai:remove.intent.
Regenerated mycroft-timer.mycroftai:start.timer.intent.
Regenerated mycroft-timer.mycroftai:timer.status.intent.
Regenerated homeassistant.mycroftai:set.climate.intent.
Regenerated homeassistant.mycroftai:turn.on.intent.
Regenerated homeassistant.mycroftai:add.item.shopping.list.intent.
Regenerated homeassistant.mycroftai:sensor.intent.
Regenerated mycroft-date-time.mycroftai:date.last.weekend.intent.
Regenerated mycroft-date-time.mycroftai:date.future.weekend.intent.
Regenerated mycroft-date-time.mycroftai:what.time.is.it.intent.
Regenerated mycroft-configuration.mycroftai:WhereAreYou.intent.
Regenerated mycroft-configuration.mycroftai:DisablePreciseDev.intent.
Regenerated mycroft-configuration.mycroftai:EnablePreciseDev.intent.
Regenerated mycroft-personal.mycroftai:WhoMadeYou.intent.
Regenerated mycroft-reminder.mycroftai:GetNextReminders.intent.
Regenerated mycroft-reminder.mycroftai:Reminder.intent.
Regenerated mycroft-reminder.mycroftai:ReminderAt.intent.
Regenerated mycroft-reminder.mycroftai:CancelActiveReminder.intent.
Regenerated mycroft-reminder.mycroftai:DeleteReminderForDay.intent.
Regenerated mycroft-reminder.mycroftai:UnspecifiedReminderAt.intent.
Regenerated mycroft-reminder.mycroftai:GetRemindersForDay.intent.
Regenerated homeassistant.mycroftai:tracker.intent.
Regenerated homeassistant.mycroftai:toggle.intent.
Regenerated homeassistant.mycroftai:automation.intent.
Regenerated homeassistant.mycroftai:set.light.brightness.intent.
Regenerated homeassistant.mycroftai:decrease.light.brightness.intent.
Regenerated homeassistant.mycroftai:increase.light.brightness.intent.
Regenerated homeassistant.mycroftai:turn.off.intent.
Regenerated mycroft-alarm.mycroftai:change.alarm.sound.intent.
Regenerated mycroft-alarm.mycroftai:snooze.intent.
Regenerated mycroft-npr-news.mycroftai:PlayTheNews.intent.
Regenerated mycroft-support-helper.mycroftai:contact.support.intent.
Regenerated mycroft-weather.mycroftai:do-i-need-an-umbrella.intent.
Regenerated mycroft-audio-record.mycroftai:PlayRecording.intent.
Regenerated mycroft-audio-record.mycroftai:StartRecording.intent.
Regenerated mycroft-stop.mycroftai:ssh.enable.intent.
Regenerated mycroft-stop.mycroftai:shutdown.intent.
Regenerated mycroft-stop.mycroftai:wifi.setup.intent.
Regenerated mycroft-stop.mycroftai:ssh.disable.intent.
Regenerated mycroft-stop.mycroftai:reboot.intent.
Regenerated mycroft-hello-world.mycroftai:HowAreYou.intent.
Regenerated mycroft-date-time.mycroftai:what.time.will.it.be.intent.
Regenerated mycroft-personal.mycroftai:DoYouRhyme.intent.
Regenerated mycroft-personal.mycroftai:DoYouDream.intent.
Regenerated mycroft-personal.mycroftai:WhenWereYouBorn.intent.
Regenerated mycroft-personal.mycroftai:WhoAreYou.intent.
Regenerated mycroft-personal.mycroftai:WhereWereYouBorn.intent.
Regenerated mycroft-personal.mycroftai:WhatAreYou.intent.
Regenerated mycroft-wiki.mycroftai:Random.intent.
2021-10-26 14:40:54.389 | INFO     |  5812 | mycroft.skills.intent_services.padatious_service:train:153 | Training complete.
2021-10-26 14:41:33.183 | INFO     |  5812 | __main__:on_stopping:193 | Skills service is shutting down...
2021-10-26 14:41:33.184 | INFO     |  5812 | __main__:shutdown:284 | Shutting down Skills service
2021-10-26 14:41:33.507 | ERROR    |  5812 | VolumeSkill | Couldn't allocate mixer, ALSAAudioError('No such file or directory [default]')
2021-10-26 14:41:33.509 | INFO     |  5812 | mycroft.skills.settings:save_settings:116 | Skill settings successfully saved to /home/runner/.config/mycroft/skills/mycroft-volume.mycroftai/settings.json
2021-10-26 14:41:33.511 | INFO     |  5812 | mycroft.skills.settings:save_settings:116 | Skill settings successfully saved to /home/runner/.config/mycroft/skills/mycroft-ip.mycroftai/settings.json
2021-10-26 14:41:33.523 | INFO     |  5812 | mycroft.skills.settings:save_settings:116 | Skill settings successfully saved to /home/runner/.config/mycroft/skills/mycroft-reminder.mycroftai/settings.json
2021-10-26 14:41:33.532 | INFO     |  5812 | mycroft.skills.settings:save_settings:116 | Skill settings successfully saved to /home/runner/.config/mycroft/skills/mycroft-installer.mycroftai/settings.json
2021-10-26 14:41:33.534 | INFO     |  5812 | mycroft.skills.settings:save_settings:116 | Skill settings successfully saved to /home/runner/.config/mycroft/skills/mycroft-version-checker.mycroftai/settings.json
2021-10-26 14:41:33.554 | INFO     |  5812 | mycroft.skills.settings:save_settings:116 | Skill settings successfully saved to /home/runner/.config/mycroft/skills/mycroft-singing.mycroftai/settings.json
2021-10-26 14:41:33.557 | INFO     |  5812 | mycroft.skills.settings:save_settings:116 | Skill settings successfully saved to /home/runner/.config/mycroft/skills/mycroft-joke.mycroftai/settings.json
2021-10-26 14:41:33.559 | INFO     |  5812 | HomeAssistantSkill | Removing all handlers...
2021-10-26 14:41:33.568 | WARNING  |  5812 | mycroft.skills.fallback_skill:remove_fallback:185 | Could not find matching fallback handler
2021-10-26 14:41:33.569 | INFO     |  5812 | mycroft.skills.settings:save_settings:116 | Skill settings successfully saved to /home/runner/.config/mycroft/skills/mycroft-alarm.mycroftai/settings.json
2021-10-26 14:41:33.576 | INFO     |  5812 | mycroft.skills.settings:save_settings:116 | Skill settings successfully saved to /home/runner/.config/mycroft/skills/mycroft-naptime.mycroftai/settings.json
2021-10-26 14:41:33.579 | INFO     |  5812 | mycroft.skills.settings:save_settings:116 | Skill settings successfully saved to /home/runner/.config/mycroft/skills/mycroft-spelling.mycroftai/settings.json
2021-10-26 14:41:33.597 | INFO     |  5812 | mycroft.skills.settings:save_settings:116 | Skill settings successfully saved to /home/runner/.config/mycroft/skills/mycroft-fallback-duck-duck-go.mycroftai/settings.json
2021-10-26 14:41:33.599 | INFO     |  5812 | mycroft.skills.settings:save_settings:116 | Skill settings successfully saved to /home/runner/.config/mycroft/skills/mycroft-npr-news.mycroftai/settings.json
2021-10-26 14:41:33.603 | INFO     |  5812 | mycroft.skills.settings:save_settings:116 | Skill settings successfully saved to /home/runner/.config/mycroft/skills/mycroft-support-helper.mycroftai/settings.json
2021-10-26 14:41:33.615 | INFO     |  5812 | mycroft.skills.settings:save_settings:116 | Skill settings successfully saved to /home/runner/.config/mycroft/skills/mycroft-weather.mycroftai/settings.json
2021-10-26 14:41:33.617 | INFO     |  5812 | mycroft.skills.settings:save_settings:116 | Skill settings successfully saved to /home/runner/.config/mycroft/skills/mycroft-speak.mycroftai/settings.json
2021-10-26 14:41:33.633 | INFO     |  5812 | mycroft.skills.settings:save_settings:116 | Skill settings successfully saved to /home/runner/.config/mycroft/skills/mycroft-audio-record.mycroftai/settings.json
2021-10-26 14:41:33.674 | INFO     |  5812 | mycroft.skills.settings:save_settings:116 | Skill settings successfully saved to /home/runner/.config/mycroft/skills/mycroft-stop.mycroftai/settings.json
2021-10-26 14:41:33.697 | INFO     |  5812 | mycroft.skills.settings:save_settings:116 | Skill settings successfully saved to /home/runner/.config/mycroft/skills/mycroft-hello-world.mycroftai/settings.json
2021-10-26 14:41:33.702 | INFO     |  5812 | mycroft.skills.settings:save_settings:116 | Skill settings successfully saved to /home/runner/.config/mycroft/skills/mycroft-date-time.mycroftai/settings.json
2021-10-26 14:41:33.716 | INFO     |  5812 | mycroft.skills.settings:save_settings:116 | Skill settings successfully saved to /home/runner/.config/mycroft/skills/mycroft-configuration.mycroftai/settings.json
2021-10-26 14:41:33.745 | INFO     |  5812 | QuestionsAnswersSkill | Removing all handlers...
2021-10-26 14:41:33.746 | INFO     |  5812 | mycroft.skills.settings:save_settings:116 | Skill settings successfully saved to /home/runner/.config/mycroft/skills/fallback-query.mycroftai/settings.json
2021-10-26 14:41:33.754 | INFO     |  5812 | mycroft.skills.settings:save_settings:116 | Skill settings successfully saved to /home/runner/.config/mycroft/skills/mycroft-personal.mycroftai/settings.json
2021-10-26 14:41:33.755 | INFO     |  5812 | mycroft.skills.settings:save_settings:116 | Skill settings successfully saved to /home/runner/.config/mycroft/skills/fallback-wolfram-alpha.mycroftai/settings.json
2021-10-26 14:41:33.756 | INFO     |  5812 | mycroft.skills.settings:save_settings:116 | Skill settings successfully saved to /home/runner/.config/mycroft/skills/mycroft-wiki.mycroftai/settings.json
2021-10-26 14:41:33.757 | INFO     |  5812 | UnknownSkill | Removing all handlers...
2021-10-26 14:41:33.757 | INFO     |  5812 | mycroft.skills.settings:save_settings:116 | Skill settings successfully saved to /home/runner/.config/mycroft/skills/fallback-unknown.mycroftai/settings.json
2021-10-26 14:41:33.759 | INFO     |  5812 | mycroft.skills.settings:save_settings:116 | Skill settings successfully saved to /home/runner/.config/mycroft/skills/mycroft-playback-control.mycroftai/settings.json
2021-10-26 14:41:34.760 | INFO     |  5812 | Playback Control Skill | Audio service status: {}
2021-10-26 14:41:35.762 | WARNING  |  5812 | mycroft.skills.skill_manager:_shutdown_skill:106 | mycroft-playback-control.mycroftai shutdown took 2.0028239320000125 seconds
2021-10-26 14:41:35.762 | INFO     |  5812 | __main__:shutdown:291 | Skills service shutdown complete!
2021-10-26 14:41:37.497 | ERROR    |  5812 | websocket | error from callback <bound method MessageBusClient.on_message of <mycroft.messagebus.client.client.MessageBusClient object at 0x7fbb06bc0990>>: cannot schedule new futures after shutdown
2021-10-26 14:41:37.500 | ERROR    |  5812 | websocket | error from callback <bound method MessageBusClient.on_message of <mycroft.messagebus.client.client.MessageBusClient object at 0x7fbb06bc0990>>: cannot schedule new futures after shutdown
2021-10-26 14:41:37.503 | ERROR    |  5812 | websocket | error from callback <bound method MessageBusClient.on_message of <mycroft.messagebus.client.client.MessageBusClient object at 0x7fbb06bc0990>>: cannot schedule new futures after shutdown
2021-10-26 14:41:37.505 | ERROR    |  5812 | websocket | error from callback <bound method MessageBusClient.on_message of <mycroft.messagebus.client.client.MessageBusClient object at 0x7fbb06bc0990>>: cannot schedule new futures after shutdown
2021-10-26 14:41:37.507 | ERROR    |  5812 | websocket | error from callback <bound method MessageBusClient.on_message of <mycroft.messagebus.client.client.MessageBusClient object at 0x7fbb06bc0990>>: cannot schedule new futures after shutdown
