2021-10-26 13:20:22.370 | INFO     |  5731 | mycroft.messagebus.load_config:load_message_bus_config:33 | Loading message bus configs
2021-10-26 13:20:22.382 | ERROR    |  5731 | mycroft_bus_client.client.client | === ConnectionRefusedError(111, 'Connection refused') ===
Traceback (most recent call last):
  File "/opt/mycroft-core/.venv/lib/python3.7/site-packages/websocket/_app.py", line 254, in run_forever
    proxy_type=proxy_type)
  File "/opt/mycroft-core/.venv/lib/python3.7/site-packages/websocket/_core.py", line 220, in connect
    options.pop('socket', None))
  File "/opt/mycroft-core/.venv/lib/python3.7/site-packages/websocket/_http.py", line 120, in connect
    sock = _open_socket(addrinfo_list, options.sockopt, options.timeout)
  File "/opt/mycroft-core/.venv/lib/python3.7/site-packages/websocket/_http.py", line 190, in _open_socket
    raise err
  File "/opt/mycroft-core/.venv/lib/python3.7/site-packages/websocket/_http.py", line 170, in _open_socket
    sock.connect(address)
ConnectionRefusedError: [Errno 111] Connection refused
2021-10-26 13:20:22.383 | ERROR    |  5731 | mycroft_bus_client.client.client | Exception closing websocket: ConnectionRefusedError(111, 'Connection refused')
2021-10-26 13:20:22.383 | WARNING  |  5731 | mycroft_bus_client.client.client | Message Bus Client will reconnect in 5 seconds.
2021-10-26 13:20:27.388 | INFO     |  5731 | mycroft_bus_client.client.client | Connected
2021-10-26 13:20:27.397 | INFO     |  5731 | mycroft.util.process_utils:start_message_bus_client:155 | Connected to messagebus
2021-10-26 13:20:27.409 | INFO     |  5731 | mycroft.skills.msm_wrapper:create_msm:96 | Acquiring lock to instantiate MSM
2021-10-26 13:20:27.409 | INFO     |  5731 | msm.mycroft_skills_manager | building SkillEntry objects for all skills
2021-10-26 13:20:27.907 | INFO     |  5731 | mycroft.skills.msm_wrapper:create_msm:112 | Releasing MSM instantiation lock.
2021-10-26 13:20:27.908 | INFO     |  5731 | mycroft.skills.skill_updater:_log_next_download_time:267 | Next scheduled skill update: 2021-10-26 13:20:26.907723
2021-10-26 13:20:27.908 | INFO     |  5731 | msm.skill_entry | Downloading skill: https://github.com/mycroftai/skill-pairing
2021-10-26 13:20:28.485 | INFO     |  5731 | msm.skill_entry | Installing system requirements...
2021-10-26 13:20:28.493 | INFO     |  5731 | msm.skill_entry | Successfully installed mycroft-pairing
2021-10-26 13:20:28.494 | INFO     |  5731 | msm.mycroft_skills_manager | invalidating skills cache
2021-10-26 13:20:28.495 | INFO     |  5731 | mycroft.skills.skill_loader:load:185 | ATTEMPTING TO LOAD SKILL: mycroft-pairing.mycroftai
2021-10-26 13:20:28.502 | INFO     |  5731 | mycroft.skills.settings:get_local_settings:83 | /opt/mycroft/skills/mycroft-pairing.mycroftai/settings.json
2021-10-26 13:20:28.520 | INFO     |  5731 | mycroft.skills.skill_loader:_check_for_first_run:324 | First run of mycroft-pairing.mycroftai
2021-10-26 13:20:28.521 | INFO     |  5731 | mycroft.skills.settings:save_settings:116 | Skill settings successfully saved to /home/runner/.config/mycroft/skills/mycroft-pairing.mycroftai/settings.json
2021-10-26 13:20:28.521 | INFO     |  5731 | mycroft.skills.skill_loader:_communicate_load_status:344 | Skill mycroft-pairing.mycroftai loaded successfully
2021-10-26 13:20:28.521 | INFO     |  5731 | msm.skill_entry | Downloading skill: https://github.com/mycroftai/skill-volume
2021-10-26 13:20:29.083 | INFO     |  5731 | msm.skill_entry | Installing system requirements...
2021-10-26 13:20:29.092 | INFO     |  5731 | msm.skill_entry | Installing requirements.txt for mycroft-volume
2021-10-26 13:20:29.985 | INFO     |  5731 | msm.skill_entry | Successfully installed mycroft-volume
2021-10-26 13:20:29.985 | INFO     |  5731 | msm.mycroft_skills_manager | invalidating skills cache
2021-10-26 13:20:29.987 | INFO     |  5731 | mycroft.skills.skill_loader:load:185 | ATTEMPTING TO LOAD SKILL: mycroft-volume.mycroftai
2021-10-26 13:20:29.995 | INFO     |  5731 | mycroft.skills.settings:get_local_settings:83 | /opt/mycroft/skills/mycroft-volume.mycroftai/settings.json
2021-10-26 13:20:30.131 | ERROR    |  5731 | VolumeSkill | Couldn't allocate mixer, ALSAAudioError('No such file or directory [default]')
2021-10-26 13:20:33.135 | INFO     |  5731 | mycroft.skills.skill_loader:_check_for_first_run:324 | First run of mycroft-volume.mycroftai
2021-10-26 13:20:33.136 | INFO     |  5731 | mycroft.skills.settings:save_settings:116 | Skill settings successfully saved to /home/runner/.config/mycroft/skills/mycroft-volume.mycroftai/settings.json
2021-10-26 13:20:33.303 | INFO     |  5731 | mycroft.skills.skill_loader:_communicate_load_status:344 | Skill mycroft-volume.mycroftai loaded successfully
2021-10-26 13:20:33.303 | INFO     |  5731 | __main__:on_started:177 | Skills service is starting up.
2021-10-26 13:20:33.377 | INFO     |  5731 | __main__:_update_system:154 | Attempting system update...
2021-10-26 13:20:36.467 | INFO     |  5731 | mycroft.enclosure.display_manager:_write_data:70 | Display Manager is creating /tmp/mycroft/ipc/managers/disp_info
2021-10-26 13:20:36.468 | INFO     |  5731 | __main__:_ensure_device_is_paired:133 | Device not paired, invoking the pairing skill
2021-10-26 13:20:36.469 | INFO     |  5731 | __main__:on_alive:181 | Skills service is alive.
2021-10-26 13:20:36.472 | INFO     |  5731 | msm.mycroft_skills_manager | building SkillEntry objects for all skills
2021-10-26 13:20:36.921 | WARNING  |  5731 | msm.mycroft_skills_manager | No such default skill: mycroft-pandora
2021-10-26 13:20:36.922 | INFO     |  5731 | mycroft.skills.skill_manager:run:234 | Not all default skills are installed, performing skill update...
2021-10-26 13:20:36.922 | INFO     |  5731 | mycroft.skills.skill_updater:update_skills:149 | Beginning skill update...
2021-10-26 13:20:36.995 | INFO     |  5731 | msm.mycroft_skills_manager | building SkillEntry objects for all skills
2021-10-26 13:20:37.005 | INFO     |  5731 | PairingSkill | Communicating account URL to user
2021-10-26 13:20:37.369 | INFO     |  5731 | msm.mycroft_skills_manager | invalidating skills cache
2021-10-26 13:20:37.391 | INFO     |  5731 | msm.skill_entry | Downloading skill: https://github.com/mycroftai/skill-alarm
2021-10-26 13:20:37.396 | INFO     |  5731 | msm.skill_entry | Downloading skill: https://github.com/mycroftai/skill-audio-record
2021-10-26 13:20:37.400 | INFO     |  5731 | msm.skill_entry | Downloading skill: https://github.com/mycroftai/skill-configuration
2021-10-26 13:20:37.406 | INFO     |  5731 | msm.skill_entry | Downloading skill: https://github.com/mycroftai/skill-date-time
2021-10-26 13:20:37.412 | INFO     |  5731 | msm.skill_entry | Downloading skill: https://github.com/mycroftai/fallback-duckduckgo
2021-10-26 13:20:37.417 | INFO     |  5731 | msm.skill_entry | Downloading skill: https://github.com/mycroftai/skill-hello-world
2021-10-26 13:20:37.418 | INFO     |  5731 | msm.skill_entry | Downloading skill: https://github.com/mycroftai/skill-installer
2021-10-26 13:20:37.422 | INFO     |  5731 | msm.skill_entry | Downloading skill: https://github.com/mycroftai/skill-ip
2021-10-26 13:20:37.423 | INFO     |  5731 | msm.skill_entry | Downloading skill: https://github.com/mycroftai/skill-joke
2021-10-26 13:20:37.425 | INFO     |  5731 | msm.skill_entry | Downloading skill: https://github.com/mycroftai/skill-naptime
2021-10-26 13:20:37.425 | INFO     |  5731 | msm.skill_entry | Downloading skill: https://github.com/mycroftai/skill-npr-news
2021-10-26 13:20:37.426 | INFO     |  5731 | msm.skill_entry | Downloading skill: https://github.com/mycroftai/skill-personal
2021-10-26 13:20:37.427 | INFO     |  5731 | msm.skill_entry | Downloading skill: https://github.com/mycroftai/skill-playback-control
2021-10-26 13:20:37.427 | INFO     |  5731 | msm.skill_entry | Downloading skill: https://github.com/mycroftai/skill-reminder
2021-10-26 13:20:37.428 | INFO     |  5731 | msm.skill_entry | Downloading skill: https://github.com/mycroftai/skill-singing
2021-10-26 13:20:37.434 | INFO     |  5731 | msm.skill_entry | Downloading skill: https://github.com/mycroftai/fallback-wolfram-alpha
2021-10-26 13:20:37.436 | INFO     |  5731 | msm.skill_entry | Downloading skill: https://github.com/mycroftai/fallback-unknown
2021-10-26 13:20:38.283 | INFO     |  5731 | msm.skill_entry | Installing system requirements...
2021-10-26 13:20:38.341 | INFO     |  5731 | msm.skill_entry | Installing requirements.txt for mycroft-configuration
2021-10-26 13:20:38.414 | INFO     |  5731 | msm.skill_entry | Installing system requirements...
2021-10-26 13:20:38.570 | INFO     |  5731 | msm.skill_entry | Successfully installed mycroft-reminder
2021-10-26 13:20:38.571 | INFO     |  5731 | msm.mycroft_skills_manager | invalidating skills cache
2021-10-26 13:20:38.572 | INFO     |  5731 | msm.skill_entry | Downloading skill: https://github.com/mycroftai/skill-speak
2021-10-26 13:20:38.599 | ERROR    |  5731 | msm.mycroft_skills_manager | Error running install_or_update on homeassistant.mycroftai: MergeConflict
2021-10-26 13:20:38.600 | INFO     |  5731 | msm.skill_entry | Downloading skill: https://github.com/mycroftai/skill-spelling
2021-10-26 13:20:38.765 | INFO     |  5731 | msm.skill_entry | Installing system requirements...
2021-10-26 13:20:38.806 | INFO     |  5731 | msm.skill_entry | Installing system requirements...
2021-10-26 13:20:38.800 | INFO     |  5731 | msm.skill_entry | Installing system requirements...
2021-10-26 13:20:38.928 | INFO     |  5731 | msm.skill_entry | Installing system requirements...
2021-10-26 13:20:38.967 | INFO     |  5731 | msm.skill_entry | Successfully installed fallback-unknown
2021-10-26 13:20:38.968 | INFO     |  5731 | msm.mycroft_skills_manager | invalidating skills cache
2021-10-26 13:20:38.970 | INFO     |  5731 | msm.skill_entry | Downloading skill: https://github.com/mycroftai/skill-stop
2021-10-26 13:20:39.033 | INFO     |  5731 | msm.skill_entry | Installing requirements.txt for mycroft-fallback-duck-duck-go
2021-10-26 13:20:39.046 | INFO     |  5731 | msm.skill_entry | Installing requirements.txt for mycroft-ip
2021-10-26 13:20:39.074 | INFO     |  5731 | msm.skill_entry | Installing system requirements...
2021-10-26 13:20:39.081 | INFO     |  5731 | msm.skill_entry | Installing system requirements...
2021-10-26 13:20:39.137 | INFO     |  5731 | msm.skill_entry | Successfully installed mycroft-naptime
2021-10-26 13:20:39.138 | INFO     |  5731 | msm.mycroft_skills_manager | invalidating skills cache
2021-10-26 13:20:39.139 | INFO     |  5731 | msm.skill_entry | Downloading skill: https://github.com/mycroftai/skill-support
2021-10-26 13:20:39.146 | INFO     |  5731 | msm.skill_entry | Installing system requirements...
2021-10-26 13:20:39.211 | INFO     |  5731 | msm.skill_entry | Installing requirements.txt for mycroft-audio-record
2021-10-26 13:20:39.297 | INFO     |  5731 | msm.skill_entry | Successfully installed mycroft-hello-world
2021-10-26 13:20:39.298 | INFO     |  5731 | msm.mycroft_skills_manager | invalidating skills cache
2021-10-26 13:20:39.299 | INFO     |  5731 | msm.skill_entry | Downloading skill: https://github.com/mycroftai/mycroft-timer
2021-10-26 13:20:39.322 | INFO     |  5731 | msm.skill_entry | Installing system requirements...
2021-10-26 13:20:39.386 | INFO     |  5731 | msm.skill_entry | Successfully installed mycroft-personal
2021-10-26 13:20:39.387 | INFO     |  5731 | msm.mycroft_skills_manager | invalidating skills cache
2021-10-26 13:20:39.387 | INFO     |  5731 | msm.skill_entry | Downloading skill: https://github.com/mycroftai/skill-weather
2021-10-26 13:20:39.428 | INFO     |  5731 | msm.skill_entry | Installing system requirements...
2021-10-26 13:20:39.444 | INFO     |  5731 | msm.skill_entry | Installing system requirements...
2021-10-26 13:20:39.467 | INFO     |  5731 | msm.skill_entry | Installing system requirements...
2021-10-26 13:20:39.521 | INFO     |  5731 | msm.skill_entry | Installing requirements.txt for mycroft-joke
2021-10-26 13:20:39.548 | INFO     |  5731 | msm.skill_entry | Nothing new for mycroft-pairing
2021-10-26 13:20:39.592 | INFO     |  5731 | msm.skill_entry | Installing system requirements...
2021-10-26 13:20:39.615 | INFO     |  5731 | msm.skill_entry | Installing requirements.txt for fallback-wolfram-alpha
2021-10-26 13:20:39.619 | INFO     |  5731 | msm.skill_entry | Successfully installed mycroft-playback-control
2021-10-26 13:20:39.620 | INFO     |  5731 | msm.mycroft_skills_manager | invalidating skills cache
2021-10-26 13:20:39.621 | INFO     |  5731 | msm.skill_entry | Downloading skill: https://github.com/mycroftai/skill-version-checker
2021-10-26 13:20:39.622 | INFO     |  5731 | msm.skill_entry | Installing requirements.txt for mycroft-npr-news
2021-10-26 13:20:39.692 | INFO     |  5731 | msm.skill_entry | Nothing new for mycroft-volume
2021-10-26 13:20:39.704 | INFO     |  5731 | msm.skill_entry | Downloading skill: https://github.com/mycroftai/skill-wiki
2021-10-26 13:20:39.743 | INFO     |  5731 | msm.skill_entry | Installing system requirements...
2021-10-26 13:20:39.767 | INFO     |  5731 | msm.skill_entry | Installing system requirements...
2021-10-26 13:20:39.786 | INFO     |  5731 | msm.skill_entry | Installing system requirements...
2021-10-26 13:20:39.804 | INFO     |  5731 | msm.skill_entry | Installing requirements.txt for mycroft-installer
2021-10-26 13:20:39.831 | INFO     |  5731 | msm.skill_entry | Installing requirements.txt for mycroft-volume
2021-10-26 13:20:39.864 | INFO     |  5731 | msm.skill_entry | Installing requirements.txt for mycroft-date-time
2021-10-26 13:20:39.928 | INFO     |  5731 | msm.skill_entry | Installing system requirements...
2021-10-26 13:20:39.971 | INFO     |  5731 | msm.skill_entry | Successfully installed mycroft-speak
2021-10-26 13:20:39.971 | INFO     |  5731 | msm.mycroft_skills_manager | invalidating skills cache
2021-10-26 13:20:39.973 | INFO     |  5731 | msm.skill_entry | Downloading skill: https://github.com/MycroftAI/skill-query
2021-10-26 13:20:40.112 | INFO     |  5731 | msm.skill_entry | Installing system requirements...
2021-10-26 13:20:40.140 | INFO     |  5731 | msm.skill_entry | Installing requirements.txt for mycroft-alarm
2021-10-26 13:20:40.666 | INFO     |  5731 | msm.skill_entry | Installing system requirements...
2021-10-26 13:20:40.690 | INFO     |  5731 | msm.skill_entry | Installing requirements.txt for mycroft-support-helper
2021-10-26 13:20:40.725 | INFO     |  5731 | msm.skill_entry | Installing system requirements...
2021-10-26 13:20:40.727 | INFO     |  5731 | msm.skill_entry | Installing system requirements...
2021-10-26 13:20:40.752 | INFO     |  5731 | msm.skill_entry | Successfully installed mycroft-stop
2021-10-26 13:20:40.752 | INFO     |  5731 | msm.mycroft_skills_manager | invalidating skills cache
2021-10-26 13:20:40.756 | INFO     |  5731 | msm.skill_entry | Successfully installed mycroft-spelling
2021-10-26 13:20:40.756 | INFO     |  5731 | msm.mycroft_skills_manager | invalidating skills cache
2021-10-26 13:20:40.932 | INFO     |  5731 | msm.skill_entry | Installing system requirements...
2021-10-26 13:20:40.957 | INFO     |  5731 | msm.skill_entry | Installing system requirements...
2021-10-26 13:20:41.020 | INFO     |  5731 | msm.skill_entry | Successfully installed mycroft-version-checker
2021-10-26 13:20:41.021 | INFO     |  5731 | msm.mycroft_skills_manager | invalidating skills cache
2021-10-26 13:20:41.032 | INFO     |  5731 | msm.skill_entry | Successfully installed fallback-query
2021-10-26 13:20:41.032 | INFO     |  5731 | msm.mycroft_skills_manager | invalidating skills cache
2021-10-26 13:20:41.092 | ERROR    |  5731 | msm.mycroft_skills_manager | Error running install_or_update on homeassistant: MergeConflict
2021-10-26 13:20:41.097 | INFO     |  5731 | msm.skill_entry | Installing system requirements...
2021-10-26 13:20:41.107 | INFO     |  5731 | msm.skill_entry | Successfully installed mycroft-timer
2021-10-26 13:20:41.107 | INFO     |  5731 | msm.mycroft_skills_manager | invalidating skills cache
2021-10-26 13:20:41.383 | INFO     |  5731 | msm.skill_entry | Installing system requirements...
2021-10-26 13:20:41.423 | INFO     |  5731 | msm.skill_entry | Installing requirements.txt for mycroft-wiki
2021-10-26 13:20:41.586 | INFO     |  5731 | msm.skill_entry | Installing system requirements...
2021-10-26 13:20:41.611 | INFO     |  5731 | msm.skill_entry | Installing requirements.txt for mycroft-weather
2021-10-26 13:20:43.309 | INFO     |  5731 | msm.skill_entry | Successfully installed mycroft-configuration
2021-10-26 13:20:43.309 | INFO     |  5731 | msm.mycroft_skills_manager | invalidating skills cache
2021-10-26 13:20:43.347 | INFO     |  5731 | msm.skill_entry | Installing system requirements...
2021-10-26 13:20:43.371 | INFO     |  5731 | msm.skill_entry | Successfully installed mycroft-singing
2021-10-26 13:20:43.371 | INFO     |  5731 | msm.mycroft_skills_manager | invalidating skills cache
2021-10-26 13:20:44.640 | INFO     |  5731 | msm.skill_entry | Successfully installed mycroft-fallback-duck-duck-go
2021-10-26 13:20:44.641 | INFO     |  5731 | msm.mycroft_skills_manager | invalidating skills cache
2021-10-26 13:20:45.635 | INFO     |  5731 | msm.skill_entry | Successfully installed mycroft-ip
2021-10-26 13:20:45.636 | INFO     |  5731 | msm.mycroft_skills_manager | invalidating skills cache
2021-10-26 13:20:46.550 | INFO     |  5731 | msm.skill_entry | Successfully installed mycroft-audio-record
2021-10-26 13:20:46.550 | INFO     |  5731 | msm.mycroft_skills_manager | invalidating skills cache
2021-10-26 13:20:47.619 | INFO     |  5731 | msm.skill_entry | Successfully installed mycroft-joke
2021-10-26 13:20:47.620 | INFO     |  5731 | msm.mycroft_skills_manager | invalidating skills cache
2021-10-26 13:20:51.480 | INFO     |  5731 | msm.skill_entry | Successfully installed fallback-wolfram-alpha
2021-10-26 13:20:51.481 | INFO     |  5731 | msm.mycroft_skills_manager | invalidating skills cache
2021-10-26 13:20:54.632 | INFO     |  5731 | msm.skill_entry | Successfully installed mycroft-npr-news
2021-10-26 13:20:54.632 | INFO     |  5731 | msm.mycroft_skills_manager | invalidating skills cache
2021-10-26 13:20:55.575 | INFO     |  5731 | msm.skill_entry | Successfully installed mycroft-installer
2021-10-26 13:20:55.575 | INFO     |  5731 | msm.mycroft_skills_manager | invalidating skills cache
2021-10-26 13:21:07.354 | INFO     |  5731 | PairingSkill | Initiating device pairing sequence...
2021-10-26 13:21:07.354 | INFO     |  5731 | PairingSkill | Retrieving pairing code from device API...
2021-10-26 13:21:07.760 | INFO     |  5731 | PairingSkill | Pairing code obtained: TWN4UV
2021-10-26 13:21:07.760 | INFO     |  5731 | PairingSkill | Communicating pairing URL to user
2021-10-26 13:21:13.250 | INFO     |  5731 | msm.skill_entry | Successfully installed mycroft-date-time
2021-10-26 13:21:13.250 | INFO     |  5731 | msm.mycroft_skills_manager | invalidating skills cache
2021-10-26 13:21:14.281 | INFO     |  5731 | msm.skill_entry | Successfully installed mycroft-alarm
2021-10-26 13:21:14.282 | INFO     |  5731 | msm.mycroft_skills_manager | invalidating skills cache
2021-10-26 13:21:16.485 | INFO     |  5731 | msm.skill_entry | Successfully installed mycroft-support-helper
2021-10-26 13:21:16.485 | INFO     |  5731 | msm.mycroft_skills_manager | invalidating skills cache
2021-10-26 13:21:18.731 | INFO     |  5731 | msm.skill_entry | Successfully installed mycroft-wiki
2021-10-26 13:21:18.734 | INFO     |  5731 | msm.mycroft_skills_manager | invalidating skills cache
2021-10-26 13:21:19.917 | INFO     |  5731 | msm.skill_entry | Successfully installed mycroft-weather
2021-10-26 13:21:19.917 | INFO     |  5731 | msm.mycroft_skills_manager | invalidating skills cache
2021-10-26 13:21:19.990 | INFO     |  5731 | mycroft.skills.skill_updater:_log_next_download_time:267 | Next scheduled skill update: 2021-10-26 14:21:19.989681
2021-10-26 13:21:19.990 | INFO     |  5731 | mycroft.skills.skill_updater:update_skills:170 | Skill update complete
2021-10-26 13:21:19.990 | INFO     |  5731 | mycroft.skills.skill_manager:_load_on_startup:273 | Loading installed skills...
2021-10-26 13:21:19.991 | INFO     |  5731 | mycroft.skills.skill_loader:load:185 | ATTEMPTING TO LOAD SKILL: mycroft-ip.mycroftai
2021-10-26 13:21:20.023 | INFO     |  5731 | mycroft.skills.settings:get_local_settings:83 | /opt/mycroft/skills/mycroft-ip.mycroftai/settings.json
2021-10-26 13:21:20.056 | INFO     |  5731 | mycroft.skills.skill_loader:_check_for_first_run:324 | First run of mycroft-ip.mycroftai
2021-10-26 13:21:20.057 | INFO     |  5731 | mycroft.skills.settings:save_settings:116 | Skill settings successfully saved to /home/runner/.config/mycroft/skills/mycroft-ip.mycroftai/settings.json
2021-10-26 13:21:20.060 | INFO     |  5731 | mycroft.skills.skill_loader:_communicate_load_status:344 | Skill mycroft-ip.mycroftai loaded successfully
2021-10-26 13:21:20.061 | INFO     |  5731 | mycroft.skills.skill_loader:load:185 | ATTEMPTING TO LOAD SKILL: mycroft-reminder.mycroftai
2021-10-26 13:21:20.085 | INFO     |  5731 | mycroft.skills.settings:get_local_settings:83 | /opt/mycroft/skills/mycroft-reminder.mycroftai/settings.json
2021-10-26 13:21:20.133 | INFO     |  5731 | mycroft.skills.skill_loader:_check_for_first_run:324 | First run of mycroft-reminder.mycroftai
2021-10-26 13:21:20.133 | INFO     |  5731 | mycroft.skills.settings:save_settings:116 | Skill settings successfully saved to /home/runner/.config/mycroft/skills/mycroft-reminder.mycroftai/settings.json
2021-10-26 13:21:20.137 | INFO     |  5731 | mycroft.skills.skill_loader:_communicate_load_status:344 | Skill mycroft-reminder.mycroftai loaded successfully
2021-10-26 13:21:20.137 | INFO     |  5731 | mycroft.skills.skill_loader:load:185 | ATTEMPTING TO LOAD SKILL: mycroft-installer.mycroftai
2021-10-26 13:21:20.142 | INFO     |  5731 | mycroft.skills.settings:get_local_settings:83 | /opt/mycroft/skills/mycroft-installer.mycroftai/settings.json
2021-10-26 13:21:20.178 | INFO     |  5731 | mycroft.skills.skill_loader:_check_for_first_run:324 | First run of mycroft-installer.mycroftai
2021-10-26 13:21:20.179 | INFO     |  5731 | mycroft.skills.settings:save_settings:116 | Skill settings successfully saved to /home/runner/.config/mycroft/skills/mycroft-installer.mycroftai/settings.json
2021-10-26 13:21:20.190 | INFO     |  5731 | mycroft.skills.skill_loader:_communicate_load_status:344 | Skill mycroft-installer.mycroftai loaded successfully
2021-10-26 13:21:20.191 | INFO     |  5731 | mycroft.skills.skill_loader:load:185 | ATTEMPTING TO LOAD SKILL: mycroft-version-checker.mycroftai
2021-10-26 13:21:20.196 | INFO     |  5731 | mycroft.skills.settings:get_local_settings:83 | /opt/mycroft/skills/mycroft-version-checker.mycroftai/settings.json
2021-10-26 13:21:20.215 | INFO     |  5731 | mycroft.skills.skill_loader:_check_for_first_run:324 | First run of mycroft-version-checker.mycroftai
2021-10-26 13:21:20.215 | INFO     |  5731 | mycroft.skills.settings:save_settings:116 | Skill settings successfully saved to /home/runner/.config/mycroft/skills/mycroft-version-checker.mycroftai/settings.json
2021-10-26 13:21:20.216 | INFO     |  5731 | mycroft.skills.skill_loader:_communicate_load_status:344 | Skill mycroft-version-checker.mycroftai loaded successfully
2021-10-26 13:21:20.217 | INFO     |  5731 | mycroft.skills.skill_loader:load:185 | ATTEMPTING TO LOAD SKILL: mycroft-singing.mycroftai
2021-10-26 13:21:20.222 | INFO     |  5731 | mycroft.skills.settings:get_local_settings:83 | /opt/mycroft/skills/mycroft-singing.mycroftai/settings.json
2021-10-26 13:21:20.228 | INFO     |  5731 | mycroft.skills.skill_loader:_check_for_first_run:324 | First run of mycroft-singing.mycroftai
2021-10-26 13:21:20.229 | INFO     |  5731 | mycroft.skills.settings:save_settings:116 | Skill settings successfully saved to /home/runner/.config/mycroft/skills/mycroft-singing.mycroftai/settings.json
2021-10-26 13:21:20.232 | INFO     |  5731 | mycroft.skills.skill_loader:_communicate_load_status:344 | Skill mycroft-singing.mycroftai loaded successfully
2021-10-26 13:21:20.233 | INFO     |  5731 | mycroft.skills.skill_loader:load:185 | ATTEMPTING TO LOAD SKILL: mycroft-joke.mycroftai
2021-10-26 13:21:20.239 | INFO     |  5731 | mycroft.skills.settings:get_local_settings:83 | /opt/mycroft/skills/mycroft-joke.mycroftai/settings.json
2021-10-26 13:21:20.279 | INFO     |  5731 | mycroft.skills.skill_loader:_check_for_first_run:324 | First run of mycroft-joke.mycroftai
2021-10-26 13:21:20.280 | INFO     |  5731 | mycroft.skills.settings:save_settings:116 | Skill settings successfully saved to /home/runner/.config/mycroft/skills/mycroft-joke.mycroftai/settings.json
2021-10-26 13:21:20.281 | INFO     |  5731 | mycroft.skills.skill_loader:_communicate_load_status:344 | Skill mycroft-joke.mycroftai loaded successfully
2021-10-26 13:21:20.281 | INFO     |  5731 | mycroft.skills.skill_loader:load:185 | ATTEMPTING TO LOAD SKILL: mycroft-timer.mycroftai
2021-10-26 13:21:20.299 | INFO     |  5731 | mycroft.skills.settings:get_local_settings:83 | /opt/mycroft/skills/mycroft-timer.mycroftai/settings.json
2021-10-26 13:21:20.372 | INFO     |  5731 | mycroft.skills.skill_loader:_check_for_first_run:324 | First run of mycroft-timer.mycroftai
2021-10-26 13:21:20.372 | INFO     |  5731 | mycroft.skills.settings:save_settings:116 | Skill settings successfully saved to /home/runner/.config/mycroft/skills/mycroft-timer.mycroftai/settings.json
2021-10-26 13:21:20.374 | INFO     |  5731 | mycroft.skills.skill_loader:_communicate_load_status:344 | Skill mycroft-timer.mycroftai loaded successfully
2021-10-26 13:21:20.375 | INFO     |  5731 | mycroft.skills.skill_loader:load:185 | ATTEMPTING TO LOAD SKILL: homeassistant.mycroftai
2021-10-26 13:21:20.725 | INFO     |  5731 | mycroft.skills.settings:get_local_settings:83 | /opt/mycroft/skills/homeassistant.mycroftai/settings.json
2021-10-26 13:21:20.726 | INFO     |  5731 | mycroft.skills.settings:get_local_settings:83 | /opt/mycroft/skills/homeassistant.mycroftai/settings.json
2021-10-26 13:21:20.796 | INFO     |  5731 | mycroft.skills.skill_loader:_communicate_load_status:344 | Skill homeassistant.mycroftai loaded successfully
2021-10-26 13:21:20.797 | INFO     |  5731 | mycroft.skills.skill_loader:load:185 | ATTEMPTING TO LOAD SKILL: mycroft-alarm.mycroftai
2021-10-26 13:21:20.821 | INFO     |  5731 | mycroft.skills.settings:get_local_settings:83 | /opt/mycroft/skills/mycroft-alarm.mycroftai/settings.json
2021-10-26 13:21:20.821 | ERROR    |  5731 | AlarmSkill | Couldn't allocate mixer, ALSAAudioError('No such file or directory [default]')
2021-10-26 13:21:20.929 | INFO     |  5731 | mycroft.skills.skill_loader:_check_for_first_run:324 | First run of mycroft-alarm.mycroftai
2021-10-26 13:21:20.929 | INFO     |  5731 | mycroft.skills.settings:save_settings:116 | Skill settings successfully saved to /home/runner/.config/mycroft/skills/mycroft-alarm.mycroftai/settings.json
2021-10-26 13:21:20.935 | INFO     |  5731 | mycroft.skills.skill_loader:_communicate_load_status:344 | Skill mycroft-alarm.mycroftai loaded successfully
2021-10-26 13:21:20.936 | INFO     |  5731 | mycroft.skills.skill_loader:load:185 | ATTEMPTING TO LOAD SKILL: mycroft-naptime.mycroftai
2021-10-26 13:21:20.945 | INFO     |  5731 | mycroft.skills.settings:get_local_settings:83 | /opt/mycroft/skills/mycroft-naptime.mycroftai/settings.json
2021-10-26 13:21:20.964 | INFO     |  5731 | mycroft.skills.skill_loader:_check_for_first_run:324 | First run of mycroft-naptime.mycroftai
2021-10-26 13:21:20.966 | INFO     |  5731 | mycroft.skills.settings:save_settings:116 | Skill settings successfully saved to /home/runner/.config/mycroft/skills/mycroft-naptime.mycroftai/settings.json
2021-10-26 13:21:20.966 | INFO     |  5731 | mycroft.skills.skill_loader:_communicate_load_status:344 | Skill mycroft-naptime.mycroftai loaded successfully
2021-10-26 13:21:20.967 | INFO     |  5731 | mycroft.skills.skill_loader:load:185 | ATTEMPTING TO LOAD SKILL: mycroft-spelling.mycroftai
2021-10-26 13:21:20.977 | INFO     |  5731 | mycroft.skills.settings:get_local_settings:83 | /opt/mycroft/skills/mycroft-spelling.mycroftai/settings.json
2021-10-26 13:21:20.998 | INFO     |  5731 | mycroft.skills.skill_loader:_check_for_first_run:324 | First run of mycroft-spelling.mycroftai
2021-10-26 13:21:20.999 | INFO     |  5731 | mycroft.skills.settings:save_settings:116 | Skill settings successfully saved to /home/runner/.config/mycroft/skills/mycroft-spelling.mycroftai/settings.json
2021-10-26 13:21:21.002 | INFO     |  5731 | mycroft.skills.skill_loader:_communicate_load_status:344 | Skill mycroft-spelling.mycroftai loaded successfully
2021-10-26 13:21:21.002 | INFO     |  5731 | mycroft.skills.skill_loader:load:185 | ATTEMPTING TO LOAD SKILL: mycroft-fallback-duck-duck-go.mycroftai
2021-10-26 13:21:21.017 | INFO     |  5731 | mycroft.skills.settings:get_local_settings:83 | /opt/mycroft/skills/mycroft-fallback-duck-duck-go.mycroftai/settings.json
2021-10-26 13:21:21.049 | INFO     |  5731 | mycroft.skills.skill_loader:_check_for_first_run:324 | First run of mycroft-fallback-duck-duck-go.mycroftai
2021-10-26 13:21:21.049 | INFO     |  5731 | mycroft.skills.settings:save_settings:116 | Skill settings successfully saved to /home/runner/.config/mycroft/skills/mycroft-fallback-duck-duck-go.mycroftai/settings.json
2021-10-26 13:21:21.050 | INFO     |  5731 | mycroft.skills.skill_loader:_communicate_load_status:344 | Skill mycroft-fallback-duck-duck-go.mycroftai loaded successfully
2021-10-26 13:21:21.058 | INFO     |  5731 | mycroft.skills.skill_loader:load:185 | ATTEMPTING TO LOAD SKILL: mycroft-npr-news.mycroftai
2021-10-26 13:21:21.179 | INFO     |  5731 | mycroft.skills.settings:get_local_settings:83 | /opt/mycroft/skills/mycroft-npr-news.mycroftai/settings.json
2021-10-26 13:21:22.207 | INFO     |  5731 | mycroft.skills.skill_loader:_check_for_first_run:324 | First run of mycroft-npr-news.mycroftai
2021-10-26 13:21:22.209 | INFO     |  5731 | mycroft.skills.settings:save_settings:116 | Skill settings successfully saved to /home/runner/.config/mycroft/skills/mycroft-npr-news.mycroftai/settings.json
2021-10-26 13:21:22.210 | INFO     |  5731 | mycroft.skills.skill_loader:_communicate_load_status:344 | Skill mycroft-npr-news.mycroftai loaded successfully
2021-10-26 13:21:22.211 | INFO     |  5731 | mycroft.skills.skill_loader:load:185 | ATTEMPTING TO LOAD SKILL: mycroft-support-helper.mycroftai
2021-10-26 13:21:22.221 | INFO     |  5731 | mycroft.skills.settings:get_local_settings:83 | /opt/mycroft/skills/mycroft-support-helper.mycroftai/settings.json
2021-10-26 13:21:22.226 | INFO     |  5731 | mycroft.skills.skill_loader:_check_for_first_run:324 | First run of mycroft-support-helper.mycroftai
2021-10-26 13:21:22.227 | INFO     |  5731 | mycroft.skills.settings:save_settings:116 | Skill settings successfully saved to /home/runner/.config/mycroft/skills/mycroft-support-helper.mycroftai/settings.json
2021-10-26 13:21:22.250 | INFO     |  5731 | mycroft.skills.skill_loader:_communicate_load_status:344 | Skill mycroft-support-helper.mycroftai loaded successfully
2021-10-26 13:21:22.252 | INFO     |  5731 | mycroft.skills.skill_loader:load:185 | ATTEMPTING TO LOAD SKILL: mycroft-weather.mycroftai
2021-10-26 13:21:22.268 | INFO     |  5731 | mycroft.skills.settings:get_local_settings:83 | /opt/mycroft/skills/mycroft-weather.mycroftai/settings.json
2021-10-26 13:21:22.465 | INFO     |  5731 | mycroft.skills.skill_loader:_check_for_first_run:324 | First run of mycroft-weather.mycroftai
2021-10-26 13:21:22.465 | INFO     |  5731 | mycroft.skills.settings:save_settings:116 | Skill settings successfully saved to /home/runner/.config/mycroft/skills/mycroft-weather.mycroftai/settings.json
2021-10-26 13:21:22.467 | INFO     |  5731 | mycroft.skills.skill_loader:_communicate_load_status:344 | Skill mycroft-weather.mycroftai loaded successfully
2021-10-26 13:21:22.468 | INFO     |  5731 | mycroft.skills.skill_loader:load:185 | ATTEMPTING TO LOAD SKILL: mycroft-speak.mycroftai
2021-10-26 13:21:22.472 | INFO     |  5731 | mycroft.skills.settings:get_local_settings:83 | /opt/mycroft/skills/mycroft-speak.mycroftai/settings.json
2021-10-26 13:21:22.556 | INFO     |  5731 | mycroft.skills.skill_loader:_check_for_first_run:324 | First run of mycroft-speak.mycroftai
2021-10-26 13:21:22.557 | INFO     |  5731 | mycroft.skills.settings:save_settings:116 | Skill settings successfully saved to /home/runner/.config/mycroft/skills/mycroft-speak.mycroftai/settings.json
2021-10-26 13:21:22.571 | INFO     |  5731 | mycroft.skills.skill_loader:_communicate_load_status:344 | Skill mycroft-speak.mycroftai loaded successfully
2021-10-26 13:21:22.572 | INFO     |  5731 | mycroft.skills.skill_loader:load:185 | ATTEMPTING TO LOAD SKILL: mycroft-audio-record.mycroftai
2021-10-26 13:21:22.578 | INFO     |  5731 | mycroft.skills.settings:get_local_settings:83 | /opt/mycroft/skills/mycroft-audio-record.mycroftai/settings.json
2021-10-26 13:21:22.611 | INFO     |  5731 | mycroft.skills.skill_loader:_check_for_first_run:324 | First run of mycroft-audio-record.mycroftai
2021-10-26 13:21:22.611 | INFO     |  5731 | mycroft.skills.settings:save_settings:116 | Skill settings successfully saved to /home/runner/.config/mycroft/skills/mycroft-audio-record.mycroftai/settings.json
2021-10-26 13:21:22.614 | INFO     |  5731 | mycroft.skills.skill_loader:_communicate_load_status:344 | Skill mycroft-audio-record.mycroftai loaded successfully
2021-10-26 13:21:22.615 | INFO     |  5731 | mycroft.skills.skill_loader:load:185 | ATTEMPTING TO LOAD SKILL: mycroft-stop.mycroftai
2021-10-26 13:21:22.620 | INFO     |  5731 | mycroft.skills.settings:get_local_settings:83 | /opt/mycroft/skills/mycroft-stop.mycroftai/settings.json
2021-10-26 13:21:22.649 | INFO     |  5731 | mycroft.skills.skill_loader:_check_for_first_run:324 | First run of mycroft-stop.mycroftai
2021-10-26 13:21:22.649 | INFO     |  5731 | mycroft.skills.settings:save_settings:116 | Skill settings successfully saved to /home/runner/.config/mycroft/skills/mycroft-stop.mycroftai/settings.json
2021-10-26 13:21:22.657 | INFO     |  5731 | mycroft.skills.skill_loader:_communicate_load_status:344 | Skill mycroft-stop.mycroftai loaded successfully
2021-10-26 13:21:22.660 | INFO     |  5731 | mycroft.skills.skill_loader:load:185 | ATTEMPTING TO LOAD SKILL: mycroft-hello-world.mycroftai
2021-10-26 13:21:22.667 | INFO     |  5731 | mycroft.skills.settings:get_local_settings:83 | /opt/mycroft/skills/mycroft-hello-world.mycroftai/settings.json
2021-10-26 13:21:22.686 | INFO     |  5731 | mycroft.skills.skill_loader:_check_for_first_run:324 | First run of mycroft-hello-world.mycroftai
2021-10-26 13:21:22.686 | INFO     |  5731 | mycroft.skills.settings:save_settings:116 | Skill settings successfully saved to /home/runner/.config/mycroft/skills/mycroft-hello-world.mycroftai/settings.json
2021-10-26 13:21:22.714 | INFO     |  5731 | mycroft.skills.skill_loader:_communicate_load_status:344 | Skill mycroft-hello-world.mycroftai loaded successfully
2021-10-26 13:21:22.715 | INFO     |  5731 | mycroft.skills.skill_loader:load:185 | ATTEMPTING TO LOAD SKILL: mycroft-date-time.mycroftai
2021-10-26 13:21:23.257 | INFO     |  5731 | mycroft.skills.settings:get_local_settings:83 | /opt/mycroft/skills/mycroft-date-time.mycroftai/settings.json
2021-10-26 13:21:23.307 | INFO     |  5731 | TimeSkill | Registering resting screen <bound method TimeSkill.handle_idle of <mycroft-date-time_mycroftai.TimeSkill object at 0x7faa688e60d0>> for Time and Date.
2021-10-26 13:21:23.309 | INFO     |  5731 | TimeSkill | Registering resting screen
2021-10-26 13:21:23.313 | INFO     |  5731 | mycroft.skills.skill_loader:_check_for_first_run:324 | First run of mycroft-date-time.mycroftai
2021-10-26 13:21:23.313 | INFO     |  5731 | mycroft.skills.settings:save_settings:116 | Skill settings successfully saved to /home/runner/.config/mycroft/skills/mycroft-date-time.mycroftai/settings.json
2021-10-26 13:21:23.314 | INFO     |  5731 | mycroft.skills.skill_loader:_communicate_load_status:344 | Skill mycroft-date-time.mycroftai loaded successfully
2021-10-26 13:21:23.320 | INFO     |  5731 | mycroft.skills.skill_loader:load:185 | ATTEMPTING TO LOAD SKILL: mycroft-configuration.mycroftai
2021-10-26 13:21:23.326 | INFO     |  5731 | mycroft.skills.settings:get_local_settings:83 | /opt/mycroft/skills/mycroft-configuration.mycroftai/settings.json
2021-10-26 13:21:23.431 | INFO     |  5731 | mycroft.skills.skill_loader:_check_for_first_run:324 | First run of mycroft-configuration.mycroftai
2021-10-26 13:21:23.433 | INFO     |  5731 | mycroft.skills.settings:save_settings:116 | Skill settings successfully saved to /home/runner/.config/mycroft/skills/mycroft-configuration.mycroftai/settings.json
2021-10-26 13:21:23.435 | INFO     |  5731 | mycroft.skills.skill_loader:_communicate_load_status:344 | Skill mycroft-configuration.mycroftai loaded successfully
2021-10-26 13:21:23.435 | INFO     |  5731 | mycroft.skills.skill_loader:load:185 | ATTEMPTING TO LOAD SKILL: fallback-query.mycroftai
2021-10-26 13:21:23.443 | INFO     |  5731 | mycroft.skills.settings:get_local_settings:83 | /opt/mycroft/skills/fallback-query.mycroftai/settings.json
2021-10-26 13:21:23.457 | INFO     |  5731 | mycroft.skills.skill_loader:_check_for_first_run:324 | First run of fallback-query.mycroftai
2021-10-26 13:21:23.458 | INFO     |  5731 | mycroft.skills.settings:save_settings:116 | Skill settings successfully saved to /home/runner/.config/mycroft/skills/fallback-query.mycroftai/settings.json
2021-10-26 13:21:23.459 | INFO     |  5731 | mycroft.skills.skill_loader:_communicate_load_status:344 | Skill fallback-query.mycroftai loaded successfully
2021-10-26 13:21:23.459 | INFO     |  5731 | mycroft.skills.skill_loader:load:185 | ATTEMPTING TO LOAD SKILL: mycroft-personal.mycroftai
2021-10-26 13:21:23.467 | INFO     |  5731 | mycroft.skills.settings:get_local_settings:83 | /opt/mycroft/skills/mycroft-personal.mycroftai/settings.json
2021-10-26 13:21:23.495 | INFO     |  5731 | mycroft.skills.skill_loader:_check_for_first_run:324 | First run of mycroft-personal.mycroftai
2021-10-26 13:21:23.496 | INFO     |  5731 | mycroft.skills.settings:save_settings:116 | Skill settings successfully saved to /home/runner/.config/mycroft/skills/mycroft-personal.mycroftai/settings.json
2021-10-26 13:21:23.496 | INFO     |  5731 | mycroft.skills.skill_loader:_communicate_load_status:344 | Skill mycroft-personal.mycroftai loaded successfully
2021-10-26 13:21:23.497 | INFO     |  5731 | mycroft.skills.skill_loader:load:185 | ATTEMPTING TO LOAD SKILL: fallback-wolfram-alpha.mycroftai
2021-10-26 13:21:23.526 | INFO     |  5731 | mycroft.skills.settings:get_local_settings:83 | /opt/mycroft/skills/fallback-wolfram-alpha.mycroftai/settings.json
2021-10-26 13:21:23.546 | INFO     |  5731 | mycroft.skills.skill_loader:_check_for_first_run:324 | First run of fallback-wolfram-alpha.mycroftai
2021-10-26 13:21:23.547 | INFO     |  5731 | mycroft.skills.settings:save_settings:116 | Skill settings successfully saved to /home/runner/.config/mycroft/skills/fallback-wolfram-alpha.mycroftai/settings.json
2021-10-26 13:21:23.548 | INFO     |  5731 | mycroft.skills.skill_loader:_communicate_load_status:344 | Skill fallback-wolfram-alpha.mycroftai loaded successfully
2021-10-26 13:21:23.548 | INFO     |  5731 | mycroft.skills.skill_loader:load:185 | ATTEMPTING TO LOAD SKILL: mycroft-wiki.mycroftai
2021-10-26 13:21:23.554 | INFO     |  5731 | mycroft.skills.settings:get_local_settings:83 | /opt/mycroft/skills/mycroft-wiki.mycroftai/settings.json
2021-10-26 13:21:23.566 | INFO     |  5731 | mycroft.skills.skill_loader:_check_for_first_run:324 | First run of mycroft-wiki.mycroftai
2021-10-26 13:21:23.567 | INFO     |  5731 | mycroft.skills.settings:save_settings:116 | Skill settings successfully saved to /home/runner/.config/mycroft/skills/mycroft-wiki.mycroftai/settings.json
2021-10-26 13:21:23.570 | INFO     |  5731 | mycroft.skills.skill_loader:_communicate_load_status:344 | Skill mycroft-wiki.mycroftai loaded successfully
2021-10-26 13:21:23.571 | INFO     |  5731 | mycroft.skills.skill_loader:load:185 | ATTEMPTING TO LOAD SKILL: fallback-unknown.mycroftai
2021-10-26 13:21:23.580 | INFO     |  5731 | mycroft.skills.settings:get_local_settings:83 | /opt/mycroft/skills/fallback-unknown.mycroftai/settings.json
2021-10-26 13:21:23.621 | INFO     |  5731 | mycroft.skills.skill_loader:_check_for_first_run:324 | First run of fallback-unknown.mycroftai
2021-10-26 13:21:23.622 | INFO     |  5731 | mycroft.skills.settings:save_settings:116 | Skill settings successfully saved to /home/runner/.config/mycroft/skills/fallback-unknown.mycroftai/settings.json
2021-10-26 13:21:23.622 | INFO     |  5731 | mycroft.skills.skill_loader:_communicate_load_status:344 | Skill fallback-unknown.mycroftai loaded successfully
2021-10-26 13:21:23.623 | INFO     |  5731 | mycroft.skills.skill_loader:load:185 | ATTEMPTING TO LOAD SKILL: mycroft-playback-control.mycroftai
2021-10-26 13:21:23.628 | INFO     |  5731 | mycroft.skills.settings:get_local_settings:83 | /opt/mycroft/skills/mycroft-playback-control.mycroftai/settings.json
2021-10-26 13:21:23.686 | INFO     |  5731 | mycroft.skills.skill_loader:_check_for_first_run:324 | First run of mycroft-playback-control.mycroftai
2021-10-26 13:21:23.689 | INFO     |  5731 | mycroft.skills.settings:save_settings:116 | Skill settings successfully saved to /home/runner/.config/mycroft/skills/mycroft-playback-control.mycroftai/settings.json
2021-10-26 13:21:23.701 | INFO     |  5731 | mycroft.skills.skill_loader:_communicate_load_status:344 | Skill mycroft-playback-control.mycroftai loaded successfully
2021-10-26 13:21:23.704 | INFO     |  5731 | mycroft.skills.skill_manager:_load_on_startup:275 | Skills all loaded!
2021-10-26 13:21:23.745 | INFO     |  5731 | __main__:on_ready:185 | Skills service is ready.
2021-10-26 13:21:24.107 | INFO     |  5731 | mycroft.skills.intent_services.padatious_service:train:151 | Training... (single_thread=False)
Regenerated mycroft-alarm.mycroftai:{daytype}.
Regenerated mycroft-reminder.mycroftai:ClearReminders.intent.
Regenerated mycroft-reminder.mycroftai:CancelActiveReminder.intent.
Regenerated mycroft-reminder.mycroftai:Reminder.intent.
Regenerated mycroft-reminder.mycroftai:DeleteReminderForDay.intent.
Regenerated mycroft-reminder.mycroftai:UnspecifiedReminderAt.intent.
Regenerated mycroft-reminder.mycroftai:GetNextReminders.intent.
Regenerated mycroft-reminder.mycroftai:SnoozeReminder.intent.
Regenerated mycroft-reminder.mycroftai:GetRemindersForDay.intent.
Regenerated mycroft-timer.mycroftai:start.timer.intent.
Regenerated homeassistant.mycroftai:turn.off.intent.
Regenerated homeassistant.mycroftai:cover.close.intent.
Regenerated homeassistant.mycroftai:increase.light.brightness.intent.
Regenerated homeassistant.mycroftai:set.climate.intent.
Regenerated homeassistant.mycroftai:automation.intent.
Regenerated homeassistant.mycroftai:turn.on.intent.
Regenerated homeassistant.mycroftai:cover.stop.intent.
Regenerated mycroft-alarm.mycroftai:change.alarm.sound.intent.
Regenerated mycroft-npr-news.mycroftai:PlayTheNews.intent.
Regenerated mycroft-support-helper.mycroftai:contact.support.intent.
Regenerated mycroft-weather.mycroftai:do-i-need-an-umbrella.intent.
Regenerated mycroft-audio-record.mycroftai:StartRecording.intent.
Regenerated mycroft-stop.mycroftai:reboot.intent.
Regenerated mycroft-stop.mycroftai:wifi.setup.intent.
Regenerated mycroft-stop.mycroftai:shutdown.intent.
Regenerated mycroft-stop.mycroftai:ssh.enable.intent.
Regenerated mycroft-audio-record.mycroftai:PlayRecording.intent.
Regenerated mycroft-stop.mycroftai:ssh.disable.intent.
Regenerated mycroft-hello-world.mycroftai:HowAreYou.intent.
Regenerated mycroft-date-time.mycroftai:what.time.will.it.be.intent.
Regenerated mycroft-date-time.mycroftai:date.future.weekend.intent.
Regenerated mycroft-date-time.mycroftai:date.last.weekend.intent.
Regenerated mycroft-date-time.mycroftai:what.time.is.it.intent.
Regenerated mycroft-configuration.mycroftai:EnablePreciseDev.intent.
Regenerated mycroft-configuration.mycroftai:WhereAreYou.intent.
Regenerated mycroft-configuration.mycroftai:DisablePreciseDev.intent.
Regenerated mycroft-personal.mycroftai:WhoAreYou.intent.
Regenerated mycroft-personal.mycroftai:WhenWereYouBorn.intent.
Regenerated mycroft-personal.mycroftai:WhatAreYou.intent.
Regenerated mycroft-personal.mycroftai:DoYouDream.intent.
Regenerated mycroft-personal.mycroftai:WhoMadeYou.intent.
Regenerated mycroft-personal.mycroftai:DoYouRhyme.intent.
Regenerated mycroft-personal.mycroftai:WhereWereYouBorn.intent.
Regenerated mycroft-wiki.mycroftai:Random.intent.
Regenerated mycroft-reminder.mycroftai:ReminderAt.intent.
Regenerated mycroft-installer.mycroftai:install.custom.intent.
Regenerated mycroft-installer.mycroftai:install.intent.
Regenerated mycroft-installer.mycroftai:remove.intent.
Regenerated mycroft-installer.mycroftai:install.beta.intent.
Regenerated mycroft-installer.mycroftai:list.skills.intent.
Regenerated mycroft-installer.mycroftai:is.installed.intent.
Regenerated mycroft-timer.mycroftai:timer.status.intent.
Regenerated homeassistant.mycroftai:add.item.shopping.list.intent.
Regenerated homeassistant.mycroftai:set.light.brightness.intent.
Regenerated homeassistant.mycroftai:sensor.intent.
Regenerated homeassistant.mycroftai:tracker.intent.
Regenerated homeassistant.mycroftai:cover.open.intent.
Regenerated homeassistant.mycroftai:decrease.light.brightness.intent.
Regenerated homeassistant.mycroftai:toggle.intent.
Regenerated mycroft-alarm.mycroftai:snooze.intent.
2021-10-26 13:21:29.068 | INFO     |  5731 | mycroft.skills.intent_services.padatious_service:train:153 | Training complete.
2021-10-26 13:21:38.101 | INFO     |  5731 | mycroft.skills.settings:save_settings:116 | Skill settings successfully saved to /home/runner/.config/mycroft/skills/mycroft-pairing.mycroftai/settings.json
2021-10-26 13:21:38.408 | INFO     |  5731 | mycroft.skills.settings:save_settings:116 | Skill settings successfully saved to /home/runner/.config/mycroft/skills/mycroft-timer.mycroftai/settings.json
2021-10-26 13:22:02.796 | INFO     |  5731 | __main__:on_stopping:193 | Skills service is shutting down...
2021-10-26 13:22:02.796 | INFO     |  5731 | __main__:shutdown:284 | Shutting down Skills service
2021-10-26 13:22:03.125 | ERROR    |  5731 | VolumeSkill | Couldn't allocate mixer, ALSAAudioError('No such file or directory [default]')
2021-10-26 13:22:03.126 | INFO     |  5731 | mycroft.skills.settings:save_settings:116 | Skill settings successfully saved to /home/runner/.config/mycroft/skills/mycroft-volume.mycroftai/settings.json
2021-10-26 13:22:03.129 | INFO     |  5731 | mycroft.skills.settings:save_settings:116 | Skill settings successfully saved to /home/runner/.config/mycroft/skills/mycroft-ip.mycroftai/settings.json
2021-10-26 13:22:03.131 | INFO     |  5731 | mycroft.skills.settings:save_settings:116 | Skill settings successfully saved to /home/runner/.config/mycroft/skills/mycroft-reminder.mycroftai/settings.json
2021-10-26 13:22:03.159 | INFO     |  5731 | mycroft.skills.settings:save_settings:116 | Skill settings successfully saved to /home/runner/.config/mycroft/skills/mycroft-installer.mycroftai/settings.json
2021-10-26 13:22:03.160 | INFO     |  5731 | mycroft.skills.settings:save_settings:116 | Skill settings successfully saved to /home/runner/.config/mycroft/skills/mycroft-version-checker.mycroftai/settings.json
2021-10-26 13:22:03.163 | INFO     |  5731 | mycroft.skills.settings:save_settings:116 | Skill settings successfully saved to /home/runner/.config/mycroft/skills/mycroft-singing.mycroftai/settings.json
2021-10-26 13:22:03.171 | INFO     |  5731 | mycroft.skills.settings:save_settings:116 | Skill settings successfully saved to /home/runner/.config/mycroft/skills/mycroft-joke.mycroftai/settings.json
2021-10-26 13:22:03.178 | INFO     |  5731 | HomeAssistantSkill | Removing all handlers...
2021-10-26 13:22:03.179 | WARNING  |  5731 | mycroft.skills.fallback_skill:remove_fallback:185 | Could not find matching fallback handler
2021-10-26 13:22:03.181 | INFO     |  5731 | mycroft.skills.settings:save_settings:116 | Skill settings successfully saved to /home/runner/.config/mycroft/skills/mycroft-alarm.mycroftai/settings.json
2021-10-26 13:22:03.184 | INFO     |  5731 | mycroft.skills.settings:save_settings:116 | Skill settings successfully saved to /home/runner/.config/mycroft/skills/mycroft-naptime.mycroftai/settings.json
2021-10-26 13:22:03.191 | INFO     |  5731 | mycroft.skills.settings:save_settings:116 | Skill settings successfully saved to /home/runner/.config/mycroft/skills/mycroft-spelling.mycroftai/settings.json
2021-10-26 13:22:03.193 | INFO     |  5731 | mycroft.skills.settings:save_settings:116 | Skill settings successfully saved to /home/runner/.config/mycroft/skills/mycroft-fallback-duck-duck-go.mycroftai/settings.json
2021-10-26 13:22:03.196 | INFO     |  5731 | mycroft.skills.settings:save_settings:116 | Skill settings successfully saved to /home/runner/.config/mycroft/skills/mycroft-npr-news.mycroftai/settings.json
2021-10-26 13:22:03.220 | INFO     |  5731 | mycroft.skills.settings:save_settings:116 | Skill settings successfully saved to /home/runner/.config/mycroft/skills/mycroft-support-helper.mycroftai/settings.json
2021-10-26 13:22:03.223 | INFO     |  5731 | mycroft.skills.settings:save_settings:116 | Skill settings successfully saved to /home/runner/.config/mycroft/skills/mycroft-weather.mycroftai/settings.json
2021-10-26 13:22:03.237 | INFO     |  5731 | mycroft.skills.settings:save_settings:116 | Skill settings successfully saved to /home/runner/.config/mycroft/skills/mycroft-speak.mycroftai/settings.json
2021-10-26 13:22:03.244 | INFO     |  5731 | mycroft.skills.settings:save_settings:116 | Skill settings successfully saved to /home/runner/.config/mycroft/skills/mycroft-audio-record.mycroftai/settings.json
2021-10-26 13:22:03.247 | INFO     |  5731 | mycroft.skills.settings:save_settings:116 | Skill settings successfully saved to /home/runner/.config/mycroft/skills/mycroft-stop.mycroftai/settings.json
2021-10-26 13:22:03.258 | INFO     |  5731 | mycroft.skills.settings:save_settings:116 | Skill settings successfully saved to /home/runner/.config/mycroft/skills/mycroft-hello-world.mycroftai/settings.json
2021-10-26 13:22:03.264 | INFO     |  5731 | mycroft.skills.settings:save_settings:116 | Skill settings successfully saved to /home/runner/.config/mycroft/skills/mycroft-date-time.mycroftai/settings.json
2021-10-26 13:22:03.267 | INFO     |  5731 | mycroft.skills.settings:save_settings:116 | Skill settings successfully saved to /home/runner/.config/mycroft/skills/mycroft-configuration.mycroftai/settings.json
2021-10-26 13:22:03.269 | INFO     |  5731 | QuestionsAnswersSkill | Removing all handlers...
2021-10-26 13:22:03.271 | INFO     |  5731 | mycroft.skills.settings:save_settings:116 | Skill settings successfully saved to /home/runner/.config/mycroft/skills/fallback-query.mycroftai/settings.json
2021-10-26 13:22:03.279 | INFO     |  5731 | mycroft.skills.settings:save_settings:116 | Skill settings successfully saved to /home/runner/.config/mycroft/skills/mycroft-personal.mycroftai/settings.json
2021-10-26 13:22:03.281 | INFO     |  5731 | mycroft.skills.settings:save_settings:116 | Skill settings successfully saved to /home/runner/.config/mycroft/skills/fallback-wolfram-alpha.mycroftai/settings.json
2021-10-26 13:22:03.283 | INFO     |  5731 | mycroft.skills.settings:save_settings:116 | Skill settings successfully saved to /home/runner/.config/mycroft/skills/mycroft-wiki.mycroftai/settings.json
2021-10-26 13:22:03.283 | INFO     |  5731 | UnknownSkill | Removing all handlers...
2021-10-26 13:22:03.284 | INFO     |  5731 | mycroft.skills.settings:save_settings:116 | Skill settings successfully saved to /home/runner/.config/mycroft/skills/fallback-unknown.mycroftai/settings.json
2021-10-26 13:22:03.290 | INFO     |  5731 | mycroft.skills.settings:save_settings:116 | Skill settings successfully saved to /home/runner/.config/mycroft/skills/mycroft-playback-control.mycroftai/settings.json
2021-10-26 13:22:04.296 | INFO     |  5731 | Playback Control Skill | Audio service status: {}
2021-10-26 13:22:05.297 | WARNING  |  5731 | mycroft.skills.skill_manager:_shutdown_skill:106 | mycroft-playback-control.mycroftai shutdown took 2.011314875000039 seconds
2021-10-26 13:22:05.297 | INFO     |  5731 | __main__:shutdown:291 | Skills service shutdown complete!
2021-10-26 13:22:07.056 | ERROR    |  5731 | websocket | error from callback <bound method MessageBusClient.on_message of <mycroft.messagebus.client.client.MessageBusClient object at 0x7faa71f8f990>>: cannot schedule new futures after shutdown
2021-10-26 13:22:07.058 | ERROR    |  5731 | websocket | error from callback <bound method MessageBusClient.on_message of <mycroft.messagebus.client.client.MessageBusClient object at 0x7faa71f8f990>>: cannot schedule new futures after shutdown
2021-10-26 13:22:07.060 | ERROR    |  5731 | websocket | error from callback <bound method MessageBusClient.on_message of <mycroft.messagebus.client.client.MessageBusClient object at 0x7faa71f8f990>>: cannot schedule new futures after shutdown
