2021-10-22 08:00:48.150 | INFO     |  5672 | mycroft.messagebus.load_config:load_message_bus_config:33 | Loading message bus configs
2021-10-22 08:00:48.156 | ERROR    |  5672 | mycroft_bus_client.client.client | === ConnectionRefusedError(111, 'Connection refused') ===
Traceback (most recent call last):
  File "/opt/mycroft-core/.venv/lib/python3.7/site-packages/websocket/_app.py", line 254, in run_forever
    proxy_type=proxy_type)
  File "/opt/mycroft-core/.venv/lib/python3.7/site-packages/websocket/_core.py", line 220, in connect
    options.pop('socket', None))
  File "/opt/mycroft-core/.venv/lib/python3.7/site-packages/websocket/_http.py", line 120, in connect
    sock = _open_socket(addrinfo_list, options.sockopt, options.timeout)
  File "/opt/mycroft-core/.venv/lib/python3.7/site-packages/websocket/_http.py", line 190, in _open_socket
    raise err
  File "/opt/mycroft-core/.venv/lib/python3.7/site-packages/websocket/_http.py", line 170, in _open_socket
    sock.connect(address)
ConnectionRefusedError: [Errno 111] Connection refused
2021-10-22 08:00:48.156 | ERROR    |  5672 | mycroft_bus_client.client.client | Exception closing websocket: ConnectionRefusedError(111, 'Connection refused')
2021-10-22 08:00:48.156 | WARNING  |  5672 | mycroft_bus_client.client.client | Message Bus Client will reconnect in 5 seconds.
2021-10-22 08:00:53.164 | INFO     |  5672 | mycroft_bus_client.client.client | Connected
2021-10-22 08:00:53.165 | INFO     |  5672 | mycroft.util.process_utils:start_message_bus_client:155 | Connected to messagebus
2021-10-22 08:00:53.169 | INFO     |  5672 | mycroft.skills.msm_wrapper:create_msm:96 | Acquiring lock to instantiate MSM
2021-10-22 08:00:53.169 | INFO     |  5672 | msm.mycroft_skills_manager | building SkillEntry objects for all skills
2021-10-22 08:00:53.631 | INFO     |  5672 | mycroft.skills.msm_wrapper:create_msm:112 | Releasing MSM instantiation lock.
2021-10-22 08:00:53.632 | INFO     |  5672 | mycroft.skills.skill_updater:_log_next_download_time:267 | Next scheduled skill update: 2021-10-22 08:00:52.631845
2021-10-22 08:00:53.632 | INFO     |  5672 | msm.skill_entry | Downloading skill: https://github.com/mycroftai/skill-pairing
2021-10-22 08:00:54.164 | INFO     |  5672 | msm.skill_entry | Installing system requirements...
2021-10-22 08:00:54.173 | INFO     |  5672 | msm.skill_entry | Successfully installed mycroft-pairing
2021-10-22 08:00:54.173 | INFO     |  5672 | msm.mycroft_skills_manager | invalidating skills cache
2021-10-22 08:00:54.175 | INFO     |  5672 | mycroft.skills.skill_loader:load:185 | ATTEMPTING TO LOAD SKILL: mycroft-pairing.mycroftai
2021-10-22 08:00:54.182 | INFO     |  5672 | mycroft.skills.settings:get_local_settings:83 | /opt/mycroft/skills/mycroft-pairing.mycroftai/settings.json
2021-10-22 08:00:54.198 | INFO     |  5672 | mycroft.skills.skill_loader:_check_for_first_run:324 | First run of mycroft-pairing.mycroftai
2021-10-22 08:00:54.199 | INFO     |  5672 | mycroft.skills.settings:save_settings:116 | Skill settings successfully saved to /home/runner/.config/mycroft/skills/mycroft-pairing.mycroftai/settings.json
2021-10-22 08:00:54.199 | INFO     |  5672 | mycroft.skills.skill_loader:_communicate_load_status:344 | Skill mycroft-pairing.mycroftai loaded successfully
2021-10-22 08:00:54.200 | INFO     |  5672 | msm.skill_entry | Downloading skill: https://github.com/mycroftai/skill-volume
2021-10-22 08:00:54.778 | INFO     |  5672 | msm.skill_entry | Installing system requirements...
2021-10-22 08:00:54.787 | INFO     |  5672 | msm.skill_entry | Installing requirements.txt for mycroft-volume
2021-10-22 08:00:55.552 | INFO     |  5672 | msm.skill_entry | Successfully installed mycroft-volume
2021-10-22 08:00:55.552 | INFO     |  5672 | msm.mycroft_skills_manager | invalidating skills cache
2021-10-22 08:00:55.555 | INFO     |  5672 | mycroft.skills.skill_loader:load:185 | ATTEMPTING TO LOAD SKILL: mycroft-volume.mycroftai
2021-10-22 08:00:55.566 | INFO     |  5672 | mycroft.skills.settings:get_local_settings:83 | /opt/mycroft/skills/mycroft-volume.mycroftai/settings.json
2021-10-22 08:00:55.609 | ERROR    |  5672 | VolumeSkill | Couldn't allocate mixer, ALSAAudioError('No such file or directory [default]')
2021-10-22 08:00:58.611 | INFO     |  5672 | mycroft.skills.skill_loader:_check_for_first_run:324 | First run of mycroft-volume.mycroftai
2021-10-22 08:00:58.656 | INFO     |  5672 | mycroft.skills.settings:save_settings:116 | Skill settings successfully saved to /home/runner/.config/mycroft/skills/mycroft-volume.mycroftai/settings.json
2021-10-22 08:00:58.657 | INFO     |  5672 | mycroft.skills.skill_loader:_communicate_load_status:344 | Skill mycroft-volume.mycroftai loaded successfully
2021-10-22 08:00:58.657 | INFO     |  5672 | __main__:on_started:177 | Skills service is starting up.
2021-10-22 08:00:58.732 | INFO     |  5672 | __main__:_update_system:154 | Attempting system update...
2021-10-22 08:01:01.735 | INFO     |  5672 | mycroft.enclosure.display_manager:_write_data:70 | Display Manager is creating /tmp/mycroft/ipc/managers/disp_info
2021-10-22 08:01:01.737 | INFO     |  5672 | __main__:_ensure_device_is_paired:133 | Device not paired, invoking the pairing skill
2021-10-22 08:01:01.740 | INFO     |  5672 | __main__:on_alive:181 | Skills service is alive.
2021-10-22 08:01:01.744 | INFO     |  5672 | msm.mycroft_skills_manager | building SkillEntry objects for all skills
2021-10-22 08:01:02.273 | INFO     |  5672 | PairingSkill | Communicating account URL to user
2021-10-22 08:01:02.811 | WARNING  |  5672 | msm.mycroft_skills_manager | No such default skill: mycroft-pandora
2021-10-22 08:01:02.811 | INFO     |  5672 | mycroft.skills.skill_manager:run:234 | Not all default skills are installed, performing skill update...
2021-10-22 08:01:02.811 | INFO     |  5672 | mycroft.skills.skill_updater:update_skills:149 | Beginning skill update...
2021-10-22 08:01:02.882 | INFO     |  5672 | msm.mycroft_skills_manager | building SkillEntry objects for all skills
2021-10-22 08:01:03.719 | INFO     |  5672 | msm.mycroft_skills_manager | invalidating skills cache
2021-10-22 08:01:03.760 | INFO     |  5672 | msm.skill_entry | Downloading skill: https://github.com/mycroftai/fallback-unknown
2021-10-22 08:01:03.764 | INFO     |  5672 | msm.skill_entry | Downloading skill: https://github.com/mycroftai/fallback-wolfram-alpha
2021-10-22 08:01:03.764 | INFO     |  5672 | msm.skill_entry | Downloading skill: https://github.com/mycroftai/skill-alarm
2021-10-22 08:01:03.765 | INFO     |  5672 | msm.skill_entry | Downloading skill: https://github.com/mycroftai/skill-audio-record
2021-10-22 08:01:03.768 | INFO     |  5672 | msm.skill_entry | Downloading skill: https://github.com/mycroftai/fallback-duckduckgo
2021-10-22 08:01:03.769 | INFO     |  5672 | msm.skill_entry | Downloading skill: https://github.com/mycroftai/skill-hello-world
2021-10-22 08:01:03.777 | INFO     |  5672 | msm.skill_entry | Downloading skill: https://github.com/mycroftai/skill-date-time
2021-10-22 08:01:03.778 | INFO     |  5672 | msm.skill_entry | Downloading skill: https://github.com/mycroftai/skill-personal
2021-10-22 08:01:03.778 | INFO     |  5672 | msm.skill_entry | Downloading skill: https://github.com/mycroftai/skill-playback-control
2021-10-22 08:01:03.779 | INFO     |  5672 | msm.skill_entry | Downloading skill: https://github.com/mycroftai/skill-naptime
2021-10-22 08:01:03.796 | INFO     |  5672 | msm.skill_entry | Downloading skill: https://github.com/mycroftai/skill-npr-news
2021-10-22 08:01:03.796 | INFO     |  5672 | msm.skill_entry | Downloading skill: https://github.com/mycroftai/skill-installer
2021-10-22 08:01:03.797 | INFO     |  5672 | msm.skill_entry | Downloading skill: https://github.com/mycroftai/skill-reminder
2021-10-22 08:01:03.802 | INFO     |  5672 | msm.skill_entry | Downloading skill: https://github.com/mycroftai/skill-ip
2021-10-22 08:01:03.815 | INFO     |  5672 | msm.skill_entry | Downloading skill: https://github.com/mycroftai/skill-singing
2021-10-22 08:01:03.825 | INFO     |  5672 | msm.skill_entry | Downloading skill: https://github.com/mycroftai/skill-joke
2021-10-22 08:01:03.825 | INFO     |  5672 | msm.skill_entry | Downloading skill: https://github.com/mycroftai/skill-configuration
2021-10-22 08:01:04.628 | INFO     |  5672 | msm.skill_entry | Installing system requirements...
2021-10-22 08:01:04.671 | INFO     |  5672 | msm.skill_entry | Successfully installed fallback-unknown
2021-10-22 08:01:04.672 | INFO     |  5672 | msm.mycroft_skills_manager | invalidating skills cache
2021-10-22 08:01:04.677 | INFO     |  5672 | msm.skill_entry | Downloading skill: https://github.com/mycroftai/skill-speak
2021-10-22 08:01:04.779 | ERROR    |  5672 | msm.mycroft_skills_manager | Error running install_or_update on homeassistant.mycroftai: MergeConflict
2021-10-22 08:01:04.791 | INFO     |  5672 | msm.skill_entry | Downloading skill: https://github.com/mycroftai/skill-spelling
2021-10-22 08:01:04.903 | INFO     |  5672 | msm.skill_entry | Installing system requirements...
2021-10-22 08:01:04.997 | INFO     |  5672 | msm.skill_entry | Successfully installed mycroft-hello-world
2021-10-22 08:01:04.998 | INFO     |  5672 | msm.mycroft_skills_manager | invalidating skills cache
2021-10-22 08:01:05.007 | INFO     |  5672 | msm.skill_entry | Downloading skill: https://github.com/mycroftai/skill-stop
2021-10-22 08:01:05.059 | INFO     |  5672 | msm.skill_entry | Installing system requirements...
2021-10-22 08:01:05.075 | INFO     |  5672 | msm.skill_entry | Installing system requirements...
2021-10-22 08:01:05.083 | INFO     |  5672 | msm.skill_entry | Installing system requirements...
2021-10-22 08:01:05.091 | INFO     |  5672 | msm.skill_entry | Installing system requirements...
2021-10-22 08:01:05.103 | INFO     |  5672 | msm.skill_entry | Installing system requirements...
2021-10-22 08:01:05.268 | INFO     |  5672 | msm.skill_entry | Installing requirements.txt for mycroft-fallback-duck-duck-go
2021-10-22 08:01:05.271 | INFO     |  5672 | msm.skill_entry | Successfully installed mycroft-naptime
2021-10-22 08:01:05.272 | INFO     |  5672 | msm.mycroft_skills_manager | invalidating skills cache
2021-10-22 08:01:05.273 | INFO     |  5672 | msm.skill_entry | Downloading skill: https://github.com/mycroftai/skill-support
2021-10-22 08:01:05.281 | INFO     |  5672 | msm.skill_entry | Installing system requirements...
2021-10-22 08:01:05.290 | INFO     |  5672 | msm.skill_entry | Installing requirements.txt for mycroft-joke
2021-10-22 08:01:05.291 | INFO     |  5672 | msm.skill_entry | Installing requirements.txt for fallback-wolfram-alpha
2021-10-22 08:01:05.317 | INFO     |  5672 | msm.skill_entry | Installing system requirements...
2021-10-22 08:01:05.373 | INFO     |  5672 | msm.skill_entry | Nothing new for mycroft-pairing
2021-10-22 08:01:05.386 | INFO     |  5672 | msm.skill_entry | Successfully installed mycroft-personal
2021-10-22 08:01:05.386 | INFO     |  5672 | msm.mycroft_skills_manager | invalidating skills cache
2021-10-22 08:01:05.387 | INFO     |  5672 | msm.skill_entry | Downloading skill: https://github.com/mycroftai/mycroft-timer
2021-10-22 08:01:05.390 | INFO     |  5672 | msm.skill_entry | Installing system requirements...
2021-10-22 08:01:05.496 | INFO     |  5672 | msm.skill_entry | Installing requirements.txt for mycroft-audio-record
2021-10-22 08:01:05.503 | INFO     |  5672 | msm.skill_entry | Installing requirements.txt for mycroft-ip
2021-10-22 08:01:05.506 | INFO     |  5672 | msm.skill_entry | Nothing new for mycroft-volume
2021-10-22 08:01:05.540 | INFO     |  5672 | msm.skill_entry | Downloading skill: https://github.com/mycroftai/skill-weather
2021-10-22 08:01:05.611 | INFO     |  5672 | msm.skill_entry | Installing system requirements...
2021-10-22 08:01:05.633 | INFO     |  5672 | msm.skill_entry | Installing system requirements...
2021-10-22 08:01:05.638 | INFO     |  5672 | msm.skill_entry | Installing system requirements...
2021-10-22 08:01:05.718 | INFO     |  5672 | msm.skill_entry | Installing system requirements...
2021-10-22 08:01:05.766 | INFO     |  5672 | msm.skill_entry | Installing system requirements...
2021-10-22 08:01:05.799 | INFO     |  5672 | msm.skill_entry | Installing requirements.txt for mycroft-configuration
2021-10-22 08:01:05.807 | INFO     |  5672 | msm.skill_entry | Successfully installed mycroft-reminder
2021-10-22 08:01:05.807 | INFO     |  5672 | msm.mycroft_skills_manager | invalidating skills cache
2021-10-22 08:01:05.808 | INFO     |  5672 | msm.skill_entry | Downloading skill: https://github.com/mycroftai/skill-version-checker
2021-10-22 08:01:05.829 | INFO     |  5672 | msm.skill_entry | Installing requirements.txt for mycroft-volume
2021-10-22 08:01:05.841 | INFO     |  5672 | msm.skill_entry | Installing system requirements...
2021-10-22 08:01:05.859 | INFO     |  5672 | msm.skill_entry | Successfully installed mycroft-playback-control
2021-10-22 08:01:05.859 | INFO     |  5672 | msm.mycroft_skills_manager | invalidating skills cache
2021-10-22 08:01:05.860 | INFO     |  5672 | msm.skill_entry | Downloading skill: https://github.com/mycroftai/skill-wiki
2021-10-22 08:01:05.874 | INFO     |  5672 | msm.skill_entry | Installing system requirements...
2021-10-22 08:01:05.913 | INFO     |  5672 | msm.skill_entry | Successfully installed mycroft-speak
2021-10-22 08:01:05.914 | INFO     |  5672 | msm.mycroft_skills_manager | invalidating skills cache
2021-10-22 08:01:05.915 | INFO     |  5672 | msm.skill_entry | Downloading skill: https://github.com/MycroftAI/skill-query
2021-10-22 08:01:05.923 | INFO     |  5672 | msm.skill_entry | Installing system requirements...
2021-10-22 08:01:05.932 | INFO     |  5672 | msm.skill_entry | Installing system requirements...
2021-10-22 08:01:05.993 | INFO     |  5672 | msm.skill_entry | Installing requirements.txt for mycroft-date-time
2021-10-22 08:01:06.001 | INFO     |  5672 | msm.skill_entry | Installing requirements.txt for mycroft-npr-news
2021-10-22 08:01:06.026 | INFO     |  5672 | msm.skill_entry | Installing requirements.txt for mycroft-installer
2021-10-22 08:01:06.041 | INFO     |  5672 | msm.skill_entry | Successfully installed mycroft-spelling
2021-10-22 08:01:06.041 | INFO     |  5672 | msm.mycroft_skills_manager | invalidating skills cache
2021-10-22 08:01:06.147 | INFO     |  5672 | msm.skill_entry | Installing system requirements...
2021-10-22 08:01:06.208 | INFO     |  5672 | msm.skill_entry | Successfully installed mycroft-stop
2021-10-22 08:01:06.209 | INFO     |  5672 | msm.mycroft_skills_manager | invalidating skills cache
2021-10-22 08:01:06.306 | INFO     |  5672 | msm.skill_entry | Installing system requirements...
2021-10-22 08:01:06.344 | INFO     |  5672 | msm.skill_entry | Installing requirements.txt for mycroft-alarm
2021-10-22 08:01:06.450 | ERROR    |  5672 | msm.mycroft_skills_manager | Error running install_or_update on homeassistant: MergeConflict
2021-10-22 08:01:06.778 | INFO     |  5672 | msm.skill_entry | Installing system requirements...
2021-10-22 08:01:06.788 | INFO     |  5672 | msm.skill_entry | Installing system requirements...
2021-10-22 08:01:06.848 | INFO     |  5672 | msm.skill_entry | Successfully installed fallback-query
2021-10-22 08:01:06.848 | INFO     |  5672 | msm.mycroft_skills_manager | invalidating skills cache
2021-10-22 08:01:06.851 | INFO     |  5672 | msm.skill_entry | Installing requirements.txt for mycroft-support-helper
2021-10-22 08:01:06.892 | INFO     |  5672 | msm.skill_entry | Installing system requirements...
2021-10-22 08:01:06.935 | INFO     |  5672 | msm.skill_entry | Installing system requirements...
2021-10-22 08:01:06.961 | INFO     |  5672 | msm.skill_entry | Installing system requirements...
2021-10-22 08:01:06.968 | INFO     |  5672 | msm.skill_entry | Successfully installed mycroft-version-checker
2021-10-22 08:01:06.968 | INFO     |  5672 | msm.mycroft_skills_manager | invalidating skills cache
2021-10-22 08:01:06.983 | INFO     |  5672 | msm.skill_entry | Installing requirements.txt for mycroft-wiki
2021-10-22 08:01:06.999 | INFO     |  5672 | msm.skill_entry | Successfully installed mycroft-timer
2021-10-22 08:01:07.000 | INFO     |  5672 | msm.mycroft_skills_manager | invalidating skills cache
2021-10-22 08:01:07.240 | INFO     |  5672 | msm.skill_entry | Installing system requirements...
2021-10-22 08:01:07.262 | INFO     |  5672 | msm.skill_entry | Installing requirements.txt for mycroft-weather
2021-10-22 08:01:07.445 | INFO     |  5672 | msm.skill_entry | Installing system requirements...
2021-10-22 08:01:07.466 | INFO     |  5672 | msm.skill_entry | Successfully installed mycroft-singing
2021-10-22 08:01:07.467 | INFO     |  5672 | msm.mycroft_skills_manager | invalidating skills cache
2021-10-22 08:01:08.009 | INFO     |  5672 | msm.skill_entry | Successfully installed mycroft-fallback-duck-duck-go
2021-10-22 08:01:08.012 | INFO     |  5672 | msm.mycroft_skills_manager | invalidating skills cache
2021-10-22 08:01:09.107 | INFO     |  5672 | msm.skill_entry | Successfully installed mycroft-joke
2021-10-22 08:01:09.107 | INFO     |  5672 | msm.mycroft_skills_manager | invalidating skills cache
2021-10-22 08:01:13.212 | INFO     |  5672 | msm.skill_entry | Successfully installed fallback-wolfram-alpha
2021-10-22 08:01:13.212 | INFO     |  5672 | msm.mycroft_skills_manager | invalidating skills cache
2021-10-22 08:01:14.022 | INFO     |  5672 | msm.skill_entry | Successfully installed mycroft-audio-record
2021-10-22 08:01:14.022 | INFO     |  5672 | msm.mycroft_skills_manager | invalidating skills cache
2021-10-22 08:01:14.914 | INFO     |  5672 | msm.skill_entry | Successfully installed mycroft-ip
2021-10-22 08:01:14.915 | INFO     |  5672 | msm.mycroft_skills_manager | invalidating skills cache
2021-10-22 08:01:17.395 | INFO     |  5672 | msm.skill_entry | Successfully installed mycroft-configuration
2021-10-22 08:01:17.395 | INFO     |  5672 | msm.mycroft_skills_manager | invalidating skills cache
2021-10-22 08:01:32.608 | INFO     |  5672 | PairingSkill | Initiating device pairing sequence...
2021-10-22 08:01:32.608 | INFO     |  5672 | PairingSkill | Retrieving pairing code from device API...
2021-10-22 08:01:32.972 | INFO     |  5672 | PairingSkill | Pairing code obtained: VRUJHC
2021-10-22 08:01:32.972 | INFO     |  5672 | PairingSkill | Communicating pairing URL to user
2021-10-22 08:01:33.458 | INFO     |  5672 | msm.skill_entry | Successfully installed mycroft-date-time
2021-10-22 08:01:33.459 | INFO     |  5672 | msm.mycroft_skills_manager | invalidating skills cache
2021-10-22 08:01:36.519 | INFO     |  5672 | msm.skill_entry | Successfully installed mycroft-npr-news
2021-10-22 08:01:36.519 | INFO     |  5672 | msm.mycroft_skills_manager | invalidating skills cache
2021-10-22 08:01:37.421 | INFO     |  5672 | msm.skill_entry | Successfully installed mycroft-installer
2021-10-22 08:01:37.421 | INFO     |  5672 | msm.mycroft_skills_manager | invalidating skills cache
2021-10-22 08:01:38.312 | INFO     |  5672 | msm.skill_entry | Successfully installed mycroft-alarm
2021-10-22 08:01:38.313 | INFO     |  5672 | msm.mycroft_skills_manager | invalidating skills cache
2021-10-22 08:01:40.504 | INFO     |  5672 | msm.skill_entry | Successfully installed mycroft-support-helper
2021-10-22 08:01:40.504 | INFO     |  5672 | msm.mycroft_skills_manager | invalidating skills cache
2021-10-22 08:01:42.192 | INFO     |  5672 | msm.skill_entry | Successfully installed mycroft-wiki
2021-10-22 08:01:42.195 | INFO     |  5672 | msm.mycroft_skills_manager | invalidating skills cache
2021-10-22 08:01:43.147 | INFO     |  5672 | msm.skill_entry | Successfully installed mycroft-weather
2021-10-22 08:01:43.148 | INFO     |  5672 | msm.mycroft_skills_manager | invalidating skills cache
2021-10-22 08:01:43.402 | INFO     |  5672 | mycroft.skills.skill_updater:_log_next_download_time:267 | Next scheduled skill update: 2021-10-22 09:01:43.401197
2021-10-22 08:01:43.402 | INFO     |  5672 | mycroft.skills.skill_updater:update_skills:170 | Skill update complete
2021-10-22 08:01:43.403 | INFO     |  5672 | mycroft.skills.skill_manager:_load_on_startup:273 | Loading installed skills...
2021-10-22 08:01:43.405 | INFO     |  5672 | mycroft.skills.skill_loader:load:185 | ATTEMPTING TO LOAD SKILL: mycroft-ip.mycroftai
2021-10-22 08:01:43.489 | INFO     |  5672 | mycroft.skills.settings:get_local_settings:83 | /opt/mycroft/skills/mycroft-ip.mycroftai/settings.json
2021-10-22 08:01:43.496 | INFO     |  5672 | mycroft.skills.skill_loader:_check_for_first_run:324 | First run of mycroft-ip.mycroftai
2021-10-22 08:01:43.499 | INFO     |  5672 | mycroft.skills.settings:save_settings:116 | Skill settings successfully saved to /home/runner/.config/mycroft/skills/mycroft-ip.mycroftai/settings.json
2021-10-22 08:01:43.500 | INFO     |  5672 | mycroft.skills.skill_loader:_communicate_load_status:344 | Skill mycroft-ip.mycroftai loaded successfully
2021-10-22 08:01:43.501 | INFO     |  5672 | mycroft.skills.skill_loader:load:185 | ATTEMPTING TO LOAD SKILL: mycroft-reminder.mycroftai
2021-10-22 08:01:43.517 | INFO     |  5672 | mycroft.skills.settings:get_local_settings:83 | /opt/mycroft/skills/mycroft-reminder.mycroftai/settings.json
2021-10-22 08:01:43.561 | INFO     |  5672 | mycroft.skills.skill_loader:_check_for_first_run:324 | First run of mycroft-reminder.mycroftai
2021-10-22 08:01:43.571 | INFO     |  5672 | mycroft.skills.settings:save_settings:116 | Skill settings successfully saved to /home/runner/.config/mycroft/skills/mycroft-reminder.mycroftai/settings.json
2021-10-22 08:01:43.575 | INFO     |  5672 | mycroft.skills.skill_loader:_communicate_load_status:344 | Skill mycroft-reminder.mycroftai loaded successfully
2021-10-22 08:01:43.583 | INFO     |  5672 | mycroft.skills.skill_loader:load:185 | ATTEMPTING TO LOAD SKILL: mycroft-installer.mycroftai
2021-10-22 08:01:43.588 | INFO     |  5672 | mycroft.skills.settings:get_local_settings:83 | /opt/mycroft/skills/mycroft-installer.mycroftai/settings.json
2021-10-22 08:01:43.613 | INFO     |  5672 | mycroft.skills.skill_loader:_check_for_first_run:324 | First run of mycroft-installer.mycroftai
2021-10-22 08:01:43.613 | INFO     |  5672 | mycroft.skills.settings:save_settings:116 | Skill settings successfully saved to /home/runner/.config/mycroft/skills/mycroft-installer.mycroftai/settings.json
2021-10-22 08:01:43.614 | INFO     |  5672 | mycroft.skills.skill_loader:_communicate_load_status:344 | Skill mycroft-installer.mycroftai loaded successfully
2021-10-22 08:01:43.614 | INFO     |  5672 | mycroft.skills.skill_loader:load:185 | ATTEMPTING TO LOAD SKILL: mycroft-version-checker.mycroftai
2021-10-22 08:01:43.625 | INFO     |  5672 | mycroft.skills.settings:get_local_settings:83 | /opt/mycroft/skills/mycroft-version-checker.mycroftai/settings.json
2021-10-22 08:01:43.648 | INFO     |  5672 | mycroft.skills.skill_loader:_check_for_first_run:324 | First run of mycroft-version-checker.mycroftai
2021-10-22 08:01:43.651 | INFO     |  5672 | mycroft.skills.settings:save_settings:116 | Skill settings successfully saved to /home/runner/.config/mycroft/skills/mycroft-version-checker.mycroftai/settings.json
2021-10-22 08:01:43.655 | INFO     |  5672 | mycroft.skills.skill_loader:_communicate_load_status:344 | Skill mycroft-version-checker.mycroftai loaded successfully
2021-10-22 08:01:43.657 | INFO     |  5672 | mycroft.skills.skill_loader:load:185 | ATTEMPTING TO LOAD SKILL: mycroft-singing.mycroftai
2021-10-22 08:01:43.679 | INFO     |  5672 | mycroft.skills.settings:get_local_settings:83 | /opt/mycroft/skills/mycroft-singing.mycroftai/settings.json
2021-10-22 08:01:43.695 | INFO     |  5672 | mycroft.skills.skill_loader:_check_for_first_run:324 | First run of mycroft-singing.mycroftai
2021-10-22 08:01:43.696 | INFO     |  5672 | mycroft.skills.settings:save_settings:116 | Skill settings successfully saved to /home/runner/.config/mycroft/skills/mycroft-singing.mycroftai/settings.json
2021-10-22 08:01:43.702 | INFO     |  5672 | mycroft.skills.skill_loader:_communicate_load_status:344 | Skill mycroft-singing.mycroftai loaded successfully
2021-10-22 08:01:43.702 | INFO     |  5672 | mycroft.skills.skill_loader:load:185 | ATTEMPTING TO LOAD SKILL: mycroft-joke.mycroftai
2021-10-22 08:01:43.707 | INFO     |  5672 | mycroft.skills.settings:get_local_settings:83 | /opt/mycroft/skills/mycroft-joke.mycroftai/settings.json
2021-10-22 08:01:43.738 | INFO     |  5672 | mycroft.skills.skill_loader:_check_for_first_run:324 | First run of mycroft-joke.mycroftai
2021-10-22 08:01:43.739 | INFO     |  5672 | mycroft.skills.settings:save_settings:116 | Skill settings successfully saved to /home/runner/.config/mycroft/skills/mycroft-joke.mycroftai/settings.json
2021-10-22 08:01:43.741 | INFO     |  5672 | mycroft.skills.skill_loader:_communicate_load_status:344 | Skill mycroft-joke.mycroftai loaded successfully
2021-10-22 08:01:43.742 | INFO     |  5672 | mycroft.skills.skill_loader:load:185 | ATTEMPTING TO LOAD SKILL: mycroft-timer.mycroftai
2021-10-22 08:01:43.765 | INFO     |  5672 | mycroft.skills.settings:get_local_settings:83 | /opt/mycroft/skills/mycroft-timer.mycroftai/settings.json
2021-10-22 08:01:43.890 | INFO     |  5672 | mycroft.skills.skill_loader:_check_for_first_run:324 | First run of mycroft-timer.mycroftai
2021-10-22 08:01:43.890 | INFO     |  5672 | mycroft.skills.settings:save_settings:116 | Skill settings successfully saved to /home/runner/.config/mycroft/skills/mycroft-timer.mycroftai/settings.json
2021-10-22 08:01:43.894 | INFO     |  5672 | mycroft.skills.skill_loader:_communicate_load_status:344 | Skill mycroft-timer.mycroftai loaded successfully
2021-10-22 08:01:43.897 | INFO     |  5672 | mycroft.skills.skill_loader:load:185 | ATTEMPTING TO LOAD SKILL: homeassistant.mycroftai
2021-10-22 08:01:44.321 | INFO     |  5672 | mycroft.skills.settings:get_local_settings:83 | /opt/mycroft/skills/homeassistant.mycroftai/settings.json
2021-10-22 08:01:44.323 | INFO     |  5672 | mycroft.skills.settings:get_local_settings:83 | /opt/mycroft/skills/homeassistant.mycroftai/settings.json
2021-10-22 08:01:44.406 | INFO     |  5672 | mycroft.skills.skill_loader:_communicate_load_status:344 | Skill homeassistant.mycroftai loaded successfully
2021-10-22 08:01:44.406 | INFO     |  5672 | mycroft.skills.skill_loader:load:185 | ATTEMPTING TO LOAD SKILL: mycroft-alarm.mycroftai
2021-10-22 08:01:44.533 | INFO     |  5672 | mycroft.skills.settings:get_local_settings:83 | /opt/mycroft/skills/mycroft-alarm.mycroftai/settings.json
2021-10-22 08:01:44.533 | ERROR    |  5672 | AlarmSkill | Couldn't allocate mixer, ALSAAudioError('No such file or directory [default]')
2021-10-22 08:01:44.773 | INFO     |  5672 | mycroft.skills.skill_loader:_check_for_first_run:324 | First run of mycroft-alarm.mycroftai
2021-10-22 08:01:44.774 | INFO     |  5672 | mycroft.skills.settings:save_settings:116 | Skill settings successfully saved to /home/runner/.config/mycroft/skills/mycroft-alarm.mycroftai/settings.json
2021-10-22 08:01:44.809 | INFO     |  5672 | mycroft.skills.skill_loader:_communicate_load_status:344 | Skill mycroft-alarm.mycroftai loaded successfully
2021-10-22 08:01:44.809 | INFO     |  5672 | mycroft.skills.skill_loader:load:185 | ATTEMPTING TO LOAD SKILL: mycroft-naptime.mycroftai
2021-10-22 08:01:44.845 | INFO     |  5672 | mycroft.skills.settings:get_local_settings:83 | /opt/mycroft/skills/mycroft-naptime.mycroftai/settings.json
2021-10-22 08:01:44.899 | INFO     |  5672 | mycroft.skills.skill_loader:_check_for_first_run:324 | First run of mycroft-naptime.mycroftai
2021-10-22 08:01:44.899 | INFO     |  5672 | mycroft.skills.settings:save_settings:116 | Skill settings successfully saved to /home/runner/.config/mycroft/skills/mycroft-naptime.mycroftai/settings.json
2021-10-22 08:01:44.913 | INFO     |  5672 | mycroft.skills.skill_loader:_communicate_load_status:344 | Skill mycroft-naptime.mycroftai loaded successfully
2021-10-22 08:01:44.914 | INFO     |  5672 | mycroft.skills.skill_loader:load:185 | ATTEMPTING TO LOAD SKILL: mycroft-spelling.mycroftai
2021-10-22 08:01:44.937 | INFO     |  5672 | mycroft.skills.settings:get_local_settings:83 | /opt/mycroft/skills/mycroft-spelling.mycroftai/settings.json
2021-10-22 08:01:44.978 | INFO     |  5672 | mycroft.skills.skill_loader:_check_for_first_run:324 | First run of mycroft-spelling.mycroftai
2021-10-22 08:01:44.979 | INFO     |  5672 | mycroft.skills.settings:save_settings:116 | Skill settings successfully saved to /home/runner/.config/mycroft/skills/mycroft-spelling.mycroftai/settings.json
2021-10-22 08:01:45.004 | INFO     |  5672 | mycroft.skills.skill_loader:_communicate_load_status:344 | Skill mycroft-spelling.mycroftai loaded successfully
2021-10-22 08:01:45.005 | INFO     |  5672 | mycroft.skills.skill_loader:load:185 | ATTEMPTING TO LOAD SKILL: mycroft-fallback-duck-duck-go.mycroftai
2021-10-22 08:01:45.054 | INFO     |  5672 | mycroft.skills.settings:get_local_settings:83 | /opt/mycroft/skills/mycroft-fallback-duck-duck-go.mycroftai/settings.json
2021-10-22 08:01:45.133 | INFO     |  5672 | mycroft.skills.skill_loader:_check_for_first_run:324 | First run of mycroft-fallback-duck-duck-go.mycroftai
2021-10-22 08:01:45.134 | INFO     |  5672 | mycroft.skills.settings:save_settings:116 | Skill settings successfully saved to /home/runner/.config/mycroft/skills/mycroft-fallback-duck-duck-go.mycroftai/settings.json
2021-10-22 08:01:45.134 | INFO     |  5672 | mycroft.skills.skill_loader:_communicate_load_status:344 | Skill mycroft-fallback-duck-duck-go.mycroftai loaded successfully
2021-10-22 08:01:45.147 | INFO     |  5672 | mycroft.skills.skill_loader:load:185 | ATTEMPTING TO LOAD SKILL: mycroft-npr-news.mycroftai
2021-10-22 08:01:45.482 | INFO     |  5672 | mycroft.skills.settings:get_local_settings:83 | /opt/mycroft/skills/mycroft-npr-news.mycroftai/settings.json
2021-10-22 08:01:46.573 | INFO     |  5672 | mycroft.skills.skill_loader:_check_for_first_run:324 | First run of mycroft-npr-news.mycroftai
2021-10-22 08:01:46.573 | INFO     |  5672 | mycroft.skills.settings:save_settings:116 | Skill settings successfully saved to /home/runner/.config/mycroft/skills/mycroft-npr-news.mycroftai/settings.json
2021-10-22 08:01:46.579 | INFO     |  5672 | mycroft.skills.skill_loader:_communicate_load_status:344 | Skill mycroft-npr-news.mycroftai loaded successfully
2021-10-22 08:01:46.580 | INFO     |  5672 | mycroft.skills.skill_loader:load:185 | ATTEMPTING TO LOAD SKILL: mycroft-support-helper.mycroftai
2021-10-22 08:01:46.586 | INFO     |  5672 | mycroft.skills.settings:get_local_settings:83 | /opt/mycroft/skills/mycroft-support-helper.mycroftai/settings.json
2021-10-22 08:01:46.601 | INFO     |  5672 | mycroft.skills.skill_loader:_check_for_first_run:324 | First run of mycroft-support-helper.mycroftai
2021-10-22 08:01:46.602 | INFO     |  5672 | mycroft.skills.settings:save_settings:116 | Skill settings successfully saved to /home/runner/.config/mycroft/skills/mycroft-support-helper.mycroftai/settings.json
2021-10-22 08:01:46.608 | INFO     |  5672 | mycroft.skills.skill_loader:_communicate_load_status:344 | Skill mycroft-support-helper.mycroftai loaded successfully
2021-10-22 08:01:46.609 | INFO     |  5672 | mycroft.skills.skill_loader:load:185 | ATTEMPTING TO LOAD SKILL: mycroft-weather.mycroftai
2021-10-22 08:01:46.635 | INFO     |  5672 | mycroft.skills.settings:get_local_settings:83 | /opt/mycroft/skills/mycroft-weather.mycroftai/settings.json
2021-10-22 08:01:46.817 | INFO     |  5672 | mycroft.skills.skill_loader:_check_for_first_run:324 | First run of mycroft-weather.mycroftai
2021-10-22 08:01:46.817 | INFO     |  5672 | mycroft.skills.settings:save_settings:116 | Skill settings successfully saved to /home/runner/.config/mycroft/skills/mycroft-weather.mycroftai/settings.json
2021-10-22 08:01:46.822 | INFO     |  5672 | mycroft.skills.skill_loader:_communicate_load_status:344 | Skill mycroft-weather.mycroftai loaded successfully
2021-10-22 08:01:46.823 | INFO     |  5672 | mycroft.skills.skill_loader:load:185 | ATTEMPTING TO LOAD SKILL: mycroft-speak.mycroftai
2021-10-22 08:01:46.829 | INFO     |  5672 | mycroft.skills.settings:get_local_settings:83 | /opt/mycroft/skills/mycroft-speak.mycroftai/settings.json
2021-10-22 08:01:46.852 | INFO     |  5672 | mycroft.skills.skill_loader:_check_for_first_run:324 | First run of mycroft-speak.mycroftai
2021-10-22 08:01:46.864 | INFO     |  5672 | mycroft.skills.settings:save_settings:116 | Skill settings successfully saved to /home/runner/.config/mycroft/skills/mycroft-speak.mycroftai/settings.json
2021-10-22 08:01:46.867 | INFO     |  5672 | mycroft.skills.skill_loader:_communicate_load_status:344 | Skill mycroft-speak.mycroftai loaded successfully
2021-10-22 08:01:46.868 | INFO     |  5672 | mycroft.skills.skill_loader:load:185 | ATTEMPTING TO LOAD SKILL: mycroft-audio-record.mycroftai
2021-10-22 08:01:46.872 | INFO     |  5672 | mycroft.skills.settings:get_local_settings:83 | /opt/mycroft/skills/mycroft-audio-record.mycroftai/settings.json
2021-10-22 08:01:46.915 | INFO     |  5672 | mycroft.skills.skill_loader:_check_for_first_run:324 | First run of mycroft-audio-record.mycroftai
2021-10-22 08:01:46.915 | INFO     |  5672 | mycroft.skills.settings:save_settings:116 | Skill settings successfully saved to /home/runner/.config/mycroft/skills/mycroft-audio-record.mycroftai/settings.json
2021-10-22 08:01:46.918 | INFO     |  5672 | mycroft.skills.skill_loader:_communicate_load_status:344 | Skill mycroft-audio-record.mycroftai loaded successfully
2021-10-22 08:01:46.919 | INFO     |  5672 | mycroft.skills.skill_loader:load:185 | ATTEMPTING TO LOAD SKILL: mycroft-stop.mycroftai
2021-10-22 08:01:46.922 | INFO     |  5672 | mycroft.skills.settings:get_local_settings:83 | /opt/mycroft/skills/mycroft-stop.mycroftai/settings.json
2021-10-22 08:01:46.963 | INFO     |  5672 | mycroft.skills.skill_loader:_check_for_first_run:324 | First run of mycroft-stop.mycroftai
2021-10-22 08:01:46.963 | INFO     |  5672 | mycroft.skills.settings:save_settings:116 | Skill settings successfully saved to /home/runner/.config/mycroft/skills/mycroft-stop.mycroftai/settings.json
2021-10-22 08:01:46.970 | INFO     |  5672 | mycroft.skills.skill_loader:_communicate_load_status:344 | Skill mycroft-stop.mycroftai loaded successfully
2021-10-22 08:01:46.971 | INFO     |  5672 | mycroft.skills.skill_loader:load:185 | ATTEMPTING TO LOAD SKILL: mycroft-hello-world.mycroftai
2021-10-22 08:01:46.973 | INFO     |  5672 | mycroft.skills.settings:get_local_settings:83 | /opt/mycroft/skills/mycroft-hello-world.mycroftai/settings.json
2021-10-22 08:01:47.004 | INFO     |  5672 | mycroft.skills.skill_loader:_check_for_first_run:324 | First run of mycroft-hello-world.mycroftai
2021-10-22 08:01:47.005 | INFO     |  5672 | mycroft.skills.settings:save_settings:116 | Skill settings successfully saved to /home/runner/.config/mycroft/skills/mycroft-hello-world.mycroftai/settings.json
2021-10-22 08:01:47.016 | INFO     |  5672 | mycroft.skills.skill_loader:_communicate_load_status:344 | Skill mycroft-hello-world.mycroftai loaded successfully
2021-10-22 08:01:47.016 | INFO     |  5672 | mycroft.skills.skill_loader:load:185 | ATTEMPTING TO LOAD SKILL: mycroft-date-time.mycroftai
2021-10-22 08:01:47.716 | INFO     |  5672 | mycroft.skills.settings:get_local_settings:83 | /opt/mycroft/skills/mycroft-date-time.mycroftai/settings.json
2021-10-22 08:01:47.766 | INFO     |  5672 | TimeSkill | Registering resting screen <bound method TimeSkill.handle_idle of <mycroft-date-time_mycroftai.TimeSkill object at 0x7f35086249d0>> for Time and Date.
2021-10-22 08:01:47.767 | INFO     |  5672 | TimeSkill | Registering resting screen
2021-10-22 08:01:47.777 | INFO     |  5672 | mycroft.skills.skill_loader:_check_for_first_run:324 | First run of mycroft-date-time.mycroftai
2021-10-22 08:01:47.777 | INFO     |  5672 | mycroft.skills.settings:save_settings:116 | Skill settings successfully saved to /home/runner/.config/mycroft/skills/mycroft-date-time.mycroftai/settings.json
2021-10-22 08:01:47.781 | INFO     |  5672 | mycroft.skills.skill_loader:_communicate_load_status:344 | Skill mycroft-date-time.mycroftai loaded successfully
2021-10-22 08:01:47.781 | INFO     |  5672 | mycroft.skills.skill_loader:load:185 | ATTEMPTING TO LOAD SKILL: mycroft-configuration.mycroftai
2021-10-22 08:01:47.791 | INFO     |  5672 | mycroft.skills.settings:get_local_settings:83 | /opt/mycroft/skills/mycroft-configuration.mycroftai/settings.json
2021-10-22 08:01:47.830 | INFO     |  5672 | mycroft.skills.skill_loader:_check_for_first_run:324 | First run of mycroft-configuration.mycroftai
2021-10-22 08:01:47.831 | INFO     |  5672 | mycroft.skills.settings:save_settings:116 | Skill settings successfully saved to /home/runner/.config/mycroft/skills/mycroft-configuration.mycroftai/settings.json
2021-10-22 08:01:47.831 | INFO     |  5672 | mycroft.skills.skill_loader:_communicate_load_status:344 | Skill mycroft-configuration.mycroftai loaded successfully
2021-10-22 08:01:47.832 | INFO     |  5672 | mycroft.skills.skill_loader:load:185 | ATTEMPTING TO LOAD SKILL: fallback-query.mycroftai
2021-10-22 08:01:47.838 | INFO     |  5672 | mycroft.skills.settings:get_local_settings:83 | /opt/mycroft/skills/fallback-query.mycroftai/settings.json
2021-10-22 08:01:47.847 | INFO     |  5672 | mycroft.skills.skill_loader:_check_for_first_run:324 | First run of fallback-query.mycroftai
2021-10-22 08:01:47.851 | INFO     |  5672 | mycroft.skills.settings:save_settings:116 | Skill settings successfully saved to /home/runner/.config/mycroft/skills/fallback-query.mycroftai/settings.json
2021-10-22 08:01:47.856 | INFO     |  5672 | mycroft.skills.skill_loader:_communicate_load_status:344 | Skill fallback-query.mycroftai loaded successfully
2021-10-22 08:01:47.856 | INFO     |  5672 | mycroft.skills.skill_loader:load:185 | ATTEMPTING TO LOAD SKILL: mycroft-personal.mycroftai
2021-10-22 08:01:47.859 | INFO     |  5672 | mycroft.skills.settings:get_local_settings:83 | /opt/mycroft/skills/mycroft-personal.mycroftai/settings.json
2021-10-22 08:01:47.891 | INFO     |  5672 | mycroft.skills.skill_loader:_check_for_first_run:324 | First run of mycroft-personal.mycroftai
2021-10-22 08:01:47.891 | INFO     |  5672 | mycroft.skills.settings:save_settings:116 | Skill settings successfully saved to /home/runner/.config/mycroft/skills/mycroft-personal.mycroftai/settings.json
2021-10-22 08:01:47.892 | INFO     |  5672 | mycroft.skills.skill_loader:_communicate_load_status:344 | Skill mycroft-personal.mycroftai loaded successfully
2021-10-22 08:01:47.892 | INFO     |  5672 | mycroft.skills.skill_loader:load:185 | ATTEMPTING TO LOAD SKILL: fallback-wolfram-alpha.mycroftai
2021-10-22 08:01:47.965 | INFO     |  5672 | mycroft.skills.settings:get_local_settings:83 | /opt/mycroft/skills/fallback-wolfram-alpha.mycroftai/settings.json
2021-10-22 08:01:47.986 | INFO     |  5672 | mycroft.skills.skill_loader:_check_for_first_run:324 | First run of fallback-wolfram-alpha.mycroftai
2021-10-22 08:01:47.987 | INFO     |  5672 | mycroft.skills.settings:save_settings:116 | Skill settings successfully saved to /home/runner/.config/mycroft/skills/fallback-wolfram-alpha.mycroftai/settings.json
2021-10-22 08:01:47.988 | INFO     |  5672 | mycroft.skills.skill_loader:_communicate_load_status:344 | Skill fallback-wolfram-alpha.mycroftai loaded successfully
2021-10-22 08:01:47.992 | INFO     |  5672 | mycroft.skills.skill_loader:load:185 | ATTEMPTING TO LOAD SKILL: mycroft-wiki.mycroftai
2021-10-22 08:01:47.998 | INFO     |  5672 | mycroft.skills.settings:get_local_settings:83 | /opt/mycroft/skills/mycroft-wiki.mycroftai/settings.json
2021-10-22 08:01:48.017 | INFO     |  5672 | mycroft.skills.skill_loader:_check_for_first_run:324 | First run of mycroft-wiki.mycroftai
2021-10-22 08:01:48.017 | INFO     |  5672 | mycroft.skills.settings:save_settings:116 | Skill settings successfully saved to /home/runner/.config/mycroft/skills/mycroft-wiki.mycroftai/settings.json
2021-10-22 08:01:48.018 | INFO     |  5672 | mycroft.skills.skill_loader:_communicate_load_status:344 | Skill mycroft-wiki.mycroftai loaded successfully
2021-10-22 08:01:48.019 | INFO     |  5672 | mycroft.skills.skill_loader:load:185 | ATTEMPTING TO LOAD SKILL: fallback-unknown.mycroftai
2021-10-22 08:01:48.024 | INFO     |  5672 | mycroft.skills.settings:get_local_settings:83 | /opt/mycroft/skills/fallback-unknown.mycroftai/settings.json
2021-10-22 08:01:48.037 | INFO     |  5672 | mycroft.skills.skill_loader:_check_for_first_run:324 | First run of fallback-unknown.mycroftai
2021-10-22 08:01:48.038 | INFO     |  5672 | mycroft.skills.settings:save_settings:116 | Skill settings successfully saved to /home/runner/.config/mycroft/skills/fallback-unknown.mycroftai/settings.json
2021-10-22 08:01:48.038 | INFO     |  5672 | mycroft.skills.skill_loader:_communicate_load_status:344 | Skill fallback-unknown.mycroftai loaded successfully
2021-10-22 08:01:48.042 | INFO     |  5672 | mycroft.skills.skill_loader:load:185 | ATTEMPTING TO LOAD SKILL: mycroft-playback-control.mycroftai
2021-10-22 08:01:48.048 | INFO     |  5672 | mycroft.skills.settings:get_local_settings:83 | /opt/mycroft/skills/mycroft-playback-control.mycroftai/settings.json
2021-10-22 08:01:48.078 | INFO     |  5672 | mycroft.skills.skill_loader:_check_for_first_run:324 | First run of mycroft-playback-control.mycroftai
2021-10-22 08:01:48.078 | INFO     |  5672 | mycroft.skills.settings:save_settings:116 | Skill settings successfully saved to /home/runner/.config/mycroft/skills/mycroft-playback-control.mycroftai/settings.json
2021-10-22 08:01:48.079 | INFO     |  5672 | mycroft.skills.skill_loader:_communicate_load_status:344 | Skill mycroft-playback-control.mycroftai loaded successfully
2021-10-22 08:01:48.080 | INFO     |  5672 | mycroft.skills.skill_manager:_load_on_startup:275 | Skills all loaded!
2021-10-22 08:01:48.193 | INFO     |  5672 | mycroft.skills.intent_services.padatious_service:train:151 | Training... (single_thread=False)
2021-10-22 08:01:48.210 | INFO     |  5672 | __main__:on_ready:185 | Skills service is ready.
Regenerated mycroft-alarm.mycroftai:{daytype}.
Regenerated mycroft-reminder.mycroftai:UnspecifiedReminderAt.intent.
Regenerated mycroft-installer.mycroftai:install.intent.
Regenerated mycroft-installer.mycroftai:list.skills.intent.
Regenerated mycroft-installer.mycroftai:install.custom.intent.
Regenerated mycroft-installer.mycroftai:remove.intent.
Regenerated mycroft-installer.mycroftai:is.installed.intent.
Regenerated mycroft-installer.mycroftai:install.beta.intent.
Regenerated mycroft-timer.mycroftai:timer.status.intent.
Regenerated mycroft-timer.mycroftai:start.timer.intent.
Regenerated homeassistant.mycroftai:sensor.intent.
Regenerated homeassistant.mycroftai:set.light.brightness.intent.
Regenerated homeassistant.mycroftai:toggle.intent.
Regenerated homeassistant.mycroftai:turn.off.intent.
Regenerated homeassistant.mycroftai:cover.open.intent.
Regenerated homeassistant.mycroftai:cover.close.intent.
Regenerated homeassistant.mycroftai:cover.stop.intent.
Regenerated mycroft-alarm.mycroftai:change.alarm.sound.intent.
Regenerated mycroft-npr-news.mycroftai:PlayTheNews.intent.
Regenerated mycroft-support-helper.mycroftai:contact.support.intent.
Regenerated mycroft-weather.mycroftai:do-i-need-an-umbrella.intent.
Regenerated mycroft-audio-record.mycroftai:PlayRecording.intent.
Regenerated mycroft-audio-record.mycroftai:StartRecording.intent.
Regenerated mycroft-stop.mycroftai:reboot.intent.
Regenerated mycroft-stop.mycroftai:shutdown.intent.
Regenerated mycroft-stop.mycroftai:ssh.disable.intent.
Regenerated mycroft-stop.mycroftai:ssh.enable.intent.
Regenerated mycroft-stop.mycroftai:wifi.setup.intent.
Regenerated mycroft-hello-world.mycroftai:HowAreYou.intent.
Regenerated mycroft-date-time.mycroftai:date.last.weekend.intent.
Regenerated mycroft-date-time.mycroftai:what.time.will.it.be.intent.
Regenerated mycroft-date-time.mycroftai:date.future.weekend.intent.
Regenerated mycroft-date-time.mycroftai:what.time.is.it.intent.
Regenerated mycroft-configuration.mycroftai:DisablePreciseDev.intent.
Regenerated mycroft-configuration.mycroftai:EnablePreciseDev.intent.
Regenerated mycroft-configuration.mycroftai:WhereAreYou.intent.
Regenerated mycroft-personal.mycroftai:DoYouDream.intent.
Regenerated mycroft-personal.mycroftai:WhoMadeYou.intent.
Regenerated mycroft-personal.mycroftai:WhenWereYouBorn.intent.
Regenerated mycroft-personal.mycroftai:WhereWereYouBorn.intent.
Regenerated mycroft-personal.mycroftai:WhoAreYou.intent.
Regenerated mycroft-personal.mycroftai:DoYouRhyme.intent.
Regenerated mycroft-personal.mycroftai:WhatAreYou.intent.
Regenerated mycroft-wiki.mycroftai:Random.intent.
Regenerated mycroft-reminder.mycroftai:CancelActiveReminder.intent.
Regenerated mycroft-reminder.mycroftai:GetRemindersForDay.intent.
Regenerated mycroft-reminder.mycroftai:ReminderAt.intent.
Regenerated mycroft-reminder.mycroftai:GetNextReminders.intent.
Regenerated mycroft-reminder.mycroftai:SnoozeReminder.intent.
Regenerated mycroft-reminder.mycroftai:ClearReminders.intent.
Regenerated mycroft-reminder.mycroftai:DeleteReminderForDay.intent.
Regenerated mycroft-reminder.mycroftai:Reminder.intent.
Regenerated homeassistant.mycroftai:tracker.intent.
Regenerated homeassistant.mycroftai:set.climate.intent.
Regenerated homeassistant.mycroftai:add.item.shopping.list.intent.
Regenerated homeassistant.mycroftai:decrease.light.brightness.intent.
Regenerated homeassistant.mycroftai:automation.intent.
Regenerated homeassistant.mycroftai:turn.on.intent.
Regenerated homeassistant.mycroftai:increase.light.brightness.intent.
Regenerated mycroft-alarm.mycroftai:snooze.intent.
2021-10-22 08:01:50.213 | INFO     |  5672 | mycroft.skills.intent_services.padatious_service:train:153 | Training complete.
2021-10-22 08:02:01.261 | INFO     |  5672 | mycroft.skills.settings:save_settings:116 | Skill settings successfully saved to /home/runner/.config/mycroft/skills/mycroft-timer.mycroftai/settings.json
2021-10-22 08:02:03.381 | INFO     |  5672 | mycroft.skills.settings:save_settings:116 | Skill settings successfully saved to /home/runner/.config/mycroft/skills/mycroft-pairing.mycroftai/settings.json
2021-10-22 08:02:23.181 | INFO     |  5672 | __main__:on_stopping:193 | Skills service is shutting down...
2021-10-22 08:02:23.182 | INFO     |  5672 | __main__:shutdown:284 | Shutting down Skills service
2021-10-22 08:02:23.365 | ERROR    |  5672 | VolumeSkill | Couldn't allocate mixer, ALSAAudioError('No such file or directory [default]')
2021-10-22 08:02:23.367 | INFO     |  5672 | mycroft.skills.settings:save_settings:116 | Skill settings successfully saved to /home/runner/.config/mycroft/skills/mycroft-volume.mycroftai/settings.json
2021-10-22 08:02:23.369 | INFO     |  5672 | mycroft.skills.settings:save_settings:116 | Skill settings successfully saved to /home/runner/.config/mycroft/skills/mycroft-ip.mycroftai/settings.json
2021-10-22 08:02:23.371 | INFO     |  5672 | mycroft.skills.settings:save_settings:116 | Skill settings successfully saved to /home/runner/.config/mycroft/skills/mycroft-reminder.mycroftai/settings.json
2021-10-22 08:02:23.386 | INFO     |  5672 | mycroft.skills.settings:save_settings:116 | Skill settings successfully saved to /home/runner/.config/mycroft/skills/mycroft-installer.mycroftai/settings.json
2021-10-22 08:02:23.389 | INFO     |  5672 | mycroft.skills.settings:save_settings:116 | Skill settings successfully saved to /home/runner/.config/mycroft/skills/mycroft-version-checker.mycroftai/settings.json
2021-10-22 08:02:23.391 | INFO     |  5672 | mycroft.skills.settings:save_settings:116 | Skill settings successfully saved to /home/runner/.config/mycroft/skills/mycroft-singing.mycroftai/settings.json
2021-10-22 08:02:23.393 | INFO     |  5672 | mycroft.skills.settings:save_settings:116 | Skill settings successfully saved to /home/runner/.config/mycroft/skills/mycroft-joke.mycroftai/settings.json
2021-10-22 08:02:23.403 | INFO     |  5672 | HomeAssistantSkill | Removing all handlers...
2021-10-22 08:02:23.404 | WARNING  |  5672 | mycroft.skills.fallback_skill:remove_fallback:185 | Could not find matching fallback handler
2021-10-22 08:02:23.405 | INFO     |  5672 | mycroft.skills.settings:save_settings:116 | Skill settings successfully saved to /home/runner/.config/mycroft/skills/mycroft-alarm.mycroftai/settings.json
2021-10-22 08:02:23.407 | INFO     |  5672 | mycroft.skills.settings:save_settings:116 | Skill settings successfully saved to /home/runner/.config/mycroft/skills/mycroft-naptime.mycroftai/settings.json
2021-10-22 08:02:23.415 | INFO     |  5672 | mycroft.skills.settings:save_settings:116 | Skill settings successfully saved to /home/runner/.config/mycroft/skills/mycroft-spelling.mycroftai/settings.json
2021-10-22 08:02:23.416 | INFO     |  5672 | mycroft.skills.settings:save_settings:116 | Skill settings successfully saved to /home/runner/.config/mycroft/skills/mycroft-fallback-duck-duck-go.mycroftai/settings.json
2021-10-22 08:02:23.427 | INFO     |  5672 | mycroft.skills.settings:save_settings:116 | Skill settings successfully saved to /home/runner/.config/mycroft/skills/mycroft-npr-news.mycroftai/settings.json
2021-10-22 08:02:23.428 | INFO     |  5672 | mycroft.skills.settings:save_settings:116 | Skill settings successfully saved to /home/runner/.config/mycroft/skills/mycroft-support-helper.mycroftai/settings.json
2021-10-22 08:02:23.429 | INFO     |  5672 | mycroft.skills.settings:save_settings:116 | Skill settings successfully saved to /home/runner/.config/mycroft/skills/mycroft-weather.mycroftai/settings.json
2021-10-22 08:02:23.440 | INFO     |  5672 | mycroft.skills.settings:save_settings:116 | Skill settings successfully saved to /home/runner/.config/mycroft/skills/mycroft-speak.mycroftai/settings.json
2021-10-22 08:02:23.452 | INFO     |  5672 | mycroft.skills.settings:save_settings:116 | Skill settings successfully saved to /home/runner/.config/mycroft/skills/mycroft-audio-record.mycroftai/settings.json
2021-10-22 08:02:23.454 | INFO     |  5672 | mycroft.skills.settings:save_settings:116 | Skill settings successfully saved to /home/runner/.config/mycroft/skills/mycroft-stop.mycroftai/settings.json
2021-10-22 08:02:23.456 | INFO     |  5672 | mycroft.skills.settings:save_settings:116 | Skill settings successfully saved to /home/runner/.config/mycroft/skills/mycroft-hello-world.mycroftai/settings.json
2021-10-22 08:02:23.466 | INFO     |  5672 | mycroft.skills.settings:save_settings:116 | Skill settings successfully saved to /home/runner/.config/mycroft/skills/mycroft-date-time.mycroftai/settings.json
2021-10-22 08:02:23.470 | INFO     |  5672 | mycroft.skills.settings:save_settings:116 | Skill settings successfully saved to /home/runner/.config/mycroft/skills/mycroft-configuration.mycroftai/settings.json
2021-10-22 08:02:23.471 | INFO     |  5672 | QuestionsAnswersSkill | Removing all handlers...
2021-10-22 08:02:23.481 | INFO     |  5672 | mycroft.skills.settings:save_settings:116 | Skill settings successfully saved to /home/runner/.config/mycroft/skills/fallback-query.mycroftai/settings.json
2021-10-22 08:02:23.483 | INFO     |  5672 | mycroft.skills.settings:save_settings:116 | Skill settings successfully saved to /home/runner/.config/mycroft/skills/mycroft-personal.mycroftai/settings.json
2021-10-22 08:02:23.485 | INFO     |  5672 | mycroft.skills.settings:save_settings:116 | Skill settings successfully saved to /home/runner/.config/mycroft/skills/fallback-wolfram-alpha.mycroftai/settings.json
2021-10-22 08:02:23.486 | INFO     |  5672 | mycroft.skills.settings:save_settings:116 | Skill settings successfully saved to /home/runner/.config/mycroft/skills/mycroft-wiki.mycroftai/settings.json
2021-10-22 08:02:23.496 | INFO     |  5672 | UnknownSkill | Removing all handlers...
2021-10-22 08:02:23.497 | INFO     |  5672 | mycroft.skills.settings:save_settings:116 | Skill settings successfully saved to /home/runner/.config/mycroft/skills/fallback-unknown.mycroftai/settings.json
2021-10-22 08:02:23.498 | INFO     |  5672 | mycroft.skills.settings:save_settings:116 | Skill settings successfully saved to /home/runner/.config/mycroft/skills/mycroft-playback-control.mycroftai/settings.json
2021-10-22 08:02:24.499 | INFO     |  5672 | Playback Control Skill | Audio service status: {}
2021-10-22 08:02:25.501 | WARNING  |  5672 | mycroft.skills.skill_manager:_shutdown_skill:106 | mycroft-playback-control.mycroftai shutdown took 2.0021150839999677 seconds
2021-10-22 08:02:25.501 | INFO     |  5672 | __main__:shutdown:291 | Skills service shutdown complete!
2021-10-22 08:02:27.316 | ERROR    |  5672 | websocket | error from callback <bound method MessageBusClient.on_message of <mycroft.messagebus.client.client.MessageBusClient object at 0x7f3510bdbc90>>: cannot schedule new futures after shutdown
2021-10-22 08:02:27.319 | ERROR    |  5672 | websocket | error from callback <bound method MessageBusClient.on_message of <mycroft.messagebus.client.client.MessageBusClient object at 0x7f3510bdbc90>>: cannot schedule new futures after shutdown
2021-10-22 08:02:27.321 | ERROR    |  5672 | websocket | error from callback <bound method MessageBusClient.on_message of <mycroft.messagebus.client.client.MessageBusClient object at 0x7f3510bdbc90>>: cannot schedule new futures after shutdown
