2021-11-05 23:42:04.323 | INFO     |  6121 | mycroft.messagebus.load_config:load_message_bus_config:33 | Loading message bus configs
2021-11-05 23:42:04.332 | ERROR    |  6121 | mycroft_bus_client.client.client | === ConnectionRefusedError(111, 'Connection refused') ===
Traceback (most recent call last):
  File "/opt/mycroft-core/.venv/lib/python3.7/site-packages/websocket/_app.py", line 318, in run_forever
    proxy_type=proxy_type)
  File "/opt/mycroft-core/.venv/lib/python3.7/site-packages/websocket/_core.py", line 250, in connect
    options.pop('socket', None))
  File "/opt/mycroft-core/.venv/lib/python3.7/site-packages/websocket/_http.py", line 130, in connect
    sock = _open_socket(addrinfo_list, options.sockopt, options.timeout)
  File "/opt/mycroft-core/.venv/lib/python3.7/site-packages/websocket/_http.py", line 208, in _open_socket
    raise err
  File "/opt/mycroft-core/.venv/lib/python3.7/site-packages/websocket/_http.py", line 185, in _open_socket
    sock.connect(address)
ConnectionRefusedError: [Errno 111] Connection refused
2021-11-05 23:42:04.333 | ERROR    |  6121 | mycroft_bus_client.client.client | Exception closing websocket: ConnectionRefusedError(111, 'Connection refused')
2021-11-05 23:42:04.333 | WARNING  |  6121 | mycroft_bus_client.client.client | Message Bus Client will reconnect in 5.0 seconds.
2021-11-05 23:42:09.338 | INFO     |  6121 | mycroft_bus_client.client.client | Connected
2021-11-05 23:42:09.345 | INFO     |  6121 | mycroft.util.process_utils:start_message_bus_client:155 | Connected to messagebus
2021-11-05 23:42:09.355 | INFO     |  6121 | mycroft.skills.msm_wrapper:create_msm:96 | Acquiring lock to instantiate MSM
2021-11-05 23:42:09.356 | INFO     |  6121 | msm.mycroft_skills_manager | building SkillEntry objects for all skills
2021-11-05 23:42:09.772 | INFO     |  6121 | mycroft.skills.msm_wrapper:create_msm:112 | Releasing MSM instantiation lock.
2021-11-05 23:42:09.773 | INFO     |  6121 | mycroft.skills.skill_updater:_log_next_download_time:267 | Next scheduled skill update: 2021-11-05 23:42:08.772693
2021-11-05 23:42:09.773 | INFO     |  6121 | msm.skill_entry | Downloading skill: https://github.com/mycroftai/skill-pairing
2021-11-05 23:42:10.160 | INFO     |  6121 | msm.skill_entry | Installing system requirements...
2021-11-05 23:42:10.171 | INFO     |  6121 | msm.skill_entry | Successfully installed mycroft-pairing
2021-11-05 23:42:10.172 | INFO     |  6121 | msm.mycroft_skills_manager | invalidating skills cache
2021-11-05 23:42:10.174 | INFO     |  6121 | mycroft.skills.skill_loader:load:185 | ATTEMPTING TO LOAD SKILL: mycroft-pairing.mycroftai
2021-11-05 23:42:10.181 | INFO     |  6121 | mycroft.skills.settings:get_local_settings:83 | /opt/mycroft/skills/mycroft-pairing.mycroftai/settings.json
2021-11-05 23:42:10.193 | INFO     |  6121 | mycroft.skills.skill_loader:_check_for_first_run:324 | First run of mycroft-pairing.mycroftai
2021-11-05 23:42:10.194 | INFO     |  6121 | mycroft.skills.settings:save_settings:116 | Skill settings successfully saved to /home/runner/.config/mycroft/skills/mycroft-pairing.mycroftai/settings.json
2021-11-05 23:42:10.195 | INFO     |  6121 | mycroft.skills.skill_loader:_communicate_load_status:344 | Skill mycroft-pairing.mycroftai loaded successfully
2021-11-05 23:42:10.195 | INFO     |  6121 | msm.skill_entry | Downloading skill: https://github.com/mycroftai/skill-volume
2021-11-05 23:42:10.522 | INFO     |  6121 | msm.skill_entry | Installing system requirements...
2021-11-05 23:42:10.535 | INFO     |  6121 | msm.skill_entry | Installing requirements.txt for mycroft-volume
2021-11-05 23:42:11.559 | INFO     |  6121 | msm.skill_entry | Successfully installed mycroft-volume
2021-11-05 23:42:11.560 | INFO     |  6121 | msm.mycroft_skills_manager | invalidating skills cache
2021-11-05 23:42:11.561 | INFO     |  6121 | mycroft.skills.skill_loader:load:185 | ATTEMPTING TO LOAD SKILL: mycroft-volume.mycroftai
2021-11-05 23:42:11.571 | INFO     |  6121 | mycroft.skills.settings:get_local_settings:83 | /opt/mycroft/skills/mycroft-volume.mycroftai/settings.json
2021-11-05 23:42:11.705 | ERROR    |  6121 | VolumeSkill | Couldn't allocate mixer, ALSAAudioError('No such file or directory [default]')
2021-11-05 23:42:14.708 | INFO     |  6121 | mycroft.skills.skill_loader:_check_for_first_run:324 | First run of mycroft-volume.mycroftai
2021-11-05 23:42:14.709 | INFO     |  6121 | mycroft.skills.settings:save_settings:116 | Skill settings successfully saved to /home/runner/.config/mycroft/skills/mycroft-volume.mycroftai/settings.json
2021-11-05 23:42:14.710 | INFO     |  6121 | mycroft.skills.skill_loader:_communicate_load_status:344 | Skill mycroft-volume.mycroftai loaded successfully
2021-11-05 23:42:14.710 | INFO     |  6121 | __main__:on_started:177 | Skills service is starting up.
2021-11-05 23:42:14.784 | INFO     |  6121 | __main__:_update_system:154 | Attempting system update...
2021-11-05 23:42:17.786 | INFO     |  6121 | mycroft.enclosure.display_manager:_write_data:70 | Display Manager is creating /tmp/mycroft/ipc/managers/disp_info
2021-11-05 23:42:17.789 | INFO     |  6121 | __main__:_ensure_device_is_paired:133 | Device not paired, invoking the pairing skill
2021-11-05 23:42:17.800 | INFO     |  6121 | __main__:on_alive:181 | Skills service is alive.
2021-11-05 23:42:17.801 | INFO     |  6121 | msm.mycroft_skills_manager | building SkillEntry objects for all skills
2021-11-05 23:42:17.914 | INFO     |  6121 | PairingSkill | Communicating account URL to user
2021-11-05 23:42:18.063 | WARNING  |  6121 | msm.mycroft_skills_manager | No such default skill: mycroft-pandora
2021-11-05 23:42:18.064 | INFO     |  6121 | mycroft.skills.skill_manager:run:234 | Not all default skills are installed, performing skill update...
2021-11-05 23:42:18.065 | INFO     |  6121 | mycroft.skills.skill_updater:update_skills:149 | Beginning skill update...
2021-11-05 23:42:18.132 | INFO     |  6121 | msm.mycroft_skills_manager | building SkillEntry objects for all skills
2021-11-05 23:42:18.398 | INFO     |  6121 | msm.mycroft_skills_manager | invalidating skills cache
2021-11-05 23:42:18.425 | INFO     |  6121 | msm.skill_entry | Downloading skill: https://github.com/mycroftai/fallback-unknown
2021-11-05 23:42:18.434 | INFO     |  6121 | msm.skill_entry | Downloading skill: https://github.com/mycroftai/skill-date-time
2021-11-05 23:42:18.437 | INFO     |  6121 | msm.skill_entry | Downloading skill: https://github.com/mycroftai/fallback-duckduckgo
2021-11-05 23:42:18.441 | INFO     |  6121 | msm.skill_entry | Downloading skill: https://github.com/mycroftai/skill-hello-world
2021-11-05 23:42:18.446 | INFO     |  6121 | msm.skill_entry | Downloading skill: https://github.com/mycroftai/fallback-wolfram-alpha
2021-11-05 23:42:18.449 | INFO     |  6121 | msm.skill_entry | Downloading skill: https://github.com/mycroftai/skill-installer
2021-11-05 23:42:18.454 | INFO     |  6121 | msm.skill_entry | Downloading skill: https://github.com/mycroftai/skill-configuration
2021-11-05 23:42:18.458 | INFO     |  6121 | msm.skill_entry | Downloading skill: https://github.com/mycroftai/skill-joke
2021-11-05 23:42:18.464 | INFO     |  6121 | msm.skill_entry | Downloading skill: https://github.com/mycroftai/skill-audio-record
2021-11-05 23:42:18.475 | INFO     |  6121 | msm.skill_entry | Downloading skill: https://github.com/mycroftai/skill-personal
2021-11-05 23:42:18.477 | INFO     |  6121 | msm.skill_entry | Downloading skill: https://github.com/mycroftai/skill-reminder
2021-11-05 23:42:18.477 | INFO     |  6121 | msm.skill_entry | Downloading skill: https://github.com/mycroftai/skill-playback-control
2021-11-05 23:42:18.478 | INFO     |  6121 | msm.skill_entry | Downloading skill: https://github.com/mycroftai/skill-alarm
2021-11-05 23:42:18.478 | INFO     |  6121 | msm.skill_entry | Downloading skill: https://github.com/mycroftai/skill-npr-news
2021-11-05 23:42:18.479 | INFO     |  6121 | msm.skill_entry | Downloading skill: https://github.com/mycroftai/skill-naptime
2021-11-05 23:42:18.501 | INFO     |  6121 | msm.skill_entry | Downloading skill: https://github.com/mycroftai/skill-singing
2021-11-05 23:42:18.506 | INFO     |  6121 | msm.skill_entry | Downloading skill: https://github.com/mycroftai/skill-ip
2021-11-05 23:42:19.487 | INFO     |  6121 | msm.skill_entry | Installing system requirements...
2021-11-05 23:42:19.588 | INFO     |  6121 | msm.skill_entry | Installing system requirements...
2021-11-05 23:42:19.631 | INFO     |  6121 | msm.skill_entry | Installing requirements.txt for mycroft-fallback-duck-duck-go
2021-11-05 23:42:19.843 | INFO     |  6121 | msm.skill_entry | Installing requirements.txt for mycroft-ip
2021-11-05 23:42:20.123 | INFO     |  6121 | msm.skill_entry | Installing system requirements...
2021-11-05 23:42:20.213 | INFO     |  6121 | msm.skill_entry | Installing system requirements...
2021-11-05 23:42:20.266 | INFO     |  6121 | msm.skill_entry | Installing system requirements...
2021-11-05 23:42:20.268 | INFO     |  6121 | msm.skill_entry | Installing system requirements...
2021-11-05 23:42:20.347 | INFO     |  6121 | msm.skill_entry | Installing system requirements...
2021-11-05 23:42:20.390 | INFO     |  6121 | msm.skill_entry | Installing system requirements...
2021-11-05 23:42:20.391 | INFO     |  6121 | msm.skill_entry | Installing system requirements...
2021-11-05 23:42:20.410 | INFO     |  6121 | msm.skill_entry | Installing requirements.txt for mycroft-joke
2021-11-05 23:42:20.442 | INFO     |  6121 | msm.skill_entry | Installing system requirements...
2021-11-05 23:42:20.488 | INFO     |  6121 | msm.skill_entry | Successfully installed mycroft-personal
2021-11-05 23:42:20.488 | INFO     |  6121 | msm.mycroft_skills_manager | invalidating skills cache
2021-11-05 23:42:20.490 | INFO     |  6121 | msm.skill_entry | Downloading skill: https://github.com/mycroftai/skill-speak
2021-11-05 23:42:20.513 | INFO     |  6121 | msm.skill_entry | Successfully installed fallback-unknown
2021-11-05 23:42:20.513 | INFO     |  6121 | msm.mycroft_skills_manager | invalidating skills cache
2021-11-05 23:42:20.514 | INFO     |  6121 | msm.skill_entry | Downloading skill: https://github.com/mycroftai/skill-spelling
2021-11-05 23:42:20.516 | INFO     |  6121 | msm.skill_entry | Installing requirements.txt for mycroft-audio-record
2021-11-05 23:42:20.593 | INFO     |  6121 | msm.skill_entry | Installing requirements.txt for fallback-wolfram-alpha
2021-11-05 23:42:20.600 | INFO     |  6121 | msm.skill_entry | Successfully installed mycroft-naptime
2021-11-05 23:42:20.600 | INFO     |  6121 | msm.mycroft_skills_manager | invalidating skills cache
2021-11-05 23:42:20.601 | INFO     |  6121 | msm.skill_entry | Successfully installed mycroft-hello-world
2021-11-05 23:42:20.602 | INFO     |  6121 | msm.mycroft_skills_manager | invalidating skills cache
2021-11-05 23:42:20.603 | INFO     |  6121 | msm.skill_entry | Downloading skill: https://github.com/mycroftai/skill-stop
2021-11-05 23:42:20.610 | INFO     |  6121 | msm.skill_entry | Downloading skill: https://github.com/mycroftai/skill-support
2021-11-05 23:42:20.637 | INFO     |  6121 | msm.skill_entry | Successfully installed mycroft-playback-control
2021-11-05 23:42:20.638 | INFO     |  6121 | msm.mycroft_skills_manager | invalidating skills cache
2021-11-05 23:42:20.639 | INFO     |  6121 | msm.skill_entry | Downloading skill: https://github.com/mycroftai/mycroft-timer
2021-11-05 23:42:20.768 | INFO     |  6121 | msm.skill_entry | Installing system requirements...
2021-11-05 23:42:20.864 | INFO     |  6121 | msm.skill_entry | Successfully installed mycroft-reminder
2021-11-05 23:42:20.865 | INFO     |  6121 | msm.mycroft_skills_manager | invalidating skills cache
2021-11-05 23:42:20.866 | INFO     |  6121 | msm.skill_entry | Downloading skill: https://github.com/mycroftai/skill-weather
2021-11-05 23:42:20.929 | INFO     |  6121 | msm.skill_entry | Nothing new for mycroft-pairing
2021-11-05 23:42:20.957 | INFO     |  6121 | msm.skill_entry | Installing system requirements...
2021-11-05 23:42:21.116 | INFO     |  6121 | msm.skill_entry | Installing system requirements...
2021-11-05 23:42:21.123 | INFO     |  6121 | msm.skill_entry | Installing system requirements...
2021-11-05 23:42:21.167 | INFO     |  6121 | msm.skill_entry | Installing requirements.txt for mycroft-installer
2021-11-05 23:42:21.197 | INFO     |  6121 | msm.skill_entry | Installing requirements.txt for mycroft-configuration
2021-11-05 23:42:21.209 | INFO     |  6121 | msm.skill_entry | Installing system requirements...
2021-11-05 23:42:21.220 | INFO     |  6121 | msm.skill_entry | Installing requirements.txt for mycroft-npr-news
2021-11-05 23:42:21.293 | ERROR    |  6121 | msm.mycroft_skills_manager | Error running install_or_update on homeassistant.mycroftai: MergeConflict
2021-11-05 23:42:21.323 | INFO     |  6121 | msm.skill_entry | Downloading skill: https://github.com/mycroftai/skill-version-checker
2021-11-05 23:42:21.335 | INFO     |  6121 | msm.skill_entry | Downloading skill: https://github.com/mycroftai/skill-wiki
2021-11-05 23:42:21.447 | INFO     |  6121 | msm.skill_entry | Nothing new for mycroft-volume
2021-11-05 23:42:21.478 | INFO     |  6121 | msm.skill_entry | Installing system requirements...
2021-11-05 23:42:21.483 | INFO     |  6121 | msm.skill_entry | Installing system requirements...
2021-11-05 23:42:21.524 | INFO     |  6121 | msm.skill_entry | Installing system requirements...
2021-11-05 23:42:21.563 | INFO     |  6121 | msm.skill_entry | Successfully installed mycroft-speak
2021-11-05 23:42:21.567 | INFO     |  6121 | msm.mycroft_skills_manager | invalidating skills cache
2021-11-05 23:42:21.570 | INFO     |  6121 | msm.skill_entry | Downloading skill: https://github.com/MycroftAI/skill-query
2021-11-05 23:42:21.571 | INFO     |  6121 | msm.skill_entry | Installing requirements.txt for mycroft-volume
2021-11-05 23:42:21.575 | INFO     |  6121 | msm.skill_entry | Installing requirements.txt for mycroft-date-time
2021-11-05 23:42:21.667 | INFO     |  6121 | msm.skill_entry | Installing system requirements...
2021-11-05 23:42:21.870 | INFO     |  6121 | msm.skill_entry | Successfully installed mycroft-spelling
2021-11-05 23:42:21.870 | INFO     |  6121 | msm.mycroft_skills_manager | invalidating skills cache
2021-11-05 23:42:21.902 | INFO     |  6121 | msm.skill_entry | Installing system requirements...
2021-11-05 23:42:22.005 | INFO     |  6121 | msm.skill_entry | Successfully installed mycroft-stop
2021-11-05 23:42:22.006 | INFO     |  6121 | msm.mycroft_skills_manager | invalidating skills cache
2021-11-05 23:42:22.040 | INFO     |  6121 | msm.skill_entry | Installing system requirements...
2021-11-05 23:42:22.096 | INFO     |  6121 | msm.skill_entry | Installing system requirements...
2021-11-05 23:42:22.167 | INFO     |  6121 | msm.skill_entry | Installing requirements.txt for mycroft-alarm
2021-11-05 23:42:22.209 | INFO     |  6121 | msm.skill_entry | Installing requirements.txt for mycroft-support-helper
2021-11-05 23:42:22.275 | INFO     |  6121 | msm.skill_entry | Installing system requirements...
2021-11-05 23:42:22.325 | INFO     |  6121 | msm.skill_entry | Installing system requirements...
2021-11-05 23:42:22.394 | INFO     |  6121 | msm.skill_entry | Successfully installed fallback-query
2021-11-05 23:42:22.394 | INFO     |  6121 | msm.mycroft_skills_manager | invalidating skills cache
2021-11-05 23:42:22.428 | INFO     |  6121 | msm.skill_entry | Successfully installed mycroft-version-checker
2021-11-05 23:42:22.428 | INFO     |  6121 | msm.mycroft_skills_manager | invalidating skills cache
2021-11-05 23:42:22.494 | INFO     |  6121 | msm.skill_entry | Installing system requirements...
2021-11-05 23:42:22.545 | INFO     |  6121 | msm.skill_entry | Successfully installed mycroft-timer
2021-11-05 23:42:22.546 | INFO     |  6121 | msm.mycroft_skills_manager | invalidating skills cache
2021-11-05 23:42:22.552 | INFO     |  6121 | msm.skill_entry | Installing system requirements...
2021-11-05 23:42:22.592 | INFO     |  6121 | msm.skill_entry | Installing requirements.txt for mycroft-wiki
2021-11-05 23:42:22.784 | ERROR    |  6121 | msm.mycroft_skills_manager | Error running install_or_update on homeassistant: MergeConflict
2021-11-05 23:42:22.903 | INFO     |  6121 | msm.skill_entry | Installing system requirements...
2021-11-05 23:42:22.934 | INFO     |  6121 | msm.skill_entry | Installing requirements.txt for mycroft-weather
2021-11-05 23:42:23.097 | INFO     |  6121 | msm.skill_entry | Installing system requirements...
2021-11-05 23:42:23.111 | INFO     |  6121 | msm.skill_entry | Successfully installed mycroft-singing
2021-11-05 23:42:23.111 | INFO     |  6121 | msm.mycroft_skills_manager | invalidating skills cache
2021-11-05 23:42:23.603 | INFO     |  6121 | msm.skill_entry | Successfully installed mycroft-fallback-duck-duck-go
2021-11-05 23:42:23.603 | INFO     |  6121 | msm.mycroft_skills_manager | invalidating skills cache
2021-11-05 23:42:24.658 | INFO     |  6121 | msm.skill_entry | Successfully installed mycroft-ip
2021-11-05 23:42:24.658 | INFO     |  6121 | msm.mycroft_skills_manager | invalidating skills cache
2021-11-05 23:42:26.404 | INFO     |  6121 | msm.skill_entry | Successfully installed mycroft-joke
2021-11-05 23:42:26.405 | INFO     |  6121 | msm.mycroft_skills_manager | invalidating skills cache
2021-11-05 23:42:27.504 | INFO     |  6121 | msm.skill_entry | Successfully installed mycroft-audio-record
2021-11-05 23:42:27.505 | INFO     |  6121 | msm.mycroft_skills_manager | invalidating skills cache
2021-11-05 23:42:32.191 | INFO     |  6121 | msm.skill_entry | Successfully installed fallback-wolfram-alpha
2021-11-05 23:42:32.192 | INFO     |  6121 | msm.mycroft_skills_manager | invalidating skills cache
2021-11-05 23:42:33.284 | INFO     |  6121 | msm.skill_entry | Successfully installed mycroft-installer
2021-11-05 23:42:33.284 | INFO     |  6121 | msm.mycroft_skills_manager | invalidating skills cache
2021-11-05 23:42:36.367 | INFO     |  6121 | msm.skill_entry | Successfully installed mycroft-configuration
2021-11-05 23:42:36.368 | INFO     |  6121 | msm.mycroft_skills_manager | invalidating skills cache
2021-11-05 23:42:40.074 | INFO     |  6121 | msm.skill_entry | Successfully installed mycroft-npr-news
2021-11-05 23:42:40.074 | INFO     |  6121 | msm.mycroft_skills_manager | invalidating skills cache
2021-11-05 23:42:48.252 | INFO     |  6121 | PairingSkill | Initiating device pairing sequence...
2021-11-05 23:42:48.252 | INFO     |  6121 | PairingSkill | Retrieving pairing code from device API...
2021-11-05 23:42:48.448 | INFO     |  6121 | PairingSkill | Pairing code obtained: W9NLCT
2021-11-05 23:42:48.448 | INFO     |  6121 | PairingSkill | Communicating pairing URL to user
2021-11-05 23:43:00.980 | INFO     |  6121 | msm.skill_entry | Successfully installed mycroft-date-time
2021-11-05 23:43:00.980 | INFO     |  6121 | msm.mycroft_skills_manager | invalidating skills cache
2021-11-05 23:43:02.088 | INFO     |  6121 | msm.skill_entry | Successfully installed mycroft-alarm
2021-11-05 23:43:02.089 | INFO     |  6121 | msm.mycroft_skills_manager | invalidating skills cache
2021-11-05 23:43:04.783 | INFO     |  6121 | msm.skill_entry | Successfully installed mycroft-support-helper
2021-11-05 23:43:04.783 | INFO     |  6121 | msm.mycroft_skills_manager | invalidating skills cache
2021-11-05 23:43:07.174 | INFO     |  6121 | msm.skill_entry | Successfully installed mycroft-wiki
2021-11-05 23:43:07.175 | INFO     |  6121 | msm.mycroft_skills_manager | invalidating skills cache
2021-11-05 23:43:08.401 | INFO     |  6121 | msm.skill_entry | Successfully installed mycroft-weather
2021-11-05 23:43:08.401 | INFO     |  6121 | msm.mycroft_skills_manager | invalidating skills cache
2021-11-05 23:43:08.434 | INFO     |  6121 | mycroft.skills.skill_updater:_log_next_download_time:267 | Next scheduled skill update: 2021-11-06 00:43:08.434293
2021-11-05 23:43:08.435 | INFO     |  6121 | mycroft.skills.skill_updater:update_skills:170 | Skill update complete
2021-11-05 23:43:08.435 | INFO     |  6121 | mycroft.skills.skill_manager:_load_on_startup:273 | Loading installed skills...
2021-11-05 23:43:08.437 | INFO     |  6121 | mycroft.skills.skill_loader:load:185 | ATTEMPTING TO LOAD SKILL: mycroft-fallback-duck-duck-go.mycroftai
2021-11-05 23:43:08.451 | INFO     |  6121 | mycroft.skills.settings:get_local_settings:83 | /opt/mycroft/skills/mycroft-fallback-duck-duck-go.mycroftai/settings.json
2021-11-05 23:43:08.470 | INFO     |  6121 | mycroft.skills.skill_loader:_check_for_first_run:324 | First run of mycroft-fallback-duck-duck-go.mycroftai
2021-11-05 23:43:08.471 | INFO     |  6121 | mycroft.skills.settings:save_settings:116 | Skill settings successfully saved to /home/runner/.config/mycroft/skills/mycroft-fallback-duck-duck-go.mycroftai/settings.json
2021-11-05 23:43:08.472 | INFO     |  6121 | mycroft.skills.skill_loader:_communicate_load_status:344 | Skill mycroft-fallback-duck-duck-go.mycroftai loaded successfully
2021-11-05 23:43:08.473 | INFO     |  6121 | mycroft.skills.skill_loader:load:185 | ATTEMPTING TO LOAD SKILL: mycroft-timer.mycroftai
2021-11-05 23:43:08.495 | INFO     |  6121 | mycroft.skills.settings:get_local_settings:83 | /opt/mycroft/skills/mycroft-timer.mycroftai/settings.json
2021-11-05 23:43:08.564 | INFO     |  6121 | mycroft.skills.skill_loader:_check_for_first_run:324 | First run of mycroft-timer.mycroftai
2021-11-05 23:43:08.564 | INFO     |  6121 | mycroft.skills.settings:save_settings:116 | Skill settings successfully saved to /home/runner/.config/mycroft/skills/mycroft-timer.mycroftai/settings.json
2021-11-05 23:43:08.567 | INFO     |  6121 | mycroft.skills.skill_loader:_communicate_load_status:344 | Skill mycroft-timer.mycroftai loaded successfully
2021-11-05 23:43:08.567 | INFO     |  6121 | mycroft.skills.skill_loader:load:185 | ATTEMPTING TO LOAD SKILL: fallback-unknown.mycroftai
2021-11-05 23:43:08.577 | INFO     |  6121 | mycroft.skills.settings:get_local_settings:83 | /opt/mycroft/skills/fallback-unknown.mycroftai/settings.json
2021-11-05 23:43:08.589 | INFO     |  6121 | mycroft.skills.skill_loader:_check_for_first_run:324 | First run of fallback-unknown.mycroftai
2021-11-05 23:43:08.590 | INFO     |  6121 | mycroft.skills.settings:save_settings:116 | Skill settings successfully saved to /home/runner/.config/mycroft/skills/fallback-unknown.mycroftai/settings.json
2021-11-05 23:43:08.590 | INFO     |  6121 | mycroft.skills.skill_loader:_communicate_load_status:344 | Skill fallback-unknown.mycroftai loaded successfully
2021-11-05 23:43:08.591 | INFO     |  6121 | mycroft.skills.skill_loader:load:185 | ATTEMPTING TO LOAD SKILL: mycroft-date-time.mycroftai
2021-11-05 23:43:09.675 | INFO     |  6121 | mycroft.skills.settings:get_local_settings:83 | /opt/mycroft/skills/mycroft-date-time.mycroftai/settings.json
2021-11-05 23:43:09.732 | INFO     |  6121 | TimeSkill | Registering resting screen <bound method TimeSkill.handle_idle of <mycroft-date-time_mycroftai.TimeSkill object at 0x7fa470680b90>> for Time and Date.
2021-11-05 23:43:09.741 | INFO     |  6121 | TimeSkill | Registering resting screen
2021-11-05 23:43:09.759 | INFO     |  6121 | mycroft.skills.skill_loader:_check_for_first_run:324 | First run of mycroft-date-time.mycroftai
2021-11-05 23:43:09.763 | INFO     |  6121 | mycroft.skills.settings:save_settings:116 | Skill settings successfully saved to /home/runner/.config/mycroft/skills/mycroft-date-time.mycroftai/settings.json
2021-11-05 23:43:09.803 | INFO     |  6121 | mycroft.skills.skill_loader:_communicate_load_status:344 | Skill mycroft-date-time.mycroftai loaded successfully
2021-11-05 23:43:09.804 | INFO     |  6121 | mycroft.skills.skill_loader:load:185 | ATTEMPTING TO LOAD SKILL: mycroft-playback-control.mycroftai
2021-11-05 23:43:09.820 | INFO     |  6121 | mycroft.skills.settings:get_local_settings:83 | /opt/mycroft/skills/mycroft-playback-control.mycroftai/settings.json
2021-11-05 23:43:09.890 | INFO     |  6121 | mycroft.skills.skill_loader:_check_for_first_run:324 | First run of mycroft-playback-control.mycroftai
2021-11-05 23:43:09.891 | INFO     |  6121 | mycroft.skills.settings:save_settings:116 | Skill settings successfully saved to /home/runner/.config/mycroft/skills/mycroft-playback-control.mycroftai/settings.json
2021-11-05 23:43:09.913 | INFO     |  6121 | mycroft.skills.skill_loader:_communicate_load_status:344 | Skill mycroft-playback-control.mycroftai loaded successfully
2021-11-05 23:43:09.923 | INFO     |  6121 | mycroft.skills.skill_loader:load:185 | ATTEMPTING TO LOAD SKILL: mycroft-speak.mycroftai
2021-11-05 23:43:09.938 | INFO     |  6121 | mycroft.skills.settings:get_local_settings:83 | /opt/mycroft/skills/mycroft-speak.mycroftai/settings.json
2021-11-05 23:43:09.975 | INFO     |  6121 | mycroft.skills.skill_loader:_check_for_first_run:324 | First run of mycroft-speak.mycroftai
2021-11-05 23:43:09.977 | INFO     |  6121 | mycroft.skills.settings:save_settings:116 | Skill settings successfully saved to /home/runner/.config/mycroft/skills/mycroft-speak.mycroftai/settings.json
2021-11-05 23:43:10.017 | INFO     |  6121 | mycroft.skills.skill_loader:_communicate_load_status:344 | Skill mycroft-speak.mycroftai loaded successfully
2021-11-05 23:43:10.018 | INFO     |  6121 | mycroft.skills.skill_loader:load:185 | ATTEMPTING TO LOAD SKILL: mycroft-stop.mycroftai
2021-11-05 23:43:10.024 | INFO     |  6121 | mycroft.skills.settings:get_local_settings:83 | /opt/mycroft/skills/mycroft-stop.mycroftai/settings.json
2021-11-05 23:43:10.068 | INFO     |  6121 | mycroft.skills.skill_loader:_check_for_first_run:324 | First run of mycroft-stop.mycroftai
2021-11-05 23:43:10.069 | INFO     |  6121 | mycroft.skills.settings:save_settings:116 | Skill settings successfully saved to /home/runner/.config/mycroft/skills/mycroft-stop.mycroftai/settings.json
2021-11-05 23:43:10.113 | INFO     |  6121 | mycroft.skills.skill_loader:_communicate_load_status:344 | Skill mycroft-stop.mycroftai loaded successfully
2021-11-05 23:43:10.113 | INFO     |  6121 | mycroft.skills.skill_loader:load:185 | ATTEMPTING TO LOAD SKILL: mycroft-installer.mycroftai
2021-11-05 23:43:10.125 | INFO     |  6121 | mycroft.skills.settings:get_local_settings:83 | /opt/mycroft/skills/mycroft-installer.mycroftai/settings.json
2021-11-05 23:43:10.140 | INFO     |  6121 | mycroft.skills.skill_loader:_check_for_first_run:324 | First run of mycroft-installer.mycroftai
2021-11-05 23:43:10.141 | INFO     |  6121 | mycroft.skills.settings:save_settings:116 | Skill settings successfully saved to /home/runner/.config/mycroft/skills/mycroft-installer.mycroftai/settings.json
2021-11-05 23:43:10.202 | INFO     |  6121 | mycroft.skills.skill_loader:_communicate_load_status:344 | Skill mycroft-installer.mycroftai loaded successfully
2021-11-05 23:43:10.202 | INFO     |  6121 | mycroft.skills.skill_loader:load:185 | ATTEMPTING TO LOAD SKILL: mycroft-ip.mycroftai
2021-11-05 23:43:10.361 | INFO     |  6121 | mycroft.skills.settings:get_local_settings:83 | /opt/mycroft/skills/mycroft-ip.mycroftai/settings.json
2021-11-05 23:43:10.384 | INFO     |  6121 | mycroft.skills.skill_loader:_check_for_first_run:324 | First run of mycroft-ip.mycroftai
2021-11-05 23:43:10.392 | INFO     |  6121 | mycroft.skills.settings:save_settings:116 | Skill settings successfully saved to /home/runner/.config/mycroft/skills/mycroft-ip.mycroftai/settings.json
2021-11-05 23:43:10.412 | INFO     |  6121 | mycroft.skills.skill_loader:_communicate_load_status:344 | Skill mycroft-ip.mycroftai loaded successfully
2021-11-05 23:43:10.413 | INFO     |  6121 | mycroft.skills.skill_loader:load:185 | ATTEMPTING TO LOAD SKILL: mycroft-npr-news.mycroftai
2021-11-05 23:43:10.590 | INFO     |  6121 | mycroft.skills.settings:get_local_settings:83 | /opt/mycroft/skills/mycroft-npr-news.mycroftai/settings.json
2021-11-05 23:43:11.630 | INFO     |  6121 | mycroft.skills.skill_loader:_check_for_first_run:324 | First run of mycroft-npr-news.mycroftai
2021-11-05 23:43:11.631 | INFO     |  6121 | mycroft.skills.settings:save_settings:116 | Skill settings successfully saved to /home/runner/.config/mycroft/skills/mycroft-npr-news.mycroftai/settings.json
2021-11-05 23:43:11.658 | INFO     |  6121 | mycroft.skills.skill_loader:_communicate_load_status:344 | Skill mycroft-npr-news.mycroftai loaded successfully
2021-11-05 23:43:11.659 | INFO     |  6121 | mycroft.skills.skill_loader:load:185 | ATTEMPTING TO LOAD SKILL: mycroft-alarm.mycroftai
2021-11-05 23:43:11.680 | INFO     |  6121 | mycroft.skills.settings:get_local_settings:83 | /opt/mycroft/skills/mycroft-alarm.mycroftai/settings.json
2021-11-05 23:43:11.680 | ERROR    |  6121 | AlarmSkill | Couldn't allocate mixer, ALSAAudioError('No such file or directory [default]')
2021-11-05 23:43:11.737 | INFO     |  6121 | mycroft.skills.skill_loader:_check_for_first_run:324 | First run of mycroft-alarm.mycroftai
2021-11-05 23:43:11.739 | INFO     |  6121 | mycroft.skills.settings:save_settings:116 | Skill settings successfully saved to /home/runner/.config/mycroft/skills/mycroft-alarm.mycroftai/settings.json
2021-11-05 23:43:11.822 | INFO     |  6121 | mycroft.skills.skill_loader:_communicate_load_status:344 | Skill mycroft-alarm.mycroftai loaded successfully
2021-11-05 23:43:11.825 | INFO     |  6121 | mycroft.skills.skill_loader:load:185 | ATTEMPTING TO LOAD SKILL: mycroft-reminder.mycroftai
2021-11-05 23:43:11.884 | INFO     |  6121 | mycroft.skills.settings:get_local_settings:83 | /opt/mycroft/skills/mycroft-reminder.mycroftai/settings.json
2021-11-05 23:43:11.914 | INFO     |  6121 | mycroft.skills.skill_loader:_check_for_first_run:324 | First run of mycroft-reminder.mycroftai
2021-11-05 23:43:11.915 | INFO     |  6121 | mycroft.skills.settings:save_settings:116 | Skill settings successfully saved to /home/runner/.config/mycroft/skills/mycroft-reminder.mycroftai/settings.json
2021-11-05 23:43:11.916 | INFO     |  6121 | mycroft.skills.skill_loader:_communicate_load_status:344 | Skill mycroft-reminder.mycroftai loaded successfully
2021-11-05 23:43:11.917 | INFO     |  6121 | mycroft.skills.skill_loader:load:185 | ATTEMPTING TO LOAD SKILL: mycroft-naptime.mycroftai
2021-11-05 23:43:11.931 | INFO     |  6121 | mycroft.skills.settings:get_local_settings:83 | /opt/mycroft/skills/mycroft-naptime.mycroftai/settings.json
2021-11-05 23:43:11.975 | INFO     |  6121 | mycroft.skills.skill_loader:_check_for_first_run:324 | First run of mycroft-naptime.mycroftai
2021-11-05 23:43:11.976 | INFO     |  6121 | mycroft.skills.settings:save_settings:116 | Skill settings successfully saved to /home/runner/.config/mycroft/skills/mycroft-naptime.mycroftai/settings.json
2021-11-05 23:43:12.018 | INFO     |  6121 | mycroft.skills.skill_loader:_communicate_load_status:344 | Skill mycroft-naptime.mycroftai loaded successfully
2021-11-05 23:43:12.022 | INFO     |  6121 | mycroft.skills.skill_loader:load:185 | ATTEMPTING TO LOAD SKILL: mycroft-joke.mycroftai
2021-11-05 23:43:12.032 | INFO     |  6121 | mycroft.skills.settings:get_local_settings:83 | /opt/mycroft/skills/mycroft-joke.mycroftai/settings.json
2021-11-05 23:43:12.081 | INFO     |  6121 | mycroft.skills.skill_loader:_check_for_first_run:324 | First run of mycroft-joke.mycroftai
2021-11-05 23:43:12.082 | INFO     |  6121 | mycroft.skills.settings:save_settings:116 | Skill settings successfully saved to /home/runner/.config/mycroft/skills/mycroft-joke.mycroftai/settings.json
2021-11-05 23:43:12.100 | INFO     |  6121 | mycroft.skills.skill_loader:_communicate_load_status:344 | Skill mycroft-joke.mycroftai loaded successfully
2021-11-05 23:43:12.101 | INFO     |  6121 | mycroft.skills.skill_loader:load:185 | ATTEMPTING TO LOAD SKILL: mycroft-personal.mycroftai
2021-11-05 23:43:12.110 | INFO     |  6121 | mycroft.skills.settings:get_local_settings:83 | /opt/mycroft/skills/mycroft-personal.mycroftai/settings.json
2021-11-05 23:43:12.343 | INFO     |  6121 | mycroft.skills.skill_loader:_check_for_first_run:324 | First run of mycroft-personal.mycroftai
2021-11-05 23:43:12.346 | INFO     |  6121 | mycroft.skills.settings:save_settings:116 | Skill settings successfully saved to /home/runner/.config/mycroft/skills/mycroft-personal.mycroftai/settings.json
2021-11-05 23:43:12.354 | INFO     |  6121 | mycroft.skills.skill_loader:_communicate_load_status:344 | Skill mycroft-personal.mycroftai loaded successfully
2021-11-05 23:43:12.354 | INFO     |  6121 | mycroft.skills.skill_loader:load:185 | ATTEMPTING TO LOAD SKILL: mycroft-support-helper.mycroftai
2021-11-05 23:43:12.362 | INFO     |  6121 | mycroft.skills.settings:get_local_settings:83 | /opt/mycroft/skills/mycroft-support-helper.mycroftai/settings.json
2021-11-05 23:43:12.370 | INFO     |  6121 | mycroft.skills.skill_loader:_check_for_first_run:324 | First run of mycroft-support-helper.mycroftai
2021-11-05 23:43:12.372 | INFO     |  6121 | mycroft.skills.settings:save_settings:116 | Skill settings successfully saved to /home/runner/.config/mycroft/skills/mycroft-support-helper.mycroftai/settings.json
2021-11-05 23:43:12.376 | INFO     |  6121 | mycroft.skills.skill_loader:_communicate_load_status:344 | Skill mycroft-support-helper.mycroftai loaded successfully
2021-11-05 23:43:12.376 | INFO     |  6121 | mycroft.skills.skill_loader:load:185 | ATTEMPTING TO LOAD SKILL: mycroft-wiki.mycroftai
2021-11-05 23:43:12.388 | INFO     |  6121 | mycroft.skills.settings:get_local_settings:83 | /opt/mycroft/skills/mycroft-wiki.mycroftai/settings.json
2021-11-05 23:43:12.416 | INFO     |  6121 | mycroft.skills.skill_loader:_check_for_first_run:324 | First run of mycroft-wiki.mycroftai
2021-11-05 23:43:12.416 | INFO     |  6121 | mycroft.skills.settings:save_settings:116 | Skill settings successfully saved to /home/runner/.config/mycroft/skills/mycroft-wiki.mycroftai/settings.json
2021-11-05 23:43:12.418 | INFO     |  6121 | mycroft.skills.skill_loader:_communicate_load_status:344 | Skill mycroft-wiki.mycroftai loaded successfully
2021-11-05 23:43:12.420 | INFO     |  6121 | mycroft.skills.skill_loader:load:185 | ATTEMPTING TO LOAD SKILL: mycroft-hello-world.mycroftai
2021-11-05 23:43:12.425 | INFO     |  6121 | mycroft.skills.settings:get_local_settings:83 | /opt/mycroft/skills/mycroft-hello-world.mycroftai/settings.json
2021-11-05 23:43:12.470 | INFO     |  6121 | mycroft.skills.skill_loader:_check_for_first_run:324 | First run of mycroft-hello-world.mycroftai
2021-11-05 23:43:12.471 | INFO     |  6121 | mycroft.skills.settings:save_settings:116 | Skill settings successfully saved to /home/runner/.config/mycroft/skills/mycroft-hello-world.mycroftai/settings.json
2021-11-05 23:43:12.472 | INFO     |  6121 | mycroft.skills.skill_loader:_communicate_load_status:344 | Skill mycroft-hello-world.mycroftai loaded successfully
2021-11-05 23:43:12.477 | INFO     |  6121 | mycroft.skills.skill_loader:load:185 | ATTEMPTING TO LOAD SKILL: mycroft-weather.mycroftai
2021-11-05 23:43:12.506 | INFO     |  6121 | mycroft.skills.settings:get_local_settings:83 | /opt/mycroft/skills/mycroft-weather.mycroftai/settings.json
2021-11-05 23:43:12.687 | INFO     |  6121 | mycroft.skills.skill_loader:_check_for_first_run:324 | First run of mycroft-weather.mycroftai
2021-11-05 23:43:12.688 | INFO     |  6121 | mycroft.skills.settings:save_settings:116 | Skill settings successfully saved to /home/runner/.config/mycroft/skills/mycroft-weather.mycroftai/settings.json
2021-11-05 23:43:12.688 | INFO     |  6121 | mycroft.skills.skill_loader:_communicate_load_status:344 | Skill mycroft-weather.mycroftai loaded successfully
2021-11-05 23:43:12.689 | INFO     |  6121 | mycroft.skills.skill_loader:load:185 | ATTEMPTING TO LOAD SKILL: mycroft-configuration.mycroftai
2021-11-05 23:43:12.716 | INFO     |  6121 | mycroft.skills.settings:get_local_settings:83 | /opt/mycroft/skills/mycroft-configuration.mycroftai/settings.json
2021-11-05 23:43:12.763 | INFO     |  6121 | mycroft.skills.skill_loader:_check_for_first_run:324 | First run of mycroft-configuration.mycroftai
2021-11-05 23:43:12.772 | INFO     |  6121 | mycroft.skills.settings:save_settings:116 | Skill settings successfully saved to /home/runner/.config/mycroft/skills/mycroft-configuration.mycroftai/settings.json
2021-11-05 23:43:12.774 | INFO     |  6121 | mycroft.skills.skill_loader:_communicate_load_status:344 | Skill mycroft-configuration.mycroftai loaded successfully
2021-11-05 23:43:12.774 | INFO     |  6121 | mycroft.skills.skill_loader:load:185 | ATTEMPTING TO LOAD SKILL: homeassistant.mycroftai
2021-11-05 23:43:14.089 | INFO     |  6121 | mycroft.skills.settings:get_local_settings:83 | /opt/mycroft/skills/homeassistant.mycroftai/settings.json
2021-11-05 23:43:14.090 | INFO     |  6121 | mycroft.skills.settings:get_local_settings:83 | /opt/mycroft/skills/homeassistant.mycroftai/settings.json
2021-11-05 23:43:14.393 | INFO     |  6121 | mycroft.skills.skill_loader:_communicate_load_status:344 | Skill homeassistant.mycroftai loaded successfully
2021-11-05 23:43:14.393 | INFO     |  6121 | mycroft.skills.skill_loader:load:185 | ATTEMPTING TO LOAD SKILL: mycroft-audio-record.mycroftai
2021-11-05 23:43:14.414 | INFO     |  6121 | mycroft.skills.settings:get_local_settings:83 | /opt/mycroft/skills/mycroft-audio-record.mycroftai/settings.json
2021-11-05 23:43:14.517 | INFO     |  6121 | mycroft.skills.skill_loader:_check_for_first_run:324 | First run of mycroft-audio-record.mycroftai
2021-11-05 23:43:14.532 | INFO     |  6121 | mycroft.skills.settings:save_settings:116 | Skill settings successfully saved to /home/runner/.config/mycroft/skills/mycroft-audio-record.mycroftai/settings.json
2021-11-05 23:43:14.533 | INFO     |  6121 | mycroft.skills.skill_loader:_communicate_load_status:344 | Skill mycroft-audio-record.mycroftai loaded successfully
2021-11-05 23:43:14.534 | INFO     |  6121 | mycroft.skills.skill_loader:load:185 | ATTEMPTING TO LOAD SKILL: mycroft-version-checker.mycroftai
2021-11-05 23:43:14.563 | INFO     |  6121 | mycroft.skills.settings:get_local_settings:83 | /opt/mycroft/skills/mycroft-version-checker.mycroftai/settings.json
2021-11-05 23:43:14.686 | INFO     |  6121 | mycroft.skills.skill_loader:_check_for_first_run:324 | First run of mycroft-version-checker.mycroftai
2021-11-05 23:43:14.696 | INFO     |  6121 | mycroft.skills.settings:save_settings:116 | Skill settings successfully saved to /home/runner/.config/mycroft/skills/mycroft-version-checker.mycroftai/settings.json
2021-11-05 23:43:14.697 | INFO     |  6121 | mycroft.skills.skill_loader:_communicate_load_status:344 | Skill mycroft-version-checker.mycroftai loaded successfully
2021-11-05 23:43:14.698 | INFO     |  6121 | mycroft.skills.skill_loader:load:185 | ATTEMPTING TO LOAD SKILL: fallback-wolfram-alpha.mycroftai
2021-11-05 23:43:14.877 | INFO     |  6121 | mycroft.skills.settings:get_local_settings:83 | /opt/mycroft/skills/fallback-wolfram-alpha.mycroftai/settings.json
2021-11-05 23:43:14.972 | INFO     |  6121 | mycroft.skills.skill_loader:_check_for_first_run:324 | First run of fallback-wolfram-alpha.mycroftai
2021-11-05 23:43:14.973 | INFO     |  6121 | mycroft.skills.settings:save_settings:116 | Skill settings successfully saved to /home/runner/.config/mycroft/skills/fallback-wolfram-alpha.mycroftai/settings.json
2021-11-05 23:43:14.974 | INFO     |  6121 | mycroft.skills.skill_loader:_communicate_load_status:344 | Skill fallback-wolfram-alpha.mycroftai loaded successfully
2021-11-05 23:43:14.974 | INFO     |  6121 | mycroft.skills.skill_loader:load:185 | ATTEMPTING TO LOAD SKILL: mycroft-spelling.mycroftai
2021-11-05 23:43:15.039 | INFO     |  6121 | mycroft.skills.settings:get_local_settings:83 | /opt/mycroft/skills/mycroft-spelling.mycroftai/settings.json
2021-11-05 23:43:15.083 | INFO     |  6121 | mycroft.skills.skill_loader:_check_for_first_run:324 | First run of mycroft-spelling.mycroftai
2021-11-05 23:43:15.125 | INFO     |  6121 | mycroft.skills.settings:save_settings:116 | Skill settings successfully saved to /home/runner/.config/mycroft/skills/mycroft-spelling.mycroftai/settings.json
2021-11-05 23:43:15.126 | INFO     |  6121 | mycroft.skills.skill_loader:_communicate_load_status:344 | Skill mycroft-spelling.mycroftai loaded successfully
2021-11-05 23:43:15.127 | INFO     |  6121 | mycroft.skills.skill_loader:load:185 | ATTEMPTING TO LOAD SKILL: fallback-query.mycroftai
2021-11-05 23:43:15.190 | INFO     |  6121 | mycroft.skills.settings:get_local_settings:83 | /opt/mycroft/skills/fallback-query.mycroftai/settings.json
2021-11-05 23:43:15.256 | INFO     |  6121 | mycroft.skills.skill_loader:_check_for_first_run:324 | First run of fallback-query.mycroftai
2021-11-05 23:43:15.257 | INFO     |  6121 | mycroft.skills.settings:save_settings:116 | Skill settings successfully saved to /home/runner/.config/mycroft/skills/fallback-query.mycroftai/settings.json
2021-11-05 23:43:15.274 | INFO     |  6121 | mycroft.skills.skill_loader:_communicate_load_status:344 | Skill fallback-query.mycroftai loaded successfully
2021-11-05 23:43:15.274 | INFO     |  6121 | mycroft.skills.skill_loader:load:185 | ATTEMPTING TO LOAD SKILL: mycroft-singing.mycroftai
2021-11-05 23:43:15.325 | INFO     |  6121 | mycroft.skills.settings:get_local_settings:83 | /opt/mycroft/skills/mycroft-singing.mycroftai/settings.json
2021-11-05 23:43:15.379 | INFO     |  6121 | mycroft.skills.skill_loader:_check_for_first_run:324 | First run of mycroft-singing.mycroftai
2021-11-05 23:43:15.380 | INFO     |  6121 | mycroft.skills.settings:save_settings:116 | Skill settings successfully saved to /home/runner/.config/mycroft/skills/mycroft-singing.mycroftai/settings.json
2021-11-05 23:43:15.398 | INFO     |  6121 | mycroft.skills.skill_loader:_communicate_load_status:344 | Skill mycroft-singing.mycroftai loaded successfully
2021-11-05 23:43:15.398 | INFO     |  6121 | mycroft.skills.skill_manager:_load_on_startup:275 | Skills all loaded!
2021-11-05 23:43:15.445 | INFO     |  6121 | __main__:on_ready:185 | Skills service is ready.
2021-11-05 23:43:15.901 | INFO     |  6121 | mycroft.skills.intent_services.padatious_service:train:151 | Training... (single_thread=False)
Regenerated mycroft-alarm.mycroftai:{daytype}.
2021-11-05 23:43:18.817 | INFO     |  6121 | mycroft.skills.settings:save_settings:116 | Skill settings successfully saved to /home/runner/.config/mycroft/skills/mycroft-pairing.mycroftai/settings.json
2021-11-05 23:43:19.110 | INFO     |  6121 | mycroft.skills.settings:save_settings:116 | Skill settings successfully saved to /home/runner/.config/mycroft/skills/mycroft-timer.mycroftai/settings.json
Regenerated mycroft-stop.mycroftai:reboot.intent.
Regenerated mycroft-stop.mycroftai:wifi.setup.intent.
Regenerated mycroft-stop.mycroftai:ssh.disable.intent.
Regenerated mycroft-installer.mycroftai:is.installed.intent.
Regenerated mycroft-installer.mycroftai:install.intent.
Regenerated mycroft-installer.mycroftai:list.skills.intent.
Regenerated mycroft-installer.mycroftai:remove.intent.
Regenerated mycroft-installer.mycroftai:install.custom.intent.
Regenerated mycroft-installer.mycroftai:install.beta.intent.
Regenerated mycroft-npr-news.mycroftai:PlayTheNews.intent.
Regenerated mycroft-alarm.mycroftai:snooze.intent.
Regenerated mycroft-alarm.mycroftai:change.alarm.sound.intent.
Regenerated mycroft-reminder.mycroftai:ClearReminders.intent.
Regenerated mycroft-reminder.mycroftai:CancelActiveReminder.intent.
Regenerated mycroft-reminder.mycroftai:Reminder.intent.
Regenerated mycroft-reminder.mycroftai:SnoozeReminder.intent.
Regenerated mycroft-personal.mycroftai:WhenWereYouBorn.intent.
Regenerated mycroft-personal.mycroftai:WhatAreYou.intent.
Regenerated mycroft-personal.mycroftai:WhereWereYouBorn.intent.
Regenerated mycroft-personal.mycroftai:WhoAreYou.intent.
Regenerated mycroft-support-helper.mycroftai:contact.support.intent.
Regenerated mycroft-wiki.mycroftai:Random.intent.
Regenerated mycroft-hello-world.mycroftai:HowAreYou.intent.
Regenerated mycroft-weather.mycroftai:do-i-need-an-umbrella.intent.
Regenerated mycroft-configuration.mycroftai:DisablePreciseDev.intent.
Regenerated mycroft-configuration.mycroftai:WhereAreYou.intent.
Regenerated mycroft-configuration.mycroftai:EnablePreciseDev.intent.
Regenerated homeassistant.mycroftai:cover.open.intent.
Regenerated homeassistant.mycroftai:tracker.intent.
Regenerated homeassistant.mycroftai:add.item.shopping.list.intent.
Regenerated homeassistant.mycroftai:automation.intent.
Regenerated homeassistant.mycroftai:set.light.brightness.intent.
Regenerated homeassistant.mycroftai:turn.on.intent.
Regenerated homeassistant.mycroftai:toggle.intent.
Regenerated mycroft-audio-record.mycroftai:StartRecording.intent.
Regenerated mycroft-audio-record.mycroftai:PlayRecording.intent.
Regenerated mycroft-timer.mycroftai:start.timer.intent.
Regenerated mycroft-timer.mycroftai:timer.status.intent.
Regenerated mycroft-date-time.mycroftai:what.time.will.it.be.intent.
Regenerated mycroft-date-time.mycroftai:what.time.is.it.intent.
Regenerated mycroft-date-time.mycroftai:date.future.weekend.intent.
Regenerated mycroft-date-time.mycroftai:date.last.weekend.intent.
Regenerated mycroft-stop.mycroftai:ssh.enable.intent.
Regenerated mycroft-stop.mycroftai:shutdown.intent.
Regenerated mycroft-reminder.mycroftai:ReminderAt.intent.
Regenerated mycroft-reminder.mycroftai:GetRemindersForDay.intent.
Regenerated mycroft-reminder.mycroftai:GetNextReminders.intent.
Regenerated mycroft-reminder.mycroftai:DeleteReminderForDay.intent.
Regenerated mycroft-reminder.mycroftai:UnspecifiedReminderAt.intent.
Regenerated mycroft-personal.mycroftai:DoYouRhyme.intent.
Regenerated mycroft-personal.mycroftai:WhoMadeYou.intent.
Regenerated mycroft-personal.mycroftai:DoYouDream.intent.
Regenerated homeassistant.mycroftai:sensor.intent.
Regenerated homeassistant.mycroftai:increase.light.brightness.intent.
Regenerated homeassistant.mycroftai:set.climate.intent.
Regenerated homeassistant.mycroftai:decrease.light.brightness.intent.
Regenerated homeassistant.mycroftai:cover.stop.intent.
Regenerated homeassistant.mycroftai:cover.close.intent.
Regenerated homeassistant.mycroftai:turn.off.intent.
Regenerated homeassistant.mycroftai:camera.intent.
2021-11-05 23:43:20.437 | INFO     |  6121 | mycroft.skills.intent_services.padatious_service:train:153 | Training complete.
2021-11-05 23:43:55.287 | INFO     |  6121 | __main__:on_stopping:193 | Skills service is shutting down...
2021-11-05 23:43:55.288 | INFO     |  6121 | __main__:shutdown:284 | Shutting down Skills service
2021-11-05 23:43:55.754 | ERROR    |  6121 | VolumeSkill | Couldn't allocate mixer, ALSAAudioError('No such file or directory [default]')
2021-11-05 23:43:55.758 | INFO     |  6121 | mycroft.skills.settings:save_settings:116 | Skill settings successfully saved to /home/runner/.config/mycroft/skills/mycroft-volume.mycroftai/settings.json
2021-11-05 23:43:55.767 | INFO     |  6121 | mycroft.skills.settings:save_settings:116 | Skill settings successfully saved to /home/runner/.config/mycroft/skills/mycroft-fallback-duck-duck-go.mycroftai/settings.json
2021-11-05 23:43:55.789 | INFO     |  6121 | UnknownSkill | Removing all handlers...
2021-11-05 23:43:55.789 | INFO     |  6121 | mycroft.skills.settings:save_settings:116 | Skill settings successfully saved to /home/runner/.config/mycroft/skills/fallback-unknown.mycroftai/settings.json
2021-11-05 23:43:55.799 | INFO     |  6121 | mycroft.skills.settings:save_settings:116 | Skill settings successfully saved to /home/runner/.config/mycroft/skills/mycroft-date-time.mycroftai/settings.json
2021-11-05 23:43:55.807 | INFO     |  6121 | mycroft.skills.settings:save_settings:116 | Skill settings successfully saved to /home/runner/.config/mycroft/skills/mycroft-playback-control.mycroftai/settings.json
2021-11-05 23:43:56.808 | INFO     |  6121 | Playback Control Skill | Audio service status: {}
2021-11-05 23:43:57.809 | WARNING  |  6121 | mycroft.skills.skill_manager:_shutdown_skill:106 | mycroft-playback-control.mycroftai shutdown took 2.0027741069999365 seconds
2021-11-05 23:43:57.810 | INFO     |  6121 | mycroft.skills.settings:save_settings:116 | Skill settings successfully saved to /home/runner/.config/mycroft/skills/mycroft-speak.mycroftai/settings.json
2021-11-05 23:43:57.812 | INFO     |  6121 | mycroft.skills.settings:save_settings:116 | Skill settings successfully saved to /home/runner/.config/mycroft/skills/mycroft-stop.mycroftai/settings.json
2021-11-05 23:43:57.817 | INFO     |  6121 | mycroft.skills.settings:save_settings:116 | Skill settings successfully saved to /home/runner/.config/mycroft/skills/mycroft-installer.mycroftai/settings.json
2021-11-05 23:43:57.832 | INFO     |  6121 | mycroft.skills.settings:save_settings:116 | Skill settings successfully saved to /home/runner/.config/mycroft/skills/mycroft-ip.mycroftai/settings.json
2021-11-05 23:43:57.833 | INFO     |  6121 | mycroft.skills.settings:save_settings:116 | Skill settings successfully saved to /home/runner/.config/mycroft/skills/mycroft-npr-news.mycroftai/settings.json
2021-11-05 23:43:57.835 | INFO     |  6121 | mycroft.skills.settings:save_settings:116 | Skill settings successfully saved to /home/runner/.config/mycroft/skills/mycroft-alarm.mycroftai/settings.json
2021-11-05 23:43:57.836 | INFO     |  6121 | mycroft.skills.settings:save_settings:116 | Skill settings successfully saved to /home/runner/.config/mycroft/skills/mycroft-reminder.mycroftai/settings.json
2021-11-05 23:43:57.839 | INFO     |  6121 | mycroft.skills.settings:save_settings:116 | Skill settings successfully saved to /home/runner/.config/mycroft/skills/mycroft-naptime.mycroftai/settings.json
2021-11-05 23:43:57.845 | INFO     |  6121 | mycroft.skills.settings:save_settings:116 | Skill settings successfully saved to /home/runner/.config/mycroft/skills/mycroft-joke.mycroftai/settings.json
2021-11-05 23:43:57.846 | INFO     |  6121 | mycroft.skills.settings:save_settings:116 | Skill settings successfully saved to /home/runner/.config/mycroft/skills/mycroft-personal.mycroftai/settings.json
2021-11-05 23:43:57.847 | INFO     |  6121 | mycroft.skills.settings:save_settings:116 | Skill settings successfully saved to /home/runner/.config/mycroft/skills/mycroft-support-helper.mycroftai/settings.json
2021-11-05 23:43:57.849 | INFO     |  6121 | mycroft.skills.settings:save_settings:116 | Skill settings successfully saved to /home/runner/.config/mycroft/skills/mycroft-wiki.mycroftai/settings.json
2021-11-05 23:43:57.850 | INFO     |  6121 | mycroft.skills.settings:save_settings:116 | Skill settings successfully saved to /home/runner/.config/mycroft/skills/mycroft-hello-world.mycroftai/settings.json
2021-11-05 23:43:57.851 | INFO     |  6121 | mycroft.skills.settings:save_settings:116 | Skill settings successfully saved to /home/runner/.config/mycroft/skills/mycroft-weather.mycroftai/settings.json
2021-11-05 23:43:57.863 | INFO     |  6121 | mycroft.skills.settings:save_settings:116 | Skill settings successfully saved to /home/runner/.config/mycroft/skills/mycroft-configuration.mycroftai/settings.json
2021-11-05 23:43:57.883 | INFO     |  6121 | HomeAssistantSkill | Removing all handlers...
2021-11-05 23:43:57.884 | WARNING  |  6121 | mycroft.skills.fallback_skill:remove_fallback:185 | Could not find matching fallback handler
2021-11-05 23:43:57.886 | INFO     |  6121 | mycroft.skills.settings:save_settings:116 | Skill settings successfully saved to /home/runner/.config/mycroft/skills/mycroft-audio-record.mycroftai/settings.json
2021-11-05 23:43:57.887 | INFO     |  6121 | mycroft.skills.settings:save_settings:116 | Skill settings successfully saved to /home/runner/.config/mycroft/skills/mycroft-version-checker.mycroftai/settings.json
2021-11-05 23:43:57.889 | INFO     |  6121 | mycroft.skills.settings:save_settings:116 | Skill settings successfully saved to /home/runner/.config/mycroft/skills/fallback-wolfram-alpha.mycroftai/settings.json
2021-11-05 23:43:57.890 | INFO     |  6121 | mycroft.skills.settings:save_settings:116 | Skill settings successfully saved to /home/runner/.config/mycroft/skills/mycroft-spelling.mycroftai/settings.json
2021-11-05 23:43:57.890 | INFO     |  6121 | QuestionsAnswersSkill | Removing all handlers...
2021-11-05 23:43:57.891 | INFO     |  6121 | mycroft.skills.settings:save_settings:116 | Skill settings successfully saved to /home/runner/.config/mycroft/skills/fallback-query.mycroftai/settings.json
2021-11-05 23:43:57.892 | INFO     |  6121 | mycroft.skills.settings:save_settings:116 | Skill settings successfully saved to /home/runner/.config/mycroft/skills/mycroft-singing.mycroftai/settings.json
2021-11-05 23:43:57.893 | INFO     |  6121 | __main__:shutdown:291 | Skills service shutdown complete!
2021-11-05 23:43:57.897 | ERROR    |  6121 | websocket | error from callback <bound method MessageBusClient.on_message of <mycroft.messagebus.client.client.MessageBusClient object at 0x7fa4799d6150>>: cannot schedule new futures after shutdown
2021-11-05 23:43:57.897 | ERROR    |  6121 | mycroft_bus_client.client.client | === RuntimeError('cannot schedule new futures after shutdown') ===
Traceback (most recent call last):
  File "/opt/mycroft-core/.venv/lib/python3.7/site-packages/mycroft_bus_client/client/client.py", line 154, in on_error
    self.emitter.emit('error', error)
  File "/opt/mycroft-core/.venv/lib/python3.7/site-packages/pyee/_base.py", line 116, in emit
    self._emit_handle_potential_error(event, args[0] if args else None)
  File "/opt/mycroft-core/.venv/lib/python3.7/site-packages/pyee/_base.py", line 86, in _emit_handle_potential_error
    raise error
  File "/opt/mycroft-core/.venv/lib/python3.7/site-packages/websocket/_app.py", line 318, in run_forever
    proxy_type=proxy_type)
  File "/opt/mycroft-core/.venv/lib/python3.7/site-packages/websocket/_core.py", line 250, in connect
    options.pop('socket', None))
  File "/opt/mycroft-core/.venv/lib/python3.7/site-packages/websocket/_http.py", line 130, in connect
    sock = _open_socket(addrinfo_list, options.sockopt, options.timeout)
  File "/opt/mycroft-core/.venv/lib/python3.7/site-packages/websocket/_http.py", line 208, in _open_socket
    raise err
  File "/opt/mycroft-core/.venv/lib/python3.7/site-packages/websocket/_http.py", line 185, in _open_socket
    sock.connect(address)
ConnectionRefusedError: [Errno 111] Connection refused

During handling of the above exception, another exception occurred:

Traceback (most recent call last):
  File "/opt/mycroft-core/.venv/lib/python3.7/site-packages/websocket/_app.py", line 407, in _callback
    callback(self, *args)
  File "/opt/mycroft-core/.venv/lib/python3.7/site-packages/mycroft_bus_client/client/client.py", line 182, in on_message
    self.emitter.emit('message', message)
  File "/opt/mycroft-core/.venv/lib/python3.7/site-packages/pyee/_base.py", line 113, in emit
    handled = self._call_handlers(event, args, kwargs)
  File "/opt/mycroft-core/.venv/lib/python3.7/site-packages/pyee/_base.py", line 96, in _call_handlers
    self._emit_run(f, args, kwargs)
  File "/opt/mycroft-core/.venv/lib/python3.7/site-packages/pyee/_executor.py", line 50, in _emit_run
    future = self._executor.submit(f, *args, **kwargs)
  File "/opt/hostedtoolcache/Python/3.7.12/x64/lib/python3.7/concurrent/futures/thread.py", line 163, in submit
    raise RuntimeError('cannot schedule new futures after shutdown')
RuntimeError: cannot schedule new futures after shutdown
2021-11-05 23:43:57.898 | ERROR    |  6121 | mycroft_bus_client.client.client | Exception closing websocket: RuntimeError('cannot schedule new futures after shutdown')
2021-11-05 23:43:57.898 | WARNING  |  6121 | mycroft_bus_client.client.client | Message Bus Client will reconnect in 5.0 seconds.
