2021-10-26 13:55:26.393 | INFO     |  5758 | mycroft.messagebus.load_config:load_message_bus_config:33 | Loading message bus configs
2021-10-26 13:55:26.398 | INFO     |  5758 | mycroft_bus_client.client.client | Connected
2021-10-26 13:55:26.400 | INFO     |  5758 | mycroft.util.process_utils:start_message_bus_client:155 | Connected to messagebus
2021-10-26 13:55:26.404 | INFO     |  5758 | mycroft.skills.msm_wrapper:create_msm:96 | Acquiring lock to instantiate MSM
2021-10-26 13:55:29.163 | INFO     |  5758 | msm.mycroft_skills_manager | building SkillEntry objects for all skills
2021-10-26 13:55:29.954 | INFO     |  5758 | mycroft.skills.msm_wrapper:create_msm:112 | Releasing MSM instantiation lock.
2021-10-26 13:55:29.954 | INFO     |  5758 | mycroft.skills.skill_updater:_log_next_download_time:267 | Next scheduled skill update: 2021-10-26 13:55:28.954283
2021-10-26 13:55:29.955 | INFO     |  5758 | msm.skill_entry | Downloading skill: https://github.com/mycroftai/skill-pairing
2021-10-26 13:55:30.548 | INFO     |  5758 | msm.skill_entry | Installing system requirements...
2021-10-26 13:55:30.559 | INFO     |  5758 | msm.skill_entry | Successfully installed mycroft-pairing
2021-10-26 13:55:30.560 | INFO     |  5758 | msm.mycroft_skills_manager | invalidating skills cache
2021-10-26 13:55:30.562 | INFO     |  5758 | mycroft.skills.skill_loader:load:185 | ATTEMPTING TO LOAD SKILL: mycroft-pairing.mycroftai
2021-10-26 13:55:30.571 | INFO     |  5758 | mycroft.skills.settings:get_local_settings:83 | /opt/mycroft/skills/mycroft-pairing.mycroftai/settings.json
2021-10-26 13:55:30.604 | INFO     |  5758 | mycroft.skills.skill_loader:_check_for_first_run:324 | First run of mycroft-pairing.mycroftai
2021-10-26 13:55:30.608 | INFO     |  5758 | mycroft.skills.settings:save_settings:116 | Skill settings successfully saved to /home/runner/.config/mycroft/skills/mycroft-pairing.mycroftai/settings.json
2021-10-26 13:55:30.609 | INFO     |  5758 | mycroft.skills.skill_loader:_communicate_load_status:344 | Skill mycroft-pairing.mycroftai loaded successfully
2021-10-26 13:55:30.609 | INFO     |  5758 | msm.skill_entry | Downloading skill: https://github.com/mycroftai/skill-volume
2021-10-26 13:55:31.151 | INFO     |  5758 | msm.skill_entry | Installing system requirements...
2021-10-26 13:55:31.164 | INFO     |  5758 | msm.skill_entry | Installing requirements.txt for mycroft-volume
2021-10-26 13:55:32.166 | INFO     |  5758 | msm.skill_entry | Successfully installed mycroft-volume
2021-10-26 13:55:32.167 | INFO     |  5758 | msm.mycroft_skills_manager | invalidating skills cache
2021-10-26 13:55:32.168 | INFO     |  5758 | mycroft.skills.skill_loader:load:185 | ATTEMPTING TO LOAD SKILL: mycroft-volume.mycroftai
2021-10-26 13:55:32.178 | INFO     |  5758 | mycroft.skills.settings:get_local_settings:83 | /opt/mycroft/skills/mycroft-volume.mycroftai/settings.json
2021-10-26 13:55:32.360 | ERROR    |  5758 | VolumeSkill | Couldn't allocate mixer, ALSAAudioError('No such file or directory [default]')
2021-10-26 13:55:35.361 | INFO     |  5758 | mycroft.skills.skill_loader:_check_for_first_run:324 | First run of mycroft-volume.mycroftai
2021-10-26 13:55:35.362 | INFO     |  5758 | mycroft.skills.settings:save_settings:116 | Skill settings successfully saved to /home/runner/.config/mycroft/skills/mycroft-volume.mycroftai/settings.json
2021-10-26 13:55:35.363 | INFO     |  5758 | mycroft.skills.skill_loader:_communicate_load_status:344 | Skill mycroft-volume.mycroftai loaded successfully
2021-10-26 13:55:35.363 | INFO     |  5758 | __main__:on_started:177 | Skills service is starting up.
2021-10-26 13:55:35.440 | INFO     |  5758 | __main__:_update_system:154 | Attempting system update...
2021-10-26 13:55:38.442 | INFO     |  5758 | mycroft.enclosure.display_manager:_write_data:70 | Display Manager is creating /tmp/mycroft/ipc/managers/disp_info
2021-10-26 13:55:38.443 | INFO     |  5758 | __main__:_ensure_device_is_paired:133 | Device not paired, invoking the pairing skill
2021-10-26 13:55:38.444 | INFO     |  5758 | __main__:on_alive:181 | Skills service is alive.
2021-10-26 13:55:38.453 | INFO     |  5758 | msm.mycroft_skills_manager | building SkillEntry objects for all skills
2021-10-26 13:55:38.869 | WARNING  |  5758 | msm.mycroft_skills_manager | No such default skill: mycroft-pandora
2021-10-26 13:55:38.870 | INFO     |  5758 | mycroft.skills.skill_manager:run:234 | Not all default skills are installed, performing skill update...
2021-10-26 13:55:38.870 | INFO     |  5758 | mycroft.skills.skill_updater:update_skills:149 | Beginning skill update...
2021-10-26 13:55:38.947 | INFO     |  5758 | msm.mycroft_skills_manager | building SkillEntry objects for all skills
2021-10-26 13:55:39.068 | INFO     |  5758 | PairingSkill | Communicating account URL to user
2021-10-26 13:55:39.801 | INFO     |  5758 | msm.mycroft_skills_manager | invalidating skills cache
2021-10-26 13:55:40.132 | INFO     |  5758 | msm.skill_entry | Downloading skill: https://github.com/mycroftai/skill-audio-record
2021-10-26 13:55:40.138 | INFO     |  5758 | msm.skill_entry | Downloading skill: https://github.com/mycroftai/skill-configuration
2021-10-26 13:55:40.139 | INFO     |  5758 | msm.skill_entry | Downloading skill: https://github.com/mycroftai/skill-date-time
2021-10-26 13:55:40.140 | INFO     |  5758 | msm.skill_entry | Downloading skill: https://github.com/mycroftai/fallback-duckduckgo
2021-10-26 13:55:40.141 | INFO     |  5758 | msm.skill_entry | Downloading skill: https://github.com/mycroftai/skill-hello-world
2021-10-26 13:55:40.143 | INFO     |  5758 | msm.skill_entry | Downloading skill: https://github.com/mycroftai/skill-installer
2021-10-26 13:55:40.144 | INFO     |  5758 | msm.skill_entry | Downloading skill: https://github.com/mycroftai/skill-ip
2021-10-26 13:55:40.145 | INFO     |  5758 | msm.skill_entry | Downloading skill: https://github.com/mycroftai/skill-joke
2021-10-26 13:55:40.149 | INFO     |  5758 | msm.skill_entry | Downloading skill: https://github.com/mycroftai/skill-naptime
2021-10-26 13:55:40.150 | INFO     |  5758 | msm.skill_entry | Downloading skill: https://github.com/mycroftai/skill-npr-news
2021-10-26 13:55:40.151 | INFO     |  5758 | msm.skill_entry | Downloading skill: https://github.com/mycroftai/skill-personal
2021-10-26 13:55:40.152 | INFO     |  5758 | msm.skill_entry | Downloading skill: https://github.com/mycroftai/skill-playback-control
2021-10-26 13:55:40.153 | INFO     |  5758 | msm.skill_entry | Downloading skill: https://github.com/mycroftai/skill-reminder
2021-10-26 13:55:40.154 | INFO     |  5758 | msm.skill_entry | Downloading skill: https://github.com/mycroftai/skill-alarm
2021-10-26 13:55:40.155 | INFO     |  5758 | msm.skill_entry | Downloading skill: https://github.com/mycroftai/fallback-unknown
2021-10-26 13:55:40.155 | INFO     |  5758 | msm.skill_entry | Downloading skill: https://github.com/mycroftai/fallback-wolfram-alpha
2021-10-26 13:55:40.167 | INFO     |  5758 | msm.skill_entry | Downloading skill: https://github.com/mycroftai/skill-singing
2021-10-26 13:55:41.507 | INFO     |  5758 | msm.skill_entry | Installing system requirements...
2021-10-26 13:55:41.582 | INFO     |  5758 | msm.skill_entry | Successfully installed mycroft-playback-control
2021-10-26 13:55:41.583 | INFO     |  5758 | msm.mycroft_skills_manager | invalidating skills cache
2021-10-26 13:55:41.584 | INFO     |  5758 | msm.skill_entry | Downloading skill: https://github.com/mycroftai/skill-speak
2021-10-26 13:55:41.862 | INFO     |  5758 | msm.skill_entry | Installing system requirements...
2021-10-26 13:55:42.033 | INFO     |  5758 | msm.skill_entry | Installing system requirements...
2021-10-26 13:55:42.079 | INFO     |  5758 | msm.skill_entry | Installing system requirements...
2021-10-26 13:55:42.118 | INFO     |  5758 | msm.skill_entry | Installing system requirements...
2021-10-26 13:55:42.122 | INFO     |  5758 | msm.skill_entry | Installing requirements.txt for mycroft-configuration
2021-10-26 13:55:42.194 | ERROR    |  5758 | msm.mycroft_skills_manager | Error running install_or_update on homeassistant.mycroftai: MergeConflict
2021-10-26 13:55:42.195 | INFO     |  5758 | msm.skill_entry | Installing requirements.txt for fallback-wolfram-alpha
2021-10-26 13:55:42.197 | INFO     |  5758 | msm.skill_entry | Downloading skill: https://github.com/mycroftai/skill-spelling
2021-10-26 13:55:42.211 | INFO     |  5758 | msm.skill_entry | Installing system requirements...
2021-10-26 13:55:42.309 | INFO     |  5758 | msm.skill_entry | Installing requirements.txt for mycroft-audio-record
2021-10-26 13:55:42.387 | INFO     |  5758 | msm.skill_entry | Installing requirements.txt for mycroft-fallback-duck-duck-go
2021-10-26 13:55:42.420 | INFO     |  5758 | msm.skill_entry | Installing system requirements...
2021-10-26 13:55:42.423 | INFO     |  5758 | msm.skill_entry | Installing system requirements...
2021-10-26 13:55:42.447 | INFO     |  5758 | msm.skill_entry | Nothing new for mycroft-pairing
2021-10-26 13:55:42.464 | INFO     |  5758 | msm.skill_entry | Installing requirements.txt for mycroft-joke
2021-10-26 13:55:42.500 | INFO     |  5758 | msm.skill_entry | Installing system requirements...
2021-10-26 13:55:42.507 | INFO     |  5758 | msm.skill_entry | Installing system requirements...
2021-10-26 13:55:42.549 | INFO     |  5758 | msm.skill_entry | Installing system requirements...
2021-10-26 13:55:42.575 | INFO     |  5758 | msm.skill_entry | Installing system requirements...
2021-10-26 13:55:42.602 | INFO     |  5758 | msm.skill_entry | Successfully installed fallback-unknown
2021-10-26 13:55:42.603 | INFO     |  5758 | msm.mycroft_skills_manager | invalidating skills cache
2021-10-26 13:55:42.605 | INFO     |  5758 | msm.skill_entry | Downloading skill: https://github.com/mycroftai/skill-stop
2021-10-26 13:55:42.616 | INFO     |  5758 | msm.skill_entry | Successfully installed mycroft-hello-world
2021-10-26 13:55:42.616 | INFO     |  5758 | msm.mycroft_skills_manager | invalidating skills cache
2021-10-26 13:55:42.619 | INFO     |  5758 | msm.skill_entry | Downloading skill: https://github.com/mycroftai/skill-support
2021-10-26 13:55:42.682 | INFO     |  5758 | msm.skill_entry | Successfully installed mycroft-personal
2021-10-26 13:55:42.682 | INFO     |  5758 | msm.mycroft_skills_manager | invalidating skills cache
2021-10-26 13:55:42.683 | INFO     |  5758 | msm.skill_entry | Downloading skill: https://github.com/mycroftai/mycroft-timer
2021-10-26 13:55:42.692 | INFO     |  5758 | msm.skill_entry | Installing requirements.txt for mycroft-ip
2021-10-26 13:55:42.709 | INFO     |  5758 | msm.skill_entry | Successfully installed mycroft-naptime
2021-10-26 13:55:42.710 | INFO     |  5758 | msm.mycroft_skills_manager | invalidating skills cache
2021-10-26 13:55:42.713 | INFO     |  5758 | msm.skill_entry | Downloading skill: https://github.com/mycroftai/skill-weather
2021-10-26 13:55:42.755 | INFO     |  5758 | msm.skill_entry | Downloading skill: https://github.com/mycroftai/skill-version-checker
2021-10-26 13:55:42.790 | INFO     |  5758 | msm.skill_entry | Installing system requirements...
2021-10-26 13:55:42.858 | INFO     |  5758 | msm.skill_entry | Installing system requirements...
2021-10-26 13:55:42.946 | INFO     |  5758 | msm.skill_entry | Installing system requirements...
2021-10-26 13:55:42.987 | INFO     |  5758 | msm.skill_entry | Installing requirements.txt for mycroft-installer
2021-10-26 13:55:43.016 | INFO     |  5758 | msm.skill_entry | Installing requirements.txt for mycroft-date-time
2021-10-26 13:55:43.080 | INFO     |  5758 | msm.skill_entry | Successfully installed mycroft-reminder
2021-10-26 13:55:43.080 | INFO     |  5758 | msm.mycroft_skills_manager | invalidating skills cache
2021-10-26 13:55:43.082 | INFO     |  5758 | msm.skill_entry | Downloading skill: https://github.com/mycroftai/skill-wiki
2021-10-26 13:55:43.122 | INFO     |  5758 | msm.skill_entry | Nothing new for mycroft-volume
2021-10-26 13:55:43.178 | INFO     |  5758 | msm.skill_entry | Installing system requirements...
2021-10-26 13:55:43.200 | INFO     |  5758 | msm.skill_entry | Installing system requirements...
2021-10-26 13:55:43.283 | INFO     |  5758 | msm.skill_entry | Installing requirements.txt for mycroft-volume
2021-10-26 13:55:43.294 | INFO     |  5758 | msm.skill_entry | Installing requirements.txt for mycroft-npr-news
2021-10-26 13:55:43.439 | INFO     |  5758 | msm.skill_entry | Installing system requirements...
2021-10-26 13:55:43.498 | INFO     |  5758 | msm.skill_entry | Installing requirements.txt for mycroft-alarm
2021-10-26 13:55:43.519 | INFO     |  5758 | msm.skill_entry | Installing system requirements...
2021-10-26 13:55:43.553 | INFO     |  5758 | msm.skill_entry | Successfully installed mycroft-speak
2021-10-26 13:55:43.553 | INFO     |  5758 | msm.mycroft_skills_manager | invalidating skills cache
2021-10-26 13:55:43.556 | INFO     |  5758 | msm.skill_entry | Downloading skill: https://github.com/MycroftAI/skill-query
2021-10-26 13:55:43.756 | INFO     |  5758 | msm.skill_entry | Installing system requirements...
2021-10-26 13:55:43.795 | INFO     |  5758 | msm.skill_entry | Installing system requirements...
2021-10-26 13:55:43.836 | INFO     |  5758 | msm.skill_entry | Installing requirements.txt for mycroft-support-helper
2021-10-26 13:55:43.857 | INFO     |  5758 | msm.skill_entry | Successfully installed mycroft-stop
2021-10-26 13:55:43.857 | INFO     |  5758 | msm.mycroft_skills_manager | invalidating skills cache
2021-10-26 13:55:43.908 | INFO     |  5758 | msm.skill_entry | Installing system requirements...
2021-10-26 13:55:44.013 | INFO     |  5758 | msm.skill_entry | Installing system requirements...
2021-10-26 13:55:44.032 | INFO     |  5758 | msm.skill_entry | Successfully installed mycroft-version-checker
2021-10-26 13:55:44.032 | INFO     |  5758 | msm.mycroft_skills_manager | invalidating skills cache
2021-10-26 13:55:44.114 | INFO     |  5758 | msm.skill_entry | Successfully installed mycroft-spelling
2021-10-26 13:55:44.115 | INFO     |  5758 | msm.mycroft_skills_manager | invalidating skills cache
2021-10-26 13:55:44.162 | INFO     |  5758 | msm.skill_entry | Installing system requirements...
2021-10-26 13:55:44.220 | INFO     |  5758 | msm.skill_entry | Installing requirements.txt for mycroft-wiki
2021-10-26 13:55:44.345 | INFO     |  5758 | msm.skill_entry | Installing system requirements...
2021-10-26 13:55:44.350 | INFO     |  5758 | msm.skill_entry | Installing system requirements...
2021-10-26 13:55:44.406 | INFO     |  5758 | msm.skill_entry | Successfully installed mycroft-timer
2021-10-26 13:55:44.406 | INFO     |  5758 | msm.mycroft_skills_manager | invalidating skills cache
2021-10-26 13:55:44.413 | INFO     |  5758 | msm.skill_entry | Successfully installed fallback-query
2021-10-26 13:55:44.413 | INFO     |  5758 | msm.mycroft_skills_manager | invalidating skills cache
2021-10-26 13:55:44.525 | ERROR    |  5758 | msm.mycroft_skills_manager | Error running install_or_update on homeassistant: MergeConflict
2021-10-26 13:55:44.951 | INFO     |  5758 | msm.skill_entry | Installing system requirements...
2021-10-26 13:55:44.991 | INFO     |  5758 | msm.skill_entry | Installing requirements.txt for mycroft-weather
2021-10-26 13:55:45.075 | INFO     |  5758 | msm.skill_entry | Installing system requirements...
2021-10-26 13:55:45.108 | INFO     |  5758 | msm.skill_entry | Successfully installed mycroft-singing
2021-10-26 13:55:45.109 | INFO     |  5758 | msm.mycroft_skills_manager | invalidating skills cache
2021-10-26 13:55:47.671 | INFO     |  5758 | msm.skill_entry | Successfully installed mycroft-configuration
2021-10-26 13:55:47.672 | INFO     |  5758 | msm.mycroft_skills_manager | invalidating skills cache
2021-10-26 13:55:52.240 | INFO     |  5758 | msm.skill_entry | Successfully installed fallback-wolfram-alpha
2021-10-26 13:55:52.241 | INFO     |  5758 | msm.mycroft_skills_manager | invalidating skills cache
2021-10-26 13:55:53.253 | INFO     |  5758 | msm.skill_entry | Successfully installed mycroft-audio-record
2021-10-26 13:55:53.254 | INFO     |  5758 | msm.mycroft_skills_manager | invalidating skills cache
2021-10-26 13:55:54.595 | INFO     |  5758 | msm.skill_entry | Successfully installed mycroft-fallback-duck-duck-go
2021-10-26 13:55:54.596 | INFO     |  5758 | msm.mycroft_skills_manager | invalidating skills cache
2021-10-26 13:55:55.911 | INFO     |  5758 | msm.skill_entry | Successfully installed mycroft-joke
2021-10-26 13:55:55.912 | INFO     |  5758 | msm.mycroft_skills_manager | invalidating skills cache
2021-10-26 13:55:56.974 | INFO     |  5758 | msm.skill_entry | Successfully installed mycroft-ip
2021-10-26 13:55:56.974 | INFO     |  5758 | msm.mycroft_skills_manager | invalidating skills cache
2021-10-26 13:55:58.038 | INFO     |  5758 | msm.skill_entry | Successfully installed mycroft-installer
2021-10-26 13:55:58.038 | INFO     |  5758 | msm.mycroft_skills_manager | invalidating skills cache
2021-10-26 13:56:09.448 | INFO     |  5758 | PairingSkill | Initiating device pairing sequence...
2021-10-26 13:56:09.448 | INFO     |  5758 | PairingSkill | Retrieving pairing code from device API...
2021-10-26 13:56:09.946 | INFO     |  5758 | PairingSkill | Pairing code obtained: 9XHMJA
2021-10-26 13:56:09.946 | INFO     |  5758 | PairingSkill | Communicating pairing URL to user
2021-10-26 13:56:17.459 | INFO     |  5758 | msm.skill_entry | Successfully installed mycroft-date-time
2021-10-26 13:56:17.460 | INFO     |  5758 | msm.mycroft_skills_manager | invalidating skills cache
2021-10-26 13:56:22.245 | INFO     |  5758 | msm.skill_entry | Successfully installed mycroft-npr-news
2021-10-26 13:56:22.246 | INFO     |  5758 | msm.mycroft_skills_manager | invalidating skills cache
2021-10-26 13:56:23.315 | INFO     |  5758 | msm.skill_entry | Successfully installed mycroft-alarm
2021-10-26 13:56:23.315 | INFO     |  5758 | msm.mycroft_skills_manager | invalidating skills cache
2021-10-26 13:56:26.302 | INFO     |  5758 | msm.skill_entry | Successfully installed mycroft-support-helper
2021-10-26 13:56:26.303 | INFO     |  5758 | msm.mycroft_skills_manager | invalidating skills cache
2021-10-26 13:56:28.870 | INFO     |  5758 | msm.skill_entry | Successfully installed mycroft-wiki
2021-10-26 13:56:28.870 | INFO     |  5758 | msm.mycroft_skills_manager | invalidating skills cache
2021-10-26 13:56:30.151 | INFO     |  5758 | msm.skill_entry | Successfully installed mycroft-weather
2021-10-26 13:56:30.151 | INFO     |  5758 | msm.mycroft_skills_manager | invalidating skills cache
2021-10-26 13:56:30.182 | INFO     |  5758 | mycroft.skills.skill_updater:_log_next_download_time:267 | Next scheduled skill update: 2021-10-26 14:56:30.182359
2021-10-26 13:56:30.183 | INFO     |  5758 | mycroft.skills.skill_updater:update_skills:170 | Skill update complete
2021-10-26 13:56:30.183 | INFO     |  5758 | mycroft.skills.skill_manager:_load_on_startup:273 | Loading installed skills...
2021-10-26 13:56:30.185 | INFO     |  5758 | mycroft.skills.skill_loader:load:185 | ATTEMPTING TO LOAD SKILL: mycroft-ip.mycroftai
2021-10-26 13:56:30.225 | INFO     |  5758 | mycroft.skills.settings:get_local_settings:83 | /opt/mycroft/skills/mycroft-ip.mycroftai/settings.json
2021-10-26 13:56:30.245 | INFO     |  5758 | mycroft.skills.skill_loader:_check_for_first_run:324 | First run of mycroft-ip.mycroftai
2021-10-26 13:56:30.246 | INFO     |  5758 | mycroft.skills.settings:save_settings:116 | Skill settings successfully saved to /home/runner/.config/mycroft/skills/mycroft-ip.mycroftai/settings.json
2021-10-26 13:56:30.258 | INFO     |  5758 | mycroft.skills.skill_loader:_communicate_load_status:344 | Skill mycroft-ip.mycroftai loaded successfully
2021-10-26 13:56:30.259 | INFO     |  5758 | mycroft.skills.skill_loader:load:185 | ATTEMPTING TO LOAD SKILL: mycroft-reminder.mycroftai
2021-10-26 13:56:30.286 | INFO     |  5758 | mycroft.skills.settings:get_local_settings:83 | /opt/mycroft/skills/mycroft-reminder.mycroftai/settings.json
2021-10-26 13:56:30.323 | INFO     |  5758 | mycroft.skills.skill_loader:_check_for_first_run:324 | First run of mycroft-reminder.mycroftai
2021-10-26 13:56:30.324 | INFO     |  5758 | mycroft.skills.settings:save_settings:116 | Skill settings successfully saved to /home/runner/.config/mycroft/skills/mycroft-reminder.mycroftai/settings.json
2021-10-26 13:56:30.331 | INFO     |  5758 | mycroft.skills.skill_loader:_communicate_load_status:344 | Skill mycroft-reminder.mycroftai loaded successfully
2021-10-26 13:56:30.332 | INFO     |  5758 | mycroft.skills.skill_loader:load:185 | ATTEMPTING TO LOAD SKILL: mycroft-installer.mycroftai
2021-10-26 13:56:30.349 | INFO     |  5758 | mycroft.skills.settings:get_local_settings:83 | /opt/mycroft/skills/mycroft-installer.mycroftai/settings.json
2021-10-26 13:56:30.386 | INFO     |  5758 | mycroft.skills.skill_loader:_check_for_first_run:324 | First run of mycroft-installer.mycroftai
2021-10-26 13:56:30.393 | INFO     |  5758 | mycroft.skills.settings:save_settings:116 | Skill settings successfully saved to /home/runner/.config/mycroft/skills/mycroft-installer.mycroftai/settings.json
2021-10-26 13:56:30.394 | INFO     |  5758 | mycroft.skills.skill_loader:_communicate_load_status:344 | Skill mycroft-installer.mycroftai loaded successfully
2021-10-26 13:56:30.395 | INFO     |  5758 | mycroft.skills.skill_loader:load:185 | ATTEMPTING TO LOAD SKILL: mycroft-version-checker.mycroftai
2021-10-26 13:56:30.408 | INFO     |  5758 | mycroft.skills.settings:get_local_settings:83 | /opt/mycroft/skills/mycroft-version-checker.mycroftai/settings.json
2021-10-26 13:56:30.430 | INFO     |  5758 | mycroft.skills.skill_loader:_check_for_first_run:324 | First run of mycroft-version-checker.mycroftai
2021-10-26 13:56:30.431 | INFO     |  5758 | mycroft.skills.settings:save_settings:116 | Skill settings successfully saved to /home/runner/.config/mycroft/skills/mycroft-version-checker.mycroftai/settings.json
2021-10-26 13:56:30.434 | INFO     |  5758 | mycroft.skills.skill_loader:_communicate_load_status:344 | Skill mycroft-version-checker.mycroftai loaded successfully
2021-10-26 13:56:30.434 | INFO     |  5758 | mycroft.skills.skill_loader:load:185 | ATTEMPTING TO LOAD SKILL: mycroft-singing.mycroftai
2021-10-26 13:56:30.443 | INFO     |  5758 | mycroft.skills.settings:get_local_settings:83 | /opt/mycroft/skills/mycroft-singing.mycroftai/settings.json
2021-10-26 13:56:30.460 | INFO     |  5758 | mycroft.skills.skill_loader:_check_for_first_run:324 | First run of mycroft-singing.mycroftai
2021-10-26 13:56:30.461 | INFO     |  5758 | mycroft.skills.settings:save_settings:116 | Skill settings successfully saved to /home/runner/.config/mycroft/skills/mycroft-singing.mycroftai/settings.json
2021-10-26 13:56:30.470 | INFO     |  5758 | mycroft.skills.skill_loader:_communicate_load_status:344 | Skill mycroft-singing.mycroftai loaded successfully
2021-10-26 13:56:30.470 | INFO     |  5758 | mycroft.skills.skill_loader:load:185 | ATTEMPTING TO LOAD SKILL: mycroft-joke.mycroftai
2021-10-26 13:56:30.475 | INFO     |  5758 | mycroft.skills.settings:get_local_settings:83 | /opt/mycroft/skills/mycroft-joke.mycroftai/settings.json
2021-10-26 13:56:30.512 | INFO     |  5758 | mycroft.skills.skill_loader:_check_for_first_run:324 | First run of mycroft-joke.mycroftai
2021-10-26 13:56:30.514 | INFO     |  5758 | mycroft.skills.settings:save_settings:116 | Skill settings successfully saved to /home/runner/.config/mycroft/skills/mycroft-joke.mycroftai/settings.json
2021-10-26 13:56:30.518 | INFO     |  5758 | mycroft.skills.skill_loader:_communicate_load_status:344 | Skill mycroft-joke.mycroftai loaded successfully
2021-10-26 13:56:30.519 | INFO     |  5758 | mycroft.skills.skill_loader:load:185 | ATTEMPTING TO LOAD SKILL: mycroft-timer.mycroftai
2021-10-26 13:56:30.547 | INFO     |  5758 | mycroft.skills.settings:get_local_settings:83 | /opt/mycroft/skills/mycroft-timer.mycroftai/settings.json
2021-10-26 13:56:30.635 | INFO     |  5758 | mycroft.skills.skill_loader:_check_for_first_run:324 | First run of mycroft-timer.mycroftai
2021-10-26 13:56:30.635 | INFO     |  5758 | mycroft.skills.settings:save_settings:116 | Skill settings successfully saved to /home/runner/.config/mycroft/skills/mycroft-timer.mycroftai/settings.json
2021-10-26 13:56:30.636 | INFO     |  5758 | mycroft.skills.skill_loader:_communicate_load_status:344 | Skill mycroft-timer.mycroftai loaded successfully
2021-10-26 13:56:30.637 | INFO     |  5758 | mycroft.skills.skill_loader:load:185 | ATTEMPTING TO LOAD SKILL: homeassistant.mycroftai
2021-10-26 13:56:31.015 | INFO     |  5758 | mycroft.skills.settings:get_local_settings:83 | /opt/mycroft/skills/homeassistant.mycroftai/settings.json
2021-10-26 13:56:31.016 | INFO     |  5758 | mycroft.skills.settings:get_local_settings:83 | /opt/mycroft/skills/homeassistant.mycroftai/settings.json
2021-10-26 13:56:31.084 | INFO     |  5758 | mycroft.skills.skill_loader:_communicate_load_status:344 | Skill homeassistant.mycroftai loaded successfully
2021-10-26 13:56:31.084 | INFO     |  5758 | mycroft.skills.skill_loader:load:185 | ATTEMPTING TO LOAD SKILL: mycroft-alarm.mycroftai
2021-10-26 13:56:31.111 | INFO     |  5758 | mycroft.skills.settings:get_local_settings:83 | /opt/mycroft/skills/mycroft-alarm.mycroftai/settings.json
2021-10-26 13:56:31.112 | ERROR    |  5758 | AlarmSkill | Couldn't allocate mixer, ALSAAudioError('No such file or directory [default]')
2021-10-26 13:56:31.267 | INFO     |  5758 | mycroft.skills.skill_loader:_check_for_first_run:324 | First run of mycroft-alarm.mycroftai
2021-10-26 13:56:31.269 | INFO     |  5758 | mycroft.skills.settings:save_settings:116 | Skill settings successfully saved to /home/runner/.config/mycroft/skills/mycroft-alarm.mycroftai/settings.json
2021-10-26 13:56:31.273 | INFO     |  5758 | mycroft.skills.skill_loader:_communicate_load_status:344 | Skill mycroft-alarm.mycroftai loaded successfully
2021-10-26 13:56:31.275 | INFO     |  5758 | mycroft.skills.skill_loader:load:185 | ATTEMPTING TO LOAD SKILL: mycroft-naptime.mycroftai
2021-10-26 13:56:31.295 | INFO     |  5758 | mycroft.skills.settings:get_local_settings:83 | /opt/mycroft/skills/mycroft-naptime.mycroftai/settings.json
2021-10-26 13:56:31.318 | INFO     |  5758 | mycroft.skills.skill_loader:_check_for_first_run:324 | First run of mycroft-naptime.mycroftai
2021-10-26 13:56:31.320 | INFO     |  5758 | mycroft.skills.settings:save_settings:116 | Skill settings successfully saved to /home/runner/.config/mycroft/skills/mycroft-naptime.mycroftai/settings.json
2021-10-26 13:56:31.322 | INFO     |  5758 | mycroft.skills.skill_loader:_communicate_load_status:344 | Skill mycroft-naptime.mycroftai loaded successfully
2021-10-26 13:56:31.323 | INFO     |  5758 | mycroft.skills.skill_loader:load:185 | ATTEMPTING TO LOAD SKILL: mycroft-spelling.mycroftai
2021-10-26 13:56:31.338 | INFO     |  5758 | mycroft.skills.settings:get_local_settings:83 | /opt/mycroft/skills/mycroft-spelling.mycroftai/settings.json
2021-10-26 13:56:31.395 | INFO     |  5758 | mycroft.skills.skill_loader:_check_for_first_run:324 | First run of mycroft-spelling.mycroftai
2021-10-26 13:56:31.396 | INFO     |  5758 | mycroft.skills.settings:save_settings:116 | Skill settings successfully saved to /home/runner/.config/mycroft/skills/mycroft-spelling.mycroftai/settings.json
2021-10-26 13:56:31.403 | INFO     |  5758 | mycroft.skills.skill_loader:_communicate_load_status:344 | Skill mycroft-spelling.mycroftai loaded successfully
2021-10-26 13:56:31.406 | INFO     |  5758 | mycroft.skills.skill_loader:load:185 | ATTEMPTING TO LOAD SKILL: mycroft-fallback-duck-duck-go.mycroftai
2021-10-26 13:56:31.435 | INFO     |  5758 | mycroft.skills.settings:get_local_settings:83 | /opt/mycroft/skills/mycroft-fallback-duck-duck-go.mycroftai/settings.json
2021-10-26 13:56:31.485 | INFO     |  5758 | mycroft.skills.skill_loader:_check_for_first_run:324 | First run of mycroft-fallback-duck-duck-go.mycroftai
2021-10-26 13:56:31.491 | INFO     |  5758 | mycroft.skills.settings:save_settings:116 | Skill settings successfully saved to /home/runner/.config/mycroft/skills/mycroft-fallback-duck-duck-go.mycroftai/settings.json
2021-10-26 13:56:31.494 | INFO     |  5758 | mycroft.skills.skill_loader:_communicate_load_status:344 | Skill mycroft-fallback-duck-duck-go.mycroftai loaded successfully
2021-10-26 13:56:31.496 | INFO     |  5758 | mycroft.skills.skill_loader:load:185 | ATTEMPTING TO LOAD SKILL: mycroft-npr-news.mycroftai
2021-10-26 13:56:31.617 | INFO     |  5758 | mycroft.skills.settings:get_local_settings:83 | /opt/mycroft/skills/mycroft-npr-news.mycroftai/settings.json
2021-10-26 13:56:32.640 | INFO     |  5758 | mycroft.skills.skill_loader:_check_for_first_run:324 | First run of mycroft-npr-news.mycroftai
2021-10-26 13:56:32.641 | INFO     |  5758 | mycroft.skills.settings:save_settings:116 | Skill settings successfully saved to /home/runner/.config/mycroft/skills/mycroft-npr-news.mycroftai/settings.json
2021-10-26 13:56:32.642 | INFO     |  5758 | mycroft.skills.skill_loader:_communicate_load_status:344 | Skill mycroft-npr-news.mycroftai loaded successfully
2021-10-26 13:56:32.643 | INFO     |  5758 | mycroft.skills.skill_loader:load:185 | ATTEMPTING TO LOAD SKILL: mycroft-support-helper.mycroftai
2021-10-26 13:56:32.656 | INFO     |  5758 | mycroft.skills.settings:get_local_settings:83 | /opt/mycroft/skills/mycroft-support-helper.mycroftai/settings.json
2021-10-26 13:56:32.669 | INFO     |  5758 | mycroft.skills.skill_loader:_check_for_first_run:324 | First run of mycroft-support-helper.mycroftai
2021-10-26 13:56:32.671 | INFO     |  5758 | mycroft.skills.settings:save_settings:116 | Skill settings successfully saved to /home/runner/.config/mycroft/skills/mycroft-support-helper.mycroftai/settings.json
2021-10-26 13:56:32.674 | INFO     |  5758 | mycroft.skills.skill_loader:_communicate_load_status:344 | Skill mycroft-support-helper.mycroftai loaded successfully
2021-10-26 13:56:32.674 | INFO     |  5758 | mycroft.skills.skill_loader:load:185 | ATTEMPTING TO LOAD SKILL: mycroft-weather.mycroftai
2021-10-26 13:56:32.692 | INFO     |  5758 | mycroft.skills.settings:get_local_settings:83 | /opt/mycroft/skills/mycroft-weather.mycroftai/settings.json
2021-10-26 13:56:32.861 | INFO     |  5758 | mycroft.skills.skill_loader:_check_for_first_run:324 | First run of mycroft-weather.mycroftai
2021-10-26 13:56:32.869 | INFO     |  5758 | mycroft.skills.settings:save_settings:116 | Skill settings successfully saved to /home/runner/.config/mycroft/skills/mycroft-weather.mycroftai/settings.json
2021-10-26 13:56:32.872 | INFO     |  5758 | mycroft.skills.skill_loader:_communicate_load_status:344 | Skill mycroft-weather.mycroftai loaded successfully
2021-10-26 13:56:32.872 | INFO     |  5758 | mycroft.skills.skill_loader:load:185 | ATTEMPTING TO LOAD SKILL: mycroft-speak.mycroftai
2021-10-26 13:56:32.879 | INFO     |  5758 | mycroft.skills.settings:get_local_settings:83 | /opt/mycroft/skills/mycroft-speak.mycroftai/settings.json
2021-10-26 13:56:32.910 | INFO     |  5758 | mycroft.skills.skill_loader:_check_for_first_run:324 | First run of mycroft-speak.mycroftai
2021-10-26 13:56:32.911 | INFO     |  5758 | mycroft.skills.settings:save_settings:116 | Skill settings successfully saved to /home/runner/.config/mycroft/skills/mycroft-speak.mycroftai/settings.json
2021-10-26 13:56:32.911 | INFO     |  5758 | mycroft.skills.skill_loader:_communicate_load_status:344 | Skill mycroft-speak.mycroftai loaded successfully
2021-10-26 13:56:32.912 | INFO     |  5758 | mycroft.skills.skill_loader:load:185 | ATTEMPTING TO LOAD SKILL: mycroft-audio-record.mycroftai
2021-10-26 13:56:32.924 | INFO     |  5758 | mycroft.skills.settings:get_local_settings:83 | /opt/mycroft/skills/mycroft-audio-record.mycroftai/settings.json
2021-10-26 13:56:32.956 | INFO     |  5758 | mycroft.skills.skill_loader:_check_for_first_run:324 | First run of mycroft-audio-record.mycroftai
2021-10-26 13:56:32.957 | INFO     |  5758 | mycroft.skills.settings:save_settings:116 | Skill settings successfully saved to /home/runner/.config/mycroft/skills/mycroft-audio-record.mycroftai/settings.json
2021-10-26 13:56:32.962 | INFO     |  5758 | mycroft.skills.skill_loader:_communicate_load_status:344 | Skill mycroft-audio-record.mycroftai loaded successfully
2021-10-26 13:56:32.964 | INFO     |  5758 | mycroft.skills.skill_loader:load:185 | ATTEMPTING TO LOAD SKILL: mycroft-stop.mycroftai
2021-10-26 13:56:32.971 | INFO     |  5758 | mycroft.skills.settings:get_local_settings:83 | /opt/mycroft/skills/mycroft-stop.mycroftai/settings.json
2021-10-26 13:56:33.018 | INFO     |  5758 | mycroft.skills.skill_loader:_check_for_first_run:324 | First run of mycroft-stop.mycroftai
2021-10-26 13:56:33.020 | INFO     |  5758 | mycroft.skills.settings:save_settings:116 | Skill settings successfully saved to /home/runner/.config/mycroft/skills/mycroft-stop.mycroftai/settings.json
2021-10-26 13:56:33.026 | INFO     |  5758 | mycroft.skills.skill_loader:_communicate_load_status:344 | Skill mycroft-stop.mycroftai loaded successfully
2021-10-26 13:56:33.028 | INFO     |  5758 | mycroft.skills.skill_loader:load:185 | ATTEMPTING TO LOAD SKILL: mycroft-hello-world.mycroftai
2021-10-26 13:56:33.032 | INFO     |  5758 | mycroft.skills.settings:get_local_settings:83 | /opt/mycroft/skills/mycroft-hello-world.mycroftai/settings.json
2021-10-26 13:56:33.079 | INFO     |  5758 | mycroft.skills.skill_loader:_check_for_first_run:324 | First run of mycroft-hello-world.mycroftai
2021-10-26 13:56:33.081 | INFO     |  5758 | mycroft.skills.settings:save_settings:116 | Skill settings successfully saved to /home/runner/.config/mycroft/skills/mycroft-hello-world.mycroftai/settings.json
2021-10-26 13:56:33.124 | INFO     |  5758 | mycroft.skills.skill_loader:_communicate_load_status:344 | Skill mycroft-hello-world.mycroftai loaded successfully
2021-10-26 13:56:33.130 | INFO     |  5758 | mycroft.skills.skill_loader:load:185 | ATTEMPTING TO LOAD SKILL: mycroft-date-time.mycroftai
2021-10-26 13:56:33.780 | INFO     |  5758 | mycroft.skills.settings:get_local_settings:83 | /opt/mycroft/skills/mycroft-date-time.mycroftai/settings.json
2021-10-26 13:56:33.812 | INFO     |  5758 | TimeSkill | Registering resting screen <bound method TimeSkill.handle_idle of <mycroft-date-time_mycroftai.TimeSkill object at 0x7f37a0b04410>> for Time and Date.
2021-10-26 13:56:33.814 | INFO     |  5758 | TimeSkill | Registering resting screen
2021-10-26 13:56:33.817 | INFO     |  5758 | mycroft.skills.skill_loader:_check_for_first_run:324 | First run of mycroft-date-time.mycroftai
2021-10-26 13:56:33.818 | INFO     |  5758 | mycroft.skills.settings:save_settings:116 | Skill settings successfully saved to /home/runner/.config/mycroft/skills/mycroft-date-time.mycroftai/settings.json
2021-10-26 13:56:33.820 | INFO     |  5758 | mycroft.skills.skill_loader:_communicate_load_status:344 | Skill mycroft-date-time.mycroftai loaded successfully
2021-10-26 13:56:33.821 | INFO     |  5758 | mycroft.skills.skill_loader:load:185 | ATTEMPTING TO LOAD SKILL: mycroft-configuration.mycroftai
2021-10-26 13:56:33.830 | INFO     |  5758 | mycroft.skills.settings:get_local_settings:83 | /opt/mycroft/skills/mycroft-configuration.mycroftai/settings.json
2021-10-26 13:56:33.860 | INFO     |  5758 | mycroft.skills.skill_loader:_check_for_first_run:324 | First run of mycroft-configuration.mycroftai
2021-10-26 13:56:33.860 | INFO     |  5758 | mycroft.skills.settings:save_settings:116 | Skill settings successfully saved to /home/runner/.config/mycroft/skills/mycroft-configuration.mycroftai/settings.json
2021-10-26 13:56:33.863 | INFO     |  5758 | mycroft.skills.skill_loader:_communicate_load_status:344 | Skill mycroft-configuration.mycroftai loaded successfully
2021-10-26 13:56:33.864 | INFO     |  5758 | mycroft.skills.skill_loader:load:185 | ATTEMPTING TO LOAD SKILL: fallback-query.mycroftai
2021-10-26 13:56:33.873 | INFO     |  5758 | mycroft.skills.settings:get_local_settings:83 | /opt/mycroft/skills/fallback-query.mycroftai/settings.json
2021-10-26 13:56:33.887 | INFO     |  5758 | mycroft.skills.skill_loader:_check_for_first_run:324 | First run of fallback-query.mycroftai
2021-10-26 13:56:33.888 | INFO     |  5758 | mycroft.skills.settings:save_settings:116 | Skill settings successfully saved to /home/runner/.config/mycroft/skills/fallback-query.mycroftai/settings.json
2021-10-26 13:56:33.902 | INFO     |  5758 | mycroft.skills.skill_loader:_communicate_load_status:344 | Skill fallback-query.mycroftai loaded successfully
2021-10-26 13:56:33.903 | INFO     |  5758 | mycroft.skills.skill_loader:load:185 | ATTEMPTING TO LOAD SKILL: mycroft-personal.mycroftai
2021-10-26 13:56:33.909 | INFO     |  5758 | mycroft.skills.settings:get_local_settings:83 | /opt/mycroft/skills/mycroft-personal.mycroftai/settings.json
2021-10-26 13:56:33.933 | INFO     |  5758 | mycroft.skills.skill_loader:_check_for_first_run:324 | First run of mycroft-personal.mycroftai
2021-10-26 13:56:33.934 | INFO     |  5758 | mycroft.skills.settings:save_settings:116 | Skill settings successfully saved to /home/runner/.config/mycroft/skills/mycroft-personal.mycroftai/settings.json
2021-10-26 13:56:33.964 | INFO     |  5758 | mycroft.skills.skill_loader:_communicate_load_status:344 | Skill mycroft-personal.mycroftai loaded successfully
2021-10-26 13:56:33.964 | INFO     |  5758 | mycroft.skills.skill_loader:load:185 | ATTEMPTING TO LOAD SKILL: fallback-wolfram-alpha.mycroftai
2021-10-26 13:56:34.213 | INFO     |  5758 | mycroft.skills.settings:get_local_settings:83 | /opt/mycroft/skills/fallback-wolfram-alpha.mycroftai/settings.json
2021-10-26 13:56:34.238 | INFO     |  5758 | mycroft.skills.skill_loader:_check_for_first_run:324 | First run of fallback-wolfram-alpha.mycroftai
2021-10-26 13:56:34.239 | INFO     |  5758 | mycroft.skills.settings:save_settings:116 | Skill settings successfully saved to /home/runner/.config/mycroft/skills/fallback-wolfram-alpha.mycroftai/settings.json
2021-10-26 13:56:34.242 | INFO     |  5758 | mycroft.skills.skill_loader:_communicate_load_status:344 | Skill fallback-wolfram-alpha.mycroftai loaded successfully
2021-10-26 13:56:34.246 | INFO     |  5758 | mycroft.skills.skill_loader:load:185 | ATTEMPTING TO LOAD SKILL: mycroft-wiki.mycroftai
2021-10-26 13:56:34.258 | INFO     |  5758 | mycroft.skills.settings:get_local_settings:83 | /opt/mycroft/skills/mycroft-wiki.mycroftai/settings.json
2021-10-26 13:56:34.276 | INFO     |  5758 | mycroft.skills.skill_loader:_check_for_first_run:324 | First run of mycroft-wiki.mycroftai
2021-10-26 13:56:34.278 | INFO     |  5758 | mycroft.skills.settings:save_settings:116 | Skill settings successfully saved to /home/runner/.config/mycroft/skills/mycroft-wiki.mycroftai/settings.json
2021-10-26 13:56:34.282 | INFO     |  5758 | mycroft.skills.skill_loader:_communicate_load_status:344 | Skill mycroft-wiki.mycroftai loaded successfully
2021-10-26 13:56:34.282 | INFO     |  5758 | mycroft.skills.skill_loader:load:185 | ATTEMPTING TO LOAD SKILL: fallback-unknown.mycroftai
2021-10-26 13:56:34.287 | INFO     |  5758 | mycroft.skills.settings:get_local_settings:83 | /opt/mycroft/skills/fallback-unknown.mycroftai/settings.json
2021-10-26 13:56:34.306 | INFO     |  5758 | mycroft.skills.skill_loader:_check_for_first_run:324 | First run of fallback-unknown.mycroftai
2021-10-26 13:56:34.306 | INFO     |  5758 | mycroft.skills.settings:save_settings:116 | Skill settings successfully saved to /home/runner/.config/mycroft/skills/fallback-unknown.mycroftai/settings.json
2021-10-26 13:56:34.307 | INFO     |  5758 | mycroft.skills.skill_loader:_communicate_load_status:344 | Skill fallback-unknown.mycroftai loaded successfully
2021-10-26 13:56:34.308 | INFO     |  5758 | mycroft.skills.skill_loader:load:185 | ATTEMPTING TO LOAD SKILL: mycroft-playback-control.mycroftai
2021-10-26 13:56:34.315 | INFO     |  5758 | mycroft.skills.settings:get_local_settings:83 | /opt/mycroft/skills/mycroft-playback-control.mycroftai/settings.json
2021-10-26 13:56:34.384 | INFO     |  5758 | mycroft.skills.skill_loader:_check_for_first_run:324 | First run of mycroft-playback-control.mycroftai
2021-10-26 13:56:34.385 | INFO     |  5758 | mycroft.skills.settings:save_settings:116 | Skill settings successfully saved to /home/runner/.config/mycroft/skills/mycroft-playback-control.mycroftai/settings.json
2021-10-26 13:56:34.392 | INFO     |  5758 | mycroft.skills.skill_loader:_communicate_load_status:344 | Skill mycroft-playback-control.mycroftai loaded successfully
2021-10-26 13:56:34.392 | INFO     |  5758 | mycroft.skills.skill_manager:_load_on_startup:275 | Skills all loaded!
2021-10-26 13:56:34.445 | INFO     |  5758 | __main__:on_ready:185 | Skills service is ready.
2021-10-26 13:56:34.505 | INFO     |  5758 | mycroft.skills.intent_services.padatious_service:train:151 | Training... (single_thread=False)
Regenerated mycroft-alarm.mycroftai:{daytype}.
Regenerated mycroft-reminder.mycroftai:GetNextReminders.intent.
Regenerated mycroft-reminder.mycroftai:CancelActiveReminder.intent.
Regenerated mycroft-reminder.mycroftai:ClearReminders.intent.
Regenerated mycroft-reminder.mycroftai:DeleteReminderForDay.intent.
Regenerated mycroft-reminder.mycroftai:Reminder.intent.
Regenerated mycroft-reminder.mycroftai:GetRemindersForDay.intent.
Regenerated mycroft-reminder.mycroftai:ReminderAt.intent.
Regenerated homeassistant.mycroftai:turn.on.intent.
Regenerated homeassistant.mycroftai:toggle.intent.
Regenerated homeassistant.mycroftai:turn.off.intent.
Regenerated homeassistant.mycroftai:set.light.brightness.intent.
Regenerated homeassistant.mycroftai:tracker.intent.
Regenerated homeassistant.mycroftai:add.item.shopping.list.intent.
Regenerated homeassistant.mycroftai:set.climate.intent.
Regenerated mycroft-personal.mycroftai:WhereWereYouBorn.intent.
Regenerated mycroft-personal.mycroftai:WhoMadeYou.intent.
Regenerated mycroft-personal.mycroftai:DoYouDream.intent.
Regenerated mycroft-personal.mycroftai:WhatAreYou.intent.
Regenerated mycroft-personal.mycroftai:WhenWereYouBorn.intent.
Regenerated mycroft-personal.mycroftai:DoYouRhyme.intent.
Regenerated mycroft-wiki.mycroftai:Random.intent.
Regenerated mycroft-reminder.mycroftai:UnspecifiedReminderAt.intent.
Regenerated mycroft-reminder.mycroftai:SnoozeReminder.intent.
Regenerated mycroft-installer.mycroftai:install.custom.intent.
Regenerated mycroft-installer.mycroftai:install.beta.intent.
Regenerated mycroft-installer.mycroftai:is.installed.intent.
Regenerated mycroft-installer.mycroftai:remove.intent.
Regenerated mycroft-installer.mycroftai:install.intent.
Regenerated mycroft-installer.mycroftai:list.skills.intent.
Regenerated mycroft-timer.mycroftai:timer.status.intent.
Regenerated mycroft-timer.mycroftai:start.timer.intent.
Regenerated homeassistant.mycroftai:decrease.light.brightness.intent.
Regenerated homeassistant.mycroftai:increase.light.brightness.intent.
Regenerated homeassistant.mycroftai:automation.intent.
Regenerated homeassistant.mycroftai:sensor.intent.
Regenerated mycroft-alarm.mycroftai:change.alarm.sound.intent.
Regenerated mycroft-alarm.mycroftai:snooze.intent.
Regenerated mycroft-npr-news.mycroftai:PlayTheNews.intent.
Regenerated mycroft-support-helper.mycroftai:contact.support.intent.
Regenerated mycroft-weather.mycroftai:do-i-need-an-umbrella.intent.
Regenerated mycroft-audio-record.mycroftai:StartRecording.intent.
Regenerated mycroft-audio-record.mycroftai:PlayRecording.intent.
Regenerated mycroft-stop.mycroftai:ssh.enable.intent.
Regenerated mycroft-stop.mycroftai:shutdown.intent.
Regenerated mycroft-stop.mycroftai:reboot.intent.
Regenerated mycroft-stop.mycroftai:ssh.disable.intent.
Regenerated mycroft-stop.mycroftai:wifi.setup.intent.
Regenerated mycroft-hello-world.mycroftai:HowAreYou.intent.
Regenerated mycroft-date-time.mycroftai:date.future.weekend.intent.
Regenerated mycroft-date-time.mycroftai:what.time.will.it.be.intent.
Regenerated mycroft-date-time.mycroftai:date.last.weekend.intent.
Regenerated mycroft-date-time.mycroftai:what.time.is.it.intent.
Regenerated mycroft-configuration.mycroftai:EnablePreciseDev.intent.
Regenerated mycroft-configuration.mycroftai:DisablePreciseDev.intent.
Regenerated mycroft-configuration.mycroftai:WhereAreYou.intent.
Regenerated mycroft-personal.mycroftai:WhoAreYou.intent.
2021-10-26 13:56:40.191 | INFO     |  5758 | mycroft.skills.intent_services.padatious_service:train:153 | Training complete.
2021-10-26 13:56:40.303 | INFO     |  5758 | mycroft.skills.settings:save_settings:116 | Skill settings successfully saved to /home/runner/.config/mycroft/skills/mycroft-pairing.mycroftai/settings.json
2021-10-26 13:56:40.598 | INFO     |  5758 | mycroft.skills.settings:save_settings:116 | Skill settings successfully saved to /home/runner/.config/mycroft/skills/mycroft-timer.mycroftai/settings.json
2021-10-26 13:57:18.092 | INFO     |  5758 | __main__:on_stopping:193 | Skills service is shutting down...
2021-10-26 13:57:18.092 | INFO     |  5758 | __main__:shutdown:284 | Shutting down Skills service
2021-10-26 13:57:18.121 | ERROR    |  5758 | VolumeSkill | Couldn't allocate mixer, ALSAAudioError('No such file or directory [default]')
2021-10-26 13:57:18.132 | INFO     |  5758 | mycroft.skills.settings:save_settings:116 | Skill settings successfully saved to /home/runner/.config/mycroft/skills/mycroft-volume.mycroftai/settings.json
2021-10-26 13:57:18.133 | INFO     |  5758 | mycroft.skills.settings:save_settings:116 | Skill settings successfully saved to /home/runner/.config/mycroft/skills/mycroft-ip.mycroftai/settings.json
2021-10-26 13:57:18.135 | INFO     |  5758 | mycroft.skills.settings:save_settings:116 | Skill settings successfully saved to /home/runner/.config/mycroft/skills/mycroft-reminder.mycroftai/settings.json
2021-10-26 13:57:18.137 | INFO     |  5758 | mycroft.skills.settings:save_settings:116 | Skill settings successfully saved to /home/runner/.config/mycroft/skills/mycroft-installer.mycroftai/settings.json
2021-10-26 13:57:18.139 | INFO     |  5758 | mycroft.skills.settings:save_settings:116 | Skill settings successfully saved to /home/runner/.config/mycroft/skills/mycroft-version-checker.mycroftai/settings.json
2021-10-26 13:57:18.141 | INFO     |  5758 | mycroft.skills.settings:save_settings:116 | Skill settings successfully saved to /home/runner/.config/mycroft/skills/mycroft-singing.mycroftai/settings.json
2021-10-26 13:57:18.154 | INFO     |  5758 | mycroft.skills.settings:save_settings:116 | Skill settings successfully saved to /home/runner/.config/mycroft/skills/mycroft-joke.mycroftai/settings.json
2021-10-26 13:57:18.157 | INFO     |  5758 | HomeAssistantSkill | Removing all handlers...
2021-10-26 13:57:18.158 | WARNING  |  5758 | mycroft.skills.fallback_skill:remove_fallback:185 | Could not find matching fallback handler
2021-10-26 13:57:18.159 | INFO     |  5758 | mycroft.skills.settings:save_settings:116 | Skill settings successfully saved to /home/runner/.config/mycroft/skills/mycroft-alarm.mycroftai/settings.json
2021-10-26 13:57:18.167 | INFO     |  5758 | mycroft.skills.settings:save_settings:116 | Skill settings successfully saved to /home/runner/.config/mycroft/skills/mycroft-naptime.mycroftai/settings.json
2021-10-26 13:57:18.168 | INFO     |  5758 | mycroft.skills.settings:save_settings:116 | Skill settings successfully saved to /home/runner/.config/mycroft/skills/mycroft-spelling.mycroftai/settings.json
2021-10-26 13:57:18.170 | INFO     |  5758 | mycroft.skills.settings:save_settings:116 | Skill settings successfully saved to /home/runner/.config/mycroft/skills/mycroft-fallback-duck-duck-go.mycroftai/settings.json
2021-10-26 13:57:18.171 | INFO     |  5758 | mycroft.skills.settings:save_settings:116 | Skill settings successfully saved to /home/runner/.config/mycroft/skills/mycroft-npr-news.mycroftai/settings.json
2021-10-26 13:57:18.180 | INFO     |  5758 | mycroft.skills.settings:save_settings:116 | Skill settings successfully saved to /home/runner/.config/mycroft/skills/mycroft-support-helper.mycroftai/settings.json
2021-10-26 13:57:18.181 | INFO     |  5758 | mycroft.skills.settings:save_settings:116 | Skill settings successfully saved to /home/runner/.config/mycroft/skills/mycroft-weather.mycroftai/settings.json
2021-10-26 13:57:18.183 | INFO     |  5758 | mycroft.skills.settings:save_settings:116 | Skill settings successfully saved to /home/runner/.config/mycroft/skills/mycroft-speak.mycroftai/settings.json
2021-10-26 13:57:18.184 | INFO     |  5758 | mycroft.skills.settings:save_settings:116 | Skill settings successfully saved to /home/runner/.config/mycroft/skills/mycroft-audio-record.mycroftai/settings.json
2021-10-26 13:57:18.186 | INFO     |  5758 | mycroft.skills.settings:save_settings:116 | Skill settings successfully saved to /home/runner/.config/mycroft/skills/mycroft-stop.mycroftai/settings.json
2021-10-26 13:57:18.187 | INFO     |  5758 | mycroft.skills.settings:save_settings:116 | Skill settings successfully saved to /home/runner/.config/mycroft/skills/mycroft-hello-world.mycroftai/settings.json
2021-10-26 13:57:18.199 | INFO     |  5758 | mycroft.skills.settings:save_settings:116 | Skill settings successfully saved to /home/runner/.config/mycroft/skills/mycroft-date-time.mycroftai/settings.json
2021-10-26 13:57:18.213 | INFO     |  5758 | mycroft.skills.settings:save_settings:116 | Skill settings successfully saved to /home/runner/.config/mycroft/skills/mycroft-configuration.mycroftai/settings.json
2021-10-26 13:57:18.214 | INFO     |  5758 | QuestionsAnswersSkill | Removing all handlers...
2021-10-26 13:57:18.215 | INFO     |  5758 | mycroft.skills.settings:save_settings:116 | Skill settings successfully saved to /home/runner/.config/mycroft/skills/fallback-query.mycroftai/settings.json
2021-10-26 13:57:18.216 | INFO     |  5758 | mycroft.skills.settings:save_settings:116 | Skill settings successfully saved to /home/runner/.config/mycroft/skills/mycroft-personal.mycroftai/settings.json
2021-10-26 13:57:18.217 | INFO     |  5758 | mycroft.skills.settings:save_settings:116 | Skill settings successfully saved to /home/runner/.config/mycroft/skills/fallback-wolfram-alpha.mycroftai/settings.json
2021-10-26 13:57:18.233 | INFO     |  5758 | mycroft.skills.settings:save_settings:116 | Skill settings successfully saved to /home/runner/.config/mycroft/skills/mycroft-wiki.mycroftai/settings.json
2021-10-26 13:57:18.233 | INFO     |  5758 | UnknownSkill | Removing all handlers...
2021-10-26 13:57:18.234 | INFO     |  5758 | mycroft.skills.settings:save_settings:116 | Skill settings successfully saved to /home/runner/.config/mycroft/skills/fallback-unknown.mycroftai/settings.json
2021-10-26 13:57:18.236 | INFO     |  5758 | mycroft.skills.settings:save_settings:116 | Skill settings successfully saved to /home/runner/.config/mycroft/skills/mycroft-playback-control.mycroftai/settings.json
2021-10-26 13:57:19.249 | INFO     |  5758 | Playback Control Skill | Audio service status: {}
2021-10-26 13:57:20.250 | WARNING  |  5758 | mycroft.skills.skill_manager:_shutdown_skill:106 | mycroft-playback-control.mycroftai shutdown took 2.014388958999973 seconds
2021-10-26 13:57:20.250 | INFO     |  5758 | __main__:shutdown:291 | Skills service shutdown complete!
2021-10-26 13:57:23.200 | ERROR    |  5758 | websocket | error from callback <bound method MessageBusClient.on_message of <mycroft.messagebus.client.client.MessageBusClient object at 0x7f37c2147d10>>: cannot schedule new futures after shutdown
2021-10-26 13:57:23.202 | ERROR    |  5758 | websocket | error from callback <bound method MessageBusClient.on_message of <mycroft.messagebus.client.client.MessageBusClient object at 0x7f37c2147d10>>: cannot schedule new futures after shutdown
2021-10-26 13:57:23.205 | ERROR    |  5758 | websocket | error from callback <bound method MessageBusClient.on_message of <mycroft.messagebus.client.client.MessageBusClient object at 0x7f37c2147d10>>: cannot schedule new futures after shutdown
2021-10-26 13:57:23.207 | ERROR    |  5758 | websocket | error from callback <bound method MessageBusClient.on_message of <mycroft.messagebus.client.client.MessageBusClient object at 0x7f37c2147d10>>: cannot schedule new futures after shutdown
2021-10-26 13:57:23.209 | ERROR    |  5758 | websocket | error from callback <bound method MessageBusClient.on_message of <mycroft.messagebus.client.client.MessageBusClient object at 0x7f37c2147d10>>: cannot schedule new futures after shutdown
