2021-10-25 17:21:08.673 | INFO     |  5720 | mycroft.messagebus.load_config:load_message_bus_config:33 | Loading message bus configs
2021-10-25 17:21:08.683 | ERROR    |  5720 | mycroft_bus_client.client.client | === ConnectionRefusedError(111, 'Connection refused') ===
Traceback (most recent call last):
  File "/opt/mycroft-core/.venv/lib/python3.7/site-packages/websocket/_app.py", line 254, in run_forever
    proxy_type=proxy_type)
  File "/opt/mycroft-core/.venv/lib/python3.7/site-packages/websocket/_core.py", line 220, in connect
    options.pop('socket', None))
  File "/opt/mycroft-core/.venv/lib/python3.7/site-packages/websocket/_http.py", line 120, in connect
    sock = _open_socket(addrinfo_list, options.sockopt, options.timeout)
  File "/opt/mycroft-core/.venv/lib/python3.7/site-packages/websocket/_http.py", line 190, in _open_socket
    raise err
  File "/opt/mycroft-core/.venv/lib/python3.7/site-packages/websocket/_http.py", line 170, in _open_socket
    sock.connect(address)
ConnectionRefusedError: [Errno 111] Connection refused
2021-10-25 17:21:08.683 | ERROR    |  5720 | mycroft_bus_client.client.client | Exception closing websocket: ConnectionRefusedError(111, 'Connection refused')
2021-10-25 17:21:08.683 | WARNING  |  5720 | mycroft_bus_client.client.client | Message Bus Client will reconnect in 5 seconds.
2021-10-25 17:21:13.689 | INFO     |  5720 | mycroft_bus_client.client.client | Connected
2021-10-25 17:21:13.690 | INFO     |  5720 | mycroft.util.process_utils:start_message_bus_client:155 | Connected to messagebus
2021-10-25 17:21:13.695 | INFO     |  5720 | mycroft.skills.msm_wrapper:create_msm:96 | Acquiring lock to instantiate MSM
2021-10-25 17:21:13.703 | INFO     |  5720 | msm.mycroft_skills_manager | building SkillEntry objects for all skills
2021-10-25 17:21:14.243 | INFO     |  5720 | mycroft.skills.msm_wrapper:create_msm:112 | Releasing MSM instantiation lock.
2021-10-25 17:21:14.243 | INFO     |  5720 | mycroft.skills.skill_updater:_log_next_download_time:267 | Next scheduled skill update: 2021-10-25 17:21:13.243482
2021-10-25 17:21:14.244 | INFO     |  5720 | msm.skill_entry | Downloading skill: https://github.com/mycroftai/skill-pairing
2021-10-25 17:21:15.735 | INFO     |  5720 | msm.skill_entry | Installing system requirements...
2021-10-25 17:21:15.748 | INFO     |  5720 | msm.skill_entry | Successfully installed mycroft-pairing
2021-10-25 17:21:15.748 | INFO     |  5720 | msm.mycroft_skills_manager | invalidating skills cache
2021-10-25 17:21:15.750 | INFO     |  5720 | mycroft.skills.skill_loader:load:185 | ATTEMPTING TO LOAD SKILL: mycroft-pairing.mycroftai
2021-10-25 17:21:15.759 | INFO     |  5720 | mycroft.skills.settings:get_local_settings:83 | /opt/mycroft/skills/mycroft-pairing.mycroftai/settings.json
2021-10-25 17:21:15.770 | INFO     |  5720 | mycroft.skills.skill_loader:_check_for_first_run:324 | First run of mycroft-pairing.mycroftai
2021-10-25 17:21:15.772 | INFO     |  5720 | mycroft.skills.settings:save_settings:116 | Skill settings successfully saved to /home/runner/.config/mycroft/skills/mycroft-pairing.mycroftai/settings.json
2021-10-25 17:21:15.774 | INFO     |  5720 | mycroft.skills.skill_loader:_communicate_load_status:344 | Skill mycroft-pairing.mycroftai loaded successfully
2021-10-25 17:21:15.774 | INFO     |  5720 | msm.skill_entry | Downloading skill: https://github.com/mycroftai/skill-volume
2021-10-25 17:21:16.339 | INFO     |  5720 | msm.skill_entry | Installing system requirements...
2021-10-25 17:21:16.350 | INFO     |  5720 | msm.skill_entry | Installing requirements.txt for mycroft-volume
2021-10-25 17:21:17.419 | INFO     |  5720 | msm.skill_entry | Successfully installed mycroft-volume
2021-10-25 17:21:17.420 | INFO     |  5720 | msm.mycroft_skills_manager | invalidating skills cache
2021-10-25 17:21:17.421 | INFO     |  5720 | mycroft.skills.skill_loader:load:185 | ATTEMPTING TO LOAD SKILL: mycroft-volume.mycroftai
2021-10-25 17:21:17.431 | INFO     |  5720 | mycroft.skills.settings:get_local_settings:83 | /opt/mycroft/skills/mycroft-volume.mycroftai/settings.json
2021-10-25 17:21:17.499 | ERROR    |  5720 | VolumeSkill | Couldn't allocate mixer, ALSAAudioError('No such file or directory [default]')
2021-10-25 17:21:20.503 | INFO     |  5720 | mycroft.skills.skill_loader:_check_for_first_run:324 | First run of mycroft-volume.mycroftai
2021-10-25 17:21:20.504 | INFO     |  5720 | mycroft.skills.settings:save_settings:116 | Skill settings successfully saved to /home/runner/.config/mycroft/skills/mycroft-volume.mycroftai/settings.json
2021-10-25 17:21:20.690 | INFO     |  5720 | mycroft.skills.skill_loader:_communicate_load_status:344 | Skill mycroft-volume.mycroftai loaded successfully
2021-10-25 17:21:20.691 | INFO     |  5720 | __main__:on_started:177 | Skills service is starting up.
2021-10-25 17:21:20.763 | INFO     |  5720 | __main__:_update_system:154 | Attempting system update...
2021-10-25 17:21:23.766 | INFO     |  5720 | mycroft.enclosure.display_manager:_write_data:70 | Display Manager is creating /tmp/mycroft/ipc/managers/disp_info
2021-10-25 17:21:23.767 | INFO     |  5720 | __main__:_ensure_device_is_paired:133 | Device not paired, invoking the pairing skill
2021-10-25 17:21:23.770 | INFO     |  5720 | __main__:on_alive:181 | Skills service is alive.
2021-10-25 17:21:23.773 | INFO     |  5720 | msm.mycroft_skills_manager | building SkillEntry objects for all skills
2021-10-25 17:21:24.343 | INFO     |  5720 | PairingSkill | Communicating account URL to user
2021-10-25 17:21:24.375 | WARNING  |  5720 | msm.mycroft_skills_manager | No such default skill: mycroft-pandora
2021-10-25 17:21:24.376 | INFO     |  5720 | mycroft.skills.skill_manager:run:234 | Not all default skills are installed, performing skill update...
2021-10-25 17:21:24.376 | INFO     |  5720 | mycroft.skills.skill_updater:update_skills:149 | Beginning skill update...
2021-10-25 17:21:24.448 | INFO     |  5720 | msm.mycroft_skills_manager | building SkillEntry objects for all skills
2021-10-25 17:21:24.945 | INFO     |  5720 | msm.mycroft_skills_manager | invalidating skills cache
2021-10-25 17:21:24.978 | INFO     |  5720 | msm.skill_entry | Downloading skill: https://github.com/mycroftai/skill-alarm
2021-10-25 17:21:24.985 | INFO     |  5720 | msm.skill_entry | Downloading skill: https://github.com/mycroftai/skill-hello-world
2021-10-25 17:21:24.990 | INFO     |  5720 | msm.skill_entry | Downloading skill: https://github.com/mycroftai/fallback-wolfram-alpha
2021-10-25 17:21:24.992 | INFO     |  5720 | msm.skill_entry | Downloading skill: https://github.com/mycroftai/skill-audio-record
2021-10-25 17:21:24.993 | INFO     |  5720 | msm.skill_entry | Downloading skill: https://github.com/mycroftai/fallback-unknown
2021-10-25 17:21:24.994 | INFO     |  5720 | msm.skill_entry | Downloading skill: https://github.com/mycroftai/skill-installer
2021-10-25 17:21:24.995 | INFO     |  5720 | msm.skill_entry | Downloading skill: https://github.com/mycroftai/skill-ip
2021-10-25 17:21:24.996 | INFO     |  5720 | msm.skill_entry | Downloading skill: https://github.com/mycroftai/skill-joke
2021-10-25 17:21:24.998 | INFO     |  5720 | msm.skill_entry | Downloading skill: https://github.com/mycroftai/skill-naptime
2021-10-25 17:21:24.999 | INFO     |  5720 | msm.skill_entry | Downloading skill: https://github.com/mycroftai/skill-npr-news
2021-10-25 17:21:25.000 | INFO     |  5720 | msm.skill_entry | Downloading skill: https://github.com/mycroftai/skill-personal
2021-10-25 17:21:25.000 | INFO     |  5720 | msm.skill_entry | Downloading skill: https://github.com/mycroftai/skill-playback-control
2021-10-25 17:21:25.001 | INFO     |  5720 | msm.skill_entry | Downloading skill: https://github.com/mycroftai/skill-reminder
2021-10-25 17:21:25.002 | INFO     |  5720 | msm.skill_entry | Downloading skill: https://github.com/mycroftai/skill-singing
2021-10-25 17:21:25.006 | INFO     |  5720 | msm.skill_entry | Downloading skill: https://github.com/mycroftai/skill-configuration
2021-10-25 17:21:25.007 | INFO     |  5720 | msm.skill_entry | Downloading skill: https://github.com/mycroftai/skill-date-time
2021-10-25 17:21:25.007 | INFO     |  5720 | msm.skill_entry | Downloading skill: https://github.com/mycroftai/fallback-duckduckgo
2021-10-25 17:21:26.181 | ERROR    |  5720 | msm.mycroft_skills_manager | Error running install_or_update on homeassistant.mycroftai: MergeConflict
2021-10-25 17:21:26.183 | INFO     |  5720 | msm.skill_entry | Downloading skill: https://github.com/mycroftai/skill-speak
2021-10-25 17:21:26.543 | INFO     |  5720 | msm.skill_entry | Installing system requirements...
2021-10-25 17:21:26.591 | INFO     |  5720 | msm.skill_entry | Installing system requirements...
2021-10-25 17:21:26.639 | INFO     |  5720 | msm.skill_entry | Installing system requirements...
2021-10-25 17:21:26.773 | INFO     |  5720 | msm.skill_entry | Installing system requirements...
2021-10-25 17:21:26.779 | INFO     |  5720 | msm.skill_entry | Successfully installed mycroft-naptime
2021-10-25 17:21:26.779 | INFO     |  5720 | msm.mycroft_skills_manager | invalidating skills cache
2021-10-25 17:21:26.780 | INFO     |  5720 | msm.skill_entry | Downloading skill: https://github.com/mycroftai/skill-spelling
2021-10-25 17:21:26.798 | INFO     |  5720 | msm.skill_entry | Successfully installed mycroft-personal
2021-10-25 17:21:26.799 | INFO     |  5720 | msm.mycroft_skills_manager | invalidating skills cache
2021-10-25 17:21:26.801 | INFO     |  5720 | msm.skill_entry | Downloading skill: https://github.com/mycroftai/skill-stop
2021-10-25 17:21:26.861 | INFO     |  5720 | msm.skill_entry | Installing requirements.txt for mycroft-joke
2021-10-25 17:21:26.879 | INFO     |  5720 | msm.skill_entry | Nothing new for mycroft-volume
2021-10-25 17:21:26.903 | INFO     |  5720 | msm.skill_entry | Installing system requirements...
2021-10-25 17:21:27.019 | INFO     |  5720 | msm.skill_entry | Successfully installed mycroft-playback-control
2021-10-25 17:21:27.050 | INFO     |  5720 | msm.skill_entry | Installing system requirements...
2021-10-25 17:21:27.050 | INFO     |  5720 | msm.mycroft_skills_manager | invalidating skills cache
2021-10-25 17:21:27.057 | INFO     |  5720 | msm.skill_entry | Downloading skill: https://github.com/mycroftai/skill-support
2021-10-25 17:21:27.085 | INFO     |  5720 | msm.skill_entry | Installing system requirements...
2021-10-25 17:21:27.143 | INFO     |  5720 | msm.skill_entry | Installing requirements.txt for mycroft-fallback-duck-duck-go
2021-10-25 17:21:27.172 | INFO     |  5720 | msm.skill_entry | Installing system requirements...
2021-10-25 17:21:27.268 | INFO     |  5720 | msm.skill_entry | Installing system requirements...
2021-10-25 17:21:27.275 | INFO     |  5720 | msm.skill_entry | Installing requirements.txt for fallback-wolfram-alpha
2021-10-25 17:21:27.304 | INFO     |  5720 | msm.skill_entry | Installing system requirements...
2021-10-25 17:21:27.369 | INFO     |  5720 | msm.skill_entry | Installing system requirements...
2021-10-25 17:21:27.376 | INFO     |  5720 | msm.skill_entry | Installing system requirements...
2021-10-25 17:21:27.382 | INFO     |  5720 | msm.skill_entry | Installing system requirements...
2021-10-25 17:21:27.404 | INFO     |  5720 | msm.skill_entry | Installing requirements.txt for mycroft-volume
2021-10-25 17:21:27.409 | INFO     |  5720 | msm.skill_entry | Installing requirements.txt for mycroft-ip
2021-10-25 17:21:27.429 | INFO     |  5720 | msm.skill_entry | Installing system requirements...
2021-10-25 17:21:27.464 | INFO     |  5720 | msm.skill_entry | Successfully installed mycroft-reminder
2021-10-25 17:21:27.464 | INFO     |  5720 | msm.mycroft_skills_manager | invalidating skills cache
2021-10-25 17:21:27.465 | INFO     |  5720 | msm.skill_entry | Downloading skill: https://github.com/mycroftai/mycroft-timer
2021-10-25 17:21:27.467 | INFO     |  5720 | msm.skill_entry | Installing requirements.txt for mycroft-audio-record
2021-10-25 17:21:27.505 | INFO     |  5720 | msm.skill_entry | Installing system requirements...
2021-10-25 17:21:27.563 | INFO     |  5720 | msm.skill_entry | Nothing new for mycroft-pairing
2021-10-25 17:21:27.590 | INFO     |  5720 | msm.skill_entry | Successfully installed fallback-unknown
2021-10-25 17:21:27.591 | INFO     |  5720 | msm.mycroft_skills_manager | invalidating skills cache
2021-10-25 17:21:27.593 | INFO     |  5720 | msm.skill_entry | Downloading skill: https://github.com/mycroftai/skill-weather
2021-10-25 17:21:27.596 | INFO     |  5720 | msm.skill_entry | Successfully installed mycroft-speak
2021-10-25 17:21:27.596 | INFO     |  5720 | msm.mycroft_skills_manager | invalidating skills cache
2021-10-25 17:21:27.606 | INFO     |  5720 | msm.skill_entry | Installing requirements.txt for mycroft-installer
2021-10-25 17:21:27.607 | INFO     |  5720 | msm.skill_entry | Downloading skill: https://github.com/mycroftai/skill-version-checker
2021-10-25 17:21:27.612 | INFO     |  5720 | msm.skill_entry | Installing requirements.txt for mycroft-npr-news
2021-10-25 17:21:27.637 | INFO     |  5720 | msm.skill_entry | Installing system requirements...
2021-10-25 17:21:27.689 | INFO     |  5720 | msm.skill_entry | Installing requirements.txt for mycroft-configuration
2021-10-25 17:21:27.690 | INFO     |  5720 | msm.skill_entry | Installing system requirements...
2021-10-25 17:21:27.800 | INFO     |  5720 | msm.skill_entry | Successfully installed mycroft-hello-world
2021-10-25 17:21:27.801 | INFO     |  5720 | msm.mycroft_skills_manager | invalidating skills cache
2021-10-25 17:21:27.801 | INFO     |  5720 | msm.skill_entry | Downloading skill: https://github.com/mycroftai/skill-wiki
2021-10-25 17:21:27.810 | INFO     |  5720 | msm.skill_entry | Downloading skill: https://github.com/MycroftAI/skill-query
2021-10-25 17:21:27.842 | INFO     |  5720 | msm.skill_entry | Installing system requirements...
2021-10-25 17:21:27.938 | INFO     |  5720 | msm.skill_entry | Installing requirements.txt for mycroft-date-time
2021-10-25 17:21:28.190 | INFO     |  5720 | msm.skill_entry | Installing system requirements...
2021-10-25 17:21:28.260 | INFO     |  5720 | msm.skill_entry | Installing requirements.txt for mycroft-alarm
2021-10-25 17:21:28.376 | INFO     |  5720 | msm.skill_entry | Installing system requirements...
2021-10-25 17:21:28.434 | INFO     |  5720 | msm.skill_entry | Successfully installed mycroft-stop
2021-10-25 17:21:28.434 | INFO     |  5720 | msm.mycroft_skills_manager | invalidating skills cache
2021-10-25 17:21:28.584 | INFO     |  5720 | msm.skill_entry | Installing system requirements...
2021-10-25 17:21:28.670 | INFO     |  5720 | msm.skill_entry | Successfully installed mycroft-version-checker
2021-10-25 17:21:28.671 | INFO     |  5720 | msm.mycroft_skills_manager | invalidating skills cache
2021-10-25 17:21:28.743 | INFO     |  5720 | msm.skill_entry | Installing system requirements...
2021-10-25 17:21:28.749 | INFO     |  5720 | msm.skill_entry | Installing system requirements...
2021-10-25 17:21:28.836 | INFO     |  5720 | msm.skill_entry | Installing requirements.txt for mycroft-support-helper
2021-10-25 17:21:28.837 | INFO     |  5720 | msm.skill_entry | Successfully installed mycroft-spelling
2021-10-25 17:21:28.837 | INFO     |  5720 | msm.mycroft_skills_manager | invalidating skills cache
2021-10-25 17:21:29.082 | ERROR    |  5720 | msm.mycroft_skills_manager | Error running install_or_update on homeassistant: MergeConflict
2021-10-25 17:21:29.245 | INFO     |  5720 | msm.skill_entry | Installing system requirements...
2021-10-25 17:21:29.264 | INFO     |  5720 | msm.skill_entry | Installing requirements.txt for mycroft-wiki
2021-10-25 17:21:29.549 | INFO     |  5720 | msm.skill_entry | Installing system requirements...
2021-10-25 17:21:29.603 | INFO     |  5720 | msm.skill_entry | Successfully installed mycroft-timer
2021-10-25 17:21:29.604 | INFO     |  5720 | msm.mycroft_skills_manager | invalidating skills cache
2021-10-25 17:21:29.656 | INFO     |  5720 | msm.skill_entry | Installing system requirements...
2021-10-25 17:21:29.703 | INFO     |  5720 | msm.skill_entry | Installing requirements.txt for mycroft-weather
2021-10-25 17:21:29.722 | INFO     |  5720 | msm.skill_entry | Installing system requirements...
2021-10-25 17:21:29.726 | INFO     |  5720 | msm.skill_entry | Installing system requirements...
2021-10-25 17:21:29.759 | INFO     |  5720 | msm.skill_entry | Successfully installed fallback-query
2021-10-25 17:21:29.759 | INFO     |  5720 | msm.mycroft_skills_manager | invalidating skills cache
2021-10-25 17:21:29.761 | INFO     |  5720 | msm.skill_entry | Successfully installed mycroft-singing
2021-10-25 17:21:29.761 | INFO     |  5720 | msm.mycroft_skills_manager | invalidating skills cache
2021-10-25 17:21:30.344 | INFO     |  5720 | msm.skill_entry | Successfully installed mycroft-joke
2021-10-25 17:21:30.345 | INFO     |  5720 | msm.mycroft_skills_manager | invalidating skills cache
2021-10-25 17:21:31.632 | INFO     |  5720 | msm.skill_entry | Successfully installed mycroft-fallback-duck-duck-go
2021-10-25 17:21:31.633 | INFO     |  5720 | msm.mycroft_skills_manager | invalidating skills cache
2021-10-25 17:21:36.497 | INFO     |  5720 | msm.skill_entry | Successfully installed fallback-wolfram-alpha
2021-10-25 17:21:36.497 | INFO     |  5720 | msm.mycroft_skills_manager | invalidating skills cache
2021-10-25 17:21:38.739 | INFO     |  5720 | msm.skill_entry | Successfully installed mycroft-ip
2021-10-25 17:21:38.739 | INFO     |  5720 | msm.mycroft_skills_manager | invalidating skills cache
2021-10-25 17:21:39.853 | INFO     |  5720 | msm.skill_entry | Successfully installed mycroft-audio-record
2021-10-25 17:21:39.854 | INFO     |  5720 | msm.mycroft_skills_manager | invalidating skills cache
2021-10-25 17:21:40.996 | INFO     |  5720 | msm.skill_entry | Successfully installed mycroft-installer
2021-10-25 17:21:40.996 | INFO     |  5720 | msm.mycroft_skills_manager | invalidating skills cache
2021-10-25 17:21:44.970 | INFO     |  5720 | msm.skill_entry | Successfully installed mycroft-npr-news
2021-10-25 17:21:44.971 | INFO     |  5720 | msm.mycroft_skills_manager | invalidating skills cache
2021-10-25 17:21:48.062 | INFO     |  5720 | msm.skill_entry | Successfully installed mycroft-configuration
2021-10-25 17:21:48.062 | INFO     |  5720 | msm.mycroft_skills_manager | invalidating skills cache
2021-10-25 17:21:54.916 | INFO     |  5720 | PairingSkill | Initiating device pairing sequence...
2021-10-25 17:21:54.916 | INFO     |  5720 | PairingSkill | Retrieving pairing code from device API...
2021-10-25 17:21:55.473 | INFO     |  5720 | PairingSkill | Pairing code obtained: MU4VP9
2021-10-25 17:21:55.473 | INFO     |  5720 | PairingSkill | Communicating pairing URL to user
2021-10-25 17:22:08.236 | INFO     |  5720 | msm.skill_entry | Successfully installed mycroft-date-time
2021-10-25 17:22:08.237 | INFO     |  5720 | msm.mycroft_skills_manager | invalidating skills cache
2021-10-25 17:22:09.470 | INFO     |  5720 | msm.skill_entry | Successfully installed mycroft-alarm
2021-10-25 17:22:09.471 | INFO     |  5720 | msm.mycroft_skills_manager | invalidating skills cache
2021-10-25 17:22:12.094 | INFO     |  5720 | msm.skill_entry | Successfully installed mycroft-support-helper
2021-10-25 17:22:12.094 | INFO     |  5720 | msm.mycroft_skills_manager | invalidating skills cache
2021-10-25 17:22:14.411 | INFO     |  5720 | msm.skill_entry | Successfully installed mycroft-wiki
2021-10-25 17:22:14.411 | INFO     |  5720 | msm.mycroft_skills_manager | invalidating skills cache
2021-10-25 17:22:15.658 | INFO     |  5720 | msm.skill_entry | Successfully installed mycroft-weather
2021-10-25 17:22:15.659 | INFO     |  5720 | msm.mycroft_skills_manager | invalidating skills cache
2021-10-25 17:22:15.762 | INFO     |  5720 | mycroft.skills.skill_updater:_log_next_download_time:267 | Next scheduled skill update: 2021-10-25 18:22:15.762101
2021-10-25 17:22:15.763 | INFO     |  5720 | mycroft.skills.skill_updater:update_skills:170 | Skill update complete
2021-10-25 17:22:15.763 | INFO     |  5720 | mycroft.skills.skill_manager:_load_on_startup:273 | Loading installed skills...
2021-10-25 17:22:15.765 | INFO     |  5720 | mycroft.skills.skill_loader:load:185 | ATTEMPTING TO LOAD SKILL: mycroft-ip.mycroftai
2021-10-25 17:22:15.810 | INFO     |  5720 | mycroft.skills.settings:get_local_settings:83 | /opt/mycroft/skills/mycroft-ip.mycroftai/settings.json
2021-10-25 17:22:15.827 | INFO     |  5720 | mycroft.skills.skill_loader:_check_for_first_run:324 | First run of mycroft-ip.mycroftai
2021-10-25 17:22:15.828 | INFO     |  5720 | mycroft.skills.settings:save_settings:116 | Skill settings successfully saved to /home/runner/.config/mycroft/skills/mycroft-ip.mycroftai/settings.json
2021-10-25 17:22:15.829 | INFO     |  5720 | mycroft.skills.skill_loader:_communicate_load_status:344 | Skill mycroft-ip.mycroftai loaded successfully
2021-10-25 17:22:15.829 | INFO     |  5720 | mycroft.skills.skill_loader:load:185 | ATTEMPTING TO LOAD SKILL: mycroft-reminder.mycroftai
2021-10-25 17:22:15.852 | INFO     |  5720 | mycroft.skills.settings:get_local_settings:83 | /opt/mycroft/skills/mycroft-reminder.mycroftai/settings.json
2021-10-25 17:22:15.909 | INFO     |  5720 | mycroft.skills.skill_loader:_check_for_first_run:324 | First run of mycroft-reminder.mycroftai
2021-10-25 17:22:15.911 | INFO     |  5720 | mycroft.skills.settings:save_settings:116 | Skill settings successfully saved to /home/runner/.config/mycroft/skills/mycroft-reminder.mycroftai/settings.json
2021-10-25 17:22:15.912 | INFO     |  5720 | mycroft.skills.skill_loader:_communicate_load_status:344 | Skill mycroft-reminder.mycroftai loaded successfully
2021-10-25 17:22:15.913 | INFO     |  5720 | mycroft.skills.skill_loader:load:185 | ATTEMPTING TO LOAD SKILL: mycroft-installer.mycroftai
2021-10-25 17:22:15.936 | INFO     |  5720 | mycroft.skills.settings:get_local_settings:83 | /opt/mycroft/skills/mycroft-installer.mycroftai/settings.json
2021-10-25 17:22:16.000 | INFO     |  5720 | mycroft.skills.skill_loader:_check_for_first_run:324 | First run of mycroft-installer.mycroftai
2021-10-25 17:22:16.001 | INFO     |  5720 | mycroft.skills.settings:save_settings:116 | Skill settings successfully saved to /home/runner/.config/mycroft/skills/mycroft-installer.mycroftai/settings.json
2021-10-25 17:22:16.005 | INFO     |  5720 | mycroft.skills.skill_loader:_communicate_load_status:344 | Skill mycroft-installer.mycroftai loaded successfully
2021-10-25 17:22:16.007 | INFO     |  5720 | mycroft.skills.skill_loader:load:185 | ATTEMPTING TO LOAD SKILL: mycroft-version-checker.mycroftai
2021-10-25 17:22:16.012 | INFO     |  5720 | mycroft.skills.settings:get_local_settings:83 | /opt/mycroft/skills/mycroft-version-checker.mycroftai/settings.json
2021-10-25 17:22:16.028 | INFO     |  5720 | mycroft.skills.skill_loader:_check_for_first_run:324 | First run of mycroft-version-checker.mycroftai
2021-10-25 17:22:16.029 | INFO     |  5720 | mycroft.skills.settings:save_settings:116 | Skill settings successfully saved to /home/runner/.config/mycroft/skills/mycroft-version-checker.mycroftai/settings.json
2021-10-25 17:22:16.039 | INFO     |  5720 | mycroft.skills.skill_loader:_communicate_load_status:344 | Skill mycroft-version-checker.mycroftai loaded successfully
2021-10-25 17:22:16.040 | INFO     |  5720 | mycroft.skills.skill_loader:load:185 | ATTEMPTING TO LOAD SKILL: mycroft-singing.mycroftai
2021-10-25 17:22:16.052 | INFO     |  5720 | mycroft.skills.settings:get_local_settings:83 | /opt/mycroft/skills/mycroft-singing.mycroftai/settings.json
2021-10-25 17:22:16.072 | INFO     |  5720 | mycroft.skills.skill_loader:_check_for_first_run:324 | First run of mycroft-singing.mycroftai
2021-10-25 17:22:16.073 | INFO     |  5720 | mycroft.skills.settings:save_settings:116 | Skill settings successfully saved to /home/runner/.config/mycroft/skills/mycroft-singing.mycroftai/settings.json
2021-10-25 17:22:16.073 | INFO     |  5720 | mycroft.skills.skill_loader:_communicate_load_status:344 | Skill mycroft-singing.mycroftai loaded successfully
2021-10-25 17:22:16.074 | INFO     |  5720 | mycroft.skills.skill_loader:load:185 | ATTEMPTING TO LOAD SKILL: mycroft-joke.mycroftai
2021-10-25 17:22:16.097 | INFO     |  5720 | mycroft.skills.settings:get_local_settings:83 | /opt/mycroft/skills/mycroft-joke.mycroftai/settings.json
2021-10-25 17:22:16.144 | INFO     |  5720 | mycroft.skills.skill_loader:_check_for_first_run:324 | First run of mycroft-joke.mycroftai
2021-10-25 17:22:16.145 | INFO     |  5720 | mycroft.skills.settings:save_settings:116 | Skill settings successfully saved to /home/runner/.config/mycroft/skills/mycroft-joke.mycroftai/settings.json
2021-10-25 17:22:16.151 | INFO     |  5720 | mycroft.skills.skill_loader:_communicate_load_status:344 | Skill mycroft-joke.mycroftai loaded successfully
2021-10-25 17:22:16.151 | INFO     |  5720 | mycroft.skills.skill_loader:load:185 | ATTEMPTING TO LOAD SKILL: mycroft-timer.mycroftai
2021-10-25 17:22:16.185 | INFO     |  5720 | mycroft.skills.settings:get_local_settings:83 | /opt/mycroft/skills/mycroft-timer.mycroftai/settings.json
2021-10-25 17:22:16.284 | INFO     |  5720 | mycroft.skills.skill_loader:_check_for_first_run:324 | First run of mycroft-timer.mycroftai
2021-10-25 17:22:16.285 | INFO     |  5720 | mycroft.skills.settings:save_settings:116 | Skill settings successfully saved to /home/runner/.config/mycroft/skills/mycroft-timer.mycroftai/settings.json
2021-10-25 17:22:16.294 | INFO     |  5720 | mycroft.skills.skill_loader:_communicate_load_status:344 | Skill mycroft-timer.mycroftai loaded successfully
2021-10-25 17:22:16.295 | INFO     |  5720 | mycroft.skills.skill_loader:load:185 | ATTEMPTING TO LOAD SKILL: homeassistant.mycroftai
2021-10-25 17:22:16.728 | INFO     |  5720 | mycroft.skills.settings:get_local_settings:83 | /opt/mycroft/skills/homeassistant.mycroftai/settings.json
2021-10-25 17:22:16.730 | INFO     |  5720 | mycroft.skills.settings:get_local_settings:83 | /opt/mycroft/skills/homeassistant.mycroftai/settings.json
2021-10-25 17:22:16.867 | INFO     |  5720 | mycroft.skills.skill_loader:_communicate_load_status:344 | Skill homeassistant.mycroftai loaded successfully
2021-10-25 17:22:16.869 | INFO     |  5720 | mycroft.skills.skill_loader:load:185 | ATTEMPTING TO LOAD SKILL: mycroft-alarm.mycroftai
2021-10-25 17:22:16.908 | INFO     |  5720 | mycroft.skills.settings:get_local_settings:83 | /opt/mycroft/skills/mycroft-alarm.mycroftai/settings.json
2021-10-25 17:22:16.909 | ERROR    |  5720 | AlarmSkill | Couldn't allocate mixer, ALSAAudioError('No such file or directory [default]')
2021-10-25 17:22:16.984 | INFO     |  5720 | mycroft.skills.skill_loader:_check_for_first_run:324 | First run of mycroft-alarm.mycroftai
2021-10-25 17:22:16.985 | INFO     |  5720 | mycroft.skills.settings:save_settings:116 | Skill settings successfully saved to /home/runner/.config/mycroft/skills/mycroft-alarm.mycroftai/settings.json
2021-10-25 17:22:17.043 | INFO     |  5720 | mycroft.skills.skill_loader:_communicate_load_status:344 | Skill mycroft-alarm.mycroftai loaded successfully
2021-10-25 17:22:17.043 | INFO     |  5720 | mycroft.skills.skill_loader:load:185 | ATTEMPTING TO LOAD SKILL: mycroft-naptime.mycroftai
2021-10-25 17:22:17.071 | INFO     |  5720 | mycroft.skills.settings:get_local_settings:83 | /opt/mycroft/skills/mycroft-naptime.mycroftai/settings.json
2021-10-25 17:22:17.099 | INFO     |  5720 | mycroft.skills.skill_loader:_check_for_first_run:324 | First run of mycroft-naptime.mycroftai
2021-10-25 17:22:17.099 | INFO     |  5720 | mycroft.skills.settings:save_settings:116 | Skill settings successfully saved to /home/runner/.config/mycroft/skills/mycroft-naptime.mycroftai/settings.json
2021-10-25 17:22:17.136 | INFO     |  5720 | mycroft.skills.skill_loader:_communicate_load_status:344 | Skill mycroft-naptime.mycroftai loaded successfully
2021-10-25 17:22:17.137 | INFO     |  5720 | mycroft.skills.skill_loader:load:185 | ATTEMPTING TO LOAD SKILL: mycroft-spelling.mycroftai
2021-10-25 17:22:17.153 | INFO     |  5720 | mycroft.skills.settings:get_local_settings:83 | /opt/mycroft/skills/mycroft-spelling.mycroftai/settings.json
2021-10-25 17:22:17.255 | INFO     |  5720 | mycroft.skills.skill_loader:_check_for_first_run:324 | First run of mycroft-spelling.mycroftai
2021-10-25 17:22:17.258 | INFO     |  5720 | mycroft.skills.settings:save_settings:116 | Skill settings successfully saved to /home/runner/.config/mycroft/skills/mycroft-spelling.mycroftai/settings.json
2021-10-25 17:22:17.334 | INFO     |  5720 | mycroft.skills.skill_loader:_communicate_load_status:344 | Skill mycroft-spelling.mycroftai loaded successfully
2021-10-25 17:22:17.334 | INFO     |  5720 | mycroft.skills.skill_loader:load:185 | ATTEMPTING TO LOAD SKILL: mycroft-fallback-duck-duck-go.mycroftai
2021-10-25 17:22:17.373 | INFO     |  5720 | mycroft.skills.settings:get_local_settings:83 | /opt/mycroft/skills/mycroft-fallback-duck-duck-go.mycroftai/settings.json
2021-10-25 17:22:17.403 | INFO     |  5720 | mycroft.skills.skill_loader:_check_for_first_run:324 | First run of mycroft-fallback-duck-duck-go.mycroftai
2021-10-25 17:22:17.405 | INFO     |  5720 | mycroft.skills.settings:save_settings:116 | Skill settings successfully saved to /home/runner/.config/mycroft/skills/mycroft-fallback-duck-duck-go.mycroftai/settings.json
2021-10-25 17:22:17.447 | INFO     |  5720 | mycroft.skills.skill_loader:_communicate_load_status:344 | Skill mycroft-fallback-duck-duck-go.mycroftai loaded successfully
2021-10-25 17:22:17.448 | INFO     |  5720 | mycroft.skills.skill_loader:load:185 | ATTEMPTING TO LOAD SKILL: mycroft-npr-news.mycroftai
2021-10-25 17:22:17.525 | INFO     |  5720 | mycroft.skills.settings:get_local_settings:83 | /opt/mycroft/skills/mycroft-npr-news.mycroftai/settings.json
2021-10-25 17:22:18.550 | INFO     |  5720 | mycroft.skills.skill_loader:_check_for_first_run:324 | First run of mycroft-npr-news.mycroftai
2021-10-25 17:22:18.551 | INFO     |  5720 | mycroft.skills.settings:save_settings:116 | Skill settings successfully saved to /home/runner/.config/mycroft/skills/mycroft-npr-news.mycroftai/settings.json
2021-10-25 17:22:18.552 | INFO     |  5720 | mycroft.skills.skill_loader:_communicate_load_status:344 | Skill mycroft-npr-news.mycroftai loaded successfully
2021-10-25 17:22:18.552 | INFO     |  5720 | mycroft.skills.skill_loader:load:185 | ATTEMPTING TO LOAD SKILL: mycroft-support-helper.mycroftai
2021-10-25 17:22:18.564 | INFO     |  5720 | mycroft.skills.settings:get_local_settings:83 | /opt/mycroft/skills/mycroft-support-helper.mycroftai/settings.json
2021-10-25 17:22:18.577 | INFO     |  5720 | mycroft.skills.skill_loader:_check_for_first_run:324 | First run of mycroft-support-helper.mycroftai
2021-10-25 17:22:18.585 | INFO     |  5720 | mycroft.skills.settings:save_settings:116 | Skill settings successfully saved to /home/runner/.config/mycroft/skills/mycroft-support-helper.mycroftai/settings.json
2021-10-25 17:22:18.586 | INFO     |  5720 | mycroft.skills.skill_loader:_communicate_load_status:344 | Skill mycroft-support-helper.mycroftai loaded successfully
2021-10-25 17:22:18.587 | INFO     |  5720 | mycroft.skills.skill_loader:load:185 | ATTEMPTING TO LOAD SKILL: mycroft-weather.mycroftai
2021-10-25 17:22:18.620 | INFO     |  5720 | mycroft.skills.settings:get_local_settings:83 | /opt/mycroft/skills/mycroft-weather.mycroftai/settings.json
2021-10-25 17:22:18.696 | INFO     |  5720 | mycroft.skills.skill_loader:_check_for_first_run:324 | First run of mycroft-weather.mycroftai
2021-10-25 17:22:18.697 | INFO     |  5720 | mycroft.skills.settings:save_settings:116 | Skill settings successfully saved to /home/runner/.config/mycroft/skills/mycroft-weather.mycroftai/settings.json
2021-10-25 17:22:18.698 | INFO     |  5720 | mycroft.skills.skill_loader:_communicate_load_status:344 | Skill mycroft-weather.mycroftai loaded successfully
2021-10-25 17:22:18.699 | INFO     |  5720 | mycroft.skills.skill_loader:load:185 | ATTEMPTING TO LOAD SKILL: mycroft-speak.mycroftai
2021-10-25 17:22:18.705 | INFO     |  5720 | mycroft.skills.settings:get_local_settings:83 | /opt/mycroft/skills/mycroft-speak.mycroftai/settings.json
2021-10-25 17:22:18.736 | INFO     |  5720 | mycroft.skills.skill_loader:_check_for_first_run:324 | First run of mycroft-speak.mycroftai
2021-10-25 17:22:18.739 | INFO     |  5720 | mycroft.skills.settings:save_settings:116 | Skill settings successfully saved to /home/runner/.config/mycroft/skills/mycroft-speak.mycroftai/settings.json
2021-10-25 17:22:18.740 | INFO     |  5720 | mycroft.skills.skill_loader:_communicate_load_status:344 | Skill mycroft-speak.mycroftai loaded successfully
2021-10-25 17:22:18.740 | INFO     |  5720 | mycroft.skills.skill_loader:load:185 | ATTEMPTING TO LOAD SKILL: mycroft-audio-record.mycroftai
2021-10-25 17:22:18.755 | INFO     |  5720 | mycroft.skills.settings:get_local_settings:83 | /opt/mycroft/skills/mycroft-audio-record.mycroftai/settings.json
2021-10-25 17:22:18.784 | INFO     |  5720 | mycroft.skills.skill_loader:_check_for_first_run:324 | First run of mycroft-audio-record.mycroftai
2021-10-25 17:22:18.785 | INFO     |  5720 | mycroft.skills.settings:save_settings:116 | Skill settings successfully saved to /home/runner/.config/mycroft/skills/mycroft-audio-record.mycroftai/settings.json
2021-10-25 17:22:18.788 | INFO     |  5720 | mycroft.skills.skill_loader:_communicate_load_status:344 | Skill mycroft-audio-record.mycroftai loaded successfully
2021-10-25 17:22:18.789 | INFO     |  5720 | mycroft.skills.skill_loader:load:185 | ATTEMPTING TO LOAD SKILL: mycroft-stop.mycroftai
2021-10-25 17:22:18.797 | INFO     |  5720 | mycroft.skills.settings:get_local_settings:83 | /opt/mycroft/skills/mycroft-stop.mycroftai/settings.json
2021-10-25 17:22:18.829 | INFO     |  5720 | mycroft.skills.skill_loader:_check_for_first_run:324 | First run of mycroft-stop.mycroftai
2021-10-25 17:22:18.836 | INFO     |  5720 | mycroft.skills.settings:save_settings:116 | Skill settings successfully saved to /home/runner/.config/mycroft/skills/mycroft-stop.mycroftai/settings.json
2021-10-25 17:22:18.837 | INFO     |  5720 | mycroft.skills.skill_loader:_communicate_load_status:344 | Skill mycroft-stop.mycroftai loaded successfully
2021-10-25 17:22:18.838 | INFO     |  5720 | mycroft.skills.skill_loader:load:185 | ATTEMPTING TO LOAD SKILL: mycroft-hello-world.mycroftai
2021-10-25 17:22:18.848 | INFO     |  5720 | mycroft.skills.settings:get_local_settings:83 | /opt/mycroft/skills/mycroft-hello-world.mycroftai/settings.json
2021-10-25 17:22:18.872 | INFO     |  5720 | mycroft.skills.skill_loader:_check_for_first_run:324 | First run of mycroft-hello-world.mycroftai
2021-10-25 17:22:18.873 | INFO     |  5720 | mycroft.skills.settings:save_settings:116 | Skill settings successfully saved to /home/runner/.config/mycroft/skills/mycroft-hello-world.mycroftai/settings.json
2021-10-25 17:22:18.882 | INFO     |  5720 | mycroft.skills.skill_loader:_communicate_load_status:344 | Skill mycroft-hello-world.mycroftai loaded successfully
2021-10-25 17:22:18.883 | INFO     |  5720 | mycroft.skills.skill_loader:load:185 | ATTEMPTING TO LOAD SKILL: mycroft-date-time.mycroftai
2021-10-25 17:22:19.709 | INFO     |  5720 | mycroft.skills.settings:get_local_settings:83 | /opt/mycroft/skills/mycroft-date-time.mycroftai/settings.json
2021-10-25 17:22:19.784 | INFO     |  5720 | TimeSkill | Registering resting screen <bound method TimeSkill.handle_idle of <mycroft-date-time_mycroftai.TimeSkill object at 0x7fc5cc492950>> for Time and Date.
2021-10-25 17:22:19.788 | INFO     |  5720 | TimeSkill | Registering resting screen
2021-10-25 17:22:19.801 | INFO     |  5720 | mycroft.skills.skill_loader:_check_for_first_run:324 | First run of mycroft-date-time.mycroftai
2021-10-25 17:22:19.802 | INFO     |  5720 | mycroft.skills.settings:save_settings:116 | Skill settings successfully saved to /home/runner/.config/mycroft/skills/mycroft-date-time.mycroftai/settings.json
2021-10-25 17:22:19.807 | INFO     |  5720 | mycroft.skills.skill_loader:_communicate_load_status:344 | Skill mycroft-date-time.mycroftai loaded successfully
2021-10-25 17:22:19.808 | INFO     |  5720 | mycroft.skills.skill_loader:load:185 | ATTEMPTING TO LOAD SKILL: mycroft-configuration.mycroftai
2021-10-25 17:22:19.841 | INFO     |  5720 | mycroft.skills.settings:get_local_settings:83 | /opt/mycroft/skills/mycroft-configuration.mycroftai/settings.json
2021-10-25 17:22:19.911 | INFO     |  5720 | mycroft.skills.skill_loader:_check_for_first_run:324 | First run of mycroft-configuration.mycroftai
2021-10-25 17:22:19.914 | INFO     |  5720 | mycroft.skills.settings:save_settings:116 | Skill settings successfully saved to /home/runner/.config/mycroft/skills/mycroft-configuration.mycroftai/settings.json
2021-10-25 17:22:19.917 | INFO     |  5720 | mycroft.skills.skill_loader:_communicate_load_status:344 | Skill mycroft-configuration.mycroftai loaded successfully
2021-10-25 17:22:19.917 | INFO     |  5720 | mycroft.skills.skill_loader:load:185 | ATTEMPTING TO LOAD SKILL: fallback-query.mycroftai
2021-10-25 17:22:19.931 | INFO     |  5720 | mycroft.skills.settings:get_local_settings:83 | /opt/mycroft/skills/fallback-query.mycroftai/settings.json
2021-10-25 17:22:19.954 | INFO     |  5720 | mycroft.skills.skill_loader:_check_for_first_run:324 | First run of fallback-query.mycroftai
2021-10-25 17:22:19.955 | INFO     |  5720 | mycroft.skills.settings:save_settings:116 | Skill settings successfully saved to /home/runner/.config/mycroft/skills/fallback-query.mycroftai/settings.json
2021-10-25 17:22:19.956 | INFO     |  5720 | mycroft.skills.skill_loader:_communicate_load_status:344 | Skill fallback-query.mycroftai loaded successfully
2021-10-25 17:22:19.956 | INFO     |  5720 | mycroft.skills.skill_loader:load:185 | ATTEMPTING TO LOAD SKILL: mycroft-personal.mycroftai
2021-10-25 17:22:19.985 | INFO     |  5720 | mycroft.skills.settings:get_local_settings:83 | /opt/mycroft/skills/mycroft-personal.mycroftai/settings.json
2021-10-25 17:22:20.016 | INFO     |  5720 | mycroft.skills.skill_loader:_check_for_first_run:324 | First run of mycroft-personal.mycroftai
2021-10-25 17:22:20.017 | INFO     |  5720 | mycroft.skills.settings:save_settings:116 | Skill settings successfully saved to /home/runner/.config/mycroft/skills/mycroft-personal.mycroftai/settings.json
2021-10-25 17:22:20.018 | INFO     |  5720 | mycroft.skills.skill_loader:_communicate_load_status:344 | Skill mycroft-personal.mycroftai loaded successfully
2021-10-25 17:22:20.027 | INFO     |  5720 | mycroft.skills.skill_loader:load:185 | ATTEMPTING TO LOAD SKILL: fallback-wolfram-alpha.mycroftai
2021-10-25 17:22:20.202 | INFO     |  5720 | mycroft.skills.settings:get_local_settings:83 | /opt/mycroft/skills/fallback-wolfram-alpha.mycroftai/settings.json
2021-10-25 17:22:20.231 | INFO     |  5720 | mycroft.skills.skill_loader:_check_for_first_run:324 | First run of fallback-wolfram-alpha.mycroftai
2021-10-25 17:22:20.233 | INFO     |  5720 | mycroft.skills.settings:save_settings:116 | Skill settings successfully saved to /home/runner/.config/mycroft/skills/fallback-wolfram-alpha.mycroftai/settings.json
2021-10-25 17:22:20.249 | INFO     |  5720 | mycroft.skills.skill_loader:_communicate_load_status:344 | Skill fallback-wolfram-alpha.mycroftai loaded successfully
2021-10-25 17:22:20.250 | INFO     |  5720 | mycroft.skills.skill_loader:load:185 | ATTEMPTING TO LOAD SKILL: mycroft-wiki.mycroftai
2021-10-25 17:22:20.265 | INFO     |  5720 | mycroft.skills.settings:get_local_settings:83 | /opt/mycroft/skills/mycroft-wiki.mycroftai/settings.json
2021-10-25 17:22:20.305 | INFO     |  5720 | mycroft.skills.skill_loader:_check_for_first_run:324 | First run of mycroft-wiki.mycroftai
2021-10-25 17:22:20.309 | INFO     |  5720 | mycroft.skills.settings:save_settings:116 | Skill settings successfully saved to /home/runner/.config/mycroft/skills/mycroft-wiki.mycroftai/settings.json
2021-10-25 17:22:20.314 | INFO     |  5720 | mycroft.skills.skill_loader:_communicate_load_status:344 | Skill mycroft-wiki.mycroftai loaded successfully
2021-10-25 17:22:20.314 | INFO     |  5720 | mycroft.skills.skill_loader:load:185 | ATTEMPTING TO LOAD SKILL: fallback-unknown.mycroftai
2021-10-25 17:22:20.327 | INFO     |  5720 | mycroft.skills.settings:get_local_settings:83 | /opt/mycroft/skills/fallback-unknown.mycroftai/settings.json
2021-10-25 17:22:20.372 | INFO     |  5720 | mycroft.skills.skill_loader:_check_for_first_run:324 | First run of fallback-unknown.mycroftai
2021-10-25 17:22:20.399 | INFO     |  5720 | mycroft.skills.settings:save_settings:116 | Skill settings successfully saved to /home/runner/.config/mycroft/skills/fallback-unknown.mycroftai/settings.json
2021-10-25 17:22:20.437 | INFO     |  5720 | mycroft.skills.skill_loader:_communicate_load_status:344 | Skill fallback-unknown.mycroftai loaded successfully
2021-10-25 17:22:20.438 | INFO     |  5720 | mycroft.skills.skill_loader:load:185 | ATTEMPTING TO LOAD SKILL: mycroft-playback-control.mycroftai
2021-10-25 17:22:20.450 | INFO     |  5720 | mycroft.skills.settings:get_local_settings:83 | /opt/mycroft/skills/mycroft-playback-control.mycroftai/settings.json
2021-10-25 17:22:20.486 | INFO     |  5720 | mycroft.skills.skill_loader:_check_for_first_run:324 | First run of mycroft-playback-control.mycroftai
2021-10-25 17:22:20.487 | INFO     |  5720 | mycroft.skills.settings:save_settings:116 | Skill settings successfully saved to /home/runner/.config/mycroft/skills/mycroft-playback-control.mycroftai/settings.json
2021-10-25 17:22:20.489 | INFO     |  5720 | mycroft.skills.skill_loader:_communicate_load_status:344 | Skill mycroft-playback-control.mycroftai loaded successfully
2021-10-25 17:22:20.489 | INFO     |  5720 | mycroft.skills.skill_manager:_load_on_startup:275 | Skills all loaded!
2021-10-25 17:22:20.509 | INFO     |  5720 | __main__:on_ready:185 | Skills service is ready.
2021-10-25 17:22:20.573 | INFO     |  5720 | mycroft.skills.intent_services.padatious_service:train:151 | Training... (single_thread=False)
Regenerated mycroft-alarm.mycroftai:{daytype}.
2021-10-25 17:22:25.859 | INFO     |  5720 | mycroft.skills.settings:save_settings:116 | Skill settings successfully saved to /home/runner/.config/mycroft/skills/mycroft-pairing.mycroftai/settings.json
2021-10-25 17:22:26.163 | INFO     |  5720 | mycroft.skills.settings:save_settings:116 | Skill settings successfully saved to /home/runner/.config/mycroft/skills/mycroft-timer.mycroftai/settings.json
Regenerated mycroft-installer.mycroftai:install.custom.intent.
Regenerated mycroft-reminder.mycroftai:CancelActiveReminder.intent.
Regenerated mycroft-installer.mycroftai:install.beta.intent.
Regenerated mycroft-installer.mycroftai:list.skills.intent.
Regenerated mycroft-installer.mycroftai:install.intent.
Regenerated mycroft-installer.mycroftai:is.installed.intent.
Regenerated mycroft-installer.mycroftai:remove.intent.
Regenerated mycroft-timer.mycroftai:timer.status.intent.
Regenerated mycroft-timer.mycroftai:start.timer.intent.
Regenerated homeassistant.mycroftai:toggle.intent.
Regenerated homeassistant.mycroftai:automation.intent.
Regenerated homeassistant.mycroftai:add.item.shopping.list.intent.
Regenerated homeassistant.mycroftai:set.climate.intent.
Regenerated homeassistant.mycroftai:turn.on.intent.
Regenerated homeassistant.mycroftai:cover.stop.intent.
Regenerated homeassistant.mycroftai:turn.off.intent.
Regenerated mycroft-alarm.mycroftai:change.alarm.sound.intent.
Regenerated mycroft-npr-news.mycroftai:PlayTheNews.intent.
Regenerated mycroft-support-helper.mycroftai:contact.support.intent.
Regenerated mycroft-weather.mycroftai:do-i-need-an-umbrella.intent.
Regenerated mycroft-audio-record.mycroftai:PlayRecording.intent.
Regenerated mycroft-audio-record.mycroftai:StartRecording.intent.
Regenerated mycroft-stop.mycroftai:ssh.enable.intent.
Regenerated mycroft-stop.mycroftai:shutdown.intent.
Regenerated mycroft-stop.mycroftai:wifi.setup.intent.
Regenerated mycroft-stop.mycroftai:reboot.intent.
Regenerated mycroft-stop.mycroftai:ssh.disable.intent.
Regenerated mycroft-hello-world.mycroftai:HowAreYou.intent.
Regenerated mycroft-date-time.mycroftai:what.time.will.it.be.intent.
Regenerated mycroft-date-time.mycroftai:what.time.is.it.intent.
Regenerated mycroft-date-time.mycroftai:date.future.weekend.intent.
Regenerated mycroft-date-time.mycroftai:date.last.weekend.intent.
Regenerated mycroft-configuration.mycroftai:DisablePreciseDev.intent.
Regenerated mycroft-configuration.mycroftai:WhereAreYou.intent.
Regenerated mycroft-configuration.mycroftai:EnablePreciseDev.intent.
Regenerated mycroft-personal.mycroftai:DoYouDream.intent.
Regenerated mycroft-personal.mycroftai:WhatAreYou.intent.
Regenerated mycroft-personal.mycroftai:WhoAreYou.intent.
Regenerated mycroft-personal.mycroftai:WhenWereYouBorn.intent.
Regenerated mycroft-personal.mycroftai:WhereWereYouBorn.intent.
Regenerated mycroft-personal.mycroftai:DoYouRhyme.intent.
Regenerated mycroft-personal.mycroftai:WhoMadeYou.intent.
Regenerated mycroft-wiki.mycroftai:Random.intent.
Regenerated mycroft-reminder.mycroftai:GetRemindersForDay.intent.
Regenerated mycroft-reminder.mycroftai:GetNextReminders.intent.
Regenerated mycroft-reminder.mycroftai:Reminder.intent.
Regenerated mycroft-reminder.mycroftai:UnspecifiedReminderAt.intent.
Regenerated mycroft-reminder.mycroftai:SnoozeReminder.intent.
Regenerated mycroft-reminder.mycroftai:DeleteReminderForDay.intent.
Regenerated mycroft-reminder.mycroftai:ClearReminders.intent.
Regenerated mycroft-reminder.mycroftai:ReminderAt.intent.
Regenerated homeassistant.mycroftai:cover.close.intent.
Regenerated homeassistant.mycroftai:set.light.brightness.intent.
Regenerated homeassistant.mycroftai:tracker.intent.
Regenerated homeassistant.mycroftai:increase.light.brightness.intent.
Regenerated homeassistant.mycroftai:decrease.light.brightness.intent.
Regenerated homeassistant.mycroftai:cover.open.intent.
Regenerated homeassistant.mycroftai:sensor.intent.
Regenerated mycroft-alarm.mycroftai:snooze.intent.
2021-10-25 17:22:27.700 | INFO     |  5720 | mycroft.skills.intent_services.padatious_service:train:153 | Training complete.
2021-10-25 17:23:06.099 | INFO     |  5720 | __main__:on_stopping:193 | Skills service is shutting down...
2021-10-25 17:23:06.100 | INFO     |  5720 | __main__:shutdown:284 | Shutting down Skills service
2021-10-25 17:23:06.533 | ERROR    |  5720 | VolumeSkill | Couldn't allocate mixer, ALSAAudioError('No such file or directory [default]')
2021-10-25 17:23:06.535 | INFO     |  5720 | mycroft.skills.settings:save_settings:116 | Skill settings successfully saved to /home/runner/.config/mycroft/skills/mycroft-volume.mycroftai/settings.json
2021-10-25 17:23:06.537 | INFO     |  5720 | mycroft.skills.settings:save_settings:116 | Skill settings successfully saved to /home/runner/.config/mycroft/skills/mycroft-ip.mycroftai/settings.json
2021-10-25 17:23:06.539 | INFO     |  5720 | mycroft.skills.settings:save_settings:116 | Skill settings successfully saved to /home/runner/.config/mycroft/skills/mycroft-reminder.mycroftai/settings.json
2021-10-25 17:23:06.556 | INFO     |  5720 | mycroft.skills.settings:save_settings:116 | Skill settings successfully saved to /home/runner/.config/mycroft/skills/mycroft-installer.mycroftai/settings.json
2021-10-25 17:23:06.557 | INFO     |  5720 | mycroft.skills.settings:save_settings:116 | Skill settings successfully saved to /home/runner/.config/mycroft/skills/mycroft-version-checker.mycroftai/settings.json
2021-10-25 17:23:06.560 | INFO     |  5720 | mycroft.skills.settings:save_settings:116 | Skill settings successfully saved to /home/runner/.config/mycroft/skills/mycroft-singing.mycroftai/settings.json
2021-10-25 17:23:06.569 | INFO     |  5720 | mycroft.skills.settings:save_settings:116 | Skill settings successfully saved to /home/runner/.config/mycroft/skills/mycroft-joke.mycroftai/settings.json
2021-10-25 17:23:06.586 | INFO     |  5720 | HomeAssistantSkill | Removing all handlers...
2021-10-25 17:23:06.592 | WARNING  |  5720 | mycroft.skills.fallback_skill:remove_fallback:185 | Could not find matching fallback handler
2021-10-25 17:23:06.607 | INFO     |  5720 | mycroft.skills.settings:save_settings:116 | Skill settings successfully saved to /home/runner/.config/mycroft/skills/mycroft-alarm.mycroftai/settings.json
2021-10-25 17:23:06.609 | INFO     |  5720 | mycroft.skills.settings:save_settings:116 | Skill settings successfully saved to /home/runner/.config/mycroft/skills/mycroft-naptime.mycroftai/settings.json
2021-10-25 17:23:06.611 | INFO     |  5720 | mycroft.skills.settings:save_settings:116 | Skill settings successfully saved to /home/runner/.config/mycroft/skills/mycroft-spelling.mycroftai/settings.json
2021-10-25 17:23:06.620 | INFO     |  5720 | mycroft.skills.settings:save_settings:116 | Skill settings successfully saved to /home/runner/.config/mycroft/skills/mycroft-fallback-duck-duck-go.mycroftai/settings.json
2021-10-25 17:23:06.625 | INFO     |  5720 | mycroft.skills.settings:save_settings:116 | Skill settings successfully saved to /home/runner/.config/mycroft/skills/mycroft-npr-news.mycroftai/settings.json
2021-10-25 17:23:06.627 | INFO     |  5720 | mycroft.skills.settings:save_settings:116 | Skill settings successfully saved to /home/runner/.config/mycroft/skills/mycroft-support-helper.mycroftai/settings.json
2021-10-25 17:23:06.628 | INFO     |  5720 | mycroft.skills.settings:save_settings:116 | Skill settings successfully saved to /home/runner/.config/mycroft/skills/mycroft-weather.mycroftai/settings.json
2021-10-25 17:23:06.645 | INFO     |  5720 | mycroft.skills.settings:save_settings:116 | Skill settings successfully saved to /home/runner/.config/mycroft/skills/mycroft-speak.mycroftai/settings.json
2021-10-25 17:23:06.647 | INFO     |  5720 | mycroft.skills.settings:save_settings:116 | Skill settings successfully saved to /home/runner/.config/mycroft/skills/mycroft-audio-record.mycroftai/settings.json
2021-10-25 17:23:06.649 | INFO     |  5720 | mycroft.skills.settings:save_settings:116 | Skill settings successfully saved to /home/runner/.config/mycroft/skills/mycroft-stop.mycroftai/settings.json
2021-10-25 17:23:06.651 | INFO     |  5720 | mycroft.skills.settings:save_settings:116 | Skill settings successfully saved to /home/runner/.config/mycroft/skills/mycroft-hello-world.mycroftai/settings.json
2021-10-25 17:23:06.673 | INFO     |  5720 | mycroft.skills.settings:save_settings:116 | Skill settings successfully saved to /home/runner/.config/mycroft/skills/mycroft-date-time.mycroftai/settings.json
2021-10-25 17:23:06.706 | INFO     |  5720 | mycroft.skills.settings:save_settings:116 | Skill settings successfully saved to /home/runner/.config/mycroft/skills/mycroft-configuration.mycroftai/settings.json
2021-10-25 17:23:06.719 | INFO     |  5720 | QuestionsAnswersSkill | Removing all handlers...
2021-10-25 17:23:06.720 | INFO     |  5720 | mycroft.skills.settings:save_settings:116 | Skill settings successfully saved to /home/runner/.config/mycroft/skills/fallback-query.mycroftai/settings.json
2021-10-25 17:23:06.721 | INFO     |  5720 | mycroft.skills.settings:save_settings:116 | Skill settings successfully saved to /home/runner/.config/mycroft/skills/mycroft-personal.mycroftai/settings.json
2021-10-25 17:23:06.731 | INFO     |  5720 | mycroft.skills.settings:save_settings:116 | Skill settings successfully saved to /home/runner/.config/mycroft/skills/fallback-wolfram-alpha.mycroftai/settings.json
2021-10-25 17:23:06.746 | INFO     |  5720 | mycroft.skills.settings:save_settings:116 | Skill settings successfully saved to /home/runner/.config/mycroft/skills/mycroft-wiki.mycroftai/settings.json
2021-10-25 17:23:06.757 | INFO     |  5720 | UnknownSkill | Removing all handlers...
2021-10-25 17:23:06.759 | INFO     |  5720 | mycroft.skills.settings:save_settings:116 | Skill settings successfully saved to /home/runner/.config/mycroft/skills/fallback-unknown.mycroftai/settings.json
2021-10-25 17:23:06.766 | INFO     |  5720 | mycroft.skills.settings:save_settings:116 | Skill settings successfully saved to /home/runner/.config/mycroft/skills/mycroft-playback-control.mycroftai/settings.json
2021-10-25 17:23:07.768 | INFO     |  5720 | Playback Control Skill | Audio service status: {}
2021-10-25 17:23:08.770 | WARNING  |  5720 | mycroft.skills.skill_manager:_shutdown_skill:106 | mycroft-playback-control.mycroftai shutdown took 2.0083832600000164 seconds
2021-10-25 17:23:08.770 | INFO     |  5720 | __main__:shutdown:291 | Skills service shutdown complete!
2021-10-25 17:23:10.280 | ERROR    |  5720 | websocket | error from callback <bound method MessageBusClient.on_message of <mycroft.messagebus.client.client.MessageBusClient object at 0x7fc5d7b509d0>>: cannot schedule new futures after shutdown
2021-10-25 17:23:10.283 | ERROR    |  5720 | websocket | error from callback <bound method MessageBusClient.on_message of <mycroft.messagebus.client.client.MessageBusClient object at 0x7fc5d7b509d0>>: cannot schedule new futures after shutdown
2021-10-25 17:23:10.285 | ERROR    |  5720 | websocket | error from callback <bound method MessageBusClient.on_message of <mycroft.messagebus.client.client.MessageBusClient object at 0x7fc5d7b509d0>>: cannot schedule new futures after shutdown
2021-10-25 17:23:10.287 | ERROR    |  5720 | websocket | error from callback <bound method MessageBusClient.on_message of <mycroft.messagebus.client.client.MessageBusClient object at 0x7fc5d7b509d0>>: cannot schedule new futures after shutdown
2021-10-25 17:23:10.289 | ERROR    |  5720 | websocket | error from callback <bound method MessageBusClient.on_message of <mycroft.messagebus.client.client.MessageBusClient object at 0x7fc5d7b509d0>>: cannot schedule new futures after shutdown
