2021-10-26 15:59:25.400 | INFO     |  5721 | mycroft.messagebus.load_config:load_message_bus_config:33 | Loading message bus configs
2021-10-26 15:59:25.402 | ERROR    |  5721 | mycroft_bus_client.client.client | === ConnectionRefusedError(111, 'Connection refused') ===
Traceback (most recent call last):
  File "/opt/mycroft-core/.venv/lib/python3.7/site-packages/websocket/_app.py", line 254, in run_forever
    proxy_type=proxy_type)
  File "/opt/mycroft-core/.venv/lib/python3.7/site-packages/websocket/_core.py", line 220, in connect
    options.pop('socket', None))
  File "/opt/mycroft-core/.venv/lib/python3.7/site-packages/websocket/_http.py", line 120, in connect
    sock = _open_socket(addrinfo_list, options.sockopt, options.timeout)
  File "/opt/mycroft-core/.venv/lib/python3.7/site-packages/websocket/_http.py", line 190, in _open_socket
    raise err
  File "/opt/mycroft-core/.venv/lib/python3.7/site-packages/websocket/_http.py", line 170, in _open_socket
    sock.connect(address)
ConnectionRefusedError: [Errno 111] Connection refused
2021-10-26 15:59:25.403 | ERROR    |  5721 | mycroft_bus_client.client.client | Exception closing websocket: ConnectionRefusedError(111, 'Connection refused')
2021-10-26 15:59:25.403 | WARNING  |  5721 | mycroft_bus_client.client.client | Message Bus Client will reconnect in 5 seconds.
2021-10-26 15:59:30.408 | INFO     |  5721 | mycroft_bus_client.client.client | Connected
2021-10-26 15:59:30.409 | INFO     |  5721 | mycroft.util.process_utils:start_message_bus_client:155 | Connected to messagebus
2021-10-26 15:59:30.412 | INFO     |  5721 | mycroft.skills.msm_wrapper:create_msm:96 | Acquiring lock to instantiate MSM
2021-10-26 15:59:30.413 | INFO     |  5721 | msm.mycroft_skills_manager | building SkillEntry objects for all skills
2021-10-26 15:59:30.809 | INFO     |  5721 | mycroft.skills.msm_wrapper:create_msm:112 | Releasing MSM instantiation lock.
2021-10-26 15:59:30.810 | INFO     |  5721 | mycroft.skills.skill_updater:_log_next_download_time:267 | Next scheduled skill update: 2021-10-26 15:59:29.810013
2021-10-26 15:59:30.810 | INFO     |  5721 | msm.skill_entry | Downloading skill: https://github.com/mycroftai/skill-pairing
2021-10-26 15:59:31.379 | INFO     |  5721 | msm.skill_entry | Installing system requirements...
2021-10-26 15:59:31.408 | INFO     |  5721 | msm.skill_entry | Successfully installed mycroft-pairing
2021-10-26 15:59:31.408 | INFO     |  5721 | msm.mycroft_skills_manager | invalidating skills cache
2021-10-26 15:59:31.410 | INFO     |  5721 | mycroft.skills.skill_loader:load:185 | ATTEMPTING TO LOAD SKILL: mycroft-pairing.mycroftai
2021-10-26 15:59:31.425 | INFO     |  5721 | mycroft.skills.settings:get_local_settings:83 | /opt/mycroft/skills/mycroft-pairing.mycroftai/settings.json
2021-10-26 15:59:31.468 | INFO     |  5721 | mycroft.skills.skill_loader:_check_for_first_run:324 | First run of mycroft-pairing.mycroftai
2021-10-26 15:59:31.469 | INFO     |  5721 | mycroft.skills.settings:save_settings:116 | Skill settings successfully saved to /home/runner/.config/mycroft/skills/mycroft-pairing.mycroftai/settings.json
2021-10-26 15:59:31.477 | INFO     |  5721 | mycroft.skills.skill_loader:_communicate_load_status:344 | Skill mycroft-pairing.mycroftai loaded successfully
2021-10-26 15:59:31.478 | INFO     |  5721 | msm.skill_entry | Downloading skill: https://github.com/mycroftai/skill-volume
2021-10-26 15:59:32.106 | INFO     |  5721 | msm.skill_entry | Installing system requirements...
2021-10-26 15:59:32.140 | INFO     |  5721 | msm.skill_entry | Installing requirements.txt for mycroft-volume
2021-10-26 15:59:33.089 | INFO     |  5721 | msm.skill_entry | Successfully installed mycroft-volume
2021-10-26 15:59:33.089 | INFO     |  5721 | msm.mycroft_skills_manager | invalidating skills cache
2021-10-26 15:59:33.090 | INFO     |  5721 | mycroft.skills.skill_loader:load:185 | ATTEMPTING TO LOAD SKILL: mycroft-volume.mycroftai
2021-10-26 15:59:33.097 | INFO     |  5721 | mycroft.skills.settings:get_local_settings:83 | /opt/mycroft/skills/mycroft-volume.mycroftai/settings.json
2021-10-26 15:59:33.147 | ERROR    |  5721 | VolumeSkill | Couldn't allocate mixer, ALSAAudioError('No such file or directory [default]')
2021-10-26 15:59:36.149 | INFO     |  5721 | mycroft.skills.skill_loader:_check_for_first_run:324 | First run of mycroft-volume.mycroftai
2021-10-26 15:59:36.150 | INFO     |  5721 | mycroft.skills.settings:save_settings:116 | Skill settings successfully saved to /home/runner/.config/mycroft/skills/mycroft-volume.mycroftai/settings.json
2021-10-26 15:59:36.175 | INFO     |  5721 | mycroft.skills.skill_loader:_communicate_load_status:344 | Skill mycroft-volume.mycroftai loaded successfully
2021-10-26 15:59:36.176 | INFO     |  5721 | __main__:on_started:177 | Skills service is starting up.
2021-10-26 15:59:36.248 | INFO     |  5721 | __main__:_update_system:154 | Attempting system update...
2021-10-26 15:59:39.251 | INFO     |  5721 | mycroft.enclosure.display_manager:_write_data:70 | Display Manager is creating /tmp/mycroft/ipc/managers/disp_info
2021-10-26 15:59:39.252 | INFO     |  5721 | __main__:_ensure_device_is_paired:133 | Device not paired, invoking the pairing skill
2021-10-26 15:59:39.263 | INFO     |  5721 | __main__:on_alive:181 | Skills service is alive.
2021-10-26 15:59:39.264 | INFO     |  5721 | msm.mycroft_skills_manager | building SkillEntry objects for all skills
2021-10-26 15:59:39.632 | INFO     |  5721 | PairingSkill | Communicating account URL to user
2021-10-26 15:59:39.724 | WARNING  |  5721 | msm.mycroft_skills_manager | No such default skill: mycroft-pandora
2021-10-26 15:59:39.725 | INFO     |  5721 | mycroft.skills.skill_manager:run:234 | Not all default skills are installed, performing skill update...
2021-10-26 15:59:39.725 | INFO     |  5721 | mycroft.skills.skill_updater:update_skills:149 | Beginning skill update...
2021-10-26 15:59:39.807 | INFO     |  5721 | msm.mycroft_skills_manager | building SkillEntry objects for all skills
2021-10-26 15:59:40.910 | INFO     |  5721 | msm.mycroft_skills_manager | invalidating skills cache
2021-10-26 15:59:41.155 | INFO     |  5721 | msm.skill_entry | Downloading skill: https://github.com/mycroftai/fallback-unknown
2021-10-26 15:59:41.157 | INFO     |  5721 | msm.skill_entry | Downloading skill: https://github.com/mycroftai/fallback-wolfram-alpha
2021-10-26 15:59:41.159 | INFO     |  5721 | msm.skill_entry | Downloading skill: https://github.com/mycroftai/skill-alarm
2021-10-26 15:59:41.166 | INFO     |  5721 | msm.skill_entry | Downloading skill: https://github.com/mycroftai/skill-audio-record
2021-10-26 15:59:41.168 | INFO     |  5721 | msm.skill_entry | Downloading skill: https://github.com/mycroftai/skill-configuration
2021-10-26 15:59:41.175 | INFO     |  5721 | msm.skill_entry | Downloading skill: https://github.com/mycroftai/skill-hello-world
2021-10-26 15:59:41.180 | INFO     |  5721 | msm.skill_entry | Downloading skill: https://github.com/mycroftai/skill-date-time
2021-10-26 15:59:41.185 | INFO     |  5721 | msm.skill_entry | Downloading skill: https://github.com/mycroftai/skill-installer
2021-10-26 15:59:41.192 | INFO     |  5721 | msm.skill_entry | Downloading skill: https://github.com/mycroftai/skill-ip
2021-10-26 15:59:41.197 | INFO     |  5721 | msm.skill_entry | Downloading skill: https://github.com/mycroftai/skill-joke
2021-10-26 15:59:41.200 | INFO     |  5721 | msm.skill_entry | Downloading skill: https://github.com/mycroftai/skill-naptime
2021-10-26 15:59:41.204 | INFO     |  5721 | msm.skill_entry | Downloading skill: https://github.com/mycroftai/skill-npr-news
2021-10-26 15:59:41.209 | INFO     |  5721 | msm.skill_entry | Downloading skill: https://github.com/mycroftai/skill-personal
2021-10-26 15:59:41.213 | INFO     |  5721 | msm.skill_entry | Downloading skill: https://github.com/mycroftai/skill-playback-control
2021-10-26 15:59:41.233 | INFO     |  5721 | msm.skill_entry | Downloading skill: https://github.com/mycroftai/fallback-duckduckgo
2021-10-26 15:59:41.238 | INFO     |  5721 | msm.skill_entry | Downloading skill: https://github.com/mycroftai/skill-reminder
2021-10-26 15:59:41.257 | INFO     |  5721 | msm.skill_entry | Downloading skill: https://github.com/mycroftai/skill-singing
2021-10-26 15:59:42.440 | ERROR    |  5721 | msm.mycroft_skills_manager | Error running install_or_update on homeassistant.mycroftai: MergeConflict
2021-10-26 15:59:42.490 | INFO     |  5721 | msm.skill_entry | Installing system requirements...
2021-10-26 15:59:42.499 | INFO     |  5721 | msm.skill_entry | Downloading skill: https://github.com/mycroftai/skill-speak
2021-10-26 15:59:42.579 | INFO     |  5721 | msm.skill_entry | Installing system requirements...
2021-10-26 15:59:42.678 | INFO     |  5721 | msm.skill_entry | Installing system requirements...
2021-10-26 15:59:42.744 | INFO     |  5721 | msm.skill_entry | Installing requirements.txt for fallback-wolfram-alpha
2021-10-26 15:59:42.747 | INFO     |  5721 | msm.skill_entry | Installing requirements.txt for mycroft-fallback-duck-duck-go
2021-10-26 15:59:42.770 | INFO     |  5721 | msm.skill_entry | Installing system requirements...
2021-10-26 15:59:42.774 | INFO     |  5721 | msm.skill_entry | Installing system requirements...
2021-10-26 15:59:42.806 | INFO     |  5721 | msm.skill_entry | Installing system requirements...
2021-10-26 15:59:42.838 | INFO     |  5721 | msm.skill_entry | Installing system requirements...
2021-10-26 15:59:42.849 | INFO     |  5721 | msm.skill_entry | Installing requirements.txt for mycroft-joke
2021-10-26 15:59:42.867 | INFO     |  5721 | msm.skill_entry | Installing system requirements...
2021-10-26 15:59:42.903 | INFO     |  5721 | msm.skill_entry | Installing system requirements...
2021-10-26 15:59:42.934 | INFO     |  5721 | msm.skill_entry | Installing requirements.txt for mycroft-audio-record
2021-10-26 15:59:42.984 | INFO     |  5721 | msm.skill_entry | Successfully installed mycroft-naptime
2021-10-26 15:59:42.985 | INFO     |  5721 | msm.mycroft_skills_manager | invalidating skills cache
2021-10-26 15:59:42.989 | INFO     |  5721 | msm.skill_entry | Installing requirements.txt for mycroft-ip
2021-10-26 15:59:43.001 | INFO     |  5721 | msm.skill_entry | Downloading skill: https://github.com/mycroftai/skill-spelling
2021-10-26 15:59:43.050 | INFO     |  5721 | msm.skill_entry | Successfully installed mycroft-hello-world
2021-10-26 15:59:43.051 | INFO     |  5721 | msm.mycroft_skills_manager | invalidating skills cache
2021-10-26 15:59:43.055 | INFO     |  5721 | msm.skill_entry | Downloading skill: https://github.com/mycroftai/skill-stop
2021-10-26 15:59:43.088 | INFO     |  5721 | msm.skill_entry | Successfully installed mycroft-personal
2021-10-26 15:59:43.089 | INFO     |  5721 | msm.mycroft_skills_manager | invalidating skills cache
2021-10-26 15:59:43.090 | INFO     |  5721 | msm.skill_entry | Successfully installed mycroft-playback-control
2021-10-26 15:59:43.090 | INFO     |  5721 | msm.mycroft_skills_manager | invalidating skills cache
2021-10-26 15:59:43.092 | INFO     |  5721 | msm.skill_entry | Nothing new for mycroft-volume
2021-10-26 15:59:43.103 | INFO     |  5721 | msm.skill_entry | Downloading skill: https://github.com/mycroftai/mycroft-timer
2021-10-26 15:59:43.109 | INFO     |  5721 | msm.skill_entry | Downloading skill: https://github.com/mycroftai/skill-support
2021-10-26 15:59:43.165 | INFO     |  5721 | msm.skill_entry | Installing system requirements...
2021-10-26 15:59:43.205 | INFO     |  5721 | msm.skill_entry | Installing system requirements...
2021-10-26 15:59:43.222 | INFO     |  5721 | msm.skill_entry | Installing system requirements...
2021-10-26 15:59:43.245 | INFO     |  5721 | msm.skill_entry | Nothing new for mycroft-pairing
2021-10-26 15:59:43.258 | INFO     |  5721 | msm.skill_entry | Installing system requirements...
2021-10-26 15:59:43.290 | INFO     |  5721 | msm.skill_entry | Installing system requirements...
2021-10-26 15:59:43.336 | INFO     |  5721 | msm.skill_entry | Installing requirements.txt for mycroft-volume
2021-10-26 15:59:43.337 | INFO     |  5721 | msm.skill_entry | Successfully installed fallback-unknown
2021-10-26 15:59:43.337 | INFO     |  5721 | msm.mycroft_skills_manager | invalidating skills cache
2021-10-26 15:59:43.338 | INFO     |  5721 | msm.skill_entry | Downloading skill: https://github.com/mycroftai/skill-weather
2021-10-26 15:59:43.408 | INFO     |  5721 | msm.skill_entry | Successfully installed mycroft-reminder
2021-10-26 15:59:43.409 | INFO     |  5721 | msm.mycroft_skills_manager | invalidating skills cache
2021-10-26 15:59:43.410 | INFO     |  5721 | msm.skill_entry | Downloading skill: https://github.com/mycroftai/skill-version-checker
2021-10-26 15:59:43.464 | INFO     |  5721 | msm.skill_entry | Installing requirements.txt for mycroft-npr-news
2021-10-26 15:59:43.468 | INFO     |  5721 | msm.skill_entry | Downloading skill: https://github.com/mycroftai/skill-wiki
2021-10-26 15:59:43.490 | INFO     |  5721 | msm.skill_entry | Installing system requirements...
2021-10-26 15:59:43.582 | INFO     |  5721 | msm.skill_entry | Installing requirements.txt for mycroft-configuration
2021-10-26 15:59:43.583 | INFO     |  5721 | msm.skill_entry | Installing system requirements...
2021-10-26 15:59:43.665 | INFO     |  5721 | msm.skill_entry | Installing requirements.txt for mycroft-installer
2021-10-26 15:59:43.763 | INFO     |  5721 | msm.skill_entry | Installing system requirements...
2021-10-26 15:59:43.845 | INFO     |  5721 | msm.skill_entry | Installing requirements.txt for mycroft-date-time
2021-10-26 15:59:43.914 | INFO     |  5721 | msm.skill_entry | Installing system requirements...
2021-10-26 15:59:43.963 | INFO     |  5721 | msm.skill_entry | Installing requirements.txt for mycroft-alarm
2021-10-26 15:59:44.147 | INFO     |  5721 | msm.skill_entry | Installing system requirements...
2021-10-26 15:59:44.231 | INFO     |  5721 | msm.skill_entry | Successfully installed mycroft-spelling
2021-10-26 15:59:44.237 | INFO     |  5721 | msm.mycroft_skills_manager | invalidating skills cache
2021-10-26 15:59:44.241 | INFO     |  5721 | msm.skill_entry | Downloading skill: https://github.com/MycroftAI/skill-query
2021-10-26 15:59:44.250 | INFO     |  5721 | msm.skill_entry | Installing system requirements...
2021-10-26 15:59:44.269 | INFO     |  5721 | msm.skill_entry | Installing system requirements...
2021-10-26 15:59:44.318 | INFO     |  5721 | msm.skill_entry | Successfully installed mycroft-stop
2021-10-26 15:59:44.318 | INFO     |  5721 | msm.mycroft_skills_manager | invalidating skills cache
2021-10-26 15:59:44.323 | INFO     |  5721 | msm.skill_entry | Installing requirements.txt for mycroft-support-helper
2021-10-26 15:59:44.524 | INFO     |  5721 | msm.skill_entry | Installing system requirements...
2021-10-26 15:59:44.543 | INFO     |  5721 | msm.skill_entry | Successfully installed mycroft-speak
2021-10-26 15:59:44.543 | INFO     |  5721 | msm.mycroft_skills_manager | invalidating skills cache
2021-10-26 15:59:44.628 | INFO     |  5721 | msm.skill_entry | Installing system requirements...
2021-10-26 15:59:44.704 | INFO     |  5721 | msm.skill_entry | Successfully installed mycroft-timer
2021-10-26 15:59:44.704 | INFO     |  5721 | msm.mycroft_skills_manager | invalidating skills cache
2021-10-26 15:59:44.793 | ERROR    |  5721 | msm.mycroft_skills_manager | Error running install_or_update on homeassistant: MergeConflict
2021-10-26 15:59:45.389 | INFO     |  5721 | msm.skill_entry | Installing system requirements...
2021-10-26 15:59:45.406 | INFO     |  5721 | msm.skill_entry | Installing system requirements...
2021-10-26 15:59:45.416 | INFO     |  5721 | msm.skill_entry | Successfully installed mycroft-version-checker
2021-10-26 15:59:45.416 | INFO     |  5721 | msm.mycroft_skills_manager | invalidating skills cache
2021-10-26 15:59:45.419 | INFO     |  5721 | msm.skill_entry | Successfully installed mycroft-singing
2021-10-26 15:59:45.419 | INFO     |  5721 | msm.mycroft_skills_manager | invalidating skills cache
2021-10-26 15:59:45.483 | INFO     |  5721 | msm.skill_entry | Installing system requirements...
2021-10-26 15:59:45.499 | INFO     |  5721 | msm.skill_entry | Installing requirements.txt for mycroft-wiki
2021-10-26 15:59:45.683 | INFO     |  5721 | msm.skill_entry | Installing system requirements...
2021-10-26 15:59:45.697 | INFO     |  5721 | msm.skill_entry | Installing requirements.txt for mycroft-weather
2021-10-26 15:59:45.824 | INFO     |  5721 | msm.skill_entry | Installing system requirements...
2021-10-26 15:59:45.836 | INFO     |  5721 | msm.skill_entry | Successfully installed fallback-query
2021-10-26 15:59:45.836 | INFO     |  5721 | msm.mycroft_skills_manager | invalidating skills cache
2021-10-26 15:59:49.545 | INFO     |  5721 | msm.skill_entry | Successfully installed fallback-wolfram-alpha
2021-10-26 15:59:49.545 | INFO     |  5721 | msm.mycroft_skills_manager | invalidating skills cache
2021-10-26 15:59:50.820 | INFO     |  5721 | msm.skill_entry | Successfully installed mycroft-fallback-duck-duck-go
2021-10-26 15:59:50.820 | INFO     |  5721 | msm.mycroft_skills_manager | invalidating skills cache
2021-10-26 15:59:52.023 | INFO     |  5721 | msm.skill_entry | Successfully installed mycroft-joke
2021-10-26 15:59:52.024 | INFO     |  5721 | msm.mycroft_skills_manager | invalidating skills cache
2021-10-26 15:59:52.959 | INFO     |  5721 | msm.skill_entry | Successfully installed mycroft-audio-record
2021-10-26 15:59:52.959 | INFO     |  5721 | msm.mycroft_skills_manager | invalidating skills cache
2021-10-26 15:59:53.908 | INFO     |  5721 | msm.skill_entry | Successfully installed mycroft-ip
2021-10-26 15:59:53.909 | INFO     |  5721 | msm.mycroft_skills_manager | invalidating skills cache
2021-10-26 15:59:58.100 | INFO     |  5721 | msm.skill_entry | Successfully installed mycroft-npr-news
2021-10-26 15:59:58.101 | INFO     |  5721 | msm.mycroft_skills_manager | invalidating skills cache
2021-10-26 16:00:00.718 | INFO     |  5721 | msm.skill_entry | Successfully installed mycroft-configuration
2021-10-26 16:00:00.719 | INFO     |  5721 | msm.mycroft_skills_manager | invalidating skills cache
2021-10-26 16:00:01.620 | INFO     |  5721 | msm.skill_entry | Successfully installed mycroft-installer
2021-10-26 16:00:01.620 | INFO     |  5721 | msm.mycroft_skills_manager | invalidating skills cache
2021-10-26 16:00:09.970 | INFO     |  5721 | PairingSkill | Initiating device pairing sequence...
2021-10-26 16:00:09.970 | INFO     |  5721 | PairingSkill | Retrieving pairing code from device API...
2021-10-26 16:00:10.578 | INFO     |  5721 | PairingSkill | Pairing code obtained: RWPMTP
2021-10-26 16:00:10.578 | INFO     |  5721 | PairingSkill | Communicating pairing URL to user
2021-10-26 16:00:18.118 | INFO     |  5721 | msm.skill_entry | Successfully installed mycroft-date-time
2021-10-26 16:00:18.119 | INFO     |  5721 | msm.mycroft_skills_manager | invalidating skills cache
2021-10-26 16:00:19.093 | INFO     |  5721 | msm.skill_entry | Successfully installed mycroft-alarm
2021-10-26 16:00:19.093 | INFO     |  5721 | msm.mycroft_skills_manager | invalidating skills cache
2021-10-26 16:00:21.357 | INFO     |  5721 | msm.skill_entry | Successfully installed mycroft-support-helper
2021-10-26 16:00:21.357 | INFO     |  5721 | msm.mycroft_skills_manager | invalidating skills cache
2021-10-26 16:00:23.723 | INFO     |  5721 | msm.skill_entry | Successfully installed mycroft-wiki
2021-10-26 16:00:23.724 | INFO     |  5721 | msm.mycroft_skills_manager | invalidating skills cache
2021-10-26 16:00:25.033 | INFO     |  5721 | msm.skill_entry | Successfully installed mycroft-weather
2021-10-26 16:00:25.033 | INFO     |  5721 | msm.mycroft_skills_manager | invalidating skills cache
2021-10-26 16:00:25.066 | INFO     |  5721 | mycroft.skills.skill_updater:_log_next_download_time:267 | Next scheduled skill update: 2021-10-26 17:00:25.065778
2021-10-26 16:00:25.066 | INFO     |  5721 | mycroft.skills.skill_updater:update_skills:170 | Skill update complete
2021-10-26 16:00:25.067 | INFO     |  5721 | mycroft.skills.skill_manager:_load_on_startup:273 | Loading installed skills...
2021-10-26 16:00:25.068 | INFO     |  5721 | mycroft.skills.skill_loader:load:185 | ATTEMPTING TO LOAD SKILL: mycroft-ip.mycroftai
2021-10-26 16:00:25.120 | INFO     |  5721 | mycroft.skills.settings:get_local_settings:83 | /opt/mycroft/skills/mycroft-ip.mycroftai/settings.json
2021-10-26 16:00:25.133 | INFO     |  5721 | mycroft.skills.skill_loader:_check_for_first_run:324 | First run of mycroft-ip.mycroftai
2021-10-26 16:00:25.134 | INFO     |  5721 | mycroft.skills.settings:save_settings:116 | Skill settings successfully saved to /home/runner/.config/mycroft/skills/mycroft-ip.mycroftai/settings.json
2021-10-26 16:00:25.135 | INFO     |  5721 | mycroft.skills.skill_loader:_communicate_load_status:344 | Skill mycroft-ip.mycroftai loaded successfully
2021-10-26 16:00:25.135 | INFO     |  5721 | mycroft.skills.skill_loader:load:185 | ATTEMPTING TO LOAD SKILL: mycroft-reminder.mycroftai
2021-10-26 16:00:25.158 | INFO     |  5721 | mycroft.skills.settings:get_local_settings:83 | /opt/mycroft/skills/mycroft-reminder.mycroftai/settings.json
2021-10-26 16:00:25.218 | INFO     |  5721 | mycroft.skills.skill_loader:_check_for_first_run:324 | First run of mycroft-reminder.mycroftai
2021-10-26 16:00:25.219 | INFO     |  5721 | mycroft.skills.settings:save_settings:116 | Skill settings successfully saved to /home/runner/.config/mycroft/skills/mycroft-reminder.mycroftai/settings.json
2021-10-26 16:00:25.229 | INFO     |  5721 | mycroft.skills.skill_loader:_communicate_load_status:344 | Skill mycroft-reminder.mycroftai loaded successfully
2021-10-26 16:00:25.230 | INFO     |  5721 | mycroft.skills.skill_loader:load:185 | ATTEMPTING TO LOAD SKILL: mycroft-installer.mycroftai
2021-10-26 16:00:25.246 | INFO     |  5721 | mycroft.skills.settings:get_local_settings:83 | /opt/mycroft/skills/mycroft-installer.mycroftai/settings.json
2021-10-26 16:00:25.279 | INFO     |  5721 | mycroft.skills.skill_loader:_check_for_first_run:324 | First run of mycroft-installer.mycroftai
2021-10-26 16:00:25.280 | INFO     |  5721 | mycroft.skills.settings:save_settings:116 | Skill settings successfully saved to /home/runner/.config/mycroft/skills/mycroft-installer.mycroftai/settings.json
2021-10-26 16:00:25.289 | INFO     |  5721 | mycroft.skills.skill_loader:_communicate_load_status:344 | Skill mycroft-installer.mycroftai loaded successfully
2021-10-26 16:00:25.289 | INFO     |  5721 | mycroft.skills.skill_loader:load:185 | ATTEMPTING TO LOAD SKILL: mycroft-version-checker.mycroftai
2021-10-26 16:00:25.294 | INFO     |  5721 | mycroft.skills.settings:get_local_settings:83 | /opt/mycroft/skills/mycroft-version-checker.mycroftai/settings.json
2021-10-26 16:00:25.330 | INFO     |  5721 | mycroft.skills.skill_loader:_check_for_first_run:324 | First run of mycroft-version-checker.mycroftai
2021-10-26 16:00:25.331 | INFO     |  5721 | mycroft.skills.settings:save_settings:116 | Skill settings successfully saved to /home/runner/.config/mycroft/skills/mycroft-version-checker.mycroftai/settings.json
2021-10-26 16:00:25.334 | INFO     |  5721 | mycroft.skills.skill_loader:_communicate_load_status:344 | Skill mycroft-version-checker.mycroftai loaded successfully
2021-10-26 16:00:25.336 | INFO     |  5721 | mycroft.skills.skill_loader:load:185 | ATTEMPTING TO LOAD SKILL: mycroft-singing.mycroftai
2021-10-26 16:00:25.354 | INFO     |  5721 | mycroft.skills.settings:get_local_settings:83 | /opt/mycroft/skills/mycroft-singing.mycroftai/settings.json
2021-10-26 16:00:25.375 | INFO     |  5721 | mycroft.skills.skill_loader:_check_for_first_run:324 | First run of mycroft-singing.mycroftai
2021-10-26 16:00:25.375 | INFO     |  5721 | mycroft.skills.settings:save_settings:116 | Skill settings successfully saved to /home/runner/.config/mycroft/skills/mycroft-singing.mycroftai/settings.json
2021-10-26 16:00:25.378 | INFO     |  5721 | mycroft.skills.skill_loader:_communicate_load_status:344 | Skill mycroft-singing.mycroftai loaded successfully
2021-10-26 16:00:25.379 | INFO     |  5721 | mycroft.skills.skill_loader:load:185 | ATTEMPTING TO LOAD SKILL: mycroft-joke.mycroftai
2021-10-26 16:00:25.384 | INFO     |  5721 | mycroft.skills.settings:get_local_settings:83 | /opt/mycroft/skills/mycroft-joke.mycroftai/settings.json
2021-10-26 16:00:25.408 | INFO     |  5721 | mycroft.skills.skill_loader:_check_for_first_run:324 | First run of mycroft-joke.mycroftai
2021-10-26 16:00:25.410 | INFO     |  5721 | mycroft.skills.settings:save_settings:116 | Skill settings successfully saved to /home/runner/.config/mycroft/skills/mycroft-joke.mycroftai/settings.json
2021-10-26 16:00:25.411 | INFO     |  5721 | mycroft.skills.skill_loader:_communicate_load_status:344 | Skill mycroft-joke.mycroftai loaded successfully
2021-10-26 16:00:25.412 | INFO     |  5721 | mycroft.skills.skill_loader:load:185 | ATTEMPTING TO LOAD SKILL: mycroft-timer.mycroftai
2021-10-26 16:00:25.428 | INFO     |  5721 | mycroft.skills.settings:get_local_settings:83 | /opt/mycroft/skills/mycroft-timer.mycroftai/settings.json
2021-10-26 16:00:25.478 | INFO     |  5721 | mycroft.skills.skill_loader:_check_for_first_run:324 | First run of mycroft-timer.mycroftai
2021-10-26 16:00:25.480 | INFO     |  5721 | mycroft.skills.settings:save_settings:116 | Skill settings successfully saved to /home/runner/.config/mycroft/skills/mycroft-timer.mycroftai/settings.json
2021-10-26 16:00:25.481 | INFO     |  5721 | mycroft.skills.skill_loader:_communicate_load_status:344 | Skill mycroft-timer.mycroftai loaded successfully
2021-10-26 16:00:25.486 | INFO     |  5721 | mycroft.skills.skill_loader:load:185 | ATTEMPTING TO LOAD SKILL: homeassistant.mycroftai
2021-10-26 16:00:25.945 | INFO     |  5721 | mycroft.skills.settings:get_local_settings:83 | /opt/mycroft/skills/homeassistant.mycroftai/settings.json
2021-10-26 16:00:25.947 | INFO     |  5721 | mycroft.skills.settings:get_local_settings:83 | /opt/mycroft/skills/homeassistant.mycroftai/settings.json
2021-10-26 16:00:26.028 | INFO     |  5721 | mycroft.skills.skill_loader:_communicate_load_status:344 | Skill homeassistant.mycroftai loaded successfully
2021-10-26 16:00:26.029 | INFO     |  5721 | mycroft.skills.skill_loader:load:185 | ATTEMPTING TO LOAD SKILL: mycroft-alarm.mycroftai
2021-10-26 16:00:26.076 | INFO     |  5721 | mycroft.skills.settings:get_local_settings:83 | /opt/mycroft/skills/mycroft-alarm.mycroftai/settings.json
2021-10-26 16:00:26.076 | ERROR    |  5721 | AlarmSkill | Couldn't allocate mixer, ALSAAudioError('No such file or directory [default]')
2021-10-26 16:00:26.246 | INFO     |  5721 | mycroft.skills.skill_loader:_check_for_first_run:324 | First run of mycroft-alarm.mycroftai
2021-10-26 16:00:26.249 | INFO     |  5721 | mycroft.skills.settings:save_settings:116 | Skill settings successfully saved to /home/runner/.config/mycroft/skills/mycroft-alarm.mycroftai/settings.json
2021-10-26 16:00:26.250 | INFO     |  5721 | mycroft.skills.skill_loader:_communicate_load_status:344 | Skill mycroft-alarm.mycroftai loaded successfully
2021-10-26 16:00:26.250 | INFO     |  5721 | mycroft.skills.skill_loader:load:185 | ATTEMPTING TO LOAD SKILL: mycroft-naptime.mycroftai
2021-10-26 16:00:26.256 | INFO     |  5721 | mycroft.skills.settings:get_local_settings:83 | /opt/mycroft/skills/mycroft-naptime.mycroftai/settings.json
2021-10-26 16:00:26.281 | INFO     |  5721 | mycroft.skills.skill_loader:_check_for_first_run:324 | First run of mycroft-naptime.mycroftai
2021-10-26 16:00:26.285 | INFO     |  5721 | mycroft.skills.settings:save_settings:116 | Skill settings successfully saved to /home/runner/.config/mycroft/skills/mycroft-naptime.mycroftai/settings.json
2021-10-26 16:00:26.286 | INFO     |  5721 | mycroft.skills.skill_loader:_communicate_load_status:344 | Skill mycroft-naptime.mycroftai loaded successfully
2021-10-26 16:00:26.288 | INFO     |  5721 | mycroft.skills.skill_loader:load:185 | ATTEMPTING TO LOAD SKILL: mycroft-spelling.mycroftai
2021-10-26 16:00:26.293 | INFO     |  5721 | mycroft.skills.settings:get_local_settings:83 | /opt/mycroft/skills/mycroft-spelling.mycroftai/settings.json
2021-10-26 16:00:26.329 | INFO     |  5721 | mycroft.skills.skill_loader:_check_for_first_run:324 | First run of mycroft-spelling.mycroftai
2021-10-26 16:00:26.332 | INFO     |  5721 | mycroft.skills.settings:save_settings:116 | Skill settings successfully saved to /home/runner/.config/mycroft/skills/mycroft-spelling.mycroftai/settings.json
2021-10-26 16:00:26.332 | INFO     |  5721 | mycroft.skills.skill_loader:_communicate_load_status:344 | Skill mycroft-spelling.mycroftai loaded successfully
2021-10-26 16:00:26.338 | INFO     |  5721 | mycroft.skills.skill_loader:load:185 | ATTEMPTING TO LOAD SKILL: mycroft-fallback-duck-duck-go.mycroftai
2021-10-26 16:00:26.354 | INFO     |  5721 | mycroft.skills.settings:get_local_settings:83 | /opt/mycroft/skills/mycroft-fallback-duck-duck-go.mycroftai/settings.json
2021-10-26 16:00:26.373 | INFO     |  5721 | mycroft.skills.skill_loader:_check_for_first_run:324 | First run of mycroft-fallback-duck-duck-go.mycroftai
2021-10-26 16:00:26.374 | INFO     |  5721 | mycroft.skills.settings:save_settings:116 | Skill settings successfully saved to /home/runner/.config/mycroft/skills/mycroft-fallback-duck-duck-go.mycroftai/settings.json
2021-10-26 16:00:26.375 | INFO     |  5721 | mycroft.skills.skill_loader:_communicate_load_status:344 | Skill mycroft-fallback-duck-duck-go.mycroftai loaded successfully
2021-10-26 16:00:26.375 | INFO     |  5721 | mycroft.skills.skill_loader:load:185 | ATTEMPTING TO LOAD SKILL: mycroft-npr-news.mycroftai
2021-10-26 16:00:26.523 | INFO     |  5721 | mycroft.skills.settings:get_local_settings:83 | /opt/mycroft/skills/mycroft-npr-news.mycroftai/settings.json
2021-10-26 16:00:27.544 | INFO     |  5721 | mycroft.skills.skill_loader:_check_for_first_run:324 | First run of mycroft-npr-news.mycroftai
2021-10-26 16:00:27.545 | INFO     |  5721 | mycroft.skills.settings:save_settings:116 | Skill settings successfully saved to /home/runner/.config/mycroft/skills/mycroft-npr-news.mycroftai/settings.json
2021-10-26 16:00:27.546 | INFO     |  5721 | mycroft.skills.skill_loader:_communicate_load_status:344 | Skill mycroft-npr-news.mycroftai loaded successfully
2021-10-26 16:00:27.546 | INFO     |  5721 | mycroft.skills.skill_loader:load:185 | ATTEMPTING TO LOAD SKILL: mycroft-support-helper.mycroftai
2021-10-26 16:00:27.557 | INFO     |  5721 | mycroft.skills.settings:get_local_settings:83 | /opt/mycroft/skills/mycroft-support-helper.mycroftai/settings.json
2021-10-26 16:00:27.566 | INFO     |  5721 | mycroft.skills.skill_loader:_check_for_first_run:324 | First run of mycroft-support-helper.mycroftai
2021-10-26 16:00:27.566 | INFO     |  5721 | mycroft.skills.settings:save_settings:116 | Skill settings successfully saved to /home/runner/.config/mycroft/skills/mycroft-support-helper.mycroftai/settings.json
2021-10-26 16:00:27.567 | INFO     |  5721 | mycroft.skills.skill_loader:_communicate_load_status:344 | Skill mycroft-support-helper.mycroftai loaded successfully
2021-10-26 16:00:27.567 | INFO     |  5721 | mycroft.skills.skill_loader:load:185 | ATTEMPTING TO LOAD SKILL: mycroft-weather.mycroftai
2021-10-26 16:00:27.587 | INFO     |  5721 | mycroft.skills.settings:get_local_settings:83 | /opt/mycroft/skills/mycroft-weather.mycroftai/settings.json
2021-10-26 16:00:27.790 | INFO     |  5721 | mycroft.skills.skill_loader:_check_for_first_run:324 | First run of mycroft-weather.mycroftai
2021-10-26 16:00:27.796 | INFO     |  5721 | mycroft.skills.settings:save_settings:116 | Skill settings successfully saved to /home/runner/.config/mycroft/skills/mycroft-weather.mycroftai/settings.json
2021-10-26 16:00:27.802 | INFO     |  5721 | mycroft.skills.skill_loader:_communicate_load_status:344 | Skill mycroft-weather.mycroftai loaded successfully
2021-10-26 16:00:27.802 | INFO     |  5721 | mycroft.skills.skill_loader:load:185 | ATTEMPTING TO LOAD SKILL: mycroft-speak.mycroftai
2021-10-26 16:00:27.819 | INFO     |  5721 | mycroft.skills.settings:get_local_settings:83 | /opt/mycroft/skills/mycroft-speak.mycroftai/settings.json
2021-10-26 16:00:27.849 | INFO     |  5721 | mycroft.skills.skill_loader:_check_for_first_run:324 | First run of mycroft-speak.mycroftai
2021-10-26 16:00:27.850 | INFO     |  5721 | mycroft.skills.settings:save_settings:116 | Skill settings successfully saved to /home/runner/.config/mycroft/skills/mycroft-speak.mycroftai/settings.json
2021-10-26 16:00:27.865 | INFO     |  5721 | mycroft.skills.skill_loader:_communicate_load_status:344 | Skill mycroft-speak.mycroftai loaded successfully
2021-10-26 16:00:27.865 | INFO     |  5721 | mycroft.skills.skill_loader:load:185 | ATTEMPTING TO LOAD SKILL: mycroft-audio-record.mycroftai
2021-10-26 16:00:27.870 | INFO     |  5721 | mycroft.skills.settings:get_local_settings:83 | /opt/mycroft/skills/mycroft-audio-record.mycroftai/settings.json
2021-10-26 16:00:27.912 | INFO     |  5721 | mycroft.skills.skill_loader:_check_for_first_run:324 | First run of mycroft-audio-record.mycroftai
2021-10-26 16:00:27.913 | INFO     |  5721 | mycroft.skills.settings:save_settings:116 | Skill settings successfully saved to /home/runner/.config/mycroft/skills/mycroft-audio-record.mycroftai/settings.json
2021-10-26 16:00:27.916 | INFO     |  5721 | mycroft.skills.skill_loader:_communicate_load_status:344 | Skill mycroft-audio-record.mycroftai loaded successfully
2021-10-26 16:00:27.917 | INFO     |  5721 | mycroft.skills.skill_loader:load:185 | ATTEMPTING TO LOAD SKILL: mycroft-stop.mycroftai
2021-10-26 16:00:27.921 | INFO     |  5721 | mycroft.skills.settings:get_local_settings:83 | /opt/mycroft/skills/mycroft-stop.mycroftai/settings.json
2021-10-26 16:00:27.976 | INFO     |  5721 | mycroft.skills.skill_loader:_check_for_first_run:324 | First run of mycroft-stop.mycroftai
2021-10-26 16:00:27.977 | INFO     |  5721 | mycroft.skills.settings:save_settings:116 | Skill settings successfully saved to /home/runner/.config/mycroft/skills/mycroft-stop.mycroftai/settings.json
2021-10-26 16:00:27.982 | INFO     |  5721 | mycroft.skills.skill_loader:_communicate_load_status:344 | Skill mycroft-stop.mycroftai loaded successfully
2021-10-26 16:00:27.983 | INFO     |  5721 | mycroft.skills.skill_loader:load:185 | ATTEMPTING TO LOAD SKILL: mycroft-hello-world.mycroftai
2021-10-26 16:00:27.988 | INFO     |  5721 | mycroft.skills.settings:get_local_settings:83 | /opt/mycroft/skills/mycroft-hello-world.mycroftai/settings.json
2021-10-26 16:00:28.026 | INFO     |  5721 | mycroft.skills.skill_loader:_check_for_first_run:324 | First run of mycroft-hello-world.mycroftai
2021-10-26 16:00:28.027 | INFO     |  5721 | mycroft.skills.settings:save_settings:116 | Skill settings successfully saved to /home/runner/.config/mycroft/skills/mycroft-hello-world.mycroftai/settings.json
2021-10-26 16:00:28.028 | INFO     |  5721 | mycroft.skills.skill_loader:_communicate_load_status:344 | Skill mycroft-hello-world.mycroftai loaded successfully
2021-10-26 16:00:28.029 | INFO     |  5721 | mycroft.skills.skill_loader:load:185 | ATTEMPTING TO LOAD SKILL: mycroft-date-time.mycroftai
2021-10-26 16:00:28.665 | INFO     |  5721 | mycroft.skills.settings:get_local_settings:83 | /opt/mycroft/skills/mycroft-date-time.mycroftai/settings.json
2021-10-26 16:00:28.764 | INFO     |  5721 | TimeSkill | Registering resting screen <bound method TimeSkill.handle_idle of <mycroft-date-time_mycroftai.TimeSkill object at 0x7f25381ab210>> for Time and Date.
2021-10-26 16:00:28.765 | INFO     |  5721 | TimeSkill | Registering resting screen
2021-10-26 16:00:28.774 | INFO     |  5721 | mycroft.skills.skill_loader:_check_for_first_run:324 | First run of mycroft-date-time.mycroftai
2021-10-26 16:00:28.775 | INFO     |  5721 | mycroft.skills.settings:save_settings:116 | Skill settings successfully saved to /home/runner/.config/mycroft/skills/mycroft-date-time.mycroftai/settings.json
2021-10-26 16:00:28.856 | INFO     |  5721 | mycroft.skills.skill_loader:_communicate_load_status:344 | Skill mycroft-date-time.mycroftai loaded successfully
2021-10-26 16:00:28.857 | INFO     |  5721 | mycroft.skills.skill_loader:load:185 | ATTEMPTING TO LOAD SKILL: mycroft-configuration.mycroftai
2021-10-26 16:00:28.864 | INFO     |  5721 | mycroft.skills.settings:get_local_settings:83 | /opt/mycroft/skills/mycroft-configuration.mycroftai/settings.json
2021-10-26 16:00:29.095 | INFO     |  5721 | mycroft.skills.skill_loader:_check_for_first_run:324 | First run of mycroft-configuration.mycroftai
2021-10-26 16:00:29.097 | INFO     |  5721 | mycroft.skills.settings:save_settings:116 | Skill settings successfully saved to /home/runner/.config/mycroft/skills/mycroft-configuration.mycroftai/settings.json
2021-10-26 16:00:29.098 | INFO     |  5721 | mycroft.skills.skill_loader:_communicate_load_status:344 | Skill mycroft-configuration.mycroftai loaded successfully
2021-10-26 16:00:29.109 | INFO     |  5721 | mycroft.skills.skill_loader:load:185 | ATTEMPTING TO LOAD SKILL: fallback-query.mycroftai
2021-10-26 16:00:29.128 | INFO     |  5721 | mycroft.skills.settings:get_local_settings:83 | /opt/mycroft/skills/fallback-query.mycroftai/settings.json
2021-10-26 16:00:29.152 | INFO     |  5721 | mycroft.skills.skill_loader:_check_for_first_run:324 | First run of fallback-query.mycroftai
2021-10-26 16:00:29.153 | INFO     |  5721 | mycroft.skills.settings:save_settings:116 | Skill settings successfully saved to /home/runner/.config/mycroft/skills/fallback-query.mycroftai/settings.json
2021-10-26 16:00:29.155 | INFO     |  5721 | mycroft.skills.skill_loader:_communicate_load_status:344 | Skill fallback-query.mycroftai loaded successfully
2021-10-26 16:00:29.156 | INFO     |  5721 | mycroft.skills.skill_loader:load:185 | ATTEMPTING TO LOAD SKILL: mycroft-personal.mycroftai
2021-10-26 16:00:29.159 | INFO     |  5721 | mycroft.skills.settings:get_local_settings:83 | /opt/mycroft/skills/mycroft-personal.mycroftai/settings.json
2021-10-26 16:00:29.198 | INFO     |  5721 | mycroft.skills.skill_loader:_check_for_first_run:324 | First run of mycroft-personal.mycroftai
2021-10-26 16:00:29.201 | INFO     |  5721 | mycroft.skills.settings:save_settings:116 | Skill settings successfully saved to /home/runner/.config/mycroft/skills/mycroft-personal.mycroftai/settings.json
2021-10-26 16:00:29.205 | INFO     |  5721 | mycroft.skills.skill_loader:_communicate_load_status:344 | Skill mycroft-personal.mycroftai loaded successfully
2021-10-26 16:00:29.206 | INFO     |  5721 | mycroft.skills.skill_loader:load:185 | ATTEMPTING TO LOAD SKILL: fallback-wolfram-alpha.mycroftai
2021-10-26 16:00:29.281 | INFO     |  5721 | mycroft.skills.settings:get_local_settings:83 | /opt/mycroft/skills/fallback-wolfram-alpha.mycroftai/settings.json
2021-10-26 16:00:29.312 | INFO     |  5721 | mycroft.skills.skill_loader:_check_for_first_run:324 | First run of fallback-wolfram-alpha.mycroftai
2021-10-26 16:00:29.315 | INFO     |  5721 | mycroft.skills.settings:save_settings:116 | Skill settings successfully saved to /home/runner/.config/mycroft/skills/fallback-wolfram-alpha.mycroftai/settings.json
2021-10-26 16:00:29.320 | INFO     |  5721 | mycroft.skills.skill_loader:_communicate_load_status:344 | Skill fallback-wolfram-alpha.mycroftai loaded successfully
2021-10-26 16:00:29.321 | INFO     |  5721 | mycroft.skills.skill_loader:load:185 | ATTEMPTING TO LOAD SKILL: mycroft-wiki.mycroftai
2021-10-26 16:00:29.334 | INFO     |  5721 | mycroft.skills.settings:get_local_settings:83 | /opt/mycroft/skills/mycroft-wiki.mycroftai/settings.json
2021-10-26 16:00:29.355 | INFO     |  5721 | mycroft.skills.skill_loader:_check_for_first_run:324 | First run of mycroft-wiki.mycroftai
2021-10-26 16:00:29.356 | INFO     |  5721 | mycroft.skills.settings:save_settings:116 | Skill settings successfully saved to /home/runner/.config/mycroft/skills/mycroft-wiki.mycroftai/settings.json
2021-10-26 16:00:29.358 | INFO     |  5721 | mycroft.skills.skill_loader:_communicate_load_status:344 | Skill mycroft-wiki.mycroftai loaded successfully
2021-10-26 16:00:29.359 | INFO     |  5721 | mycroft.skills.skill_loader:load:185 | ATTEMPTING TO LOAD SKILL: fallback-unknown.mycroftai
2021-10-26 16:00:29.366 | INFO     |  5721 | mycroft.skills.settings:get_local_settings:83 | /opt/mycroft/skills/fallback-unknown.mycroftai/settings.json
2021-10-26 16:00:29.395 | INFO     |  5721 | mycroft.skills.skill_loader:_check_for_first_run:324 | First run of fallback-unknown.mycroftai
2021-10-26 16:00:29.401 | INFO     |  5721 | mycroft.skills.settings:save_settings:116 | Skill settings successfully saved to /home/runner/.config/mycroft/skills/fallback-unknown.mycroftai/settings.json
2021-10-26 16:00:29.403 | INFO     |  5721 | mycroft.skills.skill_loader:_communicate_load_status:344 | Skill fallback-unknown.mycroftai loaded successfully
2021-10-26 16:00:29.404 | INFO     |  5721 | mycroft.skills.skill_loader:load:185 | ATTEMPTING TO LOAD SKILL: mycroft-playback-control.mycroftai
2021-10-26 16:00:29.421 | INFO     |  5721 | mycroft.skills.settings:get_local_settings:83 | /opt/mycroft/skills/mycroft-playback-control.mycroftai/settings.json
2021-10-26 16:00:29.553 | INFO     |  5721 | mycroft.skills.skill_loader:_check_for_first_run:324 | First run of mycroft-playback-control.mycroftai
2021-10-26 16:00:29.555 | INFO     |  5721 | mycroft.skills.settings:save_settings:116 | Skill settings successfully saved to /home/runner/.config/mycroft/skills/mycroft-playback-control.mycroftai/settings.json
2021-10-26 16:00:29.559 | INFO     |  5721 | mycroft.skills.skill_loader:_communicate_load_status:344 | Skill mycroft-playback-control.mycroftai loaded successfully
2021-10-26 16:00:29.561 | INFO     |  5721 | mycroft.skills.skill_manager:_load_on_startup:275 | Skills all loaded!
2021-10-26 16:00:29.627 | INFO     |  5721 | mycroft.skills.intent_services.padatious_service:train:151 | Training... (single_thread=False)
2021-10-26 16:00:29.656 | INFO     |  5721 | __main__:on_ready:185 | Skills service is ready.
Regenerated mycroft-alarm.mycroftai:{daytype}.
Regenerated mycroft-reminder.mycroftai:UnspecifiedReminderAt.intent.
Regenerated mycroft-installer.mycroftai:install.beta.intent.
Regenerated mycroft-installer.mycroftai:is.installed.intent.
Regenerated mycroft-installer.mycroftai:remove.intent.
Regenerated mycroft-installer.mycroftai:install.intent.
Regenerated mycroft-installer.mycroftai:install.custom.intent.
Regenerated mycroft-installer.mycroftai:list.skills.intent.
Regenerated mycroft-timer.mycroftai:start.timer.intent.
Regenerated mycroft-timer.mycroftai:timer.status.intent.
Regenerated homeassistant.mycroftai:turn.off.intent.
Regenerated homeassistant.mycroftai:home.assistant.close.intent.
Regenerated homeassistant.mycroftai:toggle.intent.
Regenerated homeassistant.mycroftai:set.climate.intent.
Regenerated homeassistant.mycroftai:cover.open.intent.
Regenerated homeassistant.mycroftai:add.item.shopping.list.intent.
Regenerated homeassistant.mycroftai:cover.close.intent.
Regenerated homeassistant.mycroftai:tracker.intent.
Regenerated mycroft-alarm.mycroftai:change.alarm.sound.intent.
Regenerated mycroft-alarm.mycroftai:snooze.intent.
Regenerated mycroft-npr-news.mycroftai:PlayTheNews.intent.
Regenerated mycroft-support-helper.mycroftai:contact.support.intent.
Regenerated mycroft-weather.mycroftai:do-i-need-an-umbrella.intent.
Regenerated mycroft-audio-record.mycroftai:StartRecording.intent.
Regenerated mycroft-stop.mycroftai:shutdown.intent.
Regenerated mycroft-hello-world.mycroftai:HowAreYou.intent.
Regenerated mycroft-stop.mycroftai:reboot.intent.
Regenerated mycroft-stop.mycroftai:ssh.enable.intent.
Regenerated mycroft-stop.mycroftai:wifi.setup.intent.
Regenerated mycroft-audio-record.mycroftai:PlayRecording.intent.
Regenerated mycroft-stop.mycroftai:ssh.disable.intent.
Regenerated mycroft-date-time.mycroftai:date.last.weekend.intent.
Regenerated mycroft-date-time.mycroftai:what.time.is.it.intent.
Regenerated mycroft-date-time.mycroftai:what.time.will.it.be.intent.
Regenerated mycroft-date-time.mycroftai:date.future.weekend.intent.
Regenerated mycroft-configuration.mycroftai:WhereAreYou.intent.
Regenerated mycroft-configuration.mycroftai:DisablePreciseDev.intent.
Regenerated mycroft-configuration.mycroftai:EnablePreciseDev.intent.
Regenerated mycroft-personal.mycroftai:WhereWereYouBorn.intent.
Regenerated mycroft-personal.mycroftai:WhoAreYou.intent.
Regenerated mycroft-personal.mycroftai:WhenWereYouBorn.intent.
Regenerated mycroft-reminder.mycroftai:GetNextReminders.intent.
Regenerated mycroft-reminder.mycroftai:GetRemindersForDay.intent.
Regenerated mycroft-reminder.mycroftai:DeleteReminderForDay.intent.
Regenerated mycroft-reminder.mycroftai:CancelActiveReminder.intent.
Regenerated mycroft-reminder.mycroftai:SnoozeReminder.intent.
Regenerated mycroft-reminder.mycroftai:ReminderAt.intent.
Regenerated mycroft-reminder.mycroftai:ClearReminders.intent.
Regenerated mycroft-reminder.mycroftai:Reminder.intent.
Regenerated homeassistant.mycroftai:decrease.light.brightness.intent.
Regenerated homeassistant.mycroftai:automation.intent.
Regenerated homeassistant.mycroftai:sensor.intent.
Regenerated homeassistant.mycroftai:set.light.brightness.intent.
Regenerated homeassistant.mycroftai:home.assistant.open.intent.
Regenerated homeassistant.mycroftai:increase.light.brightness.intent.
Regenerated homeassistant.mycroftai:cover.stop.intent.
Regenerated homeassistant.mycroftai:turn.on.intent.
Regenerated mycroft-personal.mycroftai:WhatAreYou.intent.
Regenerated mycroft-personal.mycroftai:DoYouDream.intent.
Regenerated mycroft-personal.mycroftai:WhoMadeYou.intent.
Regenerated mycroft-personal.mycroftai:DoYouRhyme.intent.
Regenerated mycroft-wiki.mycroftai:Random.intent.
2021-10-26 16:00:35.208 | INFO     |  5721 | mycroft.skills.intent_services.padatious_service:train:153 | Training complete.
2021-10-26 16:00:40.960 | INFO     |  5721 | mycroft.skills.settings:save_settings:116 | Skill settings successfully saved to /home/runner/.config/mycroft/skills/mycroft-pairing.mycroftai/settings.json
2021-10-26 16:00:41.264 | INFO     |  5721 | mycroft.skills.settings:save_settings:116 | Skill settings successfully saved to /home/runner/.config/mycroft/skills/mycroft-timer.mycroftai/settings.json
2021-10-26 16:01:09.849 | INFO     |  5721 | __main__:on_stopping:193 | Skills service is shutting down...
2021-10-26 16:01:09.849 | INFO     |  5721 | __main__:shutdown:284 | Shutting down Skills service
2021-10-26 16:01:10.129 | ERROR    |  5721 | VolumeSkill | Couldn't allocate mixer, ALSAAudioError('No such file or directory [default]')
2021-10-26 16:01:10.130 | INFO     |  5721 | mycroft.skills.settings:save_settings:116 | Skill settings successfully saved to /home/runner/.config/mycroft/skills/mycroft-volume.mycroftai/settings.json
2021-10-26 16:01:10.134 | INFO     |  5721 | mycroft.skills.settings:save_settings:116 | Skill settings successfully saved to /home/runner/.config/mycroft/skills/mycroft-ip.mycroftai/settings.json
2021-10-26 16:01:10.145 | INFO     |  5721 | mycroft.skills.settings:save_settings:116 | Skill settings successfully saved to /home/runner/.config/mycroft/skills/mycroft-reminder.mycroftai/settings.json
2021-10-26 16:01:10.157 | INFO     |  5721 | mycroft.skills.settings:save_settings:116 | Skill settings successfully saved to /home/runner/.config/mycroft/skills/mycroft-installer.mycroftai/settings.json
2021-10-26 16:01:10.164 | INFO     |  5721 | mycroft.skills.settings:save_settings:116 | Skill settings successfully saved to /home/runner/.config/mycroft/skills/mycroft-version-checker.mycroftai/settings.json
2021-10-26 16:01:10.167 | INFO     |  5721 | mycroft.skills.settings:save_settings:116 | Skill settings successfully saved to /home/runner/.config/mycroft/skills/mycroft-singing.mycroftai/settings.json
2021-10-26 16:01:10.173 | INFO     |  5721 | mycroft.skills.settings:save_settings:116 | Skill settings successfully saved to /home/runner/.config/mycroft/skills/mycroft-joke.mycroftai/settings.json
2021-10-26 16:01:10.186 | INFO     |  5721 | HomeAssistantSkill | Removing all handlers...
2021-10-26 16:01:10.186 | WARNING  |  5721 | mycroft.skills.fallback_skill:remove_fallback:185 | Could not find matching fallback handler
2021-10-26 16:01:10.187 | INFO     |  5721 | mycroft.skills.settings:save_settings:116 | Skill settings successfully saved to /home/runner/.config/mycroft/skills/mycroft-alarm.mycroftai/settings.json
2021-10-26 16:01:10.189 | INFO     |  5721 | mycroft.skills.settings:save_settings:116 | Skill settings successfully saved to /home/runner/.config/mycroft/skills/mycroft-naptime.mycroftai/settings.json
2021-10-26 16:01:10.190 | INFO     |  5721 | mycroft.skills.settings:save_settings:116 | Skill settings successfully saved to /home/runner/.config/mycroft/skills/mycroft-spelling.mycroftai/settings.json
2021-10-26 16:01:10.191 | INFO     |  5721 | mycroft.skills.settings:save_settings:116 | Skill settings successfully saved to /home/runner/.config/mycroft/skills/mycroft-fallback-duck-duck-go.mycroftai/settings.json
2021-10-26 16:01:10.198 | INFO     |  5721 | mycroft.skills.settings:save_settings:116 | Skill settings successfully saved to /home/runner/.config/mycroft/skills/mycroft-npr-news.mycroftai/settings.json
2021-10-26 16:01:10.217 | INFO     |  5721 | mycroft.skills.settings:save_settings:116 | Skill settings successfully saved to /home/runner/.config/mycroft/skills/mycroft-support-helper.mycroftai/settings.json
2021-10-26 16:01:10.219 | INFO     |  5721 | mycroft.skills.settings:save_settings:116 | Skill settings successfully saved to /home/runner/.config/mycroft/skills/mycroft-weather.mycroftai/settings.json
2021-10-26 16:01:10.226 | INFO     |  5721 | mycroft.skills.settings:save_settings:116 | Skill settings successfully saved to /home/runner/.config/mycroft/skills/mycroft-speak.mycroftai/settings.json
2021-10-26 16:01:10.233 | INFO     |  5721 | mycroft.skills.settings:save_settings:116 | Skill settings successfully saved to /home/runner/.config/mycroft/skills/mycroft-audio-record.mycroftai/settings.json
2021-10-26 16:01:10.235 | INFO     |  5721 | mycroft.skills.settings:save_settings:116 | Skill settings successfully saved to /home/runner/.config/mycroft/skills/mycroft-stop.mycroftai/settings.json
2021-10-26 16:01:10.237 | INFO     |  5721 | mycroft.skills.settings:save_settings:116 | Skill settings successfully saved to /home/runner/.config/mycroft/skills/mycroft-hello-world.mycroftai/settings.json
2021-10-26 16:01:10.245 | INFO     |  5721 | mycroft.skills.settings:save_settings:116 | Skill settings successfully saved to /home/runner/.config/mycroft/skills/mycroft-date-time.mycroftai/settings.json
2021-10-26 16:01:10.249 | INFO     |  5721 | mycroft.skills.settings:save_settings:116 | Skill settings successfully saved to /home/runner/.config/mycroft/skills/mycroft-configuration.mycroftai/settings.json
2021-10-26 16:01:10.251 | INFO     |  5721 | QuestionsAnswersSkill | Removing all handlers...
2021-10-26 16:01:10.263 | INFO     |  5721 | mycroft.skills.settings:save_settings:116 | Skill settings successfully saved to /home/runner/.config/mycroft/skills/fallback-query.mycroftai/settings.json
2021-10-26 16:01:10.266 | INFO     |  5721 | mycroft.skills.settings:save_settings:116 | Skill settings successfully saved to /home/runner/.config/mycroft/skills/mycroft-personal.mycroftai/settings.json
2021-10-26 16:01:10.274 | INFO     |  5721 | mycroft.skills.settings:save_settings:116 | Skill settings successfully saved to /home/runner/.config/mycroft/skills/fallback-wolfram-alpha.mycroftai/settings.json
2021-10-26 16:01:10.277 | INFO     |  5721 | mycroft.skills.settings:save_settings:116 | Skill settings successfully saved to /home/runner/.config/mycroft/skills/mycroft-wiki.mycroftai/settings.json
2021-10-26 16:01:10.278 | INFO     |  5721 | UnknownSkill | Removing all handlers...
2021-10-26 16:01:10.279 | INFO     |  5721 | mycroft.skills.settings:save_settings:116 | Skill settings successfully saved to /home/runner/.config/mycroft/skills/fallback-unknown.mycroftai/settings.json
2021-10-26 16:01:10.281 | INFO     |  5721 | mycroft.skills.settings:save_settings:116 | Skill settings successfully saved to /home/runner/.config/mycroft/skills/mycroft-playback-control.mycroftai/settings.json
2021-10-26 16:01:11.282 | INFO     |  5721 | Playback Control Skill | Audio service status: {}
2021-10-26 16:01:12.283 | WARNING  |  5721 | mycroft.skills.skill_manager:_shutdown_skill:106 | mycroft-playback-control.mycroftai shutdown took 2.0027521260000185 seconds
2021-10-26 16:01:12.284 | INFO     |  5721 | __main__:shutdown:291 | Skills service shutdown complete!
2021-10-26 16:01:14.893 | ERROR    |  5721 | websocket | error from callback <bound method MessageBusClient.on_message of <mycroft.messagebus.client.client.MessageBusClient object at 0x7f254a81cb90>>: cannot schedule new futures after shutdown
2021-10-26 16:01:14.895 | ERROR    |  5721 | websocket | error from callback <bound method MessageBusClient.on_message of <mycroft.messagebus.client.client.MessageBusClient object at 0x7f254a81cb90>>: cannot schedule new futures after shutdown
2021-10-26 16:01:14.896 | ERROR    |  5721 | websocket | error from callback <bound method MessageBusClient.on_message of <mycroft.messagebus.client.client.MessageBusClient object at 0x7f254a81cb90>>: cannot schedule new futures after shutdown
2021-10-26 16:01:14.898 | ERROR    |  5721 | websocket | error from callback <bound method MessageBusClient.on_message of <mycroft.messagebus.client.client.MessageBusClient object at 0x7f254a81cb90>>: cannot schedule new futures after shutdown
2021-10-26 16:01:14.899 | ERROR    |  5721 | websocket | error from callback <bound method MessageBusClient.on_message of <mycroft.messagebus.client.client.MessageBusClient object at 0x7f254a81cb90>>: cannot schedule new futures after shutdown
