2021-10-26 16:15:43.379 | INFO     |  5690 | mycroft.messagebus.load_config:load_message_bus_config:33 | Loading message bus configs
2021-10-26 16:15:43.388 | INFO     |  5690 | mycroft_bus_client.client.client | Connected
2021-10-26 16:15:43.389 | INFO     |  5690 | mycroft.util.process_utils:start_message_bus_client:155 | Connected to messagebus
2021-10-26 16:15:43.393 | INFO     |  5690 | mycroft.skills.msm_wrapper:create_msm:96 | Acquiring lock to instantiate MSM
2021-10-26 16:15:44.848 | INFO     |  5690 | msm.mycroft_skills_manager | building SkillEntry objects for all skills
2021-10-26 16:15:45.686 | INFO     |  5690 | mycroft.skills.msm_wrapper:create_msm:112 | Releasing MSM instantiation lock.
2021-10-26 16:15:45.687 | INFO     |  5690 | mycroft.skills.skill_updater:_log_next_download_time:267 | Next scheduled skill update: 2021-10-26 16:15:44.686766
2021-10-26 16:15:45.687 | INFO     |  5690 | msm.skill_entry | Downloading skill: https://github.com/mycroftai/skill-pairing
2021-10-26 16:15:47.297 | INFO     |  5690 | msm.skill_entry | Installing system requirements...
2021-10-26 16:15:47.306 | INFO     |  5690 | msm.skill_entry | Successfully installed mycroft-pairing
2021-10-26 16:15:47.306 | INFO     |  5690 | msm.mycroft_skills_manager | invalidating skills cache
2021-10-26 16:15:47.307 | INFO     |  5690 | mycroft.skills.skill_loader:load:185 | ATTEMPTING TO LOAD SKILL: mycroft-pairing.mycroftai
2021-10-26 16:15:47.314 | INFO     |  5690 | mycroft.skills.settings:get_local_settings:83 | /opt/mycroft/skills/mycroft-pairing.mycroftai/settings.json
2021-10-26 16:15:47.321 | INFO     |  5690 | mycroft.skills.skill_loader:_check_for_first_run:324 | First run of mycroft-pairing.mycroftai
2021-10-26 16:15:47.322 | INFO     |  5690 | mycroft.skills.settings:save_settings:116 | Skill settings successfully saved to /home/runner/.config/mycroft/skills/mycroft-pairing.mycroftai/settings.json
2021-10-26 16:15:47.323 | INFO     |  5690 | mycroft.skills.skill_loader:_communicate_load_status:344 | Skill mycroft-pairing.mycroftai loaded successfully
2021-10-26 16:15:47.323 | INFO     |  5690 | msm.skill_entry | Downloading skill: https://github.com/mycroftai/skill-volume
2021-10-26 16:15:47.598 | INFO     |  5690 | msm.skill_entry | Installing system requirements...
2021-10-26 16:15:47.607 | INFO     |  5690 | msm.skill_entry | Installing requirements.txt for mycroft-volume
2021-10-26 16:15:48.459 | INFO     |  5690 | msm.skill_entry | Successfully installed mycroft-volume
2021-10-26 16:15:48.459 | INFO     |  5690 | msm.mycroft_skills_manager | invalidating skills cache
2021-10-26 16:15:48.460 | INFO     |  5690 | mycroft.skills.skill_loader:load:185 | ATTEMPTING TO LOAD SKILL: mycroft-volume.mycroftai
2021-10-26 16:15:48.467 | INFO     |  5690 | mycroft.skills.settings:get_local_settings:83 | /opt/mycroft/skills/mycroft-volume.mycroftai/settings.json
2021-10-26 16:15:48.591 | ERROR    |  5690 | VolumeSkill | Couldn't allocate mixer, ALSAAudioError('No such file or directory [default]')
2021-10-26 16:15:51.592 | INFO     |  5690 | mycroft.skills.skill_loader:_check_for_first_run:324 | First run of mycroft-volume.mycroftai
2021-10-26 16:15:51.593 | INFO     |  5690 | mycroft.skills.settings:save_settings:116 | Skill settings successfully saved to /home/runner/.config/mycroft/skills/mycroft-volume.mycroftai/settings.json
2021-10-26 16:15:51.855 | INFO     |  5690 | mycroft.skills.skill_loader:_communicate_load_status:344 | Skill mycroft-volume.mycroftai loaded successfully
2021-10-26 16:15:51.855 | INFO     |  5690 | __main__:on_started:177 | Skills service is starting up.
2021-10-26 16:15:51.899 | INFO     |  5690 | __main__:_update_system:154 | Attempting system update...
2021-10-26 16:15:54.903 | INFO     |  5690 | mycroft.enclosure.display_manager:_write_data:70 | Display Manager is creating /tmp/mycroft/ipc/managers/disp_info
2021-10-26 16:15:54.904 | INFO     |  5690 | __main__:_ensure_device_is_paired:133 | Device not paired, invoking the pairing skill
2021-10-26 16:15:54.907 | INFO     |  5690 | __main__:on_alive:181 | Skills service is alive.
2021-10-26 16:15:54.914 | INFO     |  5690 | msm.mycroft_skills_manager | building SkillEntry objects for all skills
2021-10-26 16:15:55.092 | INFO     |  5690 | PairingSkill | Communicating account URL to user
2021-10-26 16:15:55.164 | WARNING  |  5690 | msm.mycroft_skills_manager | No such default skill: mycroft-pandora
2021-10-26 16:15:55.166 | INFO     |  5690 | mycroft.skills.skill_manager:run:234 | Not all default skills are installed, performing skill update...
2021-10-26 16:15:55.166 | INFO     |  5690 | mycroft.skills.skill_updater:update_skills:149 | Beginning skill update...
2021-10-26 16:15:55.208 | INFO     |  5690 | msm.mycroft_skills_manager | building SkillEntry objects for all skills
2021-10-26 16:15:55.404 | INFO     |  5690 | msm.mycroft_skills_manager | invalidating skills cache
2021-10-26 16:15:55.421 | INFO     |  5690 | msm.skill_entry | Downloading skill: https://github.com/mycroftai/fallback-unknown
2021-10-26 16:15:55.426 | INFO     |  5690 | msm.skill_entry | Downloading skill: https://github.com/mycroftai/fallback-wolfram-alpha
2021-10-26 16:15:55.432 | INFO     |  5690 | msm.skill_entry | Downloading skill: https://github.com/mycroftai/skill-alarm
2021-10-26 16:15:55.448 | INFO     |  5690 | msm.skill_entry | Downloading skill: https://github.com/mycroftai/skill-audio-record
2021-10-26 16:15:55.452 | INFO     |  5690 | msm.skill_entry | Downloading skill: https://github.com/mycroftai/fallback-duckduckgo
2021-10-26 16:15:55.457 | INFO     |  5690 | msm.skill_entry | Downloading skill: https://github.com/mycroftai/skill-hello-world
2021-10-26 16:15:55.458 | INFO     |  5690 | msm.skill_entry | Downloading skill: https://github.com/mycroftai/skill-installer
2021-10-26 16:15:55.459 | INFO     |  5690 | msm.skill_entry | Downloading skill: https://github.com/mycroftai/skill-ip
2021-10-26 16:15:55.461 | INFO     |  5690 | msm.skill_entry | Downloading skill: https://github.com/mycroftai/skill-date-time
2021-10-26 16:15:55.462 | INFO     |  5690 | msm.skill_entry | Downloading skill: https://github.com/mycroftai/skill-configuration
2021-10-26 16:15:55.470 | INFO     |  5690 | msm.skill_entry | Downloading skill: https://github.com/mycroftai/skill-naptime
2021-10-26 16:15:55.470 | INFO     |  5690 | msm.skill_entry | Downloading skill: https://github.com/mycroftai/skill-npr-news
2021-10-26 16:15:55.471 | INFO     |  5690 | msm.skill_entry | Downloading skill: https://github.com/mycroftai/skill-personal
2021-10-26 16:15:55.472 | INFO     |  5690 | msm.skill_entry | Downloading skill: https://github.com/mycroftai/skill-playback-control
2021-10-26 16:15:55.473 | INFO     |  5690 | msm.skill_entry | Downloading skill: https://github.com/mycroftai/skill-reminder
2021-10-26 16:15:55.473 | INFO     |  5690 | msm.skill_entry | Downloading skill: https://github.com/mycroftai/skill-singing
2021-10-26 16:15:55.486 | INFO     |  5690 | msm.skill_entry | Downloading skill: https://github.com/mycroftai/skill-joke
2021-10-26 16:15:56.267 | INFO     |  5690 | msm.skill_entry | Installing system requirements...
2021-10-26 16:15:56.277 | INFO     |  5690 | msm.skill_entry | Installing system requirements...
2021-10-26 16:15:56.339 | INFO     |  5690 | msm.skill_entry | Successfully installed mycroft-naptime
2021-10-26 16:15:56.340 | INFO     |  5690 | msm.mycroft_skills_manager | invalidating skills cache
2021-10-26 16:15:56.341 | INFO     |  5690 | msm.skill_entry | Downloading skill: https://github.com/mycroftai/skill-speak
2021-10-26 16:15:56.424 | INFO     |  5690 | msm.skill_entry | Successfully installed mycroft-playback-control
2021-10-26 16:15:56.425 | INFO     |  5690 | msm.mycroft_skills_manager | invalidating skills cache
2021-10-26 16:15:56.425 | INFO     |  5690 | msm.skill_entry | Downloading skill: https://github.com/mycroftai/skill-spelling
2021-10-26 16:15:56.502 | INFO     |  5690 | msm.skill_entry | Installing system requirements...
2021-10-26 16:15:56.555 | INFO     |  5690 | msm.skill_entry | Installing system requirements...
2021-10-26 16:15:56.611 | INFO     |  5690 | msm.skill_entry | Installing system requirements...
2021-10-26 16:15:56.656 | INFO     |  5690 | msm.skill_entry | Installing system requirements...
2021-10-26 16:15:56.677 | INFO     |  5690 | msm.skill_entry | Installing system requirements...
2021-10-26 16:15:56.682 | INFO     |  5690 | msm.skill_entry | Installing system requirements...
2021-10-26 16:15:56.693 | INFO     |  5690 | msm.skill_entry | Installing requirements.txt for fallback-wolfram-alpha
2021-10-26 16:15:56.708 | INFO     |  5690 | msm.skill_entry | Installing requirements.txt for mycroft-audio-record
2021-10-26 16:15:56.715 | ERROR    |  5690 | msm.mycroft_skills_manager | Error running install_or_update on homeassistant.mycroftai: MergeConflict
2021-10-26 16:15:56.716 | INFO     |  5690 | msm.skill_entry | Downloading skill: https://github.com/mycroftai/skill-stop
2021-10-26 16:15:56.753 | INFO     |  5690 | msm.skill_entry | Installing requirements.txt for mycroft-configuration
2021-10-26 16:15:56.784 | INFO     |  5690 | msm.skill_entry | Successfully installed mycroft-personal
2021-10-26 16:15:56.784 | INFO     |  5690 | msm.mycroft_skills_manager | invalidating skills cache
2021-10-26 16:15:56.797 | INFO     |  5690 | msm.skill_entry | Downloading skill: https://github.com/mycroftai/skill-support
2021-10-26 16:15:56.845 | INFO     |  5690 | msm.skill_entry | Installing requirements.txt for mycroft-joke
2021-10-26 16:15:56.846 | INFO     |  5690 | msm.skill_entry | Successfully installed mycroft-hello-world
2021-10-26 16:15:56.846 | INFO     |  5690 | msm.mycroft_skills_manager | invalidating skills cache
2021-10-26 16:15:56.847 | INFO     |  5690 | msm.skill_entry | Downloading skill: https://github.com/mycroftai/mycroft-timer
2021-10-26 16:15:56.870 | INFO     |  5690 | msm.skill_entry | Installing system requirements...
2021-10-26 16:15:56.933 | INFO     |  5690 | msm.skill_entry | Installing system requirements...
2021-10-26 16:15:56.974 | INFO     |  5690 | msm.skill_entry | Installing requirements.txt for mycroft-ip
2021-10-26 16:15:57.030 | INFO     |  5690 | msm.skill_entry | Successfully installed fallback-unknown
2021-10-26 16:15:57.031 | INFO     |  5690 | msm.mycroft_skills_manager | invalidating skills cache
2021-10-26 16:15:57.032 | INFO     |  5690 | msm.skill_entry | Downloading skill: https://github.com/mycroftai/skill-weather
2021-10-26 16:15:57.151 | INFO     |  5690 | msm.skill_entry | Nothing new for mycroft-volume
2021-10-26 16:15:57.202 | INFO     |  5690 | msm.skill_entry | Installing system requirements...
2021-10-26 16:15:57.241 | INFO     |  5690 | msm.skill_entry | Installing system requirements...
2021-10-26 16:15:57.294 | INFO     |  5690 | msm.skill_entry | Nothing new for mycroft-pairing
2021-10-26 16:15:57.326 | INFO     |  5690 | msm.skill_entry | Installing requirements.txt for mycroft-date-time
2021-10-26 16:15:57.348 | INFO     |  5690 | msm.skill_entry | Installing system requirements...
2021-10-26 16:15:57.383 | INFO     |  5690 | msm.skill_entry | Installing system requirements...
2021-10-26 16:15:57.389 | INFO     |  5690 | msm.skill_entry | Installing system requirements...
2021-10-26 16:15:57.402 | INFO     |  5690 | msm.skill_entry | Installing requirements.txt for mycroft-volume
2021-10-26 16:15:57.413 | INFO     |  5690 | msm.skill_entry | Installing system requirements...
2021-10-26 16:15:57.442 | INFO     |  5690 | msm.skill_entry | Installing system requirements...
2021-10-26 16:15:57.454 | INFO     |  5690 | msm.skill_entry | Downloading skill: https://github.com/mycroftai/skill-version-checker
2021-10-26 16:15:57.461 | INFO     |  5690 | msm.skill_entry | Successfully installed mycroft-speak
2021-10-26 16:15:57.462 | INFO     |  5690 | msm.mycroft_skills_manager | invalidating skills cache
2021-10-26 16:15:57.463 | INFO     |  5690 | msm.skill_entry | Downloading skill: https://github.com/mycroftai/skill-wiki
2021-10-26 16:15:57.472 | INFO     |  5690 | msm.skill_entry | Successfully installed mycroft-spelling
2021-10-26 16:15:57.476 | INFO     |  5690 | msm.mycroft_skills_manager | invalidating skills cache
2021-10-26 16:15:57.487 | INFO     |  5690 | msm.skill_entry | Downloading skill: https://github.com/MycroftAI/skill-query
2021-10-26 16:15:57.518 | INFO     |  5690 | msm.skill_entry | Installing requirements.txt for mycroft-support-helper
2021-10-26 16:15:57.522 | INFO     |  5690 | msm.skill_entry | Installing requirements.txt for mycroft-fallback-duck-duck-go
2021-10-26 16:15:57.618 | INFO     |  5690 | msm.skill_entry | Installing system requirements...
2021-10-26 16:15:57.698 | INFO     |  5690 | msm.skill_entry | Installing requirements.txt for mycroft-alarm
2021-10-26 16:15:57.747 | INFO     |  5690 | msm.skill_entry | Installing system requirements...
2021-10-26 16:15:57.765 | INFO     |  5690 | msm.skill_entry | Installing system requirements...
2021-10-26 16:15:57.774 | INFO     |  5690 | msm.skill_entry | Installing requirements.txt for mycroft-installer
2021-10-26 16:15:57.811 | INFO     |  5690 | msm.skill_entry | Successfully installed mycroft-reminder
2021-10-26 16:15:57.811 | INFO     |  5690 | msm.mycroft_skills_manager | invalidating skills cache
2021-10-26 16:15:57.991 | ERROR    |  5690 | msm.mycroft_skills_manager | Error running install_or_update on homeassistant: MergeConflict
2021-10-26 16:15:58.455 | INFO     |  5690 | msm.skill_entry | Installing system requirements...
2021-10-26 16:15:58.538 | INFO     |  5690 | msm.skill_entry | Successfully installed mycroft-timer
2021-10-26 16:15:58.539 | INFO     |  5690 | msm.mycroft_skills_manager | invalidating skills cache
2021-10-26 16:15:58.549 | INFO     |  5690 | msm.skill_entry | Installing system requirements...
2021-10-26 16:15:58.573 | INFO     |  5690 | msm.skill_entry | Successfully installed fallback-query
2021-10-26 16:15:58.573 | INFO     |  5690 | msm.mycroft_skills_manager | invalidating skills cache
2021-10-26 16:15:58.597 | INFO     |  5690 | msm.skill_entry | Installing system requirements...
2021-10-26 16:15:58.612 | INFO     |  5690 | msm.skill_entry | Successfully installed mycroft-version-checker
2021-10-26 16:15:58.612 | INFO     |  5690 | msm.mycroft_skills_manager | invalidating skills cache
2021-10-26 16:15:58.656 | INFO     |  5690 | msm.skill_entry | Installing system requirements...
2021-10-26 16:15:58.672 | INFO     |  5690 | msm.skill_entry | Installing requirements.txt for mycroft-weather
2021-10-26 16:15:58.701 | INFO     |  5690 | msm.skill_entry | Installing system requirements...
2021-10-26 16:15:58.718 | INFO     |  5690 | msm.skill_entry | Successfully installed mycroft-stop
2021-10-26 16:15:58.718 | INFO     |  5690 | msm.mycroft_skills_manager | invalidating skills cache
2021-10-26 16:15:58.787 | INFO     |  5690 | msm.skill_entry | Installing system requirements...
2021-10-26 16:15:58.809 | INFO     |  5690 | msm.skill_entry | Successfully installed mycroft-singing
2021-10-26 16:15:58.809 | INFO     |  5690 | msm.mycroft_skills_manager | invalidating skills cache
2021-10-26 16:15:59.817 | INFO     |  5690 | msm.skill_entry | Installing system requirements...
2021-10-26 16:15:59.840 | INFO     |  5690 | msm.skill_entry | Installing requirements.txt for mycroft-wiki
2021-10-26 16:16:00.984 | INFO     |  5690 | msm.skill_entry | Installing system requirements...
2021-10-26 16:16:01.014 | INFO     |  5690 | msm.skill_entry | Installing requirements.txt for mycroft-npr-news
2021-10-26 16:16:01.822 | INFO     |  5690 | msm.skill_entry | Successfully installed fallback-wolfram-alpha
2021-10-26 16:16:01.822 | INFO     |  5690 | msm.mycroft_skills_manager | invalidating skills cache
2021-10-26 16:16:02.652 | INFO     |  5690 | msm.skill_entry | Successfully installed mycroft-audio-record
2021-10-26 16:16:02.652 | INFO     |  5690 | msm.mycroft_skills_manager | invalidating skills cache
2021-10-26 16:16:04.723 | INFO     |  5690 | msm.skill_entry | Successfully installed mycroft-configuration
2021-10-26 16:16:04.724 | INFO     |  5690 | msm.mycroft_skills_manager | invalidating skills cache
2021-10-26 16:16:05.584 | INFO     |  5690 | msm.skill_entry | Successfully installed mycroft-joke
2021-10-26 16:16:05.584 | INFO     |  5690 | msm.mycroft_skills_manager | invalidating skills cache
2021-10-26 16:16:06.321 | INFO     |  5690 | msm.skill_entry | Successfully installed mycroft-ip
2021-10-26 16:16:06.322 | INFO     |  5690 | msm.mycroft_skills_manager | invalidating skills cache
2021-10-26 16:16:20.211 | INFO     |  5690 | msm.skill_entry | Successfully installed mycroft-date-time
2021-10-26 16:16:20.212 | INFO     |  5690 | msm.mycroft_skills_manager | invalidating skills cache
2021-10-26 16:16:22.725 | INFO     |  5690 | msm.skill_entry | Successfully installed mycroft-support-helper
2021-10-26 16:16:22.726 | INFO     |  5690 | msm.mycroft_skills_manager | invalidating skills cache
2021-10-26 16:16:23.796 | INFO     |  5690 | msm.skill_entry | Successfully installed mycroft-fallback-duck-duck-go
2021-10-26 16:16:23.796 | INFO     |  5690 | msm.mycroft_skills_manager | invalidating skills cache
2021-10-26 16:16:24.749 | INFO     |  5690 | msm.skill_entry | Successfully installed mycroft-alarm
2021-10-26 16:16:24.749 | INFO     |  5690 | msm.mycroft_skills_manager | invalidating skills cache
2021-10-26 16:16:25.428 | INFO     |  5690 | PairingSkill | Initiating device pairing sequence...
2021-10-26 16:16:25.428 | INFO     |  5690 | PairingSkill | Retrieving pairing code from device API...
2021-10-26 16:16:25.679 | INFO     |  5690 | PairingSkill | Pairing code obtained: 7TLLE3
2021-10-26 16:16:25.679 | INFO     |  5690 | PairingSkill | Communicating pairing URL to user
2021-10-26 16:16:25.714 | INFO     |  5690 | msm.skill_entry | Successfully installed mycroft-installer
2021-10-26 16:16:25.714 | INFO     |  5690 | msm.mycroft_skills_manager | invalidating skills cache
2021-10-26 16:16:26.656 | INFO     |  5690 | msm.skill_entry | Successfully installed mycroft-weather
2021-10-26 16:16:26.659 | INFO     |  5690 | msm.mycroft_skills_manager | invalidating skills cache
2021-10-26 16:16:28.663 | INFO     |  5690 | msm.skill_entry | Successfully installed mycroft-wiki
2021-10-26 16:16:28.664 | INFO     |  5690 | msm.mycroft_skills_manager | invalidating skills cache
2021-10-26 16:16:32.405 | INFO     |  5690 | msm.skill_entry | Successfully installed mycroft-npr-news
2021-10-26 16:16:32.406 | INFO     |  5690 | msm.mycroft_skills_manager | invalidating skills cache
2021-10-26 16:16:32.554 | INFO     |  5690 | mycroft.skills.skill_updater:_log_next_download_time:267 | Next scheduled skill update: 2021-10-26 17:16:32.554347
2021-10-26 16:16:32.555 | INFO     |  5690 | mycroft.skills.skill_updater:update_skills:170 | Skill update complete
2021-10-26 16:16:32.555 | INFO     |  5690 | mycroft.skills.skill_manager:_load_on_startup:273 | Loading installed skills...
2021-10-26 16:16:32.556 | INFO     |  5690 | mycroft.skills.skill_loader:load:185 | ATTEMPTING TO LOAD SKILL: mycroft-ip.mycroftai
2021-10-26 16:16:32.603 | INFO     |  5690 | mycroft.skills.settings:get_local_settings:83 | /opt/mycroft/skills/mycroft-ip.mycroftai/settings.json
2021-10-26 16:16:32.610 | INFO     |  5690 | mycroft.skills.skill_loader:_check_for_first_run:324 | First run of mycroft-ip.mycroftai
2021-10-26 16:16:32.610 | INFO     |  5690 | mycroft.skills.settings:save_settings:116 | Skill settings successfully saved to /home/runner/.config/mycroft/skills/mycroft-ip.mycroftai/settings.json
2021-10-26 16:16:32.611 | INFO     |  5690 | mycroft.skills.skill_loader:_communicate_load_status:344 | Skill mycroft-ip.mycroftai loaded successfully
2021-10-26 16:16:32.611 | INFO     |  5690 | mycroft.skills.skill_loader:load:185 | ATTEMPTING TO LOAD SKILL: mycroft-reminder.mycroftai
2021-10-26 16:16:32.666 | INFO     |  5690 | mycroft.skills.settings:get_local_settings:83 | /opt/mycroft/skills/mycroft-reminder.mycroftai/settings.json
2021-10-26 16:16:32.694 | INFO     |  5690 | mycroft.skills.skill_loader:_check_for_first_run:324 | First run of mycroft-reminder.mycroftai
2021-10-26 16:16:32.695 | INFO     |  5690 | mycroft.skills.settings:save_settings:116 | Skill settings successfully saved to /home/runner/.config/mycroft/skills/mycroft-reminder.mycroftai/settings.json
2021-10-26 16:16:32.695 | INFO     |  5690 | mycroft.skills.skill_loader:_communicate_load_status:344 | Skill mycroft-reminder.mycroftai loaded successfully
2021-10-26 16:16:32.696 | INFO     |  5690 | mycroft.skills.skill_loader:load:185 | ATTEMPTING TO LOAD SKILL: mycroft-installer.mycroftai
2021-10-26 16:16:32.702 | INFO     |  5690 | mycroft.skills.settings:get_local_settings:83 | /opt/mycroft/skills/mycroft-installer.mycroftai/settings.json
2021-10-26 16:16:32.717 | INFO     |  5690 | mycroft.skills.skill_loader:_check_for_first_run:324 | First run of mycroft-installer.mycroftai
2021-10-26 16:16:32.718 | INFO     |  5690 | mycroft.skills.settings:save_settings:116 | Skill settings successfully saved to /home/runner/.config/mycroft/skills/mycroft-installer.mycroftai/settings.json
2021-10-26 16:16:32.738 | INFO     |  5690 | mycroft.skills.skill_loader:_communicate_load_status:344 | Skill mycroft-installer.mycroftai loaded successfully
2021-10-26 16:16:32.738 | INFO     |  5690 | mycroft.skills.skill_loader:load:185 | ATTEMPTING TO LOAD SKILL: mycroft-version-checker.mycroftai
2021-10-26 16:16:32.742 | INFO     |  5690 | mycroft.skills.settings:get_local_settings:83 | /opt/mycroft/skills/mycroft-version-checker.mycroftai/settings.json
2021-10-26 16:16:32.770 | INFO     |  5690 | mycroft.skills.skill_loader:_check_for_first_run:324 | First run of mycroft-version-checker.mycroftai
2021-10-26 16:16:32.772 | INFO     |  5690 | mycroft.skills.settings:save_settings:116 | Skill settings successfully saved to /home/runner/.config/mycroft/skills/mycroft-version-checker.mycroftai/settings.json
2021-10-26 16:16:32.798 | INFO     |  5690 | mycroft.skills.skill_loader:_communicate_load_status:344 | Skill mycroft-version-checker.mycroftai loaded successfully
2021-10-26 16:16:32.798 | INFO     |  5690 | mycroft.skills.skill_loader:load:185 | ATTEMPTING TO LOAD SKILL: mycroft-singing.mycroftai
2021-10-26 16:16:32.801 | INFO     |  5690 | mycroft.skills.settings:get_local_settings:83 | /opt/mycroft/skills/mycroft-singing.mycroftai/settings.json
2021-10-26 16:16:32.807 | INFO     |  5690 | mycroft.skills.skill_loader:_check_for_first_run:324 | First run of mycroft-singing.mycroftai
2021-10-26 16:16:32.808 | INFO     |  5690 | mycroft.skills.settings:save_settings:116 | Skill settings successfully saved to /home/runner/.config/mycroft/skills/mycroft-singing.mycroftai/settings.json
2021-10-26 16:16:32.808 | INFO     |  5690 | mycroft.skills.skill_loader:_communicate_load_status:344 | Skill mycroft-singing.mycroftai loaded successfully
2021-10-26 16:16:32.809 | INFO     |  5690 | mycroft.skills.skill_loader:load:185 | ATTEMPTING TO LOAD SKILL: mycroft-joke.mycroftai
2021-10-26 16:16:32.818 | INFO     |  5690 | mycroft.skills.settings:get_local_settings:83 | /opt/mycroft/skills/mycroft-joke.mycroftai/settings.json
2021-10-26 16:16:32.830 | INFO     |  5690 | mycroft.skills.skill_loader:_check_for_first_run:324 | First run of mycroft-joke.mycroftai
2021-10-26 16:16:32.831 | INFO     |  5690 | mycroft.skills.settings:save_settings:116 | Skill settings successfully saved to /home/runner/.config/mycroft/skills/mycroft-joke.mycroftai/settings.json
2021-10-26 16:16:32.837 | INFO     |  5690 | mycroft.skills.skill_loader:_communicate_load_status:344 | Skill mycroft-joke.mycroftai loaded successfully
2021-10-26 16:16:32.837 | INFO     |  5690 | mycroft.skills.skill_loader:load:185 | ATTEMPTING TO LOAD SKILL: mycroft-timer.mycroftai
2021-10-26 16:16:32.854 | INFO     |  5690 | mycroft.skills.settings:get_local_settings:83 | /opt/mycroft/skills/mycroft-timer.mycroftai/settings.json
2021-10-26 16:16:32.905 | INFO     |  5690 | mycroft.skills.skill_loader:_check_for_first_run:324 | First run of mycroft-timer.mycroftai
2021-10-26 16:16:32.907 | INFO     |  5690 | mycroft.skills.settings:save_settings:116 | Skill settings successfully saved to /home/runner/.config/mycroft/skills/mycroft-timer.mycroftai/settings.json
2021-10-26 16:16:32.916 | INFO     |  5690 | mycroft.skills.skill_loader:_communicate_load_status:344 | Skill mycroft-timer.mycroftai loaded successfully
2021-10-26 16:16:32.916 | INFO     |  5690 | mycroft.skills.skill_loader:load:185 | ATTEMPTING TO LOAD SKILL: homeassistant.mycroftai
2021-10-26 16:16:33.168 | INFO     |  5690 | mycroft.skills.settings:get_local_settings:83 | /opt/mycroft/skills/homeassistant.mycroftai/settings.json
2021-10-26 16:16:33.169 | INFO     |  5690 | mycroft.skills.settings:get_local_settings:83 | /opt/mycroft/skills/homeassistant.mycroftai/settings.json
2021-10-26 16:16:33.206 | INFO     |  5690 | mycroft.skills.skill_loader:_communicate_load_status:344 | Skill homeassistant.mycroftai loaded successfully
2021-10-26 16:16:33.206 | INFO     |  5690 | mycroft.skills.skill_loader:load:185 | ATTEMPTING TO LOAD SKILL: mycroft-alarm.mycroftai
2021-10-26 16:16:33.226 | INFO     |  5690 | mycroft.skills.settings:get_local_settings:83 | /opt/mycroft/skills/mycroft-alarm.mycroftai/settings.json
2021-10-26 16:16:33.227 | ERROR    |  5690 | AlarmSkill | Couldn't allocate mixer, ALSAAudioError('No such file or directory [default]')
2021-10-26 16:16:33.273 | INFO     |  5690 | mycroft.skills.skill_loader:_check_for_first_run:324 | First run of mycroft-alarm.mycroftai
2021-10-26 16:16:33.274 | INFO     |  5690 | mycroft.skills.settings:save_settings:116 | Skill settings successfully saved to /home/runner/.config/mycroft/skills/mycroft-alarm.mycroftai/settings.json
2021-10-26 16:16:33.305 | INFO     |  5690 | mycroft.skills.skill_loader:_communicate_load_status:344 | Skill mycroft-alarm.mycroftai loaded successfully
2021-10-26 16:16:33.305 | INFO     |  5690 | mycroft.skills.skill_loader:load:185 | ATTEMPTING TO LOAD SKILL: mycroft-naptime.mycroftai
2021-10-26 16:16:33.309 | INFO     |  5690 | mycroft.skills.settings:get_local_settings:83 | /opt/mycroft/skills/mycroft-naptime.mycroftai/settings.json
2021-10-26 16:16:33.315 | INFO     |  5690 | mycroft.skills.skill_loader:_check_for_first_run:324 | First run of mycroft-naptime.mycroftai
2021-10-26 16:16:33.315 | INFO     |  5690 | mycroft.skills.settings:save_settings:116 | Skill settings successfully saved to /home/runner/.config/mycroft/skills/mycroft-naptime.mycroftai/settings.json
2021-10-26 16:16:33.316 | INFO     |  5690 | mycroft.skills.skill_loader:_communicate_load_status:344 | Skill mycroft-naptime.mycroftai loaded successfully
2021-10-26 16:16:33.317 | INFO     |  5690 | mycroft.skills.skill_loader:load:185 | ATTEMPTING TO LOAD SKILL: mycroft-spelling.mycroftai
2021-10-26 16:16:33.322 | INFO     |  5690 | mycroft.skills.settings:get_local_settings:83 | /opt/mycroft/skills/mycroft-spelling.mycroftai/settings.json
2021-10-26 16:16:33.344 | INFO     |  5690 | mycroft.skills.skill_loader:_check_for_first_run:324 | First run of mycroft-spelling.mycroftai
2021-10-26 16:16:33.344 | INFO     |  5690 | mycroft.skills.settings:save_settings:116 | Skill settings successfully saved to /home/runner/.config/mycroft/skills/mycroft-spelling.mycroftai/settings.json
2021-10-26 16:16:33.345 | INFO     |  5690 | mycroft.skills.skill_loader:_communicate_load_status:344 | Skill mycroft-spelling.mycroftai loaded successfully
2021-10-26 16:16:33.345 | INFO     |  5690 | mycroft.skills.skill_loader:load:185 | ATTEMPTING TO LOAD SKILL: mycroft-fallback-duck-duck-go.mycroftai
2021-10-26 16:16:33.355 | INFO     |  5690 | mycroft.skills.settings:get_local_settings:83 | /opt/mycroft/skills/mycroft-fallback-duck-duck-go.mycroftai/settings.json
2021-10-26 16:16:33.368 | INFO     |  5690 | mycroft.skills.skill_loader:_check_for_first_run:324 | First run of mycroft-fallback-duck-duck-go.mycroftai
2021-10-26 16:16:33.550 | INFO     |  5690 | mycroft.skills.settings:save_settings:116 | Skill settings successfully saved to /home/runner/.config/mycroft/skills/mycroft-fallback-duck-duck-go.mycroftai/settings.json
2021-10-26 16:16:33.552 | INFO     |  5690 | mycroft.skills.skill_loader:_communicate_load_status:344 | Skill mycroft-fallback-duck-duck-go.mycroftai loaded successfully
2021-10-26 16:16:33.552 | INFO     |  5690 | mycroft.skills.skill_loader:load:185 | ATTEMPTING TO LOAD SKILL: mycroft-npr-news.mycroftai
2021-10-26 16:16:33.588 | INFO     |  5690 | mycroft.skills.settings:get_local_settings:83 | /opt/mycroft/skills/mycroft-npr-news.mycroftai/settings.json
2021-10-26 16:16:34.605 | INFO     |  5690 | mycroft.skills.skill_loader:_check_for_first_run:324 | First run of mycroft-npr-news.mycroftai
2021-10-26 16:16:34.606 | INFO     |  5690 | mycroft.skills.settings:save_settings:116 | Skill settings successfully saved to /home/runner/.config/mycroft/skills/mycroft-npr-news.mycroftai/settings.json
2021-10-26 16:16:34.619 | INFO     |  5690 | mycroft.skills.skill_loader:_communicate_load_status:344 | Skill mycroft-npr-news.mycroftai loaded successfully
2021-10-26 16:16:34.619 | INFO     |  5690 | mycroft.skills.skill_loader:load:185 | ATTEMPTING TO LOAD SKILL: mycroft-support-helper.mycroftai
2021-10-26 16:16:34.657 | INFO     |  5690 | mycroft.skills.settings:get_local_settings:83 | /opt/mycroft/skills/mycroft-support-helper.mycroftai/settings.json
2021-10-26 16:16:34.669 | INFO     |  5690 | mycroft.skills.skill_loader:_check_for_first_run:324 | First run of mycroft-support-helper.mycroftai
2021-10-26 16:16:34.685 | INFO     |  5690 | mycroft.skills.settings:save_settings:116 | Skill settings successfully saved to /home/runner/.config/mycroft/skills/mycroft-support-helper.mycroftai/settings.json
2021-10-26 16:16:34.685 | INFO     |  5690 | mycroft.skills.skill_loader:_communicate_load_status:344 | Skill mycroft-support-helper.mycroftai loaded successfully
2021-10-26 16:16:34.686 | INFO     |  5690 | mycroft.skills.skill_loader:load:185 | ATTEMPTING TO LOAD SKILL: mycroft-weather.mycroftai
2021-10-26 16:16:34.768 | INFO     |  5690 | mycroft.skills.settings:get_local_settings:83 | /opt/mycroft/skills/mycroft-weather.mycroftai/settings.json
2021-10-26 16:16:35.146 | INFO     |  5690 | mycroft.skills.skill_loader:_check_for_first_run:324 | First run of mycroft-weather.mycroftai
2021-10-26 16:16:35.156 | INFO     |  5690 | mycroft.skills.settings:save_settings:116 | Skill settings successfully saved to /home/runner/.config/mycroft/skills/mycroft-weather.mycroftai/settings.json
2021-10-26 16:16:35.162 | INFO     |  5690 | mycroft.skills.skill_loader:_communicate_load_status:344 | Skill mycroft-weather.mycroftai loaded successfully
2021-10-26 16:16:35.163 | INFO     |  5690 | mycroft.skills.skill_loader:load:185 | ATTEMPTING TO LOAD SKILL: mycroft-speak.mycroftai
2021-10-26 16:16:35.198 | INFO     |  5690 | mycroft.skills.settings:get_local_settings:83 | /opt/mycroft/skills/mycroft-speak.mycroftai/settings.json
2021-10-26 16:16:35.282 | INFO     |  5690 | mycroft.skills.skill_loader:_check_for_first_run:324 | First run of mycroft-speak.mycroftai
2021-10-26 16:16:35.292 | INFO     |  5690 | mycroft.skills.settings:save_settings:116 | Skill settings successfully saved to /home/runner/.config/mycroft/skills/mycroft-speak.mycroftai/settings.json
2021-10-26 16:16:35.300 | INFO     |  5690 | mycroft.skills.skill_loader:_communicate_load_status:344 | Skill mycroft-speak.mycroftai loaded successfully
2021-10-26 16:16:35.305 | INFO     |  5690 | mycroft.skills.skill_loader:load:185 | ATTEMPTING TO LOAD SKILL: mycroft-audio-record.mycroftai
2021-10-26 16:16:35.347 | INFO     |  5690 | mycroft.skills.settings:get_local_settings:83 | /opt/mycroft/skills/mycroft-audio-record.mycroftai/settings.json
2021-10-26 16:16:35.433 | INFO     |  5690 | mycroft.skills.skill_loader:_check_for_first_run:324 | First run of mycroft-audio-record.mycroftai
2021-10-26 16:16:35.440 | INFO     |  5690 | mycroft.skills.settings:save_settings:116 | Skill settings successfully saved to /home/runner/.config/mycroft/skills/mycroft-audio-record.mycroftai/settings.json
2021-10-26 16:16:35.447 | INFO     |  5690 | mycroft.skills.skill_loader:_communicate_load_status:344 | Skill mycroft-audio-record.mycroftai loaded successfully
2021-10-26 16:16:35.447 | INFO     |  5690 | mycroft.skills.skill_loader:load:185 | ATTEMPTING TO LOAD SKILL: mycroft-stop.mycroftai
2021-10-26 16:16:35.487 | INFO     |  5690 | mycroft.skills.settings:get_local_settings:83 | /opt/mycroft/skills/mycroft-stop.mycroftai/settings.json
2021-10-26 16:16:35.575 | INFO     |  5690 | mycroft.skills.skill_loader:_check_for_first_run:324 | First run of mycroft-stop.mycroftai
2021-10-26 16:16:35.585 | INFO     |  5690 | mycroft.skills.settings:save_settings:116 | Skill settings successfully saved to /home/runner/.config/mycroft/skills/mycroft-stop.mycroftai/settings.json
2021-10-26 16:16:35.591 | INFO     |  5690 | mycroft.skills.skill_loader:_communicate_load_status:344 | Skill mycroft-stop.mycroftai loaded successfully
2021-10-26 16:16:35.596 | INFO     |  5690 | mycroft.skills.skill_loader:load:185 | ATTEMPTING TO LOAD SKILL: mycroft-hello-world.mycroftai
2021-10-26 16:16:35.626 | INFO     |  5690 | mycroft.skills.settings:get_local_settings:83 | /opt/mycroft/skills/mycroft-hello-world.mycroftai/settings.json
2021-10-26 16:16:35.701 | INFO     |  5690 | mycroft.skills.skill_loader:_check_for_first_run:324 | First run of mycroft-hello-world.mycroftai
2021-10-26 16:16:35.712 | INFO     |  5690 | mycroft.skills.settings:save_settings:116 | Skill settings successfully saved to /home/runner/.config/mycroft/skills/mycroft-hello-world.mycroftai/settings.json
2021-10-26 16:16:35.721 | INFO     |  5690 | mycroft.skills.skill_loader:_communicate_load_status:344 | Skill mycroft-hello-world.mycroftai loaded successfully
2021-10-26 16:16:35.721 | INFO     |  5690 | mycroft.skills.skill_loader:load:185 | ATTEMPTING TO LOAD SKILL: mycroft-date-time.mycroftai
2021-10-26 16:16:36.548 | INFO     |  5690 | mycroft.skills.settings:get_local_settings:83 | /opt/mycroft/skills/mycroft-date-time.mycroftai/settings.json
2021-10-26 16:16:36.627 | INFO     |  5690 | TimeSkill | Registering resting screen <bound method TimeSkill.handle_idle of <mycroft-date-time_mycroftai.TimeSkill object at 0x7f0a8c113c50>> for Time and Date.
2021-10-26 16:16:36.628 | INFO     |  5690 | TimeSkill | Registering resting screen
2021-10-26 16:16:36.630 | INFO     |  5690 | mycroft.skills.skill_loader:_check_for_first_run:324 | First run of mycroft-date-time.mycroftai
2021-10-26 16:16:36.631 | INFO     |  5690 | mycroft.skills.settings:save_settings:116 | Skill settings successfully saved to /home/runner/.config/mycroft/skills/mycroft-date-time.mycroftai/settings.json
2021-10-26 16:16:36.631 | INFO     |  5690 | mycroft.skills.skill_loader:_communicate_load_status:344 | Skill mycroft-date-time.mycroftai loaded successfully
2021-10-26 16:16:36.642 | INFO     |  5690 | mycroft.skills.skill_loader:load:185 | ATTEMPTING TO LOAD SKILL: mycroft-configuration.mycroftai
2021-10-26 16:16:36.655 | INFO     |  5690 | mycroft.skills.settings:get_local_settings:83 | /opt/mycroft/skills/mycroft-configuration.mycroftai/settings.json
2021-10-26 16:16:36.709 | INFO     |  5690 | mycroft.skills.skill_loader:_check_for_first_run:324 | First run of mycroft-configuration.mycroftai
2021-10-26 16:16:36.710 | INFO     |  5690 | mycroft.skills.settings:save_settings:116 | Skill settings successfully saved to /home/runner/.config/mycroft/skills/mycroft-configuration.mycroftai/settings.json
2021-10-26 16:16:36.720 | INFO     |  5690 | mycroft.skills.skill_loader:_communicate_load_status:344 | Skill mycroft-configuration.mycroftai loaded successfully
2021-10-26 16:16:36.722 | INFO     |  5690 | mycroft.skills.skill_loader:load:185 | ATTEMPTING TO LOAD SKILL: fallback-query.mycroftai
2021-10-26 16:16:36.734 | INFO     |  5690 | mycroft.skills.settings:get_local_settings:83 | /opt/mycroft/skills/fallback-query.mycroftai/settings.json
2021-10-26 16:16:36.767 | INFO     |  5690 | mycroft.skills.skill_loader:_check_for_first_run:324 | First run of fallback-query.mycroftai
2021-10-26 16:16:36.769 | INFO     |  5690 | mycroft.skills.settings:save_settings:116 | Skill settings successfully saved to /home/runner/.config/mycroft/skills/fallback-query.mycroftai/settings.json
2021-10-26 16:16:36.771 | INFO     |  5690 | mycroft.skills.skill_loader:_communicate_load_status:344 | Skill fallback-query.mycroftai loaded successfully
2021-10-26 16:16:36.771 | INFO     |  5690 | mycroft.skills.skill_loader:load:185 | ATTEMPTING TO LOAD SKILL: mycroft-personal.mycroftai
2021-10-26 16:16:36.780 | INFO     |  5690 | mycroft.skills.settings:get_local_settings:83 | /opt/mycroft/skills/mycroft-personal.mycroftai/settings.json
2021-10-26 16:16:36.833 | INFO     |  5690 | mycroft.skills.skill_loader:_check_for_first_run:324 | First run of mycroft-personal.mycroftai
2021-10-26 16:16:36.836 | INFO     |  5690 | mycroft.skills.settings:save_settings:116 | Skill settings successfully saved to /home/runner/.config/mycroft/skills/mycroft-personal.mycroftai/settings.json
2021-10-26 16:16:36.839 | INFO     |  5690 | mycroft.skills.skill_loader:_communicate_load_status:344 | Skill mycroft-personal.mycroftai loaded successfully
2021-10-26 16:16:36.842 | INFO     |  5690 | mycroft.skills.skill_loader:load:185 | ATTEMPTING TO LOAD SKILL: fallback-wolfram-alpha.mycroftai
2021-10-26 16:16:36.946 | INFO     |  5690 | mycroft.skills.settings:get_local_settings:83 | /opt/mycroft/skills/fallback-wolfram-alpha.mycroftai/settings.json
2021-10-26 16:16:36.976 | INFO     |  5690 | mycroft.skills.skill_loader:_check_for_first_run:324 | First run of fallback-wolfram-alpha.mycroftai
2021-10-26 16:16:36.984 | INFO     |  5690 | mycroft.skills.settings:save_settings:116 | Skill settings successfully saved to /home/runner/.config/mycroft/skills/fallback-wolfram-alpha.mycroftai/settings.json
2021-10-26 16:16:36.984 | INFO     |  5690 | mycroft.skills.skill_loader:_communicate_load_status:344 | Skill fallback-wolfram-alpha.mycroftai loaded successfully
2021-10-26 16:16:36.989 | INFO     |  5690 | mycroft.skills.skill_loader:load:185 | ATTEMPTING TO LOAD SKILL: mycroft-wiki.mycroftai
2021-10-26 16:16:37.006 | INFO     |  5690 | mycroft.skills.settings:get_local_settings:83 | /opt/mycroft/skills/mycroft-wiki.mycroftai/settings.json
2021-10-26 16:16:37.044 | INFO     |  5690 | mycroft.skills.skill_loader:_check_for_first_run:324 | First run of mycroft-wiki.mycroftai
2021-10-26 16:16:37.044 | INFO     |  5690 | mycroft.skills.settings:save_settings:116 | Skill settings successfully saved to /home/runner/.config/mycroft/skills/mycroft-wiki.mycroftai/settings.json
2021-10-26 16:16:37.052 | INFO     |  5690 | mycroft.skills.skill_loader:_communicate_load_status:344 | Skill mycroft-wiki.mycroftai loaded successfully
2021-10-26 16:16:37.052 | INFO     |  5690 | mycroft.skills.skill_loader:load:185 | ATTEMPTING TO LOAD SKILL: fallback-unknown.mycroftai
2021-10-26 16:16:37.056 | INFO     |  5690 | mycroft.skills.settings:get_local_settings:83 | /opt/mycroft/skills/fallback-unknown.mycroftai/settings.json
2021-10-26 16:16:37.093 | INFO     |  5690 | mycroft.skills.skill_loader:_check_for_first_run:324 | First run of fallback-unknown.mycroftai
2021-10-26 16:16:37.094 | INFO     |  5690 | mycroft.skills.settings:save_settings:116 | Skill settings successfully saved to /home/runner/.config/mycroft/skills/fallback-unknown.mycroftai/settings.json
2021-10-26 16:16:37.094 | INFO     |  5690 | mycroft.skills.skill_loader:_communicate_load_status:344 | Skill fallback-unknown.mycroftai loaded successfully
2021-10-26 16:16:37.102 | INFO     |  5690 | mycroft.skills.skill_loader:load:185 | ATTEMPTING TO LOAD SKILL: mycroft-playback-control.mycroftai
2021-10-26 16:16:37.116 | INFO     |  5690 | mycroft.skills.settings:get_local_settings:83 | /opt/mycroft/skills/mycroft-playback-control.mycroftai/settings.json
2021-10-26 16:16:37.165 | INFO     |  5690 | mycroft.skills.skill_loader:_check_for_first_run:324 | First run of mycroft-playback-control.mycroftai
2021-10-26 16:16:37.166 | INFO     |  5690 | mycroft.skills.settings:save_settings:116 | Skill settings successfully saved to /home/runner/.config/mycroft/skills/mycroft-playback-control.mycroftai/settings.json
2021-10-26 16:16:37.166 | INFO     |  5690 | mycroft.skills.skill_loader:_communicate_load_status:344 | Skill mycroft-playback-control.mycroftai loaded successfully
2021-10-26 16:16:37.185 | INFO     |  5690 | mycroft.skills.skill_manager:_load_on_startup:275 | Skills all loaded!
2021-10-26 16:16:37.257 | INFO     |  5690 | __main__:on_ready:185 | Skills service is ready.
2021-10-26 16:16:37.353 | INFO     |  5690 | mycroft.skills.intent_services.padatious_service:train:151 | Training... (single_thread=False)
Regenerated mycroft-alarm.mycroftai:{daytype}.
Regenerated mycroft-reminder.mycroftai:SnoozeReminder.intent.
Regenerated mycroft-installer.mycroftai:remove.intent.
Regenerated mycroft-installer.mycroftai:install.custom.intent.
Regenerated mycroft-installer.mycroftai:is.installed.intent.
Regenerated mycroft-installer.mycroftai:install.beta.intent.
Regenerated mycroft-installer.mycroftai:list.skills.intent.
Regenerated mycroft-installer.mycroftai:install.intent.
Regenerated mycroft-timer.mycroftai:start.timer.intent.
Regenerated mycroft-timer.mycroftai:timer.status.intent.
Regenerated homeassistant.mycroftai:home.assistant.open.intent.
Regenerated homeassistant.mycroftai:toggle.intent.
Regenerated homeassistant.mycroftai:cover.stop.intent.
Regenerated homeassistant.mycroftai:set.light.brightness.intent.
Regenerated homeassistant.mycroftai:tracker.intent.
Regenerated homeassistant.mycroftai:home.assistant.close.intent.
Regenerated homeassistant.mycroftai:set.climate.intent.
Regenerated homeassistant.mycroftai:cover.close.intent.
Regenerated mycroft-alarm.mycroftai:snooze.intent.
Regenerated mycroft-alarm.mycroftai:change.alarm.sound.intent.
Regenerated mycroft-npr-news.mycroftai:PlayTheNews.intent.
Regenerated mycroft-support-helper.mycroftai:contact.support.intent.
Regenerated mycroft-weather.mycroftai:do-i-need-an-umbrella.intent.
Regenerated mycroft-audio-record.mycroftai:PlayRecording.intent.
Regenerated mycroft-audio-record.mycroftai:StartRecording.intent.
Regenerated mycroft-date-time.mycroftai:date.future.weekend.intent.
Regenerated mycroft-date-time.mycroftai:date.last.weekend.intent.
Regenerated mycroft-configuration.mycroftai:EnablePreciseDev.intent.
Regenerated mycroft-configuration.mycroftai:DisablePreciseDev.intent.
Regenerated mycroft-configuration.mycroftai:WhereAreYou.intent.
Regenerated mycroft-personal.mycroftai:WhatAreYou.intent.
Regenerated mycroft-personal.mycroftai:WhoAreYou.intent.
Regenerated mycroft-personal.mycroftai:DoYouRhyme.intent.
Regenerated mycroft-reminder.mycroftai:DeleteReminderForDay.intent.
Regenerated mycroft-reminder.mycroftai:GetNextReminders.intent.
Regenerated mycroft-reminder.mycroftai:ClearReminders.intent.
Regenerated mycroft-reminder.mycroftai:CancelActiveReminder.intent.
Regenerated mycroft-reminder.mycroftai:ReminderAt.intent.
Regenerated mycroft-reminder.mycroftai:Reminder.intent.
Regenerated mycroft-reminder.mycroftai:UnspecifiedReminderAt.intent.
Regenerated mycroft-reminder.mycroftai:GetRemindersForDay.intent.
Regenerated homeassistant.mycroftai:increase.light.brightness.intent.
Regenerated homeassistant.mycroftai:sensor.intent.
Regenerated homeassistant.mycroftai:automation.intent.
Regenerated homeassistant.mycroftai:turn.off.intent.
Regenerated homeassistant.mycroftai:cover.open.intent.
Regenerated homeassistant.mycroftai:add.item.shopping.list.intent.
Regenerated homeassistant.mycroftai:decrease.light.brightness.intent.
Regenerated homeassistant.mycroftai:turn.on.intent.
Regenerated mycroft-stop.mycroftai:ssh.disable.intent.
Regenerated mycroft-stop.mycroftai:wifi.setup.intent.
Regenerated mycroft-stop.mycroftai:ssh.enable.intent.
Regenerated mycroft-stop.mycroftai:shutdown.intent.
Regenerated mycroft-stop.mycroftai:reboot.intent.
Regenerated mycroft-hello-world.mycroftai:HowAreYou.intent.
Regenerated mycroft-date-time.mycroftai:what.time.is.it.intent.
Regenerated mycroft-date-time.mycroftai:what.time.will.it.be.intent.
Regenerated mycroft-personal.mycroftai:WhoMadeYou.intent.
Regenerated mycroft-personal.mycroftai:WhereWereYouBorn.intent.
Regenerated mycroft-personal.mycroftai:DoYouDream.intent.
Regenerated mycroft-personal.mycroftai:WhenWereYouBorn.intent.
Regenerated mycroft-wiki.mycroftai:Random.intent.
2021-10-26 16:16:39.937 | INFO     |  5690 | mycroft.skills.intent_services.padatious_service:train:153 | Training complete.
2021-10-26 16:16:49.872 | INFO     |  5690 | mycroft.skills.settings:save_settings:116 | Skill settings successfully saved to /home/runner/.config/mycroft/skills/mycroft-timer.mycroftai/settings.json
2021-10-26 16:16:59.020 | INFO     |  5690 | mycroft.skills.settings:save_settings:116 | Skill settings successfully saved to /home/runner/.config/mycroft/skills/mycroft-pairing.mycroftai/settings.json
2021-10-26 16:17:11.783 | INFO     |  5690 | __main__:on_stopping:193 | Skills service is shutting down...
2021-10-26 16:17:11.783 | INFO     |  5690 | __main__:shutdown:284 | Shutting down Skills service
2021-10-26 16:17:12.043 | ERROR    |  5690 | VolumeSkill | Couldn't allocate mixer, ALSAAudioError('No such file or directory [default]')
2021-10-26 16:17:12.052 | INFO     |  5690 | mycroft.skills.settings:save_settings:116 | Skill settings successfully saved to /home/runner/.config/mycroft/skills/mycroft-volume.mycroftai/settings.json
2021-10-26 16:17:12.054 | INFO     |  5690 | mycroft.skills.settings:save_settings:116 | Skill settings successfully saved to /home/runner/.config/mycroft/skills/mycroft-ip.mycroftai/settings.json
2021-10-26 16:17:12.055 | INFO     |  5690 | mycroft.skills.settings:save_settings:116 | Skill settings successfully saved to /home/runner/.config/mycroft/skills/mycroft-reminder.mycroftai/settings.json
2021-10-26 16:17:12.062 | INFO     |  5690 | mycroft.skills.settings:save_settings:116 | Skill settings successfully saved to /home/runner/.config/mycroft/skills/mycroft-installer.mycroftai/settings.json
2021-10-26 16:17:12.063 | INFO     |  5690 | mycroft.skills.settings:save_settings:116 | Skill settings successfully saved to /home/runner/.config/mycroft/skills/mycroft-version-checker.mycroftai/settings.json
2021-10-26 16:17:12.065 | INFO     |  5690 | mycroft.skills.settings:save_settings:116 | Skill settings successfully saved to /home/runner/.config/mycroft/skills/mycroft-singing.mycroftai/settings.json
2021-10-26 16:17:12.069 | INFO     |  5690 | mycroft.skills.settings:save_settings:116 | Skill settings successfully saved to /home/runner/.config/mycroft/skills/mycroft-joke.mycroftai/settings.json
2021-10-26 16:17:12.082 | INFO     |  5690 | HomeAssistantSkill | Removing all handlers...
2021-10-26 16:17:12.083 | WARNING  |  5690 | mycroft.skills.fallback_skill:remove_fallback:185 | Could not find matching fallback handler
2021-10-26 16:17:12.083 | INFO     |  5690 | mycroft.skills.settings:save_settings:116 | Skill settings successfully saved to /home/runner/.config/mycroft/skills/mycroft-alarm.mycroftai/settings.json
2021-10-26 16:17:12.091 | INFO     |  5690 | mycroft.skills.settings:save_settings:116 | Skill settings successfully saved to /home/runner/.config/mycroft/skills/mycroft-naptime.mycroftai/settings.json
2021-10-26 16:17:12.093 | INFO     |  5690 | mycroft.skills.settings:save_settings:116 | Skill settings successfully saved to /home/runner/.config/mycroft/skills/mycroft-spelling.mycroftai/settings.json
2021-10-26 16:17:12.095 | INFO     |  5690 | mycroft.skills.settings:save_settings:116 | Skill settings successfully saved to /home/runner/.config/mycroft/skills/mycroft-fallback-duck-duck-go.mycroftai/settings.json
2021-10-26 16:17:12.096 | INFO     |  5690 | mycroft.skills.settings:save_settings:116 | Skill settings successfully saved to /home/runner/.config/mycroft/skills/mycroft-npr-news.mycroftai/settings.json
2021-10-26 16:17:12.101 | INFO     |  5690 | mycroft.skills.settings:save_settings:116 | Skill settings successfully saved to /home/runner/.config/mycroft/skills/mycroft-support-helper.mycroftai/settings.json
2021-10-26 16:17:12.106 | INFO     |  5690 | mycroft.skills.settings:save_settings:116 | Skill settings successfully saved to /home/runner/.config/mycroft/skills/mycroft-weather.mycroftai/settings.json
2021-10-26 16:17:12.108 | INFO     |  5690 | mycroft.skills.settings:save_settings:116 | Skill settings successfully saved to /home/runner/.config/mycroft/skills/mycroft-speak.mycroftai/settings.json
2021-10-26 16:17:12.109 | INFO     |  5690 | mycroft.skills.settings:save_settings:116 | Skill settings successfully saved to /home/runner/.config/mycroft/skills/mycroft-audio-record.mycroftai/settings.json
2021-10-26 16:17:12.110 | INFO     |  5690 | mycroft.skills.settings:save_settings:116 | Skill settings successfully saved to /home/runner/.config/mycroft/skills/mycroft-stop.mycroftai/settings.json
2021-10-26 16:17:12.111 | INFO     |  5690 | mycroft.skills.settings:save_settings:116 | Skill settings successfully saved to /home/runner/.config/mycroft/skills/mycroft-hello-world.mycroftai/settings.json
2021-10-26 16:17:12.111 | INFO     |  5690 | mycroft.skills.settings:save_settings:116 | Skill settings successfully saved to /home/runner/.config/mycroft/skills/mycroft-date-time.mycroftai/settings.json
2021-10-26 16:17:12.113 | INFO     |  5690 | mycroft.skills.settings:save_settings:116 | Skill settings successfully saved to /home/runner/.config/mycroft/skills/mycroft-configuration.mycroftai/settings.json
2021-10-26 16:17:12.114 | INFO     |  5690 | QuestionsAnswersSkill | Removing all handlers...
2021-10-26 16:17:12.115 | INFO     |  5690 | mycroft.skills.settings:save_settings:116 | Skill settings successfully saved to /home/runner/.config/mycroft/skills/fallback-query.mycroftai/settings.json
2021-10-26 16:17:12.116 | INFO     |  5690 | mycroft.skills.settings:save_settings:116 | Skill settings successfully saved to /home/runner/.config/mycroft/skills/mycroft-personal.mycroftai/settings.json
2021-10-26 16:17:12.132 | INFO     |  5690 | mycroft.skills.settings:save_settings:116 | Skill settings successfully saved to /home/runner/.config/mycroft/skills/fallback-wolfram-alpha.mycroftai/settings.json
2021-10-26 16:17:12.133 | INFO     |  5690 | mycroft.skills.settings:save_settings:116 | Skill settings successfully saved to /home/runner/.config/mycroft/skills/mycroft-wiki.mycroftai/settings.json
2021-10-26 16:17:12.134 | INFO     |  5690 | UnknownSkill | Removing all handlers...
2021-10-26 16:17:12.134 | INFO     |  5690 | mycroft.skills.settings:save_settings:116 | Skill settings successfully saved to /home/runner/.config/mycroft/skills/fallback-unknown.mycroftai/settings.json
2021-10-26 16:17:12.135 | INFO     |  5690 | mycroft.skills.settings:save_settings:116 | Skill settings successfully saved to /home/runner/.config/mycroft/skills/mycroft-playback-control.mycroftai/settings.json
2021-10-26 16:17:13.136 | INFO     |  5690 | Playback Control Skill | Audio service status: {}
2021-10-26 16:17:14.137 | WARNING  |  5690 | mycroft.skills.skill_manager:_shutdown_skill:106 | mycroft-playback-control.mycroftai shutdown took 2.0018138340000178 seconds
2021-10-26 16:17:14.137 | INFO     |  5690 | __main__:shutdown:291 | Skills service shutdown complete!
2021-10-26 16:17:16.266 | ERROR    |  5690 | websocket | error from callback <bound method MessageBusClient.on_message of <mycroft.messagebus.client.client.MessageBusClient object at 0x7f0a947c2690>>: cannot schedule new futures after shutdown
