2021-11-06 19:42:41.290 | INFO     |  5926 | mycroft.messagebus.load_config:load_message_bus_config:33 | Loading message bus configs
2021-11-06 19:42:41.296 | INFO     |  5926 | mycroft_bus_client.client.client | Connected
2021-11-06 19:42:41.297 | INFO     |  5926 | mycroft.util.process_utils:start_message_bus_client:155 | Connected to messagebus
2021-11-06 19:42:41.302 | INFO     |  5926 | mycroft.skills.msm_wrapper:create_msm:96 | Acquiring lock to instantiate MSM
2021-11-06 19:42:42.556 | INFO     |  5926 | msm.mycroft_skills_manager | building SkillEntry objects for all skills
2021-11-06 19:42:42.816 | INFO     |  5926 | mycroft.skills.msm_wrapper:create_msm:112 | Releasing MSM instantiation lock.
2021-11-06 19:42:42.817 | INFO     |  5926 | mycroft.skills.skill_updater:_log_next_download_time:267 | Next scheduled skill update: 2021-11-06 19:42:41.817100
2021-11-06 19:42:42.817 | INFO     |  5926 | msm.skill_entry | Downloading skill: https://github.com/mycroftai/skill-pairing
2021-11-06 19:42:43.106 | INFO     |  5926 | msm.skill_entry | Installing system requirements...
2021-11-06 19:42:43.116 | INFO     |  5926 | msm.skill_entry | Successfully installed mycroft-pairing
2021-11-06 19:42:43.117 | INFO     |  5926 | msm.mycroft_skills_manager | invalidating skills cache
2021-11-06 19:42:43.118 | INFO     |  5926 | mycroft.skills.skill_loader:load:185 | ATTEMPTING TO LOAD SKILL: mycroft-pairing.mycroftai
2021-11-06 19:42:43.125 | INFO     |  5926 | mycroft.skills.settings:get_local_settings:83 | /opt/mycroft/skills/mycroft-pairing.mycroftai/settings.json
2021-11-06 19:42:43.140 | INFO     |  5926 | mycroft.skills.skill_loader:_check_for_first_run:324 | First run of mycroft-pairing.mycroftai
2021-11-06 19:42:43.141 | INFO     |  5926 | mycroft.skills.settings:save_settings:116 | Skill settings successfully saved to /home/runner/.config/mycroft/skills/mycroft-pairing.mycroftai/settings.json
2021-11-06 19:42:43.155 | INFO     |  5926 | mycroft.skills.skill_loader:_communicate_load_status:344 | Skill mycroft-pairing.mycroftai loaded successfully
2021-11-06 19:42:43.155 | INFO     |  5926 | msm.skill_entry | Downloading skill: https://github.com/mycroftai/skill-volume
2021-11-06 19:42:43.502 | INFO     |  5926 | msm.skill_entry | Installing system requirements...
2021-11-06 19:42:43.539 | INFO     |  5926 | msm.skill_entry | Installing requirements.txt for mycroft-volume
2021-11-06 19:42:44.891 | INFO     |  5926 | msm.skill_entry | Successfully installed mycroft-volume
2021-11-06 19:42:44.892 | INFO     |  5926 | msm.mycroft_skills_manager | invalidating skills cache
2021-11-06 19:42:44.894 | INFO     |  5926 | mycroft.skills.skill_loader:load:185 | ATTEMPTING TO LOAD SKILL: mycroft-volume.mycroftai
2021-11-06 19:42:44.910 | INFO     |  5926 | mycroft.skills.settings:get_local_settings:83 | /opt/mycroft/skills/mycroft-volume.mycroftai/settings.json
2021-11-06 19:42:45.053 | ERROR    |  5926 | VolumeSkill | Couldn't allocate mixer, ALSAAudioError('No such file or directory [default]')
2021-11-06 19:42:48.054 | INFO     |  5926 | mycroft.skills.skill_loader:_check_for_first_run:324 | First run of mycroft-volume.mycroftai
2021-11-06 19:42:48.055 | INFO     |  5926 | mycroft.skills.settings:save_settings:116 | Skill settings successfully saved to /home/runner/.config/mycroft/skills/mycroft-volume.mycroftai/settings.json
2021-11-06 19:42:48.056 | INFO     |  5926 | mycroft.skills.skill_loader:_communicate_load_status:344 | Skill mycroft-volume.mycroftai loaded successfully
2021-11-06 19:42:48.056 | INFO     |  5926 | __main__:on_started:177 | Skills service is starting up.
2021-11-06 19:42:48.124 | INFO     |  5926 | __main__:_update_system:154 | Attempting system update...
2021-11-06 19:42:51.126 | INFO     |  5926 | mycroft.enclosure.display_manager:_write_data:70 | Display Manager is creating /tmp/mycroft/ipc/managers/disp_info
2021-11-06 19:42:51.127 | INFO     |  5926 | __main__:_ensure_device_is_paired:133 | Device not paired, invoking the pairing skill
2021-11-06 19:42:51.129 | INFO     |  5926 | __main__:on_alive:181 | Skills service is alive.
2021-11-06 19:42:51.132 | INFO     |  5926 | msm.mycroft_skills_manager | building SkillEntry objects for all skills
2021-11-06 19:42:51.412 | INFO     |  5926 | PairingSkill | Communicating account URL to user
2021-11-06 19:42:51.746 | WARNING  |  5926 | msm.mycroft_skills_manager | No such default skill: mycroft-pandora
2021-11-06 19:42:51.746 | INFO     |  5926 | mycroft.skills.skill_manager:run:234 | Not all default skills are installed, performing skill update...
2021-11-06 19:42:51.747 | INFO     |  5926 | mycroft.skills.skill_updater:update_skills:149 | Beginning skill update...
2021-11-06 19:42:51.810 | INFO     |  5926 | msm.mycroft_skills_manager | building SkillEntry objects for all skills
2021-11-06 19:42:52.044 | INFO     |  5926 | msm.mycroft_skills_manager | invalidating skills cache
2021-11-06 19:42:52.075 | INFO     |  5926 | msm.skill_entry | Downloading skill: https://github.com/mycroftai/fallback-unknown
2021-11-06 19:42:52.092 | INFO     |  5926 | msm.skill_entry | Downloading skill: https://github.com/mycroftai/skill-alarm
2021-11-06 19:42:52.093 | INFO     |  5926 | msm.skill_entry | Downloading skill: https://github.com/mycroftai/skill-configuration
2021-11-06 19:42:52.106 | INFO     |  5926 | msm.skill_entry | Downloading skill: https://github.com/mycroftai/skill-date-time
2021-11-06 19:42:52.115 | INFO     |  5926 | msm.skill_entry | Downloading skill: https://github.com/mycroftai/fallback-duckduckgo
2021-11-06 19:42:52.130 | INFO     |  5926 | msm.skill_entry | Downloading skill: https://github.com/mycroftai/skill-audio-record
2021-11-06 19:42:52.135 | INFO     |  5926 | msm.skill_entry | Downloading skill: https://github.com/mycroftai/fallback-wolfram-alpha
2021-11-06 19:42:52.143 | INFO     |  5926 | msm.skill_entry | Downloading skill: https://github.com/mycroftai/skill-installer
2021-11-06 19:42:52.148 | INFO     |  5926 | msm.skill_entry | Downloading skill: https://github.com/mycroftai/skill-ip
2021-11-06 19:42:52.154 | INFO     |  5926 | msm.skill_entry | Downloading skill: https://github.com/mycroftai/skill-joke
2021-11-06 19:42:52.157 | INFO     |  5926 | msm.skill_entry | Downloading skill: https://github.com/mycroftai/skill-naptime
2021-11-06 19:42:52.161 | INFO     |  5926 | msm.skill_entry | Downloading skill: https://github.com/mycroftai/skill-npr-news
2021-11-06 19:42:52.176 | INFO     |  5926 | msm.skill_entry | Downloading skill: https://github.com/mycroftai/skill-personal
2021-11-06 19:42:52.185 | INFO     |  5926 | msm.skill_entry | Downloading skill: https://github.com/mycroftai/skill-playback-control
2021-11-06 19:42:52.191 | INFO     |  5926 | msm.skill_entry | Downloading skill: https://github.com/mycroftai/skill-reminder
2021-11-06 19:42:52.193 | INFO     |  5926 | msm.skill_entry | Downloading skill: https://github.com/mycroftai/skill-singing
2021-11-06 19:42:52.223 | INFO     |  5926 | msm.skill_entry | Downloading skill: https://github.com/mycroftai/skill-hello-world
2021-11-06 19:42:53.193 | INFO     |  5926 | msm.skill_entry | Installing system requirements...
2021-11-06 19:42:53.358 | INFO     |  5926 | msm.skill_entry | Successfully installed fallback-unknown
2021-11-06 19:42:53.359 | INFO     |  5926 | msm.mycroft_skills_manager | invalidating skills cache
2021-11-06 19:42:53.360 | INFO     |  5926 | msm.skill_entry | Downloading skill: https://github.com/mycroftai/skill-speak
2021-11-06 19:42:53.626 | INFO     |  5926 | msm.skill_entry | Installing system requirements...
2021-11-06 19:42:53.643 | INFO     |  5926 | msm.skill_entry | Installing system requirements...
2021-11-06 19:42:53.650 | INFO     |  5926 | msm.skill_entry | Installing system requirements...
2021-11-06 19:42:53.655 | INFO     |  5926 | msm.skill_entry | Installing system requirements...
2021-11-06 19:42:53.663 | INFO     |  5926 | msm.skill_entry | Installing system requirements...
2021-11-06 19:42:53.730 | INFO     |  5926 | msm.skill_entry | Installing system requirements...
2021-11-06 19:42:53.734 | INFO     |  5926 | msm.skill_entry | Installing system requirements...
2021-11-06 19:42:53.739 | INFO     |  5926 | msm.skill_entry | Installing system requirements...
2021-11-06 19:42:53.744 | INFO     |  5926 | msm.skill_entry | Installing system requirements...
2021-11-06 19:42:53.798 | INFO     |  5926 | msm.skill_entry | Nothing new for mycroft-pairing
2021-11-06 19:42:53.801 | INFO     |  5926 | msm.skill_entry | Installing requirements.txt for mycroft-joke
2021-11-06 19:42:53.811 | ERROR    |  5926 | msm.mycroft_skills_manager | Error running install_or_update on homeassistant.mycroftai: MergeConflict
2021-11-06 19:42:53.831 | INFO     |  5926 | msm.skill_entry | Downloading skill: https://github.com/mycroftai/skill-spelling
2021-11-06 19:42:53.857 | INFO     |  5926 | msm.skill_entry | Installing requirements.txt for mycroft-ip
2021-11-06 19:42:53.860 | INFO     |  5926 | msm.skill_entry | Installing requirements.txt for fallback-wolfram-alpha
2021-11-06 19:42:53.860 | INFO     |  5926 | msm.skill_entry | Successfully installed mycroft-hello-world
2021-11-06 19:42:53.860 | INFO     |  5926 | msm.mycroft_skills_manager | invalidating skills cache
2021-11-06 19:42:53.864 | INFO     |  5926 | msm.skill_entry | Downloading skill: https://github.com/mycroftai/skill-stop
2021-11-06 19:42:53.871 | INFO     |  5926 | msm.skill_entry | Installing requirements.txt for mycroft-fallback-duck-duck-go
2021-11-06 19:42:53.877 | INFO     |  5926 | msm.skill_entry | Installing system requirements...
2021-11-06 19:42:53.900 | INFO     |  5926 | msm.skill_entry | Successfully installed mycroft-playback-control
2021-11-06 19:42:53.900 | INFO     |  5926 | msm.mycroft_skills_manager | invalidating skills cache
2021-11-06 19:42:53.902 | INFO     |  5926 | msm.skill_entry | Successfully installed mycroft-naptime
2021-11-06 19:42:53.902 | INFO     |  5926 | msm.mycroft_skills_manager | invalidating skills cache
2021-11-06 19:42:53.902 | INFO     |  5926 | msm.skill_entry | Downloading skill: https://github.com/mycroftai/mycroft-timer
2021-11-06 19:42:53.908 | INFO     |  5926 | msm.skill_entry | Downloading skill: https://github.com/mycroftai/skill-support
2021-11-06 19:42:53.920 | INFO     |  5926 | msm.skill_entry | Successfully installed mycroft-personal
2021-11-06 19:42:53.920 | INFO     |  5926 | msm.mycroft_skills_manager | invalidating skills cache
2021-11-06 19:42:53.922 | INFO     |  5926 | msm.skill_entry | Downloading skill: https://github.com/mycroftai/skill-weather
2021-11-06 19:42:53.933 | INFO     |  5926 | msm.skill_entry | Installing requirements.txt for mycroft-audio-record
2021-11-06 19:42:53.974 | INFO     |  5926 | msm.skill_entry | Installing system requirements...
2021-11-06 19:42:53.981 | INFO     |  5926 | msm.skill_entry | Downloading skill: https://github.com/mycroftai/skill-version-checker
2021-11-06 19:42:53.983 | INFO     |  5926 | msm.skill_entry | Installing system requirements...
2021-11-06 19:42:54.020 | INFO     |  5926 | msm.skill_entry | Installing requirements.txt for mycroft-configuration
2021-11-06 19:42:54.025 | INFO     |  5926 | msm.skill_entry | Successfully installed mycroft-reminder
2021-11-06 19:42:54.025 | INFO     |  5926 | msm.mycroft_skills_manager | invalidating skills cache
2021-11-06 19:42:54.026 | INFO     |  5926 | msm.skill_entry | Downloading skill: https://github.com/mycroftai/skill-wiki
2021-11-06 19:42:54.074 | INFO     |  5926 | msm.skill_entry | Installing system requirements...
2021-11-06 19:42:54.110 | INFO     |  5926 | msm.skill_entry | Installing requirements.txt for mycroft-installer
2021-11-06 19:42:54.301 | INFO     |  5926 | msm.skill_entry | Nothing new for mycroft-volume
2021-11-06 19:42:54.314 | INFO     |  5926 | msm.skill_entry | Installing system requirements...
2021-11-06 19:42:54.351 | INFO     |  5926 | msm.skill_entry | Installing requirements.txt for mycroft-volume
2021-11-06 19:42:54.961 | INFO     |  5926 | msm.skill_entry | Installing system requirements...
2021-11-06 19:42:54.981 | INFO     |  5926 | msm.skill_entry | Installing requirements.txt for mycroft-npr-news
2021-11-06 19:42:55.360 | INFO     |  5926 | msm.skill_entry | Installing system requirements...
2021-11-06 19:42:55.488 | INFO     |  5926 | msm.skill_entry | Installing system requirements...
2021-11-06 19:42:55.493 | INFO     |  5926 | msm.skill_entry | Installing system requirements...
2021-11-06 19:42:55.503 | INFO     |  5926 | msm.skill_entry | Installing system requirements...
2021-11-06 19:42:55.512 | INFO     |  5926 | msm.skill_entry | Installing system requirements...
2021-11-06 19:42:55.529 | INFO     |  5926 | msm.skill_entry | Installing system requirements...
2021-11-06 19:42:55.539 | INFO     |  5926 | msm.skill_entry | Installing system requirements...
2021-11-06 19:42:55.546 | INFO     |  5926 | msm.skill_entry | Successfully installed mycroft-speak
2021-11-06 19:42:55.547 | INFO     |  5926 | msm.mycroft_skills_manager | invalidating skills cache
2021-11-06 19:42:55.550 | INFO     |  5926 | msm.skill_entry | Downloading skill: https://github.com/MycroftAI/skill-query
2021-11-06 19:42:55.640 | INFO     |  5926 | msm.skill_entry | Successfully installed mycroft-version-checker
2021-11-06 19:42:55.643 | INFO     |  5926 | msm.mycroft_skills_manager | invalidating skills cache
2021-11-06 19:42:55.645 | INFO     |  5926 | msm.skill_entry | Installing requirements.txt for mycroft-wiki
2021-11-06 19:42:55.665 | INFO     |  5926 | msm.skill_entry | Successfully installed mycroft-spelling
2021-11-06 19:42:55.666 | INFO     |  5926 | msm.mycroft_skills_manager | invalidating skills cache
2021-11-06 19:42:55.680 | INFO     |  5926 | msm.skill_entry | Installing requirements.txt for mycroft-support-helper
2021-11-06 19:42:55.680 | INFO     |  5926 | msm.skill_entry | Installing requirements.txt for mycroft-date-time
2021-11-06 19:42:55.714 | INFO     |  5926 | msm.skill_entry | Successfully installed mycroft-stop
2021-11-06 19:42:55.714 | INFO     |  5926 | msm.mycroft_skills_manager | invalidating skills cache
2021-11-06 19:42:55.765 | INFO     |  5926 | msm.skill_entry | Installing system requirements...
2021-11-06 19:42:55.812 | INFO     |  5926 | msm.skill_entry | Installing system requirements...
2021-11-06 19:42:55.847 | INFO     |  5926 | msm.skill_entry | Installing requirements.txt for mycroft-alarm
2021-11-06 19:42:55.858 | INFO     |  5926 | msm.skill_entry | Successfully installed mycroft-timer
2021-11-06 19:42:55.858 | INFO     |  5926 | msm.mycroft_skills_manager | invalidating skills cache
2021-11-06 19:42:55.964 | INFO     |  5926 | msm.skill_entry | Installing system requirements...
2021-11-06 19:42:56.020 | INFO     |  5926 | msm.skill_entry | Successfully installed mycroft-singing
2021-11-06 19:42:56.021 | INFO     |  5926 | msm.mycroft_skills_manager | invalidating skills cache
2021-11-06 19:42:56.054 | ERROR    |  5926 | msm.mycroft_skills_manager | Error running install_or_update on homeassistant: MergeConflict
2021-11-06 19:42:56.069 | INFO     |  5926 | msm.skill_entry | Installing system requirements...
2021-11-06 19:42:56.094 | INFO     |  5926 | msm.skill_entry | Installing requirements.txt for mycroft-weather
2021-11-06 19:42:56.171 | INFO     |  5926 | msm.skill_entry | Installing system requirements...
2021-11-06 19:42:56.200 | INFO     |  5926 | msm.skill_entry | Successfully installed fallback-query
2021-11-06 19:42:56.200 | INFO     |  5926 | msm.mycroft_skills_manager | invalidating skills cache
2021-11-06 19:42:56.430 | INFO     |  5926 | msm.skill_entry | Successfully installed mycroft-joke
2021-11-06 19:42:56.430 | INFO     |  5926 | msm.mycroft_skills_manager | invalidating skills cache
2021-11-06 19:42:57.262 | INFO     |  5926 | msm.skill_entry | Successfully installed mycroft-ip
2021-11-06 19:42:57.262 | INFO     |  5926 | msm.mycroft_skills_manager | invalidating skills cache
2021-11-06 19:43:01.062 | INFO     |  5926 | msm.skill_entry | Successfully installed fallback-wolfram-alpha
2021-11-06 19:43:01.063 | INFO     |  5926 | msm.mycroft_skills_manager | invalidating skills cache
2021-11-06 19:43:02.480 | INFO     |  5926 | msm.skill_entry | Successfully installed mycroft-fallback-duck-duck-go
2021-11-06 19:43:02.480 | INFO     |  5926 | msm.mycroft_skills_manager | invalidating skills cache
2021-11-06 19:43:03.386 | INFO     |  5926 | msm.skill_entry | Successfully installed mycroft-audio-record
2021-11-06 19:43:03.386 | INFO     |  5926 | msm.mycroft_skills_manager | invalidating skills cache
2021-11-06 19:43:05.839 | INFO     |  5926 | msm.skill_entry | Successfully installed mycroft-configuration
2021-11-06 19:43:05.839 | INFO     |  5926 | msm.mycroft_skills_manager | invalidating skills cache
2021-11-06 19:43:06.733 | INFO     |  5926 | msm.skill_entry | Successfully installed mycroft-installer
2021-11-06 19:43:06.733 | INFO     |  5926 | msm.mycroft_skills_manager | invalidating skills cache
2021-11-06 19:43:10.691 | INFO     |  5926 | msm.skill_entry | Successfully installed mycroft-npr-news
2021-11-06 19:43:10.692 | INFO     |  5926 | msm.mycroft_skills_manager | invalidating skills cache
2021-11-06 19:43:12.341 | INFO     |  5926 | msm.skill_entry | Successfully installed mycroft-wiki
2021-11-06 19:43:12.342 | INFO     |  5926 | msm.mycroft_skills_manager | invalidating skills cache
2021-11-06 19:43:14.343 | INFO     |  5926 | msm.skill_entry | Successfully installed mycroft-support-helper
2021-11-06 19:43:14.343 | INFO     |  5926 | msm.mycroft_skills_manager | invalidating skills cache
2021-11-06 19:43:21.752 | INFO     |  5926 | PairingSkill | Initiating device pairing sequence...
2021-11-06 19:43:21.752 | INFO     |  5926 | PairingSkill | Retrieving pairing code from device API...
2021-11-06 19:43:22.013 | INFO     |  5926 | PairingSkill | Pairing code obtained: MJKHMW
2021-11-06 19:43:22.013 | INFO     |  5926 | PairingSkill | Communicating pairing URL to user
2021-11-06 19:43:30.841 | INFO     |  5926 | msm.skill_entry | Successfully installed mycroft-date-time
2021-11-06 19:43:30.841 | INFO     |  5926 | msm.mycroft_skills_manager | invalidating skills cache
2021-11-06 19:43:31.871 | INFO     |  5926 | msm.skill_entry | Successfully installed mycroft-alarm
2021-11-06 19:43:31.871 | INFO     |  5926 | msm.mycroft_skills_manager | invalidating skills cache
2021-11-06 19:43:32.925 | INFO     |  5926 | msm.skill_entry | Successfully installed mycroft-weather
2021-11-06 19:43:32.925 | INFO     |  5926 | msm.mycroft_skills_manager | invalidating skills cache
2021-11-06 19:43:33.016 | INFO     |  5926 | mycroft.skills.skill_updater:_log_next_download_time:267 | Next scheduled skill update: 2021-11-06 20:43:33.015864
2021-11-06 19:43:33.016 | INFO     |  5926 | mycroft.skills.skill_updater:update_skills:170 | Skill update complete
2021-11-06 19:43:33.017 | INFO     |  5926 | mycroft.skills.skill_manager:_load_on_startup:273 | Loading installed skills...
2021-11-06 19:43:33.018 | INFO     |  5926 | mycroft.skills.skill_loader:load:185 | ATTEMPTING TO LOAD SKILL: mycroft-fallback-duck-duck-go.mycroftai
2021-11-06 19:43:33.030 | INFO     |  5926 | mycroft.skills.settings:get_local_settings:83 | /opt/mycroft/skills/mycroft-fallback-duck-duck-go.mycroftai/settings.json
2021-11-06 19:43:33.050 | INFO     |  5926 | mycroft.skills.skill_loader:_check_for_first_run:324 | First run of mycroft-fallback-duck-duck-go.mycroftai
2021-11-06 19:43:33.051 | INFO     |  5926 | mycroft.skills.settings:save_settings:116 | Skill settings successfully saved to /home/runner/.config/mycroft/skills/mycroft-fallback-duck-duck-go.mycroftai/settings.json
2021-11-06 19:43:33.051 | INFO     |  5926 | mycroft.skills.skill_loader:_communicate_load_status:344 | Skill mycroft-fallback-duck-duck-go.mycroftai loaded successfully
2021-11-06 19:43:33.052 | INFO     |  5926 | mycroft.skills.skill_loader:load:185 | ATTEMPTING TO LOAD SKILL: mycroft-timer.mycroftai
2021-11-06 19:43:33.088 | INFO     |  5926 | mycroft.skills.settings:get_local_settings:83 | /opt/mycroft/skills/mycroft-timer.mycroftai/settings.json
2021-11-06 19:43:33.149 | INFO     |  5926 | mycroft.skills.skill_loader:_check_for_first_run:324 | First run of mycroft-timer.mycroftai
2021-11-06 19:43:33.150 | INFO     |  5926 | mycroft.skills.settings:save_settings:116 | Skill settings successfully saved to /home/runner/.config/mycroft/skills/mycroft-timer.mycroftai/settings.json
2021-11-06 19:43:33.151 | INFO     |  5926 | mycroft.skills.skill_loader:_communicate_load_status:344 | Skill mycroft-timer.mycroftai loaded successfully
2021-11-06 19:43:33.151 | INFO     |  5926 | mycroft.skills.skill_loader:load:185 | ATTEMPTING TO LOAD SKILL: fallback-unknown.mycroftai
2021-11-06 19:43:33.168 | INFO     |  5926 | mycroft.skills.settings:get_local_settings:83 | /opt/mycroft/skills/fallback-unknown.mycroftai/settings.json
2021-11-06 19:43:33.188 | INFO     |  5926 | mycroft.skills.skill_loader:_check_for_first_run:324 | First run of fallback-unknown.mycroftai
2021-11-06 19:43:33.189 | INFO     |  5926 | mycroft.skills.settings:save_settings:116 | Skill settings successfully saved to /home/runner/.config/mycroft/skills/fallback-unknown.mycroftai/settings.json
2021-11-06 19:43:33.195 | INFO     |  5926 | mycroft.skills.skill_loader:_communicate_load_status:344 | Skill fallback-unknown.mycroftai loaded successfully
2021-11-06 19:43:33.196 | INFO     |  5926 | mycroft.skills.skill_loader:load:185 | ATTEMPTING TO LOAD SKILL: mycroft-date-time.mycroftai
2021-11-06 19:43:33.751 | INFO     |  5926 | mycroft.skills.settings:get_local_settings:83 | /opt/mycroft/skills/mycroft-date-time.mycroftai/settings.json
2021-11-06 19:43:33.812 | INFO     |  5926 | TimeSkill | Registering resting screen <bound method TimeSkill.handle_idle of <mycroft-date-time_mycroftai.TimeSkill object at 0x7f46e07b3550>> for Time and Date.
2021-11-06 19:43:33.813 | INFO     |  5926 | TimeSkill | Registering resting screen
2021-11-06 19:43:33.828 | INFO     |  5926 | mycroft.skills.skill_loader:_check_for_first_run:324 | First run of mycroft-date-time.mycroftai
2021-11-06 19:43:33.829 | INFO     |  5926 | mycroft.skills.settings:save_settings:116 | Skill settings successfully saved to /home/runner/.config/mycroft/skills/mycroft-date-time.mycroftai/settings.json
2021-11-06 19:43:33.832 | INFO     |  5926 | mycroft.skills.skill_loader:_communicate_load_status:344 | Skill mycroft-date-time.mycroftai loaded successfully
2021-11-06 19:43:33.833 | INFO     |  5926 | mycroft.skills.skill_loader:load:185 | ATTEMPTING TO LOAD SKILL: mycroft-playback-control.mycroftai
2021-11-06 19:43:33.845 | INFO     |  5926 | mycroft.skills.settings:get_local_settings:83 | /opt/mycroft/skills/mycroft-playback-control.mycroftai/settings.json
2021-11-06 19:43:33.898 | INFO     |  5926 | mycroft.skills.skill_loader:_check_for_first_run:324 | First run of mycroft-playback-control.mycroftai
2021-11-06 19:43:33.899 | INFO     |  5926 | mycroft.skills.settings:save_settings:116 | Skill settings successfully saved to /home/runner/.config/mycroft/skills/mycroft-playback-control.mycroftai/settings.json
2021-11-06 19:43:33.899 | INFO     |  5926 | mycroft.skills.skill_loader:_communicate_load_status:344 | Skill mycroft-playback-control.mycroftai loaded successfully
2021-11-06 19:43:33.900 | INFO     |  5926 | mycroft.skills.skill_loader:load:185 | ATTEMPTING TO LOAD SKILL: mycroft-speak.mycroftai
2021-11-06 19:43:33.917 | INFO     |  5926 | mycroft.skills.settings:get_local_settings:83 | /opt/mycroft/skills/mycroft-speak.mycroftai/settings.json
2021-11-06 19:43:33.960 | INFO     |  5926 | mycroft.skills.skill_loader:_check_for_first_run:324 | First run of mycroft-speak.mycroftai
2021-11-06 19:43:33.960 | INFO     |  5926 | mycroft.skills.settings:save_settings:116 | Skill settings successfully saved to /home/runner/.config/mycroft/skills/mycroft-speak.mycroftai/settings.json
2021-11-06 19:43:33.961 | INFO     |  5926 | mycroft.skills.skill_loader:_communicate_load_status:344 | Skill mycroft-speak.mycroftai loaded successfully
2021-11-06 19:43:33.962 | INFO     |  5926 | mycroft.skills.skill_loader:load:185 | ATTEMPTING TO LOAD SKILL: mycroft-stop.mycroftai
2021-11-06 19:43:33.967 | INFO     |  5926 | mycroft.skills.settings:get_local_settings:83 | /opt/mycroft/skills/mycroft-stop.mycroftai/settings.json
2021-11-06 19:43:33.979 | INFO     |  5926 | mycroft.skills.skill_loader:_check_for_first_run:324 | First run of mycroft-stop.mycroftai
2021-11-06 19:43:33.980 | INFO     |  5926 | mycroft.skills.settings:save_settings:116 | Skill settings successfully saved to /home/runner/.config/mycroft/skills/mycroft-stop.mycroftai/settings.json
2021-11-06 19:43:33.980 | INFO     |  5926 | mycroft.skills.skill_loader:_communicate_load_status:344 | Skill mycroft-stop.mycroftai loaded successfully
2021-11-06 19:43:33.981 | INFO     |  5926 | mycroft.skills.skill_loader:load:185 | ATTEMPTING TO LOAD SKILL: mycroft-installer.mycroftai
2021-11-06 19:43:33.998 | INFO     |  5926 | mycroft.skills.settings:get_local_settings:83 | /opt/mycroft/skills/mycroft-installer.mycroftai/settings.json
2021-11-06 19:43:34.072 | INFO     |  5926 | mycroft.skills.skill_loader:_check_for_first_run:324 | First run of mycroft-installer.mycroftai
2021-11-06 19:43:34.102 | INFO     |  5926 | mycroft.skills.settings:save_settings:116 | Skill settings successfully saved to /home/runner/.config/mycroft/skills/mycroft-installer.mycroftai/settings.json
2021-11-06 19:43:34.102 | INFO     |  5926 | mycroft.skills.skill_loader:_communicate_load_status:344 | Skill mycroft-installer.mycroftai loaded successfully
2021-11-06 19:43:34.103 | INFO     |  5926 | mycroft.skills.skill_loader:load:185 | ATTEMPTING TO LOAD SKILL: mycroft-ip.mycroftai
2021-11-06 19:43:34.133 | INFO     |  5926 | mycroft.skills.settings:get_local_settings:83 | /opt/mycroft/skills/mycroft-ip.mycroftai/settings.json
2021-11-06 19:43:34.144 | INFO     |  5926 | mycroft.skills.skill_loader:_check_for_first_run:324 | First run of mycroft-ip.mycroftai
2021-11-06 19:43:34.145 | INFO     |  5926 | mycroft.skills.settings:save_settings:116 | Skill settings successfully saved to /home/runner/.config/mycroft/skills/mycroft-ip.mycroftai/settings.json
2021-11-06 19:43:34.148 | INFO     |  5926 | mycroft.skills.skill_loader:_communicate_load_status:344 | Skill mycroft-ip.mycroftai loaded successfully
2021-11-06 19:43:34.149 | INFO     |  5926 | mycroft.skills.skill_loader:load:185 | ATTEMPTING TO LOAD SKILL: mycroft-npr-news.mycroftai
2021-11-06 19:43:34.265 | INFO     |  5926 | mycroft.skills.settings:get_local_settings:83 | /opt/mycroft/skills/mycroft-npr-news.mycroftai/settings.json
2021-11-06 19:43:35.280 | INFO     |  5926 | mycroft.skills.skill_loader:_check_for_first_run:324 | First run of mycroft-npr-news.mycroftai
2021-11-06 19:43:35.281 | INFO     |  5926 | mycroft.skills.settings:save_settings:116 | Skill settings successfully saved to /home/runner/.config/mycroft/skills/mycroft-npr-news.mycroftai/settings.json
2021-11-06 19:43:35.320 | INFO     |  5926 | mycroft.skills.skill_loader:_communicate_load_status:344 | Skill mycroft-npr-news.mycroftai loaded successfully
2021-11-06 19:43:35.320 | INFO     |  5926 | mycroft.skills.skill_loader:load:185 | ATTEMPTING TO LOAD SKILL: mycroft-alarm.mycroftai
2021-11-06 19:43:35.343 | INFO     |  5926 | mycroft.skills.settings:get_local_settings:83 | /opt/mycroft/skills/mycroft-alarm.mycroftai/settings.json
2021-11-06 19:43:35.344 | ERROR    |  5926 | AlarmSkill | Couldn't allocate mixer, ALSAAudioError('No such file or directory [default]')
2021-11-06 19:43:35.408 | INFO     |  5926 | mycroft.skills.skill_loader:_check_for_first_run:324 | First run of mycroft-alarm.mycroftai
2021-11-06 19:43:35.412 | INFO     |  5926 | mycroft.skills.settings:save_settings:116 | Skill settings successfully saved to /home/runner/.config/mycroft/skills/mycroft-alarm.mycroftai/settings.json
2021-11-06 19:43:35.426 | INFO     |  5926 | mycroft.skills.skill_loader:_communicate_load_status:344 | Skill mycroft-alarm.mycroftai loaded successfully
2021-11-06 19:43:35.427 | INFO     |  5926 | mycroft.skills.skill_loader:load:185 | ATTEMPTING TO LOAD SKILL: mycroft-reminder.mycroftai
2021-11-06 19:43:35.631 | INFO     |  5926 | mycroft.skills.settings:get_local_settings:83 | /opt/mycroft/skills/mycroft-reminder.mycroftai/settings.json
2021-11-06 19:43:35.696 | INFO     |  5926 | mycroft.skills.skill_loader:_check_for_first_run:324 | First run of mycroft-reminder.mycroftai
2021-11-06 19:43:35.697 | INFO     |  5926 | mycroft.skills.settings:save_settings:116 | Skill settings successfully saved to /home/runner/.config/mycroft/skills/mycroft-reminder.mycroftai/settings.json
2021-11-06 19:43:35.727 | INFO     |  5926 | mycroft.skills.skill_loader:_communicate_load_status:344 | Skill mycroft-reminder.mycroftai loaded successfully
2021-11-06 19:43:35.728 | INFO     |  5926 | mycroft.skills.skill_loader:load:185 | ATTEMPTING TO LOAD SKILL: mycroft-naptime.mycroftai
2021-11-06 19:43:35.877 | INFO     |  5926 | mycroft.skills.settings:get_local_settings:83 | /opt/mycroft/skills/mycroft-naptime.mycroftai/settings.json
2021-11-06 19:43:35.891 | INFO     |  5926 | mycroft.skills.skill_loader:_check_for_first_run:324 | First run of mycroft-naptime.mycroftai
2021-11-06 19:43:35.891 | INFO     |  5926 | mycroft.skills.settings:save_settings:116 | Skill settings successfully saved to /home/runner/.config/mycroft/skills/mycroft-naptime.mycroftai/settings.json
2021-11-06 19:43:35.933 | INFO     |  5926 | mycroft.skills.skill_loader:_communicate_load_status:344 | Skill mycroft-naptime.mycroftai loaded successfully
2021-11-06 19:43:35.934 | INFO     |  5926 | mycroft.skills.skill_loader:load:185 | ATTEMPTING TO LOAD SKILL: mycroft-joke.mycroftai
2021-11-06 19:43:35.946 | INFO     |  5926 | mycroft.skills.settings:get_local_settings:83 | /opt/mycroft/skills/mycroft-joke.mycroftai/settings.json
2021-11-06 19:43:35.983 | INFO     |  5926 | mycroft.skills.skill_loader:_check_for_first_run:324 | First run of mycroft-joke.mycroftai
2021-11-06 19:43:35.990 | INFO     |  5926 | mycroft.skills.settings:save_settings:116 | Skill settings successfully saved to /home/runner/.config/mycroft/skills/mycroft-joke.mycroftai/settings.json
2021-11-06 19:43:36.027 | INFO     |  5926 | mycroft.skills.skill_loader:_communicate_load_status:344 | Skill mycroft-joke.mycroftai loaded successfully
2021-11-06 19:43:36.028 | INFO     |  5926 | mycroft.skills.skill_loader:load:185 | ATTEMPTING TO LOAD SKILL: mycroft-personal.mycroftai
2021-11-06 19:43:36.034 | INFO     |  5926 | mycroft.skills.settings:get_local_settings:83 | /opt/mycroft/skills/mycroft-personal.mycroftai/settings.json
2021-11-06 19:43:36.063 | INFO     |  5926 | mycroft.skills.skill_loader:_check_for_first_run:324 | First run of mycroft-personal.mycroftai
2021-11-06 19:43:36.063 | INFO     |  5926 | mycroft.skills.settings:save_settings:116 | Skill settings successfully saved to /home/runner/.config/mycroft/skills/mycroft-personal.mycroftai/settings.json
2021-11-06 19:43:36.075 | INFO     |  5926 | mycroft.skills.skill_loader:_communicate_load_status:344 | Skill mycroft-personal.mycroftai loaded successfully
2021-11-06 19:43:36.075 | INFO     |  5926 | mycroft.skills.skill_loader:load:185 | ATTEMPTING TO LOAD SKILL: mycroft-support-helper.mycroftai
2021-11-06 19:43:36.084 | INFO     |  5926 | mycroft.skills.settings:get_local_settings:83 | /opt/mycroft/skills/mycroft-support-helper.mycroftai/settings.json
2021-11-06 19:43:36.091 | INFO     |  5926 | mycroft.skills.skill_loader:_check_for_first_run:324 | First run of mycroft-support-helper.mycroftai
2021-11-06 19:43:36.091 | INFO     |  5926 | mycroft.skills.settings:save_settings:116 | Skill settings successfully saved to /home/runner/.config/mycroft/skills/mycroft-support-helper.mycroftai/settings.json
2021-11-06 19:43:36.111 | INFO     |  5926 | mycroft.skills.skill_loader:_communicate_load_status:344 | Skill mycroft-support-helper.mycroftai loaded successfully
2021-11-06 19:43:36.116 | INFO     |  5926 | mycroft.skills.skill_loader:load:185 | ATTEMPTING TO LOAD SKILL: mycroft-wiki.mycroftai
2021-11-06 19:43:36.122 | INFO     |  5926 | mycroft.skills.settings:get_local_settings:83 | /opt/mycroft/skills/mycroft-wiki.mycroftai/settings.json
2021-11-06 19:43:36.131 | INFO     |  5926 | mycroft.skills.skill_loader:_check_for_first_run:324 | First run of mycroft-wiki.mycroftai
2021-11-06 19:43:36.132 | INFO     |  5926 | mycroft.skills.settings:save_settings:116 | Skill settings successfully saved to /home/runner/.config/mycroft/skills/mycroft-wiki.mycroftai/settings.json
2021-11-06 19:43:36.177 | INFO     |  5926 | mycroft.skills.skill_loader:_communicate_load_status:344 | Skill mycroft-wiki.mycroftai loaded successfully
2021-11-06 19:43:36.177 | INFO     |  5926 | mycroft.skills.skill_loader:load:185 | ATTEMPTING TO LOAD SKILL: mycroft-hello-world.mycroftai
2021-11-06 19:43:36.181 | INFO     |  5926 | mycroft.skills.settings:get_local_settings:83 | /opt/mycroft/skills/mycroft-hello-world.mycroftai/settings.json
2021-11-06 19:43:36.196 | INFO     |  5926 | mycroft.skills.skill_loader:_check_for_first_run:324 | First run of mycroft-hello-world.mycroftai
2021-11-06 19:43:36.197 | INFO     |  5926 | mycroft.skills.settings:save_settings:116 | Skill settings successfully saved to /home/runner/.config/mycroft/skills/mycroft-hello-world.mycroftai/settings.json
2021-11-06 19:43:36.211 | INFO     |  5926 | mycroft.skills.skill_loader:_communicate_load_status:344 | Skill mycroft-hello-world.mycroftai loaded successfully
2021-11-06 19:43:36.211 | INFO     |  5926 | mycroft.skills.skill_loader:load:185 | ATTEMPTING TO LOAD SKILL: mycroft-weather.mycroftai
2021-11-06 19:43:36.230 | INFO     |  5926 | mycroft.skills.settings:get_local_settings:83 | /opt/mycroft/skills/mycroft-weather.mycroftai/settings.json
2021-11-06 19:43:36.399 | INFO     |  5926 | mycroft.skills.skill_loader:_check_for_first_run:324 | First run of mycroft-weather.mycroftai
2021-11-06 19:43:36.402 | INFO     |  5926 | mycroft.skills.settings:save_settings:116 | Skill settings successfully saved to /home/runner/.config/mycroft/skills/mycroft-weather.mycroftai/settings.json
2021-11-06 19:43:36.413 | INFO     |  5926 | mycroft.skills.skill_loader:_communicate_load_status:344 | Skill mycroft-weather.mycroftai loaded successfully
2021-11-06 19:43:36.413 | INFO     |  5926 | mycroft.skills.skill_loader:load:185 | ATTEMPTING TO LOAD SKILL: mycroft-configuration.mycroftai
2021-11-06 19:43:36.418 | INFO     |  5926 | mycroft.skills.settings:get_local_settings:83 | /opt/mycroft/skills/mycroft-configuration.mycroftai/settings.json
2021-11-06 19:43:36.444 | INFO     |  5926 | mycroft.skills.skill_loader:_check_for_first_run:324 | First run of mycroft-configuration.mycroftai
2021-11-06 19:43:36.446 | INFO     |  5926 | mycroft.skills.settings:save_settings:116 | Skill settings successfully saved to /home/runner/.config/mycroft/skills/mycroft-configuration.mycroftai/settings.json
2021-11-06 19:43:36.477 | INFO     |  5926 | mycroft.skills.skill_loader:_communicate_load_status:344 | Skill mycroft-configuration.mycroftai loaded successfully
2021-11-06 19:43:36.477 | INFO     |  5926 | mycroft.skills.skill_loader:load:185 | ATTEMPTING TO LOAD SKILL: homeassistant.mycroftai
2021-11-06 19:43:36.796 | INFO     |  5926 | mycroft.skills.settings:get_local_settings:83 | /opt/mycroft/skills/homeassistant.mycroftai/settings.json
2021-11-06 19:43:36.921 | INFO     |  5926 | mycroft.skills.settings:get_local_settings:83 | /opt/mycroft/skills/homeassistant.mycroftai/settings.json
2021-11-06 19:43:36.957 | INFO     |  5926 | mycroft.skills.skill_loader:_communicate_load_status:344 | Skill homeassistant.mycroftai loaded successfully
2021-11-06 19:43:36.958 | INFO     |  5926 | mycroft.skills.skill_loader:load:185 | ATTEMPTING TO LOAD SKILL: mycroft-audio-record.mycroftai
2021-11-06 19:43:36.984 | INFO     |  5926 | mycroft.skills.settings:get_local_settings:83 | /opt/mycroft/skills/mycroft-audio-record.mycroftai/settings.json
2021-11-06 19:43:37.005 | INFO     |  5926 | mycroft.skills.skill_loader:_check_for_first_run:324 | First run of mycroft-audio-record.mycroftai
2021-11-06 19:43:37.006 | INFO     |  5926 | mycroft.skills.settings:save_settings:116 | Skill settings successfully saved to /home/runner/.config/mycroft/skills/mycroft-audio-record.mycroftai/settings.json
2021-11-06 19:43:37.060 | INFO     |  5926 | mycroft.skills.skill_loader:_communicate_load_status:344 | Skill mycroft-audio-record.mycroftai loaded successfully
2021-11-06 19:43:37.061 | INFO     |  5926 | mycroft.skills.skill_loader:load:185 | ATTEMPTING TO LOAD SKILL: mycroft-version-checker.mycroftai
2021-11-06 19:43:37.067 | INFO     |  5926 | mycroft.skills.settings:get_local_settings:83 | /opt/mycroft/skills/mycroft-version-checker.mycroftai/settings.json
2021-11-06 19:43:37.081 | INFO     |  5926 | mycroft.skills.skill_loader:_check_for_first_run:324 | First run of mycroft-version-checker.mycroftai
2021-11-06 19:43:37.082 | INFO     |  5926 | mycroft.skills.settings:save_settings:116 | Skill settings successfully saved to /home/runner/.config/mycroft/skills/mycroft-version-checker.mycroftai/settings.json
2021-11-06 19:43:37.124 | INFO     |  5926 | mycroft.skills.skill_loader:_communicate_load_status:344 | Skill mycroft-version-checker.mycroftai loaded successfully
2021-11-06 19:43:37.126 | INFO     |  5926 | mycroft.skills.skill_loader:load:185 | ATTEMPTING TO LOAD SKILL: fallback-wolfram-alpha.mycroftai
2021-11-06 19:43:37.162 | INFO     |  5926 | mycroft.skills.settings:get_local_settings:83 | /opt/mycroft/skills/fallback-wolfram-alpha.mycroftai/settings.json
2021-11-06 19:43:37.181 | INFO     |  5926 | mycroft.skills.skill_loader:_check_for_first_run:324 | First run of fallback-wolfram-alpha.mycroftai
2021-11-06 19:43:37.185 | INFO     |  5926 | mycroft.skills.settings:save_settings:116 | Skill settings successfully saved to /home/runner/.config/mycroft/skills/fallback-wolfram-alpha.mycroftai/settings.json
2021-11-06 19:43:37.222 | INFO     |  5926 | mycroft.skills.skill_loader:_communicate_load_status:344 | Skill fallback-wolfram-alpha.mycroftai loaded successfully
2021-11-06 19:43:37.223 | INFO     |  5926 | mycroft.skills.skill_loader:load:185 | ATTEMPTING TO LOAD SKILL: mycroft-spelling.mycroftai
2021-11-06 19:43:37.227 | INFO     |  5926 | mycroft.skills.settings:get_local_settings:83 | /opt/mycroft/skills/mycroft-spelling.mycroftai/settings.json
2021-11-06 19:43:37.237 | INFO     |  5926 | mycroft.skills.skill_loader:_check_for_first_run:324 | First run of mycroft-spelling.mycroftai
2021-11-06 19:43:37.238 | INFO     |  5926 | mycroft.skills.settings:save_settings:116 | Skill settings successfully saved to /home/runner/.config/mycroft/skills/mycroft-spelling.mycroftai/settings.json
2021-11-06 19:43:37.263 | INFO     |  5926 | mycroft.skills.skill_loader:_communicate_load_status:344 | Skill mycroft-spelling.mycroftai loaded successfully
2021-11-06 19:43:37.264 | INFO     |  5926 | mycroft.skills.skill_loader:load:185 | ATTEMPTING TO LOAD SKILL: fallback-query.mycroftai
2021-11-06 19:43:37.269 | INFO     |  5926 | mycroft.skills.settings:get_local_settings:83 | /opt/mycroft/skills/fallback-query.mycroftai/settings.json
2021-11-06 19:43:37.276 | INFO     |  5926 | mycroft.skills.skill_loader:_check_for_first_run:324 | First run of fallback-query.mycroftai
2021-11-06 19:43:37.277 | INFO     |  5926 | mycroft.skills.settings:save_settings:116 | Skill settings successfully saved to /home/runner/.config/mycroft/skills/fallback-query.mycroftai/settings.json
2021-11-06 19:43:37.323 | INFO     |  5926 | mycroft.skills.skill_loader:_communicate_load_status:344 | Skill fallback-query.mycroftai loaded successfully
2021-11-06 19:43:37.324 | INFO     |  5926 | mycroft.skills.skill_loader:load:185 | ATTEMPTING TO LOAD SKILL: mycroft-singing.mycroftai
2021-11-06 19:43:37.328 | INFO     |  5926 | mycroft.skills.settings:get_local_settings:83 | /opt/mycroft/skills/mycroft-singing.mycroftai/settings.json
2021-11-06 19:43:37.338 | INFO     |  5926 | mycroft.skills.skill_loader:_check_for_first_run:324 | First run of mycroft-singing.mycroftai
2021-11-06 19:43:37.340 | INFO     |  5926 | mycroft.skills.settings:save_settings:116 | Skill settings successfully saved to /home/runner/.config/mycroft/skills/mycroft-singing.mycroftai/settings.json
2021-11-06 19:43:37.368 | INFO     |  5926 | mycroft.skills.skill_loader:_communicate_load_status:344 | Skill mycroft-singing.mycroftai loaded successfully
2021-11-06 19:43:37.368 | INFO     |  5926 | mycroft.skills.skill_manager:_load_on_startup:275 | Skills all loaded!
2021-11-06 19:43:37.371 | INFO     |  5926 | mycroft.skills.intent_services.padatious_service:train:151 | Training... (single_thread=False)
2021-11-06 19:43:37.478 | INFO     |  5926 | __main__:on_ready:185 | Skills service is ready.
Regenerated mycroft-alarm.mycroftai:{daytype}.
Regenerated mycroft-stop.mycroftai:reboot.intent.
Regenerated mycroft-stop.mycroftai:wifi.setup.intent.
Regenerated mycroft-stop.mycroftai:ssh.enable.intent.
Regenerated mycroft-installer.mycroftai:list.skills.intent.
Regenerated mycroft-installer.mycroftai:install.custom.intent.
Regenerated mycroft-installer.mycroftai:remove.intent.
Regenerated mycroft-installer.mycroftai:install.intent.
Regenerated mycroft-installer.mycroftai:install.beta.intent.
Regenerated mycroft-installer.mycroftai:is.installed.intent.
Regenerated mycroft-npr-news.mycroftai:PlayTheNews.intent.
Regenerated mycroft-alarm.mycroftai:change.alarm.sound.intent.
Regenerated mycroft-alarm.mycroftai:snooze.intent.
Regenerated mycroft-reminder.mycroftai:UnspecifiedReminderAt.intent.
Regenerated mycroft-reminder.mycroftai:DeleteReminderForDay.intent.
Regenerated mycroft-reminder.mycroftai:Reminder.intent.
Regenerated mycroft-reminder.mycroftai:GetRemindersForDay.intent.
Regenerated homeassistant.mycroftai:turn.on.intent.
Regenerated homeassistant.mycroftai:automation.intent.
Regenerated homeassistant.mycroftai:turn.off.intent.
Regenerated homeassistant.mycroftai:set.climate.intent.
Regenerated homeassistant.mycroftai:increase.light.brightness.intent.
Regenerated homeassistant.mycroftai:open.intent.
Regenerated homeassistant.mycroftai:decrease.light.brightness.intent.
Regenerated homeassistant.mycroftai:stop.intent.
Regenerated mycroft-timer.mycroftai:start.timer.intent.
Regenerated mycroft-timer.mycroftai:timer.status.intent.
Regenerated mycroft-date-time.mycroftai:what.time.is.it.intent.
Regenerated mycroft-date-time.mycroftai:date.future.weekend.intent.
Regenerated mycroft-date-time.mycroftai:date.last.weekend.intent.
Regenerated mycroft-date-time.mycroftai:what.time.will.it.be.intent.
Regenerated mycroft-stop.mycroftai:shutdown.intent.
Regenerated mycroft-stop.mycroftai:ssh.disable.intent.
Regenerated mycroft-reminder.mycroftai:SnoozeReminder.intent.
Regenerated mycroft-reminder.mycroftai:ReminderAt.intent.
Regenerated mycroft-reminder.mycroftai:CancelActiveReminder.intent.
Regenerated mycroft-reminder.mycroftai:GetNextReminders.intent.
Regenerated mycroft-reminder.mycroftai:ClearReminders.intent.
Regenerated mycroft-personal.mycroftai:WhoMadeYou.intent.
Regenerated mycroft-personal.mycroftai:WhoAreYou.intent.
Regenerated mycroft-personal.mycroftai:DoYouRhyme.intent.
Regenerated mycroft-personal.mycroftai:WhenWereYouBorn.intent.
Regenerated mycroft-personal.mycroftai:WhatAreYou.intent.
Regenerated mycroft-personal.mycroftai:DoYouDream.intent.
Regenerated mycroft-personal.mycroftai:WhereWereYouBorn.intent.
Regenerated mycroft-support-helper.mycroftai:contact.support.intent.
Regenerated mycroft-wiki.mycroftai:Random.intent.
Regenerated mycroft-hello-world.mycroftai:HowAreYou.intent.
Regenerated mycroft-weather.mycroftai:do-i-need-an-umbrella.intent.
Regenerated mycroft-configuration.mycroftai:WhereAreYou.intent.
Regenerated mycroft-configuration.mycroftai:DisablePreciseDev.intent.
Regenerated mycroft-configuration.mycroftai:EnablePreciseDev.intent.
Regenerated homeassistant.mycroftai:close.intent.
Regenerated homeassistant.mycroftai:add.item.shopping.list.intent.
Regenerated homeassistant.mycroftai:tracker.intent.
Regenerated homeassistant.mycroftai:set.light.brightness.intent.
Regenerated homeassistant.mycroftai:toggle.intent.
Regenerated homeassistant.mycroftai:sensor.intent.
Regenerated mycroft-audio-record.mycroftai:PlayRecording.intent.
Regenerated mycroft-audio-record.mycroftai:StartRecording.intent.
2021-11-06 19:43:42.579 | INFO     |  5926 | mycroft.skills.intent_services.padatious_service:train:153 | Training complete.
2021-11-06 19:43:52.365 | INFO     |  5926 | mycroft.skills.settings:save_settings:116 | Skill settings successfully saved to /home/runner/.config/mycroft/skills/mycroft-pairing.mycroftai/settings.json
2021-11-06 19:43:52.664 | INFO     |  5926 | mycroft.skills.settings:save_settings:116 | Skill settings successfully saved to /home/runner/.config/mycroft/skills/mycroft-timer.mycroftai/settings.json
2021-11-06 19:44:17.419 | INFO     |  5926 | __main__:on_stopping:193 | Skills service is shutting down...
2021-11-06 19:44:17.420 | INFO     |  5926 | __main__:shutdown:284 | Shutting down Skills service
2021-11-06 19:44:17.496 | ERROR    |  5926 | VolumeSkill | Couldn't allocate mixer, ALSAAudioError('No such file or directory [default]')
2021-11-06 19:44:17.498 | INFO     |  5926 | mycroft.skills.settings:save_settings:116 | Skill settings successfully saved to /home/runner/.config/mycroft/skills/mycroft-volume.mycroftai/settings.json
2021-11-06 19:44:17.512 | INFO     |  5926 | mycroft.skills.settings:save_settings:116 | Skill settings successfully saved to /home/runner/.config/mycroft/skills/mycroft-fallback-duck-duck-go.mycroftai/settings.json
2021-11-06 19:44:17.514 | INFO     |  5926 | UnknownSkill | Removing all handlers...
2021-11-06 19:44:17.514 | INFO     |  5926 | mycroft.skills.settings:save_settings:116 | Skill settings successfully saved to /home/runner/.config/mycroft/skills/fallback-unknown.mycroftai/settings.json
2021-11-06 19:44:17.515 | INFO     |  5926 | mycroft.skills.settings:save_settings:116 | Skill settings successfully saved to /home/runner/.config/mycroft/skills/mycroft-date-time.mycroftai/settings.json
2021-11-06 19:44:17.530 | INFO     |  5926 | mycroft.skills.settings:save_settings:116 | Skill settings successfully saved to /home/runner/.config/mycroft/skills/mycroft-playback-control.mycroftai/settings.json
2021-11-06 19:44:18.530 | INFO     |  5926 | Playback Control Skill | Audio service status: {}
2021-11-06 19:44:19.532 | WARNING  |  5926 | mycroft.skills.skill_manager:_shutdown_skill:106 | mycroft-playback-control.mycroftai shutdown took 2.0018895970000017 seconds
2021-11-06 19:44:19.532 | INFO     |  5926 | mycroft.skills.settings:save_settings:116 | Skill settings successfully saved to /home/runner/.config/mycroft/skills/mycroft-speak.mycroftai/settings.json
2021-11-06 19:44:19.547 | INFO     |  5926 | mycroft.skills.settings:save_settings:116 | Skill settings successfully saved to /home/runner/.config/mycroft/skills/mycroft-stop.mycroftai/settings.json
2021-11-06 19:44:19.548 | INFO     |  5926 | mycroft.skills.settings:save_settings:116 | Skill settings successfully saved to /home/runner/.config/mycroft/skills/mycroft-installer.mycroftai/settings.json
2021-11-06 19:44:19.549 | INFO     |  5926 | mycroft.skills.settings:save_settings:116 | Skill settings successfully saved to /home/runner/.config/mycroft/skills/mycroft-ip.mycroftai/settings.json
2021-11-06 19:44:19.550 | INFO     |  5926 | mycroft.skills.settings:save_settings:116 | Skill settings successfully saved to /home/runner/.config/mycroft/skills/mycroft-npr-news.mycroftai/settings.json
2021-11-06 19:44:19.551 | INFO     |  5926 | mycroft.skills.settings:save_settings:116 | Skill settings successfully saved to /home/runner/.config/mycroft/skills/mycroft-alarm.mycroftai/settings.json
2021-11-06 19:44:19.572 | INFO     |  5926 | mycroft.skills.settings:save_settings:116 | Skill settings successfully saved to /home/runner/.config/mycroft/skills/mycroft-reminder.mycroftai/settings.json
2021-11-06 19:44:19.574 | INFO     |  5926 | mycroft.skills.settings:save_settings:116 | Skill settings successfully saved to /home/runner/.config/mycroft/skills/mycroft-naptime.mycroftai/settings.json
2021-11-06 19:44:19.575 | INFO     |  5926 | mycroft.skills.settings:save_settings:116 | Skill settings successfully saved to /home/runner/.config/mycroft/skills/mycroft-joke.mycroftai/settings.json
2021-11-06 19:44:19.576 | INFO     |  5926 | mycroft.skills.settings:save_settings:116 | Skill settings successfully saved to /home/runner/.config/mycroft/skills/mycroft-personal.mycroftai/settings.json
2021-11-06 19:44:19.576 | INFO     |  5926 | mycroft.skills.settings:save_settings:116 | Skill settings successfully saved to /home/runner/.config/mycroft/skills/mycroft-support-helper.mycroftai/settings.json
2021-11-06 19:44:19.592 | INFO     |  5926 | mycroft.skills.settings:save_settings:116 | Skill settings successfully saved to /home/runner/.config/mycroft/skills/mycroft-wiki.mycroftai/settings.json
2021-11-06 19:44:19.613 | INFO     |  5926 | mycroft.skills.settings:save_settings:116 | Skill settings successfully saved to /home/runner/.config/mycroft/skills/mycroft-hello-world.mycroftai/settings.json
2021-11-06 19:44:19.633 | INFO     |  5926 | mycroft.skills.settings:save_settings:116 | Skill settings successfully saved to /home/runner/.config/mycroft/skills/mycroft-weather.mycroftai/settings.json
2021-11-06 19:44:19.635 | INFO     |  5926 | mycroft.skills.settings:save_settings:116 | Skill settings successfully saved to /home/runner/.config/mycroft/skills/mycroft-configuration.mycroftai/settings.json
2021-11-06 19:44:19.636 | INFO     |  5926 | HomeAssistantSkill | Removing all handlers...
2021-11-06 19:44:19.637 | WARNING  |  5926 | mycroft.skills.fallback_skill:remove_fallback:185 | Could not find matching fallback handler
2021-11-06 19:44:19.642 | INFO     |  5926 | mycroft.skills.settings:save_settings:116 | Skill settings successfully saved to /home/runner/.config/mycroft/skills/mycroft-audio-record.mycroftai/settings.json
2021-11-06 19:44:19.643 | INFO     |  5926 | mycroft.skills.settings:save_settings:116 | Skill settings successfully saved to /home/runner/.config/mycroft/skills/mycroft-version-checker.mycroftai/settings.json
2021-11-06 19:44:19.645 | INFO     |  5926 | mycroft.skills.settings:save_settings:116 | Skill settings successfully saved to /home/runner/.config/mycroft/skills/fallback-wolfram-alpha.mycroftai/settings.json
2021-11-06 19:44:19.646 | INFO     |  5926 | mycroft.skills.settings:save_settings:116 | Skill settings successfully saved to /home/runner/.config/mycroft/skills/mycroft-spelling.mycroftai/settings.json
2021-11-06 19:44:19.646 | INFO     |  5926 | QuestionsAnswersSkill | Removing all handlers...
2021-11-06 19:44:19.647 | INFO     |  5926 | mycroft.skills.settings:save_settings:116 | Skill settings successfully saved to /home/runner/.config/mycroft/skills/fallback-query.mycroftai/settings.json
2021-11-06 19:44:19.660 | INFO     |  5926 | mycroft.skills.settings:save_settings:116 | Skill settings successfully saved to /home/runner/.config/mycroft/skills/mycroft-singing.mycroftai/settings.json
2021-11-06 19:44:19.661 | INFO     |  5926 | __main__:shutdown:291 | Skills service shutdown complete!
2021-11-06 19:44:19.661 | ERROR    |  5926 | websocket | error from callback <bound method MessageBusClient.on_message of <mycroft.messagebus.client.client.MessageBusClient object at 0x7f46e92cac10>>: cannot schedule new futures after shutdown
2021-11-06 19:44:19.661 | ERROR    |  5926 | mycroft_bus_client.client.client | === RuntimeError('cannot schedule new futures after shutdown') ===
Traceback (most recent call last):
  File "/opt/mycroft-core/.venv/lib/python3.7/site-packages/websocket/_app.py", line 407, in _callback
    callback(self, *args)
  File "/opt/mycroft-core/.venv/lib/python3.7/site-packages/mycroft_bus_client/client/client.py", line 182, in on_message
    self.emitter.emit('message', message)
  File "/opt/mycroft-core/.venv/lib/python3.7/site-packages/pyee/_base.py", line 113, in emit
    handled = self._call_handlers(event, args, kwargs)
  File "/opt/mycroft-core/.venv/lib/python3.7/site-packages/pyee/_base.py", line 96, in _call_handlers
    self._emit_run(f, args, kwargs)
  File "/opt/mycroft-core/.venv/lib/python3.7/site-packages/pyee/_executor.py", line 50, in _emit_run
    future = self._executor.submit(f, *args, **kwargs)
  File "/opt/hostedtoolcache/Python/3.7.12/x64/lib/python3.7/concurrent/futures/thread.py", line 163, in submit
    raise RuntimeError('cannot schedule new futures after shutdown')
RuntimeError: cannot schedule new futures after shutdown
2021-11-06 19:44:19.662 | ERROR    |  5926 | mycroft_bus_client.client.client | Exception closing websocket: RuntimeError('cannot schedule new futures after shutdown')
2021-11-06 19:44:19.662 | WARNING  |  5926 | mycroft_bus_client.client.client | Message Bus Client will reconnect in 5.0 seconds.
