2021-11-19 07:16:08.899 | INFO     |  5516 | mycroft.messagebus.load_config:load_message_bus_config:33 | Loading message bus configs
2021-11-19 07:16:08.912 | ERROR    |  5516 | mycroft_bus_client.client.client | === ConnectionRefusedError(111, 'Connection refused') ===
Traceback (most recent call last):
  File "/opt/mycroft-core/.venv/lib/python3.7/site-packages/websocket/_app.py", line 318, in run_forever
    proxy_type=proxy_type)
  File "/opt/mycroft-core/.venv/lib/python3.7/site-packages/websocket/_core.py", line 250, in connect
    options.pop('socket', None))
  File "/opt/mycroft-core/.venv/lib/python3.7/site-packages/websocket/_http.py", line 130, in connect
    sock = _open_socket(addrinfo_list, options.sockopt, options.timeout)
  File "/opt/mycroft-core/.venv/lib/python3.7/site-packages/websocket/_http.py", line 208, in _open_socket
    raise err
  File "/opt/mycroft-core/.venv/lib/python3.7/site-packages/websocket/_http.py", line 185, in _open_socket
    sock.connect(address)
ConnectionRefusedError: [Errno 111] Connection refused
2021-11-19 07:16:08.914 | ERROR    |  5516 | mycroft_bus_client.client.client | Exception closing websocket: ConnectionRefusedError(111, 'Connection refused')
2021-11-19 07:16:08.920 | WARNING  |  5516 | mycroft_bus_client.client.client | Message Bus Client will reconnect in 5.0 seconds.
2021-11-19 07:16:13.926 | INFO     |  5516 | mycroft_bus_client.client.client | Connected
2021-11-19 07:16:13.928 | INFO     |  5516 | mycroft.util.process_utils:start_message_bus_client:155 | Connected to messagebus
2021-11-19 07:16:13.936 | INFO     |  5516 | mycroft.skills.msm_wrapper:create_msm:96 | Acquiring lock to instantiate MSM
2021-11-19 07:16:13.936 | INFO     |  5516 | msm.mycroft_skills_manager | building SkillEntry objects for all skills
2021-11-19 07:16:14.339 | INFO     |  5516 | mycroft.skills.msm_wrapper:create_msm:112 | Releasing MSM instantiation lock.
2021-11-19 07:16:14.339 | INFO     |  5516 | mycroft.skills.skill_updater:_log_next_download_time:267 | Next scheduled skill update: 2021-11-19 07:16:13.339329
2021-11-19 07:16:14.340 | INFO     |  5516 | msm.skill_entry | Downloading skill: https://github.com/mycroftai/skill-pairing
2021-11-19 07:16:14.776 | INFO     |  5516 | msm.skill_entry | Installing system requirements...
2021-11-19 07:16:14.810 | INFO     |  5516 | msm.skill_entry | Successfully installed mycroft-pairing
2021-11-19 07:16:14.810 | INFO     |  5516 | msm.mycroft_skills_manager | invalidating skills cache
2021-11-19 07:16:14.812 | INFO     |  5516 | mycroft.skills.skill_loader:load:185 | ATTEMPTING TO LOAD SKILL: mycroft-pairing.mycroftai
2021-11-19 07:16:14.825 | INFO     |  5516 | mycroft.skills.settings:get_local_settings:83 | /opt/mycroft/skills/mycroft-pairing.mycroftai/settings.json
2021-11-19 07:16:14.859 | INFO     |  5516 | mycroft.skills.skill_loader:_check_for_first_run:324 | First run of mycroft-pairing.mycroftai
2021-11-19 07:16:14.872 | INFO     |  5516 | mycroft.skills.settings:save_settings:116 | Skill settings successfully saved to /home/runner/.config/mycroft/skills/mycroft-pairing.mycroftai/settings.json
2021-11-19 07:16:14.876 | INFO     |  5516 | mycroft.skills.skill_loader:_communicate_load_status:344 | Skill mycroft-pairing.mycroftai loaded successfully
2021-11-19 07:16:14.876 | INFO     |  5516 | msm.skill_entry | Downloading skill: https://github.com/mycroftai/skill-volume
2021-11-19 07:16:15.313 | INFO     |  5516 | msm.skill_entry | Installing system requirements...
2021-11-19 07:16:15.326 | INFO     |  5516 | msm.skill_entry | Installing requirements.txt for mycroft-volume
2021-11-19 07:16:16.367 | INFO     |  5516 | msm.skill_entry | Successfully installed mycroft-volume
2021-11-19 07:16:16.367 | INFO     |  5516 | msm.mycroft_skills_manager | invalidating skills cache
2021-11-19 07:16:16.368 | INFO     |  5516 | mycroft.skills.skill_loader:load:185 | ATTEMPTING TO LOAD SKILL: mycroft-volume.mycroftai
2021-11-19 07:16:16.377 | INFO     |  5516 | mycroft.skills.settings:get_local_settings:83 | /opt/mycroft/skills/mycroft-volume.mycroftai/settings.json
2021-11-19 07:16:16.446 | ERROR    |  5516 | VolumeSkill | Couldn't allocate mixer, ALSAAudioError('No such file or directory [default]')
2021-11-19 07:16:19.450 | INFO     |  5516 | mycroft.skills.skill_loader:_check_for_first_run:324 | First run of mycroft-volume.mycroftai
2021-11-19 07:16:19.451 | INFO     |  5516 | mycroft.skills.settings:save_settings:116 | Skill settings successfully saved to /home/runner/.config/mycroft/skills/mycroft-volume.mycroftai/settings.json
2021-11-19 07:16:19.515 | INFO     |  5516 | mycroft.skills.skill_loader:_communicate_load_status:344 | Skill mycroft-volume.mycroftai loaded successfully
2021-11-19 07:16:19.516 | INFO     |  5516 | __main__:on_started:177 | Skills service is starting up.
2021-11-19 07:16:19.581 | INFO     |  5516 | __main__:_update_system:154 | Attempting system update...
2021-11-19 07:16:22.591 | INFO     |  5516 | mycroft.enclosure.display_manager:_write_data:70 | Display Manager is creating /tmp/mycroft/ipc/managers/disp_info
2021-11-19 07:16:22.592 | INFO     |  5516 | __main__:_ensure_device_is_paired:133 | Device not paired, invoking the pairing skill
2021-11-19 07:16:22.595 | INFO     |  5516 | __main__:on_alive:181 | Skills service is alive.
2021-11-19 07:16:22.608 | INFO     |  5516 | msm.mycroft_skills_manager | building SkillEntry objects for all skills
2021-11-19 07:16:22.866 | WARNING  |  5516 | msm.mycroft_skills_manager | No such default skill: mycroft-pandora
2021-11-19 07:16:22.867 | INFO     |  5516 | mycroft.skills.skill_manager:run:234 | Not all default skills are installed, performing skill update...
2021-11-19 07:16:22.867 | INFO     |  5516 | mycroft.skills.skill_updater:update_skills:149 | Beginning skill update...
2021-11-19 07:16:22.928 | INFO     |  5516 | msm.mycroft_skills_manager | building SkillEntry objects for all skills
2021-11-19 07:16:23.175 | INFO     |  5516 | msm.mycroft_skills_manager | invalidating skills cache
2021-11-19 07:16:23.224 | INFO     |  5516 | msm.skill_entry | Downloading skill: https://github.com/mycroftai/fallback-unknown
2021-11-19 07:16:23.244 | INFO     |  5516 | msm.skill_entry | Downloading skill: https://github.com/mycroftai/skill-alarm
2021-11-19 07:16:23.260 | INFO     |  5516 | msm.skill_entry | Downloading skill: https://github.com/mycroftai/skill-date-time
2021-11-19 07:16:23.262 | INFO     |  5516 | msm.skill_entry | Downloading skill: https://github.com/mycroftai/skill-audio-record
2021-11-19 07:16:23.262 | INFO     |  5516 | msm.skill_entry | Downloading skill: https://github.com/mycroftai/fallback-duckduckgo
2021-11-19 07:16:23.263 | INFO     |  5516 | msm.skill_entry | Downloading skill: https://github.com/mycroftai/skill-hello-world
2021-11-19 07:16:23.264 | INFO     |  5516 | msm.skill_entry | Downloading skill: https://github.com/mycroftai/skill-installer
2021-11-19 07:16:23.264 | INFO     |  5516 | msm.skill_entry | Downloading skill: https://github.com/mycroftai/skill-ip
2021-11-19 07:16:23.265 | INFO     |  5516 | msm.skill_entry | Downloading skill: https://github.com/mycroftai/skill-joke
2021-11-19 07:16:23.269 | INFO     |  5516 | msm.skill_entry | Downloading skill: https://github.com/mycroftai/skill-npr-news
2021-11-19 07:16:23.270 | INFO     |  5516 | msm.skill_entry | Downloading skill: https://github.com/mycroftai/skill-personal
2021-11-19 07:16:23.271 | INFO     |  5516 | msm.skill_entry | Downloading skill: https://github.com/mycroftai/skill-playback-control
2021-11-19 07:16:23.272 | INFO     |  5516 | msm.skill_entry | Downloading skill: https://github.com/mycroftai/skill-reminder
2021-11-19 07:16:23.273 | INFO     |  5516 | msm.skill_entry | Downloading skill: https://github.com/mycroftai/skill-singing
2021-11-19 07:16:23.273 | INFO     |  5516 | msm.skill_entry | Downloading skill: https://github.com/mycroftai/fallback-wolfram-alpha
2021-11-19 07:16:23.274 | INFO     |  5516 | msm.skill_entry | Downloading skill: https://github.com/mycroftai/skill-configuration
2021-11-19 07:16:23.275 | INFO     |  5516 | msm.skill_entry | Downloading skill: https://github.com/mycroftai/skill-naptime
2021-11-19 07:16:23.980 | INFO     |  5516 | PairingSkill | Communicating account URL to user
2021-11-19 07:16:24.612 | INFO     |  5516 | msm.skill_entry | Installing system requirements...
2021-11-19 07:16:24.884 | INFO     |  5516 | msm.skill_entry | Successfully installed fallback-unknown
2021-11-19 07:16:24.885 | INFO     |  5516 | msm.mycroft_skills_manager | invalidating skills cache
2021-11-19 07:16:24.886 | INFO     |  5516 | msm.skill_entry | Downloading skill: https://github.com/mycroftai/skill-speak
2021-11-19 07:16:25.098 | INFO     |  5516 | msm.skill_entry | Installing system requirements...
2021-11-19 07:16:25.224 | INFO     |  5516 | msm.skill_entry | Installing system requirements...
2021-11-19 07:16:25.236 | INFO     |  5516 | msm.skill_entry | Installing system requirements...
2021-11-19 07:16:25.247 | INFO     |  5516 | msm.skill_entry | Installing system requirements...
2021-11-19 07:16:25.300 | INFO     |  5516 | msm.skill_entry | Installing system requirements...
2021-11-19 07:16:25.314 | INFO     |  5516 | msm.skill_entry | Installing system requirements...
2021-11-19 07:16:25.372 | INFO     |  5516 | msm.skill_entry | Successfully installed mycroft-hello-world
2021-11-19 07:16:25.372 | INFO     |  5516 | msm.mycroft_skills_manager | invalidating skills cache
2021-11-19 07:16:25.374 | INFO     |  5516 | msm.skill_entry | Downloading skill: https://github.com/mycroftai/skill-spelling
2021-11-19 07:16:25.389 | INFO     |  5516 | msm.skill_entry | Installing system requirements...
2021-11-19 07:16:25.458 | INFO     |  5516 | msm.skill_entry | Installing requirements.txt for mycroft-ip
2021-11-19 07:16:25.549 | INFO     |  5516 | msm.skill_entry | Installing requirements.txt for mycroft-audio-record
2021-11-19 07:16:25.552 | INFO     |  5516 | msm.skill_entry | Installing system requirements...
2021-11-19 07:16:25.558 | INFO     |  5516 | msm.skill_entry | Installing requirements.txt for mycroft-joke
2021-11-19 07:16:25.558 | INFO     |  5516 | msm.skill_entry | Successfully installed mycroft-personal
2021-11-19 07:16:25.559 | INFO     |  5516 | msm.mycroft_skills_manager | invalidating skills cache
2021-11-19 07:16:25.564 | INFO     |  5516 | msm.skill_entry | Installing requirements.txt for mycroft-fallback-duck-duck-go
2021-11-19 07:16:25.565 | INFO     |  5516 | msm.skill_entry | Installing system requirements...
2021-11-19 07:16:25.578 | INFO     |  5516 | msm.skill_entry | Downloading skill: https://github.com/mycroftai/skill-stop
2021-11-19 07:16:25.672 | INFO     |  5516 | msm.skill_entry | Successfully installed mycroft-playback-control
2021-11-19 07:16:25.673 | INFO     |  5516 | msm.mycroft_skills_manager | invalidating skills cache
2021-11-19 07:16:25.674 | INFO     |  5516 | msm.skill_entry | Downloading skill: https://github.com/mycroftai/skill-support
2021-11-19 07:16:25.723 | INFO     |  5516 | msm.skill_entry | Installing system requirements...
2021-11-19 07:16:25.768 | INFO     |  5516 | msm.skill_entry | Installing requirements.txt for fallback-wolfram-alpha
2021-11-19 07:16:25.794 | INFO     |  5516 | msm.skill_entry | Successfully installed mycroft-naptime
2021-11-19 07:16:25.796 | INFO     |  5516 | msm.mycroft_skills_manager | invalidating skills cache
2021-11-19 07:16:25.798 | INFO     |  5516 | msm.skill_entry | Downloading skill: https://github.com/mycroftai/mycroft-timer
2021-11-19 07:16:25.847 | INFO     |  5516 | msm.skill_entry | Installing system requirements...
2021-11-19 07:16:25.857 | INFO     |  5516 | msm.skill_entry | Installing requirements.txt for mycroft-configuration
2021-11-19 07:16:25.957 | INFO     |  5516 | msm.skill_entry | Installing system requirements...
2021-11-19 07:16:26.013 | INFO     |  5516 | msm.skill_entry | Nothing new for mycroft-pairing
2021-11-19 07:16:26.042 | INFO     |  5516 | msm.skill_entry | Successfully installed mycroft-reminder
2021-11-19 07:16:26.042 | INFO     |  5516 | msm.mycroft_skills_manager | invalidating skills cache
2021-11-19 07:16:26.045 | INFO     |  5516 | msm.skill_entry | Downloading skill: https://github.com/mycroftai/skill-weather
2021-11-19 07:16:26.069 | INFO     |  5516 | msm.skill_entry | Installing system requirements...
2021-11-19 07:16:26.125 | INFO     |  5516 | msm.skill_entry | Installing requirements.txt for mycroft-npr-news
2021-11-19 07:16:26.126 | INFO     |  5516 | msm.skill_entry | Nothing new for mycroft-volume
2021-11-19 07:16:26.187 | INFO     |  5516 | msm.skill_entry | Installing system requirements...
2021-11-19 07:16:26.218 | INFO     |  5516 | msm.skill_entry | Installing system requirements...
2021-11-19 07:16:26.240 | INFO     |  5516 | msm.skill_entry | Downloading skill: https://github.com/mycroftai/skill-version-checker
2021-11-19 07:16:26.316 | INFO     |  5516 | msm.skill_entry | Installing system requirements...
2021-11-19 07:16:26.352 | INFO     |  5516 | msm.skill_entry | Installing requirements.txt for mycroft-installer
2021-11-19 07:16:26.354 | INFO     |  5516 | msm.skill_entry | Installing requirements.txt for mycroft-volume
2021-11-19 07:16:26.435 | INFO     |  5516 | msm.skill_entry | Installing system requirements...
2021-11-19 07:16:26.507 | INFO     |  5516 | msm.skill_entry | Installing requirements.txt for mycroft-date-time
2021-11-19 07:16:26.549 | INFO     |  5516 | msm.skill_entry | Successfully installed mycroft-speak
2021-11-19 07:16:26.549 | INFO     |  5516 | msm.mycroft_skills_manager | invalidating skills cache
2021-11-19 07:16:26.550 | INFO     |  5516 | msm.skill_entry | Downloading skill: https://github.com/mycroftai/skill-wiki
2021-11-19 07:16:26.647 | ERROR    |  5516 | msm.mycroft_skills_manager | Error running install_or_update on homeassistant.mycroftai: MergeConflict
2021-11-19 07:16:26.649 | INFO     |  5516 | msm.skill_entry | Downloading skill: https://github.com/MycroftAI/skill-query
2021-11-19 07:16:26.925 | INFO     |  5516 | msm.skill_entry | Installing system requirements...
2021-11-19 07:16:27.006 | INFO     |  5516 | msm.skill_entry | Installing requirements.txt for mycroft-alarm
2021-11-19 07:16:27.183 | INFO     |  5516 | msm.skill_entry | Installing system requirements...
2021-11-19 07:16:27.230 | INFO     |  5516 | msm.skill_entry | Successfully installed mycroft-spelling
2021-11-19 07:16:27.231 | INFO     |  5516 | msm.mycroft_skills_manager | invalidating skills cache
2021-11-19 07:16:27.332 | INFO     |  5516 | msm.skill_entry | Installing system requirements...
2021-11-19 07:16:27.338 | INFO     |  5516 | msm.skill_entry | Installing system requirements...
2021-11-19 07:16:27.360 | INFO     |  5516 | msm.skill_entry | Successfully installed mycroft-stop
2021-11-19 07:16:27.361 | INFO     |  5516 | msm.mycroft_skills_manager | invalidating skills cache
2021-11-19 07:16:27.416 | INFO     |  5516 | msm.skill_entry | Successfully installed mycroft-version-checker
2021-11-19 07:16:27.416 | INFO     |  5516 | msm.mycroft_skills_manager | invalidating skills cache
2021-11-19 07:16:27.574 | INFO     |  5516 | msm.skill_entry | Installing system requirements...
2021-11-19 07:16:27.612 | INFO     |  5516 | msm.skill_entry | Installing system requirements...
2021-11-19 07:16:27.664 | INFO     |  5516 | msm.skill_entry | Installing requirements.txt for mycroft-support-helper
2021-11-19 07:16:27.679 | INFO     |  5516 | msm.skill_entry | Installing system requirements...
2021-11-19 07:16:27.724 | INFO     |  5516 | msm.skill_entry | Successfully installed fallback-query
2021-11-19 07:16:27.725 | INFO     |  5516 | msm.mycroft_skills_manager | invalidating skills cache
2021-11-19 07:16:27.757 | INFO     |  5516 | msm.skill_entry | Successfully installed mycroft-timer
2021-11-19 07:16:27.757 | INFO     |  5516 | msm.mycroft_skills_manager | invalidating skills cache
2021-11-19 07:16:27.790 | INFO     |  5516 | msm.skill_entry | Installing system requirements...
2021-11-19 07:16:27.843 | INFO     |  5516 | msm.skill_entry | Installing requirements.txt for mycroft-wiki
2021-11-19 07:16:27.976 | INFO     |  5516 | msm.skill_entry | Installing system requirements...
2021-11-19 07:16:28.017 | ERROR    |  5516 | msm.mycroft_skills_manager | Error running install_or_update on homeassistant: MergeConflict
2021-11-19 07:16:28.023 | INFO     |  5516 | msm.skill_entry | Installing requirements.txt for mycroft-weather
2021-11-19 07:16:28.089 | INFO     |  5516 | msm.skill_entry | Installing system requirements...
2021-11-19 07:16:28.118 | INFO     |  5516 | msm.skill_entry | Successfully installed mycroft-singing
2021-11-19 07:16:28.118 | INFO     |  5516 | msm.mycroft_skills_manager | invalidating skills cache
2021-11-19 07:16:28.600 | INFO     |  5516 | msm.skill_entry | Successfully installed mycroft-ip
2021-11-19 07:16:28.600 | INFO     |  5516 | msm.mycroft_skills_manager | invalidating skills cache
2021-11-19 07:16:29.719 | INFO     |  5516 | msm.skill_entry | Successfully installed mycroft-audio-record
2021-11-19 07:16:29.719 | INFO     |  5516 | msm.mycroft_skills_manager | invalidating skills cache
2021-11-19 07:16:31.001 | INFO     |  5516 | msm.skill_entry | Successfully installed mycroft-joke
2021-11-19 07:16:31.001 | INFO     |  5516 | msm.mycroft_skills_manager | invalidating skills cache
2021-11-19 07:16:32.728 | INFO     |  5516 | msm.skill_entry | Successfully installed mycroft-fallback-duck-duck-go
2021-11-19 07:16:32.729 | INFO     |  5516 | msm.mycroft_skills_manager | invalidating skills cache
2021-11-19 07:16:37.327 | INFO     |  5516 | msm.skill_entry | Successfully installed fallback-wolfram-alpha
2021-11-19 07:16:37.327 | INFO     |  5516 | msm.mycroft_skills_manager | invalidating skills cache
2021-11-19 07:16:40.476 | INFO     |  5516 | msm.skill_entry | Successfully installed mycroft-configuration
2021-11-19 07:16:40.479 | INFO     |  5516 | msm.mycroft_skills_manager | invalidating skills cache
2021-11-19 07:16:44.247 | INFO     |  5516 | msm.skill_entry | Successfully installed mycroft-npr-news
2021-11-19 07:16:44.247 | INFO     |  5516 | msm.mycroft_skills_manager | invalidating skills cache
2021-11-19 07:16:45.387 | INFO     |  5516 | msm.skill_entry | Successfully installed mycroft-installer
2021-11-19 07:16:45.387 | INFO     |  5516 | msm.mycroft_skills_manager | invalidating skills cache
2021-11-19 07:16:54.400 | INFO     |  5516 | PairingSkill | Initiating device pairing sequence...
2021-11-19 07:16:54.400 | INFO     |  5516 | PairingSkill | Retrieving pairing code from device API...
2021-11-19 07:16:54.687 | INFO     |  5516 | PairingSkill | Pairing code obtained: AVCM3A
2021-11-19 07:16:54.687 | INFO     |  5516 | PairingSkill | Communicating pairing URL to user
2021-11-19 07:17:07.020 | INFO     |  5516 | msm.skill_entry | Successfully installed mycroft-date-time
2021-11-19 07:17:07.020 | INFO     |  5516 | msm.mycroft_skills_manager | invalidating skills cache
2021-11-19 07:17:08.170 | INFO     |  5516 | msm.skill_entry | Successfully installed mycroft-alarm
2021-11-19 07:17:08.170 | INFO     |  5516 | msm.mycroft_skills_manager | invalidating skills cache
2021-11-19 07:17:11.014 | INFO     |  5516 | msm.skill_entry | Successfully installed mycroft-support-helper
2021-11-19 07:17:11.014 | INFO     |  5516 | msm.mycroft_skills_manager | invalidating skills cache
2021-11-19 07:17:13.299 | INFO     |  5516 | msm.skill_entry | Successfully installed mycroft-wiki
2021-11-19 07:17:13.299 | INFO     |  5516 | msm.mycroft_skills_manager | invalidating skills cache
2021-11-19 07:17:14.579 | INFO     |  5516 | msm.skill_entry | Successfully installed mycroft-weather
2021-11-19 07:17:14.579 | INFO     |  5516 | msm.mycroft_skills_manager | invalidating skills cache
2021-11-19 07:17:14.608 | INFO     |  5516 | mycroft.skills.skill_updater:_log_next_download_time:267 | Next scheduled skill update: 2021-11-19 08:17:14.608189
2021-11-19 07:17:14.609 | INFO     |  5516 | mycroft.skills.skill_updater:update_skills:170 | Skill update complete
2021-11-19 07:17:14.609 | INFO     |  5516 | mycroft.skills.skill_manager:_load_on_startup:273 | Loading installed skills...
2021-11-19 07:17:14.610 | INFO     |  5516 | mycroft.skills.skill_loader:load:185 | ATTEMPTING TO LOAD SKILL: mycroft-stop.mycroftai
2021-11-19 07:17:14.618 | INFO     |  5516 | mycroft.skills.settings:get_local_settings:83 | /opt/mycroft/skills/mycroft-stop.mycroftai/settings.json
2021-11-19 07:17:14.639 | INFO     |  5516 | mycroft.skills.skill_loader:_check_for_first_run:324 | First run of mycroft-stop.mycroftai
2021-11-19 07:17:14.640 | INFO     |  5516 | mycroft.skills.settings:save_settings:116 | Skill settings successfully saved to /home/runner/.config/mycroft/skills/mycroft-stop.mycroftai/settings.json
2021-11-19 07:17:14.643 | INFO     |  5516 | mycroft.skills.skill_loader:_communicate_load_status:344 | Skill mycroft-stop.mycroftai loaded successfully
2021-11-19 07:17:14.643 | INFO     |  5516 | mycroft.skills.skill_loader:load:185 | ATTEMPTING TO LOAD SKILL: mycroft-alarm.mycroftai
2021-11-19 07:17:14.680 | INFO     |  5516 | mycroft.skills.settings:get_local_settings:83 | /opt/mycroft/skills/mycroft-alarm.mycroftai/settings.json
2021-11-19 07:17:14.680 | ERROR    |  5516 | AlarmSkill | Couldn't allocate mixer, ALSAAudioError('No such file or directory [default]')
2021-11-19 07:17:14.746 | INFO     |  5516 | mycroft.skills.skill_loader:_check_for_first_run:324 | First run of mycroft-alarm.mycroftai
2021-11-19 07:17:14.747 | INFO     |  5516 | mycroft.skills.settings:save_settings:116 | Skill settings successfully saved to /home/runner/.config/mycroft/skills/mycroft-alarm.mycroftai/settings.json
2021-11-19 07:17:14.748 | INFO     |  5516 | mycroft.skills.skill_loader:_communicate_load_status:344 | Skill mycroft-alarm.mycroftai loaded successfully
2021-11-19 07:17:14.748 | INFO     |  5516 | mycroft.skills.skill_loader:load:185 | ATTEMPTING TO LOAD SKILL: mycroft-date-time.mycroftai
2021-11-19 07:17:15.697 | INFO     |  5516 | mycroft.skills.settings:get_local_settings:83 | /opt/mycroft/skills/mycroft-date-time.mycroftai/settings.json
2021-11-19 07:17:15.726 | INFO     |  5516 | TimeSkill | Registering resting screen <bound method TimeSkill.handle_idle of <mycroft-date-time_mycroftai.TimeSkill object at 0x7f8108d6e350>> for Time and Date.
2021-11-19 07:17:15.728 | INFO     |  5516 | TimeSkill | Registering resting screen
2021-11-19 07:17:15.732 | INFO     |  5516 | mycroft.skills.skill_loader:_check_for_first_run:324 | First run of mycroft-date-time.mycroftai
2021-11-19 07:17:15.734 | INFO     |  5516 | mycroft.skills.settings:save_settings:116 | Skill settings successfully saved to /home/runner/.config/mycroft/skills/mycroft-date-time.mycroftai/settings.json
2021-11-19 07:17:15.735 | INFO     |  5516 | mycroft.skills.skill_loader:_communicate_load_status:344 | Skill mycroft-date-time.mycroftai loaded successfully
2021-11-19 07:17:15.736 | INFO     |  5516 | mycroft.skills.skill_loader:load:185 | ATTEMPTING TO LOAD SKILL: mycroft-fallback-duck-duck-go.mycroftai
2021-11-19 07:17:15.759 | INFO     |  5516 | mycroft.skills.settings:get_local_settings:83 | /opt/mycroft/skills/mycroft-fallback-duck-duck-go.mycroftai/settings.json
2021-11-19 07:17:15.784 | INFO     |  5516 | mycroft.skills.skill_loader:_check_for_first_run:324 | First run of mycroft-fallback-duck-duck-go.mycroftai
2021-11-19 07:17:15.786 | INFO     |  5516 | mycroft.skills.settings:save_settings:116 | Skill settings successfully saved to /home/runner/.config/mycroft/skills/mycroft-fallback-duck-duck-go.mycroftai/settings.json
2021-11-19 07:17:15.839 | INFO     |  5516 | mycroft.skills.skill_loader:_communicate_load_status:344 | Skill mycroft-fallback-duck-duck-go.mycroftai loaded successfully
2021-11-19 07:17:15.839 | INFO     |  5516 | mycroft.skills.skill_loader:load:185 | ATTEMPTING TO LOAD SKILL: mycroft-singing.mycroftai
2021-11-19 07:17:15.863 | INFO     |  5516 | mycroft.skills.settings:get_local_settings:83 | /opt/mycroft/skills/mycroft-singing.mycroftai/settings.json
2021-11-19 07:17:15.959 | INFO     |  5516 | mycroft.skills.skill_loader:_check_for_first_run:324 | First run of mycroft-singing.mycroftai
2021-11-19 07:17:15.997 | INFO     |  5516 | mycroft.skills.settings:save_settings:116 | Skill settings successfully saved to /home/runner/.config/mycroft/skills/mycroft-singing.mycroftai/settings.json
2021-11-19 07:17:16.025 | INFO     |  5516 | mycroft.skills.skill_loader:_communicate_load_status:344 | Skill mycroft-singing.mycroftai loaded successfully
2021-11-19 07:17:16.026 | INFO     |  5516 | mycroft.skills.skill_loader:load:185 | ATTEMPTING TO LOAD SKILL: mycroft-installer.mycroftai
2021-11-19 07:17:16.053 | INFO     |  5516 | mycroft.skills.settings:get_local_settings:83 | /opt/mycroft/skills/mycroft-installer.mycroftai/settings.json
2021-11-19 07:17:16.078 | INFO     |  5516 | mycroft.skills.skill_loader:_check_for_first_run:324 | First run of mycroft-installer.mycroftai
2021-11-19 07:17:16.079 | INFO     |  5516 | mycroft.skills.settings:save_settings:116 | Skill settings successfully saved to /home/runner/.config/mycroft/skills/mycroft-installer.mycroftai/settings.json
2021-11-19 07:17:16.089 | INFO     |  5516 | mycroft.skills.skill_loader:_communicate_load_status:344 | Skill mycroft-installer.mycroftai loaded successfully
2021-11-19 07:17:16.089 | INFO     |  5516 | mycroft.skills.skill_loader:load:185 | ATTEMPTING TO LOAD SKILL: fallback-unknown.mycroftai
2021-11-19 07:17:16.101 | INFO     |  5516 | mycroft.skills.settings:get_local_settings:83 | /opt/mycroft/skills/fallback-unknown.mycroftai/settings.json
2021-11-19 07:17:16.133 | INFO     |  5516 | mycroft.skills.skill_loader:_check_for_first_run:324 | First run of fallback-unknown.mycroftai
2021-11-19 07:17:16.134 | INFO     |  5516 | mycroft.skills.settings:save_settings:116 | Skill settings successfully saved to /home/runner/.config/mycroft/skills/fallback-unknown.mycroftai/settings.json
2021-11-19 07:17:16.147 | INFO     |  5516 | mycroft.skills.skill_loader:_communicate_load_status:344 | Skill fallback-unknown.mycroftai loaded successfully
2021-11-19 07:17:16.148 | INFO     |  5516 | mycroft.skills.skill_loader:load:185 | ATTEMPTING TO LOAD SKILL: mycroft-timer.mycroftai
2021-11-19 07:17:16.207 | INFO     |  5516 | mycroft.skills.settings:get_local_settings:83 | /opt/mycroft/skills/mycroft-timer.mycroftai/settings.json
2021-11-19 07:17:16.449 | INFO     |  5516 | mycroft.skills.skill_loader:_check_for_first_run:324 | First run of mycroft-timer.mycroftai
2021-11-19 07:17:16.450 | INFO     |  5516 | mycroft.skills.settings:save_settings:116 | Skill settings successfully saved to /home/runner/.config/mycroft/skills/mycroft-timer.mycroftai/settings.json
2021-11-19 07:17:16.502 | INFO     |  5516 | mycroft.skills.skill_loader:_communicate_load_status:344 | Skill mycroft-timer.mycroftai loaded successfully
2021-11-19 07:17:16.535 | INFO     |  5516 | mycroft.skills.skill_loader:load:185 | ATTEMPTING TO LOAD SKILL: mycroft-ip.mycroftai
2021-11-19 07:17:16.597 | INFO     |  5516 | mycroft.skills.settings:get_local_settings:83 | /opt/mycroft/skills/mycroft-ip.mycroftai/settings.json
2021-11-19 07:17:16.652 | INFO     |  5516 | mycroft.skills.skill_loader:_check_for_first_run:324 | First run of mycroft-ip.mycroftai
2021-11-19 07:17:16.653 | INFO     |  5516 | mycroft.skills.settings:save_settings:116 | Skill settings successfully saved to /home/runner/.config/mycroft/skills/mycroft-ip.mycroftai/settings.json
2021-11-19 07:17:16.694 | INFO     |  5516 | mycroft.skills.skill_loader:_communicate_load_status:344 | Skill mycroft-ip.mycroftai loaded successfully
2021-11-19 07:17:16.696 | INFO     |  5516 | mycroft.skills.skill_loader:load:185 | ATTEMPTING TO LOAD SKILL: fallback-wolfram-alpha.mycroftai
2021-11-19 07:17:16.756 | INFO     |  5516 | mycroft.skills.settings:get_local_settings:83 | /opt/mycroft/skills/fallback-wolfram-alpha.mycroftai/settings.json
2021-11-19 07:17:16.802 | INFO     |  5516 | mycroft.skills.skill_loader:_check_for_first_run:324 | First run of fallback-wolfram-alpha.mycroftai
2021-11-19 07:17:16.819 | INFO     |  5516 | mycroft.skills.settings:save_settings:116 | Skill settings successfully saved to /home/runner/.config/mycroft/skills/fallback-wolfram-alpha.mycroftai/settings.json
2021-11-19 07:17:16.830 | INFO     |  5516 | mycroft.skills.skill_loader:_communicate_load_status:344 | Skill fallback-wolfram-alpha.mycroftai loaded successfully
2021-11-19 07:17:16.830 | INFO     |  5516 | mycroft.skills.skill_loader:load:185 | ATTEMPTING TO LOAD SKILL: mycroft-wiki.mycroftai
2021-11-19 07:17:16.958 | INFO     |  5516 | mycroft.skills.settings:get_local_settings:83 | /opt/mycroft/skills/mycroft-wiki.mycroftai/settings.json
2021-11-19 07:17:16.972 | INFO     |  5516 | mycroft.skills.skill_loader:_check_for_first_run:324 | First run of mycroft-wiki.mycroftai
2021-11-19 07:17:16.972 | INFO     |  5516 | mycroft.skills.settings:save_settings:116 | Skill settings successfully saved to /home/runner/.config/mycroft/skills/mycroft-wiki.mycroftai/settings.json
2021-11-19 07:17:16.973 | INFO     |  5516 | mycroft.skills.skill_loader:_communicate_load_status:344 | Skill mycroft-wiki.mycroftai loaded successfully
2021-11-19 07:17:16.974 | INFO     |  5516 | mycroft.skills.skill_loader:load:185 | ATTEMPTING TO LOAD SKILL: mycroft-version-checker.mycroftai
2021-11-19 07:17:17.015 | INFO     |  5516 | mycroft.skills.settings:get_local_settings:83 | /opt/mycroft/skills/mycroft-version-checker.mycroftai/settings.json
2021-11-19 07:17:17.058 | INFO     |  5516 | mycroft.skills.skill_loader:_check_for_first_run:324 | First run of mycroft-version-checker.mycroftai
2021-11-19 07:17:17.061 | INFO     |  5516 | mycroft.skills.settings:save_settings:116 | Skill settings successfully saved to /home/runner/.config/mycroft/skills/mycroft-version-checker.mycroftai/settings.json
2021-11-19 07:17:17.062 | INFO     |  5516 | mycroft.skills.skill_loader:_communicate_load_status:344 | Skill mycroft-version-checker.mycroftai loaded successfully
2021-11-19 07:17:17.062 | INFO     |  5516 | mycroft.skills.skill_loader:load:185 | ATTEMPTING TO LOAD SKILL: mycroft-speak.mycroftai
2021-11-19 07:17:17.080 | INFO     |  5516 | mycroft.skills.settings:get_local_settings:83 | /opt/mycroft/skills/mycroft-speak.mycroftai/settings.json
2021-11-19 07:17:17.132 | INFO     |  5516 | mycroft.skills.skill_loader:_check_for_first_run:324 | First run of mycroft-speak.mycroftai
2021-11-19 07:17:17.133 | INFO     |  5516 | mycroft.skills.settings:save_settings:116 | Skill settings successfully saved to /home/runner/.config/mycroft/skills/mycroft-speak.mycroftai/settings.json
2021-11-19 07:17:17.134 | INFO     |  5516 | mycroft.skills.skill_loader:_communicate_load_status:344 | Skill mycroft-speak.mycroftai loaded successfully
2021-11-19 07:17:17.134 | INFO     |  5516 | mycroft.skills.skill_loader:load:185 | ATTEMPTING TO LOAD SKILL: mycroft-weather.mycroftai
2021-11-19 07:17:17.184 | INFO     |  5516 | mycroft.skills.settings:get_local_settings:83 | /opt/mycroft/skills/mycroft-weather.mycroftai/settings.json
2021-11-19 07:17:17.359 | INFO     |  5516 | mycroft.skills.skill_loader:_check_for_first_run:324 | First run of mycroft-weather.mycroftai
2021-11-19 07:17:17.360 | INFO     |  5516 | mycroft.skills.settings:save_settings:116 | Skill settings successfully saved to /home/runner/.config/mycroft/skills/mycroft-weather.mycroftai/settings.json
2021-11-19 07:17:17.360 | INFO     |  5516 | mycroft.skills.skill_loader:_communicate_load_status:344 | Skill mycroft-weather.mycroftai loaded successfully
2021-11-19 07:17:17.361 | INFO     |  5516 | mycroft.skills.skill_loader:load:185 | ATTEMPTING TO LOAD SKILL: mycroft-spelling.mycroftai
2021-11-19 07:17:17.366 | INFO     |  5516 | mycroft.skills.settings:get_local_settings:83 | /opt/mycroft/skills/mycroft-spelling.mycroftai/settings.json
2021-11-19 07:17:17.391 | INFO     |  5516 | mycroft.skills.skill_loader:_check_for_first_run:324 | First run of mycroft-spelling.mycroftai
2021-11-19 07:17:17.392 | INFO     |  5516 | mycroft.skills.settings:save_settings:116 | Skill settings successfully saved to /home/runner/.config/mycroft/skills/mycroft-spelling.mycroftai/settings.json
2021-11-19 07:17:17.396 | INFO     |  5516 | mycroft.skills.skill_loader:_communicate_load_status:344 | Skill mycroft-spelling.mycroftai loaded successfully
2021-11-19 07:17:17.397 | INFO     |  5516 | mycroft.skills.skill_loader:load:185 | ATTEMPTING TO LOAD SKILL: homeassistant.mycroftai
2021-11-19 07:17:18.034 | INFO     |  5516 | mycroft.skills.settings:get_local_settings:83 | /opt/mycroft/skills/homeassistant.mycroftai/settings.json
2021-11-19 07:17:18.041 | INFO     |  5516 | mycroft.skills.settings:get_local_settings:83 | /opt/mycroft/skills/homeassistant.mycroftai/settings.json
2021-11-19 07:17:18.138 | INFO     |  5516 | mycroft.skills.skill_loader:_communicate_load_status:344 | Skill homeassistant.mycroftai loaded successfully
2021-11-19 07:17:18.140 | INFO     |  5516 | mycroft.skills.skill_loader:load:185 | ATTEMPTING TO LOAD SKILL: mycroft-audio-record.mycroftai
2021-11-19 07:17:18.157 | INFO     |  5516 | mycroft.skills.settings:get_local_settings:83 | /opt/mycroft/skills/mycroft-audio-record.mycroftai/settings.json
2021-11-19 07:17:18.206 | INFO     |  5516 | mycroft.skills.skill_loader:_check_for_first_run:324 | First run of mycroft-audio-record.mycroftai
2021-11-19 07:17:18.208 | INFO     |  5516 | mycroft.skills.settings:save_settings:116 | Skill settings successfully saved to /home/runner/.config/mycroft/skills/mycroft-audio-record.mycroftai/settings.json
2021-11-19 07:17:18.212 | INFO     |  5516 | mycroft.skills.skill_loader:_communicate_load_status:344 | Skill mycroft-audio-record.mycroftai loaded successfully
2021-11-19 07:17:18.216 | INFO     |  5516 | mycroft.skills.skill_loader:load:185 | ATTEMPTING TO LOAD SKILL: mycroft-joke.mycroftai
2021-11-19 07:17:18.240 | INFO     |  5516 | mycroft.skills.settings:get_local_settings:83 | /opt/mycroft/skills/mycroft-joke.mycroftai/settings.json
2021-11-19 07:17:18.286 | INFO     |  5516 | mycroft.skills.skill_loader:_check_for_first_run:324 | First run of mycroft-joke.mycroftai
2021-11-19 07:17:18.289 | INFO     |  5516 | mycroft.skills.settings:save_settings:116 | Skill settings successfully saved to /home/runner/.config/mycroft/skills/mycroft-joke.mycroftai/settings.json
2021-11-19 07:17:18.292 | INFO     |  5516 | mycroft.skills.skill_loader:_communicate_load_status:344 | Skill mycroft-joke.mycroftai loaded successfully
2021-11-19 07:17:18.293 | INFO     |  5516 | mycroft.skills.skill_loader:load:185 | ATTEMPTING TO LOAD SKILL: mycroft-npr-news.mycroftai
2021-11-19 07:17:18.457 | INFO     |  5516 | mycroft.skills.settings:get_local_settings:83 | /opt/mycroft/skills/mycroft-npr-news.mycroftai/settings.json
2021-11-19 07:17:19.507 | INFO     |  5516 | mycroft.skills.skill_loader:_check_for_first_run:324 | First run of mycroft-npr-news.mycroftai
2021-11-19 07:17:19.508 | INFO     |  5516 | mycroft.skills.settings:save_settings:116 | Skill settings successfully saved to /home/runner/.config/mycroft/skills/mycroft-npr-news.mycroftai/settings.json
2021-11-19 07:17:19.527 | INFO     |  5516 | mycroft.skills.skill_loader:_communicate_load_status:344 | Skill mycroft-npr-news.mycroftai loaded successfully
2021-11-19 07:17:19.530 | INFO     |  5516 | mycroft.skills.skill_loader:load:185 | ATTEMPTING TO LOAD SKILL: fallback-query.mycroftai
2021-11-19 07:17:19.536 | INFO     |  5516 | mycroft.skills.settings:get_local_settings:83 | /opt/mycroft/skills/fallback-query.mycroftai/settings.json
2021-11-19 07:17:19.551 | INFO     |  5516 | mycroft.skills.skill_loader:_check_for_first_run:324 | First run of fallback-query.mycroftai
2021-11-19 07:17:19.552 | INFO     |  5516 | mycroft.skills.settings:save_settings:116 | Skill settings successfully saved to /home/runner/.config/mycroft/skills/fallback-query.mycroftai/settings.json
2021-11-19 07:17:19.553 | INFO     |  5516 | mycroft.skills.skill_loader:_communicate_load_status:344 | Skill fallback-query.mycroftai loaded successfully
2021-11-19 07:17:19.556 | INFO     |  5516 | mycroft.skills.skill_loader:load:185 | ATTEMPTING TO LOAD SKILL: mycroft-support-helper.mycroftai
2021-11-19 07:17:19.566 | INFO     |  5516 | mycroft.skills.settings:get_local_settings:83 | /opt/mycroft/skills/mycroft-support-helper.mycroftai/settings.json
2021-11-19 07:17:19.581 | INFO     |  5516 | mycroft.skills.skill_loader:_check_for_first_run:324 | First run of mycroft-support-helper.mycroftai
2021-11-19 07:17:19.582 | INFO     |  5516 | mycroft.skills.settings:save_settings:116 | Skill settings successfully saved to /home/runner/.config/mycroft/skills/mycroft-support-helper.mycroftai/settings.json
2021-11-19 07:17:19.583 | INFO     |  5516 | mycroft.skills.skill_loader:_communicate_load_status:344 | Skill mycroft-support-helper.mycroftai loaded successfully
2021-11-19 07:17:19.584 | INFO     |  5516 | mycroft.skills.skill_loader:load:185 | ATTEMPTING TO LOAD SKILL: mycroft-playback-control.mycroftai
2021-11-19 07:17:19.591 | INFO     |  5516 | mycroft.skills.settings:get_local_settings:83 | /opt/mycroft/skills/mycroft-playback-control.mycroftai/settings.json
2021-11-19 07:17:19.643 | INFO     |  5516 | mycroft.skills.skill_loader:_check_for_first_run:324 | First run of mycroft-playback-control.mycroftai
2021-11-19 07:17:19.650 | INFO     |  5516 | mycroft.skills.settings:save_settings:116 | Skill settings successfully saved to /home/runner/.config/mycroft/skills/mycroft-playback-control.mycroftai/settings.json
2021-11-19 07:17:19.675 | INFO     |  5516 | mycroft.skills.skill_loader:_communicate_load_status:344 | Skill mycroft-playback-control.mycroftai loaded successfully
2021-11-19 07:17:19.676 | INFO     |  5516 | mycroft.skills.skill_loader:load:185 | ATTEMPTING TO LOAD SKILL: mycroft-hello-world.mycroftai
2021-11-19 07:17:19.690 | INFO     |  5516 | mycroft.skills.settings:get_local_settings:83 | /opt/mycroft/skills/mycroft-hello-world.mycroftai/settings.json
2021-11-19 07:17:19.709 | INFO     |  5516 | mycroft.skills.skill_loader:_check_for_first_run:324 | First run of mycroft-hello-world.mycroftai
2021-11-19 07:17:19.710 | INFO     |  5516 | mycroft.skills.settings:save_settings:116 | Skill settings successfully saved to /home/runner/.config/mycroft/skills/mycroft-hello-world.mycroftai/settings.json
2021-11-19 07:17:19.712 | INFO     |  5516 | mycroft.skills.skill_loader:_communicate_load_status:344 | Skill mycroft-hello-world.mycroftai loaded successfully
2021-11-19 07:17:19.712 | INFO     |  5516 | mycroft.skills.skill_loader:load:185 | ATTEMPTING TO LOAD SKILL: mycroft-naptime.mycroftai
2021-11-19 07:17:19.718 | INFO     |  5516 | mycroft.skills.settings:get_local_settings:83 | /opt/mycroft/skills/mycroft-naptime.mycroftai/settings.json
2021-11-19 07:17:19.733 | INFO     |  5516 | mycroft.skills.skill_loader:_check_for_first_run:324 | First run of mycroft-naptime.mycroftai
2021-11-19 07:17:19.735 | INFO     |  5516 | mycroft.skills.settings:save_settings:116 | Skill settings successfully saved to /home/runner/.config/mycroft/skills/mycroft-naptime.mycroftai/settings.json
2021-11-19 07:17:19.777 | INFO     |  5516 | mycroft.skills.skill_loader:_communicate_load_status:344 | Skill mycroft-naptime.mycroftai loaded successfully
2021-11-19 07:17:19.777 | INFO     |  5516 | mycroft.skills.skill_loader:load:185 | ATTEMPTING TO LOAD SKILL: mycroft-configuration.mycroftai
2021-11-19 07:17:19.785 | INFO     |  5516 | mycroft.skills.settings:get_local_settings:83 | /opt/mycroft/skills/mycroft-configuration.mycroftai/settings.json
2021-11-19 07:17:19.824 | INFO     |  5516 | mycroft.skills.skill_loader:_check_for_first_run:324 | First run of mycroft-configuration.mycroftai
2021-11-19 07:17:19.825 | INFO     |  5516 | mycroft.skills.settings:save_settings:116 | Skill settings successfully saved to /home/runner/.config/mycroft/skills/mycroft-configuration.mycroftai/settings.json
2021-11-19 07:17:19.826 | INFO     |  5516 | mycroft.skills.skill_loader:_communicate_load_status:344 | Skill mycroft-configuration.mycroftai loaded successfully
2021-11-19 07:17:19.827 | INFO     |  5516 | mycroft.skills.skill_loader:load:185 | ATTEMPTING TO LOAD SKILL: mycroft-reminder.mycroftai
2021-11-19 07:17:19.893 | INFO     |  5516 | mycroft.skills.settings:get_local_settings:83 | /opt/mycroft/skills/mycroft-reminder.mycroftai/settings.json
2021-11-19 07:17:19.939 | INFO     |  5516 | mycroft.skills.skill_loader:_check_for_first_run:324 | First run of mycroft-reminder.mycroftai
2021-11-19 07:17:19.956 | INFO     |  5516 | mycroft.skills.settings:save_settings:116 | Skill settings successfully saved to /home/runner/.config/mycroft/skills/mycroft-reminder.mycroftai/settings.json
2021-11-19 07:17:19.973 | INFO     |  5516 | mycroft.skills.skill_loader:_communicate_load_status:344 | Skill mycroft-reminder.mycroftai loaded successfully
2021-11-19 07:17:19.973 | INFO     |  5516 | mycroft.skills.skill_loader:load:185 | ATTEMPTING TO LOAD SKILL: mycroft-personal.mycroftai
2021-11-19 07:17:19.981 | INFO     |  5516 | mycroft.skills.settings:get_local_settings:83 | /opt/mycroft/skills/mycroft-personal.mycroftai/settings.json
2021-11-19 07:17:19.994 | INFO     |  5516 | mycroft.skills.skill_loader:_check_for_first_run:324 | First run of mycroft-personal.mycroftai
2021-11-19 07:17:19.997 | INFO     |  5516 | mycroft.skills.settings:save_settings:116 | Skill settings successfully saved to /home/runner/.config/mycroft/skills/mycroft-personal.mycroftai/settings.json
2021-11-19 07:17:19.998 | INFO     |  5516 | mycroft.skills.skill_loader:_communicate_load_status:344 | Skill mycroft-personal.mycroftai loaded successfully
2021-11-19 07:17:19.998 | INFO     |  5516 | mycroft.skills.skill_manager:_load_on_startup:275 | Skills all loaded!
2021-11-19 07:17:20.018 | INFO     |  5516 | __main__:on_ready:185 | Skills service is ready.
2021-11-19 07:17:20.055 | INFO     |  5516 | mycroft.skills.intent_services.padatious_service:train:151 | Training... (single_thread=False)
Regenerated mycroft-alarm.mycroftai:{daytype}.
2021-11-19 07:17:25.056 | INFO     |  5516 | mycroft.skills.settings:save_settings:116 | Skill settings successfully saved to /home/runner/.config/mycroft/skills/mycroft-pairing.mycroftai/settings.json
2021-11-19 07:17:25.365 | INFO     |  5516 | mycroft.skills.settings:save_settings:116 | Skill settings successfully saved to /home/runner/.config/mycroft/skills/mycroft-timer.mycroftai/settings.json
Regenerated mycroft-date-time.mycroftai:what.time.will.it.be.intent.
Regenerated mycroft-date-time.mycroftai:date.future.weekend.intent.
Regenerated mycroft-date-time.mycroftai:date.last.weekend.intent.
Regenerated mycroft-installer.mycroftai:remove.intent.
Regenerated mycroft-installer.mycroftai:is.installed.intent.
Regenerated mycroft-installer.mycroftai:install.custom.intent.
Regenerated mycroft-installer.mycroftai:list.skills.intent.
Regenerated mycroft-installer.mycroftai:install.intent.
Regenerated homeassistant.mycroftai:open.intent.
Regenerated homeassistant.mycroftai:automation.intent.
Regenerated homeassistant.mycroftai:stop.intent.
Regenerated homeassistant.mycroftai:turn.on.intent.
Regenerated homeassistant.mycroftai:camera.intent.
Regenerated homeassistant.mycroftai:toggle.intent.
Regenerated homeassistant.mycroftai:close.intent.
Regenerated homeassistant.mycroftai:set.light.brightness.intent.
Regenerated mycroft-hello-world.mycroftai:HowAreYou.intent.
Regenerated mycroft-configuration.mycroftai:WhereAreYou.intent.
Regenerated mycroft-configuration.mycroftai:EnablePreciseDev.intent.
Regenerated mycroft-configuration.mycroftai:DisablePreciseDev.intent.
Regenerated mycroft-reminder.mycroftai:Reminder.intent.
Regenerated mycroft-reminder.mycroftai:ClearReminders.intent.
Regenerated mycroft-reminder.mycroftai:UnspecifiedReminderAt.intent.
Regenerated mycroft-reminder.mycroftai:ReminderAt.intent.
Regenerated mycroft-personal.mycroftai:WhoMadeYou.intent.
Regenerated mycroft-personal.mycroftai:DoYouDream.intent.
Regenerated mycroft-personal.mycroftai:WhoAreYou.intent.
Regenerated mycroft-personal.mycroftai:WhereWereYouBorn.intent.
Regenerated mycroft-stop.mycroftai:wifi.setup.intent.
Regenerated mycroft-stop.mycroftai:shutdown.intent.
Regenerated mycroft-stop.mycroftai:ssh.enable.intent.
Regenerated mycroft-stop.mycroftai:reboot.intent.
Regenerated mycroft-stop.mycroftai:ssh.disable.intent.
Regenerated mycroft-alarm.mycroftai:change.alarm.sound.intent.
Regenerated mycroft-alarm.mycroftai:snooze.intent.
Regenerated mycroft-date-time.mycroftai:what.time.is.it.intent.
Regenerated mycroft-installer.mycroftai:install.beta.intent.
Regenerated mycroft-timer.mycroftai:start.timer.intent.
Regenerated mycroft-timer.mycroftai:timer.status.intent.
Regenerated mycroft-wiki.mycroftai:Random.intent.
Regenerated mycroft-weather.mycroftai:do-i-need-an-umbrella.intent.
Regenerated homeassistant.mycroftai:set.climate.intent.
Regenerated homeassistant.mycroftai:turn.off.intent.
Regenerated homeassistant.mycroftai:tracker.intent.
Regenerated homeassistant.mycroftai:add.item.shopping.list.intent.
Regenerated homeassistant.mycroftai:decrease.light.brightness.intent.
Regenerated homeassistant.mycroftai:sensor.intent.
Regenerated homeassistant.mycroftai:increase.light.brightness.intent.
Regenerated mycroft-audio-record.mycroftai:PlayRecording.intent.
Regenerated mycroft-audio-record.mycroftai:StartRecording.intent.
Regenerated mycroft-npr-news.mycroftai:PlayTheNews.intent.
Regenerated mycroft-support-helper.mycroftai:contact.support.intent.
Regenerated mycroft-reminder.mycroftai:CancelActiveReminder.intent.
Regenerated mycroft-reminder.mycroftai:SnoozeReminder.intent.
Regenerated mycroft-reminder.mycroftai:GetNextReminders.intent.
Regenerated mycroft-reminder.mycroftai:GetRemindersForDay.intent.
Regenerated mycroft-reminder.mycroftai:DeleteReminderForDay.intent.
Regenerated mycroft-personal.mycroftai:WhenWereYouBorn.intent.
Regenerated mycroft-personal.mycroftai:WhatAreYou.intent.
Regenerated mycroft-personal.mycroftai:DoYouRhyme.intent.
2021-11-19 07:17:27.042 | INFO     |  5516 | mycroft.skills.intent_services.padatious_service:train:153 | Training complete.
2021-11-19 07:18:03.372 | INFO     |  5516 | __main__:on_stopping:193 | Skills service is shutting down...
2021-11-19 07:18:03.373 | INFO     |  5516 | __main__:shutdown:284 | Shutting down Skills service
2021-11-19 07:18:03.792 | ERROR    |  5516 | VolumeSkill | Couldn't allocate mixer, ALSAAudioError('No such file or directory [default]')
2021-11-19 07:18:03.793 | INFO     |  5516 | mycroft.skills.settings:save_settings:116 | Skill settings successfully saved to /home/runner/.config/mycroft/skills/mycroft-volume.mycroftai/settings.json
2021-11-19 07:18:03.796 | INFO     |  5516 | mycroft.skills.settings:save_settings:116 | Skill settings successfully saved to /home/runner/.config/mycroft/skills/mycroft-stop.mycroftai/settings.json
2021-11-19 07:18:03.798 | INFO     |  5516 | mycroft.skills.settings:save_settings:116 | Skill settings successfully saved to /home/runner/.config/mycroft/skills/mycroft-alarm.mycroftai/settings.json
2021-11-19 07:18:03.823 | INFO     |  5516 | mycroft.skills.settings:save_settings:116 | Skill settings successfully saved to /home/runner/.config/mycroft/skills/mycroft-date-time.mycroftai/settings.json
2021-11-19 07:18:03.833 | INFO     |  5516 | mycroft.skills.settings:save_settings:116 | Skill settings successfully saved to /home/runner/.config/mycroft/skills/mycroft-fallback-duck-duck-go.mycroftai/settings.json
2021-11-19 07:18:03.834 | INFO     |  5516 | mycroft.skills.settings:save_settings:116 | Skill settings successfully saved to /home/runner/.config/mycroft/skills/mycroft-singing.mycroftai/settings.json
2021-11-19 07:18:03.835 | INFO     |  5516 | mycroft.skills.settings:save_settings:116 | Skill settings successfully saved to /home/runner/.config/mycroft/skills/mycroft-installer.mycroftai/settings.json
2021-11-19 07:18:03.846 | INFO     |  5516 | UnknownSkill | Removing all handlers...
2021-11-19 07:18:03.847 | INFO     |  5516 | mycroft.skills.settings:save_settings:116 | Skill settings successfully saved to /home/runner/.config/mycroft/skills/fallback-unknown.mycroftai/settings.json
2021-11-19 07:18:03.857 | INFO     |  5516 | mycroft.skills.settings:save_settings:116 | Skill settings successfully saved to /home/runner/.config/mycroft/skills/mycroft-ip.mycroftai/settings.json
2021-11-19 07:18:03.864 | INFO     |  5516 | mycroft.skills.settings:save_settings:116 | Skill settings successfully saved to /home/runner/.config/mycroft/skills/fallback-wolfram-alpha.mycroftai/settings.json
2021-11-19 07:18:03.867 | INFO     |  5516 | mycroft.skills.settings:save_settings:116 | Skill settings successfully saved to /home/runner/.config/mycroft/skills/mycroft-wiki.mycroftai/settings.json
2021-11-19 07:18:03.869 | INFO     |  5516 | mycroft.skills.settings:save_settings:116 | Skill settings successfully saved to /home/runner/.config/mycroft/skills/mycroft-version-checker.mycroftai/settings.json
2021-11-19 07:18:03.888 | INFO     |  5516 | mycroft.skills.settings:save_settings:116 | Skill settings successfully saved to /home/runner/.config/mycroft/skills/mycroft-speak.mycroftai/settings.json
2021-11-19 07:18:03.906 | INFO     |  5516 | mycroft.skills.settings:save_settings:116 | Skill settings successfully saved to /home/runner/.config/mycroft/skills/mycroft-weather.mycroftai/settings.json
2021-11-19 07:18:03.910 | INFO     |  5516 | mycroft.skills.settings:save_settings:116 | Skill settings successfully saved to /home/runner/.config/mycroft/skills/mycroft-spelling.mycroftai/settings.json
2021-11-19 07:18:03.911 | INFO     |  5516 | HomeAssistantSkill | Removing all handlers...
2021-11-19 07:18:03.912 | WARNING  |  5516 | mycroft.skills.fallback_skill:remove_fallback:185 | Could not find matching fallback handler
2021-11-19 07:18:03.919 | INFO     |  5516 | mycroft.skills.settings:save_settings:116 | Skill settings successfully saved to /home/runner/.config/mycroft/skills/mycroft-audio-record.mycroftai/settings.json
2021-11-19 07:18:03.921 | INFO     |  5516 | mycroft.skills.settings:save_settings:116 | Skill settings successfully saved to /home/runner/.config/mycroft/skills/mycroft-joke.mycroftai/settings.json
2021-11-19 07:18:03.941 | INFO     |  5516 | mycroft.skills.settings:save_settings:116 | Skill settings successfully saved to /home/runner/.config/mycroft/skills/mycroft-npr-news.mycroftai/settings.json
2021-11-19 07:18:03.944 | INFO     |  5516 | QuestionsAnswersSkill | Removing all handlers...
2021-11-19 07:18:03.945 | INFO     |  5516 | mycroft.skills.settings:save_settings:116 | Skill settings successfully saved to /home/runner/.config/mycroft/skills/fallback-query.mycroftai/settings.json
2021-11-19 07:18:03.963 | INFO     |  5516 | mycroft.skills.settings:save_settings:116 | Skill settings successfully saved to /home/runner/.config/mycroft/skills/mycroft-support-helper.mycroftai/settings.json
2021-11-19 07:18:03.964 | INFO     |  5516 | mycroft.skills.settings:save_settings:116 | Skill settings successfully saved to /home/runner/.config/mycroft/skills/mycroft-playback-control.mycroftai/settings.json
2021-11-19 07:18:04.966 | INFO     |  5516 | Playback Control Skill | Audio service status: {}
2021-11-19 07:18:05.967 | WARNING  |  5516 | mycroft.skills.skill_manager:_shutdown_skill:106 | mycroft-playback-control.mycroftai shutdown took 2.0025170200000275 seconds
2021-11-19 07:18:05.968 | INFO     |  5516 | mycroft.skills.settings:save_settings:116 | Skill settings successfully saved to /home/runner/.config/mycroft/skills/mycroft-hello-world.mycroftai/settings.json
2021-11-19 07:18:05.969 | INFO     |  5516 | mycroft.skills.settings:save_settings:116 | Skill settings successfully saved to /home/runner/.config/mycroft/skills/mycroft-naptime.mycroftai/settings.json
2021-11-19 07:18:05.971 | INFO     |  5516 | mycroft.skills.settings:save_settings:116 | Skill settings successfully saved to /home/runner/.config/mycroft/skills/mycroft-configuration.mycroftai/settings.json
2021-11-19 07:18:05.976 | INFO     |  5516 | mycroft.skills.settings:save_settings:116 | Skill settings successfully saved to /home/runner/.config/mycroft/skills/mycroft-reminder.mycroftai/settings.json
2021-11-19 07:18:05.995 | INFO     |  5516 | mycroft.skills.settings:save_settings:116 | Skill settings successfully saved to /home/runner/.config/mycroft/skills/mycroft-personal.mycroftai/settings.json
2021-11-19 07:18:05.996 | INFO     |  5516 | __main__:shutdown:291 | Skills service shutdown complete!
2021-11-19 07:18:05.998 | ERROR    |  5516 | websocket | error from callback <bound method MessageBusClient.on_message of <mycroft.messagebus.client.client.MessageBusClient object at 0x7f811b90ecd0>>: cannot schedule new futures after shutdown
2021-11-19 07:18:05.998 | ERROR    |  5516 | mycroft_bus_client.client.client | === RuntimeError('cannot schedule new futures after shutdown') ===
Traceback (most recent call last):
  File "/opt/mycroft-core/.venv/lib/python3.7/site-packages/mycroft_bus_client/client/client.py", line 154, in on_error
    self.emitter.emit('error', error)
  File "/opt/mycroft-core/.venv/lib/python3.7/site-packages/pyee/_base.py", line 116, in emit
    self._emit_handle_potential_error(event, args[0] if args else None)
  File "/opt/mycroft-core/.venv/lib/python3.7/site-packages/pyee/_base.py", line 86, in _emit_handle_potential_error
    raise error
  File "/opt/mycroft-core/.venv/lib/python3.7/site-packages/websocket/_app.py", line 318, in run_forever
    proxy_type=proxy_type)
  File "/opt/mycroft-core/.venv/lib/python3.7/site-packages/websocket/_core.py", line 250, in connect
    options.pop('socket', None))
  File "/opt/mycroft-core/.venv/lib/python3.7/site-packages/websocket/_http.py", line 130, in connect
    sock = _open_socket(addrinfo_list, options.sockopt, options.timeout)
  File "/opt/mycroft-core/.venv/lib/python3.7/site-packages/websocket/_http.py", line 208, in _open_socket
    raise err
  File "/opt/mycroft-core/.venv/lib/python3.7/site-packages/websocket/_http.py", line 185, in _open_socket
    sock.connect(address)
ConnectionRefusedError: [Errno 111] Connection refused

During handling of the above exception, another exception occurred:

Traceback (most recent call last):
  File "/opt/mycroft-core/.venv/lib/python3.7/site-packages/websocket/_app.py", line 407, in _callback
    callback(self, *args)
  File "/opt/mycroft-core/.venv/lib/python3.7/site-packages/mycroft_bus_client/client/client.py", line 182, in on_message
    self.emitter.emit('message', message)
  File "/opt/mycroft-core/.venv/lib/python3.7/site-packages/pyee/_base.py", line 113, in emit
    handled = self._call_handlers(event, args, kwargs)
  File "/opt/mycroft-core/.venv/lib/python3.7/site-packages/pyee/_base.py", line 96, in _call_handlers
    self._emit_run(f, args, kwargs)
  File "/opt/mycroft-core/.venv/lib/python3.7/site-packages/pyee/_executor.py", line 50, in _emit_run
    future = self._executor.submit(f, *args, **kwargs)
  File "/opt/hostedtoolcache/Python/3.7.12/x64/lib/python3.7/concurrent/futures/thread.py", line 163, in submit
    raise RuntimeError('cannot schedule new futures after shutdown')
RuntimeError: cannot schedule new futures after shutdown
2021-11-19 07:18:05.999 | ERROR    |  5516 | mycroft_bus_client.client.client | Exception closing websocket: RuntimeError('cannot schedule new futures after shutdown')
2021-11-19 07:18:05.999 | WARNING  |  5516 | mycroft_bus_client.client.client | Message Bus Client will reconnect in 5.0 seconds.
