2021-10-25 08:26:58.452 | INFO     |  5779 | mycroft.messagebus.load_config:load_message_bus_config:33 | Loading message bus configs
2021-10-25 08:26:58.457 | ERROR    |  5779 | mycroft_bus_client.client.client | === ConnectionRefusedError(111, 'Connection refused') ===
Traceback (most recent call last):
  File "/opt/mycroft-core/.venv/lib/python3.7/site-packages/websocket/_app.py", line 254, in run_forever
    proxy_type=proxy_type)
  File "/opt/mycroft-core/.venv/lib/python3.7/site-packages/websocket/_core.py", line 220, in connect
    options.pop('socket', None))
  File "/opt/mycroft-core/.venv/lib/python3.7/site-packages/websocket/_http.py", line 120, in connect
    sock = _open_socket(addrinfo_list, options.sockopt, options.timeout)
  File "/opt/mycroft-core/.venv/lib/python3.7/site-packages/websocket/_http.py", line 190, in _open_socket
    raise err
  File "/opt/mycroft-core/.venv/lib/python3.7/site-packages/websocket/_http.py", line 170, in _open_socket
    sock.connect(address)
ConnectionRefusedError: [Errno 111] Connection refused
2021-10-25 08:26:58.457 | ERROR    |  5779 | mycroft_bus_client.client.client | Exception closing websocket: ConnectionRefusedError(111, 'Connection refused')
2021-10-25 08:26:58.457 | WARNING  |  5779 | mycroft_bus_client.client.client | Message Bus Client will reconnect in 5 seconds.
2021-10-25 08:27:03.463 | INFO     |  5779 | mycroft_bus_client.client.client | Connected
2021-10-25 08:27:03.469 | INFO     |  5779 | mycroft.util.process_utils:start_message_bus_client:155 | Connected to messagebus
2021-10-25 08:27:03.480 | INFO     |  5779 | mycroft.skills.msm_wrapper:create_msm:96 | Acquiring lock to instantiate MSM
2021-10-25 08:27:03.481 | INFO     |  5779 | msm.mycroft_skills_manager | building SkillEntry objects for all skills
2021-10-25 08:27:04.288 | INFO     |  5779 | mycroft.skills.msm_wrapper:create_msm:112 | Releasing MSM instantiation lock.
2021-10-25 08:27:04.289 | INFO     |  5779 | mycroft.skills.skill_updater:_log_next_download_time:267 | Next scheduled skill update: 2021-10-25 08:27:03.288952
2021-10-25 08:27:04.289 | INFO     |  5779 | msm.skill_entry | Downloading skill: https://github.com/mycroftai/skill-pairing
2021-10-25 08:27:04.854 | INFO     |  5779 | msm.skill_entry | Installing system requirements...
2021-10-25 08:27:04.864 | INFO     |  5779 | msm.skill_entry | Successfully installed mycroft-pairing
2021-10-25 08:27:04.864 | INFO     |  5779 | msm.mycroft_skills_manager | invalidating skills cache
2021-10-25 08:27:04.866 | INFO     |  5779 | mycroft.skills.skill_loader:load:185 | ATTEMPTING TO LOAD SKILL: mycroft-pairing.mycroftai
2021-10-25 08:27:04.873 | INFO     |  5779 | mycroft.skills.settings:get_local_settings:83 | /opt/mycroft/skills/mycroft-pairing.mycroftai/settings.json
2021-10-25 08:27:04.900 | INFO     |  5779 | mycroft.skills.skill_loader:_check_for_first_run:324 | First run of mycroft-pairing.mycroftai
2021-10-25 08:27:04.901 | INFO     |  5779 | mycroft.skills.settings:save_settings:116 | Skill settings successfully saved to /home/runner/.config/mycroft/skills/mycroft-pairing.mycroftai/settings.json
2021-10-25 08:27:04.909 | INFO     |  5779 | mycroft.skills.skill_loader:_communicate_load_status:344 | Skill mycroft-pairing.mycroftai loaded successfully
2021-10-25 08:27:04.911 | INFO     |  5779 | msm.skill_entry | Downloading skill: https://github.com/mycroftai/skill-volume
2021-10-25 08:27:05.288 | INFO     |  5779 | msm.skill_entry | Installing system requirements...
2021-10-25 08:27:05.299 | INFO     |  5779 | msm.skill_entry | Installing requirements.txt for mycroft-volume
2021-10-25 08:27:06.404 | INFO     |  5779 | msm.skill_entry | Successfully installed mycroft-volume
2021-10-25 08:27:06.404 | INFO     |  5779 | msm.mycroft_skills_manager | invalidating skills cache
2021-10-25 08:27:06.448 | INFO     |  5779 | mycroft.skills.skill_loader:load:185 | ATTEMPTING TO LOAD SKILL: mycroft-volume.mycroftai
2021-10-25 08:27:06.464 | INFO     |  5779 | mycroft.skills.settings:get_local_settings:83 | /opt/mycroft/skills/mycroft-volume.mycroftai/settings.json
2021-10-25 08:27:06.551 | ERROR    |  5779 | VolumeSkill | Couldn't allocate mixer, ALSAAudioError('No such file or directory [default]')
2021-10-25 08:27:09.555 | INFO     |  5779 | mycroft.skills.skill_loader:_check_for_first_run:324 | First run of mycroft-volume.mycroftai
2021-10-25 08:27:09.556 | INFO     |  5779 | mycroft.skills.settings:save_settings:116 | Skill settings successfully saved to /home/runner/.config/mycroft/skills/mycroft-volume.mycroftai/settings.json
2021-10-25 08:27:09.557 | INFO     |  5779 | mycroft.skills.skill_loader:_communicate_load_status:344 | Skill mycroft-volume.mycroftai loaded successfully
2021-10-25 08:27:09.558 | INFO     |  5779 | __main__:on_started:177 | Skills service is starting up.
2021-10-25 08:27:09.625 | INFO     |  5779 | __main__:_update_system:154 | Attempting system update...
2021-10-25 08:27:12.627 | INFO     |  5779 | mycroft.enclosure.display_manager:_write_data:70 | Display Manager is creating /tmp/mycroft/ipc/managers/disp_info
2021-10-25 08:27:12.627 | INFO     |  5779 | __main__:_ensure_device_is_paired:133 | Device not paired, invoking the pairing skill
2021-10-25 08:27:12.630 | INFO     |  5779 | __main__:on_alive:181 | Skills service is alive.
2021-10-25 08:27:12.633 | INFO     |  5779 | msm.mycroft_skills_manager | building SkillEntry objects for all skills
2021-10-25 08:27:12.832 | INFO     |  5779 | PairingSkill | Communicating account URL to user
2021-10-25 08:27:13.022 | WARNING  |  5779 | msm.mycroft_skills_manager | No such default skill: mycroft-pandora
2021-10-25 08:27:13.023 | INFO     |  5779 | mycroft.skills.skill_manager:run:234 | Not all default skills are installed, performing skill update...
2021-10-25 08:27:13.023 | INFO     |  5779 | mycroft.skills.skill_updater:update_skills:149 | Beginning skill update...
2021-10-25 08:27:13.087 | INFO     |  5779 | msm.mycroft_skills_manager | building SkillEntry objects for all skills
2021-10-25 08:27:13.336 | INFO     |  5779 | msm.mycroft_skills_manager | invalidating skills cache
2021-10-25 08:27:13.353 | INFO     |  5779 | msm.skill_entry | Downloading skill: https://github.com/mycroftai/fallback-unknown
2021-10-25 08:27:13.357 | INFO     |  5779 | msm.skill_entry | Downloading skill: https://github.com/mycroftai/fallback-wolfram-alpha
2021-10-25 08:27:13.361 | INFO     |  5779 | msm.skill_entry | Downloading skill: https://github.com/mycroftai/skill-alarm
2021-10-25 08:27:13.369 | INFO     |  5779 | msm.skill_entry | Downloading skill: https://github.com/mycroftai/skill-audio-record
2021-10-25 08:27:13.373 | INFO     |  5779 | msm.skill_entry | Downloading skill: https://github.com/mycroftai/skill-configuration
2021-10-25 08:27:13.380 | INFO     |  5779 | msm.skill_entry | Downloading skill: https://github.com/mycroftai/skill-date-time
2021-10-25 08:27:13.385 | INFO     |  5779 | msm.skill_entry | Downloading skill: https://github.com/mycroftai/fallback-duckduckgo
2021-10-25 08:27:13.391 | INFO     |  5779 | msm.skill_entry | Downloading skill: https://github.com/mycroftai/skill-hello-world
2021-10-25 08:27:13.397 | INFO     |  5779 | msm.skill_entry | Downloading skill: https://github.com/mycroftai/skill-installer
2021-10-25 08:27:13.398 | INFO     |  5779 | msm.skill_entry | Downloading skill: https://github.com/mycroftai/skill-ip
2021-10-25 08:27:13.400 | INFO     |  5779 | msm.skill_entry | Downloading skill: https://github.com/mycroftai/skill-joke
2021-10-25 08:27:13.401 | INFO     |  5779 | msm.skill_entry | Downloading skill: https://github.com/mycroftai/skill-naptime
2021-10-25 08:27:13.402 | INFO     |  5779 | msm.skill_entry | Downloading skill: https://github.com/mycroftai/skill-npr-news
2021-10-25 08:27:13.403 | INFO     |  5779 | msm.skill_entry | Downloading skill: https://github.com/mycroftai/skill-personal
2021-10-25 08:27:13.403 | INFO     |  5779 | msm.skill_entry | Downloading skill: https://github.com/mycroftai/skill-playback-control
2021-10-25 08:27:13.404 | INFO     |  5779 | msm.skill_entry | Downloading skill: https://github.com/mycroftai/skill-reminder
2021-10-25 08:27:13.405 | INFO     |  5779 | msm.skill_entry | Downloading skill: https://github.com/mycroftai/skill-singing
2021-10-25 08:27:14.809 | INFO     |  5779 | msm.skill_entry | Installing system requirements...
2021-10-25 08:27:14.821 | INFO     |  5779 | msm.skill_entry | Installing system requirements...
2021-10-25 08:27:14.837 | INFO     |  5779 | msm.skill_entry | Installing requirements.txt for mycroft-ip
2021-10-25 08:27:14.886 | INFO     |  5779 | msm.skill_entry | Successfully installed fallback-unknown
2021-10-25 08:27:14.889 | INFO     |  5779 | msm.mycroft_skills_manager | invalidating skills cache
2021-10-25 08:27:14.895 | INFO     |  5779 | msm.skill_entry | Downloading skill: https://github.com/mycroftai/skill-speak
2021-10-25 08:27:14.901 | INFO     |  5779 | msm.skill_entry | Installing system requirements...
2021-10-25 08:27:14.979 | INFO     |  5779 | msm.skill_entry | Installing system requirements...
2021-10-25 08:27:15.083 | INFO     |  5779 | msm.skill_entry | Installing requirements.txt for mycroft-fallback-duck-duck-go
2021-10-25 08:27:15.099 | INFO     |  5779 | msm.skill_entry | Successfully installed mycroft-personal
2021-10-25 08:27:15.099 | INFO     |  5779 | msm.mycroft_skills_manager | invalidating skills cache
2021-10-25 08:27:15.109 | INFO     |  5779 | msm.skill_entry | Installing system requirements...
2021-10-25 08:27:15.120 | INFO     |  5779 | msm.skill_entry | Installing system requirements...
2021-10-25 08:27:15.129 | INFO     |  5779 | msm.skill_entry | Downloading skill: https://github.com/mycroftai/skill-spelling
2021-10-25 08:27:15.165 | INFO     |  5779 | msm.skill_entry | Installing system requirements...
2021-10-25 08:27:15.335 | INFO     |  5779 | msm.skill_entry | Installing system requirements...
2021-10-25 08:27:15.352 | INFO     |  5779 | msm.skill_entry | Installing system requirements...
2021-10-25 08:27:15.356 | INFO     |  5779 | msm.skill_entry | Successfully installed mycroft-naptime
2021-10-25 08:27:15.357 | INFO     |  5779 | msm.mycroft_skills_manager | invalidating skills cache
2021-10-25 08:27:15.358 | INFO     |  5779 | msm.skill_entry | Downloading skill: https://github.com/mycroftai/skill-stop
2021-10-25 08:27:15.362 | INFO     |  5779 | msm.skill_entry | Installing system requirements...
2021-10-25 08:27:15.366 | INFO     |  5779 | msm.skill_entry | Nothing new for mycroft-pairing
2021-10-25 08:27:15.368 | INFO     |  5779 | msm.skill_entry | Installing requirements.txt for mycroft-joke
2021-10-25 08:27:15.393 | INFO     |  5779 | msm.skill_entry | Installing system requirements...
2021-10-25 08:27:15.400 | INFO     |  5779 | msm.skill_entry | Successfully installed mycroft-hello-world
2021-10-25 08:27:15.401 | INFO     |  5779 | msm.mycroft_skills_manager | invalidating skills cache
2021-10-25 08:27:15.405 | INFO     |  5779 | msm.skill_entry | Downloading skill: https://github.com/mycroftai/skill-support
2021-10-25 08:27:15.445 | INFO     |  5779 | msm.skill_entry | Installing system requirements...
2021-10-25 08:27:15.484 | INFO     |  5779 | msm.skill_entry | Installing system requirements...
2021-10-25 08:27:15.489 | ERROR    |  5779 | msm.mycroft_skills_manager | Error running install_or_update on homeassistant.mycroftai: MergeConflict
2021-10-25 08:27:15.498 | INFO     |  5779 | msm.skill_entry | Installing requirements.txt for mycroft-audio-record
2021-10-25 08:27:15.553 | INFO     |  5779 | msm.skill_entry | Installing requirements.txt for mycroft-configuration
2021-10-25 08:27:15.553 | INFO     |  5779 | msm.skill_entry | Downloading skill: https://github.com/mycroftai/mycroft-timer
2021-10-25 08:27:15.575 | INFO     |  5779 | msm.skill_entry | Installing requirements.txt for fallback-wolfram-alpha
2021-10-25 08:27:15.577 | INFO     |  5779 | msm.skill_entry | Installing requirements.txt for mycroft-installer
2021-10-25 08:27:15.650 | INFO     |  5779 | msm.skill_entry | Successfully installed mycroft-playback-control
2021-10-25 08:27:15.651 | INFO     |  5779 | msm.mycroft_skills_manager | invalidating skills cache
2021-10-25 08:27:15.653 | INFO     |  5779 | msm.skill_entry | Downloading skill: https://github.com/mycroftai/skill-weather
2021-10-25 08:27:15.665 | INFO     |  5779 | msm.skill_entry | Downloading skill: https://github.com/mycroftai/skill-version-checker
2021-10-25 08:27:15.701 | INFO     |  5779 | msm.skill_entry | Installing system requirements...
2021-10-25 08:27:15.726 | INFO     |  5779 | msm.skill_entry | Nothing new for mycroft-volume
2021-10-25 08:27:15.855 | INFO     |  5779 | msm.skill_entry | Installing system requirements...
2021-10-25 08:27:15.896 | INFO     |  5779 | msm.skill_entry | Successfully installed mycroft-reminder
2021-10-25 08:27:15.896 | INFO     |  5779 | msm.mycroft_skills_manager | invalidating skills cache
2021-10-25 08:27:15.898 | INFO     |  5779 | msm.skill_entry | Downloading skill: https://github.com/mycroftai/skill-wiki
2021-10-25 08:27:16.144 | INFO     |  5779 | msm.skill_entry | Installing requirements.txt for mycroft-volume
2021-10-25 08:27:16.253 | INFO     |  5779 | msm.skill_entry | Installing system requirements...
2021-10-25 08:27:16.303 | INFO     |  5779 | msm.skill_entry | Installing requirements.txt for mycroft-npr-news
2021-10-25 08:27:16.347 | INFO     |  5779 | msm.skill_entry | Installing system requirements...
2021-10-25 08:27:16.394 | INFO     |  5779 | msm.skill_entry | Installing requirements.txt for mycroft-alarm
2021-10-25 08:27:16.399 | INFO     |  5779 | msm.skill_entry | Installing system requirements...
2021-10-25 08:27:16.446 | INFO     |  5779 | msm.skill_entry | Successfully installed mycroft-spelling
2021-10-25 08:27:16.447 | INFO     |  5779 | msm.mycroft_skills_manager | invalidating skills cache
2021-10-25 08:27:16.449 | INFO     |  5779 | msm.skill_entry | Downloading skill: https://github.com/MycroftAI/skill-query
2021-10-25 08:27:16.608 | INFO     |  5779 | msm.skill_entry | Installing system requirements...
2021-10-25 08:27:16.705 | INFO     |  5779 | msm.skill_entry | Successfully installed mycroft-stop
2021-10-25 08:27:16.706 | INFO     |  5779 | msm.mycroft_skills_manager | invalidating skills cache
2021-10-25 08:27:16.823 | INFO     |  5779 | msm.skill_entry | Installing system requirements...
2021-10-25 08:27:16.939 | INFO     |  5779 | msm.skill_entry | Successfully installed mycroft-version-checker
2021-10-25 08:27:16.939 | INFO     |  5779 | msm.mycroft_skills_manager | invalidating skills cache
2021-10-25 08:27:16.959 | INFO     |  5779 | msm.skill_entry | Installing system requirements...
2021-10-25 08:27:17.060 | INFO     |  5779 | msm.skill_entry | Installing requirements.txt for mycroft-wiki
2021-10-25 08:27:17.217 | INFO     |  5779 | msm.skill_entry | Installing system requirements...
2021-10-25 08:27:17.258 | INFO     |  5779 | msm.skill_entry | Installing system requirements...
2021-10-25 08:27:17.293 | INFO     |  5779 | msm.skill_entry | Successfully installed mycroft-speak
2021-10-25 08:27:17.293 | INFO     |  5779 | msm.mycroft_skills_manager | invalidating skills cache
2021-10-25 08:27:17.321 | INFO     |  5779 | msm.skill_entry | Installing requirements.txt for mycroft-date-time
2021-10-25 08:27:17.348 | INFO     |  5779 | msm.skill_entry | Installing system requirements...
2021-10-25 08:27:17.416 | INFO     |  5779 | msm.skill_entry | Successfully installed fallback-query
2021-10-25 08:27:17.418 | INFO     |  5779 | msm.mycroft_skills_manager | invalidating skills cache
2021-10-25 08:27:17.424 | INFO     |  5779 | msm.skill_entry | Installing system requirements...
2021-10-25 08:27:17.457 | INFO     |  5779 | msm.skill_entry | Successfully installed mycroft-timer
2021-10-25 08:27:17.458 | INFO     |  5779 | msm.mycroft_skills_manager | invalidating skills cache
2021-10-25 08:27:17.588 | ERROR    |  5779 | msm.mycroft_skills_manager | Error running install_or_update on homeassistant: MergeConflict
2021-10-25 08:27:17.801 | INFO     |  5779 | msm.skill_entry | Installing system requirements...
2021-10-25 08:27:17.813 | INFO     |  5779 | msm.skill_entry | Installing requirements.txt for mycroft-weather
2021-10-25 08:27:18.153 | INFO     |  5779 | msm.skill_entry | Installing system requirements...
2021-10-25 08:27:18.197 | INFO     |  5779 | msm.skill_entry | Installing requirements.txt for mycroft-support-helper
2021-10-25 08:27:18.341 | INFO     |  5779 | msm.skill_entry | Successfully installed mycroft-ip
2021-10-25 08:27:18.341 | INFO     |  5779 | msm.mycroft_skills_manager | invalidating skills cache
2021-10-25 08:27:18.389 | INFO     |  5779 | msm.skill_entry | Installing system requirements...
2021-10-25 08:27:18.413 | INFO     |  5779 | msm.skill_entry | Successfully installed mycroft-singing
2021-10-25 08:27:18.413 | INFO     |  5779 | msm.mycroft_skills_manager | invalidating skills cache
2021-10-25 08:27:19.649 | INFO     |  5779 | msm.skill_entry | Successfully installed mycroft-fallback-duck-duck-go
2021-10-25 08:27:19.649 | INFO     |  5779 | msm.mycroft_skills_manager | invalidating skills cache
2021-10-25 08:27:20.931 | INFO     |  5779 | msm.skill_entry | Successfully installed mycroft-joke
2021-10-25 08:27:20.932 | INFO     |  5779 | msm.mycroft_skills_manager | invalidating skills cache
2021-10-25 08:27:21.985 | INFO     |  5779 | msm.skill_entry | Successfully installed mycroft-audio-record
2021-10-25 08:27:21.986 | INFO     |  5779 | msm.mycroft_skills_manager | invalidating skills cache
2021-10-25 08:27:24.969 | INFO     |  5779 | msm.skill_entry | Successfully installed mycroft-configuration
2021-10-25 08:27:24.970 | INFO     |  5779 | msm.mycroft_skills_manager | invalidating skills cache
2021-10-25 08:27:29.575 | INFO     |  5779 | msm.skill_entry | Successfully installed fallback-wolfram-alpha
2021-10-25 08:27:29.576 | INFO     |  5779 | msm.mycroft_skills_manager | invalidating skills cache
2021-10-25 08:27:30.619 | INFO     |  5779 | msm.skill_entry | Successfully installed mycroft-installer
2021-10-25 08:27:30.619 | INFO     |  5779 | msm.mycroft_skills_manager | invalidating skills cache
2021-10-25 08:27:35.306 | INFO     |  5779 | msm.skill_entry | Successfully installed mycroft-npr-news
2021-10-25 08:27:35.306 | INFO     |  5779 | msm.mycroft_skills_manager | invalidating skills cache
2021-10-25 08:27:36.362 | INFO     |  5779 | msm.skill_entry | Successfully installed mycroft-alarm
2021-10-25 08:27:36.363 | INFO     |  5779 | msm.mycroft_skills_manager | invalidating skills cache
2021-10-25 08:27:38.346 | INFO     |  5779 | msm.skill_entry | Successfully installed mycroft-wiki
2021-10-25 08:27:38.346 | INFO     |  5779 | msm.mycroft_skills_manager | invalidating skills cache
2021-10-25 08:27:43.168 | INFO     |  5779 | PairingSkill | Initiating device pairing sequence...
2021-10-25 08:27:43.168 | INFO     |  5779 | PairingSkill | Retrieving pairing code from device API...
2021-10-25 08:27:43.266 | INFO     |  5779 | PairingSkill | Pairing code obtained: RXRTUW
2021-10-25 08:27:43.266 | INFO     |  5779 | PairingSkill | Communicating pairing URL to user
2021-10-25 08:27:57.852 | INFO     |  5779 | msm.skill_entry | Successfully installed mycroft-date-time
2021-10-25 08:27:57.853 | INFO     |  5779 | msm.mycroft_skills_manager | invalidating skills cache
2021-10-25 08:27:58.949 | INFO     |  5779 | msm.skill_entry | Successfully installed mycroft-weather
2021-10-25 08:27:58.949 | INFO     |  5779 | msm.mycroft_skills_manager | invalidating skills cache
2021-10-25 08:28:02.029 | INFO     |  5779 | msm.skill_entry | Successfully installed mycroft-support-helper
2021-10-25 08:28:02.029 | INFO     |  5779 | msm.mycroft_skills_manager | invalidating skills cache
2021-10-25 08:28:02.105 | INFO     |  5779 | mycroft.skills.skill_updater:_log_next_download_time:267 | Next scheduled skill update: 2021-10-25 09:28:02.104463
2021-10-25 08:28:02.105 | INFO     |  5779 | mycroft.skills.skill_updater:update_skills:170 | Skill update complete
2021-10-25 08:28:02.106 | INFO     |  5779 | mycroft.skills.skill_manager:_load_on_startup:273 | Loading installed skills...
2021-10-25 08:28:02.107 | INFO     |  5779 | mycroft.skills.skill_loader:load:185 | ATTEMPTING TO LOAD SKILL: mycroft-ip.mycroftai
2021-10-25 08:28:02.170 | INFO     |  5779 | mycroft.skills.settings:get_local_settings:83 | /opt/mycroft/skills/mycroft-ip.mycroftai/settings.json
2021-10-25 08:28:02.180 | INFO     |  5779 | mycroft.skills.skill_loader:_check_for_first_run:324 | First run of mycroft-ip.mycroftai
2021-10-25 08:28:02.180 | INFO     |  5779 | mycroft.skills.settings:save_settings:116 | Skill settings successfully saved to /home/runner/.config/mycroft/skills/mycroft-ip.mycroftai/settings.json
2021-10-25 08:28:02.204 | INFO     |  5779 | mycroft.skills.skill_loader:_communicate_load_status:344 | Skill mycroft-ip.mycroftai loaded successfully
2021-10-25 08:28:02.205 | INFO     |  5779 | mycroft.skills.skill_loader:load:185 | ATTEMPTING TO LOAD SKILL: mycroft-reminder.mycroftai
2021-10-25 08:28:02.229 | INFO     |  5779 | mycroft.skills.settings:get_local_settings:83 | /opt/mycroft/skills/mycroft-reminder.mycroftai/settings.json
2021-10-25 08:28:02.282 | INFO     |  5779 | mycroft.skills.skill_loader:_check_for_first_run:324 | First run of mycroft-reminder.mycroftai
2021-10-25 08:28:02.285 | INFO     |  5779 | mycroft.skills.settings:save_settings:116 | Skill settings successfully saved to /home/runner/.config/mycroft/skills/mycroft-reminder.mycroftai/settings.json
2021-10-25 08:28:02.307 | INFO     |  5779 | mycroft.skills.skill_loader:_communicate_load_status:344 | Skill mycroft-reminder.mycroftai loaded successfully
2021-10-25 08:28:02.308 | INFO     |  5779 | mycroft.skills.skill_loader:load:185 | ATTEMPTING TO LOAD SKILL: mycroft-installer.mycroftai
2021-10-25 08:28:02.317 | INFO     |  5779 | mycroft.skills.settings:get_local_settings:83 | /opt/mycroft/skills/mycroft-installer.mycroftai/settings.json
2021-10-25 08:28:02.343 | INFO     |  5779 | mycroft.skills.skill_loader:_check_for_first_run:324 | First run of mycroft-installer.mycroftai
2021-10-25 08:28:02.343 | INFO     |  5779 | mycroft.skills.settings:save_settings:116 | Skill settings successfully saved to /home/runner/.config/mycroft/skills/mycroft-installer.mycroftai/settings.json
2021-10-25 08:28:02.348 | INFO     |  5779 | mycroft.skills.skill_loader:_communicate_load_status:344 | Skill mycroft-installer.mycroftai loaded successfully
2021-10-25 08:28:02.348 | INFO     |  5779 | mycroft.skills.skill_loader:load:185 | ATTEMPTING TO LOAD SKILL: mycroft-version-checker.mycroftai
2021-10-25 08:28:02.353 | INFO     |  5779 | mycroft.skills.settings:get_local_settings:83 | /opt/mycroft/skills/mycroft-version-checker.mycroftai/settings.json
2021-10-25 08:28:02.369 | INFO     |  5779 | mycroft.skills.skill_loader:_check_for_first_run:324 | First run of mycroft-version-checker.mycroftai
2021-10-25 08:28:02.371 | INFO     |  5779 | mycroft.skills.settings:save_settings:116 | Skill settings successfully saved to /home/runner/.config/mycroft/skills/mycroft-version-checker.mycroftai/settings.json
2021-10-25 08:28:02.373 | INFO     |  5779 | mycroft.skills.skill_loader:_communicate_load_status:344 | Skill mycroft-version-checker.mycroftai loaded successfully
2021-10-25 08:28:02.374 | INFO     |  5779 | mycroft.skills.skill_loader:load:185 | ATTEMPTING TO LOAD SKILL: mycroft-singing.mycroftai
2021-10-25 08:28:02.379 | INFO     |  5779 | mycroft.skills.settings:get_local_settings:83 | /opt/mycroft/skills/mycroft-singing.mycroftai/settings.json
2021-10-25 08:28:02.399 | INFO     |  5779 | mycroft.skills.skill_loader:_check_for_first_run:324 | First run of mycroft-singing.mycroftai
2021-10-25 08:28:02.402 | INFO     |  5779 | mycroft.skills.settings:save_settings:116 | Skill settings successfully saved to /home/runner/.config/mycroft/skills/mycroft-singing.mycroftai/settings.json
2021-10-25 08:28:02.404 | INFO     |  5779 | mycroft.skills.skill_loader:_communicate_load_status:344 | Skill mycroft-singing.mycroftai loaded successfully
2021-10-25 08:28:02.405 | INFO     |  5779 | mycroft.skills.skill_loader:load:185 | ATTEMPTING TO LOAD SKILL: mycroft-joke.mycroftai
2021-10-25 08:28:02.604 | ERROR    |  5779 | concurrent.futures | exception calling callback for <Future at 0x7f19b0c17910 state=finished raised FileExistsError>
Traceback (most recent call last):
  File "/opt/hostedtoolcache/Python/3.7.12/x64/lib/python3.7/concurrent/futures/_base.py", line 324, in _invoke_callbacks
    callback(self)
  File "/opt/mycroft-core/.venv/lib/python3.7/site-packages/pyee/_executor.py", line 56, in _callback
    self.emit('error', exc)
  File "/opt/mycroft-core/.venv/lib/python3.7/site-packages/pyee/_base.py", line 116, in emit
    self._emit_handle_potential_error(event, args[0] if args else None)
  File "/opt/mycroft-core/.venv/lib/python3.7/site-packages/pyee/_base.py", line 86, in _emit_handle_potential_error
    raise error
  File "/opt/hostedtoolcache/Python/3.7.12/x64/lib/python3.7/concurrent/futures/thread.py", line 57, in run
    result = self.fn(*self.args, **self.kwargs)
  File "/opt/mycroft-core/mycroft/configuration/config.py", line 289, in updated
    Configuration.load_config_stack(cache=True)
  File "/opt/mycroft-core/mycroft/configuration/config.py", line 241, in load_config_stack
    configs.append(RemoteConf())
  File "/opt/mycroft-core/mycroft/configuration/config.py", line 132, in __init__
    cache = cache or join(xdg.BaseDirectory.save_cache_path('mycroft'),
  File "/opt/mycroft-core/.venv/lib/python3.7/site-packages/xdg/BaseDirectory.py", line 81, in save_cache_path
    os.makedirs(path)
  File "/opt/hostedtoolcache/Python/3.7.12/x64/lib/python3.7/os.py", line 223, in makedirs
    mkdir(name, mode)
FileExistsError: [Errno 17] File exists: '/home/runner/.cache/mycroft'
2021-10-25 08:28:02.653 | INFO     |  5779 | mycroft.skills.settings:get_local_settings:83 | /opt/mycroft/skills/mycroft-joke.mycroftai/settings.json
2021-10-25 08:28:02.673 | INFO     |  5779 | mycroft.skills.skill_loader:_check_for_first_run:324 | First run of mycroft-joke.mycroftai
2021-10-25 08:28:02.674 | INFO     |  5779 | mycroft.skills.settings:save_settings:116 | Skill settings successfully saved to /home/runner/.config/mycroft/skills/mycroft-joke.mycroftai/settings.json
2021-10-25 08:28:02.674 | INFO     |  5779 | mycroft.skills.skill_loader:_communicate_load_status:344 | Skill mycroft-joke.mycroftai loaded successfully
2021-10-25 08:28:02.675 | INFO     |  5779 | mycroft.skills.skill_loader:load:185 | ATTEMPTING TO LOAD SKILL: mycroft-timer.mycroftai
2021-10-25 08:28:02.722 | INFO     |  5779 | mycroft.skills.settings:get_local_settings:83 | /opt/mycroft/skills/mycroft-timer.mycroftai/settings.json
2021-10-25 08:28:02.851 | INFO     |  5779 | mycroft.skills.skill_loader:_check_for_first_run:324 | First run of mycroft-timer.mycroftai
2021-10-25 08:28:02.852 | INFO     |  5779 | mycroft.skills.settings:save_settings:116 | Skill settings successfully saved to /home/runner/.config/mycroft/skills/mycroft-timer.mycroftai/settings.json
2021-10-25 08:28:02.861 | INFO     |  5779 | mycroft.skills.skill_loader:_communicate_load_status:344 | Skill mycroft-timer.mycroftai loaded successfully
2021-10-25 08:28:02.862 | INFO     |  5779 | mycroft.skills.skill_loader:load:185 | ATTEMPTING TO LOAD SKILL: homeassistant.mycroftai
2021-10-25 08:28:03.282 | INFO     |  5779 | mycroft.skills.settings:get_local_settings:83 | /opt/mycroft/skills/homeassistant.mycroftai/settings.json
2021-10-25 08:28:03.283 | INFO     |  5779 | mycroft.skills.settings:get_local_settings:83 | /opt/mycroft/skills/homeassistant.mycroftai/settings.json
2021-10-25 08:28:04.437 | INFO     |  5779 | mycroft.skills.skill_loader:_communicate_load_status:344 | Skill homeassistant.mycroftai loaded successfully
2021-10-25 08:28:04.438 | INFO     |  5779 | mycroft.skills.skill_loader:load:185 | ATTEMPTING TO LOAD SKILL: mycroft-alarm.mycroftai
2021-10-25 08:28:04.499 | INFO     |  5779 | mycroft.skills.settings:get_local_settings:83 | /opt/mycroft/skills/mycroft-alarm.mycroftai/settings.json
2021-10-25 08:28:04.499 | ERROR    |  5779 | AlarmSkill | Couldn't allocate mixer, ALSAAudioError('No such file or directory [default]')
2021-10-25 08:28:04.866 | INFO     |  5779 | mycroft.skills.skill_loader:_check_for_first_run:324 | First run of mycroft-alarm.mycroftai
2021-10-25 08:28:04.877 | INFO     |  5779 | mycroft.skills.settings:save_settings:116 | Skill settings successfully saved to /home/runner/.config/mycroft/skills/mycroft-alarm.mycroftai/settings.json
2021-10-25 08:28:04.885 | INFO     |  5779 | mycroft.skills.skill_loader:_communicate_load_status:344 | Skill mycroft-alarm.mycroftai loaded successfully
2021-10-25 08:28:04.886 | INFO     |  5779 | mycroft.skills.skill_loader:load:185 | ATTEMPTING TO LOAD SKILL: mycroft-naptime.mycroftai
2021-10-25 08:28:04.934 | INFO     |  5779 | mycroft.skills.settings:get_local_settings:83 | /opt/mycroft/skills/mycroft-naptime.mycroftai/settings.json
2021-10-25 08:28:04.967 | INFO     |  5779 | mycroft.skills.skill_loader:_check_for_first_run:324 | First run of mycroft-naptime.mycroftai
2021-10-25 08:28:04.967 | INFO     |  5779 | mycroft.skills.settings:save_settings:116 | Skill settings successfully saved to /home/runner/.config/mycroft/skills/mycroft-naptime.mycroftai/settings.json
2021-10-25 08:28:04.971 | INFO     |  5779 | mycroft.skills.skill_loader:_communicate_load_status:344 | Skill mycroft-naptime.mycroftai loaded successfully
2021-10-25 08:28:04.974 | INFO     |  5779 | mycroft.skills.skill_loader:load:185 | ATTEMPTING TO LOAD SKILL: mycroft-spelling.mycroftai
2021-10-25 08:28:04.986 | INFO     |  5779 | mycroft.skills.settings:get_local_settings:83 | /opt/mycroft/skills/mycroft-spelling.mycroftai/settings.json
2021-10-25 08:28:05.027 | INFO     |  5779 | mycroft.skills.skill_loader:_check_for_first_run:324 | First run of mycroft-spelling.mycroftai
2021-10-25 08:28:05.028 | INFO     |  5779 | mycroft.skills.settings:save_settings:116 | Skill settings successfully saved to /home/runner/.config/mycroft/skills/mycroft-spelling.mycroftai/settings.json
2021-10-25 08:28:05.035 | INFO     |  5779 | mycroft.skills.skill_loader:_communicate_load_status:344 | Skill mycroft-spelling.mycroftai loaded successfully
2021-10-25 08:28:05.037 | INFO     |  5779 | mycroft.skills.skill_loader:load:185 | ATTEMPTING TO LOAD SKILL: mycroft-fallback-duck-duck-go.mycroftai
2021-10-25 08:28:05.080 | INFO     |  5779 | mycroft.skills.settings:get_local_settings:83 | /opt/mycroft/skills/mycroft-fallback-duck-duck-go.mycroftai/settings.json
2021-10-25 08:28:05.138 | INFO     |  5779 | mycroft.skills.skill_loader:_check_for_first_run:324 | First run of mycroft-fallback-duck-duck-go.mycroftai
2021-10-25 08:28:05.142 | INFO     |  5779 | mycroft.skills.settings:save_settings:116 | Skill settings successfully saved to /home/runner/.config/mycroft/skills/mycroft-fallback-duck-duck-go.mycroftai/settings.json
2021-10-25 08:28:05.146 | INFO     |  5779 | mycroft.skills.skill_loader:_communicate_load_status:344 | Skill mycroft-fallback-duck-duck-go.mycroftai loaded successfully
2021-10-25 08:28:05.147 | INFO     |  5779 | mycroft.skills.skill_loader:load:185 | ATTEMPTING TO LOAD SKILL: mycroft-npr-news.mycroftai
2021-10-25 08:28:05.346 | INFO     |  5779 | mycroft.skills.settings:get_local_settings:83 | /opt/mycroft/skills/mycroft-npr-news.mycroftai/settings.json
2021-10-25 08:28:06.424 | INFO     |  5779 | mycroft.skills.skill_loader:_check_for_first_run:324 | First run of mycroft-npr-news.mycroftai
2021-10-25 08:28:06.427 | INFO     |  5779 | mycroft.skills.settings:save_settings:116 | Skill settings successfully saved to /home/runner/.config/mycroft/skills/mycroft-npr-news.mycroftai/settings.json
2021-10-25 08:28:06.428 | INFO     |  5779 | mycroft.skills.skill_loader:_communicate_load_status:344 | Skill mycroft-npr-news.mycroftai loaded successfully
2021-10-25 08:28:06.428 | INFO     |  5779 | mycroft.skills.skill_loader:load:185 | ATTEMPTING TO LOAD SKILL: mycroft-support-helper.mycroftai
2021-10-25 08:28:06.438 | INFO     |  5779 | mycroft.skills.settings:get_local_settings:83 | /opt/mycroft/skills/mycroft-support-helper.mycroftai/settings.json
2021-10-25 08:28:06.457 | INFO     |  5779 | mycroft.skills.skill_loader:_check_for_first_run:324 | First run of mycroft-support-helper.mycroftai
2021-10-25 08:28:06.458 | INFO     |  5779 | mycroft.skills.settings:save_settings:116 | Skill settings successfully saved to /home/runner/.config/mycroft/skills/mycroft-support-helper.mycroftai/settings.json
2021-10-25 08:28:06.458 | INFO     |  5779 | mycroft.skills.skill_loader:_communicate_load_status:344 | Skill mycroft-support-helper.mycroftai loaded successfully
2021-10-25 08:28:06.459 | INFO     |  5779 | mycroft.skills.skill_loader:load:185 | ATTEMPTING TO LOAD SKILL: mycroft-weather.mycroftai
2021-10-25 08:28:06.501 | INFO     |  5779 | mycroft.skills.settings:get_local_settings:83 | /opt/mycroft/skills/mycroft-weather.mycroftai/settings.json
2021-10-25 08:28:06.675 | INFO     |  5779 | mycroft.skills.skill_loader:_check_for_first_run:324 | First run of mycroft-weather.mycroftai
2021-10-25 08:28:06.687 | INFO     |  5779 | mycroft.skills.settings:save_settings:116 | Skill settings successfully saved to /home/runner/.config/mycroft/skills/mycroft-weather.mycroftai/settings.json
2021-10-25 08:28:06.699 | INFO     |  5779 | mycroft.skills.skill_loader:_communicate_load_status:344 | Skill mycroft-weather.mycroftai loaded successfully
2021-10-25 08:28:06.699 | INFO     |  5779 | mycroft.skills.skill_loader:load:185 | ATTEMPTING TO LOAD SKILL: mycroft-speak.mycroftai
2021-10-25 08:28:06.711 | INFO     |  5779 | mycroft.skills.settings:get_local_settings:83 | /opt/mycroft/skills/mycroft-speak.mycroftai/settings.json
2021-10-25 08:28:06.749 | INFO     |  5779 | mycroft.skills.skill_loader:_check_for_first_run:324 | First run of mycroft-speak.mycroftai
2021-10-25 08:28:06.749 | INFO     |  5779 | mycroft.skills.settings:save_settings:116 | Skill settings successfully saved to /home/runner/.config/mycroft/skills/mycroft-speak.mycroftai/settings.json
2021-10-25 08:28:06.750 | INFO     |  5779 | mycroft.skills.skill_loader:_communicate_load_status:344 | Skill mycroft-speak.mycroftai loaded successfully
2021-10-25 08:28:06.751 | INFO     |  5779 | mycroft.skills.skill_loader:load:185 | ATTEMPTING TO LOAD SKILL: mycroft-audio-record.mycroftai
2021-10-25 08:28:06.767 | INFO     |  5779 | mycroft.skills.settings:get_local_settings:83 | /opt/mycroft/skills/mycroft-audio-record.mycroftai/settings.json
2021-10-25 08:28:06.813 | INFO     |  5779 | mycroft.skills.skill_loader:_check_for_first_run:324 | First run of mycroft-audio-record.mycroftai
2021-10-25 08:28:06.814 | INFO     |  5779 | mycroft.skills.settings:save_settings:116 | Skill settings successfully saved to /home/runner/.config/mycroft/skills/mycroft-audio-record.mycroftai/settings.json
2021-10-25 08:28:06.814 | INFO     |  5779 | mycroft.skills.skill_loader:_communicate_load_status:344 | Skill mycroft-audio-record.mycroftai loaded successfully
2021-10-25 08:28:06.815 | INFO     |  5779 | mycroft.skills.skill_loader:load:185 | ATTEMPTING TO LOAD SKILL: mycroft-stop.mycroftai
2021-10-25 08:28:06.824 | INFO     |  5779 | mycroft.skills.settings:get_local_settings:83 | /opt/mycroft/skills/mycroft-stop.mycroftai/settings.json
2021-10-25 08:28:06.865 | INFO     |  5779 | mycroft.skills.skill_loader:_check_for_first_run:324 | First run of mycroft-stop.mycroftai
2021-10-25 08:28:06.866 | INFO     |  5779 | mycroft.skills.settings:save_settings:116 | Skill settings successfully saved to /home/runner/.config/mycroft/skills/mycroft-stop.mycroftai/settings.json
2021-10-25 08:28:06.867 | INFO     |  5779 | mycroft.skills.skill_loader:_communicate_load_status:344 | Skill mycroft-stop.mycroftai loaded successfully
2021-10-25 08:28:06.867 | INFO     |  5779 | mycroft.skills.skill_loader:load:185 | ATTEMPTING TO LOAD SKILL: mycroft-hello-world.mycroftai
2021-10-25 08:28:06.871 | INFO     |  5779 | mycroft.skills.settings:get_local_settings:83 | /opt/mycroft/skills/mycroft-hello-world.mycroftai/settings.json
2021-10-25 08:28:06.907 | INFO     |  5779 | mycroft.skills.skill_loader:_check_for_first_run:324 | First run of mycroft-hello-world.mycroftai
2021-10-25 08:28:06.914 | INFO     |  5779 | mycroft.skills.settings:save_settings:116 | Skill settings successfully saved to /home/runner/.config/mycroft/skills/mycroft-hello-world.mycroftai/settings.json
2021-10-25 08:28:06.918 | INFO     |  5779 | mycroft.skills.skill_loader:_communicate_load_status:344 | Skill mycroft-hello-world.mycroftai loaded successfully
2021-10-25 08:28:06.918 | INFO     |  5779 | mycroft.skills.skill_loader:load:185 | ATTEMPTING TO LOAD SKILL: mycroft-date-time.mycroftai
2021-10-25 08:28:07.835 | INFO     |  5779 | mycroft.skills.settings:get_local_settings:83 | /opt/mycroft/skills/mycroft-date-time.mycroftai/settings.json
2021-10-25 08:28:07.919 | INFO     |  5779 | TimeSkill | Registering resting screen <bound method TimeSkill.handle_idle of <mycroft-date-time_mycroftai.TimeSkill object at 0x7f19b0183150>> for Time and Date.
2021-10-25 08:28:07.932 | INFO     |  5779 | TimeSkill | Registering resting screen
2021-10-25 08:28:07.947 | INFO     |  5779 | mycroft.skills.skill_loader:_check_for_first_run:324 | First run of mycroft-date-time.mycroftai
2021-10-25 08:28:07.949 | INFO     |  5779 | mycroft.skills.settings:save_settings:116 | Skill settings successfully saved to /home/runner/.config/mycroft/skills/mycroft-date-time.mycroftai/settings.json
2021-10-25 08:28:07.961 | INFO     |  5779 | mycroft.skills.skill_loader:_communicate_load_status:344 | Skill mycroft-date-time.mycroftai loaded successfully
2021-10-25 08:28:07.961 | INFO     |  5779 | mycroft.skills.skill_loader:load:185 | ATTEMPTING TO LOAD SKILL: mycroft-configuration.mycroftai
2021-10-25 08:28:07.982 | INFO     |  5779 | mycroft.skills.settings:get_local_settings:83 | /opt/mycroft/skills/mycroft-configuration.mycroftai/settings.json
2021-10-25 08:28:08.069 | INFO     |  5779 | mycroft.skills.skill_loader:_check_for_first_run:324 | First run of mycroft-configuration.mycroftai
2021-10-25 08:28:08.069 | INFO     |  5779 | mycroft.skills.settings:save_settings:116 | Skill settings successfully saved to /home/runner/.config/mycroft/skills/mycroft-configuration.mycroftai/settings.json
2021-10-25 08:28:08.077 | INFO     |  5779 | mycroft.skills.skill_loader:_communicate_load_status:344 | Skill mycroft-configuration.mycroftai loaded successfully
2021-10-25 08:28:08.078 | INFO     |  5779 | mycroft.skills.skill_loader:load:185 | ATTEMPTING TO LOAD SKILL: fallback-query.mycroftai
2021-10-25 08:28:08.103 | INFO     |  5779 | mycroft.skills.settings:get_local_settings:83 | /opt/mycroft/skills/fallback-query.mycroftai/settings.json
2021-10-25 08:28:08.130 | INFO     |  5779 | mycroft.skills.skill_loader:_check_for_first_run:324 | First run of fallback-query.mycroftai
2021-10-25 08:28:08.130 | INFO     |  5779 | mycroft.skills.settings:save_settings:116 | Skill settings successfully saved to /home/runner/.config/mycroft/skills/fallback-query.mycroftai/settings.json
2021-10-25 08:28:08.143 | INFO     |  5779 | mycroft.skills.skill_loader:_communicate_load_status:344 | Skill fallback-query.mycroftai loaded successfully
2021-10-25 08:28:08.143 | INFO     |  5779 | mycroft.skills.skill_loader:load:185 | ATTEMPTING TO LOAD SKILL: mycroft-personal.mycroftai
2021-10-25 08:28:08.149 | INFO     |  5779 | mycroft.skills.settings:get_local_settings:83 | /opt/mycroft/skills/mycroft-personal.mycroftai/settings.json
2021-10-25 08:28:08.198 | INFO     |  5779 | mycroft.skills.skill_loader:_check_for_first_run:324 | First run of mycroft-personal.mycroftai
2021-10-25 08:28:08.199 | INFO     |  5779 | mycroft.skills.settings:save_settings:116 | Skill settings successfully saved to /home/runner/.config/mycroft/skills/mycroft-personal.mycroftai/settings.json
2021-10-25 08:28:08.213 | INFO     |  5779 | mycroft.skills.skill_loader:_communicate_load_status:344 | Skill mycroft-personal.mycroftai loaded successfully
2021-10-25 08:28:08.213 | INFO     |  5779 | mycroft.skills.skill_loader:load:185 | ATTEMPTING TO LOAD SKILL: fallback-wolfram-alpha.mycroftai
2021-10-25 08:28:08.317 | INFO     |  5779 | mycroft.skills.settings:get_local_settings:83 | /opt/mycroft/skills/fallback-wolfram-alpha.mycroftai/settings.json
2021-10-25 08:28:08.367 | INFO     |  5779 | mycroft.skills.skill_loader:_check_for_first_run:324 | First run of fallback-wolfram-alpha.mycroftai
2021-10-25 08:28:08.372 | INFO     |  5779 | mycroft.skills.settings:save_settings:116 | Skill settings successfully saved to /home/runner/.config/mycroft/skills/fallback-wolfram-alpha.mycroftai/settings.json
2021-10-25 08:28:08.376 | INFO     |  5779 | mycroft.skills.skill_loader:_communicate_load_status:344 | Skill fallback-wolfram-alpha.mycroftai loaded successfully
2021-10-25 08:28:08.377 | INFO     |  5779 | mycroft.skills.skill_loader:load:185 | ATTEMPTING TO LOAD SKILL: mycroft-wiki.mycroftai
2021-10-25 08:28:08.399 | INFO     |  5779 | mycroft.skills.settings:get_local_settings:83 | /opt/mycroft/skills/mycroft-wiki.mycroftai/settings.json
2021-10-25 08:28:08.446 | INFO     |  5779 | mycroft.skills.skill_loader:_check_for_first_run:324 | First run of mycroft-wiki.mycroftai
2021-10-25 08:28:08.449 | INFO     |  5779 | mycroft.skills.settings:save_settings:116 | Skill settings successfully saved to /home/runner/.config/mycroft/skills/mycroft-wiki.mycroftai/settings.json
2021-10-25 08:28:08.458 | INFO     |  5779 | mycroft.skills.skill_loader:_communicate_load_status:344 | Skill mycroft-wiki.mycroftai loaded successfully
2021-10-25 08:28:08.458 | INFO     |  5779 | mycroft.skills.skill_loader:load:185 | ATTEMPTING TO LOAD SKILL: fallback-unknown.mycroftai
2021-10-25 08:28:08.465 | INFO     |  5779 | mycroft.skills.settings:get_local_settings:83 | /opt/mycroft/skills/fallback-unknown.mycroftai/settings.json
2021-10-25 08:28:08.496 | INFO     |  5779 | mycroft.skills.skill_loader:_check_for_first_run:324 | First run of fallback-unknown.mycroftai
2021-10-25 08:28:08.498 | INFO     |  5779 | mycroft.skills.settings:save_settings:116 | Skill settings successfully saved to /home/runner/.config/mycroft/skills/fallback-unknown.mycroftai/settings.json
2021-10-25 08:28:08.502 | INFO     |  5779 | mycroft.skills.skill_loader:_communicate_load_status:344 | Skill fallback-unknown.mycroftai loaded successfully
2021-10-25 08:28:08.502 | INFO     |  5779 | mycroft.skills.skill_loader:load:185 | ATTEMPTING TO LOAD SKILL: mycroft-playback-control.mycroftai
2021-10-25 08:28:08.512 | INFO     |  5779 | mycroft.skills.settings:get_local_settings:83 | /opt/mycroft/skills/mycroft-playback-control.mycroftai/settings.json
2021-10-25 08:28:08.575 | INFO     |  5779 | mycroft.skills.skill_loader:_check_for_first_run:324 | First run of mycroft-playback-control.mycroftai
2021-10-25 08:28:08.578 | INFO     |  5779 | mycroft.skills.settings:save_settings:116 | Skill settings successfully saved to /home/runner/.config/mycroft/skills/mycroft-playback-control.mycroftai/settings.json
2021-10-25 08:28:08.583 | INFO     |  5779 | mycroft.skills.skill_loader:_communicate_load_status:344 | Skill mycroft-playback-control.mycroftai loaded successfully
2021-10-25 08:28:08.583 | INFO     |  5779 | mycroft.skills.skill_manager:_load_on_startup:275 | Skills all loaded!
2021-10-25 08:28:08.620 | INFO     |  5779 | __main__:on_ready:185 | Skills service is ready.
2021-10-25 08:28:08.664 | INFO     |  5779 | mycroft.skills.intent_services.padatious_service:train:151 | Training... (single_thread=False)
Regenerated mycroft-alarm.mycroftai:{daytype}.
Regenerated mycroft-reminder.mycroftai:DeleteReminderForDay.intent.
Regenerated mycroft-reminder.mycroftai:CancelActiveReminder.intent.
Regenerated mycroft-reminder.mycroftai:ClearReminders.intent.
Regenerated mycroft-reminder.mycroftai:UnspecifiedReminderAt.intent.
Regenerated mycroft-reminder.mycroftai:ReminderAt.intent.
Regenerated mycroft-reminder.mycroftai:GetNextReminders.intent.
Regenerated mycroft-reminder.mycroftai:Reminder.intent.
Regenerated mycroft-reminder.mycroftai:GetRemindersForDay.intent.
Regenerated mycroft-timer.mycroftai:start.timer.intent.
Regenerated homeassistant.mycroftai:camera.intent.
Regenerated homeassistant.mycroftai:set.light.brightness.intent.
Regenerated homeassistant.mycroftai:add.item.shopping.list.intent.
Regenerated homeassistant.mycroftai:increase.light.brightness.intent.
Regenerated homeassistant.mycroftai:turn.on.intent.
Regenerated homeassistant.mycroftai:automation.intent.
Regenerated homeassistant.mycroftai:turn.off.intent.
Regenerated mycroft-hello-world.mycroftai:HowAreYou.intent.
Regenerated mycroft-stop.mycroftai:wifi.setup.intent.
Regenerated mycroft-date-time.mycroftai:date.last.weekend.intent.
Regenerated mycroft-date-time.mycroftai:what.time.is.it.intent.
Regenerated mycroft-date-time.mycroftai:what.time.will.it.be.intent.
Regenerated mycroft-date-time.mycroftai:date.future.weekend.intent.
Regenerated mycroft-configuration.mycroftai:DisablePreciseDev.intent.
Regenerated mycroft-configuration.mycroftai:WhereAreYou.intent.
Regenerated mycroft-wiki.mycroftai:Random.intent.
Regenerated mycroft-reminder.mycroftai:SnoozeReminder.intent.
Regenerated mycroft-installer.mycroftai:install.intent.
Regenerated mycroft-installer.mycroftai:install.custom.intent.
Regenerated mycroft-installer.mycroftai:list.skills.intent.
Regenerated mycroft-installer.mycroftai:install.beta.intent.
Regenerated mycroft-installer.mycroftai:is.installed.intent.
Regenerated mycroft-installer.mycroftai:remove.intent.
Regenerated mycroft-timer.mycroftai:timer.status.intent.
Regenerated homeassistant.mycroftai:sensor.intent.
Regenerated homeassistant.mycroftai:decrease.light.brightness.intent.
Regenerated homeassistant.mycroftai:tracker.intent.
Regenerated homeassistant.mycroftai:set.climate.intent.
Regenerated homeassistant.mycroftai:toggle.intent.
Regenerated mycroft-alarm.mycroftai:change.alarm.sound.intent.
Regenerated mycroft-alarm.mycroftai:snooze.intent.
Regenerated mycroft-npr-news.mycroftai:PlayTheNews.intent.
Regenerated mycroft-support-helper.mycroftai:contact.support.intent.
Regenerated mycroft-weather.mycroftai:do-i-need-an-umbrella.intent.
Regenerated mycroft-audio-record.mycroftai:StartRecording.intent.
Regenerated mycroft-audio-record.mycroftai:PlayRecording.intent.
Regenerated mycroft-stop.mycroftai:ssh.enable.intent.
Regenerated mycroft-stop.mycroftai:ssh.disable.intent.
Regenerated mycroft-stop.mycroftai:shutdown.intent.
Regenerated mycroft-stop.mycroftai:reboot.intent.
Regenerated mycroft-configuration.mycroftai:EnablePreciseDev.intent.
Regenerated mycroft-personal.mycroftai:DoYouRhyme.intent.
Regenerated mycroft-personal.mycroftai:DoYouDream.intent.
Regenerated mycroft-personal.mycroftai:WhenWereYouBorn.intent.
Regenerated mycroft-personal.mycroftai:WhoMadeYou.intent.
Regenerated mycroft-personal.mycroftai:WhereWereYouBorn.intent.
Regenerated mycroft-personal.mycroftai:WhatAreYou.intent.
Regenerated mycroft-personal.mycroftai:WhoAreYou.intent.
2021-10-25 08:28:11.372 | INFO     |  5779 | mycroft.skills.intent_services.padatious_service:train:153 | Training complete.
2021-10-25 08:28:13.620 | INFO     |  5779 | mycroft.skills.settings:save_settings:116 | Skill settings successfully saved to /home/runner/.config/mycroft/skills/mycroft-pairing.mycroftai/settings.json
2021-10-25 08:28:13.920 | INFO     |  5779 | mycroft.skills.settings:save_settings:116 | Skill settings successfully saved to /home/runner/.config/mycroft/skills/mycroft-timer.mycroftai/settings.json
2021-10-25 08:28:46.165 | INFO     |  5779 | __main__:on_stopping:193 | Skills service is shutting down...
2021-10-25 08:28:46.165 | INFO     |  5779 | __main__:shutdown:284 | Shutting down Skills service
2021-10-25 08:28:46.188 | ERROR    |  5779 | VolumeSkill | Couldn't allocate mixer, ALSAAudioError('No such file or directory [default]')
2021-10-25 08:28:46.189 | INFO     |  5779 | mycroft.skills.settings:save_settings:116 | Skill settings successfully saved to /home/runner/.config/mycroft/skills/mycroft-volume.mycroftai/settings.json
2021-10-25 08:28:46.191 | INFO     |  5779 | mycroft.skills.settings:save_settings:116 | Skill settings successfully saved to /home/runner/.config/mycroft/skills/mycroft-ip.mycroftai/settings.json
2021-10-25 08:28:46.192 | INFO     |  5779 | mycroft.skills.settings:save_settings:116 | Skill settings successfully saved to /home/runner/.config/mycroft/skills/mycroft-reminder.mycroftai/settings.json
2021-10-25 08:28:46.205 | INFO     |  5779 | mycroft.skills.settings:save_settings:116 | Skill settings successfully saved to /home/runner/.config/mycroft/skills/mycroft-installer.mycroftai/settings.json
2021-10-25 08:28:46.230 | INFO     |  5779 | mycroft.skills.settings:save_settings:116 | Skill settings successfully saved to /home/runner/.config/mycroft/skills/mycroft-version-checker.mycroftai/settings.json
2021-10-25 08:28:46.232 | INFO     |  5779 | mycroft.skills.settings:save_settings:116 | Skill settings successfully saved to /home/runner/.config/mycroft/skills/mycroft-singing.mycroftai/settings.json
2021-10-25 08:28:46.234 | INFO     |  5779 | mycroft.skills.settings:save_settings:116 | Skill settings successfully saved to /home/runner/.config/mycroft/skills/mycroft-joke.mycroftai/settings.json
2021-10-25 08:28:46.236 | INFO     |  5779 | HomeAssistantSkill | Removing all handlers...
2021-10-25 08:28:46.237 | WARNING  |  5779 | mycroft.skills.fallback_skill:remove_fallback:185 | Could not find matching fallback handler
2021-10-25 08:28:46.245 | INFO     |  5779 | mycroft.skills.settings:save_settings:116 | Skill settings successfully saved to /home/runner/.config/mycroft/skills/mycroft-alarm.mycroftai/settings.json
2021-10-25 08:28:46.247 | INFO     |  5779 | mycroft.skills.settings:save_settings:116 | Skill settings successfully saved to /home/runner/.config/mycroft/skills/mycroft-naptime.mycroftai/settings.json
2021-10-25 08:28:46.248 | INFO     |  5779 | mycroft.skills.settings:save_settings:116 | Skill settings successfully saved to /home/runner/.config/mycroft/skills/mycroft-spelling.mycroftai/settings.json
2021-10-25 08:28:46.269 | INFO     |  5779 | mycroft.skills.settings:save_settings:116 | Skill settings successfully saved to /home/runner/.config/mycroft/skills/mycroft-fallback-duck-duck-go.mycroftai/settings.json
2021-10-25 08:28:46.270 | INFO     |  5779 | mycroft.skills.settings:save_settings:116 | Skill settings successfully saved to /home/runner/.config/mycroft/skills/mycroft-npr-news.mycroftai/settings.json
2021-10-25 08:28:46.271 | INFO     |  5779 | mycroft.skills.settings:save_settings:116 | Skill settings successfully saved to /home/runner/.config/mycroft/skills/mycroft-support-helper.mycroftai/settings.json
2021-10-25 08:28:46.278 | INFO     |  5779 | mycroft.skills.settings:save_settings:116 | Skill settings successfully saved to /home/runner/.config/mycroft/skills/mycroft-weather.mycroftai/settings.json
2021-10-25 08:28:46.299 | INFO     |  5779 | mycroft.skills.settings:save_settings:116 | Skill settings successfully saved to /home/runner/.config/mycroft/skills/mycroft-speak.mycroftai/settings.json
2021-10-25 08:28:46.305 | INFO     |  5779 | mycroft.skills.settings:save_settings:116 | Skill settings successfully saved to /home/runner/.config/mycroft/skills/mycroft-audio-record.mycroftai/settings.json
2021-10-25 08:28:46.316 | INFO     |  5779 | mycroft.skills.settings:save_settings:116 | Skill settings successfully saved to /home/runner/.config/mycroft/skills/mycroft-stop.mycroftai/settings.json
2021-10-25 08:28:46.318 | INFO     |  5779 | mycroft.skills.settings:save_settings:116 | Skill settings successfully saved to /home/runner/.config/mycroft/skills/mycroft-hello-world.mycroftai/settings.json
2021-10-25 08:28:46.319 | INFO     |  5779 | mycroft.skills.settings:save_settings:116 | Skill settings successfully saved to /home/runner/.config/mycroft/skills/mycroft-date-time.mycroftai/settings.json
2021-10-25 08:28:46.328 | INFO     |  5779 | mycroft.skills.settings:save_settings:116 | Skill settings successfully saved to /home/runner/.config/mycroft/skills/mycroft-configuration.mycroftai/settings.json
2021-10-25 08:28:46.336 | INFO     |  5779 | QuestionsAnswersSkill | Removing all handlers...
2021-10-25 08:28:46.344 | INFO     |  5779 | mycroft.skills.settings:save_settings:116 | Skill settings successfully saved to /home/runner/.config/mycroft/skills/fallback-query.mycroftai/settings.json
2021-10-25 08:28:46.372 | INFO     |  5779 | mycroft.skills.settings:save_settings:116 | Skill settings successfully saved to /home/runner/.config/mycroft/skills/mycroft-personal.mycroftai/settings.json
2021-10-25 08:28:46.375 | INFO     |  5779 | mycroft.skills.settings:save_settings:116 | Skill settings successfully saved to /home/runner/.config/mycroft/skills/fallback-wolfram-alpha.mycroftai/settings.json
2021-10-25 08:28:46.377 | INFO     |  5779 | mycroft.skills.settings:save_settings:116 | Skill settings successfully saved to /home/runner/.config/mycroft/skills/mycroft-wiki.mycroftai/settings.json
2021-10-25 08:28:46.378 | INFO     |  5779 | UnknownSkill | Removing all handlers...
2021-10-25 08:28:46.390 | INFO     |  5779 | mycroft.skills.settings:save_settings:116 | Skill settings successfully saved to /home/runner/.config/mycroft/skills/fallback-unknown.mycroftai/settings.json
2021-10-25 08:28:46.392 | INFO     |  5779 | mycroft.skills.settings:save_settings:116 | Skill settings successfully saved to /home/runner/.config/mycroft/skills/mycroft-playback-control.mycroftai/settings.json
2021-10-25 08:28:47.402 | INFO     |  5779 | Playback Control Skill | Audio service status: {}
2021-10-25 08:28:48.404 | WARNING  |  5779 | mycroft.skills.skill_manager:_shutdown_skill:106 | mycroft-playback-control.mycroftai shutdown took 2.0119709740000076 seconds
2021-10-25 08:28:48.404 | INFO     |  5779 | __main__:shutdown:291 | Skills service shutdown complete!
2021-10-25 08:28:50.666 | ERROR    |  5779 | websocket | error from callback <bound method MessageBusClient.on_message of <mycroft.messagebus.client.client.MessageBusClient object at 0x7f19c281b0d0>>: cannot schedule new futures after shutdown
