2022-03-16 07:57:57.761 | INFO     |  4762 | mycroft.messagebus.load_config:load_message_bus_config:33 | Loading message bus configs
2022-03-16 07:57:57.766 | INFO     |  4762 | mycroft_bus_client.client.client | Connected
2022-03-16 07:57:57.767 | INFO     |  4762 | mycroft.util.process_utils:start_message_bus_client:155 | Connected to messagebus
ALSA lib confmisc.c:767:(parse_card) cannot find card '0'
ALSA lib conf.c:4732:(_snd_config_evaluate) function snd_func_card_driver returned error: No such file or directory
ALSA lib confmisc.c:392:(snd_func_concat) error evaluating strings
ALSA lib conf.c:4732:(_snd_config_evaluate) function snd_func_concat returned error: No such file or directory
ALSA lib confmisc.c:1246:(snd_func_refer) error evaluating name
ALSA lib conf.c:4732:(_snd_config_evaluate) function snd_func_refer returned error: No such file or directory
ALSA lib conf.c:5220:(snd_config_expand) Evaluate error: No such file or directory
ALSA lib pcm.c:2642:(snd_pcm_open_noupdate) Unknown PCM sysdefault
ALSA lib confmisc.c:767:(parse_card) cannot find card '0'
ALSA lib conf.c:4732:(_snd_config_evaluate) function snd_func_card_driver returned error: No such file or directory
ALSA lib confmisc.c:392:(snd_func_concat) error evaluating strings
ALSA lib conf.c:4732:(_snd_config_evaluate) function snd_func_concat returned error: No such file or directory
ALSA lib confmisc.c:1246:(snd_func_refer) error evaluating name
ALSA lib conf.c:4732:(_snd_config_evaluate) function snd_func_refer returned error: No such file or directory
ALSA lib conf.c:5220:(snd_config_expand) Evaluate error: No such file or directory
ALSA lib pcm.c:2642:(snd_pcm_open_noupdate) Unknown PCM sysdefault
ALSA lib pcm.c:2642:(snd_pcm_open_noupdate) Unknown PCM cards.pcm.front
ALSA lib pcm.c:2642:(snd_pcm_open_noupdate) Unknown PCM cards.pcm.rear
ALSA lib pcm.c:2642:(snd_pcm_open_noupdate) Unknown PCM cards.pcm.center_lfe
ALSA lib pcm.c:2642:(snd_pcm_open_noupdate) Unknown PCM cards.pcm.side
ALSA lib pcm.c:2642:(snd_pcm_open_noupdate) Unknown PCM cards.pcm.surround21
ALSA lib pcm.c:2642:(snd_pcm_open_noupdate) Unknown PCM cards.pcm.surround21
ALSA lib pcm.c:2642:(snd_pcm_open_noupdate) Unknown PCM cards.pcm.surround40
ALSA lib pcm.c:2642:(snd_pcm_open_noupdate) Unknown PCM cards.pcm.surround41
ALSA lib pcm.c:2642:(snd_pcm_open_noupdate) Unknown PCM cards.pcm.surround50
ALSA lib pcm.c:2642:(snd_pcm_open_noupdate) Unknown PCM cards.pcm.surround51
ALSA lib pcm.c:2642:(snd_pcm_open_noupdate) Unknown PCM cards.pcm.surround71
ALSA lib pcm.c:2642:(snd_pcm_open_noupdate) Unknown PCM cards.pcm.iec958
ALSA lib pcm.c:2642:(snd_pcm_open_noupdate) Unknown PCM cards.pcm.iec958
ALSA lib pcm.c:2642:(snd_pcm_open_noupdate) Unknown PCM cards.pcm.iec958
ALSA lib pcm.c:2642:(snd_pcm_open_noupdate) Unknown PCM cards.pcm.hdmi
ALSA lib pcm.c:2642:(snd_pcm_open_noupdate) Unknown PCM cards.pcm.hdmi
ALSA lib pcm.c:2642:(snd_pcm_open_noupdate) Unknown PCM cards.pcm.modem
ALSA lib pcm.c:2642:(snd_pcm_open_noupdate) Unknown PCM cards.pcm.modem
ALSA lib pcm.c:2642:(snd_pcm_open_noupdate) Unknown PCM cards.pcm.phoneline
ALSA lib pcm.c:2642:(snd_pcm_open_noupdate) Unknown PCM cards.pcm.phoneline
ALSA lib pcm_hw.c:1829:(_snd_pcm_hw_open) Invalid value for card
ALSA lib pcm_hw.c:1829:(_snd_pcm_hw_open) Invalid value for card
ALSA lib pcm_hw.c:1829:(_snd_pcm_hw_open) Invalid value for card
ALSA lib pcm_hw.c:1829:(_snd_pcm_hw_open) Invalid value for card
ALSA lib pcm_oss.c:377:(_snd_pcm_oss_open) Unknown field port
ALSA lib pcm_oss.c:377:(_snd_pcm_oss_open) Unknown field port
ALSA lib pulse.c:242:(pulse_connect) PulseAudio: Unable to connect: Connection refused

ALSA lib pulse.c:242:(pulse_connect) PulseAudio: Unable to connect: Connection refused

ALSA lib pcm_hw.c:1829:(_snd_pcm_hw_open) Invalid value for card
ALSA lib pcm_hw.c:1829:(_snd_pcm_hw_open) Invalid value for card
ALSA lib pcm_hw.c:1829:(_snd_pcm_hw_open) Invalid value for card
ALSA lib pcm_hw.c:1829:(_snd_pcm_hw_open) Invalid value for card
ALSA lib pcm_usb_stream.c:486:(_snd_pcm_usb_stream_open) Invalid type for card
ALSA lib pcm_usb_stream.c:486:(_snd_pcm_usb_stream_open) Invalid type for card
ALSA lib confmisc.c:767:(parse_card) cannot find card '0'
ALSA lib conf.c:4732:(_snd_config_evaluate) function snd_func_card_driver returned error: No such file or directory
ALSA lib confmisc.c:392:(snd_func_concat) error evaluating strings
ALSA lib conf.c:4732:(_snd_config_evaluate) function snd_func_concat returned error: No such file or directory
ALSA lib confmisc.c:1246:(snd_func_refer) error evaluating name
ALSA lib conf.c:4732:(_snd_config_evaluate) function snd_func_refer returned error: No such file or directory
ALSA lib conf.c:5220:(snd_config_expand) Evaluate error: No such file or directory
ALSA lib pcm.c:2642:(snd_pcm_open_noupdate) Unknown PCM default
ALSA lib confmisc.c:767:(parse_card) cannot find card '0'
ALSA lib conf.c:4732:(_snd_config_evaluate) function snd_func_card_driver returned error: No such file or directory
ALSA lib confmisc.c:392:(snd_func_concat) error evaluating strings
ALSA lib conf.c:4732:(_snd_config_evaluate) function snd_func_concat returned error: No such file or directory
ALSA lib confmisc.c:1246:(snd_func_refer) error evaluating name
ALSA lib conf.c:4732:(_snd_config_evaluate) function snd_func_refer returned error: No such file or directory
ALSA lib conf.c:5220:(snd_config_expand) Evaluate error: No such file or directory
ALSA lib pcm.c:2642:(snd_pcm_open_noupdate) Unknown PCM default
ALSA lib confmisc.c:767:(parse_card) cannot find card '0'
ALSA lib conf.c:4732:(_snd_config_evaluate) function snd_func_card_driver returned error: No such file or directory
ALSA lib confmisc.c:392:(snd_func_concat) error evaluating strings
ALSA lib conf.c:4732:(_snd_config_evaluate) function snd_func_concat returned error: No such file or directory
ALSA lib confmisc.c:1246:(snd_func_refer) error evaluating name
ALSA lib conf.c:4732:(_snd_config_evaluate) function snd_func_refer returned error: No such file or directory
ALSA lib conf.c:5220:(snd_config_expand) Evaluate error: No such file or directory
ALSA lib pcm.c:2642:(snd_pcm_open_noupdate) Unknown PCM dmix
2022-03-16 07:57:57.959 | INFO     |  4762 | mycroft.client.speech.listener:create_wake_word_recognizer:328 | Creating wake word engine
2022-03-16 07:57:57.960 | INFO     |  4762 | mycroft.client.speech.listener:create_wake_word_recognizer:351 | Using hotword entry for hey mycroft
2022-03-16 07:57:57.960 | INFO     |  4762 | mycroft.client.speech.hotword_factory:load_module:500 | Loading "hey mycroft" wake word via precise
2022-03-16 07:57:58.299 | INFO     |  4762 | mycroft.client.speech.hotword_factory:on_download:322 | Downloading Precise executable...
2022-03-16 07:58:00.493 | INFO     |  4762 | mycroft.client.speech.hotword_factory:on_complete:342 | Precise download complete!
2022-03-16 07:58:00.655 | INFO     |  4762 | mycroft.client.speech.hotword_factory:load_module:500 | Loading "hey mycroft" wake word via pocketsphinx
2022-03-16 07:58:00.757 | INFO     |  4762 | mycroft.client.speech.listener:create_wakeup_recognizer:365 | creating stand up word engine
2022-03-16 07:58:00.758 | INFO     |  4762 | mycroft.client.speech.hotword_factory:load_module:500 | Loading "wake up" wake word via pocketsphinx
2022-03-16 07:58:00.860 | INFO     |  4762 | __main__:on_ready:179 | Speech client is ready.
2022-03-16 07:58:01.363 | INFO     |  4762 | mycroft.client.speech.listener:create_wake_word_recognizer:328 | Creating wake word engine
2022-03-16 07:58:01.364 | INFO     |  4762 | mycroft.client.speech.listener:create_wake_word_recognizer:351 | Using hotword entry for hey mycroft
2022-03-16 07:58:01.364 | INFO     |  4762 | mycroft.client.speech.hotword_factory:load_module:500 | Loading "hey mycroft" wake word via precise
2022-03-16 07:58:01.713 | INFO     |  4762 | mycroft.client.speech.hotword_factory:<lambda>:306 | Updated precise model
2022-03-16 07:58:01.799 | INFO     |  4762 | mycroft.client.speech.listener:create_wakeup_recognizer:365 | creating stand up word engine
2022-03-16 07:58:01.799 | INFO     |  4762 | mycroft.client.speech.hotword_factory:load_module:500 | Loading "wake up" wake word via pocketsphinx
2022-03-16 08:00:08.786 | INFO     |  4762 | __main__:on_stopping:183 | Speech service is shutting down...
Exception in thread Thread-9:
Traceback (most recent call last):
  File "/opt/hostedtoolcache/Python/3.7.12/x64/lib/python3.7/threading.py", line 926, in _bootstrap_inner
    self.run()
  File "/opt/mycroft-core/mycroft/client/speech/listener.py", line 79, in run
    with self.mic as source:
  File "/opt/mycroft-core/mycroft/client/speech/mic.py", line 140, in __enter__
    return self._start()
  File "/opt/mycroft-core/mycroft/client/speech/mic.py", line 151, in _start
    input=True,  # stream is an input stream
  File "/opt/mycroft-core/.venv/lib/python3.7/site-packages/pyaudio.py", line 750, in open
    stream = Stream(self, *args, **kwargs)
  File "/opt/mycroft-core/.venv/lib/python3.7/site-packages/pyaudio.py", line 441, in __init__
    self._stream = pa.open(**arguments)
OSError: [Errno -9996] Invalid input device (no default output device)

Exception in thread Thread-15:
Traceback (most recent call last):
  File "/opt/hostedtoolcache/Python/3.7.12/x64/lib/python3.7/threading.py", line 926, in _bootstrap_inner
    self.run()
  File "/opt/mycroft-core/mycroft/client/speech/listener.py", line 79, in run
    with self.mic as source:
  File "/opt/mycroft-core/mycroft/client/speech/mic.py", line 140, in __enter__
    return self._start()
  File "/opt/mycroft-core/mycroft/client/speech/mic.py", line 151, in _start
    input=True,  # stream is an input stream
  File "/opt/mycroft-core/.venv/lib/python3.7/site-packages/pyaudio.py", line 750, in open
    stream = Stream(self, *args, **kwargs)
  File "/opt/mycroft-core/.venv/lib/python3.7/site-packages/pyaudio.py", line 441, in __init__
    self._stream = pa.open(**arguments)
OSError: [Errno -9996] Invalid input device (no default output device)

