2021-10-26 20:08:15.293 | INFO     |  5310 | mycroft.messagebus.load_config:load_message_bus_config:33 | Loading message bus configs
2021-10-26 20:08:15.294 | ERROR    |  5310 | mycroft_bus_client.client.client | === ConnectionRefusedError(111, 'Connection refused') ===
Traceback (most recent call last):
  File "/opt/mycroft-core/.venv/lib/python3.7/site-packages/websocket/_app.py", line 254, in run_forever
    proxy_type=proxy_type)
  File "/opt/mycroft-core/.venv/lib/python3.7/site-packages/websocket/_core.py", line 220, in connect
    options.pop('socket', None))
  File "/opt/mycroft-core/.venv/lib/python3.7/site-packages/websocket/_http.py", line 120, in connect
    sock = _open_socket(addrinfo_list, options.sockopt, options.timeout)
  File "/opt/mycroft-core/.venv/lib/python3.7/site-packages/websocket/_http.py", line 190, in _open_socket
    raise err
  File "/opt/mycroft-core/.venv/lib/python3.7/site-packages/websocket/_http.py", line 170, in _open_socket
    sock.connect(address)
ConnectionRefusedError: [Errno 111] Connection refused
2021-10-26 20:08:15.295 | ERROR    |  5310 | mycroft_bus_client.client.client | Exception closing websocket: ConnectionRefusedError(111, 'Connection refused')
2021-10-26 20:08:15.295 | WARNING  |  5310 | mycroft_bus_client.client.client | Message Bus Client will reconnect in 5 seconds.
2021-10-26 20:08:20.300 | INFO     |  5310 | mycroft_bus_client.client.client | Connected
2021-10-26 20:08:20.307 | INFO     |  5310 | mycroft.util.process_utils:start_message_bus_client:155 | Connected to messagebus
2021-10-26 20:08:20.317 | INFO     |  5310 | mycroft.skills.msm_wrapper:create_msm:96 | Acquiring lock to instantiate MSM
2021-10-26 20:08:20.317 | INFO     |  5310 | msm.mycroft_skills_manager | building SkillEntry objects for all skills
2021-10-26 20:08:20.827 | INFO     |  5310 | mycroft.skills.msm_wrapper:create_msm:112 | Releasing MSM instantiation lock.
2021-10-26 20:08:20.828 | INFO     |  5310 | mycroft.skills.skill_updater:_log_next_download_time:267 | Next scheduled skill update: 2021-10-26 20:08:19.827856
2021-10-26 20:08:20.828 | INFO     |  5310 | msm.skill_entry | Downloading skill: https://github.com/mycroftai/skill-pairing
2021-10-26 20:08:21.227 | INFO     |  5310 | msm.skill_entry | Installing system requirements...
2021-10-26 20:08:21.236 | INFO     |  5310 | msm.skill_entry | Successfully installed mycroft-pairing
2021-10-26 20:08:21.236 | INFO     |  5310 | msm.mycroft_skills_manager | invalidating skills cache
2021-10-26 20:08:21.238 | INFO     |  5310 | mycroft.skills.skill_loader:load:185 | ATTEMPTING TO LOAD SKILL: mycroft-pairing.mycroftai
2021-10-26 20:08:21.244 | INFO     |  5310 | mycroft.skills.settings:get_local_settings:83 | /opt/mycroft/skills/mycroft-pairing.mycroftai/settings.json
2021-10-26 20:08:21.253 | INFO     |  5310 | mycroft.skills.skill_loader:_check_for_first_run:324 | First run of mycroft-pairing.mycroftai
2021-10-26 20:08:21.253 | INFO     |  5310 | mycroft.skills.settings:save_settings:116 | Skill settings successfully saved to /home/runner/.config/mycroft/skills/mycroft-pairing.mycroftai/settings.json
2021-10-26 20:08:21.255 | INFO     |  5310 | mycroft.skills.skill_loader:_communicate_load_status:344 | Skill mycroft-pairing.mycroftai loaded successfully
2021-10-26 20:08:21.255 | INFO     |  5310 | msm.skill_entry | Downloading skill: https://github.com/mycroftai/skill-volume
2021-10-26 20:08:21.586 | INFO     |  5310 | msm.skill_entry | Installing system requirements...
2021-10-26 20:08:21.596 | INFO     |  5310 | msm.skill_entry | Installing requirements.txt for mycroft-volume
2021-10-26 20:08:22.397 | INFO     |  5310 | msm.skill_entry | Successfully installed mycroft-volume
2021-10-26 20:08:22.398 | INFO     |  5310 | msm.mycroft_skills_manager | invalidating skills cache
2021-10-26 20:08:22.399 | INFO     |  5310 | mycroft.skills.skill_loader:load:185 | ATTEMPTING TO LOAD SKILL: mycroft-volume.mycroftai
2021-10-26 20:08:22.407 | INFO     |  5310 | mycroft.skills.settings:get_local_settings:83 | /opt/mycroft/skills/mycroft-volume.mycroftai/settings.json
2021-10-26 20:08:22.509 | ERROR    |  5310 | VolumeSkill | Couldn't allocate mixer, ALSAAudioError('No such file or directory [default]')
2021-10-26 20:08:25.540 | INFO     |  5310 | mycroft.skills.skill_loader:_check_for_first_run:324 | First run of mycroft-volume.mycroftai
2021-10-26 20:08:25.541 | INFO     |  5310 | mycroft.skills.settings:save_settings:116 | Skill settings successfully saved to /home/runner/.config/mycroft/skills/mycroft-volume.mycroftai/settings.json
2021-10-26 20:08:25.550 | INFO     |  5310 | mycroft.skills.skill_loader:_communicate_load_status:344 | Skill mycroft-volume.mycroftai loaded successfully
2021-10-26 20:08:25.550 | INFO     |  5310 | __main__:on_started:177 | Skills service is starting up.
2021-10-26 20:08:25.736 | INFO     |  5310 | __main__:_update_system:154 | Attempting system update...
2021-10-26 20:08:28.738 | INFO     |  5310 | mycroft.enclosure.display_manager:_write_data:70 | Display Manager is creating /tmp/mycroft/ipc/managers/disp_info
2021-10-26 20:08:28.739 | INFO     |  5310 | __main__:_ensure_device_is_paired:133 | Device not paired, invoking the pairing skill
2021-10-26 20:08:28.741 | INFO     |  5310 | __main__:on_alive:181 | Skills service is alive.
2021-10-26 20:08:28.743 | INFO     |  5310 | msm.mycroft_skills_manager | building SkillEntry objects for all skills
2021-10-26 20:08:28.868 | INFO     |  5310 | PairingSkill | Communicating account URL to user
2021-10-26 20:08:28.991 | WARNING  |  5310 | msm.mycroft_skills_manager | No such default skill: mycroft-pandora
2021-10-26 20:08:28.992 | INFO     |  5310 | mycroft.skills.skill_manager:run:234 | Not all default skills are installed, performing skill update...
2021-10-26 20:08:28.992 | INFO     |  5310 | mycroft.skills.skill_updater:update_skills:149 | Beginning skill update...
2021-10-26 20:08:29.187 | INFO     |  5310 | msm.mycroft_skills_manager | building SkillEntry objects for all skills
2021-10-26 20:08:29.400 | INFO     |  5310 | msm.mycroft_skills_manager | invalidating skills cache
2021-10-26 20:08:29.415 | INFO     |  5310 | msm.skill_entry | Downloading skill: https://github.com/mycroftai/fallback-unknown
2021-10-26 20:08:29.421 | INFO     |  5310 | msm.skill_entry | Downloading skill: https://github.com/mycroftai/fallback-wolfram-alpha
2021-10-26 20:08:29.428 | INFO     |  5310 | msm.skill_entry | Downloading skill: https://github.com/mycroftai/skill-audio-record
2021-10-26 20:08:29.431 | INFO     |  5310 | msm.skill_entry | Downloading skill: https://github.com/mycroftai/skill-date-time
2021-10-26 20:08:29.437 | INFO     |  5310 | msm.skill_entry | Downloading skill: https://github.com/mycroftai/skill-hello-world
2021-10-26 20:08:29.440 | INFO     |  5310 | msm.skill_entry | Downloading skill: https://github.com/mycroftai/fallback-duckduckgo
2021-10-26 20:08:29.446 | INFO     |  5310 | msm.skill_entry | Downloading skill: https://github.com/mycroftai/skill-configuration
2021-10-26 20:08:29.449 | INFO     |  5310 | msm.skill_entry | Downloading skill: https://github.com/mycroftai/skill-ip
2021-10-26 20:08:29.453 | INFO     |  5310 | msm.skill_entry | Downloading skill: https://github.com/mycroftai/skill-installer
2021-10-26 20:08:29.457 | INFO     |  5310 | msm.skill_entry | Downloading skill: https://github.com/mycroftai/skill-joke
2021-10-26 20:08:29.461 | INFO     |  5310 | msm.skill_entry | Downloading skill: https://github.com/mycroftai/skill-naptime
2021-10-26 20:08:29.466 | INFO     |  5310 | msm.skill_entry | Downloading skill: https://github.com/mycroftai/skill-npr-news
2021-10-26 20:08:29.472 | INFO     |  5310 | msm.skill_entry | Downloading skill: https://github.com/mycroftai/skill-personal
2021-10-26 20:08:29.478 | INFO     |  5310 | msm.skill_entry | Downloading skill: https://github.com/mycroftai/skill-playback-control
2021-10-26 20:08:29.483 | INFO     |  5310 | msm.skill_entry | Downloading skill: https://github.com/mycroftai/skill-alarm
2021-10-26 20:08:29.494 | INFO     |  5310 | msm.skill_entry | Downloading skill: https://github.com/mycroftai/skill-reminder
2021-10-26 20:08:29.525 | INFO     |  5310 | msm.skill_entry | Downloading skill: https://github.com/mycroftai/skill-singing
2021-10-26 20:08:30.363 | INFO     |  5310 | msm.skill_entry | Installing system requirements...
2021-10-26 20:08:30.488 | INFO     |  5310 | msm.skill_entry | Installing requirements.txt for mycroft-ip
2021-10-26 20:08:30.618 | INFO     |  5310 | msm.skill_entry | Installing system requirements...
2021-10-26 20:08:30.788 | INFO     |  5310 | msm.skill_entry | Installing requirements.txt for mycroft-fallback-duck-duck-go
2021-10-26 20:08:30.810 | ERROR    |  5310 | msm.mycroft_skills_manager | Error running install_or_update on homeassistant.mycroftai: MergeConflict
2021-10-26 20:08:30.814 | INFO     |  5310 | msm.skill_entry | Downloading skill: https://github.com/mycroftai/skill-speak
2021-10-26 20:08:30.870 | INFO     |  5310 | msm.skill_entry | Installing system requirements...
2021-10-26 20:08:30.909 | INFO     |  5310 | msm.skill_entry | Installing system requirements...
2021-10-26 20:08:30.919 | INFO     |  5310 | msm.skill_entry | Installing system requirements...
2021-10-26 20:08:30.940 | INFO     |  5310 | msm.skill_entry | Successfully installed mycroft-playback-control
2021-10-26 20:08:30.941 | INFO     |  5310 | msm.mycroft_skills_manager | invalidating skills cache
2021-10-26 20:08:30.941 | INFO     |  5310 | msm.skill_entry | Downloading skill: https://github.com/mycroftai/skill-spelling
2021-10-26 20:08:30.973 | INFO     |  5310 | msm.skill_entry | Installing requirements.txt for mycroft-audio-record
2021-10-26 20:08:30.980 | INFO     |  5310 | msm.skill_entry | Successfully installed fallback-unknown
2021-10-26 20:08:30.980 | INFO     |  5310 | msm.mycroft_skills_manager | invalidating skills cache
2021-10-26 20:08:30.981 | INFO     |  5310 | msm.skill_entry | Downloading skill: https://github.com/mycroftai/skill-stop
2021-10-26 20:08:31.207 | INFO     |  5310 | msm.skill_entry | Installing system requirements...
2021-10-26 20:08:31.228 | INFO     |  5310 | msm.skill_entry | Nothing new for mycroft-volume
2021-10-26 20:08:31.253 | INFO     |  5310 | msm.skill_entry | Installing system requirements...
2021-10-26 20:08:31.256 | INFO     |  5310 | msm.skill_entry | Successfully installed mycroft-personal
2021-10-26 20:08:31.256 | INFO     |  5310 | msm.mycroft_skills_manager | invalidating skills cache
2021-10-26 20:08:31.263 | INFO     |  5310 | msm.skill_entry | Installing system requirements...
2021-10-26 20:08:31.288 | INFO     |  5310 | msm.skill_entry | Downloading skill: https://github.com/mycroftai/skill-support
2021-10-26 20:08:31.290 | INFO     |  5310 | msm.skill_entry | Successfully installed mycroft-reminder
2021-10-26 20:08:31.293 | INFO     |  5310 | msm.mycroft_skills_manager | invalidating skills cache
2021-10-26 20:08:31.295 | INFO     |  5310 | msm.skill_entry | Downloading skill: https://github.com/mycroftai/mycroft-timer
2021-10-26 20:08:31.312 | INFO     |  5310 | msm.skill_entry | Installing system requirements...
2021-10-26 20:08:31.346 | INFO     |  5310 | msm.skill_entry | Nothing new for mycroft-pairing
2021-10-26 20:08:31.352 | INFO     |  5310 | msm.skill_entry | Installing system requirements...
2021-10-26 20:08:31.371 | INFO     |  5310 | msm.skill_entry | Installing system requirements...
2021-10-26 20:08:31.387 | INFO     |  5310 | msm.skill_entry | Installing requirements.txt for mycroft-volume
2021-10-26 20:08:31.401 | INFO     |  5310 | msm.skill_entry | Installing system requirements...
2021-10-26 20:08:31.421 | INFO     |  5310 | msm.skill_entry | Installing requirements.txt for mycroft-joke
2021-10-26 20:08:31.425 | INFO     |  5310 | msm.skill_entry | Downloading skill: https://github.com/mycroftai/skill-weather
2021-10-26 20:08:31.440 | INFO     |  5310 | msm.skill_entry | Installing requirements.txt for mycroft-date-time
2021-10-26 20:08:31.450 | INFO     |  5310 | msm.skill_entry | Installing system requirements...
2021-10-26 20:08:31.457 | INFO     |  5310 | msm.skill_entry | Installing requirements.txt for fallback-wolfram-alpha
2021-10-26 20:08:31.462 | INFO     |  5310 | msm.skill_entry | Installing system requirements...
2021-10-26 20:08:31.508 | INFO     |  5310 | msm.skill_entry | Installing system requirements...
2021-10-26 20:08:31.523 | INFO     |  5310 | msm.skill_entry | Successfully installed mycroft-naptime
2021-10-26 20:08:31.524 | INFO     |  5310 | msm.mycroft_skills_manager | invalidating skills cache
2021-10-26 20:08:31.524 | INFO     |  5310 | msm.skill_entry | Downloading skill: https://github.com/mycroftai/skill-version-checker
2021-10-26 20:08:31.540 | INFO     |  5310 | msm.skill_entry | Installing requirements.txt for mycroft-configuration
2021-10-26 20:08:31.581 | INFO     |  5310 | msm.skill_entry | Installing requirements.txt for mycroft-installer
2021-10-26 20:08:31.656 | INFO     |  5310 | msm.skill_entry | Installing system requirements...
2021-10-26 20:08:31.733 | INFO     |  5310 | msm.skill_entry | Installing requirements.txt for mycroft-alarm
2021-10-26 20:08:31.764 | INFO     |  5310 | msm.skill_entry | Installing system requirements...
2021-10-26 20:08:31.877 | INFO     |  5310 | msm.skill_entry | Successfully installed mycroft-hello-world
2021-10-26 20:08:31.877 | INFO     |  5310 | msm.mycroft_skills_manager | invalidating skills cache
2021-10-26 20:08:31.883 | INFO     |  5310 | msm.skill_entry | Downloading skill: https://github.com/mycroftai/skill-wiki
2021-10-26 20:08:31.991 | INFO     |  5310 | msm.skill_entry | Installing system requirements...
2021-10-26 20:08:32.026 | INFO     |  5310 | msm.skill_entry | Installing system requirements...
2021-10-26 20:08:32.064 | INFO     |  5310 | msm.skill_entry | Successfully installed mycroft-speak
2021-10-26 20:08:32.064 | INFO     |  5310 | msm.mycroft_skills_manager | invalidating skills cache
2021-10-26 20:08:32.065 | INFO     |  5310 | msm.skill_entry | Downloading skill: https://github.com/MycroftAI/skill-query
2021-10-26 20:08:32.101 | INFO     |  5310 | msm.skill_entry | Successfully installed mycroft-stop
2021-10-26 20:08:32.101 | INFO     |  5310 | msm.mycroft_skills_manager | invalidating skills cache
2021-10-26 20:08:32.404 | INFO     |  5310 | msm.skill_entry | Installing system requirements...
2021-10-26 20:08:32.510 | INFO     |  5310 | msm.skill_entry | Successfully installed mycroft-timer
2021-10-26 20:08:32.510 | INFO     |  5310 | msm.mycroft_skills_manager | invalidating skills cache
2021-10-26 20:08:32.512 | INFO     |  5310 | msm.skill_entry | Installing system requirements...
2021-10-26 20:08:32.587 | INFO     |  5310 | msm.skill_entry | Installing requirements.txt for mycroft-npr-news
2021-10-26 20:08:32.741 | ERROR    |  5310 | msm.mycroft_skills_manager | Error running install_or_update on homeassistant: MergeConflict
2021-10-26 20:08:32.793 | INFO     |  5310 | msm.skill_entry | Installing system requirements...
2021-10-26 20:08:32.804 | INFO     |  5310 | msm.skill_entry | Installing system requirements...
2021-10-26 20:08:32.828 | INFO     |  5310 | msm.skill_entry | Installing system requirements...
2021-10-26 20:08:32.835 | INFO     |  5310 | msm.skill_entry | Installing requirements.txt for mycroft-wiki
2021-10-26 20:08:32.838 | INFO     |  5310 | msm.skill_entry | Installing system requirements...
2021-10-26 20:08:32.853 | INFO     |  5310 | msm.skill_entry | Successfully installed mycroft-spelling
2021-10-26 20:08:32.855 | INFO     |  5310 | msm.mycroft_skills_manager | invalidating skills cache
2021-10-26 20:08:32.879 | INFO     |  5310 | msm.skill_entry | Successfully installed fallback-query
2021-10-26 20:08:32.879 | INFO     |  5310 | msm.mycroft_skills_manager | invalidating skills cache
2021-10-26 20:08:32.881 | INFO     |  5310 | msm.skill_entry | Successfully installed mycroft-singing
2021-10-26 20:08:32.881 | INFO     |  5310 | msm.mycroft_skills_manager | invalidating skills cache
2021-10-26 20:08:32.954 | INFO     |  5310 | msm.skill_entry | Installing system requirements...
2021-10-26 20:08:32.975 | INFO     |  5310 | msm.skill_entry | Installing requirements.txt for mycroft-weather
2021-10-26 20:08:33.062 | INFO     |  5310 | msm.skill_entry | Installing system requirements...
2021-10-26 20:08:33.071 | INFO     |  5310 | msm.skill_entry | Installing requirements.txt for mycroft-support-helper
2021-10-26 20:08:33.098 | INFO     |  5310 | msm.skill_entry | Successfully installed mycroft-ip
2021-10-26 20:08:33.098 | INFO     |  5310 | msm.mycroft_skills_manager | invalidating skills cache
2021-10-26 20:08:33.219 | INFO     |  5310 | msm.skill_entry | Installing system requirements...
2021-10-26 20:08:33.251 | INFO     |  5310 | msm.skill_entry | Successfully installed mycroft-version-checker
2021-10-26 20:08:33.252 | INFO     |  5310 | msm.mycroft_skills_manager | invalidating skills cache
2021-10-26 20:08:34.136 | INFO     |  5310 | msm.skill_entry | Successfully installed mycroft-fallback-duck-duck-go
2021-10-26 20:08:34.137 | INFO     |  5310 | msm.mycroft_skills_manager | invalidating skills cache
2021-10-26 20:08:34.942 | INFO     |  5310 | msm.skill_entry | Successfully installed mycroft-audio-record
2021-10-26 20:08:34.942 | INFO     |  5310 | msm.mycroft_skills_manager | invalidating skills cache
2021-10-26 20:08:36.881 | INFO     |  5310 | msm.skill_entry | Successfully installed mycroft-joke
2021-10-26 20:08:36.881 | INFO     |  5310 | msm.mycroft_skills_manager | invalidating skills cache
2021-10-26 20:08:52.134 | INFO     |  5310 | msm.skill_entry | Successfully installed mycroft-date-time
2021-10-26 20:08:52.135 | INFO     |  5310 | msm.mycroft_skills_manager | invalidating skills cache
2021-10-26 20:08:56.098 | INFO     |  5310 | msm.skill_entry | Successfully installed fallback-wolfram-alpha
2021-10-26 20:08:56.099 | INFO     |  5310 | msm.mycroft_skills_manager | invalidating skills cache
2021-10-26 20:08:58.535 | INFO     |  5310 | msm.skill_entry | Successfully installed mycroft-configuration
2021-10-26 20:08:58.536 | INFO     |  5310 | msm.mycroft_skills_manager | invalidating skills cache
2021-10-26 20:08:59.203 | INFO     |  5310 | PairingSkill | Initiating device pairing sequence...
2021-10-26 20:08:59.204 | INFO     |  5310 | PairingSkill | Retrieving pairing code from device API...
2021-10-26 20:08:59.409 | INFO     |  5310 | PairingSkill | Pairing code obtained: KPHR7C
2021-10-26 20:08:59.409 | INFO     |  5310 | PairingSkill | Communicating pairing URL to user
2021-10-26 20:08:59.521 | INFO     |  5310 | msm.skill_entry | Successfully installed mycroft-installer
2021-10-26 20:08:59.521 | INFO     |  5310 | msm.mycroft_skills_manager | invalidating skills cache
2021-10-26 20:09:00.392 | INFO     |  5310 | msm.skill_entry | Successfully installed mycroft-alarm
2021-10-26 20:09:00.392 | INFO     |  5310 | msm.mycroft_skills_manager | invalidating skills cache
2021-10-26 20:09:03.433 | INFO     |  5310 | msm.skill_entry | Successfully installed mycroft-npr-news
2021-10-26 20:09:03.433 | INFO     |  5310 | msm.mycroft_skills_manager | invalidating skills cache
2021-10-26 20:09:05.068 | INFO     |  5310 | msm.skill_entry | Successfully installed mycroft-wiki
2021-10-26 20:09:05.068 | INFO     |  5310 | msm.mycroft_skills_manager | invalidating skills cache
2021-10-26 20:09:05.973 | INFO     |  5310 | msm.skill_entry | Successfully installed mycroft-weather
2021-10-26 20:09:05.973 | INFO     |  5310 | msm.mycroft_skills_manager | invalidating skills cache
2021-10-26 20:09:08.187 | INFO     |  5310 | msm.skill_entry | Successfully installed mycroft-support-helper
2021-10-26 20:09:08.187 | INFO     |  5310 | msm.mycroft_skills_manager | invalidating skills cache
2021-10-26 20:09:08.250 | INFO     |  5310 | mycroft.skills.skill_updater:_log_next_download_time:267 | Next scheduled skill update: 2021-10-26 21:09:08.249519
2021-10-26 20:09:08.250 | INFO     |  5310 | mycroft.skills.skill_updater:update_skills:170 | Skill update complete
2021-10-26 20:09:08.250 | INFO     |  5310 | mycroft.skills.skill_manager:_load_on_startup:273 | Loading installed skills...
2021-10-26 20:09:08.251 | INFO     |  5310 | mycroft.skills.skill_loader:load:185 | ATTEMPTING TO LOAD SKILL: mycroft-ip.mycroftai
2021-10-26 20:09:08.309 | INFO     |  5310 | mycroft.skills.settings:get_local_settings:83 | /opt/mycroft/skills/mycroft-ip.mycroftai/settings.json
2021-10-26 20:09:08.317 | INFO     |  5310 | mycroft.skills.skill_loader:_check_for_first_run:324 | First run of mycroft-ip.mycroftai
2021-10-26 20:09:08.318 | INFO     |  5310 | mycroft.skills.settings:save_settings:116 | Skill settings successfully saved to /home/runner/.config/mycroft/skills/mycroft-ip.mycroftai/settings.json
2021-10-26 20:09:08.319 | INFO     |  5310 | mycroft.skills.skill_loader:_communicate_load_status:344 | Skill mycroft-ip.mycroftai loaded successfully
2021-10-26 20:09:08.321 | INFO     |  5310 | mycroft.skills.skill_loader:load:185 | ATTEMPTING TO LOAD SKILL: mycroft-reminder.mycroftai
2021-10-26 20:09:08.340 | INFO     |  5310 | mycroft.skills.settings:get_local_settings:83 | /opt/mycroft/skills/mycroft-reminder.mycroftai/settings.json
2021-10-26 20:09:08.376 | INFO     |  5310 | mycroft.skills.skill_loader:_check_for_first_run:324 | First run of mycroft-reminder.mycroftai
2021-10-26 20:09:08.376 | INFO     |  5310 | mycroft.skills.settings:save_settings:116 | Skill settings successfully saved to /home/runner/.config/mycroft/skills/mycroft-reminder.mycroftai/settings.json
2021-10-26 20:09:08.380 | INFO     |  5310 | mycroft.skills.skill_loader:_communicate_load_status:344 | Skill mycroft-reminder.mycroftai loaded successfully
2021-10-26 20:09:08.381 | INFO     |  5310 | mycroft.skills.skill_loader:load:185 | ATTEMPTING TO LOAD SKILL: mycroft-installer.mycroftai
2021-10-26 20:09:08.390 | INFO     |  5310 | mycroft.skills.settings:get_local_settings:83 | /opt/mycroft/skills/mycroft-installer.mycroftai/settings.json
2021-10-26 20:09:08.421 | INFO     |  5310 | mycroft.skills.skill_loader:_check_for_first_run:324 | First run of mycroft-installer.mycroftai
2021-10-26 20:09:08.421 | INFO     |  5310 | mycroft.skills.settings:save_settings:116 | Skill settings successfully saved to /home/runner/.config/mycroft/skills/mycroft-installer.mycroftai/settings.json
2021-10-26 20:09:08.423 | INFO     |  5310 | mycroft.skills.skill_loader:_communicate_load_status:344 | Skill mycroft-installer.mycroftai loaded successfully
2021-10-26 20:09:08.425 | INFO     |  5310 | mycroft.skills.skill_loader:load:185 | ATTEMPTING TO LOAD SKILL: mycroft-version-checker.mycroftai
2021-10-26 20:09:08.432 | INFO     |  5310 | mycroft.skills.settings:get_local_settings:83 | /opt/mycroft/skills/mycroft-version-checker.mycroftai/settings.json
2021-10-26 20:09:08.459 | INFO     |  5310 | mycroft.skills.skill_loader:_check_for_first_run:324 | First run of mycroft-version-checker.mycroftai
2021-10-26 20:09:08.460 | INFO     |  5310 | mycroft.skills.settings:save_settings:116 | Skill settings successfully saved to /home/runner/.config/mycroft/skills/mycroft-version-checker.mycroftai/settings.json
2021-10-26 20:09:08.462 | INFO     |  5310 | mycroft.skills.skill_loader:_communicate_load_status:344 | Skill mycroft-version-checker.mycroftai loaded successfully
2021-10-26 20:09:08.462 | INFO     |  5310 | mycroft.skills.skill_loader:load:185 | ATTEMPTING TO LOAD SKILL: mycroft-singing.mycroftai
2021-10-26 20:09:08.468 | INFO     |  5310 | mycroft.skills.settings:get_local_settings:83 | /opt/mycroft/skills/mycroft-singing.mycroftai/settings.json
2021-10-26 20:09:08.480 | INFO     |  5310 | mycroft.skills.skill_loader:_check_for_first_run:324 | First run of mycroft-singing.mycroftai
2021-10-26 20:09:08.481 | INFO     |  5310 | mycroft.skills.settings:save_settings:116 | Skill settings successfully saved to /home/runner/.config/mycroft/skills/mycroft-singing.mycroftai/settings.json
2021-10-26 20:09:08.482 | INFO     |  5310 | mycroft.skills.skill_loader:_communicate_load_status:344 | Skill mycroft-singing.mycroftai loaded successfully
2021-10-26 20:09:08.482 | INFO     |  5310 | mycroft.skills.skill_loader:load:185 | ATTEMPTING TO LOAD SKILL: mycroft-joke.mycroftai
2021-10-26 20:09:08.487 | INFO     |  5310 | mycroft.skills.settings:get_local_settings:83 | /opt/mycroft/skills/mycroft-joke.mycroftai/settings.json
2021-10-26 20:09:08.494 | INFO     |  5310 | mycroft.skills.skill_loader:_check_for_first_run:324 | First run of mycroft-joke.mycroftai
2021-10-26 20:09:08.495 | INFO     |  5310 | mycroft.skills.settings:save_settings:116 | Skill settings successfully saved to /home/runner/.config/mycroft/skills/mycroft-joke.mycroftai/settings.json
2021-10-26 20:09:08.499 | INFO     |  5310 | mycroft.skills.skill_loader:_communicate_load_status:344 | Skill mycroft-joke.mycroftai loaded successfully
2021-10-26 20:09:08.499 | INFO     |  5310 | mycroft.skills.skill_loader:load:185 | ATTEMPTING TO LOAD SKILL: mycroft-timer.mycroftai
2021-10-26 20:09:08.519 | INFO     |  5310 | mycroft.skills.settings:get_local_settings:83 | /opt/mycroft/skills/mycroft-timer.mycroftai/settings.json
2021-10-26 20:09:08.594 | INFO     |  5310 | mycroft.skills.skill_loader:_check_for_first_run:324 | First run of mycroft-timer.mycroftai
2021-10-26 20:09:08.595 | INFO     |  5310 | mycroft.skills.settings:save_settings:116 | Skill settings successfully saved to /home/runner/.config/mycroft/skills/mycroft-timer.mycroftai/settings.json
2021-10-26 20:09:08.597 | INFO     |  5310 | mycroft.skills.skill_loader:_communicate_load_status:344 | Skill mycroft-timer.mycroftai loaded successfully
2021-10-26 20:09:08.598 | INFO     |  5310 | mycroft.skills.skill_loader:load:185 | ATTEMPTING TO LOAD SKILL: homeassistant.mycroftai
2021-10-26 20:09:08.918 | INFO     |  5310 | mycroft.skills.settings:get_local_settings:83 | /opt/mycroft/skills/homeassistant.mycroftai/settings.json
2021-10-26 20:09:08.962 | INFO     |  5310 | mycroft.skills.settings:get_local_settings:83 | /opt/mycroft/skills/homeassistant.mycroftai/settings.json
2021-10-26 20:09:09.025 | INFO     |  5310 | mycroft.skills.skill_loader:_communicate_load_status:344 | Skill homeassistant.mycroftai loaded successfully
2021-10-26 20:09:09.026 | INFO     |  5310 | mycroft.skills.skill_loader:load:185 | ATTEMPTING TO LOAD SKILL: mycroft-alarm.mycroftai
2021-10-26 20:09:09.042 | INFO     |  5310 | mycroft.skills.settings:get_local_settings:83 | /opt/mycroft/skills/mycroft-alarm.mycroftai/settings.json
2021-10-26 20:09:09.043 | ERROR    |  5310 | AlarmSkill | Couldn't allocate mixer, ALSAAudioError('No such file or directory [default]')
2021-10-26 20:09:09.108 | INFO     |  5310 | mycroft.skills.skill_loader:_check_for_first_run:324 | First run of mycroft-alarm.mycroftai
2021-10-26 20:09:09.108 | INFO     |  5310 | mycroft.skills.settings:save_settings:116 | Skill settings successfully saved to /home/runner/.config/mycroft/skills/mycroft-alarm.mycroftai/settings.json
2021-10-26 20:09:09.109 | INFO     |  5310 | mycroft.skills.skill_loader:_communicate_load_status:344 | Skill mycroft-alarm.mycroftai loaded successfully
2021-10-26 20:09:09.109 | INFO     |  5310 | mycroft.skills.skill_loader:load:185 | ATTEMPTING TO LOAD SKILL: mycroft-naptime.mycroftai
2021-10-26 20:09:09.119 | INFO     |  5310 | mycroft.skills.settings:get_local_settings:83 | /opt/mycroft/skills/mycroft-naptime.mycroftai/settings.json
2021-10-26 20:09:09.136 | INFO     |  5310 | mycroft.skills.skill_loader:_check_for_first_run:324 | First run of mycroft-naptime.mycroftai
2021-10-26 20:09:09.138 | INFO     |  5310 | mycroft.skills.settings:save_settings:116 | Skill settings successfully saved to /home/runner/.config/mycroft/skills/mycroft-naptime.mycroftai/settings.json
2021-10-26 20:09:09.159 | INFO     |  5310 | mycroft.skills.skill_loader:_communicate_load_status:344 | Skill mycroft-naptime.mycroftai loaded successfully
2021-10-26 20:09:09.159 | INFO     |  5310 | mycroft.skills.skill_loader:load:185 | ATTEMPTING TO LOAD SKILL: mycroft-spelling.mycroftai
2021-10-26 20:09:09.162 | INFO     |  5310 | mycroft.skills.settings:get_local_settings:83 | /opt/mycroft/skills/mycroft-spelling.mycroftai/settings.json
2021-10-26 20:09:09.175 | INFO     |  5310 | mycroft.skills.skill_loader:_check_for_first_run:324 | First run of mycroft-spelling.mycroftai
2021-10-26 20:09:09.177 | INFO     |  5310 | mycroft.skills.settings:save_settings:116 | Skill settings successfully saved to /home/runner/.config/mycroft/skills/mycroft-spelling.mycroftai/settings.json
2021-10-26 20:09:09.198 | INFO     |  5310 | mycroft.skills.skill_loader:_communicate_load_status:344 | Skill mycroft-spelling.mycroftai loaded successfully
2021-10-26 20:09:09.199 | INFO     |  5310 | mycroft.skills.skill_loader:load:185 | ATTEMPTING TO LOAD SKILL: mycroft-fallback-duck-duck-go.mycroftai
2021-10-26 20:09:09.213 | INFO     |  5310 | mycroft.skills.settings:get_local_settings:83 | /opt/mycroft/skills/mycroft-fallback-duck-duck-go.mycroftai/settings.json
2021-10-26 20:09:09.246 | INFO     |  5310 | mycroft.skills.skill_loader:_check_for_first_run:324 | First run of mycroft-fallback-duck-duck-go.mycroftai
2021-10-26 20:09:09.247 | INFO     |  5310 | mycroft.skills.settings:save_settings:116 | Skill settings successfully saved to /home/runner/.config/mycroft/skills/mycroft-fallback-duck-duck-go.mycroftai/settings.json
2021-10-26 20:09:09.258 | INFO     |  5310 | mycroft.skills.skill_loader:_communicate_load_status:344 | Skill mycroft-fallback-duck-duck-go.mycroftai loaded successfully
2021-10-26 20:09:09.258 | INFO     |  5310 | mycroft.skills.skill_loader:load:185 | ATTEMPTING TO LOAD SKILL: mycroft-npr-news.mycroftai
2021-10-26 20:09:09.294 | INFO     |  5310 | mycroft.skills.settings:get_local_settings:83 | /opt/mycroft/skills/mycroft-npr-news.mycroftai/settings.json
2021-10-26 20:09:10.307 | INFO     |  5310 | mycroft.skills.skill_loader:_check_for_first_run:324 | First run of mycroft-npr-news.mycroftai
2021-10-26 20:09:10.308 | INFO     |  5310 | mycroft.skills.settings:save_settings:116 | Skill settings successfully saved to /home/runner/.config/mycroft/skills/mycroft-npr-news.mycroftai/settings.json
2021-10-26 20:09:10.311 | INFO     |  5310 | mycroft.skills.skill_loader:_communicate_load_status:344 | Skill mycroft-npr-news.mycroftai loaded successfully
2021-10-26 20:09:10.311 | INFO     |  5310 | mycroft.skills.skill_loader:load:185 | ATTEMPTING TO LOAD SKILL: mycroft-support-helper.mycroftai
2021-10-26 20:09:10.318 | INFO     |  5310 | mycroft.skills.settings:get_local_settings:83 | /opt/mycroft/skills/mycroft-support-helper.mycroftai/settings.json
2021-10-26 20:09:10.323 | INFO     |  5310 | mycroft.skills.skill_loader:_check_for_first_run:324 | First run of mycroft-support-helper.mycroftai
2021-10-26 20:09:10.324 | INFO     |  5310 | mycroft.skills.settings:save_settings:116 | Skill settings successfully saved to /home/runner/.config/mycroft/skills/mycroft-support-helper.mycroftai/settings.json
2021-10-26 20:09:10.355 | INFO     |  5310 | mycroft.skills.skill_loader:_communicate_load_status:344 | Skill mycroft-support-helper.mycroftai loaded successfully
2021-10-26 20:09:10.356 | INFO     |  5310 | mycroft.skills.skill_loader:load:185 | ATTEMPTING TO LOAD SKILL: mycroft-weather.mycroftai
2021-10-26 20:09:10.374 | INFO     |  5310 | mycroft.skills.settings:get_local_settings:83 | /opt/mycroft/skills/mycroft-weather.mycroftai/settings.json
2021-10-26 20:09:10.435 | INFO     |  5310 | mycroft.skills.skill_loader:_check_for_first_run:324 | First run of mycroft-weather.mycroftai
2021-10-26 20:09:10.436 | INFO     |  5310 | mycroft.skills.settings:save_settings:116 | Skill settings successfully saved to /home/runner/.config/mycroft/skills/mycroft-weather.mycroftai/settings.json
2021-10-26 20:09:10.436 | INFO     |  5310 | mycroft.skills.skill_loader:_communicate_load_status:344 | Skill mycroft-weather.mycroftai loaded successfully
2021-10-26 20:09:10.437 | INFO     |  5310 | mycroft.skills.skill_loader:load:185 | ATTEMPTING TO LOAD SKILL: mycroft-speak.mycroftai
2021-10-26 20:09:10.441 | INFO     |  5310 | mycroft.skills.settings:get_local_settings:83 | /opt/mycroft/skills/mycroft-speak.mycroftai/settings.json
2021-10-26 20:09:10.455 | INFO     |  5310 | mycroft.skills.skill_loader:_check_for_first_run:324 | First run of mycroft-speak.mycroftai
2021-10-26 20:09:10.455 | INFO     |  5310 | mycroft.skills.settings:save_settings:116 | Skill settings successfully saved to /home/runner/.config/mycroft/skills/mycroft-speak.mycroftai/settings.json
2021-10-26 20:09:10.456 | INFO     |  5310 | mycroft.skills.skill_loader:_communicate_load_status:344 | Skill mycroft-speak.mycroftai loaded successfully
2021-10-26 20:09:10.456 | INFO     |  5310 | mycroft.skills.skill_loader:load:185 | ATTEMPTING TO LOAD SKILL: mycroft-audio-record.mycroftai
2021-10-26 20:09:10.460 | INFO     |  5310 | mycroft.skills.settings:get_local_settings:83 | /opt/mycroft/skills/mycroft-audio-record.mycroftai/settings.json
2021-10-26 20:09:10.472 | INFO     |  5310 | mycroft.skills.skill_loader:_check_for_first_run:324 | First run of mycroft-audio-record.mycroftai
2021-10-26 20:09:10.473 | INFO     |  5310 | mycroft.skills.settings:save_settings:116 | Skill settings successfully saved to /home/runner/.config/mycroft/skills/mycroft-audio-record.mycroftai/settings.json
2021-10-26 20:09:10.500 | INFO     |  5310 | mycroft.skills.skill_loader:_communicate_load_status:344 | Skill mycroft-audio-record.mycroftai loaded successfully
2021-10-26 20:09:10.506 | INFO     |  5310 | mycroft.skills.skill_loader:load:185 | ATTEMPTING TO LOAD SKILL: mycroft-stop.mycroftai
2021-10-26 20:09:10.616 | INFO     |  5310 | mycroft.skills.settings:get_local_settings:83 | /opt/mycroft/skills/mycroft-stop.mycroftai/settings.json
2021-10-26 20:09:10.649 | INFO     |  5310 | mycroft.skills.skill_loader:_check_for_first_run:324 | First run of mycroft-stop.mycroftai
2021-10-26 20:09:10.650 | INFO     |  5310 | mycroft.skills.settings:save_settings:116 | Skill settings successfully saved to /home/runner/.config/mycroft/skills/mycroft-stop.mycroftai/settings.json
2021-10-26 20:09:10.672 | INFO     |  5310 | mycroft.skills.skill_loader:_communicate_load_status:344 | Skill mycroft-stop.mycroftai loaded successfully
2021-10-26 20:09:10.674 | INFO     |  5310 | mycroft.skills.skill_loader:load:185 | ATTEMPTING TO LOAD SKILL: mycroft-hello-world.mycroftai
2021-10-26 20:09:10.680 | INFO     |  5310 | mycroft.skills.settings:get_local_settings:83 | /opt/mycroft/skills/mycroft-hello-world.mycroftai/settings.json
2021-10-26 20:09:10.716 | INFO     |  5310 | mycroft.skills.skill_loader:_check_for_first_run:324 | First run of mycroft-hello-world.mycroftai
2021-10-26 20:09:10.717 | INFO     |  5310 | mycroft.skills.settings:save_settings:116 | Skill settings successfully saved to /home/runner/.config/mycroft/skills/mycroft-hello-world.mycroftai/settings.json
2021-10-26 20:09:10.751 | INFO     |  5310 | mycroft.skills.skill_loader:_communicate_load_status:344 | Skill mycroft-hello-world.mycroftai loaded successfully
2021-10-26 20:09:10.752 | INFO     |  5310 | mycroft.skills.skill_loader:load:185 | ATTEMPTING TO LOAD SKILL: mycroft-date-time.mycroftai
2021-10-26 20:09:11.544 | INFO     |  5310 | mycroft.skills.settings:get_local_settings:83 | /opt/mycroft/skills/mycroft-date-time.mycroftai/settings.json
2021-10-26 20:09:11.592 | INFO     |  5310 | TimeSkill | Registering resting screen <bound method TimeSkill.handle_idle of <mycroft-date-time_mycroftai.TimeSkill object at 0x7f0f34c9d090>> for Time and Date.
2021-10-26 20:09:11.593 | INFO     |  5310 | TimeSkill | Registering resting screen
2021-10-26 20:09:11.601 | INFO     |  5310 | mycroft.skills.skill_loader:_check_for_first_run:324 | First run of mycroft-date-time.mycroftai
2021-10-26 20:09:11.605 | INFO     |  5310 | mycroft.skills.settings:save_settings:116 | Skill settings successfully saved to /home/runner/.config/mycroft/skills/mycroft-date-time.mycroftai/settings.json
2021-10-26 20:09:11.606 | INFO     |  5310 | mycroft.skills.skill_loader:_communicate_load_status:344 | Skill mycroft-date-time.mycroftai loaded successfully
2021-10-26 20:09:11.607 | INFO     |  5310 | mycroft.skills.skill_loader:load:185 | ATTEMPTING TO LOAD SKILL: mycroft-configuration.mycroftai
2021-10-26 20:09:11.622 | INFO     |  5310 | mycroft.skills.settings:get_local_settings:83 | /opt/mycroft/skills/mycroft-configuration.mycroftai/settings.json
2021-10-26 20:09:11.664 | INFO     |  5310 | mycroft.skills.skill_loader:_check_for_first_run:324 | First run of mycroft-configuration.mycroftai
2021-10-26 20:09:11.665 | INFO     |  5310 | mycroft.skills.settings:save_settings:116 | Skill settings successfully saved to /home/runner/.config/mycroft/skills/mycroft-configuration.mycroftai/settings.json
2021-10-26 20:09:11.666 | INFO     |  5310 | mycroft.skills.skill_loader:_communicate_load_status:344 | Skill mycroft-configuration.mycroftai loaded successfully
2021-10-26 20:09:11.666 | INFO     |  5310 | mycroft.skills.skill_loader:load:185 | ATTEMPTING TO LOAD SKILL: fallback-query.mycroftai
2021-10-26 20:09:11.676 | INFO     |  5310 | mycroft.skills.settings:get_local_settings:83 | /opt/mycroft/skills/fallback-query.mycroftai/settings.json
2021-10-26 20:09:11.684 | INFO     |  5310 | mycroft.skills.skill_loader:_check_for_first_run:324 | First run of fallback-query.mycroftai
2021-10-26 20:09:11.685 | INFO     |  5310 | mycroft.skills.settings:save_settings:116 | Skill settings successfully saved to /home/runner/.config/mycroft/skills/fallback-query.mycroftai/settings.json
2021-10-26 20:09:11.693 | INFO     |  5310 | mycroft.skills.skill_loader:_communicate_load_status:344 | Skill fallback-query.mycroftai loaded successfully
2021-10-26 20:09:11.694 | INFO     |  5310 | mycroft.skills.skill_loader:load:185 | ATTEMPTING TO LOAD SKILL: mycroft-personal.mycroftai
2021-10-26 20:09:11.699 | INFO     |  5310 | mycroft.skills.settings:get_local_settings:83 | /opt/mycroft/skills/mycroft-personal.mycroftai/settings.json
2021-10-26 20:09:11.721 | INFO     |  5310 | mycroft.skills.skill_loader:_check_for_first_run:324 | First run of mycroft-personal.mycroftai
2021-10-26 20:09:11.722 | INFO     |  5310 | mycroft.skills.settings:save_settings:116 | Skill settings successfully saved to /home/runner/.config/mycroft/skills/mycroft-personal.mycroftai/settings.json
2021-10-26 20:09:11.723 | INFO     |  5310 | mycroft.skills.skill_loader:_communicate_load_status:344 | Skill mycroft-personal.mycroftai loaded successfully
2021-10-26 20:09:11.725 | INFO     |  5310 | mycroft.skills.skill_loader:load:185 | ATTEMPTING TO LOAD SKILL: fallback-wolfram-alpha.mycroftai
2021-10-26 20:09:11.774 | INFO     |  5310 | mycroft.skills.settings:get_local_settings:83 | /opt/mycroft/skills/fallback-wolfram-alpha.mycroftai/settings.json
2021-10-26 20:09:11.792 | INFO     |  5310 | mycroft.skills.skill_loader:_check_for_first_run:324 | First run of fallback-wolfram-alpha.mycroftai
2021-10-26 20:09:11.793 | INFO     |  5310 | mycroft.skills.settings:save_settings:116 | Skill settings successfully saved to /home/runner/.config/mycroft/skills/fallback-wolfram-alpha.mycroftai/settings.json
2021-10-26 20:09:11.794 | INFO     |  5310 | mycroft.skills.skill_loader:_communicate_load_status:344 | Skill fallback-wolfram-alpha.mycroftai loaded successfully
2021-10-26 20:09:11.794 | INFO     |  5310 | mycroft.skills.skill_loader:load:185 | ATTEMPTING TO LOAD SKILL: mycroft-wiki.mycroftai
2021-10-26 20:09:11.801 | INFO     |  5310 | mycroft.skills.settings:get_local_settings:83 | /opt/mycroft/skills/mycroft-wiki.mycroftai/settings.json
2021-10-26 20:09:11.811 | INFO     |  5310 | mycroft.skills.skill_loader:_check_for_first_run:324 | First run of mycroft-wiki.mycroftai
2021-10-26 20:09:11.812 | INFO     |  5310 | mycroft.skills.settings:save_settings:116 | Skill settings successfully saved to /home/runner/.config/mycroft/skills/mycroft-wiki.mycroftai/settings.json
2021-10-26 20:09:11.813 | INFO     |  5310 | mycroft.skills.skill_loader:_communicate_load_status:344 | Skill mycroft-wiki.mycroftai loaded successfully
2021-10-26 20:09:11.814 | INFO     |  5310 | mycroft.skills.skill_loader:load:185 | ATTEMPTING TO LOAD SKILL: fallback-unknown.mycroftai
2021-10-26 20:09:11.819 | INFO     |  5310 | mycroft.skills.settings:get_local_settings:83 | /opt/mycroft/skills/fallback-unknown.mycroftai/settings.json
2021-10-26 20:09:11.852 | INFO     |  5310 | mycroft.skills.skill_loader:_check_for_first_run:324 | First run of fallback-unknown.mycroftai
2021-10-26 20:09:11.853 | INFO     |  5310 | mycroft.skills.settings:save_settings:116 | Skill settings successfully saved to /home/runner/.config/mycroft/skills/fallback-unknown.mycroftai/settings.json
2021-10-26 20:09:11.857 | INFO     |  5310 | mycroft.skills.skill_loader:_communicate_load_status:344 | Skill fallback-unknown.mycroftai loaded successfully
2021-10-26 20:09:11.858 | INFO     |  5310 | mycroft.skills.skill_loader:load:185 | ATTEMPTING TO LOAD SKILL: mycroft-playback-control.mycroftai
2021-10-26 20:09:11.890 | INFO     |  5310 | mycroft.skills.settings:get_local_settings:83 | /opt/mycroft/skills/mycroft-playback-control.mycroftai/settings.json
2021-10-26 20:09:11.944 | INFO     |  5310 | mycroft.skills.skill_loader:_check_for_first_run:324 | First run of mycroft-playback-control.mycroftai
2021-10-26 20:09:11.947 | INFO     |  5310 | mycroft.skills.settings:save_settings:116 | Skill settings successfully saved to /home/runner/.config/mycroft/skills/mycroft-playback-control.mycroftai/settings.json
2021-10-26 20:09:11.955 | INFO     |  5310 | mycroft.skills.skill_loader:_communicate_load_status:344 | Skill mycroft-playback-control.mycroftai loaded successfully
2021-10-26 20:09:11.956 | INFO     |  5310 | mycroft.skills.skill_manager:_load_on_startup:275 | Skills all loaded!
2021-10-26 20:09:12.030 | INFO     |  5310 | __main__:on_ready:185 | Skills service is ready.
2021-10-26 20:09:12.108 | INFO     |  5310 | mycroft.skills.intent_services.padatious_service:train:151 | Training... (single_thread=False)
Regenerated mycroft-alarm.mycroftai:{daytype}.
Regenerated mycroft-reminder.mycroftai:CancelActiveReminder.intent.
Regenerated mycroft-installer.mycroftai:list.skills.intent.
Regenerated mycroft-installer.mycroftai:install.custom.intent.
Regenerated mycroft-installer.mycroftai:is.installed.intent.
Regenerated mycroft-installer.mycroftai:remove.intent.
Regenerated mycroft-installer.mycroftai:install.intent.
Regenerated mycroft-installer.mycroftai:install.beta.intent.
Regenerated mycroft-timer.mycroftai:timer.status.intent.
Regenerated mycroft-timer.mycroftai:start.timer.intent.
Regenerated homeassistant.mycroftai:automation.intent.
Regenerated homeassistant.mycroftai:open.intent.
Regenerated homeassistant.mycroftai:increase.light.brightness.intent.
Regenerated homeassistant.mycroftai:add.item.shopping.list.intent.
Regenerated homeassistant.mycroftai:stop.intent.
Regenerated homeassistant.mycroftai:set.light.brightness.intent.
Regenerated homeassistant.mycroftai:set.climate.intent.
Regenerated mycroft-alarm.mycroftai:change.alarm.sound.intent.
Regenerated mycroft-npr-news.mycroftai:PlayTheNews.intent.
Regenerated mycroft-support-helper.mycroftai:contact.support.intent.
Regenerated mycroft-weather.mycroftai:do-i-need-an-umbrella.intent.
Regenerated mycroft-audio-record.mycroftai:PlayRecording.intent.
Regenerated mycroft-audio-record.mycroftai:StartRecording.intent.
Regenerated mycroft-stop.mycroftai:shutdown.intent.
Regenerated mycroft-stop.mycroftai:reboot.intent.
Regenerated mycroft-stop.mycroftai:wifi.setup.intent.
Regenerated mycroft-stop.mycroftai:ssh.enable.intent.
Regenerated mycroft-hello-world.mycroftai:HowAreYou.intent.
Regenerated mycroft-stop.mycroftai:ssh.disable.intent.
Regenerated mycroft-date-time.mycroftai:what.time.is.it.intent.
Regenerated mycroft-date-time.mycroftai:what.time.will.it.be.intent.
Regenerated mycroft-date-time.mycroftai:date.future.weekend.intent.
Regenerated mycroft-date-time.mycroftai:date.last.weekend.intent.
Regenerated mycroft-configuration.mycroftai:EnablePreciseDev.intent.
Regenerated mycroft-configuration.mycroftai:DisablePreciseDev.intent.
Regenerated mycroft-configuration.mycroftai:WhereAreYou.intent.
Regenerated mycroft-personal.mycroftai:WhoAreYou.intent.
Regenerated mycroft-personal.mycroftai:WhoMadeYou.intent.
Regenerated mycroft-personal.mycroftai:WhenWereYouBorn.intent.
Regenerated mycroft-personal.mycroftai:WhatAreYou.intent.
Regenerated mycroft-personal.mycroftai:DoYouDream.intent.
Regenerated mycroft-personal.mycroftai:WhereWereYouBorn.intent.
Regenerated mycroft-personal.mycroftai:DoYouRhyme.intent.
Regenerated mycroft-wiki.mycroftai:Random.intent.
Regenerated mycroft-reminder.mycroftai:GetRemindersForDay.intent.
Regenerated mycroft-reminder.mycroftai:DeleteReminderForDay.intent.
Regenerated mycroft-reminder.mycroftai:ClearReminders.intent.
Regenerated mycroft-reminder.mycroftai:GetNextReminders.intent.
Regenerated mycroft-reminder.mycroftai:Reminder.intent.
Regenerated mycroft-reminder.mycroftai:SnoozeReminder.intent.
Regenerated mycroft-reminder.mycroftai:UnspecifiedReminderAt.intent.
Regenerated mycroft-reminder.mycroftai:ReminderAt.intent.
Regenerated homeassistant.mycroftai:sensor.intent.
Regenerated homeassistant.mycroftai:turn.on.intent.
Regenerated homeassistant.mycroftai:close.intent.
Regenerated homeassistant.mycroftai:tracker.intent.
Regenerated homeassistant.mycroftai:turn.off.intent.
Regenerated homeassistant.mycroftai:decrease.light.brightness.intent.
Regenerated homeassistant.mycroftai:toggle.intent.
Regenerated mycroft-alarm.mycroftai:snooze.intent.
2021-10-26 20:09:17.408 | INFO     |  5310 | mycroft.skills.intent_services.padatious_service:train:153 | Training complete.
2021-10-26 20:09:29.017 | INFO     |  5310 | mycroft.skills.settings:save_settings:116 | Skill settings successfully saved to /home/runner/.config/mycroft/skills/mycroft-timer.mycroftai/settings.json
2021-10-26 20:09:29.754 | INFO     |  5310 | mycroft.skills.settings:save_settings:116 | Skill settings successfully saved to /home/runner/.config/mycroft/skills/mycroft-pairing.mycroftai/settings.json
2021-10-26 20:09:50.917 | INFO     |  5310 | __main__:on_stopping:193 | Skills service is shutting down...
2021-10-26 20:09:50.918 | INFO     |  5310 | __main__:shutdown:284 | Shutting down Skills service
2021-10-26 20:09:51.016 | ERROR    |  5310 | VolumeSkill | Couldn't allocate mixer, ALSAAudioError('No such file or directory [default]')
2021-10-26 20:09:51.018 | INFO     |  5310 | mycroft.skills.settings:save_settings:116 | Skill settings successfully saved to /home/runner/.config/mycroft/skills/mycroft-volume.mycroftai/settings.json
2021-10-26 20:09:51.020 | INFO     |  5310 | mycroft.skills.settings:save_settings:116 | Skill settings successfully saved to /home/runner/.config/mycroft/skills/mycroft-ip.mycroftai/settings.json
2021-10-26 20:09:51.039 | INFO     |  5310 | mycroft.skills.settings:save_settings:116 | Skill settings successfully saved to /home/runner/.config/mycroft/skills/mycroft-reminder.mycroftai/settings.json
2021-10-26 20:09:51.042 | INFO     |  5310 | mycroft.skills.settings:save_settings:116 | Skill settings successfully saved to /home/runner/.config/mycroft/skills/mycroft-installer.mycroftai/settings.json
2021-10-26 20:09:51.043 | INFO     |  5310 | mycroft.skills.settings:save_settings:116 | Skill settings successfully saved to /home/runner/.config/mycroft/skills/mycroft-version-checker.mycroftai/settings.json
2021-10-26 20:09:51.047 | INFO     |  5310 | mycroft.skills.settings:save_settings:116 | Skill settings successfully saved to /home/runner/.config/mycroft/skills/mycroft-singing.mycroftai/settings.json
2021-10-26 20:09:51.048 | INFO     |  5310 | mycroft.skills.settings:save_settings:116 | Skill settings successfully saved to /home/runner/.config/mycroft/skills/mycroft-joke.mycroftai/settings.json
2021-10-26 20:09:51.057 | INFO     |  5310 | HomeAssistantSkill | Removing all handlers...
2021-10-26 20:09:51.058 | WARNING  |  5310 | mycroft.skills.fallback_skill:remove_fallback:185 | Could not find matching fallback handler
2021-10-26 20:09:51.059 | INFO     |  5310 | mycroft.skills.settings:save_settings:116 | Skill settings successfully saved to /home/runner/.config/mycroft/skills/mycroft-alarm.mycroftai/settings.json
2021-10-26 20:09:51.068 | INFO     |  5310 | mycroft.skills.settings:save_settings:116 | Skill settings successfully saved to /home/runner/.config/mycroft/skills/mycroft-naptime.mycroftai/settings.json
2021-10-26 20:09:51.076 | INFO     |  5310 | mycroft.skills.settings:save_settings:116 | Skill settings successfully saved to /home/runner/.config/mycroft/skills/mycroft-spelling.mycroftai/settings.json
2021-10-26 20:09:51.077 | INFO     |  5310 | mycroft.skills.settings:save_settings:116 | Skill settings successfully saved to /home/runner/.config/mycroft/skills/mycroft-fallback-duck-duck-go.mycroftai/settings.json
2021-10-26 20:09:51.080 | INFO     |  5310 | mycroft.skills.settings:save_settings:116 | Skill settings successfully saved to /home/runner/.config/mycroft/skills/mycroft-npr-news.mycroftai/settings.json
2021-10-26 20:09:51.095 | INFO     |  5310 | mycroft.skills.settings:save_settings:116 | Skill settings successfully saved to /home/runner/.config/mycroft/skills/mycroft-support-helper.mycroftai/settings.json
2021-10-26 20:09:51.114 | INFO     |  5310 | mycroft.skills.settings:save_settings:116 | Skill settings successfully saved to /home/runner/.config/mycroft/skills/mycroft-weather.mycroftai/settings.json
2021-10-26 20:09:51.116 | INFO     |  5310 | mycroft.skills.settings:save_settings:116 | Skill settings successfully saved to /home/runner/.config/mycroft/skills/mycroft-speak.mycroftai/settings.json
2021-10-26 20:09:51.127 | INFO     |  5310 | mycroft.skills.settings:save_settings:116 | Skill settings successfully saved to /home/runner/.config/mycroft/skills/mycroft-audio-record.mycroftai/settings.json
2021-10-26 20:09:51.128 | INFO     |  5310 | mycroft.skills.settings:save_settings:116 | Skill settings successfully saved to /home/runner/.config/mycroft/skills/mycroft-stop.mycroftai/settings.json
2021-10-26 20:09:51.135 | INFO     |  5310 | mycroft.skills.settings:save_settings:116 | Skill settings successfully saved to /home/runner/.config/mycroft/skills/mycroft-hello-world.mycroftai/settings.json
2021-10-26 20:09:51.139 | INFO     |  5310 | mycroft.skills.settings:save_settings:116 | Skill settings successfully saved to /home/runner/.config/mycroft/skills/mycroft-date-time.mycroftai/settings.json
2021-10-26 20:09:51.142 | INFO     |  5310 | mycroft.skills.settings:save_settings:116 | Skill settings successfully saved to /home/runner/.config/mycroft/skills/mycroft-configuration.mycroftai/settings.json
2021-10-26 20:09:51.155 | INFO     |  5310 | QuestionsAnswersSkill | Removing all handlers...
2021-10-26 20:09:51.155 | INFO     |  5310 | mycroft.skills.settings:save_settings:116 | Skill settings successfully saved to /home/runner/.config/mycroft/skills/fallback-query.mycroftai/settings.json
2021-10-26 20:09:51.156 | INFO     |  5310 | mycroft.skills.settings:save_settings:116 | Skill settings successfully saved to /home/runner/.config/mycroft/skills/mycroft-personal.mycroftai/settings.json
2021-10-26 20:09:51.157 | INFO     |  5310 | mycroft.skills.settings:save_settings:116 | Skill settings successfully saved to /home/runner/.config/mycroft/skills/fallback-wolfram-alpha.mycroftai/settings.json
2021-10-26 20:09:51.158 | INFO     |  5310 | mycroft.skills.settings:save_settings:116 | Skill settings successfully saved to /home/runner/.config/mycroft/skills/mycroft-wiki.mycroftai/settings.json
2021-10-26 20:09:51.158 | INFO     |  5310 | UnknownSkill | Removing all handlers...
2021-10-26 20:09:51.159 | INFO     |  5310 | mycroft.skills.settings:save_settings:116 | Skill settings successfully saved to /home/runner/.config/mycroft/skills/fallback-unknown.mycroftai/settings.json
2021-10-26 20:09:51.160 | INFO     |  5310 | mycroft.skills.settings:save_settings:116 | Skill settings successfully saved to /home/runner/.config/mycroft/skills/mycroft-playback-control.mycroftai/settings.json
2021-10-26 20:09:52.160 | INFO     |  5310 | Playback Control Skill | Audio service status: {}
2021-10-26 20:09:53.162 | WARNING  |  5310 | mycroft.skills.skill_manager:_shutdown_skill:106 | mycroft-playback-control.mycroftai shutdown took 2.0018739950000395 seconds
2021-10-26 20:09:53.162 | INFO     |  5310 | __main__:shutdown:291 | Skills service shutdown complete!
2021-10-26 20:09:53.976 | ERROR    |  5310 | websocket | error from callback <bound method MessageBusClient.on_message of <mycroft.messagebus.client.client.MessageBusClient object at 0x7f0f57558b50>>: cannot schedule new futures after shutdown
2021-10-26 20:09:53.978 | ERROR    |  5310 | websocket | error from callback <bound method MessageBusClient.on_message of <mycroft.messagebus.client.client.MessageBusClient object at 0x7f0f57558b50>>: cannot schedule new futures after shutdown
2021-10-26 20:09:53.980 | ERROR    |  5310 | websocket | error from callback <bound method MessageBusClient.on_message of <mycroft.messagebus.client.client.MessageBusClient object at 0x7f0f57558b50>>: cannot schedule new futures after shutdown
2021-10-26 20:09:53.981 | ERROR    |  5310 | websocket | error from callback <bound method MessageBusClient.on_message of <mycroft.messagebus.client.client.MessageBusClient object at 0x7f0f57558b50>>: cannot schedule new futures after shutdown
2021-10-26 20:09:53.983 | ERROR    |  5310 | websocket | error from callback <bound method MessageBusClient.on_message of <mycroft.messagebus.client.client.MessageBusClient object at 0x7f0f57558b50>>: cannot schedule new futures after shutdown
