2021-10-26 13:15:26.005 | INFO     |  5703 | mycroft.messagebus.load_config:load_message_bus_config:33 | Loading message bus configs
2021-10-26 13:15:26.026 | INFO     |  5703 | mycroft_bus_client.client.client | Connected
2021-10-26 13:15:26.039 | INFO     |  5703 | mycroft.util.process_utils:start_message_bus_client:155 | Connected to messagebus
2021-10-26 13:15:26.049 | INFO     |  5703 | mycroft.skills.msm_wrapper:create_msm:96 | Acquiring lock to instantiate MSM
2021-10-26 13:15:29.107 | INFO     |  5703 | msm.mycroft_skills_manager | building SkillEntry objects for all skills
2021-10-26 13:15:29.465 | INFO     |  5703 | mycroft.skills.msm_wrapper:create_msm:112 | Releasing MSM instantiation lock.
2021-10-26 13:15:29.466 | INFO     |  5703 | mycroft.skills.skill_updater:_log_next_download_time:267 | Next scheduled skill update: 2021-10-26 13:15:28.465912
2021-10-26 13:15:29.466 | INFO     |  5703 | msm.skill_entry | Downloading skill: https://github.com/mycroftai/skill-pairing
2021-10-26 13:15:29.880 | INFO     |  5703 | msm.skill_entry | Installing system requirements...
2021-10-26 13:15:29.916 | INFO     |  5703 | msm.skill_entry | Successfully installed mycroft-pairing
2021-10-26 13:15:29.916 | INFO     |  5703 | msm.mycroft_skills_manager | invalidating skills cache
2021-10-26 13:15:29.918 | INFO     |  5703 | mycroft.skills.skill_loader:load:185 | ATTEMPTING TO LOAD SKILL: mycroft-pairing.mycroftai
2021-10-26 13:15:29.934 | INFO     |  5703 | mycroft.skills.settings:get_local_settings:83 | /opt/mycroft/skills/mycroft-pairing.mycroftai/settings.json
2021-10-26 13:15:29.952 | INFO     |  5703 | mycroft.skills.skill_loader:_check_for_first_run:324 | First run of mycroft-pairing.mycroftai
2021-10-26 13:15:29.953 | INFO     |  5703 | mycroft.skills.settings:save_settings:116 | Skill settings successfully saved to /home/runner/.config/mycroft/skills/mycroft-pairing.mycroftai/settings.json
2021-10-26 13:15:29.956 | INFO     |  5703 | mycroft.skills.skill_loader:_communicate_load_status:344 | Skill mycroft-pairing.mycroftai loaded successfully
2021-10-26 13:15:29.957 | INFO     |  5703 | msm.skill_entry | Downloading skill: https://github.com/mycroftai/skill-volume
2021-10-26 13:15:30.324 | INFO     |  5703 | msm.skill_entry | Installing system requirements...
2021-10-26 13:15:30.336 | INFO     |  5703 | msm.skill_entry | Installing requirements.txt for mycroft-volume
2021-10-26 13:15:31.269 | INFO     |  5703 | msm.skill_entry | Successfully installed mycroft-volume
2021-10-26 13:15:31.270 | INFO     |  5703 | msm.mycroft_skills_manager | invalidating skills cache
2021-10-26 13:15:31.271 | INFO     |  5703 | mycroft.skills.skill_loader:load:185 | ATTEMPTING TO LOAD SKILL: mycroft-volume.mycroftai
2021-10-26 13:15:31.281 | INFO     |  5703 | mycroft.skills.settings:get_local_settings:83 | /opt/mycroft/skills/mycroft-volume.mycroftai/settings.json
2021-10-26 13:15:31.405 | ERROR    |  5703 | VolumeSkill | Couldn't allocate mixer, ALSAAudioError('No such file or directory [default]')
2021-10-26 13:15:34.417 | INFO     |  5703 | mycroft.skills.skill_loader:_check_for_first_run:324 | First run of mycroft-volume.mycroftai
2021-10-26 13:15:34.419 | INFO     |  5703 | mycroft.skills.settings:save_settings:116 | Skill settings successfully saved to /home/runner/.config/mycroft/skills/mycroft-volume.mycroftai/settings.json
2021-10-26 13:15:34.420 | INFO     |  5703 | mycroft.skills.skill_loader:_communicate_load_status:344 | Skill mycroft-volume.mycroftai loaded successfully
2021-10-26 13:15:34.421 | INFO     |  5703 | __main__:on_started:177 | Skills service is starting up.
2021-10-26 13:15:34.472 | INFO     |  5703 | __main__:_update_system:154 | Attempting system update...
2021-10-26 13:15:37.474 | INFO     |  5703 | mycroft.enclosure.display_manager:_write_data:70 | Display Manager is creating /tmp/mycroft/ipc/managers/disp_info
2021-10-26 13:15:37.475 | INFO     |  5703 | __main__:_ensure_device_is_paired:133 | Device not paired, invoking the pairing skill
2021-10-26 13:15:37.476 | INFO     |  5703 | __main__:on_alive:181 | Skills service is alive.
2021-10-26 13:15:37.479 | INFO     |  5703 | msm.mycroft_skills_manager | building SkillEntry objects for all skills
2021-10-26 13:15:37.669 | INFO     |  5703 | PairingSkill | Communicating account URL to user
2021-10-26 13:15:38.133 | WARNING  |  5703 | msm.mycroft_skills_manager | No such default skill: mycroft-pandora
2021-10-26 13:15:38.136 | INFO     |  5703 | mycroft.skills.skill_manager:run:234 | Not all default skills are installed, performing skill update...
2021-10-26 13:15:38.137 | INFO     |  5703 | mycroft.skills.skill_updater:update_skills:149 | Beginning skill update...
2021-10-26 13:15:38.190 | INFO     |  5703 | msm.mycroft_skills_manager | building SkillEntry objects for all skills
2021-10-26 13:15:39.183 | INFO     |  5703 | msm.mycroft_skills_manager | invalidating skills cache
2021-10-26 13:15:39.240 | INFO     |  5703 | msm.skill_entry | Downloading skill: https://github.com/mycroftai/fallback-unknown
2021-10-26 13:15:39.245 | INFO     |  5703 | msm.skill_entry | Downloading skill: https://github.com/mycroftai/skill-alarm
2021-10-26 13:15:39.257 | INFO     |  5703 | msm.skill_entry | Downloading skill: https://github.com/mycroftai/skill-audio-record
2021-10-26 13:15:39.265 | INFO     |  5703 | msm.skill_entry | Downloading skill: https://github.com/mycroftai/skill-configuration
2021-10-26 13:15:39.268 | INFO     |  5703 | msm.skill_entry | Downloading skill: https://github.com/mycroftai/fallback-duckduckgo
2021-10-26 13:15:39.273 | INFO     |  5703 | msm.skill_entry | Downloading skill: https://github.com/mycroftai/skill-date-time
2021-10-26 13:15:39.281 | INFO     |  5703 | msm.skill_entry | Downloading skill: https://github.com/mycroftai/skill-hello-world
2021-10-26 13:15:39.287 | INFO     |  5703 | msm.skill_entry | Downloading skill: https://github.com/mycroftai/skill-installer
2021-10-26 13:15:39.292 | INFO     |  5703 | msm.skill_entry | Downloading skill: https://github.com/mycroftai/skill-ip
2021-10-26 13:15:39.296 | INFO     |  5703 | msm.skill_entry | Downloading skill: https://github.com/mycroftai/skill-joke
2021-10-26 13:15:39.303 | INFO     |  5703 | msm.skill_entry | Downloading skill: https://github.com/mycroftai/skill-npr-news
2021-10-26 13:15:39.310 | INFO     |  5703 | msm.skill_entry | Downloading skill: https://github.com/mycroftai/skill-personal
2021-10-26 13:15:39.332 | INFO     |  5703 | msm.skill_entry | Downloading skill: https://github.com/mycroftai/skill-playback-control
2021-10-26 13:15:39.335 | INFO     |  5703 | msm.skill_entry | Downloading skill: https://github.com/mycroftai/skill-reminder
2021-10-26 13:15:39.337 | INFO     |  5703 | msm.skill_entry | Downloading skill: https://github.com/mycroftai/skill-singing
2021-10-26 13:15:39.351 | INFO     |  5703 | msm.skill_entry | Downloading skill: https://github.com/mycroftai/fallback-wolfram-alpha
2021-10-26 13:15:39.369 | INFO     |  5703 | msm.skill_entry | Downloading skill: https://github.com/mycroftai/skill-naptime
2021-10-26 13:15:40.442 | INFO     |  5703 | msm.skill_entry | Installing system requirements...
2021-10-26 13:15:40.570 | INFO     |  5703 | msm.skill_entry | Successfully installed mycroft-hello-world
2021-10-26 13:15:40.571 | INFO     |  5703 | msm.mycroft_skills_manager | invalidating skills cache
2021-10-26 13:15:40.572 | INFO     |  5703 | msm.skill_entry | Downloading skill: https://github.com/mycroftai/skill-speak
2021-10-26 13:15:40.721 | INFO     |  5703 | msm.skill_entry | Installing system requirements...
2021-10-26 13:15:40.752 | INFO     |  5703 | msm.skill_entry | Installing system requirements...
2021-10-26 13:15:40.789 | INFO     |  5703 | msm.skill_entry | Installing system requirements...
2021-10-26 13:15:40.846 | INFO     |  5703 | msm.skill_entry | Installing requirements.txt for mycroft-ip
2021-10-26 13:15:40.887 | INFO     |  5703 | msm.skill_entry | Installing system requirements...
2021-10-26 13:15:40.892 | INFO     |  5703 | msm.skill_entry | Installing system requirements...
2021-10-26 13:15:40.933 | INFO     |  5703 | msm.skill_entry | Successfully installed fallback-unknown
2021-10-26 13:15:40.934 | INFO     |  5703 | msm.mycroft_skills_manager | invalidating skills cache
2021-10-26 13:15:40.934 | INFO     |  5703 | msm.skill_entry | Successfully installed mycroft-naptime
2021-10-26 13:15:40.935 | INFO     |  5703 | msm.mycroft_skills_manager | invalidating skills cache
2021-10-26 13:15:40.936 | INFO     |  5703 | msm.skill_entry | Downloading skill: https://github.com/mycroftai/skill-stop
2021-10-26 13:15:40.947 | INFO     |  5703 | msm.skill_entry | Downloading skill: https://github.com/mycroftai/skill-spelling
2021-10-26 13:15:40.957 | ERROR    |  5703 | msm.mycroft_skills_manager | Error running install_or_update on homeassistant.mycroftai: MergeConflict
2021-10-26 13:15:40.959 | INFO     |  5703 | msm.skill_entry | Installing system requirements...
2021-10-26 13:15:40.965 | INFO     |  5703 | msm.skill_entry | Downloading skill: https://github.com/mycroftai/skill-support
2021-10-26 13:15:41.011 | INFO     |  5703 | msm.skill_entry | Installing requirements.txt for mycroft-npr-news
2021-10-26 13:15:41.044 | INFO     |  5703 | msm.skill_entry | Installing requirements.txt for fallback-wolfram-alpha
2021-10-26 13:15:41.079 | INFO     |  5703 | msm.skill_entry | Installing requirements.txt for mycroft-installer
2021-10-26 13:15:41.134 | INFO     |  5703 | msm.skill_entry | Nothing new for mycroft-pairing
2021-10-26 13:15:41.157 | INFO     |  5703 | msm.skill_entry | Installing system requirements...
2021-10-26 13:15:41.189 | INFO     |  5703 | msm.skill_entry | Installing system requirements...
2021-10-26 13:15:41.283 | INFO     |  5703 | msm.skill_entry | Downloading skill: https://github.com/mycroftai/mycroft-timer
2021-10-26 13:15:41.289 | INFO     |  5703 | msm.skill_entry | Installing requirements.txt for mycroft-date-time
2021-10-26 13:15:41.293 | INFO     |  5703 | msm.skill_entry | Installing system requirements...
2021-10-26 13:15:41.428 | INFO     |  5703 | msm.skill_entry | Installing requirements.txt for mycroft-fallback-duck-duck-go
2021-10-26 13:15:41.634 | INFO     |  5703 | msm.skill_entry | Nothing new for mycroft-volume
2021-10-26 13:15:42.245 | INFO     |  5703 | msm.skill_entry | Installing system requirements...
2021-10-26 13:15:42.263 | INFO     |  5703 | msm.skill_entry | Installing system requirements...
2021-10-26 13:15:42.306 | INFO     |  5703 | msm.skill_entry | Installing system requirements...
2021-10-26 13:15:42.312 | INFO     |  5703 | msm.skill_entry | Installing requirements.txt for mycroft-joke
2021-10-26 13:15:42.327 | INFO     |  5703 | msm.skill_entry | Installing requirements.txt for mycroft-volume
2021-10-26 13:15:42.354 | INFO     |  5703 | msm.skill_entry | Installing requirements.txt for mycroft-audio-record
2021-10-26 13:15:42.610 | INFO     |  5703 | msm.skill_entry | Installing system requirements...
2021-10-26 13:15:42.625 | INFO     |  5703 | msm.skill_entry | Installing system requirements...
2021-10-26 13:15:42.745 | INFO     |  5703 | msm.skill_entry | Successfully installed mycroft-speak
2021-10-26 13:15:42.745 | INFO     |  5703 | msm.mycroft_skills_manager | invalidating skills cache
2021-10-26 13:15:42.763 | INFO     |  5703 | msm.skill_entry | Downloading skill: https://github.com/mycroftai/skill-weather
2021-10-26 13:15:42.787 | INFO     |  5703 | msm.skill_entry | Successfully installed mycroft-personal
2021-10-26 13:15:42.787 | INFO     |  5703 | msm.mycroft_skills_manager | invalidating skills cache
2021-10-26 13:15:42.789 | INFO     |  5703 | msm.skill_entry | Downloading skill: https://github.com/mycroftai/skill-version-checker
2021-10-26 13:15:42.795 | INFO     |  5703 | msm.skill_entry | Installing system requirements...
2021-10-26 13:15:42.815 | INFO     |  5703 | msm.skill_entry | Installing system requirements...
2021-10-26 13:15:42.820 | INFO     |  5703 | msm.skill_entry | Installing system requirements...
2021-10-26 13:15:42.851 | INFO     |  5703 | msm.skill_entry | Installing system requirements...
2021-10-26 13:15:42.890 | INFO     |  5703 | msm.skill_entry | Installing system requirements...
2021-10-26 13:15:42.931 | INFO     |  5703 | msm.skill_entry | Successfully installed mycroft-spelling
2021-10-26 13:15:42.931 | INFO     |  5703 | msm.mycroft_skills_manager | invalidating skills cache
2021-10-26 13:15:42.946 | INFO     |  5703 | msm.skill_entry | Downloading skill: https://github.com/mycroftai/skill-wiki
2021-10-26 13:15:42.961 | INFO     |  5703 | msm.skill_entry | Successfully installed mycroft-reminder
2021-10-26 13:15:42.962 | INFO     |  5703 | msm.mycroft_skills_manager | invalidating skills cache
2021-10-26 13:15:42.966 | INFO     |  5703 | msm.skill_entry | Downloading skill: https://github.com/MycroftAI/skill-query
2021-10-26 13:15:42.975 | INFO     |  5703 | msm.skill_entry | Installing requirements.txt for mycroft-support-helper
2021-10-26 13:15:42.976 | INFO     |  5703 | msm.skill_entry | Successfully installed mycroft-playback-control
2021-10-26 13:15:42.976 | INFO     |  5703 | msm.mycroft_skills_manager | invalidating skills cache
2021-10-26 13:15:42.998 | INFO     |  5703 | msm.skill_entry | Installing requirements.txt for mycroft-configuration
2021-10-26 13:15:43.028 | INFO     |  5703 | msm.skill_entry | Installing system requirements...
2021-10-26 13:15:43.154 | INFO     |  5703 | msm.skill_entry | Successfully installed mycroft-timer
2021-10-26 13:15:43.154 | INFO     |  5703 | msm.mycroft_skills_manager | invalidating skills cache
2021-10-26 13:15:43.215 | INFO     |  5703 | msm.skill_entry | Installing system requirements...
2021-10-26 13:15:43.244 | INFO     |  5703 | msm.skill_entry | Successfully installed mycroft-ip
2021-10-26 13:15:43.247 | INFO     |  5703 | msm.mycroft_skills_manager | invalidating skills cache
2021-10-26 13:15:43.295 | INFO     |  5703 | msm.skill_entry | Installing requirements.txt for mycroft-alarm
2021-10-26 13:15:43.328 | INFO     |  5703 | msm.skill_entry | Installing system requirements...
2021-10-26 13:15:43.375 | INFO     |  5703 | msm.skill_entry | Successfully installed mycroft-singing
2021-10-26 13:15:43.375 | INFO     |  5703 | msm.mycroft_skills_manager | invalidating skills cache
2021-10-26 13:15:43.408 | ERROR    |  5703 | msm.mycroft_skills_manager | Error running install_or_update on homeassistant: MergeConflict
2021-10-26 13:15:43.563 | INFO     |  5703 | msm.skill_entry | Installing system requirements...
2021-10-26 13:15:43.578 | INFO     |  5703 | msm.skill_entry | Installing system requirements...
2021-10-26 13:15:43.599 | INFO     |  5703 | msm.skill_entry | Successfully installed mycroft-stop
2021-10-26 13:15:43.600 | INFO     |  5703 | msm.mycroft_skills_manager | invalidating skills cache
2021-10-26 13:15:43.631 | INFO     |  5703 | msm.skill_entry | Successfully installed mycroft-version-checker
2021-10-26 13:15:43.632 | INFO     |  5703 | msm.mycroft_skills_manager | invalidating skills cache
2021-10-26 13:15:43.632 | INFO     |  5703 | msm.skill_entry | Installing system requirements...
2021-10-26 13:15:43.664 | INFO     |  5703 | msm.skill_entry | Successfully installed fallback-query
2021-10-26 13:15:43.664 | INFO     |  5703 | msm.mycroft_skills_manager | invalidating skills cache
2021-10-26 13:15:44.974 | INFO     |  5703 | msm.skill_entry | Installing system requirements...
2021-10-26 13:15:45.023 | INFO     |  5703 | msm.skill_entry | Installing requirements.txt for mycroft-wiki
2021-10-26 13:15:45.314 | INFO     |  5703 | msm.skill_entry | Installing system requirements...
2021-10-26 13:15:45.352 | INFO     |  5703 | msm.skill_entry | Installing requirements.txt for mycroft-weather
2021-10-26 13:15:47.123 | INFO     |  5703 | msm.skill_entry | Successfully installed mycroft-npr-news
2021-10-26 13:15:47.123 | INFO     |  5703 | msm.mycroft_skills_manager | invalidating skills cache
2021-10-26 13:15:51.591 | INFO     |  5703 | msm.skill_entry | Successfully installed fallback-wolfram-alpha
2021-10-26 13:15:51.591 | INFO     |  5703 | msm.mycroft_skills_manager | invalidating skills cache
2021-10-26 13:15:52.684 | INFO     |  5703 | msm.skill_entry | Successfully installed mycroft-installer
2021-10-26 13:15:52.684 | INFO     |  5703 | msm.mycroft_skills_manager | invalidating skills cache
2021-10-26 13:16:08.034 | INFO     |  5703 | PairingSkill | Initiating device pairing sequence...
2021-10-26 13:16:08.034 | INFO     |  5703 | PairingSkill | Retrieving pairing code from device API...
2021-10-26 13:16:08.206 | INFO     |  5703 | PairingSkill | Pairing code obtained: PXETYN
2021-10-26 13:16:08.206 | INFO     |  5703 | PairingSkill | Communicating pairing URL to user
2021-10-26 13:16:10.612 | INFO     |  5703 | msm.skill_entry | Successfully installed mycroft-date-time
2021-10-26 13:16:10.612 | INFO     |  5703 | msm.mycroft_skills_manager | invalidating skills cache
2021-10-26 13:16:11.804 | INFO     |  5703 | msm.skill_entry | Successfully installed mycroft-fallback-duck-duck-go
2021-10-26 13:16:11.805 | INFO     |  5703 | msm.mycroft_skills_manager | invalidating skills cache
2021-10-26 13:16:13.017 | INFO     |  5703 | msm.skill_entry | Successfully installed mycroft-joke
2021-10-26 13:16:13.017 | INFO     |  5703 | msm.mycroft_skills_manager | invalidating skills cache
2021-10-26 13:16:15.164 | INFO     |  5703 | msm.skill_entry | Successfully installed mycroft-audio-record
2021-10-26 13:16:15.164 | INFO     |  5703 | msm.mycroft_skills_manager | invalidating skills cache
2021-10-26 13:16:17.785 | INFO     |  5703 | msm.skill_entry | Successfully installed mycroft-support-helper
2021-10-26 13:16:17.785 | INFO     |  5703 | msm.mycroft_skills_manager | invalidating skills cache
2021-10-26 13:16:20.880 | INFO     |  5703 | msm.skill_entry | Successfully installed mycroft-configuration
2021-10-26 13:16:20.880 | INFO     |  5703 | msm.mycroft_skills_manager | invalidating skills cache
2021-10-26 13:16:21.979 | INFO     |  5703 | msm.skill_entry | Successfully installed mycroft-alarm
2021-10-26 13:16:21.979 | INFO     |  5703 | msm.mycroft_skills_manager | invalidating skills cache
2021-10-26 13:16:23.950 | INFO     |  5703 | msm.skill_entry | Successfully installed mycroft-wiki
2021-10-26 13:16:23.951 | INFO     |  5703 | msm.mycroft_skills_manager | invalidating skills cache
2021-10-26 13:16:25.079 | INFO     |  5703 | msm.skill_entry | Successfully installed mycroft-weather
2021-10-26 13:16:25.079 | INFO     |  5703 | msm.mycroft_skills_manager | invalidating skills cache
2021-10-26 13:16:25.181 | INFO     |  5703 | mycroft.skills.skill_updater:_log_next_download_time:267 | Next scheduled skill update: 2021-10-26 14:16:25.181278
2021-10-26 13:16:25.182 | INFO     |  5703 | mycroft.skills.skill_updater:update_skills:170 | Skill update complete
2021-10-26 13:16:25.182 | INFO     |  5703 | mycroft.skills.skill_manager:_load_on_startup:273 | Loading installed skills...
2021-10-26 13:16:25.183 | INFO     |  5703 | mycroft.skills.skill_loader:load:185 | ATTEMPTING TO LOAD SKILL: mycroft-ip.mycroftai
2021-10-26 13:16:25.228 | INFO     |  5703 | mycroft.skills.settings:get_local_settings:83 | /opt/mycroft/skills/mycroft-ip.mycroftai/settings.json
2021-10-26 13:16:25.239 | INFO     |  5703 | mycroft.skills.skill_loader:_check_for_first_run:324 | First run of mycroft-ip.mycroftai
2021-10-26 13:16:25.241 | INFO     |  5703 | mycroft.skills.settings:save_settings:116 | Skill settings successfully saved to /home/runner/.config/mycroft/skills/mycroft-ip.mycroftai/settings.json
2021-10-26 13:16:25.242 | INFO     |  5703 | mycroft.skills.skill_loader:_communicate_load_status:344 | Skill mycroft-ip.mycroftai loaded successfully
2021-10-26 13:16:25.243 | INFO     |  5703 | mycroft.skills.skill_loader:load:185 | ATTEMPTING TO LOAD SKILL: mycroft-reminder.mycroftai
2021-10-26 13:16:25.265 | INFO     |  5703 | mycroft.skills.settings:get_local_settings:83 | /opt/mycroft/skills/mycroft-reminder.mycroftai/settings.json
2021-10-26 13:16:25.330 | INFO     |  5703 | mycroft.skills.skill_loader:_check_for_first_run:324 | First run of mycroft-reminder.mycroftai
2021-10-26 13:16:25.331 | INFO     |  5703 | mycroft.skills.settings:save_settings:116 | Skill settings successfully saved to /home/runner/.config/mycroft/skills/mycroft-reminder.mycroftai/settings.json
2021-10-26 13:16:25.332 | INFO     |  5703 | mycroft.skills.skill_loader:_communicate_load_status:344 | Skill mycroft-reminder.mycroftai loaded successfully
2021-10-26 13:16:25.334 | INFO     |  5703 | mycroft.skills.skill_loader:load:185 | ATTEMPTING TO LOAD SKILL: mycroft-installer.mycroftai
2021-10-26 13:16:25.342 | INFO     |  5703 | mycroft.skills.settings:get_local_settings:83 | /opt/mycroft/skills/mycroft-installer.mycroftai/settings.json
2021-10-26 13:16:25.373 | INFO     |  5703 | mycroft.skills.skill_loader:_check_for_first_run:324 | First run of mycroft-installer.mycroftai
2021-10-26 13:16:25.373 | INFO     |  5703 | mycroft.skills.settings:save_settings:116 | Skill settings successfully saved to /home/runner/.config/mycroft/skills/mycroft-installer.mycroftai/settings.json
2021-10-26 13:16:25.376 | INFO     |  5703 | mycroft.skills.skill_loader:_communicate_load_status:344 | Skill mycroft-installer.mycroftai loaded successfully
2021-10-26 13:16:25.376 | INFO     |  5703 | mycroft.skills.skill_loader:load:185 | ATTEMPTING TO LOAD SKILL: mycroft-version-checker.mycroftai
2021-10-26 13:16:25.383 | INFO     |  5703 | mycroft.skills.settings:get_local_settings:83 | /opt/mycroft/skills/mycroft-version-checker.mycroftai/settings.json
2021-10-26 13:16:25.416 | INFO     |  5703 | mycroft.skills.skill_loader:_check_for_first_run:324 | First run of mycroft-version-checker.mycroftai
2021-10-26 13:16:25.416 | INFO     |  5703 | mycroft.skills.settings:save_settings:116 | Skill settings successfully saved to /home/runner/.config/mycroft/skills/mycroft-version-checker.mycroftai/settings.json
2021-10-26 13:16:25.419 | INFO     |  5703 | mycroft.skills.skill_loader:_communicate_load_status:344 | Skill mycroft-version-checker.mycroftai loaded successfully
2021-10-26 13:16:25.420 | INFO     |  5703 | mycroft.skills.skill_loader:load:185 | ATTEMPTING TO LOAD SKILL: mycroft-singing.mycroftai
2021-10-26 13:16:25.428 | INFO     |  5703 | mycroft.skills.settings:get_local_settings:83 | /opt/mycroft/skills/mycroft-singing.mycroftai/settings.json
2021-10-26 13:16:25.450 | INFO     |  5703 | mycroft.skills.skill_loader:_check_for_first_run:324 | First run of mycroft-singing.mycroftai
2021-10-26 13:16:25.451 | INFO     |  5703 | mycroft.skills.settings:save_settings:116 | Skill settings successfully saved to /home/runner/.config/mycroft/skills/mycroft-singing.mycroftai/settings.json
2021-10-26 13:16:25.456 | INFO     |  5703 | mycroft.skills.skill_loader:_communicate_load_status:344 | Skill mycroft-singing.mycroftai loaded successfully
2021-10-26 13:16:25.457 | INFO     |  5703 | mycroft.skills.skill_loader:load:185 | ATTEMPTING TO LOAD SKILL: mycroft-joke.mycroftai
2021-10-26 13:16:25.468 | INFO     |  5703 | mycroft.skills.settings:get_local_settings:83 | /opt/mycroft/skills/mycroft-joke.mycroftai/settings.json
2021-10-26 13:16:25.506 | INFO     |  5703 | mycroft.skills.skill_loader:_check_for_first_run:324 | First run of mycroft-joke.mycroftai
2021-10-26 13:16:25.507 | INFO     |  5703 | mycroft.skills.settings:save_settings:116 | Skill settings successfully saved to /home/runner/.config/mycroft/skills/mycroft-joke.mycroftai/settings.json
2021-10-26 13:16:25.512 | INFO     |  5703 | mycroft.skills.skill_loader:_communicate_load_status:344 | Skill mycroft-joke.mycroftai loaded successfully
2021-10-26 13:16:25.513 | INFO     |  5703 | mycroft.skills.skill_loader:load:185 | ATTEMPTING TO LOAD SKILL: mycroft-timer.mycroftai
2021-10-26 13:16:25.534 | INFO     |  5703 | mycroft.skills.settings:get_local_settings:83 | /opt/mycroft/skills/mycroft-timer.mycroftai/settings.json
2021-10-26 13:16:25.591 | INFO     |  5703 | mycroft.skills.skill_loader:_check_for_first_run:324 | First run of mycroft-timer.mycroftai
2021-10-26 13:16:25.592 | INFO     |  5703 | mycroft.skills.settings:save_settings:116 | Skill settings successfully saved to /home/runner/.config/mycroft/skills/mycroft-timer.mycroftai/settings.json
2021-10-26 13:16:25.592 | INFO     |  5703 | mycroft.skills.skill_loader:_communicate_load_status:344 | Skill mycroft-timer.mycroftai loaded successfully
2021-10-26 13:16:25.601 | INFO     |  5703 | mycroft.skills.skill_loader:load:185 | ATTEMPTING TO LOAD SKILL: homeassistant.mycroftai
2021-10-26 13:16:26.002 | INFO     |  5703 | mycroft.skills.settings:get_local_settings:83 | /opt/mycroft/skills/homeassistant.mycroftai/settings.json
2021-10-26 13:16:26.004 | INFO     |  5703 | mycroft.skills.settings:get_local_settings:83 | /opt/mycroft/skills/homeassistant.mycroftai/settings.json
2021-10-26 13:16:26.095 | INFO     |  5703 | mycroft.skills.skill_loader:_communicate_load_status:344 | Skill homeassistant.mycroftai loaded successfully
2021-10-26 13:16:26.096 | INFO     |  5703 | mycroft.skills.skill_loader:load:185 | ATTEMPTING TO LOAD SKILL: mycroft-alarm.mycroftai
2021-10-26 13:16:26.125 | INFO     |  5703 | mycroft.skills.settings:get_local_settings:83 | /opt/mycroft/skills/mycroft-alarm.mycroftai/settings.json
2021-10-26 13:16:26.125 | ERROR    |  5703 | AlarmSkill | Couldn't allocate mixer, ALSAAudioError('No such file or directory [default]')
2021-10-26 13:16:26.240 | INFO     |  5703 | mycroft.skills.skill_loader:_check_for_first_run:324 | First run of mycroft-alarm.mycroftai
2021-10-26 13:16:26.241 | INFO     |  5703 | mycroft.skills.settings:save_settings:116 | Skill settings successfully saved to /home/runner/.config/mycroft/skills/mycroft-alarm.mycroftai/settings.json
2021-10-26 13:16:26.247 | INFO     |  5703 | mycroft.skills.skill_loader:_communicate_load_status:344 | Skill mycroft-alarm.mycroftai loaded successfully
2021-10-26 13:16:26.248 | INFO     |  5703 | mycroft.skills.skill_loader:load:185 | ATTEMPTING TO LOAD SKILL: mycroft-naptime.mycroftai
2021-10-26 13:16:26.257 | INFO     |  5703 | mycroft.skills.settings:get_local_settings:83 | /opt/mycroft/skills/mycroft-naptime.mycroftai/settings.json
2021-10-26 13:16:26.280 | INFO     |  5703 | mycroft.skills.skill_loader:_check_for_first_run:324 | First run of mycroft-naptime.mycroftai
2021-10-26 13:16:26.281 | INFO     |  5703 | mycroft.skills.settings:save_settings:116 | Skill settings successfully saved to /home/runner/.config/mycroft/skills/mycroft-naptime.mycroftai/settings.json
2021-10-26 13:16:26.281 | INFO     |  5703 | mycroft.skills.skill_loader:_communicate_load_status:344 | Skill mycroft-naptime.mycroftai loaded successfully
2021-10-26 13:16:26.289 | INFO     |  5703 | mycroft.skills.skill_loader:load:185 | ATTEMPTING TO LOAD SKILL: mycroft-spelling.mycroftai
2021-10-26 13:16:26.297 | INFO     |  5703 | mycroft.skills.settings:get_local_settings:83 | /opt/mycroft/skills/mycroft-spelling.mycroftai/settings.json
2021-10-26 13:16:26.324 | INFO     |  5703 | mycroft.skills.skill_loader:_check_for_first_run:324 | First run of mycroft-spelling.mycroftai
2021-10-26 13:16:26.325 | INFO     |  5703 | mycroft.skills.settings:save_settings:116 | Skill settings successfully saved to /home/runner/.config/mycroft/skills/mycroft-spelling.mycroftai/settings.json
2021-10-26 13:16:26.328 | INFO     |  5703 | mycroft.skills.skill_loader:_communicate_load_status:344 | Skill mycroft-spelling.mycroftai loaded successfully
2021-10-26 13:16:26.328 | INFO     |  5703 | mycroft.skills.skill_loader:load:185 | ATTEMPTING TO LOAD SKILL: mycroft-fallback-duck-duck-go.mycroftai
2021-10-26 13:16:26.349 | INFO     |  5703 | mycroft.skills.settings:get_local_settings:83 | /opt/mycroft/skills/mycroft-fallback-duck-duck-go.mycroftai/settings.json
2021-10-26 13:16:26.385 | INFO     |  5703 | mycroft.skills.skill_loader:_check_for_first_run:324 | First run of mycroft-fallback-duck-duck-go.mycroftai
2021-10-26 13:16:26.390 | INFO     |  5703 | mycroft.skills.settings:save_settings:116 | Skill settings successfully saved to /home/runner/.config/mycroft/skills/mycroft-fallback-duck-duck-go.mycroftai/settings.json
2021-10-26 13:16:26.391 | INFO     |  5703 | mycroft.skills.skill_loader:_communicate_load_status:344 | Skill mycroft-fallback-duck-duck-go.mycroftai loaded successfully
2021-10-26 13:16:26.391 | INFO     |  5703 | mycroft.skills.skill_loader:load:185 | ATTEMPTING TO LOAD SKILL: mycroft-npr-news.mycroftai
2021-10-26 13:16:26.526 | INFO     |  5703 | mycroft.skills.settings:get_local_settings:83 | /opt/mycroft/skills/mycroft-npr-news.mycroftai/settings.json
2021-10-26 13:16:27.579 | INFO     |  5703 | mycroft.skills.skill_loader:_check_for_first_run:324 | First run of mycroft-npr-news.mycroftai
2021-10-26 13:16:27.580 | INFO     |  5703 | mycroft.skills.settings:save_settings:116 | Skill settings successfully saved to /home/runner/.config/mycroft/skills/mycroft-npr-news.mycroftai/settings.json
2021-10-26 13:16:27.586 | INFO     |  5703 | mycroft.skills.skill_loader:_communicate_load_status:344 | Skill mycroft-npr-news.mycroftai loaded successfully
2021-10-26 13:16:27.586 | INFO     |  5703 | mycroft.skills.skill_loader:load:185 | ATTEMPTING TO LOAD SKILL: mycroft-support-helper.mycroftai
2021-10-26 13:16:27.595 | INFO     |  5703 | mycroft.skills.settings:get_local_settings:83 | /opt/mycroft/skills/mycroft-support-helper.mycroftai/settings.json
2021-10-26 13:16:27.605 | INFO     |  5703 | mycroft.skills.skill_loader:_check_for_first_run:324 | First run of mycroft-support-helper.mycroftai
2021-10-26 13:16:27.608 | INFO     |  5703 | mycroft.skills.settings:save_settings:116 | Skill settings successfully saved to /home/runner/.config/mycroft/skills/mycroft-support-helper.mycroftai/settings.json
2021-10-26 13:16:27.612 | INFO     |  5703 | mycroft.skills.skill_loader:_communicate_load_status:344 | Skill mycroft-support-helper.mycroftai loaded successfully
2021-10-26 13:16:27.613 | INFO     |  5703 | mycroft.skills.skill_loader:load:185 | ATTEMPTING TO LOAD SKILL: mycroft-weather.mycroftai
2021-10-26 13:16:27.651 | INFO     |  5703 | mycroft.skills.settings:get_local_settings:83 | /opt/mycroft/skills/mycroft-weather.mycroftai/settings.json
2021-10-26 13:16:27.766 | INFO     |  5703 | mycroft.skills.skill_loader:_check_for_first_run:324 | First run of mycroft-weather.mycroftai
2021-10-26 13:16:27.767 | INFO     |  5703 | mycroft.skills.settings:save_settings:116 | Skill settings successfully saved to /home/runner/.config/mycroft/skills/mycroft-weather.mycroftai/settings.json
2021-10-26 13:16:27.851 | INFO     |  5703 | mycroft.skills.skill_loader:_communicate_load_status:344 | Skill mycroft-weather.mycroftai loaded successfully
2021-10-26 13:16:27.851 | INFO     |  5703 | mycroft.skills.skill_loader:load:185 | ATTEMPTING TO LOAD SKILL: mycroft-speak.mycroftai
2021-10-26 13:16:27.860 | INFO     |  5703 | mycroft.skills.settings:get_local_settings:83 | /opt/mycroft/skills/mycroft-speak.mycroftai/settings.json
2021-10-26 13:16:27.905 | INFO     |  5703 | mycroft.skills.skill_loader:_check_for_first_run:324 | First run of mycroft-speak.mycroftai
2021-10-26 13:16:27.911 | INFO     |  5703 | mycroft.skills.settings:save_settings:116 | Skill settings successfully saved to /home/runner/.config/mycroft/skills/mycroft-speak.mycroftai/settings.json
2021-10-26 13:16:27.913 | INFO     |  5703 | mycroft.skills.skill_loader:_communicate_load_status:344 | Skill mycroft-speak.mycroftai loaded successfully
2021-10-26 13:16:27.914 | INFO     |  5703 | mycroft.skills.skill_loader:load:185 | ATTEMPTING TO LOAD SKILL: mycroft-audio-record.mycroftai
2021-10-26 13:16:27.924 | INFO     |  5703 | mycroft.skills.settings:get_local_settings:83 | /opt/mycroft/skills/mycroft-audio-record.mycroftai/settings.json
2021-10-26 13:16:27.953 | INFO     |  5703 | mycroft.skills.skill_loader:_check_for_first_run:324 | First run of mycroft-audio-record.mycroftai
2021-10-26 13:16:27.955 | INFO     |  5703 | mycroft.skills.settings:save_settings:116 | Skill settings successfully saved to /home/runner/.config/mycroft/skills/mycroft-audio-record.mycroftai/settings.json
2021-10-26 13:16:27.956 | INFO     |  5703 | mycroft.skills.skill_loader:_communicate_load_status:344 | Skill mycroft-audio-record.mycroftai loaded successfully
2021-10-26 13:16:27.957 | INFO     |  5703 | mycroft.skills.skill_loader:load:185 | ATTEMPTING TO LOAD SKILL: mycroft-stop.mycroftai
2021-10-26 13:16:27.970 | INFO     |  5703 | mycroft.skills.settings:get_local_settings:83 | /opt/mycroft/skills/mycroft-stop.mycroftai/settings.json
2021-10-26 13:16:27.997 | INFO     |  5703 | mycroft.skills.skill_loader:_check_for_first_run:324 | First run of mycroft-stop.mycroftai
2021-10-26 13:16:28.001 | INFO     |  5703 | mycroft.skills.settings:save_settings:116 | Skill settings successfully saved to /home/runner/.config/mycroft/skills/mycroft-stop.mycroftai/settings.json
2021-10-26 13:16:28.004 | INFO     |  5703 | mycroft.skills.skill_loader:_communicate_load_status:344 | Skill mycroft-stop.mycroftai loaded successfully
2021-10-26 13:16:28.005 | INFO     |  5703 | mycroft.skills.skill_loader:load:185 | ATTEMPTING TO LOAD SKILL: mycroft-hello-world.mycroftai
2021-10-26 13:16:28.017 | INFO     |  5703 | mycroft.skills.settings:get_local_settings:83 | /opt/mycroft/skills/mycroft-hello-world.mycroftai/settings.json
2021-10-26 13:16:28.054 | INFO     |  5703 | mycroft.skills.skill_loader:_check_for_first_run:324 | First run of mycroft-hello-world.mycroftai
2021-10-26 13:16:28.055 | INFO     |  5703 | mycroft.skills.settings:save_settings:116 | Skill settings successfully saved to /home/runner/.config/mycroft/skills/mycroft-hello-world.mycroftai/settings.json
2021-10-26 13:16:28.060 | INFO     |  5703 | mycroft.skills.skill_loader:_communicate_load_status:344 | Skill mycroft-hello-world.mycroftai loaded successfully
2021-10-26 13:16:28.060 | INFO     |  5703 | mycroft.skills.skill_loader:load:185 | ATTEMPTING TO LOAD SKILL: mycroft-date-time.mycroftai
2021-10-26 13:16:28.702 | INFO     |  5703 | mycroft.skills.settings:get_local_settings:83 | /opt/mycroft/skills/mycroft-date-time.mycroftai/settings.json
2021-10-26 13:16:28.753 | INFO     |  5703 | TimeSkill | Registering resting screen <bound method TimeSkill.handle_idle of <mycroft-date-time_mycroftai.TimeSkill object at 0x7efc6441c5d0>> for Time and Date.
2021-10-26 13:16:28.771 | INFO     |  5703 | TimeSkill | Registering resting screen
2021-10-26 13:16:28.781 | INFO     |  5703 | mycroft.skills.skill_loader:_check_for_first_run:324 | First run of mycroft-date-time.mycroftai
2021-10-26 13:16:28.782 | INFO     |  5703 | mycroft.skills.settings:save_settings:116 | Skill settings successfully saved to /home/runner/.config/mycroft/skills/mycroft-date-time.mycroftai/settings.json
2021-10-26 13:16:28.786 | INFO     |  5703 | mycroft.skills.skill_loader:_communicate_load_status:344 | Skill mycroft-date-time.mycroftai loaded successfully
2021-10-26 13:16:28.786 | INFO     |  5703 | mycroft.skills.skill_loader:load:185 | ATTEMPTING TO LOAD SKILL: mycroft-configuration.mycroftai
2021-10-26 13:16:28.797 | INFO     |  5703 | mycroft.skills.settings:get_local_settings:83 | /opt/mycroft/skills/mycroft-configuration.mycroftai/settings.json
2021-10-26 13:16:28.859 | INFO     |  5703 | mycroft.skills.skill_loader:_check_for_first_run:324 | First run of mycroft-configuration.mycroftai
2021-10-26 13:16:28.860 | INFO     |  5703 | mycroft.skills.settings:save_settings:116 | Skill settings successfully saved to /home/runner/.config/mycroft/skills/mycroft-configuration.mycroftai/settings.json
2021-10-26 13:16:28.864 | INFO     |  5703 | mycroft.skills.skill_loader:_communicate_load_status:344 | Skill mycroft-configuration.mycroftai loaded successfully
2021-10-26 13:16:28.864 | INFO     |  5703 | mycroft.skills.skill_loader:load:185 | ATTEMPTING TO LOAD SKILL: fallback-query.mycroftai
2021-10-26 13:16:28.877 | INFO     |  5703 | mycroft.skills.settings:get_local_settings:83 | /opt/mycroft/skills/fallback-query.mycroftai/settings.json
2021-10-26 13:16:28.900 | INFO     |  5703 | mycroft.skills.skill_loader:_check_for_first_run:324 | First run of fallback-query.mycroftai
2021-10-26 13:16:28.900 | INFO     |  5703 | mycroft.skills.settings:save_settings:116 | Skill settings successfully saved to /home/runner/.config/mycroft/skills/fallback-query.mycroftai/settings.json
2021-10-26 13:16:28.905 | INFO     |  5703 | mycroft.skills.skill_loader:_communicate_load_status:344 | Skill fallback-query.mycroftai loaded successfully
2021-10-26 13:16:28.905 | INFO     |  5703 | mycroft.skills.skill_loader:load:185 | ATTEMPTING TO LOAD SKILL: mycroft-personal.mycroftai
2021-10-26 13:16:28.915 | INFO     |  5703 | mycroft.skills.settings:get_local_settings:83 | /opt/mycroft/skills/mycroft-personal.mycroftai/settings.json
2021-10-26 13:16:28.944 | INFO     |  5703 | mycroft.skills.skill_loader:_check_for_first_run:324 | First run of mycroft-personal.mycroftai
2021-10-26 13:16:28.944 | INFO     |  5703 | mycroft.skills.settings:save_settings:116 | Skill settings successfully saved to /home/runner/.config/mycroft/skills/mycroft-personal.mycroftai/settings.json
2021-10-26 13:16:28.949 | INFO     |  5703 | mycroft.skills.skill_loader:_communicate_load_status:344 | Skill mycroft-personal.mycroftai loaded successfully
2021-10-26 13:16:28.949 | INFO     |  5703 | mycroft.skills.skill_loader:load:185 | ATTEMPTING TO LOAD SKILL: fallback-wolfram-alpha.mycroftai
2021-10-26 13:16:29.033 | INFO     |  5703 | mycroft.skills.settings:get_local_settings:83 | /opt/mycroft/skills/fallback-wolfram-alpha.mycroftai/settings.json
2021-10-26 13:16:29.065 | INFO     |  5703 | mycroft.skills.skill_loader:_check_for_first_run:324 | First run of fallback-wolfram-alpha.mycroftai
2021-10-26 13:16:29.067 | INFO     |  5703 | mycroft.skills.settings:save_settings:116 | Skill settings successfully saved to /home/runner/.config/mycroft/skills/fallback-wolfram-alpha.mycroftai/settings.json
2021-10-26 13:16:29.068 | INFO     |  5703 | mycroft.skills.skill_loader:_communicate_load_status:344 | Skill fallback-wolfram-alpha.mycroftai loaded successfully
2021-10-26 13:16:29.068 | INFO     |  5703 | mycroft.skills.skill_loader:load:185 | ATTEMPTING TO LOAD SKILL: mycroft-wiki.mycroftai
2021-10-26 13:16:29.077 | INFO     |  5703 | mycroft.skills.settings:get_local_settings:83 | /opt/mycroft/skills/mycroft-wiki.mycroftai/settings.json
2021-10-26 13:16:29.090 | INFO     |  5703 | mycroft.skills.skill_loader:_check_for_first_run:324 | First run of mycroft-wiki.mycroftai
2021-10-26 13:16:29.090 | INFO     |  5703 | mycroft.skills.settings:save_settings:116 | Skill settings successfully saved to /home/runner/.config/mycroft/skills/mycroft-wiki.mycroftai/settings.json
2021-10-26 13:16:29.101 | INFO     |  5703 | mycroft.skills.skill_loader:_communicate_load_status:344 | Skill mycroft-wiki.mycroftai loaded successfully
2021-10-26 13:16:29.102 | INFO     |  5703 | mycroft.skills.skill_loader:load:185 | ATTEMPTING TO LOAD SKILL: fallback-unknown.mycroftai
2021-10-26 13:16:29.111 | INFO     |  5703 | mycroft.skills.settings:get_local_settings:83 | /opt/mycroft/skills/fallback-unknown.mycroftai/settings.json
2021-10-26 13:16:29.137 | INFO     |  5703 | mycroft.skills.skill_loader:_check_for_first_run:324 | First run of fallback-unknown.mycroftai
2021-10-26 13:16:29.138 | INFO     |  5703 | mycroft.skills.settings:save_settings:116 | Skill settings successfully saved to /home/runner/.config/mycroft/skills/fallback-unknown.mycroftai/settings.json
2021-10-26 13:16:29.138 | INFO     |  5703 | mycroft.skills.skill_loader:_communicate_load_status:344 | Skill fallback-unknown.mycroftai loaded successfully
2021-10-26 13:16:29.140 | INFO     |  5703 | mycroft.skills.skill_loader:load:185 | ATTEMPTING TO LOAD SKILL: mycroft-playback-control.mycroftai
2021-10-26 13:16:29.146 | INFO     |  5703 | mycroft.skills.settings:get_local_settings:83 | /opt/mycroft/skills/mycroft-playback-control.mycroftai/settings.json
2021-10-26 13:16:29.172 | INFO     |  5703 | mycroft.skills.skill_loader:_check_for_first_run:324 | First run of mycroft-playback-control.mycroftai
2021-10-26 13:16:29.172 | INFO     |  5703 | mycroft.skills.settings:save_settings:116 | Skill settings successfully saved to /home/runner/.config/mycroft/skills/mycroft-playback-control.mycroftai/settings.json
2021-10-26 13:16:29.173 | INFO     |  5703 | mycroft.skills.skill_loader:_communicate_load_status:344 | Skill mycroft-playback-control.mycroftai loaded successfully
2021-10-26 13:16:29.175 | INFO     |  5703 | mycroft.skills.skill_manager:_load_on_startup:275 | Skills all loaded!
2021-10-26 13:16:29.182 | INFO     |  5703 | __main__:on_ready:185 | Skills service is ready.
2021-10-26 13:16:29.428 | INFO     |  5703 | mycroft.skills.intent_services.padatious_service:train:151 | Training... (single_thread=False)
Regenerated mycroft-alarm.mycroftai:{daytype}.
Regenerated mycroft-reminder.mycroftai:ClearReminders.intent.
Regenerated mycroft-installer.mycroftai:install.beta.intent.
Regenerated mycroft-installer.mycroftai:install.intent.
Regenerated mycroft-installer.mycroftai:remove.intent.
Regenerated mycroft-installer.mycroftai:list.skills.intent.
Regenerated mycroft-installer.mycroftai:is.installed.intent.
Regenerated mycroft-installer.mycroftai:install.custom.intent.
Regenerated mycroft-timer.mycroftai:start.timer.intent.
Regenerated mycroft-timer.mycroftai:timer.status.intent.
Regenerated homeassistant.mycroftai:tracker.intent.
Regenerated homeassistant.mycroftai:decrease.light.brightness.intent.
Regenerated homeassistant.mycroftai:cover.close.intent.
Regenerated homeassistant.mycroftai:cover.stop.intent.
Regenerated homeassistant.mycroftai:set.climate.intent.
Regenerated homeassistant.mycroftai:camera.intent.
Regenerated homeassistant.mycroftai:cover.open.intent.
Regenerated mycroft-alarm.mycroftai:snooze.intent.
Regenerated mycroft-alarm.mycroftai:change.alarm.sound.intent.
Regenerated mycroft-npr-news.mycroftai:PlayTheNews.intent.
Regenerated mycroft-support-helper.mycroftai:contact.support.intent.
Regenerated mycroft-weather.mycroftai:do-i-need-an-umbrella.intent.
Regenerated mycroft-audio-record.mycroftai:PlayRecording.intent.
Regenerated mycroft-audio-record.mycroftai:StartRecording.intent.
Regenerated mycroft-stop.mycroftai:wifi.setup.intent.
Regenerated mycroft-personal.mycroftai:WhoAreYou.intent.
Regenerated mycroft-personal.mycroftai:DoYouDream.intent.
Regenerated mycroft-personal.mycroftai:DoYouRhyme.intent.
Regenerated mycroft-wiki.mycroftai:Random.intent.
Regenerated mycroft-reminder.mycroftai:GetRemindersForDay.intent.
Regenerated mycroft-reminder.mycroftai:CancelActiveReminder.intent.
Regenerated mycroft-reminder.mycroftai:Reminder.intent.
Regenerated mycroft-reminder.mycroftai:DeleteReminderForDay.intent.
Regenerated mycroft-reminder.mycroftai:ReminderAt.intent.
Regenerated mycroft-reminder.mycroftai:GetNextReminders.intent.
Regenerated mycroft-reminder.mycroftai:SnoozeReminder.intent.
Regenerated mycroft-reminder.mycroftai:UnspecifiedReminderAt.intent.
Regenerated homeassistant.mycroftai:automation.intent.
Regenerated homeassistant.mycroftai:sensor.intent.
Regenerated homeassistant.mycroftai:set.light.brightness.intent.
Regenerated homeassistant.mycroftai:turn.off.intent.
Regenerated homeassistant.mycroftai:turn.on.intent.
Regenerated homeassistant.mycroftai:toggle.intent.
Regenerated homeassistant.mycroftai:increase.light.brightness.intent.
Regenerated homeassistant.mycroftai:add.item.shopping.list.intent.
Regenerated mycroft-stop.mycroftai:ssh.disable.intent.
Regenerated mycroft-stop.mycroftai:reboot.intent.
Regenerated mycroft-stop.mycroftai:shutdown.intent.
Regenerated mycroft-stop.mycroftai:ssh.enable.intent.
Regenerated mycroft-hello-world.mycroftai:HowAreYou.intent.
Regenerated mycroft-date-time.mycroftai:what.time.will.it.be.intent.
Regenerated mycroft-date-time.mycroftai:date.last.weekend.intent.
Regenerated mycroft-date-time.mycroftai:date.future.weekend.intent.
Regenerated mycroft-date-time.mycroftai:what.time.is.it.intent.
Regenerated mycroft-configuration.mycroftai:DisablePreciseDev.intent.
Regenerated mycroft-configuration.mycroftai:EnablePreciseDev.intent.
Regenerated mycroft-configuration.mycroftai:WhereAreYou.intent.
Regenerated mycroft-personal.mycroftai:WhenWereYouBorn.intent.
Regenerated mycroft-personal.mycroftai:WhoMadeYou.intent.
Regenerated mycroft-personal.mycroftai:WhatAreYou.intent.
Regenerated mycroft-personal.mycroftai:WhereWereYouBorn.intent.
2021-10-26 13:16:32.364 | INFO     |  5703 | mycroft.skills.intent_services.padatious_service:train:153 | Training complete.
2021-10-26 13:16:38.597 | INFO     |  5703 | mycroft.skills.settings:save_settings:116 | Skill settings successfully saved to /home/runner/.config/mycroft/skills/mycroft-pairing.mycroftai/settings.json
2021-10-26 13:16:38.893 | INFO     |  5703 | mycroft.skills.settings:save_settings:116 | Skill settings successfully saved to /home/runner/.config/mycroft/skills/mycroft-timer.mycroftai/settings.json
2021-10-26 13:17:12.031 | INFO     |  5703 | __main__:on_stopping:193 | Skills service is shutting down...
2021-10-26 13:17:12.031 | INFO     |  5703 | __main__:shutdown:284 | Shutting down Skills service
2021-10-26 13:17:12.355 | ERROR    |  5703 | VolumeSkill | Couldn't allocate mixer, ALSAAudioError('No such file or directory [default]')
2021-10-26 13:17:12.356 | INFO     |  5703 | mycroft.skills.settings:save_settings:116 | Skill settings successfully saved to /home/runner/.config/mycroft/skills/mycroft-volume.mycroftai/settings.json
2021-10-26 13:17:12.359 | INFO     |  5703 | mycroft.skills.settings:save_settings:116 | Skill settings successfully saved to /home/runner/.config/mycroft/skills/mycroft-ip.mycroftai/settings.json
2021-10-26 13:17:12.361 | INFO     |  5703 | mycroft.skills.settings:save_settings:116 | Skill settings successfully saved to /home/runner/.config/mycroft/skills/mycroft-reminder.mycroftai/settings.json
2021-10-26 13:17:12.368 | INFO     |  5703 | mycroft.skills.settings:save_settings:116 | Skill settings successfully saved to /home/runner/.config/mycroft/skills/mycroft-installer.mycroftai/settings.json
2021-10-26 13:17:12.370 | INFO     |  5703 | mycroft.skills.settings:save_settings:116 | Skill settings successfully saved to /home/runner/.config/mycroft/skills/mycroft-version-checker.mycroftai/settings.json
2021-10-26 13:17:12.372 | INFO     |  5703 | mycroft.skills.settings:save_settings:116 | Skill settings successfully saved to /home/runner/.config/mycroft/skills/mycroft-singing.mycroftai/settings.json
2021-10-26 13:17:12.373 | INFO     |  5703 | mycroft.skills.settings:save_settings:116 | Skill settings successfully saved to /home/runner/.config/mycroft/skills/mycroft-joke.mycroftai/settings.json
2021-10-26 13:17:12.376 | INFO     |  5703 | HomeAssistantSkill | Removing all handlers...
2021-10-26 13:17:12.382 | WARNING  |  5703 | mycroft.skills.fallback_skill:remove_fallback:185 | Could not find matching fallback handler
2021-10-26 13:17:12.387 | INFO     |  5703 | mycroft.skills.settings:save_settings:116 | Skill settings successfully saved to /home/runner/.config/mycroft/skills/mycroft-alarm.mycroftai/settings.json
2021-10-26 13:17:12.411 | INFO     |  5703 | mycroft.skills.settings:save_settings:116 | Skill settings successfully saved to /home/runner/.config/mycroft/skills/mycroft-naptime.mycroftai/settings.json
2021-10-26 13:17:12.413 | INFO     |  5703 | mycroft.skills.settings:save_settings:116 | Skill settings successfully saved to /home/runner/.config/mycroft/skills/mycroft-spelling.mycroftai/settings.json
2021-10-26 13:17:12.420 | INFO     |  5703 | mycroft.skills.settings:save_settings:116 | Skill settings successfully saved to /home/runner/.config/mycroft/skills/mycroft-fallback-duck-duck-go.mycroftai/settings.json
2021-10-26 13:17:12.423 | INFO     |  5703 | mycroft.skills.settings:save_settings:116 | Skill settings successfully saved to /home/runner/.config/mycroft/skills/mycroft-npr-news.mycroftai/settings.json
2021-10-26 13:17:12.455 | INFO     |  5703 | mycroft.skills.settings:save_settings:116 | Skill settings successfully saved to /home/runner/.config/mycroft/skills/mycroft-support-helper.mycroftai/settings.json
2021-10-26 13:17:12.471 | INFO     |  5703 | mycroft.skills.settings:save_settings:116 | Skill settings successfully saved to /home/runner/.config/mycroft/skills/mycroft-weather.mycroftai/settings.json
2021-10-26 13:17:12.476 | INFO     |  5703 | mycroft.skills.settings:save_settings:116 | Skill settings successfully saved to /home/runner/.config/mycroft/skills/mycroft-speak.mycroftai/settings.json
2021-10-26 13:17:12.479 | INFO     |  5703 | mycroft.skills.settings:save_settings:116 | Skill settings successfully saved to /home/runner/.config/mycroft/skills/mycroft-audio-record.mycroftai/settings.json
2021-10-26 13:17:12.481 | INFO     |  5703 | mycroft.skills.settings:save_settings:116 | Skill settings successfully saved to /home/runner/.config/mycroft/skills/mycroft-stop.mycroftai/settings.json
2021-10-26 13:17:12.483 | INFO     |  5703 | mycroft.skills.settings:save_settings:116 | Skill settings successfully saved to /home/runner/.config/mycroft/skills/mycroft-hello-world.mycroftai/settings.json
2021-10-26 13:17:12.495 | INFO     |  5703 | mycroft.skills.settings:save_settings:116 | Skill settings successfully saved to /home/runner/.config/mycroft/skills/mycroft-date-time.mycroftai/settings.json
2021-10-26 13:17:12.500 | INFO     |  5703 | mycroft.skills.settings:save_settings:116 | Skill settings successfully saved to /home/runner/.config/mycroft/skills/mycroft-configuration.mycroftai/settings.json
2021-10-26 13:17:12.502 | INFO     |  5703 | QuestionsAnswersSkill | Removing all handlers...
2021-10-26 13:17:12.504 | INFO     |  5703 | mycroft.skills.settings:save_settings:116 | Skill settings successfully saved to /home/runner/.config/mycroft/skills/fallback-query.mycroftai/settings.json
2021-10-26 13:17:12.515 | INFO     |  5703 | mycroft.skills.settings:save_settings:116 | Skill settings successfully saved to /home/runner/.config/mycroft/skills/mycroft-personal.mycroftai/settings.json
2021-10-26 13:17:12.530 | INFO     |  5703 | mycroft.skills.settings:save_settings:116 | Skill settings successfully saved to /home/runner/.config/mycroft/skills/fallback-wolfram-alpha.mycroftai/settings.json
2021-10-26 13:17:12.532 | INFO     |  5703 | mycroft.skills.settings:save_settings:116 | Skill settings successfully saved to /home/runner/.config/mycroft/skills/mycroft-wiki.mycroftai/settings.json
2021-10-26 13:17:12.532 | INFO     |  5703 | UnknownSkill | Removing all handlers...
2021-10-26 13:17:12.533 | INFO     |  5703 | mycroft.skills.settings:save_settings:116 | Skill settings successfully saved to /home/runner/.config/mycroft/skills/fallback-unknown.mycroftai/settings.json
2021-10-26 13:17:12.542 | INFO     |  5703 | mycroft.skills.settings:save_settings:116 | Skill settings successfully saved to /home/runner/.config/mycroft/skills/mycroft-playback-control.mycroftai/settings.json
2021-10-26 13:17:13.543 | INFO     |  5703 | Playback Control Skill | Audio service status: {}
2021-10-26 13:17:14.545 | WARNING  |  5703 | mycroft.skills.skill_manager:_shutdown_skill:106 | mycroft-playback-control.mycroftai shutdown took 2.0103000149999843 seconds
2021-10-26 13:17:14.546 | INFO     |  5703 | __main__:shutdown:291 | Skills service shutdown complete!
2021-10-26 13:17:16.234 | ERROR    |  5703 | websocket | error from callback <bound method MessageBusClient.on_message of <mycroft.messagebus.client.client.MessageBusClient object at 0x7efc769f6b90>>: cannot schedule new futures after shutdown
2021-10-26 13:17:16.236 | ERROR    |  5703 | websocket | error from callback <bound method MessageBusClient.on_message of <mycroft.messagebus.client.client.MessageBusClient object at 0x7efc769f6b90>>: cannot schedule new futures after shutdown
2021-10-26 13:17:16.238 | ERROR    |  5703 | websocket | error from callback <bound method MessageBusClient.on_message of <mycroft.messagebus.client.client.MessageBusClient object at 0x7efc769f6b90>>: cannot schedule new futures after shutdown
