2021-10-29 20:13:04.990 | INFO     |  5450 | mycroft.messagebus.load_config:load_message_bus_config:33 | Loading message bus configs
2021-10-29 20:13:04.999 | ERROR    |  5450 | mycroft_bus_client.client.client | === ConnectionRefusedError(111, 'Connection refused') ===
Traceback (most recent call last):
  File "/opt/mycroft-core/.venv/lib/python3.7/site-packages/websocket/_app.py", line 318, in run_forever
    proxy_type=proxy_type)
  File "/opt/mycroft-core/.venv/lib/python3.7/site-packages/websocket/_core.py", line 250, in connect
    options.pop('socket', None))
  File "/opt/mycroft-core/.venv/lib/python3.7/site-packages/websocket/_http.py", line 130, in connect
    sock = _open_socket(addrinfo_list, options.sockopt, options.timeout)
  File "/opt/mycroft-core/.venv/lib/python3.7/site-packages/websocket/_http.py", line 208, in _open_socket
    raise err
  File "/opt/mycroft-core/.venv/lib/python3.7/site-packages/websocket/_http.py", line 185, in _open_socket
    sock.connect(address)
ConnectionRefusedError: [Errno 111] Connection refused
2021-10-29 20:13:04.999 | ERROR    |  5450 | mycroft_bus_client.client.client | Exception closing websocket: ConnectionRefusedError(111, 'Connection refused')
2021-10-29 20:13:04.999 | WARNING  |  5450 | mycroft_bus_client.client.client | Message Bus Client will reconnect in 5.0 seconds.
2021-10-29 20:13:10.005 | INFO     |  5450 | mycroft_bus_client.client.client | Connected
2021-10-29 20:13:10.007 | INFO     |  5450 | mycroft.util.process_utils:start_message_bus_client:155 | Connected to messagebus
2021-10-29 20:13:10.011 | INFO     |  5450 | mycroft.skills.msm_wrapper:create_msm:96 | Acquiring lock to instantiate MSM
2021-10-29 20:13:10.012 | INFO     |  5450 | msm.mycroft_skills_manager | building SkillEntry objects for all skills
2021-10-29 20:13:10.405 | INFO     |  5450 | mycroft.skills.msm_wrapper:create_msm:112 | Releasing MSM instantiation lock.
2021-10-29 20:13:10.406 | INFO     |  5450 | mycroft.skills.skill_updater:_log_next_download_time:267 | Next scheduled skill update: 2021-10-29 20:13:09.406052
2021-10-29 20:13:10.407 | INFO     |  5450 | msm.skill_entry | Downloading skill: https://github.com/mycroftai/skill-pairing
2021-10-29 20:13:10.807 | INFO     |  5450 | msm.skill_entry | Installing system requirements...
2021-10-29 20:13:10.844 | INFO     |  5450 | msm.skill_entry | Successfully installed mycroft-pairing
2021-10-29 20:13:10.844 | INFO     |  5450 | msm.mycroft_skills_manager | invalidating skills cache
2021-10-29 20:13:10.846 | INFO     |  5450 | mycroft.skills.skill_loader:load:185 | ATTEMPTING TO LOAD SKILL: mycroft-pairing.mycroftai
2021-10-29 20:13:10.853 | INFO     |  5450 | mycroft.skills.settings:get_local_settings:83 | /opt/mycroft/skills/mycroft-pairing.mycroftai/settings.json
2021-10-29 20:13:10.893 | INFO     |  5450 | mycroft.skills.skill_loader:_check_for_first_run:324 | First run of mycroft-pairing.mycroftai
2021-10-29 20:13:10.894 | INFO     |  5450 | mycroft.skills.settings:save_settings:116 | Skill settings successfully saved to /home/runner/.config/mycroft/skills/mycroft-pairing.mycroftai/settings.json
2021-10-29 20:13:10.899 | INFO     |  5450 | mycroft.skills.skill_loader:_communicate_load_status:344 | Skill mycroft-pairing.mycroftai loaded successfully
2021-10-29 20:13:10.899 | INFO     |  5450 | msm.skill_entry | Downloading skill: https://github.com/mycroftai/skill-volume
2021-10-29 20:13:11.235 | INFO     |  5450 | msm.skill_entry | Installing system requirements...
2021-10-29 20:13:11.246 | INFO     |  5450 | msm.skill_entry | Installing requirements.txt for mycroft-volume
2021-10-29 20:13:12.153 | INFO     |  5450 | msm.skill_entry | Successfully installed mycroft-volume
2021-10-29 20:13:12.153 | INFO     |  5450 | msm.mycroft_skills_manager | invalidating skills cache
2021-10-29 20:13:12.155 | INFO     |  5450 | mycroft.skills.skill_loader:load:185 | ATTEMPTING TO LOAD SKILL: mycroft-volume.mycroftai
2021-10-29 20:13:12.166 | INFO     |  5450 | mycroft.skills.settings:get_local_settings:83 | /opt/mycroft/skills/mycroft-volume.mycroftai/settings.json
2021-10-29 20:13:12.268 | ERROR    |  5450 | VolumeSkill | Couldn't allocate mixer, ALSAAudioError('No such file or directory [default]')
2021-10-29 20:13:15.322 | INFO     |  5450 | mycroft.skills.skill_loader:_check_for_first_run:324 | First run of mycroft-volume.mycroftai
2021-10-29 20:13:15.323 | INFO     |  5450 | mycroft.skills.settings:save_settings:116 | Skill settings successfully saved to /home/runner/.config/mycroft/skills/mycroft-volume.mycroftai/settings.json
2021-10-29 20:13:15.324 | INFO     |  5450 | mycroft.skills.skill_loader:_communicate_load_status:344 | Skill mycroft-volume.mycroftai loaded successfully
2021-10-29 20:13:15.325 | INFO     |  5450 | __main__:on_started:177 | Skills service is starting up.
2021-10-29 20:13:15.388 | INFO     |  5450 | __main__:_update_system:154 | Attempting system update...
2021-10-29 20:13:18.390 | INFO     |  5450 | mycroft.enclosure.display_manager:_write_data:70 | Display Manager is creating /tmp/mycroft/ipc/managers/disp_info
2021-10-29 20:13:18.391 | INFO     |  5450 | __main__:_ensure_device_is_paired:133 | Device not paired, invoking the pairing skill
2021-10-29 20:13:18.392 | INFO     |  5450 | __main__:on_alive:181 | Skills service is alive.
2021-10-29 20:13:18.400 | INFO     |  5450 | msm.mycroft_skills_manager | building SkillEntry objects for all skills
2021-10-29 20:13:18.630 | INFO     |  5450 | PairingSkill | Communicating account URL to user
2021-10-29 20:13:18.840 | WARNING  |  5450 | msm.mycroft_skills_manager | No such default skill: mycroft-pandora
2021-10-29 20:13:18.841 | INFO     |  5450 | mycroft.skills.skill_manager:run:234 | Not all default skills are installed, performing skill update...
2021-10-29 20:13:18.841 | INFO     |  5450 | mycroft.skills.skill_updater:update_skills:149 | Beginning skill update...
2021-10-29 20:13:18.907 | INFO     |  5450 | msm.mycroft_skills_manager | building SkillEntry objects for all skills
2021-10-29 20:13:19.156 | INFO     |  5450 | msm.mycroft_skills_manager | invalidating skills cache
2021-10-29 20:13:19.187 | INFO     |  5450 | msm.skill_entry | Downloading skill: https://github.com/mycroftai/fallback-wolfram-alpha
2021-10-29 20:13:19.188 | INFO     |  5450 | msm.skill_entry | Downloading skill: https://github.com/mycroftai/skill-alarm
2021-10-29 20:13:19.206 | INFO     |  5450 | msm.skill_entry | Downloading skill: https://github.com/mycroftai/skill-hello-world
2021-10-29 20:13:19.209 | INFO     |  5450 | msm.skill_entry | Downloading skill: https://github.com/mycroftai/skill-configuration
2021-10-29 20:13:19.212 | INFO     |  5450 | msm.skill_entry | Downloading skill: https://github.com/mycroftai/skill-date-time
2021-10-29 20:13:19.216 | INFO     |  5450 | msm.skill_entry | Downloading skill: https://github.com/mycroftai/fallback-duckduckgo
2021-10-29 20:13:19.217 | INFO     |  5450 | msm.skill_entry | Downloading skill: https://github.com/mycroftai/skill-audio-record
2021-10-29 20:13:19.222 | INFO     |  5450 | msm.skill_entry | Downloading skill: https://github.com/mycroftai/fallback-unknown
2021-10-29 20:13:19.224 | INFO     |  5450 | msm.skill_entry | Downloading skill: https://github.com/mycroftai/skill-installer
2021-10-29 20:13:19.236 | INFO     |  5450 | msm.skill_entry | Downloading skill: https://github.com/mycroftai/skill-ip
2021-10-29 20:13:19.248 | INFO     |  5450 | msm.skill_entry | Downloading skill: https://github.com/mycroftai/skill-joke
2021-10-29 20:13:19.254 | INFO     |  5450 | msm.skill_entry | Downloading skill: https://github.com/mycroftai/skill-naptime
2021-10-29 20:13:19.257 | INFO     |  5450 | msm.skill_entry | Downloading skill: https://github.com/mycroftai/skill-npr-news
2021-10-29 20:13:19.266 | INFO     |  5450 | msm.skill_entry | Downloading skill: https://github.com/mycroftai/skill-personal
2021-10-29 20:13:19.271 | INFO     |  5450 | msm.skill_entry | Downloading skill: https://github.com/mycroftai/skill-playback-control
2021-10-29 20:13:19.277 | INFO     |  5450 | msm.skill_entry | Downloading skill: https://github.com/mycroftai/skill-reminder
2021-10-29 20:13:19.287 | INFO     |  5450 | msm.skill_entry | Downloading skill: https://github.com/mycroftai/skill-singing
2021-10-29 20:13:20.542 | INFO     |  5450 | msm.skill_entry | Installing system requirements...
2021-10-29 20:13:20.604 | INFO     |  5450 | msm.skill_entry | Installing system requirements...
2021-10-29 20:13:20.640 | INFO     |  5450 | msm.skill_entry | Installing system requirements...
2021-10-29 20:13:20.673 | INFO     |  5450 | msm.skill_entry | Installing system requirements...
2021-10-29 20:13:20.703 | INFO     |  5450 | msm.skill_entry | Installing system requirements...
2021-10-29 20:13:20.712 | INFO     |  5450 | msm.skill_entry | Installing system requirements...
2021-10-29 20:13:20.736 | INFO     |  5450 | msm.skill_entry | Installing requirements.txt for mycroft-audio-record
2021-10-29 20:13:20.783 | INFO     |  5450 | msm.skill_entry | Installing requirements.txt for mycroft-ip
2021-10-29 20:13:20.787 | ERROR    |  5450 | msm.mycroft_skills_manager | Error running install_or_update on homeassistant.mycroftai: MergeConflict
2021-10-29 20:13:20.791 | INFO     |  5450 | msm.skill_entry | Downloading skill: https://github.com/mycroftai/skill-speak
2021-10-29 20:13:20.798 | INFO     |  5450 | msm.skill_entry | Successfully installed mycroft-naptime
2021-10-29 20:13:20.799 | INFO     |  5450 | msm.mycroft_skills_manager | invalidating skills cache
2021-10-29 20:13:20.801 | INFO     |  5450 | msm.skill_entry | Downloading skill: https://github.com/mycroftai/skill-spelling
2021-10-29 20:13:20.807 | INFO     |  5450 | msm.skill_entry | Installing requirements.txt for mycroft-joke
2021-10-29 20:13:20.812 | INFO     |  5450 | msm.skill_entry | Successfully installed fallback-unknown
2021-10-29 20:13:20.812 | INFO     |  5450 | msm.mycroft_skills_manager | invalidating skills cache
2021-10-29 20:13:20.814 | INFO     |  5450 | msm.skill_entry | Downloading skill: https://github.com/mycroftai/skill-stop
2021-10-29 20:13:20.839 | INFO     |  5450 | msm.skill_entry | Installing requirements.txt for mycroft-fallback-duck-duck-go
2021-10-29 20:13:20.926 | INFO     |  5450 | msm.skill_entry | Installing system requirements...
2021-10-29 20:13:20.930 | INFO     |  5450 | msm.skill_entry | Installing system requirements...
2021-10-29 20:13:20.932 | INFO     |  5450 | msm.skill_entry | Installing system requirements...
2021-10-29 20:13:20.990 | INFO     |  5450 | msm.skill_entry | Installing system requirements...
2021-10-29 20:13:21.012 | INFO     |  5450 | msm.skill_entry | Installing system requirements...
2021-10-29 20:13:21.138 | INFO     |  5450 | msm.skill_entry | Installing requirements.txt for fallback-wolfram-alpha
2021-10-29 20:13:21.141 | INFO     |  5450 | msm.skill_entry | Installing requirements.txt for mycroft-installer
2021-10-29 20:13:21.143 | INFO     |  5450 | msm.skill_entry | Successfully installed mycroft-personal
2021-10-29 20:13:21.143 | INFO     |  5450 | msm.mycroft_skills_manager | invalidating skills cache
2021-10-29 20:13:21.144 | INFO     |  5450 | msm.skill_entry | Downloading skill: https://github.com/mycroftai/skill-support
2021-10-29 20:13:21.161 | INFO     |  5450 | msm.skill_entry | Successfully installed mycroft-playback-control
2021-10-29 20:13:21.161 | INFO     |  5450 | msm.mycroft_skills_manager | invalidating skills cache
2021-10-29 20:13:21.164 | INFO     |  5450 | msm.skill_entry | Downloading skill: https://github.com/mycroftai/mycroft-timer
2021-10-29 20:13:21.215 | INFO     |  5450 | msm.skill_entry | Successfully installed mycroft-hello-world
2021-10-29 20:13:21.215 | INFO     |  5450 | msm.mycroft_skills_manager | invalidating skills cache
2021-10-29 20:13:21.217 | INFO     |  5450 | msm.skill_entry | Downloading skill: https://github.com/mycroftai/skill-weather
2021-10-29 20:13:21.219 | INFO     |  5450 | msm.skill_entry | Installing system requirements...
2021-10-29 20:13:21.264 | INFO     |  5450 | msm.skill_entry | Installing system requirements...
2021-10-29 20:13:21.284 | INFO     |  5450 | msm.skill_entry | Installing system requirements...
2021-10-29 20:13:21.316 | INFO     |  5450 | msm.skill_entry | Nothing new for mycroft-pairing
2021-10-29 20:13:21.354 | INFO     |  5450 | msm.skill_entry | Installing requirements.txt for mycroft-npr-news
2021-10-29 20:13:21.355 | INFO     |  5450 | msm.skill_entry | Nothing new for mycroft-volume
2021-10-29 20:13:21.363 | INFO     |  5450 | msm.skill_entry | Installing system requirements...
2021-10-29 20:13:21.391 | INFO     |  5450 | msm.skill_entry | Successfully installed mycroft-reminder
2021-10-29 20:13:21.391 | INFO     |  5450 | msm.mycroft_skills_manager | invalidating skills cache
2021-10-29 20:13:21.392 | INFO     |  5450 | msm.skill_entry | Downloading skill: https://github.com/mycroftai/skill-version-checker
2021-10-29 20:13:21.409 | INFO     |  5450 | msm.skill_entry | Installing requirements.txt for mycroft-configuration
2021-10-29 20:13:21.416 | INFO     |  5450 | msm.skill_entry | Installing system requirements...
2021-10-29 20:13:21.492 | INFO     |  5450 | msm.skill_entry | Downloading skill: https://github.com/mycroftai/skill-wiki
2021-10-29 20:13:21.535 | INFO     |  5450 | msm.skill_entry | Installing system requirements...
2021-10-29 20:13:21.556 | INFO     |  5450 | msm.skill_entry | Installing requirements.txt for mycroft-volume
2021-10-29 20:13:21.644 | INFO     |  5450 | msm.skill_entry | Installing requirements.txt for mycroft-date-time
2021-10-29 20:13:21.779 | INFO     |  5450 | msm.skill_entry | Installing system requirements...
2021-10-29 20:13:21.876 | INFO     |  5450 | msm.skill_entry | Successfully installed mycroft-speak
2021-10-29 20:13:21.877 | INFO     |  5450 | msm.mycroft_skills_manager | invalidating skills cache
2021-10-29 20:13:21.880 | INFO     |  5450 | msm.skill_entry | Downloading skill: https://github.com/MycroftAI/skill-query
2021-10-29 20:13:21.943 | INFO     |  5450 | msm.skill_entry | Installing system requirements...
2021-10-29 20:13:22.009 | INFO     |  5450 | msm.skill_entry | Installing system requirements...
2021-10-29 20:13:22.039 | INFO     |  5450 | msm.skill_entry | Successfully installed mycroft-spelling
2021-10-29 20:13:22.039 | INFO     |  5450 | msm.mycroft_skills_manager | invalidating skills cache
2021-10-29 20:13:22.111 | INFO     |  5450 | msm.skill_entry | Installing system requirements...
2021-10-29 20:13:22.126 | INFO     |  5450 | msm.skill_entry | Successfully installed mycroft-stop
2021-10-29 20:13:22.127 | INFO     |  5450 | msm.mycroft_skills_manager | invalidating skills cache
2021-10-29 20:13:22.191 | INFO     |  5450 | msm.skill_entry | Installing system requirements...
2021-10-29 20:13:22.230 | INFO     |  5450 | msm.skill_entry | Installing requirements.txt for mycroft-support-helper
2021-10-29 20:13:22.316 | INFO     |  5450 | msm.skill_entry | Installing requirements.txt for mycroft-alarm
2021-10-29 20:13:22.352 | INFO     |  5450 | msm.skill_entry | Installing system requirements...
2021-10-29 20:13:22.435 | INFO     |  5450 | msm.skill_entry | Installing system requirements...
2021-10-29 20:13:22.440 | INFO     |  5450 | msm.skill_entry | Successfully installed mycroft-version-checker
2021-10-29 20:13:22.441 | INFO     |  5450 | msm.mycroft_skills_manager | invalidating skills cache
2021-10-29 20:13:22.500 | INFO     |  5450 | msm.skill_entry | Installing requirements.txt for mycroft-wiki
2021-10-29 20:13:22.625 | INFO     |  5450 | msm.skill_entry | Installing system requirements...
2021-10-29 20:13:22.676 | INFO     |  5450 | msm.skill_entry | Successfully installed mycroft-timer
2021-10-29 20:13:22.676 | INFO     |  5450 | msm.mycroft_skills_manager | invalidating skills cache
2021-10-29 20:13:22.717 | ERROR    |  5450 | msm.mycroft_skills_manager | Error running install_or_update on homeassistant: MergeConflict
2021-10-29 20:13:22.738 | INFO     |  5450 | msm.skill_entry | Installing system requirements...
2021-10-29 20:13:22.777 | INFO     |  5450 | msm.skill_entry | Successfully installed fallback-query
2021-10-29 20:13:22.777 | INFO     |  5450 | msm.mycroft_skills_manager | invalidating skills cache
2021-10-29 20:13:22.858 | INFO     |  5450 | msm.skill_entry | Installing system requirements...
2021-10-29 20:13:22.887 | INFO     |  5450 | msm.skill_entry | Installing requirements.txt for mycroft-weather
2021-10-29 20:13:23.593 | INFO     |  5450 | msm.skill_entry | Successfully installed mycroft-audio-record
2021-10-29 20:13:23.594 | INFO     |  5450 | msm.mycroft_skills_manager | invalidating skills cache
2021-10-29 20:13:23.625 | INFO     |  5450 | msm.skill_entry | Installing system requirements...
2021-10-29 20:13:23.636 | INFO     |  5450 | msm.skill_entry | Successfully installed mycroft-singing
2021-10-29 20:13:23.636 | INFO     |  5450 | msm.mycroft_skills_manager | invalidating skills cache
2021-10-29 20:13:24.547 | INFO     |  5450 | msm.skill_entry | Successfully installed mycroft-ip
2021-10-29 20:13:24.548 | INFO     |  5450 | msm.mycroft_skills_manager | invalidating skills cache
2021-10-29 20:13:25.666 | INFO     |  5450 | msm.skill_entry | Successfully installed mycroft-joke
2021-10-29 20:13:25.666 | INFO     |  5450 | msm.mycroft_skills_manager | invalidating skills cache
2021-10-29 20:13:26.801 | INFO     |  5450 | msm.skill_entry | Successfully installed mycroft-fallback-duck-duck-go
2021-10-29 20:13:26.801 | INFO     |  5450 | msm.mycroft_skills_manager | invalidating skills cache
2021-10-29 20:13:30.720 | INFO     |  5450 | msm.skill_entry | Successfully installed fallback-wolfram-alpha
2021-10-29 20:13:30.720 | INFO     |  5450 | msm.mycroft_skills_manager | invalidating skills cache
2021-10-29 20:13:31.746 | INFO     |  5450 | msm.skill_entry | Successfully installed mycroft-installer
2021-10-29 20:13:31.746 | INFO     |  5450 | msm.mycroft_skills_manager | invalidating skills cache
2021-10-29 20:13:34.954 | INFO     |  5450 | msm.skill_entry | Successfully installed mycroft-npr-news
2021-10-29 20:13:34.955 | INFO     |  5450 | msm.mycroft_skills_manager | invalidating skills cache
2021-10-29 20:13:37.522 | INFO     |  5450 | msm.skill_entry | Successfully installed mycroft-configuration
2021-10-29 20:13:37.523 | INFO     |  5450 | msm.mycroft_skills_manager | invalidating skills cache
2021-10-29 20:13:48.966 | INFO     |  5450 | PairingSkill | Initiating device pairing sequence...
2021-10-29 20:13:48.966 | INFO     |  5450 | PairingSkill | Retrieving pairing code from device API...
2021-10-29 20:13:49.161 | INFO     |  5450 | PairingSkill | Pairing code obtained: 9YLFAJ
2021-10-29 20:13:49.161 | INFO     |  5450 | PairingSkill | Communicating pairing URL to user
2021-10-29 20:13:54.830 | INFO     |  5450 | msm.skill_entry | Successfully installed mycroft-date-time
2021-10-29 20:13:54.832 | INFO     |  5450 | msm.mycroft_skills_manager | invalidating skills cache
2021-10-29 20:13:57.013 | INFO     |  5450 | msm.skill_entry | Successfully installed mycroft-support-helper
2021-10-29 20:13:57.013 | INFO     |  5450 | msm.mycroft_skills_manager | invalidating skills cache
2021-10-29 20:13:58.049 | INFO     |  5450 | msm.skill_entry | Successfully installed mycroft-alarm
2021-10-29 20:13:58.049 | INFO     |  5450 | msm.mycroft_skills_manager | invalidating skills cache
2021-10-29 20:14:00.557 | INFO     |  5450 | msm.skill_entry | Successfully installed mycroft-wiki
2021-10-29 20:14:00.558 | INFO     |  5450 | msm.mycroft_skills_manager | invalidating skills cache
2021-10-29 20:14:01.573 | INFO     |  5450 | msm.skill_entry | Successfully installed mycroft-weather
2021-10-29 20:14:01.574 | INFO     |  5450 | msm.mycroft_skills_manager | invalidating skills cache
2021-10-29 20:14:01.587 | INFO     |  5450 | mycroft.skills.skill_updater:_log_next_download_time:267 | Next scheduled skill update: 2021-10-29 21:14:01.586897
2021-10-29 20:14:01.587 | INFO     |  5450 | mycroft.skills.skill_updater:update_skills:170 | Skill update complete
2021-10-29 20:14:01.588 | INFO     |  5450 | mycroft.skills.skill_manager:_load_on_startup:273 | Loading installed skills...
2021-10-29 20:14:01.589 | INFO     |  5450 | mycroft.skills.skill_loader:load:185 | ATTEMPTING TO LOAD SKILL: mycroft-ip.mycroftai
2021-10-29 20:14:01.624 | INFO     |  5450 | mycroft.skills.settings:get_local_settings:83 | /opt/mycroft/skills/mycroft-ip.mycroftai/settings.json
2021-10-29 20:14:01.646 | INFO     |  5450 | mycroft.skills.skill_loader:_check_for_first_run:324 | First run of mycroft-ip.mycroftai
2021-10-29 20:14:01.647 | INFO     |  5450 | mycroft.skills.settings:save_settings:116 | Skill settings successfully saved to /home/runner/.config/mycroft/skills/mycroft-ip.mycroftai/settings.json
2021-10-29 20:14:01.648 | INFO     |  5450 | mycroft.skills.skill_loader:_communicate_load_status:344 | Skill mycroft-ip.mycroftai loaded successfully
2021-10-29 20:14:01.648 | INFO     |  5450 | mycroft.skills.skill_loader:load:185 | ATTEMPTING TO LOAD SKILL: mycroft-reminder.mycroftai
2021-10-29 20:14:01.676 | INFO     |  5450 | mycroft.skills.settings:get_local_settings:83 | /opt/mycroft/skills/mycroft-reminder.mycroftai/settings.json
2021-10-29 20:14:01.701 | INFO     |  5450 | mycroft.skills.skill_loader:_check_for_first_run:324 | First run of mycroft-reminder.mycroftai
2021-10-29 20:14:01.703 | INFO     |  5450 | mycroft.skills.settings:save_settings:116 | Skill settings successfully saved to /home/runner/.config/mycroft/skills/mycroft-reminder.mycroftai/settings.json
2021-10-29 20:14:01.703 | INFO     |  5450 | mycroft.skills.skill_loader:_communicate_load_status:344 | Skill mycroft-reminder.mycroftai loaded successfully
2021-10-29 20:14:01.704 | INFO     |  5450 | mycroft.skills.skill_loader:load:185 | ATTEMPTING TO LOAD SKILL: mycroft-installer.mycroftai
2021-10-29 20:14:01.711 | INFO     |  5450 | mycroft.skills.settings:get_local_settings:83 | /opt/mycroft/skills/mycroft-installer.mycroftai/settings.json
2021-10-29 20:14:01.730 | INFO     |  5450 | mycroft.skills.skill_loader:_check_for_first_run:324 | First run of mycroft-installer.mycroftai
2021-10-29 20:14:01.731 | INFO     |  5450 | mycroft.skills.settings:save_settings:116 | Skill settings successfully saved to /home/runner/.config/mycroft/skills/mycroft-installer.mycroftai/settings.json
2021-10-29 20:14:01.733 | INFO     |  5450 | mycroft.skills.skill_loader:_communicate_load_status:344 | Skill mycroft-installer.mycroftai loaded successfully
2021-10-29 20:14:01.734 | INFO     |  5450 | mycroft.skills.skill_loader:load:185 | ATTEMPTING TO LOAD SKILL: mycroft-version-checker.mycroftai
2021-10-29 20:14:01.756 | INFO     |  5450 | mycroft.skills.settings:get_local_settings:83 | /opt/mycroft/skills/mycroft-version-checker.mycroftai/settings.json
2021-10-29 20:14:01.784 | INFO     |  5450 | mycroft.skills.skill_loader:_check_for_first_run:324 | First run of mycroft-version-checker.mycroftai
2021-10-29 20:14:01.785 | INFO     |  5450 | mycroft.skills.settings:save_settings:116 | Skill settings successfully saved to /home/runner/.config/mycroft/skills/mycroft-version-checker.mycroftai/settings.json
2021-10-29 20:14:01.787 | INFO     |  5450 | mycroft.skills.skill_loader:_communicate_load_status:344 | Skill mycroft-version-checker.mycroftai loaded successfully
2021-10-29 20:14:01.789 | INFO     |  5450 | mycroft.skills.skill_loader:load:185 | ATTEMPTING TO LOAD SKILL: mycroft-singing.mycroftai
2021-10-29 20:14:01.799 | INFO     |  5450 | mycroft.skills.settings:get_local_settings:83 | /opt/mycroft/skills/mycroft-singing.mycroftai/settings.json
2021-10-29 20:14:01.814 | INFO     |  5450 | mycroft.skills.skill_loader:_check_for_first_run:324 | First run of mycroft-singing.mycroftai
2021-10-29 20:14:01.815 | INFO     |  5450 | mycroft.skills.settings:save_settings:116 | Skill settings successfully saved to /home/runner/.config/mycroft/skills/mycroft-singing.mycroftai/settings.json
2021-10-29 20:14:01.816 | INFO     |  5450 | mycroft.skills.skill_loader:_communicate_load_status:344 | Skill mycroft-singing.mycroftai loaded successfully
2021-10-29 20:14:01.816 | INFO     |  5450 | mycroft.skills.skill_loader:load:185 | ATTEMPTING TO LOAD SKILL: mycroft-joke.mycroftai
2021-10-29 20:14:01.848 | INFO     |  5450 | mycroft.skills.settings:get_local_settings:83 | /opt/mycroft/skills/mycroft-joke.mycroftai/settings.json
2021-10-29 20:14:01.863 | INFO     |  5450 | mycroft.skills.skill_loader:_check_for_first_run:324 | First run of mycroft-joke.mycroftai
2021-10-29 20:14:01.864 | INFO     |  5450 | mycroft.skills.settings:save_settings:116 | Skill settings successfully saved to /home/runner/.config/mycroft/skills/mycroft-joke.mycroftai/settings.json
2021-10-29 20:14:01.865 | INFO     |  5450 | mycroft.skills.skill_loader:_communicate_load_status:344 | Skill mycroft-joke.mycroftai loaded successfully
2021-10-29 20:14:01.866 | INFO     |  5450 | mycroft.skills.skill_loader:load:185 | ATTEMPTING TO LOAD SKILL: mycroft-timer.mycroftai
2021-10-29 20:14:01.886 | INFO     |  5450 | mycroft.skills.settings:get_local_settings:83 | /opt/mycroft/skills/mycroft-timer.mycroftai/settings.json
2021-10-29 20:14:01.977 | INFO     |  5450 | mycroft.skills.skill_loader:_check_for_first_run:324 | First run of mycroft-timer.mycroftai
2021-10-29 20:14:01.988 | INFO     |  5450 | mycroft.skills.settings:save_settings:116 | Skill settings successfully saved to /home/runner/.config/mycroft/skills/mycroft-timer.mycroftai/settings.json
2021-10-29 20:14:01.993 | INFO     |  5450 | mycroft.skills.skill_loader:_communicate_load_status:344 | Skill mycroft-timer.mycroftai loaded successfully
2021-10-29 20:14:01.996 | INFO     |  5450 | mycroft.skills.skill_loader:load:185 | ATTEMPTING TO LOAD SKILL: homeassistant.mycroftai
2021-10-29 20:14:02.802 | INFO     |  5450 | mycroft.skills.settings:get_local_settings:83 | /opt/mycroft/skills/homeassistant.mycroftai/settings.json
2021-10-29 20:14:02.807 | INFO     |  5450 | mycroft.skills.settings:get_local_settings:83 | /opt/mycroft/skills/homeassistant.mycroftai/settings.json
2021-10-29 20:14:03.003 | INFO     |  5450 | mycroft.skills.skill_loader:_communicate_load_status:344 | Skill homeassistant.mycroftai loaded successfully
2021-10-29 20:14:03.006 | INFO     |  5450 | mycroft.skills.skill_loader:load:185 | ATTEMPTING TO LOAD SKILL: mycroft-alarm.mycroftai
2021-10-29 20:14:03.129 | INFO     |  5450 | mycroft.skills.settings:get_local_settings:83 | /opt/mycroft/skills/mycroft-alarm.mycroftai/settings.json
2021-10-29 20:14:03.137 | ERROR    |  5450 | AlarmSkill | Couldn't allocate mixer, ALSAAudioError('No such file or directory [default]')
2021-10-29 20:14:03.322 | INFO     |  5450 | mycroft.skills.skill_loader:_check_for_first_run:324 | First run of mycroft-alarm.mycroftai
2021-10-29 20:14:03.331 | INFO     |  5450 | mycroft.skills.settings:save_settings:116 | Skill settings successfully saved to /home/runner/.config/mycroft/skills/mycroft-alarm.mycroftai/settings.json
2021-10-29 20:14:03.339 | INFO     |  5450 | mycroft.skills.skill_loader:_communicate_load_status:344 | Skill mycroft-alarm.mycroftai loaded successfully
2021-10-29 20:14:03.339 | INFO     |  5450 | mycroft.skills.skill_loader:load:185 | ATTEMPTING TO LOAD SKILL: mycroft-naptime.mycroftai
2021-10-29 20:14:03.362 | INFO     |  5450 | mycroft.skills.settings:get_local_settings:83 | /opt/mycroft/skills/mycroft-naptime.mycroftai/settings.json
2021-10-29 20:14:03.425 | INFO     |  5450 | mycroft.skills.skill_loader:_check_for_first_run:324 | First run of mycroft-naptime.mycroftai
2021-10-29 20:14:03.427 | INFO     |  5450 | mycroft.skills.settings:save_settings:116 | Skill settings successfully saved to /home/runner/.config/mycroft/skills/mycroft-naptime.mycroftai/settings.json
2021-10-29 20:14:03.431 | INFO     |  5450 | mycroft.skills.skill_loader:_communicate_load_status:344 | Skill mycroft-naptime.mycroftai loaded successfully
2021-10-29 20:14:03.437 | INFO     |  5450 | mycroft.skills.skill_loader:load:185 | ATTEMPTING TO LOAD SKILL: mycroft-spelling.mycroftai
2021-10-29 20:14:03.467 | INFO     |  5450 | mycroft.skills.settings:get_local_settings:83 | /opt/mycroft/skills/mycroft-spelling.mycroftai/settings.json
2021-10-29 20:14:03.547 | INFO     |  5450 | mycroft.skills.skill_loader:_check_for_first_run:324 | First run of mycroft-spelling.mycroftai
2021-10-29 20:14:03.551 | INFO     |  5450 | mycroft.skills.settings:save_settings:116 | Skill settings successfully saved to /home/runner/.config/mycroft/skills/mycroft-spelling.mycroftai/settings.json
2021-10-29 20:14:03.559 | INFO     |  5450 | mycroft.skills.skill_loader:_communicate_load_status:344 | Skill mycroft-spelling.mycroftai loaded successfully
2021-10-29 20:14:03.559 | INFO     |  5450 | mycroft.skills.skill_loader:load:185 | ATTEMPTING TO LOAD SKILL: mycroft-fallback-duck-duck-go.mycroftai
2021-10-29 20:14:03.656 | INFO     |  5450 | mycroft.skills.settings:get_local_settings:83 | /opt/mycroft/skills/mycroft-fallback-duck-duck-go.mycroftai/settings.json
2021-10-29 20:14:03.740 | INFO     |  5450 | mycroft.skills.skill_loader:_check_for_first_run:324 | First run of mycroft-fallback-duck-duck-go.mycroftai
2021-10-29 20:14:03.740 | INFO     |  5450 | mycroft.skills.settings:save_settings:116 | Skill settings successfully saved to /home/runner/.config/mycroft/skills/mycroft-fallback-duck-duck-go.mycroftai/settings.json
2021-10-29 20:14:03.749 | INFO     |  5450 | mycroft.skills.skill_loader:_communicate_load_status:344 | Skill mycroft-fallback-duck-duck-go.mycroftai loaded successfully
2021-10-29 20:14:03.757 | INFO     |  5450 | mycroft.skills.skill_loader:load:185 | ATTEMPTING TO LOAD SKILL: mycroft-npr-news.mycroftai
2021-10-29 20:14:04.202 | INFO     |  5450 | mycroft.skills.settings:get_local_settings:83 | /opt/mycroft/skills/mycroft-npr-news.mycroftai/settings.json
2021-10-29 20:14:05.285 | INFO     |  5450 | mycroft.skills.skill_loader:_check_for_first_run:324 | First run of mycroft-npr-news.mycroftai
2021-10-29 20:14:05.286 | INFO     |  5450 | mycroft.skills.settings:save_settings:116 | Skill settings successfully saved to /home/runner/.config/mycroft/skills/mycroft-npr-news.mycroftai/settings.json
2021-10-29 20:14:05.286 | INFO     |  5450 | mycroft.skills.skill_loader:_communicate_load_status:344 | Skill mycroft-npr-news.mycroftai loaded successfully
2021-10-29 20:14:05.287 | INFO     |  5450 | mycroft.skills.skill_loader:load:185 | ATTEMPTING TO LOAD SKILL: mycroft-support-helper.mycroftai
2021-10-29 20:14:05.299 | INFO     |  5450 | mycroft.skills.settings:get_local_settings:83 | /opt/mycroft/skills/mycroft-support-helper.mycroftai/settings.json
2021-10-29 20:14:05.316 | INFO     |  5450 | mycroft.skills.skill_loader:_check_for_first_run:324 | First run of mycroft-support-helper.mycroftai
2021-10-29 20:14:05.316 | INFO     |  5450 | mycroft.skills.settings:save_settings:116 | Skill settings successfully saved to /home/runner/.config/mycroft/skills/mycroft-support-helper.mycroftai/settings.json
2021-10-29 20:14:05.326 | INFO     |  5450 | mycroft.skills.skill_loader:_communicate_load_status:344 | Skill mycroft-support-helper.mycroftai loaded successfully
2021-10-29 20:14:05.327 | INFO     |  5450 | mycroft.skills.skill_loader:load:185 | ATTEMPTING TO LOAD SKILL: mycroft-weather.mycroftai
2021-10-29 20:14:05.357 | INFO     |  5450 | mycroft.skills.settings:get_local_settings:83 | /opt/mycroft/skills/mycroft-weather.mycroftai/settings.json
2021-10-29 20:14:05.510 | INFO     |  5450 | mycroft.skills.skill_loader:_check_for_first_run:324 | First run of mycroft-weather.mycroftai
2021-10-29 20:14:05.521 | INFO     |  5450 | mycroft.skills.settings:save_settings:116 | Skill settings successfully saved to /home/runner/.config/mycroft/skills/mycroft-weather.mycroftai/settings.json
2021-10-29 20:14:05.524 | INFO     |  5450 | mycroft.skills.skill_loader:_communicate_load_status:344 | Skill mycroft-weather.mycroftai loaded successfully
2021-10-29 20:14:05.525 | INFO     |  5450 | mycroft.skills.skill_loader:load:185 | ATTEMPTING TO LOAD SKILL: mycroft-speak.mycroftai
2021-10-29 20:14:05.540 | INFO     |  5450 | mycroft.skills.settings:get_local_settings:83 | /opt/mycroft/skills/mycroft-speak.mycroftai/settings.json
2021-10-29 20:14:05.570 | INFO     |  5450 | mycroft.skills.skill_loader:_check_for_first_run:324 | First run of mycroft-speak.mycroftai
2021-10-29 20:14:05.585 | INFO     |  5450 | mycroft.skills.settings:save_settings:116 | Skill settings successfully saved to /home/runner/.config/mycroft/skills/mycroft-speak.mycroftai/settings.json
2021-10-29 20:14:05.587 | INFO     |  5450 | mycroft.skills.skill_loader:_communicate_load_status:344 | Skill mycroft-speak.mycroftai loaded successfully
2021-10-29 20:14:05.588 | INFO     |  5450 | mycroft.skills.skill_loader:load:185 | ATTEMPTING TO LOAD SKILL: mycroft-audio-record.mycroftai
2021-10-29 20:14:05.604 | INFO     |  5450 | mycroft.skills.settings:get_local_settings:83 | /opt/mycroft/skills/mycroft-audio-record.mycroftai/settings.json
2021-10-29 20:14:05.642 | INFO     |  5450 | mycroft.skills.skill_loader:_check_for_first_run:324 | First run of mycroft-audio-record.mycroftai
2021-10-29 20:14:05.644 | INFO     |  5450 | mycroft.skills.settings:save_settings:116 | Skill settings successfully saved to /home/runner/.config/mycroft/skills/mycroft-audio-record.mycroftai/settings.json
2021-10-29 20:14:05.647 | INFO     |  5450 | mycroft.skills.skill_loader:_communicate_load_status:344 | Skill mycroft-audio-record.mycroftai loaded successfully
2021-10-29 20:14:05.647 | INFO     |  5450 | mycroft.skills.skill_loader:load:185 | ATTEMPTING TO LOAD SKILL: mycroft-stop.mycroftai
2021-10-29 20:14:05.666 | INFO     |  5450 | mycroft.skills.settings:get_local_settings:83 | /opt/mycroft/skills/mycroft-stop.mycroftai/settings.json
2021-10-29 20:14:05.694 | INFO     |  5450 | mycroft.skills.skill_loader:_check_for_first_run:324 | First run of mycroft-stop.mycroftai
2021-10-29 20:14:05.695 | INFO     |  5450 | mycroft.skills.settings:save_settings:116 | Skill settings successfully saved to /home/runner/.config/mycroft/skills/mycroft-stop.mycroftai/settings.json
2021-10-29 20:14:05.705 | INFO     |  5450 | mycroft.skills.skill_loader:_communicate_load_status:344 | Skill mycroft-stop.mycroftai loaded successfully
2021-10-29 20:14:05.705 | INFO     |  5450 | mycroft.skills.skill_loader:load:185 | ATTEMPTING TO LOAD SKILL: mycroft-hello-world.mycroftai
2021-10-29 20:14:05.713 | INFO     |  5450 | mycroft.skills.settings:get_local_settings:83 | /opt/mycroft/skills/mycroft-hello-world.mycroftai/settings.json
2021-10-29 20:14:05.745 | INFO     |  5450 | mycroft.skills.skill_loader:_check_for_first_run:324 | First run of mycroft-hello-world.mycroftai
2021-10-29 20:14:05.745 | INFO     |  5450 | mycroft.skills.settings:save_settings:116 | Skill settings successfully saved to /home/runner/.config/mycroft/skills/mycroft-hello-world.mycroftai/settings.json
2021-10-29 20:14:05.758 | INFO     |  5450 | mycroft.skills.skill_loader:_communicate_load_status:344 | Skill mycroft-hello-world.mycroftai loaded successfully
2021-10-29 20:14:05.759 | INFO     |  5450 | mycroft.skills.skill_loader:load:185 | ATTEMPTING TO LOAD SKILL: mycroft-date-time.mycroftai
2021-10-29 20:14:06.448 | INFO     |  5450 | mycroft.skills.settings:get_local_settings:83 | /opt/mycroft/skills/mycroft-date-time.mycroftai/settings.json
2021-10-29 20:14:06.464 | INFO     |  5450 | TimeSkill | Registering resting screen <bound method TimeSkill.handle_idle of <mycroft-date-time_mycroftai.TimeSkill object at 0x7f3fd4404e90>> for Time and Date.
2021-10-29 20:14:06.465 | INFO     |  5450 | TimeSkill | Registering resting screen
2021-10-29 20:14:06.476 | INFO     |  5450 | mycroft.skills.skill_loader:_check_for_first_run:324 | First run of mycroft-date-time.mycroftai
2021-10-29 20:14:06.477 | INFO     |  5450 | mycroft.skills.settings:save_settings:116 | Skill settings successfully saved to /home/runner/.config/mycroft/skills/mycroft-date-time.mycroftai/settings.json
2021-10-29 20:14:06.477 | INFO     |  5450 | mycroft.skills.skill_loader:_communicate_load_status:344 | Skill mycroft-date-time.mycroftai loaded successfully
2021-10-29 20:14:06.478 | INFO     |  5450 | mycroft.skills.skill_loader:load:185 | ATTEMPTING TO LOAD SKILL: mycroft-configuration.mycroftai
2021-10-29 20:14:06.486 | INFO     |  5450 | mycroft.skills.settings:get_local_settings:83 | /opt/mycroft/skills/mycroft-configuration.mycroftai/settings.json
2021-10-29 20:14:06.513 | INFO     |  5450 | mycroft.skills.skill_loader:_check_for_first_run:324 | First run of mycroft-configuration.mycroftai
2021-10-29 20:14:06.514 | INFO     |  5450 | mycroft.skills.settings:save_settings:116 | Skill settings successfully saved to /home/runner/.config/mycroft/skills/mycroft-configuration.mycroftai/settings.json
2021-10-29 20:14:06.514 | INFO     |  5450 | mycroft.skills.skill_loader:_communicate_load_status:344 | Skill mycroft-configuration.mycroftai loaded successfully
2021-10-29 20:14:06.515 | INFO     |  5450 | mycroft.skills.skill_loader:load:185 | ATTEMPTING TO LOAD SKILL: fallback-query.mycroftai
2021-10-29 20:14:06.526 | INFO     |  5450 | mycroft.skills.settings:get_local_settings:83 | /opt/mycroft/skills/fallback-query.mycroftai/settings.json
2021-10-29 20:14:06.538 | INFO     |  5450 | mycroft.skills.skill_loader:_check_for_first_run:324 | First run of fallback-query.mycroftai
2021-10-29 20:14:06.539 | INFO     |  5450 | mycroft.skills.settings:save_settings:116 | Skill settings successfully saved to /home/runner/.config/mycroft/skills/fallback-query.mycroftai/settings.json
2021-10-29 20:14:06.539 | INFO     |  5450 | mycroft.skills.skill_loader:_communicate_load_status:344 | Skill fallback-query.mycroftai loaded successfully
2021-10-29 20:14:06.540 | INFO     |  5450 | mycroft.skills.skill_loader:load:185 | ATTEMPTING TO LOAD SKILL: mycroft-personal.mycroftai
2021-10-29 20:14:06.543 | INFO     |  5450 | mycroft.skills.settings:get_local_settings:83 | /opt/mycroft/skills/mycroft-personal.mycroftai/settings.json
2021-10-29 20:14:06.558 | INFO     |  5450 | mycroft.skills.skill_loader:_check_for_first_run:324 | First run of mycroft-personal.mycroftai
2021-10-29 20:14:06.559 | INFO     |  5450 | mycroft.skills.settings:save_settings:116 | Skill settings successfully saved to /home/runner/.config/mycroft/skills/mycroft-personal.mycroftai/settings.json
2021-10-29 20:14:06.561 | INFO     |  5450 | mycroft.skills.skill_loader:_communicate_load_status:344 | Skill mycroft-personal.mycroftai loaded successfully
2021-10-29 20:14:06.563 | INFO     |  5450 | mycroft.skills.skill_loader:load:185 | ATTEMPTING TO LOAD SKILL: fallback-wolfram-alpha.mycroftai
2021-10-29 20:14:06.616 | INFO     |  5450 | mycroft.skills.settings:get_local_settings:83 | /opt/mycroft/skills/fallback-wolfram-alpha.mycroftai/settings.json
2021-10-29 20:14:06.636 | INFO     |  5450 | mycroft.skills.skill_loader:_check_for_first_run:324 | First run of fallback-wolfram-alpha.mycroftai
2021-10-29 20:14:06.637 | INFO     |  5450 | mycroft.skills.settings:save_settings:116 | Skill settings successfully saved to /home/runner/.config/mycroft/skills/fallback-wolfram-alpha.mycroftai/settings.json
2021-10-29 20:14:06.638 | INFO     |  5450 | mycroft.skills.skill_loader:_communicate_load_status:344 | Skill fallback-wolfram-alpha.mycroftai loaded successfully
2021-10-29 20:14:06.638 | INFO     |  5450 | mycroft.skills.skill_loader:load:185 | ATTEMPTING TO LOAD SKILL: mycroft-wiki.mycroftai
2021-10-29 20:14:06.646 | INFO     |  5450 | mycroft.skills.settings:get_local_settings:83 | /opt/mycroft/skills/mycroft-wiki.mycroftai/settings.json
2021-10-29 20:14:06.662 | INFO     |  5450 | mycroft.skills.skill_loader:_check_for_first_run:324 | First run of mycroft-wiki.mycroftai
2021-10-29 20:14:06.665 | INFO     |  5450 | mycroft.skills.settings:save_settings:116 | Skill settings successfully saved to /home/runner/.config/mycroft/skills/mycroft-wiki.mycroftai/settings.json
2021-10-29 20:14:06.667 | INFO     |  5450 | mycroft.skills.skill_loader:_communicate_load_status:344 | Skill mycroft-wiki.mycroftai loaded successfully
2021-10-29 20:14:06.669 | INFO     |  5450 | mycroft.skills.skill_loader:load:185 | ATTEMPTING TO LOAD SKILL: fallback-unknown.mycroftai
2021-10-29 20:14:06.676 | INFO     |  5450 | mycroft.skills.settings:get_local_settings:83 | /opt/mycroft/skills/fallback-unknown.mycroftai/settings.json
2021-10-29 20:14:06.691 | INFO     |  5450 | mycroft.skills.skill_loader:_check_for_first_run:324 | First run of fallback-unknown.mycroftai
2021-10-29 20:14:06.692 | INFO     |  5450 | mycroft.skills.settings:save_settings:116 | Skill settings successfully saved to /home/runner/.config/mycroft/skills/fallback-unknown.mycroftai/settings.json
2021-10-29 20:14:06.693 | INFO     |  5450 | mycroft.skills.skill_loader:_communicate_load_status:344 | Skill fallback-unknown.mycroftai loaded successfully
2021-10-29 20:14:06.693 | INFO     |  5450 | mycroft.skills.skill_loader:load:185 | ATTEMPTING TO LOAD SKILL: mycroft-playback-control.mycroftai
2021-10-29 20:14:06.704 | INFO     |  5450 | mycroft.skills.settings:get_local_settings:83 | /opt/mycroft/skills/mycroft-playback-control.mycroftai/settings.json
2021-10-29 20:14:06.743 | INFO     |  5450 | mycroft.skills.skill_loader:_check_for_first_run:324 | First run of mycroft-playback-control.mycroftai
2021-10-29 20:14:06.743 | INFO     |  5450 | mycroft.skills.settings:save_settings:116 | Skill settings successfully saved to /home/runner/.config/mycroft/skills/mycroft-playback-control.mycroftai/settings.json
2021-10-29 20:14:06.744 | INFO     |  5450 | mycroft.skills.skill_loader:_communicate_load_status:344 | Skill mycroft-playback-control.mycroftai loaded successfully
2021-10-29 20:14:06.744 | INFO     |  5450 | mycroft.skills.skill_manager:_load_on_startup:275 | Skills all loaded!
2021-10-29 20:14:06.756 | INFO     |  5450 | __main__:on_ready:185 | Skills service is ready.
2021-10-29 20:14:06.980 | INFO     |  5450 | mycroft.skills.intent_services.padatious_service:train:151 | Training... (single_thread=False)
Regenerated mycroft-alarm.mycroftai:{daytype}.
Regenerated mycroft-reminder.mycroftai:Reminder.intent.
Regenerated mycroft-reminder.mycroftai:ClearReminders.intent.
Regenerated mycroft-reminder.mycroftai:SnoozeReminder.intent.
Regenerated mycroft-reminder.mycroftai:CancelActiveReminder.intent.
Regenerated mycroft-reminder.mycroftai:ReminderAt.intent.
Regenerated mycroft-reminder.mycroftai:GetNextReminders.intent.
Regenerated mycroft-reminder.mycroftai:UnspecifiedReminderAt.intent.
Regenerated mycroft-reminder.mycroftai:GetRemindersForDay.intent.
Regenerated homeassistant.mycroftai:turn.on.intent.
Regenerated homeassistant.mycroftai:turn.off.intent.
Regenerated homeassistant.mycroftai:automation.intent.
Regenerated homeassistant.mycroftai:set.climate.intent.
Regenerated homeassistant.mycroftai:add.item.shopping.list.intent.
Regenerated homeassistant.mycroftai:cover.open.intent.
Regenerated homeassistant.mycroftai:increase.light.brightness.intent.
Regenerated mycroft-alarm.mycroftai:change.alarm.sound.intent.
Regenerated mycroft-alarm.mycroftai:snooze.intent.
Regenerated mycroft-npr-news.mycroftai:PlayTheNews.intent.
Regenerated mycroft-support-helper.mycroftai:contact.support.intent.
Regenerated mycroft-weather.mycroftai:do-i-need-an-umbrella.intent.
Regenerated mycroft-audio-record.mycroftai:PlayRecording.intent.
Regenerated mycroft-audio-record.mycroftai:StartRecording.intent.
Regenerated mycroft-stop.mycroftai:ssh.enable.intent.
Regenerated mycroft-stop.mycroftai:reboot.intent.
Regenerated mycroft-stop.mycroftai:wifi.setup.intent.
Regenerated mycroft-stop.mycroftai:ssh.disable.intent.
Regenerated mycroft-stop.mycroftai:shutdown.intent.
Regenerated mycroft-hello-world.mycroftai:HowAreYou.intent.
Regenerated mycroft-date-time.mycroftai:date.last.weekend.intent.
Regenerated mycroft-date-time.mycroftai:what.time.is.it.intent.
Regenerated mycroft-date-time.mycroftai:what.time.will.it.be.intent.
Regenerated mycroft-date-time.mycroftai:date.future.weekend.intent.
Regenerated mycroft-configuration.mycroftai:EnablePreciseDev.intent.
Regenerated mycroft-configuration.mycroftai:DisablePreciseDev.intent.
Regenerated mycroft-configuration.mycroftai:WhereAreYou.intent.
Regenerated mycroft-personal.mycroftai:WhenWereYouBorn.intent.
Regenerated mycroft-personal.mycroftai:WhereWereYouBorn.intent.
Regenerated mycroft-personal.mycroftai:WhoAreYou.intent.
Regenerated mycroft-personal.mycroftai:DoYouRhyme.intent.
Regenerated mycroft-personal.mycroftai:WhoMadeYou.intent.
Regenerated mycroft-personal.mycroftai:WhatAreYou.intent.
Regenerated mycroft-personal.mycroftai:DoYouDream.intent.
Regenerated mycroft-wiki.mycroftai:Random.intent.
Regenerated mycroft-reminder.mycroftai:DeleteReminderForDay.intent.
Regenerated mycroft-installer.mycroftai:install.intent.
Regenerated mycroft-installer.mycroftai:is.installed.intent.
Regenerated mycroft-installer.mycroftai:list.skills.intent.
Regenerated mycroft-installer.mycroftai:install.custom.intent.
Regenerated mycroft-installer.mycroftai:install.beta.intent.
Regenerated mycroft-installer.mycroftai:remove.intent.
Regenerated mycroft-timer.mycroftai:start.timer.intent.
Regenerated mycroft-timer.mycroftai:timer.status.intent.
Regenerated homeassistant.mycroftai:cover.close.intent.
Regenerated homeassistant.mycroftai:toggle.intent.
Regenerated homeassistant.mycroftai:set.light.brightness.intent.
Regenerated homeassistant.mycroftai:sensor.intent.
Regenerated homeassistant.mycroftai:cover.stop.intent.
Regenerated homeassistant.mycroftai:tracker.intent.
Regenerated homeassistant.mycroftai:decrease.light.brightness.intent.
2021-10-29 20:14:09.771 | INFO     |  5450 | mycroft.skills.intent_services.padatious_service:train:153 | Training complete.
2021-10-29 20:14:19.687 | INFO     |  5450 | mycroft.skills.settings:save_settings:116 | Skill settings successfully saved to /home/runner/.config/mycroft/skills/mycroft-pairing.mycroftai/settings.json
2021-10-29 20:14:19.962 | INFO     |  5450 | mycroft.skills.settings:save_settings:116 | Skill settings successfully saved to /home/runner/.config/mycroft/skills/mycroft-timer.mycroftai/settings.json
2021-10-29 20:14:42.184 | INFO     |  5450 | __main__:on_stopping:193 | Skills service is shutting down...
2021-10-29 20:14:42.185 | INFO     |  5450 | __main__:shutdown:284 | Shutting down Skills service
2021-10-29 20:14:42.350 | ERROR    |  5450 | VolumeSkill | Couldn't allocate mixer, ALSAAudioError('No such file or directory [default]')
2021-10-29 20:14:42.351 | INFO     |  5450 | mycroft.skills.settings:save_settings:116 | Skill settings successfully saved to /home/runner/.config/mycroft/skills/mycroft-volume.mycroftai/settings.json
2021-10-29 20:14:42.354 | INFO     |  5450 | mycroft.skills.settings:save_settings:116 | Skill settings successfully saved to /home/runner/.config/mycroft/skills/mycroft-ip.mycroftai/settings.json
2021-10-29 20:14:42.371 | INFO     |  5450 | mycroft.skills.settings:save_settings:116 | Skill settings successfully saved to /home/runner/.config/mycroft/skills/mycroft-reminder.mycroftai/settings.json
2021-10-29 20:14:42.380 | INFO     |  5450 | mycroft.skills.settings:save_settings:116 | Skill settings successfully saved to /home/runner/.config/mycroft/skills/mycroft-installer.mycroftai/settings.json
2021-10-29 20:14:42.382 | INFO     |  5450 | mycroft.skills.settings:save_settings:116 | Skill settings successfully saved to /home/runner/.config/mycroft/skills/mycroft-version-checker.mycroftai/settings.json
2021-10-29 20:14:42.396 | INFO     |  5450 | mycroft.skills.settings:save_settings:116 | Skill settings successfully saved to /home/runner/.config/mycroft/skills/mycroft-singing.mycroftai/settings.json
2021-10-29 20:14:42.404 | INFO     |  5450 | mycroft.skills.settings:save_settings:116 | Skill settings successfully saved to /home/runner/.config/mycroft/skills/mycroft-joke.mycroftai/settings.json
2021-10-29 20:14:42.407 | INFO     |  5450 | HomeAssistantSkill | Removing all handlers...
2021-10-29 20:14:42.408 | WARNING  |  5450 | mycroft.skills.fallback_skill:remove_fallback:185 | Could not find matching fallback handler
2021-10-29 20:14:42.410 | INFO     |  5450 | mycroft.skills.settings:save_settings:116 | Skill settings successfully saved to /home/runner/.config/mycroft/skills/mycroft-alarm.mycroftai/settings.json
2021-10-29 20:14:42.417 | INFO     |  5450 | mycroft.skills.settings:save_settings:116 | Skill settings successfully saved to /home/runner/.config/mycroft/skills/mycroft-naptime.mycroftai/settings.json
2021-10-29 20:14:42.428 | INFO     |  5450 | mycroft.skills.settings:save_settings:116 | Skill settings successfully saved to /home/runner/.config/mycroft/skills/mycroft-spelling.mycroftai/settings.json
2021-10-29 20:14:42.429 | INFO     |  5450 | mycroft.skills.settings:save_settings:116 | Skill settings successfully saved to /home/runner/.config/mycroft/skills/mycroft-fallback-duck-duck-go.mycroftai/settings.json
2021-10-29 20:14:42.432 | INFO     |  5450 | mycroft.skills.settings:save_settings:116 | Skill settings successfully saved to /home/runner/.config/mycroft/skills/mycroft-npr-news.mycroftai/settings.json
2021-10-29 20:14:42.434 | INFO     |  5450 | mycroft.skills.settings:save_settings:116 | Skill settings successfully saved to /home/runner/.config/mycroft/skills/mycroft-support-helper.mycroftai/settings.json
2021-10-29 20:14:42.451 | INFO     |  5450 | mycroft.skills.settings:save_settings:116 | Skill settings successfully saved to /home/runner/.config/mycroft/skills/mycroft-weather.mycroftai/settings.json
2021-10-29 20:14:42.471 | INFO     |  5450 | mycroft.skills.settings:save_settings:116 | Skill settings successfully saved to /home/runner/.config/mycroft/skills/mycroft-speak.mycroftai/settings.json
2021-10-29 20:14:42.479 | INFO     |  5450 | mycroft.skills.settings:save_settings:116 | Skill settings successfully saved to /home/runner/.config/mycroft/skills/mycroft-audio-record.mycroftai/settings.json
2021-10-29 20:14:42.480 | INFO     |  5450 | mycroft.skills.settings:save_settings:116 | Skill settings successfully saved to /home/runner/.config/mycroft/skills/mycroft-stop.mycroftai/settings.json
2021-10-29 20:14:42.480 | INFO     |  5450 | mycroft.skills.settings:save_settings:116 | Skill settings successfully saved to /home/runner/.config/mycroft/skills/mycroft-hello-world.mycroftai/settings.json
2021-10-29 20:14:42.481 | INFO     |  5450 | mycroft.skills.settings:save_settings:116 | Skill settings successfully saved to /home/runner/.config/mycroft/skills/mycroft-date-time.mycroftai/settings.json
2021-10-29 20:14:42.483 | INFO     |  5450 | mycroft.skills.settings:save_settings:116 | Skill settings successfully saved to /home/runner/.config/mycroft/skills/mycroft-configuration.mycroftai/settings.json
2021-10-29 20:14:42.484 | INFO     |  5450 | QuestionsAnswersSkill | Removing all handlers...
2021-10-29 20:14:42.485 | INFO     |  5450 | mycroft.skills.settings:save_settings:116 | Skill settings successfully saved to /home/runner/.config/mycroft/skills/fallback-query.mycroftai/settings.json
2021-10-29 20:14:42.486 | INFO     |  5450 | mycroft.skills.settings:save_settings:116 | Skill settings successfully saved to /home/runner/.config/mycroft/skills/mycroft-personal.mycroftai/settings.json
2021-10-29 20:14:42.486 | INFO     |  5450 | mycroft.skills.settings:save_settings:116 | Skill settings successfully saved to /home/runner/.config/mycroft/skills/fallback-wolfram-alpha.mycroftai/settings.json
2021-10-29 20:14:42.487 | INFO     |  5450 | mycroft.skills.settings:save_settings:116 | Skill settings successfully saved to /home/runner/.config/mycroft/skills/mycroft-wiki.mycroftai/settings.json
2021-10-29 20:14:42.488 | INFO     |  5450 | UnknownSkill | Removing all handlers...
2021-10-29 20:14:42.488 | INFO     |  5450 | mycroft.skills.settings:save_settings:116 | Skill settings successfully saved to /home/runner/.config/mycroft/skills/fallback-unknown.mycroftai/settings.json
2021-10-29 20:14:42.489 | INFO     |  5450 | mycroft.skills.settings:save_settings:116 | Skill settings successfully saved to /home/runner/.config/mycroft/skills/mycroft-playback-control.mycroftai/settings.json
2021-10-29 20:14:43.490 | INFO     |  5450 | Playback Control Skill | Audio service status: {}
2021-10-29 20:14:44.492 | WARNING  |  5450 | mycroft.skills.skill_manager:_shutdown_skill:106 | mycroft-playback-control.mycroftai shutdown took 2.002162589999955 seconds
2021-10-29 20:14:44.492 | INFO     |  5450 | __main__:shutdown:291 | Skills service shutdown complete!
2021-10-29 20:14:45.993 | ERROR    |  5450 | websocket | error from callback <bound method MessageBusClient.on_message of <mycroft.messagebus.client.client.MessageBusClient object at 0x7f3fdfad4fd0>>: cannot schedule new futures after shutdown
2021-10-29 20:14:45.993 | ERROR    |  5450 | mycroft_bus_client.client.client | === RuntimeError('cannot schedule new futures after shutdown') ===
Traceback (most recent call last):
  File "/opt/mycroft-core/.venv/lib/python3.7/site-packages/mycroft_bus_client/client/client.py", line 154, in on_error
    self.emitter.emit('error', error)
  File "/opt/mycroft-core/.venv/lib/python3.7/site-packages/pyee/_base.py", line 116, in emit
    self._emit_handle_potential_error(event, args[0] if args else None)
  File "/opt/mycroft-core/.venv/lib/python3.7/site-packages/pyee/_base.py", line 86, in _emit_handle_potential_error
    raise error
  File "/opt/mycroft-core/.venv/lib/python3.7/site-packages/websocket/_app.py", line 318, in run_forever
    proxy_type=proxy_type)
  File "/opt/mycroft-core/.venv/lib/python3.7/site-packages/websocket/_core.py", line 250, in connect
    options.pop('socket', None))
  File "/opt/mycroft-core/.venv/lib/python3.7/site-packages/websocket/_http.py", line 130, in connect
    sock = _open_socket(addrinfo_list, options.sockopt, options.timeout)
  File "/opt/mycroft-core/.venv/lib/python3.7/site-packages/websocket/_http.py", line 208, in _open_socket
    raise err
  File "/opt/mycroft-core/.venv/lib/python3.7/site-packages/websocket/_http.py", line 185, in _open_socket
    sock.connect(address)
ConnectionRefusedError: [Errno 111] Connection refused

During handling of the above exception, another exception occurred:

Traceback (most recent call last):
  File "/opt/mycroft-core/.venv/lib/python3.7/site-packages/websocket/_app.py", line 407, in _callback
    callback(self, *args)
  File "/opt/mycroft-core/.venv/lib/python3.7/site-packages/mycroft_bus_client/client/client.py", line 182, in on_message
    self.emitter.emit('message', message)
  File "/opt/mycroft-core/.venv/lib/python3.7/site-packages/pyee/_base.py", line 113, in emit
    handled = self._call_handlers(event, args, kwargs)
  File "/opt/mycroft-core/.venv/lib/python3.7/site-packages/pyee/_base.py", line 96, in _call_handlers
    self._emit_run(f, args, kwargs)
  File "/opt/mycroft-core/.venv/lib/python3.7/site-packages/pyee/_executor.py", line 50, in _emit_run
    future = self._executor.submit(f, *args, **kwargs)
  File "/opt/hostedtoolcache/Python/3.7.12/x64/lib/python3.7/concurrent/futures/thread.py", line 163, in submit
    raise RuntimeError('cannot schedule new futures after shutdown')
RuntimeError: cannot schedule new futures after shutdown
2021-10-29 20:14:45.994 | ERROR    |  5450 | mycroft_bus_client.client.client | Exception closing websocket: RuntimeError('cannot schedule new futures after shutdown')
2021-10-29 20:14:45.995 | WARNING  |  5450 | mycroft_bus_client.client.client | Message Bus Client will reconnect in 5.0 seconds.
