2021-11-06 00:01:47.189 | INFO     |  5950 | __main__:create_enclosure:55 | Creating generic enclosure, platform='None'
2021-11-06 00:01:47.194 | INFO     |  5950 | mycroft.messagebus.load_config:load_message_bus_config:33 | Loading message bus configs
2021-11-06 00:01:47.196 | INFO     |  5950 | mycroft.client.enclosure.base:create_gui_service:473 | Starting message bus for GUI...
2021-11-06 00:01:47.200 | INFO     |  5950 | mycroft.client.enclosure.base:create_gui_service:483 | GUI Message bus started!
2021-11-06 00:01:47.201 | INFO     |  5950 | mycroft.enclosure.display_manager:init_display_manager_bus_connection:152 | Connecting display manager to messagebus
2021-11-06 00:01:47.201 | INFO     |  5950 | mycroft.messagebus.load_config:load_message_bus_config:33 | Loading message bus configs
2021-11-06 00:01:47.204 | INFO     |  5950 | mycroft_bus_client.client.client | Connected
2021-11-06 00:01:47.390 | INFO     |  5950 | mycroft_bus_client.client.client | Connected
2021-11-06 00:01:47.396 | INFO     |  5950 | mycroft.util.process_utils:start_message_bus_client:155 | Connected to messagebus
2021-11-06 00:01:47.397 | INFO     |  5950 | __main__:on_ready:26 | Enclosure started!
2021-11-06 00:03:27.996 | INFO     |  5950 | __main__:on_stopping:30 | Enclosure is shutting down...
2021-11-06 00:03:32.378 | ERROR    |  5950 | websocket | error from callback <bound method MessageBusClient.on_message of <mycroft.messagebus.client.client.MessageBusClient object at 0x7fc8f110f510>>: cannot schedule new futures after shutdown
2021-11-06 00:03:32.378 | ERROR    |  5950 | mycroft_bus_client.client.client | === RuntimeError('cannot schedule new futures after shutdown') ===
Traceback (most recent call last):
  File "/opt/mycroft-core/.venv/lib/python3.7/site-packages/websocket/_app.py", line 407, in _callback
    callback(self, *args)
  File "/opt/mycroft-core/.venv/lib/python3.7/site-packages/mycroft_bus_client/client/client.py", line 182, in on_message
    self.emitter.emit('message', message)
  File "/opt/mycroft-core/.venv/lib/python3.7/site-packages/pyee/_base.py", line 113, in emit
    handled = self._call_handlers(event, args, kwargs)
  File "/opt/mycroft-core/.venv/lib/python3.7/site-packages/pyee/_base.py", line 96, in _call_handlers
    self._emit_run(f, args, kwargs)
  File "/opt/mycroft-core/.venv/lib/python3.7/site-packages/pyee/_executor.py", line 50, in _emit_run
    future = self._executor.submit(f, *args, **kwargs)
  File "/opt/hostedtoolcache/Python/3.7.12/x64/lib/python3.7/concurrent/futures/thread.py", line 163, in submit
    raise RuntimeError('cannot schedule new futures after shutdown')
RuntimeError: cannot schedule new futures after shutdown
2021-11-06 00:03:32.379 | ERROR    |  5950 | mycroft_bus_client.client.client | Exception closing websocket: RuntimeError('cannot schedule new futures after shutdown')
2021-11-06 00:03:32.379 | WARNING  |  5950 | mycroft_bus_client.client.client | Message Bus Client will reconnect in 5.0 seconds.
