2021-10-29 07:28:01.453 | INFO     |  5352 | mycroft.messagebus.load_config:load_message_bus_config:33 | Loading message bus configs
2021-10-29 07:28:01.462 | INFO     |  5352 | mycroft_bus_client.client.client | Connected
2021-10-29 07:28:01.468 | INFO     |  5352 | mycroft.util.process_utils:start_message_bus_client:155 | Connected to messagebus
2021-10-29 07:28:01.478 | INFO     |  5352 | mycroft.skills.msm_wrapper:create_msm:96 | Acquiring lock to instantiate MSM
2021-10-29 07:28:03.936 | INFO     |  5352 | msm.mycroft_skills_manager | building SkillEntry objects for all skills
2021-10-29 07:28:04.467 | INFO     |  5352 | mycroft.skills.msm_wrapper:create_msm:112 | Releasing MSM instantiation lock.
2021-10-29 07:28:04.468 | INFO     |  5352 | mycroft.skills.skill_updater:_log_next_download_time:267 | Next scheduled skill update: 2021-10-29 07:28:03.467624
2021-10-29 07:28:04.468 | INFO     |  5352 | msm.skill_entry | Downloading skill: https://github.com/mycroftai/skill-pairing
2021-10-29 07:28:05.084 | INFO     |  5352 | msm.skill_entry | Installing system requirements...
2021-10-29 07:28:05.095 | INFO     |  5352 | msm.skill_entry | Successfully installed mycroft-pairing
2021-10-29 07:28:05.096 | INFO     |  5352 | msm.mycroft_skills_manager | invalidating skills cache
2021-10-29 07:28:05.097 | INFO     |  5352 | mycroft.skills.skill_loader:load:185 | ATTEMPTING TO LOAD SKILL: mycroft-pairing.mycroftai
2021-10-29 07:28:05.105 | INFO     |  5352 | mycroft.skills.settings:get_local_settings:83 | /opt/mycroft/skills/mycroft-pairing.mycroftai/settings.json
2021-10-29 07:28:05.128 | INFO     |  5352 | mycroft.skills.skill_loader:_check_for_first_run:324 | First run of mycroft-pairing.mycroftai
2021-10-29 07:28:05.136 | INFO     |  5352 | mycroft.skills.settings:save_settings:116 | Skill settings successfully saved to /home/runner/.config/mycroft/skills/mycroft-pairing.mycroftai/settings.json
2021-10-29 07:28:05.137 | INFO     |  5352 | mycroft.skills.skill_loader:_communicate_load_status:344 | Skill mycroft-pairing.mycroftai loaded successfully
2021-10-29 07:28:05.140 | INFO     |  5352 | msm.skill_entry | Downloading skill: https://github.com/mycroftai/skill-volume
2021-10-29 07:28:05.700 | INFO     |  5352 | msm.skill_entry | Installing system requirements...
2021-10-29 07:28:05.711 | INFO     |  5352 | msm.skill_entry | Installing requirements.txt for mycroft-volume
2021-10-29 07:28:06.899 | INFO     |  5352 | msm.skill_entry | Successfully installed mycroft-volume
2021-10-29 07:28:06.899 | INFO     |  5352 | msm.mycroft_skills_manager | invalidating skills cache
2021-10-29 07:28:06.900 | INFO     |  5352 | mycroft.skills.skill_loader:load:185 | ATTEMPTING TO LOAD SKILL: mycroft-volume.mycroftai
2021-10-29 07:28:06.909 | INFO     |  5352 | mycroft.skills.settings:get_local_settings:83 | /opt/mycroft/skills/mycroft-volume.mycroftai/settings.json
2021-10-29 07:28:07.002 | ERROR    |  5352 | VolumeSkill | Couldn't allocate mixer, ALSAAudioError('No such file or directory [default]')
2021-10-29 07:28:10.004 | INFO     |  5352 | mycroft.skills.skill_loader:_check_for_first_run:324 | First run of mycroft-volume.mycroftai
2021-10-29 07:28:10.005 | INFO     |  5352 | mycroft.skills.settings:save_settings:116 | Skill settings successfully saved to /home/runner/.config/mycroft/skills/mycroft-volume.mycroftai/settings.json
2021-10-29 07:28:10.006 | INFO     |  5352 | mycroft.skills.skill_loader:_communicate_load_status:344 | Skill mycroft-volume.mycroftai loaded successfully
2021-10-29 07:28:10.006 | INFO     |  5352 | __main__:on_started:177 | Skills service is starting up.
2021-10-29 07:28:10.081 | INFO     |  5352 | __main__:_update_system:154 | Attempting system update...
2021-10-29 07:28:13.085 | INFO     |  5352 | mycroft.enclosure.display_manager:_write_data:70 | Display Manager is creating /tmp/mycroft/ipc/managers/disp_info
2021-10-29 07:28:13.085 | INFO     |  5352 | __main__:_ensure_device_is_paired:133 | Device not paired, invoking the pairing skill
2021-10-29 07:28:13.091 | INFO     |  5352 | __main__:on_alive:181 | Skills service is alive.
2021-10-29 07:28:13.091 | INFO     |  5352 | msm.mycroft_skills_manager | building SkillEntry objects for all skills
2021-10-29 07:28:13.499 | INFO     |  5352 | PairingSkill | Communicating account URL to user
2021-10-29 07:28:13.720 | WARNING  |  5352 | msm.mycroft_skills_manager | No such default skill: mycroft-pandora
2021-10-29 07:28:13.722 | INFO     |  5352 | mycroft.skills.skill_manager:run:234 | Not all default skills are installed, performing skill update...
2021-10-29 07:28:13.723 | INFO     |  5352 | mycroft.skills.skill_updater:update_skills:149 | Beginning skill update...
2021-10-29 07:28:13.805 | INFO     |  5352 | msm.mycroft_skills_manager | building SkillEntry objects for all skills
2021-10-29 07:28:14.494 | INFO     |  5352 | msm.mycroft_skills_manager | invalidating skills cache
2021-10-29 07:28:15.214 | INFO     |  5352 | msm.skill_entry | Downloading skill: https://github.com/mycroftai/fallback-wolfram-alpha
2021-10-29 07:28:15.215 | INFO     |  5352 | msm.skill_entry | Downloading skill: https://github.com/mycroftai/skill-configuration
2021-10-29 07:28:15.223 | INFO     |  5352 | msm.skill_entry | Downloading skill: https://github.com/mycroftai/fallback-unknown
2021-10-29 07:28:15.239 | INFO     |  5352 | msm.skill_entry | Downloading skill: https://github.com/mycroftai/fallback-duckduckgo
2021-10-29 07:28:15.249 | INFO     |  5352 | msm.skill_entry | Downloading skill: https://github.com/mycroftai/skill-date-time
2021-10-29 07:28:15.252 | INFO     |  5352 | msm.skill_entry | Downloading skill: https://github.com/mycroftai/skill-alarm
2021-10-29 07:28:15.265 | INFO     |  5352 | msm.skill_entry | Downloading skill: https://github.com/mycroftai/skill-installer
2021-10-29 07:28:15.276 | INFO     |  5352 | msm.skill_entry | Downloading skill: https://github.com/mycroftai/skill-audio-record
2021-10-29 07:28:15.281 | INFO     |  5352 | msm.skill_entry | Downloading skill: https://github.com/mycroftai/skill-ip
2021-10-29 07:28:15.284 | INFO     |  5352 | msm.skill_entry | Downloading skill: https://github.com/mycroftai/skill-joke
2021-10-29 07:28:15.320 | INFO     |  5352 | msm.skill_entry | Downloading skill: https://github.com/mycroftai/skill-naptime
2021-10-29 07:28:15.325 | INFO     |  5352 | msm.skill_entry | Downloading skill: https://github.com/mycroftai/skill-npr-news
2021-10-29 07:28:15.333 | INFO     |  5352 | msm.skill_entry | Downloading skill: https://github.com/mycroftai/skill-hello-world
2021-10-29 07:28:15.344 | INFO     |  5352 | msm.skill_entry | Downloading skill: https://github.com/mycroftai/skill-personal
2021-10-29 07:28:15.349 | INFO     |  5352 | msm.skill_entry | Downloading skill: https://github.com/mycroftai/skill-playback-control
2021-10-29 07:28:15.359 | INFO     |  5352 | msm.skill_entry | Downloading skill: https://github.com/mycroftai/skill-reminder
2021-10-29 07:28:15.369 | INFO     |  5352 | msm.skill_entry | Downloading skill: https://github.com/mycroftai/skill-singing
2021-10-29 07:28:17.063 | INFO     |  5352 | msm.skill_entry | Installing system requirements...
2021-10-29 07:28:17.182 | INFO     |  5352 | msm.skill_entry | Installing system requirements...
2021-10-29 07:28:17.227 | INFO     |  5352 | msm.skill_entry | Installing system requirements...
2021-10-29 07:28:17.328 | INFO     |  5352 | msm.skill_entry | Installing system requirements...
2021-10-29 07:28:17.341 | INFO     |  5352 | msm.skill_entry | Installing requirements.txt for mycroft-joke
2021-10-29 07:28:17.352 | INFO     |  5352 | msm.skill_entry | Installing system requirements...
2021-10-29 07:28:17.416 | INFO     |  5352 | msm.skill_entry | Installing system requirements...
2021-10-29 07:28:17.499 | INFO     |  5352 | msm.skill_entry | Installing requirements.txt for mycroft-fallback-duck-duck-go
2021-10-29 07:28:17.500 | INFO     |  5352 | msm.skill_entry | Installing requirements.txt for mycroft-audio-record
2021-10-29 07:28:17.500 | INFO     |  5352 | msm.skill_entry | Successfully installed fallback-unknown
2021-10-29 07:28:17.563 | INFO     |  5352 | msm.mycroft_skills_manager | invalidating skills cache
2021-10-29 07:28:17.565 | INFO     |  5352 | msm.skill_entry | Downloading skill: https://github.com/mycroftai/skill-speak
2021-10-29 07:28:17.501 | INFO     |  5352 | msm.skill_entry | Installing system requirements...
2021-10-29 07:28:17.559 | INFO     |  5352 | msm.skill_entry | Installing system requirements...
2021-10-29 07:28:17.500 | INFO     |  5352 | msm.skill_entry | Installing system requirements...
2021-10-29 07:28:17.501 | INFO     |  5352 | msm.skill_entry | Installing system requirements...
2021-10-29 07:28:17.587 | INFO     |  5352 | msm.skill_entry | Installing requirements.txt for mycroft-ip
2021-10-29 07:28:17.676 | INFO     |  5352 | msm.skill_entry | Successfully installed mycroft-naptime
2021-10-29 07:28:17.677 | INFO     |  5352 | msm.mycroft_skills_manager | invalidating skills cache
2021-10-29 07:28:17.679 | INFO     |  5352 | msm.skill_entry | Downloading skill: https://github.com/mycroftai/skill-spelling
2021-10-29 07:28:17.788 | INFO     |  5352 | msm.skill_entry | Installing system requirements...
2021-10-29 07:28:17.805 | INFO     |  5352 | msm.skill_entry | Installing system requirements...
2021-10-29 07:28:17.827 | INFO     |  5352 | msm.skill_entry | Successfully installed mycroft-hello-world
2021-10-29 07:28:17.828 | INFO     |  5352 | msm.mycroft_skills_manager | invalidating skills cache
2021-10-29 07:28:17.831 | INFO     |  5352 | msm.skill_entry | Downloading skill: https://github.com/mycroftai/skill-stop
2021-10-29 07:28:17.874 | INFO     |  5352 | msm.skill_entry | Successfully installed mycroft-playback-control
2021-10-29 07:28:17.875 | INFO     |  5352 | msm.mycroft_skills_manager | invalidating skills cache
2021-10-29 07:28:17.877 | INFO     |  5352 | msm.skill_entry | Downloading skill: https://github.com/mycroftai/skill-support
2021-10-29 07:28:17.884 | ERROR    |  5352 | msm.mycroft_skills_manager | Error running install_or_update on homeassistant.mycroftai: MergeConflict
2021-10-29 07:28:17.888 | INFO     |  5352 | msm.skill_entry | Downloading skill: https://github.com/mycroftai/mycroft-timer
2021-10-29 07:28:17.929 | INFO     |  5352 | msm.skill_entry | Installing requirements.txt for fallback-wolfram-alpha
2021-10-29 07:28:17.929 | INFO     |  5352 | msm.skill_entry | Installing system requirements...
2021-10-29 07:28:17.933 | INFO     |  5352 | msm.skill_entry | Successfully installed mycroft-personal
2021-10-29 07:28:17.935 | INFO     |  5352 | msm.mycroft_skills_manager | invalidating skills cache
2021-10-29 07:28:17.946 | INFO     |  5352 | msm.skill_entry | Downloading skill: https://github.com/mycroftai/skill-weather
2021-10-29 07:28:18.016 | INFO     |  5352 | msm.skill_entry | Installing requirements.txt for mycroft-npr-news
2021-10-29 07:28:18.023 | INFO     |  5352 | msm.skill_entry | Installing system requirements...
2021-10-29 07:28:18.027 | INFO     |  5352 | msm.skill_entry | Successfully installed mycroft-reminder
2021-10-29 07:28:18.028 | INFO     |  5352 | msm.mycroft_skills_manager | invalidating skills cache
2021-10-29 07:28:18.030 | INFO     |  5352 | msm.skill_entry | Nothing new for mycroft-volume
2021-10-29 07:28:18.036 | INFO     |  5352 | msm.skill_entry | Downloading skill: https://github.com/mycroftai/skill-version-checker
2021-10-29 07:28:18.195 | INFO     |  5352 | msm.skill_entry | Installing requirements.txt for mycroft-configuration
2021-10-29 07:28:18.198 | INFO     |  5352 | msm.skill_entry | Installing system requirements...
2021-10-29 07:28:18.235 | INFO     |  5352 | msm.skill_entry | Installing requirements.txt for mycroft-installer
2021-10-29 07:28:18.280 | INFO     |  5352 | msm.skill_entry | Installing requirements.txt for mycroft-volume
2021-10-29 07:28:18.415 | INFO     |  5352 | msm.skill_entry | Nothing new for mycroft-pairing
2021-10-29 07:28:18.424 | INFO     |  5352 | msm.skill_entry | Installing system requirements...
2021-10-29 07:28:18.460 | INFO     |  5352 | msm.skill_entry | Downloading skill: https://github.com/mycroftai/skill-wiki
2021-10-29 07:28:19.407 | INFO     |  5352 | msm.skill_entry | Installing system requirements...
2021-10-29 07:28:19.491 | INFO     |  5352 | msm.skill_entry | Installing requirements.txt for mycroft-date-time
2021-10-29 07:28:19.866 | INFO     |  5352 | msm.skill_entry | Installing system requirements...
2021-10-29 07:28:19.901 | INFO     |  5352 | msm.skill_entry | Installing system requirements...
2021-10-29 07:28:19.907 | INFO     |  5352 | msm.skill_entry | Installing system requirements...
2021-10-29 07:28:19.917 | INFO     |  5352 | msm.skill_entry | Installing system requirements...
2021-10-29 07:28:19.952 | INFO     |  5352 | msm.skill_entry | Installing system requirements...
2021-10-29 07:28:19.989 | INFO     |  5352 | msm.skill_entry | Installing requirements.txt for mycroft-alarm
2021-10-29 07:28:20.008 | INFO     |  5352 | msm.skill_entry | Installing requirements.txt for mycroft-support-helper
2021-10-29 07:28:20.028 | INFO     |  5352 | msm.skill_entry | Successfully installed mycroft-speak
2021-10-29 07:28:20.029 | INFO     |  5352 | msm.mycroft_skills_manager | invalidating skills cache
2021-10-29 07:28:20.031 | INFO     |  5352 | msm.skill_entry | Downloading skill: https://github.com/MycroftAI/skill-query
2021-10-29 07:28:20.037 | INFO     |  5352 | msm.skill_entry | Successfully installed mycroft-spelling
2021-10-29 07:28:20.037 | INFO     |  5352 | msm.mycroft_skills_manager | invalidating skills cache
2021-10-29 07:28:20.059 | INFO     |  5352 | msm.skill_entry | Successfully installed mycroft-stop
2021-10-29 07:28:20.059 | INFO     |  5352 | msm.mycroft_skills_manager | invalidating skills cache
2021-10-29 07:28:20.343 | INFO     |  5352 | msm.skill_entry | Installing system requirements...
2021-10-29 07:28:20.437 | INFO     |  5352 | msm.skill_entry | Installing system requirements...
2021-10-29 07:28:20.468 | INFO     |  5352 | msm.skill_entry | Successfully installed mycroft-version-checker
2021-10-29 07:28:20.468 | INFO     |  5352 | msm.mycroft_skills_manager | invalidating skills cache
2021-10-29 07:28:20.529 | INFO     |  5352 | msm.skill_entry | Installing requirements.txt for mycroft-wiki
2021-10-29 07:28:20.583 | INFO     |  5352 | msm.skill_entry | Installing system requirements...
2021-10-29 07:28:20.628 | INFO     |  5352 | msm.skill_entry | Installing system requirements...
2021-10-29 07:28:20.631 | INFO     |  5352 | msm.skill_entry | Successfully installed mycroft-singing
2021-10-29 07:28:20.632 | INFO     |  5352 | msm.mycroft_skills_manager | invalidating skills cache
2021-10-29 07:28:20.667 | INFO     |  5352 | msm.skill_entry | Installing requirements.txt for mycroft-weather
2021-10-29 07:28:20.718 | INFO     |  5352 | msm.skill_entry | Installing system requirements...
2021-10-29 07:28:20.761 | INFO     |  5352 | msm.skill_entry | Successfully installed mycroft-timer
2021-10-29 07:28:20.761 | INFO     |  5352 | msm.mycroft_skills_manager | invalidating skills cache
2021-10-29 07:28:20.824 | ERROR    |  5352 | msm.mycroft_skills_manager | Error running install_or_update on homeassistant: MergeConflict
2021-10-29 07:28:20.836 | INFO     |  5352 | msm.skill_entry | Installing system requirements...
2021-10-29 07:28:20.862 | INFO     |  5352 | msm.skill_entry | Successfully installed fallback-query
2021-10-29 07:28:20.862 | INFO     |  5352 | msm.mycroft_skills_manager | invalidating skills cache
2021-10-29 07:28:20.921 | INFO     |  5352 | msm.skill_entry | Successfully installed mycroft-joke
2021-10-29 07:28:20.921 | INFO     |  5352 | msm.mycroft_skills_manager | invalidating skills cache
2021-10-29 07:28:22.182 | INFO     |  5352 | msm.skill_entry | Successfully installed mycroft-fallback-duck-duck-go
2021-10-29 07:28:22.183 | INFO     |  5352 | msm.mycroft_skills_manager | invalidating skills cache
2021-10-29 07:28:23.209 | INFO     |  5352 | msm.skill_entry | Successfully installed mycroft-audio-record
2021-10-29 07:28:23.210 | INFO     |  5352 | msm.mycroft_skills_manager | invalidating skills cache
2021-10-29 07:28:24.249 | INFO     |  5352 | msm.skill_entry | Successfully installed mycroft-ip
2021-10-29 07:28:24.249 | INFO     |  5352 | msm.mycroft_skills_manager | invalidating skills cache
2021-10-29 07:28:29.084 | INFO     |  5352 | msm.skill_entry | Successfully installed fallback-wolfram-alpha
2021-10-29 07:28:29.091 | INFO     |  5352 | msm.mycroft_skills_manager | invalidating skills cache
2021-10-29 07:28:32.776 | INFO     |  5352 | msm.skill_entry | Successfully installed mycroft-npr-news
2021-10-29 07:28:32.777 | INFO     |  5352 | msm.mycroft_skills_manager | invalidating skills cache
2021-10-29 07:28:35.726 | INFO     |  5352 | msm.skill_entry | Successfully installed mycroft-configuration
2021-10-29 07:28:35.726 | INFO     |  5352 | msm.mycroft_skills_manager | invalidating skills cache
2021-10-29 07:28:36.861 | INFO     |  5352 | msm.skill_entry | Successfully installed mycroft-installer
2021-10-29 07:28:36.861 | INFO     |  5352 | msm.mycroft_skills_manager | invalidating skills cache
2021-10-29 07:28:43.838 | INFO     |  5352 | PairingSkill | Initiating device pairing sequence...
2021-10-29 07:28:43.839 | INFO     |  5352 | PairingSkill | Retrieving pairing code from device API...
2021-10-29 07:28:44.210 | INFO     |  5352 | PairingSkill | Pairing code obtained: KHRM9C
2021-10-29 07:28:44.210 | INFO     |  5352 | PairingSkill | Communicating pairing URL to user
2021-10-29 07:28:57.142 | INFO     |  5352 | msm.skill_entry | Successfully installed mycroft-date-time
2021-10-29 07:28:57.142 | INFO     |  5352 | msm.mycroft_skills_manager | invalidating skills cache
2021-10-29 07:28:58.213 | INFO     |  5352 | msm.skill_entry | Successfully installed mycroft-alarm
2021-10-29 07:28:58.213 | INFO     |  5352 | msm.mycroft_skills_manager | invalidating skills cache
2021-10-29 07:29:00.719 | INFO     |  5352 | msm.skill_entry | Successfully installed mycroft-support-helper
2021-10-29 07:29:00.720 | INFO     |  5352 | msm.mycroft_skills_manager | invalidating skills cache
2021-10-29 07:29:02.966 | INFO     |  5352 | msm.skill_entry | Successfully installed mycroft-wiki
2021-10-29 07:29:02.966 | INFO     |  5352 | msm.mycroft_skills_manager | invalidating skills cache
2021-10-29 07:29:04.226 | INFO     |  5352 | msm.skill_entry | Successfully installed mycroft-weather
2021-10-29 07:29:04.227 | INFO     |  5352 | msm.mycroft_skills_manager | invalidating skills cache
2021-10-29 07:29:04.325 | INFO     |  5352 | mycroft.skills.skill_updater:_log_next_download_time:267 | Next scheduled skill update: 2021-10-29 08:29:04.325127
2021-10-29 07:29:04.326 | INFO     |  5352 | mycroft.skills.skill_updater:update_skills:170 | Skill update complete
2021-10-29 07:29:04.326 | INFO     |  5352 | mycroft.skills.skill_manager:_load_on_startup:273 | Loading installed skills...
2021-10-29 07:29:04.327 | INFO     |  5352 | mycroft.skills.skill_loader:load:185 | ATTEMPTING TO LOAD SKILL: mycroft-ip.mycroftai
2021-10-29 07:29:04.422 | INFO     |  5352 | mycroft.skills.settings:get_local_settings:83 | /opt/mycroft/skills/mycroft-ip.mycroftai/settings.json
2021-10-29 07:29:04.444 | INFO     |  5352 | mycroft.skills.skill_loader:_check_for_first_run:324 | First run of mycroft-ip.mycroftai
2021-10-29 07:29:04.445 | INFO     |  5352 | mycroft.skills.settings:save_settings:116 | Skill settings successfully saved to /home/runner/.config/mycroft/skills/mycroft-ip.mycroftai/settings.json
2021-10-29 07:29:04.446 | INFO     |  5352 | mycroft.skills.skill_loader:_communicate_load_status:344 | Skill mycroft-ip.mycroftai loaded successfully
2021-10-29 07:29:04.446 | INFO     |  5352 | mycroft.skills.skill_loader:load:185 | ATTEMPTING TO LOAD SKILL: mycroft-reminder.mycroftai
2021-10-29 07:29:04.505 | INFO     |  5352 | mycroft.skills.settings:get_local_settings:83 | /opt/mycroft/skills/mycroft-reminder.mycroftai/settings.json
2021-10-29 07:29:04.555 | INFO     |  5352 | mycroft.skills.skill_loader:_check_for_first_run:324 | First run of mycroft-reminder.mycroftai
2021-10-29 07:29:04.556 | INFO     |  5352 | mycroft.skills.settings:save_settings:116 | Skill settings successfully saved to /home/runner/.config/mycroft/skills/mycroft-reminder.mycroftai/settings.json
2021-10-29 07:29:04.561 | INFO     |  5352 | mycroft.skills.skill_loader:_communicate_load_status:344 | Skill mycroft-reminder.mycroftai loaded successfully
2021-10-29 07:29:04.561 | INFO     |  5352 | mycroft.skills.skill_loader:load:185 | ATTEMPTING TO LOAD SKILL: mycroft-installer.mycroftai
2021-10-29 07:29:04.568 | INFO     |  5352 | mycroft.skills.settings:get_local_settings:83 | /opt/mycroft/skills/mycroft-installer.mycroftai/settings.json
2021-10-29 07:29:04.602 | INFO     |  5352 | mycroft.skills.skill_loader:_check_for_first_run:324 | First run of mycroft-installer.mycroftai
2021-10-29 07:29:04.602 | INFO     |  5352 | mycroft.skills.settings:save_settings:116 | Skill settings successfully saved to /home/runner/.config/mycroft/skills/mycroft-installer.mycroftai/settings.json
2021-10-29 07:29:04.607 | INFO     |  5352 | mycroft.skills.skill_loader:_communicate_load_status:344 | Skill mycroft-installer.mycroftai loaded successfully
2021-10-29 07:29:04.607 | INFO     |  5352 | mycroft.skills.skill_loader:load:185 | ATTEMPTING TO LOAD SKILL: mycroft-version-checker.mycroftai
2021-10-29 07:29:04.612 | INFO     |  5352 | mycroft.skills.settings:get_local_settings:83 | /opt/mycroft/skills/mycroft-version-checker.mycroftai/settings.json
2021-10-29 07:29:04.641 | INFO     |  5352 | mycroft.skills.skill_loader:_check_for_first_run:324 | First run of mycroft-version-checker.mycroftai
2021-10-29 07:29:04.641 | INFO     |  5352 | mycroft.skills.settings:save_settings:116 | Skill settings successfully saved to /home/runner/.config/mycroft/skills/mycroft-version-checker.mycroftai/settings.json
2021-10-29 07:29:04.653 | INFO     |  5352 | mycroft.skills.skill_loader:_communicate_load_status:344 | Skill mycroft-version-checker.mycroftai loaded successfully
2021-10-29 07:29:04.654 | INFO     |  5352 | mycroft.skills.skill_loader:load:185 | ATTEMPTING TO LOAD SKILL: mycroft-singing.mycroftai
2021-10-29 07:29:04.660 | INFO     |  5352 | mycroft.skills.settings:get_local_settings:83 | /opt/mycroft/skills/mycroft-singing.mycroftai/settings.json
2021-10-29 07:29:04.695 | INFO     |  5352 | mycroft.skills.skill_loader:_check_for_first_run:324 | First run of mycroft-singing.mycroftai
2021-10-29 07:29:04.695 | INFO     |  5352 | mycroft.skills.settings:save_settings:116 | Skill settings successfully saved to /home/runner/.config/mycroft/skills/mycroft-singing.mycroftai/settings.json
2021-10-29 07:29:04.705 | INFO     |  5352 | mycroft.skills.skill_loader:_communicate_load_status:344 | Skill mycroft-singing.mycroftai loaded successfully
2021-10-29 07:29:04.706 | INFO     |  5352 | mycroft.skills.skill_loader:load:185 | ATTEMPTING TO LOAD SKILL: mycroft-joke.mycroftai
2021-10-29 07:29:04.713 | INFO     |  5352 | mycroft.skills.settings:get_local_settings:83 | /opt/mycroft/skills/mycroft-joke.mycroftai/settings.json
2021-10-29 07:29:04.743 | INFO     |  5352 | mycroft.skills.skill_loader:_check_for_first_run:324 | First run of mycroft-joke.mycroftai
2021-10-29 07:29:04.744 | INFO     |  5352 | mycroft.skills.settings:save_settings:116 | Skill settings successfully saved to /home/runner/.config/mycroft/skills/mycroft-joke.mycroftai/settings.json
2021-10-29 07:29:04.750 | INFO     |  5352 | mycroft.skills.skill_loader:_communicate_load_status:344 | Skill mycroft-joke.mycroftai loaded successfully
2021-10-29 07:29:04.751 | INFO     |  5352 | mycroft.skills.skill_loader:load:185 | ATTEMPTING TO LOAD SKILL: mycroft-timer.mycroftai
2021-10-29 07:29:04.778 | INFO     |  5352 | mycroft.skills.settings:get_local_settings:83 | /opt/mycroft/skills/mycroft-timer.mycroftai/settings.json
2021-10-29 07:29:04.871 | INFO     |  5352 | mycroft.skills.skill_loader:_check_for_first_run:324 | First run of mycroft-timer.mycroftai
2021-10-29 07:29:04.872 | INFO     |  5352 | mycroft.skills.settings:save_settings:116 | Skill settings successfully saved to /home/runner/.config/mycroft/skills/mycroft-timer.mycroftai/settings.json
2021-10-29 07:29:04.874 | INFO     |  5352 | mycroft.skills.skill_loader:_communicate_load_status:344 | Skill mycroft-timer.mycroftai loaded successfully
2021-10-29 07:29:04.874 | INFO     |  5352 | mycroft.skills.skill_loader:load:185 | ATTEMPTING TO LOAD SKILL: homeassistant.mycroftai
2021-10-29 07:29:05.266 | INFO     |  5352 | mycroft.skills.settings:get_local_settings:83 | /opt/mycroft/skills/homeassistant.mycroftai/settings.json
2021-10-29 07:29:05.267 | INFO     |  5352 | mycroft.skills.settings:get_local_settings:83 | /opt/mycroft/skills/homeassistant.mycroftai/settings.json
2021-10-29 07:29:05.358 | INFO     |  5352 | mycroft.skills.skill_loader:_communicate_load_status:344 | Skill homeassistant.mycroftai loaded successfully
2021-10-29 07:29:05.359 | INFO     |  5352 | mycroft.skills.skill_loader:load:185 | ATTEMPTING TO LOAD SKILL: mycroft-alarm.mycroftai
2021-10-29 07:29:05.426 | INFO     |  5352 | mycroft.skills.settings:get_local_settings:83 | /opt/mycroft/skills/mycroft-alarm.mycroftai/settings.json
2021-10-29 07:29:05.427 | ERROR    |  5352 | AlarmSkill | Couldn't allocate mixer, ALSAAudioError('No such file or directory [default]')
2021-10-29 07:29:05.506 | INFO     |  5352 | mycroft.skills.skill_loader:_check_for_first_run:324 | First run of mycroft-alarm.mycroftai
2021-10-29 07:29:05.508 | INFO     |  5352 | mycroft.skills.settings:save_settings:116 | Skill settings successfully saved to /home/runner/.config/mycroft/skills/mycroft-alarm.mycroftai/settings.json
2021-10-29 07:29:05.513 | INFO     |  5352 | mycroft.skills.skill_loader:_communicate_load_status:344 | Skill mycroft-alarm.mycroftai loaded successfully
2021-10-29 07:29:05.513 | INFO     |  5352 | mycroft.skills.skill_loader:load:185 | ATTEMPTING TO LOAD SKILL: mycroft-naptime.mycroftai
2021-10-29 07:29:05.527 | INFO     |  5352 | mycroft.skills.settings:get_local_settings:83 | /opt/mycroft/skills/mycroft-naptime.mycroftai/settings.json
2021-10-29 07:29:05.546 | INFO     |  5352 | mycroft.skills.skill_loader:_check_for_first_run:324 | First run of mycroft-naptime.mycroftai
2021-10-29 07:29:05.553 | INFO     |  5352 | mycroft.skills.settings:save_settings:116 | Skill settings successfully saved to /home/runner/.config/mycroft/skills/mycroft-naptime.mycroftai/settings.json
2021-10-29 07:29:05.555 | INFO     |  5352 | mycroft.skills.skill_loader:_communicate_load_status:344 | Skill mycroft-naptime.mycroftai loaded successfully
2021-10-29 07:29:05.556 | INFO     |  5352 | mycroft.skills.skill_loader:load:185 | ATTEMPTING TO LOAD SKILL: mycroft-spelling.mycroftai
2021-10-29 07:29:05.559 | INFO     |  5352 | mycroft.skills.settings:get_local_settings:83 | /opt/mycroft/skills/mycroft-spelling.mycroftai/settings.json
2021-10-29 07:29:05.595 | INFO     |  5352 | mycroft.skills.skill_loader:_check_for_first_run:324 | First run of mycroft-spelling.mycroftai
2021-10-29 07:29:05.595 | INFO     |  5352 | mycroft.skills.settings:save_settings:116 | Skill settings successfully saved to /home/runner/.config/mycroft/skills/mycroft-spelling.mycroftai/settings.json
2021-10-29 07:29:05.599 | INFO     |  5352 | mycroft.skills.skill_loader:_communicate_load_status:344 | Skill mycroft-spelling.mycroftai loaded successfully
2021-10-29 07:29:05.599 | INFO     |  5352 | mycroft.skills.skill_loader:load:185 | ATTEMPTING TO LOAD SKILL: mycroft-fallback-duck-duck-go.mycroftai
2021-10-29 07:29:05.619 | INFO     |  5352 | mycroft.skills.settings:get_local_settings:83 | /opt/mycroft/skills/mycroft-fallback-duck-duck-go.mycroftai/settings.json
2021-10-29 07:29:05.652 | INFO     |  5352 | mycroft.skills.skill_loader:_check_for_first_run:324 | First run of mycroft-fallback-duck-duck-go.mycroftai
2021-10-29 07:29:05.653 | INFO     |  5352 | mycroft.skills.settings:save_settings:116 | Skill settings successfully saved to /home/runner/.config/mycroft/skills/mycroft-fallback-duck-duck-go.mycroftai/settings.json
2021-10-29 07:29:05.654 | INFO     |  5352 | mycroft.skills.skill_loader:_communicate_load_status:344 | Skill mycroft-fallback-duck-duck-go.mycroftai loaded successfully
2021-10-29 07:29:05.666 | INFO     |  5352 | mycroft.skills.skill_loader:load:185 | ATTEMPTING TO LOAD SKILL: mycroft-npr-news.mycroftai
2021-10-29 07:29:05.798 | INFO     |  5352 | mycroft.skills.settings:get_local_settings:83 | /opt/mycroft/skills/mycroft-npr-news.mycroftai/settings.json
2021-10-29 07:29:06.846 | INFO     |  5352 | mycroft.skills.skill_loader:_check_for_first_run:324 | First run of mycroft-npr-news.mycroftai
2021-10-29 07:29:06.853 | INFO     |  5352 | mycroft.skills.settings:save_settings:116 | Skill settings successfully saved to /home/runner/.config/mycroft/skills/mycroft-npr-news.mycroftai/settings.json
2021-10-29 07:29:06.856 | INFO     |  5352 | mycroft.skills.skill_loader:_communicate_load_status:344 | Skill mycroft-npr-news.mycroftai loaded successfully
2021-10-29 07:29:06.856 | INFO     |  5352 | mycroft.skills.skill_loader:load:185 | ATTEMPTING TO LOAD SKILL: mycroft-support-helper.mycroftai
2021-10-29 07:29:06.871 | INFO     |  5352 | mycroft.skills.settings:get_local_settings:83 | /opt/mycroft/skills/mycroft-support-helper.mycroftai/settings.json
2021-10-29 07:29:06.886 | INFO     |  5352 | mycroft.skills.skill_loader:_check_for_first_run:324 | First run of mycroft-support-helper.mycroftai
2021-10-29 07:29:06.887 | INFO     |  5352 | mycroft.skills.settings:save_settings:116 | Skill settings successfully saved to /home/runner/.config/mycroft/skills/mycroft-support-helper.mycroftai/settings.json
2021-10-29 07:29:06.963 | INFO     |  5352 | mycroft.skills.skill_loader:_communicate_load_status:344 | Skill mycroft-support-helper.mycroftai loaded successfully
2021-10-29 07:29:06.964 | INFO     |  5352 | mycroft.skills.skill_loader:load:185 | ATTEMPTING TO LOAD SKILL: mycroft-weather.mycroftai
2021-10-29 07:29:06.983 | INFO     |  5352 | mycroft.skills.settings:get_local_settings:83 | /opt/mycroft/skills/mycroft-weather.mycroftai/settings.json
2021-10-29 07:29:07.215 | INFO     |  5352 | mycroft.skills.skill_loader:_check_for_first_run:324 | First run of mycroft-weather.mycroftai
2021-10-29 07:29:07.216 | INFO     |  5352 | mycroft.skills.settings:save_settings:116 | Skill settings successfully saved to /home/runner/.config/mycroft/skills/mycroft-weather.mycroftai/settings.json
2021-10-29 07:29:07.252 | INFO     |  5352 | mycroft.skills.skill_loader:_communicate_load_status:344 | Skill mycroft-weather.mycroftai loaded successfully
2021-10-29 07:29:07.253 | INFO     |  5352 | mycroft.skills.skill_loader:load:185 | ATTEMPTING TO LOAD SKILL: mycroft-speak.mycroftai
2021-10-29 07:29:07.261 | INFO     |  5352 | mycroft.skills.settings:get_local_settings:83 | /opt/mycroft/skills/mycroft-speak.mycroftai/settings.json
2021-10-29 07:29:07.311 | INFO     |  5352 | mycroft.skills.skill_loader:_check_for_first_run:324 | First run of mycroft-speak.mycroftai
2021-10-29 07:29:07.312 | INFO     |  5352 | mycroft.skills.settings:save_settings:116 | Skill settings successfully saved to /home/runner/.config/mycroft/skills/mycroft-speak.mycroftai/settings.json
2021-10-29 07:29:07.457 | INFO     |  5352 | mycroft.skills.skill_loader:_communicate_load_status:344 | Skill mycroft-speak.mycroftai loaded successfully
2021-10-29 07:29:07.457 | INFO     |  5352 | mycroft.skills.skill_loader:load:185 | ATTEMPTING TO LOAD SKILL: mycroft-audio-record.mycroftai
2021-10-29 07:29:07.465 | INFO     |  5352 | mycroft.skills.settings:get_local_settings:83 | /opt/mycroft/skills/mycroft-audio-record.mycroftai/settings.json
2021-10-29 07:29:07.505 | INFO     |  5352 | mycroft.skills.skill_loader:_check_for_first_run:324 | First run of mycroft-audio-record.mycroftai
2021-10-29 07:29:07.506 | INFO     |  5352 | mycroft.skills.settings:save_settings:116 | Skill settings successfully saved to /home/runner/.config/mycroft/skills/mycroft-audio-record.mycroftai/settings.json
2021-10-29 07:29:07.544 | INFO     |  5352 | mycroft.skills.skill_loader:_communicate_load_status:344 | Skill mycroft-audio-record.mycroftai loaded successfully
2021-10-29 07:29:07.545 | INFO     |  5352 | mycroft.skills.skill_loader:load:185 | ATTEMPTING TO LOAD SKILL: mycroft-stop.mycroftai
2021-10-29 07:29:07.553 | INFO     |  5352 | mycroft.skills.settings:get_local_settings:83 | /opt/mycroft/skills/mycroft-stop.mycroftai/settings.json
2021-10-29 07:29:07.581 | INFO     |  5352 | mycroft.skills.skill_loader:_check_for_first_run:324 | First run of mycroft-stop.mycroftai
2021-10-29 07:29:07.595 | INFO     |  5352 | mycroft.skills.settings:save_settings:116 | Skill settings successfully saved to /home/runner/.config/mycroft/skills/mycroft-stop.mycroftai/settings.json
2021-10-29 07:29:07.597 | INFO     |  5352 | mycroft.skills.skill_loader:_communicate_load_status:344 | Skill mycroft-stop.mycroftai loaded successfully
2021-10-29 07:29:07.597 | INFO     |  5352 | mycroft.skills.skill_loader:load:185 | ATTEMPTING TO LOAD SKILL: mycroft-hello-world.mycroftai
2021-10-29 07:29:07.608 | INFO     |  5352 | mycroft.skills.settings:get_local_settings:83 | /opt/mycroft/skills/mycroft-hello-world.mycroftai/settings.json
2021-10-29 07:29:07.645 | INFO     |  5352 | mycroft.skills.skill_loader:_check_for_first_run:324 | First run of mycroft-hello-world.mycroftai
2021-10-29 07:29:07.649 | INFO     |  5352 | mycroft.skills.settings:save_settings:116 | Skill settings successfully saved to /home/runner/.config/mycroft/skills/mycroft-hello-world.mycroftai/settings.json
2021-10-29 07:29:07.686 | INFO     |  5352 | mycroft.skills.skill_loader:_communicate_load_status:344 | Skill mycroft-hello-world.mycroftai loaded successfully
2021-10-29 07:29:07.686 | INFO     |  5352 | mycroft.skills.skill_loader:load:185 | ATTEMPTING TO LOAD SKILL: mycroft-date-time.mycroftai
2021-10-29 07:29:08.541 | INFO     |  5352 | mycroft.skills.settings:get_local_settings:83 | /opt/mycroft/skills/mycroft-date-time.mycroftai/settings.json
2021-10-29 07:29:08.588 | INFO     |  5352 | TimeSkill | Registering resting screen <bound method TimeSkill.handle_idle of <mycroft-date-time_mycroftai.TimeSkill object at 0x7fc258525e90>> for Time and Date.
2021-10-29 07:29:08.589 | INFO     |  5352 | TimeSkill | Registering resting screen
2021-10-29 07:29:08.606 | INFO     |  5352 | mycroft.skills.skill_loader:_check_for_first_run:324 | First run of mycroft-date-time.mycroftai
2021-10-29 07:29:08.607 | INFO     |  5352 | mycroft.skills.settings:save_settings:116 | Skill settings successfully saved to /home/runner/.config/mycroft/skills/mycroft-date-time.mycroftai/settings.json
2021-10-29 07:29:08.612 | INFO     |  5352 | mycroft.skills.skill_loader:_communicate_load_status:344 | Skill mycroft-date-time.mycroftai loaded successfully
2021-10-29 07:29:08.612 | INFO     |  5352 | mycroft.skills.skill_loader:load:185 | ATTEMPTING TO LOAD SKILL: mycroft-configuration.mycroftai
2021-10-29 07:29:08.631 | INFO     |  5352 | mycroft.skills.settings:get_local_settings:83 | /opt/mycroft/skills/mycroft-configuration.mycroftai/settings.json
2021-10-29 07:29:08.684 | INFO     |  5352 | mycroft.skills.skill_loader:_check_for_first_run:324 | First run of mycroft-configuration.mycroftai
2021-10-29 07:29:08.694 | INFO     |  5352 | mycroft.skills.settings:save_settings:116 | Skill settings successfully saved to /home/runner/.config/mycroft/skills/mycroft-configuration.mycroftai/settings.json
2021-10-29 07:29:08.697 | INFO     |  5352 | mycroft.skills.skill_loader:_communicate_load_status:344 | Skill mycroft-configuration.mycroftai loaded successfully
2021-10-29 07:29:08.698 | INFO     |  5352 | mycroft.skills.skill_loader:load:185 | ATTEMPTING TO LOAD SKILL: fallback-query.mycroftai
2021-10-29 07:29:08.703 | INFO     |  5352 | mycroft.skills.settings:get_local_settings:83 | /opt/mycroft/skills/fallback-query.mycroftai/settings.json
2021-10-29 07:29:08.730 | INFO     |  5352 | mycroft.skills.skill_loader:_check_for_first_run:324 | First run of fallback-query.mycroftai
2021-10-29 07:29:08.731 | INFO     |  5352 | mycroft.skills.settings:save_settings:116 | Skill settings successfully saved to /home/runner/.config/mycroft/skills/fallback-query.mycroftai/settings.json
2021-10-29 07:29:08.732 | INFO     |  5352 | mycroft.skills.skill_loader:_communicate_load_status:344 | Skill fallback-query.mycroftai loaded successfully
2021-10-29 07:29:08.732 | INFO     |  5352 | mycroft.skills.skill_loader:load:185 | ATTEMPTING TO LOAD SKILL: mycroft-personal.mycroftai
2021-10-29 07:29:08.737 | INFO     |  5352 | mycroft.skills.settings:get_local_settings:83 | /opt/mycroft/skills/mycroft-personal.mycroftai/settings.json
2021-10-29 07:29:08.785 | INFO     |  5352 | mycroft.skills.skill_loader:_check_for_first_run:324 | First run of mycroft-personal.mycroftai
2021-10-29 07:29:08.797 | INFO     |  5352 | mycroft.skills.settings:save_settings:116 | Skill settings successfully saved to /home/runner/.config/mycroft/skills/mycroft-personal.mycroftai/settings.json
2021-10-29 07:29:08.800 | INFO     |  5352 | mycroft.skills.skill_loader:_communicate_load_status:344 | Skill mycroft-personal.mycroftai loaded successfully
2021-10-29 07:29:08.800 | INFO     |  5352 | mycroft.skills.skill_loader:load:185 | ATTEMPTING TO LOAD SKILL: fallback-wolfram-alpha.mycroftai
2021-10-29 07:29:08.885 | INFO     |  5352 | mycroft.skills.settings:get_local_settings:83 | /opt/mycroft/skills/fallback-wolfram-alpha.mycroftai/settings.json
2021-10-29 07:29:08.910 | INFO     |  5352 | mycroft.skills.skill_loader:_check_for_first_run:324 | First run of fallback-wolfram-alpha.mycroftai
2021-10-29 07:29:08.927 | INFO     |  5352 | mycroft.skills.settings:save_settings:116 | Skill settings successfully saved to /home/runner/.config/mycroft/skills/fallback-wolfram-alpha.mycroftai/settings.json
2021-10-29 07:29:08.928 | INFO     |  5352 | mycroft.skills.skill_loader:_communicate_load_status:344 | Skill fallback-wolfram-alpha.mycroftai loaded successfully
2021-10-29 07:29:08.928 | INFO     |  5352 | mycroft.skills.skill_loader:load:185 | ATTEMPTING TO LOAD SKILL: mycroft-wiki.mycroftai
2021-10-29 07:29:08.945 | INFO     |  5352 | mycroft.skills.settings:get_local_settings:83 | /opt/mycroft/skills/mycroft-wiki.mycroftai/settings.json
2021-10-29 07:29:08.975 | INFO     |  5352 | mycroft.skills.skill_loader:_check_for_first_run:324 | First run of mycroft-wiki.mycroftai
2021-10-29 07:29:08.975 | INFO     |  5352 | mycroft.skills.settings:save_settings:116 | Skill settings successfully saved to /home/runner/.config/mycroft/skills/mycroft-wiki.mycroftai/settings.json
2021-10-29 07:29:08.976 | INFO     |  5352 | mycroft.skills.skill_loader:_communicate_load_status:344 | Skill mycroft-wiki.mycroftai loaded successfully
2021-10-29 07:29:08.977 | INFO     |  5352 | mycroft.skills.skill_loader:load:185 | ATTEMPTING TO LOAD SKILL: fallback-unknown.mycroftai
2021-10-29 07:29:09.003 | INFO     |  5352 | mycroft.skills.settings:get_local_settings:83 | /opt/mycroft/skills/fallback-unknown.mycroftai/settings.json
2021-10-29 07:29:09.025 | INFO     |  5352 | mycroft.skills.skill_loader:_check_for_first_run:324 | First run of fallback-unknown.mycroftai
2021-10-29 07:29:09.025 | INFO     |  5352 | mycroft.skills.settings:save_settings:116 | Skill settings successfully saved to /home/runner/.config/mycroft/skills/fallback-unknown.mycroftai/settings.json
2021-10-29 07:29:09.026 | INFO     |  5352 | mycroft.skills.skill_loader:_communicate_load_status:344 | Skill fallback-unknown.mycroftai loaded successfully
2021-10-29 07:29:09.027 | INFO     |  5352 | mycroft.skills.skill_loader:load:185 | ATTEMPTING TO LOAD SKILL: mycroft-playback-control.mycroftai
2021-10-29 07:29:09.039 | INFO     |  5352 | mycroft.skills.settings:get_local_settings:83 | /opt/mycroft/skills/mycroft-playback-control.mycroftai/settings.json
2021-10-29 07:29:09.090 | INFO     |  5352 | mycroft.skills.skill_loader:_check_for_first_run:324 | First run of mycroft-playback-control.mycroftai
2021-10-29 07:29:09.105 | INFO     |  5352 | mycroft.skills.settings:save_settings:116 | Skill settings successfully saved to /home/runner/.config/mycroft/skills/mycroft-playback-control.mycroftai/settings.json
2021-10-29 07:29:09.108 | INFO     |  5352 | mycroft.skills.skill_loader:_communicate_load_status:344 | Skill mycroft-playback-control.mycroftai loaded successfully
2021-10-29 07:29:09.108 | INFO     |  5352 | mycroft.skills.skill_manager:_load_on_startup:275 | Skills all loaded!
2021-10-29 07:29:09.111 | INFO     |  5352 | __main__:on_ready:185 | Skills service is ready.
2021-10-29 07:29:09.386 | INFO     |  5352 | mycroft.skills.intent_services.padatious_service:train:151 | Training... (single_thread=False)
Regenerated mycroft-alarm.mycroftai:{daytype}.
Regenerated mycroft-reminder.mycroftai:ClearReminders.intent.
Regenerated mycroft-reminder.mycroftai:SnoozeReminder.intent.
Regenerated mycroft-reminder.mycroftai:CancelActiveReminder.intent.
Regenerated mycroft-reminder.mycroftai:DeleteReminderForDay.intent.
Regenerated mycroft-reminder.mycroftai:GetRemindersForDay.intent.
Regenerated mycroft-reminder.mycroftai:Reminder.intent.
Regenerated mycroft-reminder.mycroftai:GetNextReminders.intent.
Regenerated mycroft-reminder.mycroftai:ReminderAt.intent.
Regenerated homeassistant.mycroftai:sensor.intent.
Regenerated homeassistant.mycroftai:turn.off.intent.
Regenerated homeassistant.mycroftai:automation.intent.
Regenerated homeassistant.mycroftai:turn.on.intent.
Regenerated homeassistant.mycroftai:cover.close.intent.
Regenerated homeassistant.mycroftai:decrease.light.brightness.intent.
Regenerated homeassistant.mycroftai:toggle.intent.
Regenerated mycroft-alarm.mycroftai:snooze.intent.
Regenerated mycroft-stop.mycroftai:reboot.intent.
Regenerated mycroft-audio-record.mycroftai:PlayRecording.intent.
Regenerated mycroft-stop.mycroftai:shutdown.intent.
Regenerated mycroft-hello-world.mycroftai:HowAreYou.intent.
Regenerated mycroft-date-time.mycroftai:date.last.weekend.intent.
Regenerated mycroft-date-time.mycroftai:what.time.is.it.intent.
Regenerated mycroft-date-time.mycroftai:what.time.will.it.be.intent.
Regenerated mycroft-date-time.mycroftai:date.future.weekend.intent.
Regenerated mycroft-personal.mycroftai:WhereWereYouBorn.intent.
Regenerated mycroft-personal.mycroftai:WhoMadeYou.intent.
Regenerated mycroft-wiki.mycroftai:Random.intent.
Regenerated mycroft-reminder.mycroftai:UnspecifiedReminderAt.intent.
Regenerated mycroft-installer.mycroftai:install.intent.
Regenerated mycroft-installer.mycroftai:is.installed.intent.
Regenerated mycroft-installer.mycroftai:install.custom.intent.
Regenerated mycroft-installer.mycroftai:list.skills.intent.
Regenerated mycroft-installer.mycroftai:install.beta.intent.
Regenerated mycroft-installer.mycroftai:remove.intent.
Regenerated mycroft-timer.mycroftai:timer.status.intent.
Regenerated mycroft-timer.mycroftai:start.timer.intent.
Regenerated homeassistant.mycroftai:increase.light.brightness.intent.
Regenerated homeassistant.mycroftai:set.light.brightness.intent.
Regenerated homeassistant.mycroftai:cover.stop.intent.
Regenerated homeassistant.mycroftai:add.item.shopping.list.intent.
Regenerated homeassistant.mycroftai:set.climate.intent.
Regenerated homeassistant.mycroftai:tracker.intent.
Regenerated homeassistant.mycroftai:cover.open.intent.
Regenerated mycroft-alarm.mycroftai:change.alarm.sound.intent.
Regenerated mycroft-npr-news.mycroftai:PlayTheNews.intent.
Regenerated mycroft-support-helper.mycroftai:contact.support.intent.
Regenerated mycroft-weather.mycroftai:do-i-need-an-umbrella.intent.
Regenerated mycroft-audio-record.mycroftai:StartRecording.intent.
Regenerated mycroft-stop.mycroftai:ssh.disable.intent.
Regenerated mycroft-stop.mycroftai:wifi.setup.intent.
Regenerated mycroft-stop.mycroftai:ssh.enable.intent.
Regenerated mycroft-configuration.mycroftai:WhereAreYou.intent.
Regenerated mycroft-configuration.mycroftai:EnablePreciseDev.intent.
Regenerated mycroft-configuration.mycroftai:DisablePreciseDev.intent.
Regenerated mycroft-personal.mycroftai:WhoAreYou.intent.
Regenerated mycroft-personal.mycroftai:WhatAreYou.intent.
Regenerated mycroft-personal.mycroftai:DoYouDream.intent.
Regenerated mycroft-personal.mycroftai:DoYouRhyme.intent.
Regenerated mycroft-personal.mycroftai:WhenWereYouBorn.intent.
2021-10-29 07:29:12.859 | INFO     |  5352 | mycroft.skills.intent_services.padatious_service:train:153 | Training complete.
2021-10-29 07:29:14.553 | INFO     |  5352 | mycroft.skills.settings:save_settings:116 | Skill settings successfully saved to /home/runner/.config/mycroft/skills/mycroft-pairing.mycroftai/settings.json
2021-10-29 07:29:14.878 | INFO     |  5352 | mycroft.skills.settings:save_settings:116 | Skill settings successfully saved to /home/runner/.config/mycroft/skills/mycroft-timer.mycroftai/settings.json
2021-10-29 07:29:53.029 | INFO     |  5352 | __main__:on_stopping:193 | Skills service is shutting down...
2021-10-29 07:29:53.029 | INFO     |  5352 | __main__:shutdown:284 | Shutting down Skills service
2021-10-29 07:29:53.356 | ERROR    |  5352 | VolumeSkill | Couldn't allocate mixer, ALSAAudioError('No such file or directory [default]')
2021-10-29 07:29:53.357 | INFO     |  5352 | mycroft.skills.settings:save_settings:116 | Skill settings successfully saved to /home/runner/.config/mycroft/skills/mycroft-volume.mycroftai/settings.json
2021-10-29 07:29:53.359 | INFO     |  5352 | mycroft.skills.settings:save_settings:116 | Skill settings successfully saved to /home/runner/.config/mycroft/skills/mycroft-ip.mycroftai/settings.json
2021-10-29 07:29:53.361 | INFO     |  5352 | mycroft.skills.settings:save_settings:116 | Skill settings successfully saved to /home/runner/.config/mycroft/skills/mycroft-reminder.mycroftai/settings.json
2021-10-29 07:29:53.371 | INFO     |  5352 | mycroft.skills.settings:save_settings:116 | Skill settings successfully saved to /home/runner/.config/mycroft/skills/mycroft-installer.mycroftai/settings.json
2021-10-29 07:29:53.379 | INFO     |  5352 | mycroft.skills.settings:save_settings:116 | Skill settings successfully saved to /home/runner/.config/mycroft/skills/mycroft-version-checker.mycroftai/settings.json
2021-10-29 07:29:53.382 | INFO     |  5352 | mycroft.skills.settings:save_settings:116 | Skill settings successfully saved to /home/runner/.config/mycroft/skills/mycroft-singing.mycroftai/settings.json
2021-10-29 07:29:53.388 | INFO     |  5352 | mycroft.skills.settings:save_settings:116 | Skill settings successfully saved to /home/runner/.config/mycroft/skills/mycroft-joke.mycroftai/settings.json
2021-10-29 07:29:53.390 | INFO     |  5352 | HomeAssistantSkill | Removing all handlers...
2021-10-29 07:29:53.392 | WARNING  |  5352 | mycroft.skills.fallback_skill:remove_fallback:185 | Could not find matching fallback handler
2021-10-29 07:29:53.400 | INFO     |  5352 | mycroft.skills.settings:save_settings:116 | Skill settings successfully saved to /home/runner/.config/mycroft/skills/mycroft-alarm.mycroftai/settings.json
2021-10-29 07:29:53.414 | INFO     |  5352 | mycroft.skills.settings:save_settings:116 | Skill settings successfully saved to /home/runner/.config/mycroft/skills/mycroft-naptime.mycroftai/settings.json
2021-10-29 07:29:53.423 | INFO     |  5352 | mycroft.skills.settings:save_settings:116 | Skill settings successfully saved to /home/runner/.config/mycroft/skills/mycroft-spelling.mycroftai/settings.json
2021-10-29 07:29:53.425 | INFO     |  5352 | mycroft.skills.settings:save_settings:116 | Skill settings successfully saved to /home/runner/.config/mycroft/skills/mycroft-fallback-duck-duck-go.mycroftai/settings.json
2021-10-29 07:29:53.435 | INFO     |  5352 | mycroft.skills.settings:save_settings:116 | Skill settings successfully saved to /home/runner/.config/mycroft/skills/mycroft-npr-news.mycroftai/settings.json
2021-10-29 07:29:53.436 | INFO     |  5352 | mycroft.skills.settings:save_settings:116 | Skill settings successfully saved to /home/runner/.config/mycroft/skills/mycroft-support-helper.mycroftai/settings.json
2021-10-29 07:29:53.448 | INFO     |  5352 | mycroft.skills.settings:save_settings:116 | Skill settings successfully saved to /home/runner/.config/mycroft/skills/mycroft-weather.mycroftai/settings.json
2021-10-29 07:29:53.454 | INFO     |  5352 | mycroft.skills.settings:save_settings:116 | Skill settings successfully saved to /home/runner/.config/mycroft/skills/mycroft-speak.mycroftai/settings.json
2021-10-29 07:29:53.462 | INFO     |  5352 | mycroft.skills.settings:save_settings:116 | Skill settings successfully saved to /home/runner/.config/mycroft/skills/mycroft-audio-record.mycroftai/settings.json
2021-10-29 07:29:53.465 | INFO     |  5352 | mycroft.skills.settings:save_settings:116 | Skill settings successfully saved to /home/runner/.config/mycroft/skills/mycroft-stop.mycroftai/settings.json
2021-10-29 07:29:53.467 | INFO     |  5352 | mycroft.skills.settings:save_settings:116 | Skill settings successfully saved to /home/runner/.config/mycroft/skills/mycroft-hello-world.mycroftai/settings.json
2021-10-29 07:29:53.468 | INFO     |  5352 | mycroft.skills.settings:save_settings:116 | Skill settings successfully saved to /home/runner/.config/mycroft/skills/mycroft-date-time.mycroftai/settings.json
2021-10-29 07:29:53.481 | INFO     |  5352 | mycroft.skills.settings:save_settings:116 | Skill settings successfully saved to /home/runner/.config/mycroft/skills/mycroft-configuration.mycroftai/settings.json
2021-10-29 07:29:53.492 | INFO     |  5352 | QuestionsAnswersSkill | Removing all handlers...
2021-10-29 07:29:53.510 | INFO     |  5352 | mycroft.skills.settings:save_settings:116 | Skill settings successfully saved to /home/runner/.config/mycroft/skills/fallback-query.mycroftai/settings.json
2021-10-29 07:29:53.512 | INFO     |  5352 | mycroft.skills.settings:save_settings:116 | Skill settings successfully saved to /home/runner/.config/mycroft/skills/mycroft-personal.mycroftai/settings.json
2021-10-29 07:29:53.513 | INFO     |  5352 | mycroft.skills.settings:save_settings:116 | Skill settings successfully saved to /home/runner/.config/mycroft/skills/fallback-wolfram-alpha.mycroftai/settings.json
2021-10-29 07:29:53.514 | INFO     |  5352 | mycroft.skills.settings:save_settings:116 | Skill settings successfully saved to /home/runner/.config/mycroft/skills/mycroft-wiki.mycroftai/settings.json
2021-10-29 07:29:53.514 | INFO     |  5352 | UnknownSkill | Removing all handlers...
2021-10-29 07:29:53.515 | INFO     |  5352 | mycroft.skills.settings:save_settings:116 | Skill settings successfully saved to /home/runner/.config/mycroft/skills/fallback-unknown.mycroftai/settings.json
2021-10-29 07:29:53.517 | INFO     |  5352 | mycroft.skills.settings:save_settings:116 | Skill settings successfully saved to /home/runner/.config/mycroft/skills/mycroft-playback-control.mycroftai/settings.json
2021-10-29 07:29:54.517 | INFO     |  5352 | Playback Control Skill | Audio service status: {}
2021-10-29 07:29:55.519 | WARNING  |  5352 | mycroft.skills.skill_manager:_shutdown_skill:106 | mycroft-playback-control.mycroftai shutdown took 2.0019221530000095 seconds
2021-10-29 07:29:55.519 | INFO     |  5352 | __main__:shutdown:291 | Skills service shutdown complete!
2021-10-29 07:29:56.043 | ERROR    |  5352 | websocket | error from callback <bound method MessageBusClient.on_message of <mycroft.messagebus.client.client.MessageBusClient object at 0x7fc260b8de10>>: cannot schedule new futures after shutdown
2021-10-29 07:29:56.043 | ERROR    |  5352 | mycroft_bus_client.client.client | === RuntimeError('cannot schedule new futures after shutdown') ===
Traceback (most recent call last):
  File "/opt/mycroft-core/.venv/lib/python3.7/site-packages/websocket/_app.py", line 407, in _callback
    callback(self, *args)
  File "/opt/mycroft-core/.venv/lib/python3.7/site-packages/mycroft_bus_client/client/client.py", line 182, in on_message
    self.emitter.emit('message', message)
  File "/opt/mycroft-core/.venv/lib/python3.7/site-packages/pyee/_base.py", line 113, in emit
    handled = self._call_handlers(event, args, kwargs)
  File "/opt/mycroft-core/.venv/lib/python3.7/site-packages/pyee/_base.py", line 96, in _call_handlers
    self._emit_run(f, args, kwargs)
  File "/opt/mycroft-core/.venv/lib/python3.7/site-packages/pyee/_executor.py", line 50, in _emit_run
    future = self._executor.submit(f, *args, **kwargs)
  File "/opt/hostedtoolcache/Python/3.7.12/x64/lib/python3.7/concurrent/futures/thread.py", line 163, in submit
    raise RuntimeError('cannot schedule new futures after shutdown')
RuntimeError: cannot schedule new futures after shutdown
2021-10-29 07:29:56.044 | ERROR    |  5352 | mycroft_bus_client.client.client | Exception closing websocket: RuntimeError('cannot schedule new futures after shutdown')
2021-10-29 07:29:56.044 | WARNING  |  5352 | mycroft_bus_client.client.client | Message Bus Client will reconnect in 5.0 seconds.
