2022-03-28 09:19:42.107 | INFO     |  4680 | mycroft.messagebus.load_config:load_message_bus_config:33 | Loading message bus configs
2022-03-28 09:19:42.116 | ERROR    |  4680 | mycroft_bus_client.client.client | === ConnectionRefusedError(111, 'Connection refused') ===
Traceback (most recent call last):
  File "/opt/mycroft-core/.venv/lib/python3.7/site-packages/websocket/_app.py", line 318, in run_forever
    proxy_type=proxy_type)
  File "/opt/mycroft-core/.venv/lib/python3.7/site-packages/websocket/_core.py", line 250, in connect
    options.pop('socket', None))
  File "/opt/mycroft-core/.venv/lib/python3.7/site-packages/websocket/_http.py", line 130, in connect
    sock = _open_socket(addrinfo_list, options.sockopt, options.timeout)
  File "/opt/mycroft-core/.venv/lib/python3.7/site-packages/websocket/_http.py", line 208, in _open_socket
    raise err
  File "/opt/mycroft-core/.venv/lib/python3.7/site-packages/websocket/_http.py", line 185, in _open_socket
    sock.connect(address)
ConnectionRefusedError: [Errno 111] Connection refused
2022-03-28 09:19:42.117 | ERROR    |  4680 | mycroft_bus_client.client.client | Exception closing websocket: ConnectionRefusedError(111, 'Connection refused')
2022-03-28 09:19:42.117 | WARNING  |  4680 | mycroft_bus_client.client.client | Message Bus Client will reconnect in 5.0 seconds.
2022-03-28 09:19:47.124 | INFO     |  4680 | mycroft_bus_client.client.client | Connected
2022-03-28 09:19:47.131 | INFO     |  4680 | mycroft.util.process_utils:start_message_bus_client:155 | Connected to messagebus
2022-03-28 09:19:47.139 | INFO     |  4680 | mycroft.skills.msm_wrapper:create_msm:96 | Acquiring lock to instantiate MSM
2022-03-28 09:19:47.140 | INFO     |  4680 | msm.mycroft_skills_manager | building SkillEntry objects for all skills
2022-03-28 09:19:47.545 | INFO     |  4680 | mycroft.skills.msm_wrapper:create_msm:112 | Releasing MSM instantiation lock.
2022-03-28 09:19:47.546 | INFO     |  4680 | mycroft.skills.skill_updater:_log_next_download_time:267 | Next scheduled skill update: 2022-03-28 09:19:46.545527
2022-03-28 09:19:47.546 | INFO     |  4680 | msm.skill_entry | Downloading skill: https://github.com/mycroftai/skill-pairing
2022-03-28 09:19:47.890 | INFO     |  4680 | msm.skill_entry | Installing system requirements...
2022-03-28 09:19:47.902 | INFO     |  4680 | msm.skill_entry | Successfully installed mycroft-pairing
2022-03-28 09:19:47.902 | INFO     |  4680 | msm.mycroft_skills_manager | invalidating skills cache
2022-03-28 09:19:47.904 | INFO     |  4680 | mycroft.skills.skill_loader:load:185 | ATTEMPTING TO LOAD SKILL: mycroft-pairing.mycroftai
2022-03-28 09:19:47.912 | INFO     |  4680 | mycroft.skills.settings:get_local_settings:83 | /opt/mycroft/skills/mycroft-pairing.mycroftai/settings.json
2022-03-28 09:19:47.922 | INFO     |  4680 | mycroft.skills.skill_loader:_check_for_first_run:324 | First run of mycroft-pairing.mycroftai
2022-03-28 09:19:47.923 | INFO     |  4680 | mycroft.skills.settings:save_settings:116 | Skill settings successfully saved to /home/runner/.config/mycroft/skills/mycroft-pairing.mycroftai/settings.json
2022-03-28 09:19:47.924 | INFO     |  4680 | mycroft.skills.skill_loader:_communicate_load_status:344 | Skill mycroft-pairing.mycroftai loaded successfully
2022-03-28 09:19:47.924 | INFO     |  4680 | msm.skill_entry | Downloading skill: https://github.com/mycroftai/skill-volume
2022-03-28 09:19:48.227 | INFO     |  4680 | msm.skill_entry | Installing system requirements...
2022-03-28 09:19:48.240 | INFO     |  4680 | msm.skill_entry | Installing requirements.txt for mycroft-volume
2022-03-28 09:19:49.312 | INFO     |  4680 | msm.skill_entry | Successfully installed mycroft-volume
2022-03-28 09:19:49.312 | INFO     |  4680 | msm.mycroft_skills_manager | invalidating skills cache
2022-03-28 09:19:49.314 | INFO     |  4680 | mycroft.skills.skill_loader:load:185 | ATTEMPTING TO LOAD SKILL: mycroft-volume.mycroftai
2022-03-28 09:19:49.323 | INFO     |  4680 | mycroft.skills.settings:get_local_settings:83 | /opt/mycroft/skills/mycroft-volume.mycroftai/settings.json
2022-03-28 09:19:49.442 | ERROR    |  4680 | VolumeSkill | Couldn't allocate mixer, ALSAAudioError('No such file or directory [default]')
2022-03-28 09:19:52.446 | INFO     |  4680 | mycroft.skills.skill_loader:_check_for_first_run:324 | First run of mycroft-volume.mycroftai
2022-03-28 09:19:52.448 | INFO     |  4680 | mycroft.skills.settings:save_settings:116 | Skill settings successfully saved to /home/runner/.config/mycroft/skills/mycroft-volume.mycroftai/settings.json
2022-03-28 09:19:52.577 | INFO     |  4680 | mycroft.skills.skill_loader:_communicate_load_status:344 | Skill mycroft-volume.mycroftai loaded successfully
2022-03-28 09:19:52.577 | INFO     |  4680 | __main__:on_started:177 | Skills service is starting up.
2022-03-28 09:19:52.627 | INFO     |  4680 | __main__:_update_system:154 | Attempting system update...
2022-03-28 09:19:55.632 | INFO     |  4680 | mycroft.enclosure.display_manager:_write_data:70 | Display Manager is creating /tmp/mycroft/ipc/managers/disp_info
2022-03-28 09:19:55.633 | INFO     |  4680 | __main__:_ensure_device_is_paired:133 | Device not paired, invoking the pairing skill
2022-03-28 09:19:55.635 | INFO     |  4680 | __main__:on_alive:181 | Skills service is alive.
2022-03-28 09:19:55.641 | INFO     |  4680 | msm.mycroft_skills_manager | building SkillEntry objects for all skills
2022-03-28 09:19:55.862 | INFO     |  4680 | PairingSkill | Communicating account URL to user
2022-03-28 09:19:55.942 | WARNING  |  4680 | msm.mycroft_skills_manager | No such default skill: mycroft-pandora
2022-03-28 09:19:55.943 | INFO     |  4680 | mycroft.skills.skill_manager:run:234 | Not all default skills are installed, performing skill update...
2022-03-28 09:19:55.943 | INFO     |  4680 | mycroft.skills.skill_updater:update_skills:149 | Beginning skill update...
2022-03-28 09:19:55.987 | INFO     |  4680 | msm.mycroft_skills_manager | building SkillEntry objects for all skills
2022-03-28 09:19:56.181 | INFO     |  4680 | msm.mycroft_skills_manager | invalidating skills cache
2022-03-28 09:19:56.212 | INFO     |  4680 | msm.skill_entry | Downloading skill: https://github.com/mycroftai/fallback-unknown
2022-03-28 09:19:56.221 | INFO     |  4680 | msm.skill_entry | Downloading skill: https://github.com/mycroftai/fallback-wolfram-alpha
2022-03-28 09:19:56.223 | INFO     |  4680 | msm.skill_entry | Downloading skill: https://github.com/mycroftai/skill-alarm
2022-03-28 09:19:56.229 | INFO     |  4680 | msm.skill_entry | Downloading skill: https://github.com/mycroftai/skill-audio-record
2022-03-28 09:19:56.236 | INFO     |  4680 | msm.skill_entry | Downloading skill: https://github.com/mycroftai/skill-configuration
2022-03-28 09:19:56.240 | INFO     |  4680 | msm.skill_entry | Downloading skill: https://github.com/mycroftai/skill-date-time
2022-03-28 09:19:56.245 | INFO     |  4680 | msm.skill_entry | Downloading skill: https://github.com/mycroftai/fallback-duckduckgo
2022-03-28 09:19:56.256 | INFO     |  4680 | msm.skill_entry | Downloading skill: https://github.com/mycroftai/skill-hello-world
2022-03-28 09:19:56.281 | INFO     |  4680 | msm.skill_entry | Downloading skill: https://github.com/mycroftai/skill-installer
2022-03-28 09:19:56.284 | INFO     |  4680 | msm.skill_entry | Downloading skill: https://github.com/mycroftai/skill-ip
2022-03-28 09:19:56.326 | INFO     |  4680 | msm.skill_entry | Downloading skill: https://github.com/mycroftai/skill-joke
2022-03-28 09:19:56.337 | INFO     |  4680 | msm.skill_entry | Downloading skill: https://github.com/mycroftai/skill-naptime
2022-03-28 09:19:56.341 | INFO     |  4680 | msm.skill_entry | Downloading skill: https://github.com/mycroftai/skill-npr-news
2022-03-28 09:19:56.349 | INFO     |  4680 | msm.skill_entry | Downloading skill: https://github.com/mycroftai/skill-personal
2022-03-28 09:19:56.354 | INFO     |  4680 | msm.skill_entry | Downloading skill: https://github.com/mycroftai/skill-playback-control
2022-03-28 09:19:56.362 | INFO     |  4680 | msm.skill_entry | Downloading skill: https://github.com/mycroftai/skill-reminder
2022-03-28 09:19:56.365 | INFO     |  4680 | msm.skill_entry | Downloading skill: https://github.com/mycroftai/skill-singing
2022-03-28 09:19:57.307 | INFO     |  4680 | msm.skill_entry | Installing system requirements...
2022-03-28 09:19:57.438 | INFO     |  4680 | msm.skill_entry | Successfully installed fallback-unknown
2022-03-28 09:19:57.438 | INFO     |  4680 | msm.mycroft_skills_manager | invalidating skills cache
2022-03-28 09:19:57.439 | INFO     |  4680 | msm.skill_entry | Downloading skill: https://github.com/mycroftai/skill-speak
2022-03-28 09:19:58.074 | INFO     |  4680 | msm.skill_entry | Installing system requirements...
2022-03-28 09:19:58.202 | INFO     |  4680 | msm.skill_entry | Installing system requirements...
2022-03-28 09:19:58.302 | INFO     |  4680 | msm.skill_entry | Installing system requirements...
2022-03-28 09:19:58.316 | INFO     |  4680 | msm.skill_entry | Installing system requirements...
2022-03-28 09:19:58.331 | INFO     |  4680 | msm.skill_entry | Installing system requirements...
2022-03-28 09:19:58.364 | INFO     |  4680 | msm.skill_entry | Installing system requirements...
2022-03-28 09:19:58.370 | INFO     |  4680 | msm.skill_entry | Installing requirements.txt for mycroft-fallback-duck-duck-go
2022-03-28 09:19:58.403 | INFO     |  4680 | msm.skill_entry | Installing system requirements...
2022-03-28 09:19:58.450 | INFO     |  4680 | msm.skill_entry | Successfully installed mycroft-hello-world
2022-03-28 09:19:58.450 | INFO     |  4680 | msm.mycroft_skills_manager | invalidating skills cache
2022-03-28 09:19:58.452 | INFO     |  4680 | msm.skill_entry | Installing system requirements...
2022-03-28 09:19:58.470 | INFO     |  4680 | msm.skill_entry | Downloading skill: https://github.com/mycroftai/skill-spelling
2022-03-28 09:19:58.539 | INFO     |  4680 | msm.skill_entry | Installing requirements.txt for mycroft-joke
2022-03-28 09:19:58.582 | INFO     |  4680 | msm.skill_entry | Installing system requirements...
2022-03-28 09:19:58.589 | INFO     |  4680 | msm.skill_entry | Installing requirements.txt for mycroft-audio-record
2022-03-28 09:19:58.589 | INFO     |  4680 | msm.skill_entry | Successfully installed mycroft-playback-control
2022-03-28 09:19:58.590 | INFO     |  4680 | msm.mycroft_skills_manager | invalidating skills cache
2022-03-28 09:19:58.593 | INFO     |  4680 | msm.skill_entry | Downloading skill: https://github.com/mycroftai/skill-stop
2022-03-28 09:19:58.602 | INFO     |  4680 | msm.skill_entry | Installing requirements.txt for fallback-wolfram-alpha
2022-03-28 09:19:58.655 | INFO     |  4680 | msm.skill_entry | Installing requirements.txt for mycroft-ip
2022-03-28 09:19:58.734 | INFO     |  4680 | msm.skill_entry | Successfully installed mycroft-personal
2022-03-28 09:19:58.734 | INFO     |  4680 | msm.skill_entry | Successfully installed mycroft-naptime
2022-03-28 09:19:58.734 | INFO     |  4680 | msm.mycroft_skills_manager | invalidating skills cache
2022-03-28 09:19:58.736 | INFO     |  4680 | msm.mycroft_skills_manager | invalidating skills cache
2022-03-28 09:19:58.743 | INFO     |  4680 | msm.skill_entry | Downloading skill: https://github.com/mycroftai/mycroft-timer
2022-03-28 09:19:58.750 | INFO     |  4680 | msm.skill_entry | Downloading skill: https://github.com/mycroftai/skill-support
2022-03-28 09:19:58.761 | INFO     |  4680 | msm.skill_entry | Installing system requirements...
2022-03-28 09:19:58.763 | INFO     |  4680 | msm.skill_entry | Installing system requirements...
2022-03-28 09:19:58.886 | INFO     |  4680 | msm.skill_entry | Installing system requirements...
2022-03-28 09:19:58.927 | INFO     |  4680 | msm.skill_entry | Installing system requirements...
2022-03-28 09:19:58.991 | INFO     |  4680 | msm.skill_entry | Successfully installed mycroft-reminder
2022-03-28 09:19:58.992 | INFO     |  4680 | msm.mycroft_skills_manager | invalidating skills cache
2022-03-28 09:19:58.993 | INFO     |  4680 | msm.skill_entry | Downloading skill: https://github.com/mycroftai/skill-weather
2022-03-28 09:19:59.003 | INFO     |  4680 | msm.skill_entry | Installing requirements.txt for mycroft-configuration
2022-03-28 09:19:59.073 | INFO     |  4680 | msm.skill_entry | Installing requirements.txt for mycroft-npr-news
2022-03-28 09:19:59.086 | INFO     |  4680 | msm.skill_entry | Installing requirements.txt for mycroft-installer
2022-03-28 09:19:59.143 | INFO     |  4680 | msm.skill_entry | Nothing new for mycroft-pairing
2022-03-28 09:19:59.155 | INFO     |  4680 | msm.skill_entry | Installing system requirements...
2022-03-28 09:19:59.216 | ERROR    |  4680 | msm.mycroft_skills_manager | Error running install_or_update on homeassistant.mycroftai: MergeConflict
2022-03-28 09:19:59.217 | INFO     |  4680 | msm.skill_entry | Downloading skill: https://github.com/mycroftai/skill-version-checker
2022-03-28 09:19:59.247 | INFO     |  4680 | msm.skill_entry | Installing system requirements...
2022-03-28 09:19:59.273 | INFO     |  4680 | msm.skill_entry | Downloading skill: https://github.com/mycroftai/skill-wiki
2022-03-28 09:19:59.318 | INFO     |  4680 | msm.skill_entry | Installing requirements.txt for mycroft-date-time
2022-03-28 09:19:59.429 | INFO     |  4680 | msm.skill_entry | Installing system requirements...
2022-03-28 09:19:59.480 | INFO     |  4680 | msm.skill_entry | Successfully installed mycroft-speak
2022-03-28 09:19:59.480 | INFO     |  4680 | msm.mycroft_skills_manager | invalidating skills cache
2022-03-28 09:19:59.483 | INFO     |  4680 | msm.skill_entry | Downloading skill: https://github.com/MycroftAI/skill-query
2022-03-28 09:19:59.497 | INFO     |  4680 | msm.skill_entry | Nothing new for mycroft-volume
2022-03-28 09:19:59.688 | INFO     |  4680 | msm.skill_entry | Installing system requirements...
2022-03-28 09:19:59.748 | INFO     |  4680 | msm.skill_entry | Installing requirements.txt for mycroft-volume
2022-03-28 09:19:59.870 | INFO     |  4680 | msm.skill_entry | Installing system requirements...
2022-03-28 09:19:59.942 | INFO     |  4680 | msm.skill_entry | Installing requirements.txt for mycroft-alarm
2022-03-28 09:20:00.058 | INFO     |  4680 | msm.skill_entry | Installing system requirements...
2022-03-28 09:20:00.182 | INFO     |  4680 | msm.skill_entry | Installing system requirements...
2022-03-28 09:20:00.188 | INFO     |  4680 | msm.skill_entry | Installing system requirements...
2022-03-28 09:20:00.265 | INFO     |  4680 | msm.skill_entry | Installing requirements.txt for mycroft-support-helper
2022-03-28 09:20:00.267 | INFO     |  4680 | msm.skill_entry | Installing system requirements...
2022-03-28 09:20:00.313 | INFO     |  4680 | msm.skill_entry | Successfully installed mycroft-spelling
2022-03-28 09:20:00.313 | INFO     |  4680 | msm.mycroft_skills_manager | invalidating skills cache
2022-03-28 09:20:00.332 | INFO     |  4680 | msm.skill_entry | Successfully installed mycroft-stop
2022-03-28 09:20:00.332 | INFO     |  4680 | msm.mycroft_skills_manager | invalidating skills cache
2022-03-28 09:20:00.385 | INFO     |  4680 | msm.skill_entry | Successfully installed mycroft-version-checker
2022-03-28 09:20:00.386 | INFO     |  4680 | msm.mycroft_skills_manager | invalidating skills cache
2022-03-28 09:20:00.388 | INFO     |  4680 | msm.skill_entry | Installing system requirements...
2022-03-28 09:20:00.461 | INFO     |  4680 | msm.skill_entry | Installing system requirements...
2022-03-28 09:20:00.502 | INFO     |  4680 | msm.skill_entry | Successfully installed fallback-query
2022-03-28 09:20:00.502 | INFO     |  4680 | msm.mycroft_skills_manager | invalidating skills cache
2022-03-28 09:20:00.529 | INFO     |  4680 | msm.skill_entry | Installing requirements.txt for mycroft-wiki
2022-03-28 09:20:00.585 | INFO     |  4680 | msm.skill_entry | Installing system requirements...
2022-03-28 09:20:00.635 | INFO     |  4680 | msm.skill_entry | Successfully installed mycroft-timer
2022-03-28 09:20:00.635 | INFO     |  4680 | msm.mycroft_skills_manager | invalidating skills cache
2022-03-28 09:20:00.805 | INFO     |  4680 | msm.skill_entry | Installing system requirements...
2022-03-28 09:20:00.863 | INFO     |  4680 | msm.skill_entry | Installing requirements.txt for mycroft-weather
2022-03-28 09:20:00.981 | ERROR    |  4680 | msm.mycroft_skills_manager | Error running install_or_update on homeassistant: MergeConflict
2022-03-28 09:20:01.003 | INFO     |  4680 | msm.skill_entry | Installing system requirements...
2022-03-28 09:20:01.040 | INFO     |  4680 | msm.skill_entry | Successfully installed mycroft-singing
2022-03-28 09:20:01.040 | INFO     |  4680 | msm.mycroft_skills_manager | invalidating skills cache
2022-03-28 09:20:01.953 | INFO     |  4680 | msm.skill_entry | Successfully installed mycroft-fallback-duck-duck-go
2022-03-28 09:20:01.954 | INFO     |  4680 | msm.mycroft_skills_manager | invalidating skills cache
2022-03-28 09:20:03.253 | INFO     |  4680 | msm.skill_entry | Successfully installed mycroft-joke
2022-03-28 09:20:03.256 | INFO     |  4680 | msm.mycroft_skills_manager | invalidating skills cache
2022-03-28 09:20:04.489 | INFO     |  4680 | msm.skill_entry | Successfully installed mycroft-audio-record
2022-03-28 09:20:04.489 | INFO     |  4680 | msm.mycroft_skills_manager | invalidating skills cache
2022-03-28 09:20:10.929 | INFO     |  4680 | msm.skill_entry | Successfully installed fallback-wolfram-alpha
2022-03-28 09:20:10.930 | INFO     |  4680 | msm.mycroft_skills_manager | invalidating skills cache
2022-03-28 09:20:12.072 | INFO     |  4680 | msm.skill_entry | Successfully installed mycroft-ip
2022-03-28 09:20:12.079 | INFO     |  4680 | msm.mycroft_skills_manager | invalidating skills cache
2022-03-28 09:20:18.151 | INFO     |  4680 | msm.skill_entry | Successfully installed mycroft-configuration
2022-03-28 09:20:18.154 | INFO     |  4680 | msm.mycroft_skills_manager | invalidating skills cache
2022-03-28 09:20:25.052 | INFO     |  4680 | msm.skill_entry | Successfully installed mycroft-npr-news
2022-03-28 09:20:25.052 | INFO     |  4680 | msm.mycroft_skills_manager | invalidating skills cache
2022-03-28 09:20:26.186 | INFO     |  4680 | msm.skill_entry | Successfully installed mycroft-installer
2022-03-28 09:20:26.186 | INFO     |  4680 | msm.mycroft_skills_manager | invalidating skills cache
2022-03-28 09:20:26.204 | INFO     |  4680 | PairingSkill | Initiating device pairing sequence...
2022-03-28 09:20:26.204 | INFO     |  4680 | PairingSkill | Retrieving pairing code from device API...
2022-03-28 09:20:26.365 | INFO     |  4680 | PairingSkill | Pairing code obtained: 7UXJ4A
2022-03-28 09:20:26.365 | INFO     |  4680 | PairingSkill | Communicating pairing URL to user
2022-03-28 09:20:56.720 | INFO     |  4680 | mycroft.skills.settings:save_settings:116 | Skill settings successfully saved to /home/runner/.config/mycroft/skills/mycroft-pairing.mycroftai/settings.json
2022-03-28 09:20:58.513 | INFO     |  4680 | msm.skill_entry | Successfully installed mycroft-date-time
2022-03-28 09:20:58.514 | INFO     |  4680 | msm.mycroft_skills_manager | invalidating skills cache
2022-03-28 09:21:00.770 | INFO     |  4680 | msm.skill_entry | Successfully installed mycroft-alarm
2022-03-28 09:21:00.771 | INFO     |  4680 | msm.mycroft_skills_manager | invalidating skills cache
2022-03-28 09:21:03.337 | INFO     |  4680 | msm.skill_entry | Successfully installed mycroft-support-helper
2022-03-28 09:21:03.338 | INFO     |  4680 | msm.mycroft_skills_manager | invalidating skills cache
2022-03-28 09:21:08.801 | INFO     |  4680 | msm.skill_entry | Successfully installed mycroft-wiki
2022-03-28 09:21:08.802 | INFO     |  4680 | msm.mycroft_skills_manager | invalidating skills cache
2022-03-28 09:21:10.070 | INFO     |  4680 | msm.skill_entry | Successfully installed mycroft-weather
2022-03-28 09:21:10.070 | INFO     |  4680 | msm.mycroft_skills_manager | invalidating skills cache
2022-03-28 09:21:10.153 | INFO     |  4680 | mycroft.skills.skill_updater:_log_next_download_time:267 | Next scheduled skill update: 2022-03-28 10:21:10.152796
2022-03-28 09:21:10.153 | INFO     |  4680 | mycroft.skills.skill_updater:update_skills:170 | Skill update complete
2022-03-28 09:21:10.154 | INFO     |  4680 | mycroft.skills.skill_manager:_load_on_startup:273 | Loading installed skills...
2022-03-28 09:21:10.155 | INFO     |  4680 | mycroft.skills.skill_loader:load:185 | ATTEMPTING TO LOAD SKILL: mycroft-joke.mycroftai
2022-03-28 09:21:10.164 | INFO     |  4680 | mycroft.skills.settings:get_local_settings:83 | /opt/mycroft/skills/mycroft-joke.mycroftai/settings.json
2022-03-28 09:21:10.184 | INFO     |  4680 | mycroft.skills.skill_loader:_check_for_first_run:324 | First run of mycroft-joke.mycroftai
2022-03-28 09:21:10.185 | INFO     |  4680 | mycroft.skills.settings:save_settings:116 | Skill settings successfully saved to /home/runner/.config/mycroft/skills/mycroft-joke.mycroftai/settings.json
2022-03-28 09:21:10.192 | INFO     |  4680 | mycroft.skills.skill_loader:_communicate_load_status:344 | Skill mycroft-joke.mycroftai loaded successfully
2022-03-28 09:21:10.194 | INFO     |  4680 | mycroft.skills.skill_loader:load:185 | ATTEMPTING TO LOAD SKILL: mycroft-alarm.mycroftai
2022-03-28 09:21:10.211 | INFO     |  4680 | mycroft.skills.settings:get_local_settings:83 | /opt/mycroft/skills/mycroft-alarm.mycroftai/settings.json
2022-03-28 09:21:10.211 | ERROR    |  4680 | AlarmSkill | Couldn't allocate mixer, ALSAAudioError('No such file or directory [default]')
2022-03-28 09:21:10.271 | INFO     |  4680 | mycroft.skills.skill_loader:_check_for_first_run:324 | First run of mycroft-alarm.mycroftai
2022-03-28 09:21:10.275 | INFO     |  4680 | mycroft.skills.settings:save_settings:116 | Skill settings successfully saved to /home/runner/.config/mycroft/skills/mycroft-alarm.mycroftai/settings.json
2022-03-28 09:21:10.276 | INFO     |  4680 | mycroft.skills.skill_loader:_communicate_load_status:344 | Skill mycroft-alarm.mycroftai loaded successfully
2022-03-28 09:21:10.276 | INFO     |  4680 | mycroft.skills.skill_loader:load:185 | ATTEMPTING TO LOAD SKILL: mycroft-version-checker.mycroftai
2022-03-28 09:21:10.282 | INFO     |  4680 | mycroft.skills.settings:get_local_settings:83 | /opt/mycroft/skills/mycroft-version-checker.mycroftai/settings.json
2022-03-28 09:21:10.297 | INFO     |  4680 | mycroft.skills.skill_loader:_check_for_first_run:324 | First run of mycroft-version-checker.mycroftai
2022-03-28 09:21:10.298 | INFO     |  4680 | mycroft.skills.settings:save_settings:116 | Skill settings successfully saved to /home/runner/.config/mycroft/skills/mycroft-version-checker.mycroftai/settings.json
2022-03-28 09:21:10.299 | INFO     |  4680 | mycroft.skills.skill_loader:_communicate_load_status:344 | Skill mycroft-version-checker.mycroftai loaded successfully
2022-03-28 09:21:10.300 | INFO     |  4680 | mycroft.skills.skill_loader:load:185 | ATTEMPTING TO LOAD SKILL: mycroft-timer.mycroftai
2022-03-28 09:21:10.316 | INFO     |  4680 | mycroft.skills.settings:get_local_settings:83 | /opt/mycroft/skills/mycroft-timer.mycroftai/settings.json
2022-03-28 09:21:10.357 | INFO     |  4680 | mycroft.skills.skill_loader:_check_for_first_run:324 | First run of mycroft-timer.mycroftai
2022-03-28 09:21:10.357 | INFO     |  4680 | mycroft.skills.settings:save_settings:116 | Skill settings successfully saved to /home/runner/.config/mycroft/skills/mycroft-timer.mycroftai/settings.json
2022-03-28 09:21:10.359 | INFO     |  4680 | mycroft.skills.skill_loader:_communicate_load_status:344 | Skill mycroft-timer.mycroftai loaded successfully
2022-03-28 09:21:10.360 | INFO     |  4680 | mycroft.skills.skill_loader:load:185 | ATTEMPTING TO LOAD SKILL: mycroft-playback-control.mycroftai
2022-03-28 09:21:10.371 | INFO     |  4680 | mycroft.skills.settings:get_local_settings:83 | /opt/mycroft/skills/mycroft-playback-control.mycroftai/settings.json
2022-03-28 09:21:10.400 | INFO     |  4680 | mycroft.skills.skill_loader:_check_for_first_run:324 | First run of mycroft-playback-control.mycroftai
2022-03-28 09:21:10.401 | INFO     |  4680 | mycroft.skills.settings:save_settings:116 | Skill settings successfully saved to /home/runner/.config/mycroft/skills/mycroft-playback-control.mycroftai/settings.json
2022-03-28 09:21:10.405 | INFO     |  4680 | mycroft.skills.skill_loader:_communicate_load_status:344 | Skill mycroft-playback-control.mycroftai loaded successfully
2022-03-28 09:21:10.405 | INFO     |  4680 | mycroft.skills.skill_loader:load:185 | ATTEMPTING TO LOAD SKILL: mycroft-hello-world.mycroftai
2022-03-28 09:21:10.408 | INFO     |  4680 | mycroft.skills.settings:get_local_settings:83 | /opt/mycroft/skills/mycroft-hello-world.mycroftai/settings.json
2022-03-28 09:21:10.421 | INFO     |  4680 | mycroft.skills.skill_loader:_check_for_first_run:324 | First run of mycroft-hello-world.mycroftai
2022-03-28 09:21:10.422 | INFO     |  4680 | mycroft.skills.settings:save_settings:116 | Skill settings successfully saved to /home/runner/.config/mycroft/skills/mycroft-hello-world.mycroftai/settings.json
2022-03-28 09:21:10.423 | INFO     |  4680 | mycroft.skills.skill_loader:_communicate_load_status:344 | Skill mycroft-hello-world.mycroftai loaded successfully
2022-03-28 09:21:10.423 | INFO     |  4680 | mycroft.skills.skill_loader:load:185 | ATTEMPTING TO LOAD SKILL: mycroft-singing.mycroftai
2022-03-28 09:21:10.428 | INFO     |  4680 | mycroft.skills.settings:get_local_settings:83 | /opt/mycroft/skills/mycroft-singing.mycroftai/settings.json
2022-03-28 09:21:10.455 | INFO     |  4680 | mycroft.skills.skill_loader:_check_for_first_run:324 | First run of mycroft-singing.mycroftai
2022-03-28 09:21:10.456 | INFO     |  4680 | mycroft.skills.settings:save_settings:116 | Skill settings successfully saved to /home/runner/.config/mycroft/skills/mycroft-singing.mycroftai/settings.json
2022-03-28 09:21:10.458 | INFO     |  4680 | mycroft.skills.skill_loader:_communicate_load_status:344 | Skill mycroft-singing.mycroftai loaded successfully
2022-03-28 09:21:10.458 | INFO     |  4680 | mycroft.skills.skill_loader:load:185 | ATTEMPTING TO LOAD SKILL: mycroft-speak.mycroftai
2022-03-28 09:21:10.463 | INFO     |  4680 | mycroft.skills.settings:get_local_settings:83 | /opt/mycroft/skills/mycroft-speak.mycroftai/settings.json
2022-03-28 09:21:10.496 | INFO     |  4680 | mycroft.skills.skill_loader:_check_for_first_run:324 | First run of mycroft-speak.mycroftai
2022-03-28 09:21:10.499 | INFO     |  4680 | mycroft.skills.settings:save_settings:116 | Skill settings successfully saved to /home/runner/.config/mycroft/skills/mycroft-speak.mycroftai/settings.json
2022-03-28 09:21:10.500 | INFO     |  4680 | mycroft.skills.skill_loader:_communicate_load_status:344 | Skill mycroft-speak.mycroftai loaded successfully
2022-03-28 09:21:10.502 | INFO     |  4680 | mycroft.skills.skill_loader:load:185 | ATTEMPTING TO LOAD SKILL: fallback-query.mycroftai
2022-03-28 09:21:10.507 | INFO     |  4680 | mycroft.skills.settings:get_local_settings:83 | /opt/mycroft/skills/fallback-query.mycroftai/settings.json
2022-03-28 09:21:10.519 | INFO     |  4680 | mycroft.skills.skill_loader:_check_for_first_run:324 | First run of fallback-query.mycroftai
2022-03-28 09:21:10.520 | INFO     |  4680 | mycroft.skills.settings:save_settings:116 | Skill settings successfully saved to /home/runner/.config/mycroft/skills/fallback-query.mycroftai/settings.json
2022-03-28 09:21:10.521 | INFO     |  4680 | mycroft.skills.skill_loader:_communicate_load_status:344 | Skill fallback-query.mycroftai loaded successfully
2022-03-28 09:21:10.521 | INFO     |  4680 | mycroft.skills.skill_loader:load:185 | ATTEMPTING TO LOAD SKILL: mycroft-fallback-duck-duck-go.mycroftai
2022-03-28 09:21:10.534 | INFO     |  4680 | mycroft.skills.settings:get_local_settings:83 | /opt/mycroft/skills/mycroft-fallback-duck-duck-go.mycroftai/settings.json
2022-03-28 09:21:10.554 | INFO     |  4680 | mycroft.skills.skill_loader:_check_for_first_run:324 | First run of mycroft-fallback-duck-duck-go.mycroftai
2022-03-28 09:21:10.555 | INFO     |  4680 | mycroft.skills.settings:save_settings:116 | Skill settings successfully saved to /home/runner/.config/mycroft/skills/mycroft-fallback-duck-duck-go.mycroftai/settings.json
2022-03-28 09:21:10.556 | INFO     |  4680 | mycroft.skills.skill_loader:_communicate_load_status:344 | Skill mycroft-fallback-duck-duck-go.mycroftai loaded successfully
2022-03-28 09:21:10.557 | INFO     |  4680 | mycroft.skills.skill_loader:load:185 | ATTEMPTING TO LOAD SKILL: mycroft-configuration.mycroftai
2022-03-28 09:21:10.561 | INFO     |  4680 | mycroft.skills.settings:get_local_settings:83 | /opt/mycroft/skills/mycroft-configuration.mycroftai/settings.json
2022-03-28 09:21:10.604 | INFO     |  4680 | mycroft.skills.skill_loader:_check_for_first_run:324 | First run of mycroft-configuration.mycroftai
2022-03-28 09:21:10.605 | INFO     |  4680 | mycroft.skills.settings:save_settings:116 | Skill settings successfully saved to /home/runner/.config/mycroft/skills/mycroft-configuration.mycroftai/settings.json
2022-03-28 09:21:10.606 | INFO     |  4680 | mycroft.skills.skill_loader:_communicate_load_status:344 | Skill mycroft-configuration.mycroftai loaded successfully
2022-03-28 09:21:10.614 | INFO     |  4680 | mycroft.skills.skill_loader:load:185 | ATTEMPTING TO LOAD SKILL: fallback-wolfram-alpha.mycroftai
2022-03-28 09:21:10.658 | INFO     |  4680 | mycroft.skills.settings:get_local_settings:83 | /opt/mycroft/skills/fallback-wolfram-alpha.mycroftai/settings.json
2022-03-28 09:21:10.687 | INFO     |  4680 | mycroft.skills.skill_loader:_check_for_first_run:324 | First run of fallback-wolfram-alpha.mycroftai
2022-03-28 09:21:10.688 | INFO     |  4680 | mycroft.skills.settings:save_settings:116 | Skill settings successfully saved to /home/runner/.config/mycroft/skills/fallback-wolfram-alpha.mycroftai/settings.json
2022-03-28 09:21:10.692 | INFO     |  4680 | mycroft.skills.skill_loader:_communicate_load_status:344 | Skill fallback-wolfram-alpha.mycroftai loaded successfully
2022-03-28 09:21:10.692 | INFO     |  4680 | mycroft.skills.skill_loader:load:185 | ATTEMPTING TO LOAD SKILL: mycroft-date-time.mycroftai
2022-03-28 09:21:11.253 | INFO     |  4680 | mycroft.skills.settings:get_local_settings:83 | /opt/mycroft/skills/mycroft-date-time.mycroftai/settings.json
2022-03-28 09:21:11.287 | INFO     |  4680 | TimeSkill | Registering resting screen <bound method TimeSkill.handle_idle of <mycroft-date-time_mycroftai.TimeSkill object at 0x7f1bc8a32390>> for Time and Date.
2022-03-28 09:21:11.289 | INFO     |  4680 | TimeSkill | Registering resting screen
2022-03-28 09:21:11.298 | INFO     |  4680 | mycroft.skills.skill_loader:_check_for_first_run:324 | First run of mycroft-date-time.mycroftai
2022-03-28 09:21:11.300 | INFO     |  4680 | mycroft.skills.settings:save_settings:116 | Skill settings successfully saved to /home/runner/.config/mycroft/skills/mycroft-date-time.mycroftai/settings.json
2022-03-28 09:21:11.302 | INFO     |  4680 | mycroft.skills.skill_loader:_communicate_load_status:344 | Skill mycroft-date-time.mycroftai loaded successfully
2022-03-28 09:21:11.302 | INFO     |  4680 | mycroft.skills.skill_loader:load:185 | ATTEMPTING TO LOAD SKILL: mycroft-weather.mycroftai
2022-03-28 09:21:11.337 | INFO     |  4680 | mycroft.skills.settings:get_local_settings:83 | /opt/mycroft/skills/mycroft-weather.mycroftai/settings.json
2022-03-28 09:21:11.468 | INFO     |  4680 | mycroft.skills.skill_loader:_check_for_first_run:324 | First run of mycroft-weather.mycroftai
2022-03-28 09:21:11.469 | INFO     |  4680 | mycroft.skills.settings:save_settings:116 | Skill settings successfully saved to /home/runner/.config/mycroft/skills/mycroft-weather.mycroftai/settings.json
2022-03-28 09:21:11.472 | INFO     |  4680 | mycroft.skills.skill_loader:_communicate_load_status:344 | Skill mycroft-weather.mycroftai loaded successfully
2022-03-28 09:21:11.472 | INFO     |  4680 | mycroft.skills.skill_loader:load:185 | ATTEMPTING TO LOAD SKILL: mycroft-audio-record.mycroftai
2022-03-28 09:21:11.484 | INFO     |  4680 | mycroft.skills.settings:get_local_settings:83 | /opt/mycroft/skills/mycroft-audio-record.mycroftai/settings.json
2022-03-28 09:21:11.525 | INFO     |  4680 | mycroft.skills.skill_loader:_check_for_first_run:324 | First run of mycroft-audio-record.mycroftai
2022-03-28 09:21:11.528 | INFO     |  4680 | mycroft.skills.settings:save_settings:116 | Skill settings successfully saved to /home/runner/.config/mycroft/skills/mycroft-audio-record.mycroftai/settings.json
2022-03-28 09:21:11.532 | INFO     |  4680 | mycroft.skills.skill_loader:_communicate_load_status:344 | Skill mycroft-audio-record.mycroftai loaded successfully
2022-03-28 09:21:11.532 | INFO     |  4680 | mycroft.skills.skill_loader:load:185 | ATTEMPTING TO LOAD SKILL: mycroft-wiki.mycroftai
2022-03-28 09:21:11.727 | INFO     |  4680 | mycroft.skills.settings:get_local_settings:83 | /opt/mycroft/skills/mycroft-wiki.mycroftai/settings.json
2022-03-28 09:21:11.762 | INFO     |  4680 | mycroft.skills.skill_loader:_check_for_first_run:324 | First run of mycroft-wiki.mycroftai
2022-03-28 09:21:11.763 | INFO     |  4680 | mycroft.skills.settings:save_settings:116 | Skill settings successfully saved to /home/runner/.config/mycroft/skills/mycroft-wiki.mycroftai/settings.json
2022-03-28 09:21:11.768 | INFO     |  4680 | mycroft.skills.skill_loader:_communicate_load_status:344 | Skill mycroft-wiki.mycroftai loaded successfully
2022-03-28 09:21:11.769 | INFO     |  4680 | mycroft.skills.skill_loader:load:185 | ATTEMPTING TO LOAD SKILL: mycroft-naptime.mycroftai
2022-03-28 09:21:11.783 | INFO     |  4680 | mycroft.skills.settings:get_local_settings:83 | /opt/mycroft/skills/mycroft-naptime.mycroftai/settings.json
2022-03-28 09:21:11.790 | INFO     |  4680 | mycroft.skills.skill_loader:_check_for_first_run:324 | First run of mycroft-naptime.mycroftai
2022-03-28 09:21:11.803 | INFO     |  4680 | mycroft.skills.settings:save_settings:116 | Skill settings successfully saved to /home/runner/.config/mycroft/skills/mycroft-naptime.mycroftai/settings.json
2022-03-28 09:21:11.806 | INFO     |  4680 | mycroft.skills.skill_loader:_communicate_load_status:344 | Skill mycroft-naptime.mycroftai loaded successfully
2022-03-28 09:21:11.806 | INFO     |  4680 | mycroft.skills.skill_loader:load:185 | ATTEMPTING TO LOAD SKILL: mycroft-npr-news.mycroftai
2022-03-28 09:21:11.923 | INFO     |  4680 | mycroft.skills.settings:get_local_settings:83 | /opt/mycroft/skills/mycroft-npr-news.mycroftai/settings.json
2022-03-28 09:21:12.954 | INFO     |  4680 | mycroft.skills.skill_loader:_check_for_first_run:324 | First run of mycroft-npr-news.mycroftai
2022-03-28 09:21:12.955 | INFO     |  4680 | mycroft.skills.settings:save_settings:116 | Skill settings successfully saved to /home/runner/.config/mycroft/skills/mycroft-npr-news.mycroftai/settings.json
2022-03-28 09:21:12.961 | INFO     |  4680 | mycroft.skills.skill_loader:_communicate_load_status:344 | Skill mycroft-npr-news.mycroftai loaded successfully
2022-03-28 09:21:12.962 | INFO     |  4680 | mycroft.skills.skill_loader:load:185 | ATTEMPTING TO LOAD SKILL: mycroft-support-helper.mycroftai
2022-03-28 09:21:12.969 | INFO     |  4680 | mycroft.skills.settings:get_local_settings:83 | /opt/mycroft/skills/mycroft-support-helper.mycroftai/settings.json
2022-03-28 09:21:12.978 | INFO     |  4680 | mycroft.skills.skill_loader:_check_for_first_run:324 | First run of mycroft-support-helper.mycroftai
2022-03-28 09:21:12.979 | INFO     |  4680 | mycroft.skills.settings:save_settings:116 | Skill settings successfully saved to /home/runner/.config/mycroft/skills/mycroft-support-helper.mycroftai/settings.json
2022-03-28 09:21:12.982 | INFO     |  4680 | mycroft.skills.skill_loader:_communicate_load_status:344 | Skill mycroft-support-helper.mycroftai loaded successfully
2022-03-28 09:21:12.982 | INFO     |  4680 | mycroft.skills.skill_loader:load:185 | ATTEMPTING TO LOAD SKILL: mycroft-personal.mycroftai
2022-03-28 09:21:12.986 | INFO     |  4680 | mycroft.skills.settings:get_local_settings:83 | /opt/mycroft/skills/mycroft-personal.mycroftai/settings.json
2022-03-28 09:21:13.022 | INFO     |  4680 | mycroft.skills.skill_loader:_check_for_first_run:324 | First run of mycroft-personal.mycroftai
2022-03-28 09:21:13.023 | INFO     |  4680 | mycroft.skills.settings:save_settings:116 | Skill settings successfully saved to /home/runner/.config/mycroft/skills/mycroft-personal.mycroftai/settings.json
2022-03-28 09:21:13.026 | INFO     |  4680 | mycroft.skills.skill_loader:_communicate_load_status:344 | Skill mycroft-personal.mycroftai loaded successfully
2022-03-28 09:21:13.027 | INFO     |  4680 | mycroft.skills.skill_loader:load:185 | ATTEMPTING TO LOAD SKILL: homeassistant.mycroftai
2022-03-28 09:21:13.196 | INFO     |  4680 | mycroft.skills.settings:get_local_settings:83 | /opt/mycroft/skills/homeassistant.mycroftai/settings.json
2022-03-28 09:21:13.197 | INFO     |  4680 | mycroft.skills.settings:get_local_settings:83 | /opt/mycroft/skills/homeassistant.mycroftai/settings.json
2022-03-28 09:21:13.312 | INFO     |  4680 | mycroft.skills.skill_loader:_communicate_load_status:344 | Skill homeassistant.mycroftai loaded successfully
2022-03-28 09:21:13.312 | INFO     |  4680 | mycroft.skills.skill_loader:load:185 | ATTEMPTING TO LOAD SKILL: mycroft-ip.mycroftai
2022-03-28 09:21:13.335 | INFO     |  4680 | mycroft.skills.settings:get_local_settings:83 | /opt/mycroft/skills/mycroft-ip.mycroftai/settings.json
2022-03-28 09:21:13.367 | INFO     |  4680 | mycroft.skills.skill_loader:_check_for_first_run:324 | First run of mycroft-ip.mycroftai
2022-03-28 09:21:13.368 | INFO     |  4680 | mycroft.skills.settings:save_settings:116 | Skill settings successfully saved to /home/runner/.config/mycroft/skills/mycroft-ip.mycroftai/settings.json
2022-03-28 09:21:13.370 | INFO     |  4680 | mycroft.skills.skill_loader:_communicate_load_status:344 | Skill mycroft-ip.mycroftai loaded successfully
2022-03-28 09:21:13.371 | INFO     |  4680 | mycroft.skills.skill_loader:load:185 | ATTEMPTING TO LOAD SKILL: mycroft-installer.mycroftai
2022-03-28 09:21:13.382 | INFO     |  4680 | mycroft.skills.settings:get_local_settings:83 | /opt/mycroft/skills/mycroft-installer.mycroftai/settings.json
2022-03-28 09:21:13.411 | INFO     |  4680 | mycroft.skills.skill_loader:_check_for_first_run:324 | First run of mycroft-installer.mycroftai
2022-03-28 09:21:13.412 | INFO     |  4680 | mycroft.skills.settings:save_settings:116 | Skill settings successfully saved to /home/runner/.config/mycroft/skills/mycroft-installer.mycroftai/settings.json
2022-03-28 09:21:13.415 | INFO     |  4680 | mycroft.skills.skill_loader:_communicate_load_status:344 | Skill mycroft-installer.mycroftai loaded successfully
2022-03-28 09:21:13.415 | INFO     |  4680 | mycroft.skills.skill_loader:load:185 | ATTEMPTING TO LOAD SKILL: mycroft-stop.mycroftai
2022-03-28 09:21:13.419 | INFO     |  4680 | mycroft.skills.settings:get_local_settings:83 | /opt/mycroft/skills/mycroft-stop.mycroftai/settings.json
2022-03-28 09:21:13.434 | INFO     |  4680 | mycroft.skills.skill_loader:_check_for_first_run:324 | First run of mycroft-stop.mycroftai
2022-03-28 09:21:13.435 | INFO     |  4680 | mycroft.skills.settings:save_settings:116 | Skill settings successfully saved to /home/runner/.config/mycroft/skills/mycroft-stop.mycroftai/settings.json
2022-03-28 09:21:13.436 | INFO     |  4680 | mycroft.skills.skill_loader:_communicate_load_status:344 | Skill mycroft-stop.mycroftai loaded successfully
2022-03-28 09:21:13.438 | INFO     |  4680 | mycroft.skills.skill_loader:load:185 | ATTEMPTING TO LOAD SKILL: fallback-unknown.mycroftai
2022-03-28 09:21:13.451 | INFO     |  4680 | mycroft.skills.settings:get_local_settings:83 | /opt/mycroft/skills/fallback-unknown.mycroftai/settings.json
2022-03-28 09:21:13.464 | INFO     |  4680 | mycroft.skills.skill_loader:_check_for_first_run:324 | First run of fallback-unknown.mycroftai
2022-03-28 09:21:13.465 | INFO     |  4680 | mycroft.skills.settings:save_settings:116 | Skill settings successfully saved to /home/runner/.config/mycroft/skills/fallback-unknown.mycroftai/settings.json
2022-03-28 09:21:13.471 | INFO     |  4680 | mycroft.skills.skill_loader:_communicate_load_status:344 | Skill fallback-unknown.mycroftai loaded successfully
2022-03-28 09:21:13.471 | INFO     |  4680 | mycroft.skills.skill_loader:load:185 | ATTEMPTING TO LOAD SKILL: mycroft-spelling.mycroftai
2022-03-28 09:21:13.486 | INFO     |  4680 | mycroft.skills.settings:get_local_settings:83 | /opt/mycroft/skills/mycroft-spelling.mycroftai/settings.json
2022-03-28 09:21:13.512 | INFO     |  4680 | mycroft.skills.skill_loader:_check_for_first_run:324 | First run of mycroft-spelling.mycroftai
2022-03-28 09:21:13.513 | INFO     |  4680 | mycroft.skills.settings:save_settings:116 | Skill settings successfully saved to /home/runner/.config/mycroft/skills/mycroft-spelling.mycroftai/settings.json
2022-03-28 09:21:13.514 | INFO     |  4680 | mycroft.skills.skill_loader:_communicate_load_status:344 | Skill mycroft-spelling.mycroftai loaded successfully
2022-03-28 09:21:13.515 | INFO     |  4680 | mycroft.skills.skill_loader:load:185 | ATTEMPTING TO LOAD SKILL: mycroft-reminder.mycroftai
2022-03-28 09:21:13.552 | INFO     |  4680 | mycroft.skills.settings:get_local_settings:83 | /opt/mycroft/skills/mycroft-reminder.mycroftai/settings.json
2022-03-28 09:21:13.600 | INFO     |  4680 | mycroft.skills.skill_loader:_check_for_first_run:324 | First run of mycroft-reminder.mycroftai
2022-03-28 09:21:13.601 | INFO     |  4680 | mycroft.skills.settings:save_settings:116 | Skill settings successfully saved to /home/runner/.config/mycroft/skills/mycroft-reminder.mycroftai/settings.json
2022-03-28 09:21:13.605 | INFO     |  4680 | mycroft.skills.skill_loader:_communicate_load_status:344 | Skill mycroft-reminder.mycroftai loaded successfully
2022-03-28 09:21:13.606 | INFO     |  4680 | mycroft.skills.skill_manager:_load_on_startup:275 | Skills all loaded!
2022-03-28 09:21:13.615 | INFO     |  4680 | __main__:on_ready:185 | Skills service is ready.
2022-03-28 09:21:13.652 | INFO     |  4680 | mycroft.skills.intent_services.padatious_service:train:151 | Training... (single_thread=False)
FANN Error 2: Unable to open configuration file "/home/runner/.local/share/mycroft/intent_cache/homeassistant.mycroftai:{/tmp/mycroft/cache/HomeAssistantSkill/tracker}.intent.net" for writing.
Regenerated homeassistant.mycroftai:{/tmp/mycroft/cache/HomeAssistantSkill/tracker}.
Regenerated mycroft-alarm.mycroftai:{daytype}.
Exception in thread Thread-32:
multiprocessing.pool.RemoteTraceback: 
"""
Traceback (most recent call last):
  File "/opt/hostedtoolcache/Python/3.7.12/x64/lib/python3.7/multiprocessing/pool.py", line 121, in worker
    result = (True, func(*args, **kwds))
  File "/opt/hostedtoolcache/Python/3.7.12/x64/lib/python3.7/multiprocessing/pool.py", line 44, in mapstar
    return list(map(*args))
  File "/opt/mycroft-core/.venv/lib/python3.7/site-packages/padatious/training_manager.py", line 29, in _train_and_save
    obj.save(cache)
  File "/opt/mycroft-core/.venv/lib/python3.7/site-packages/padatious/entity.py", line 43, in save
    SimpleIntent.save(self, prefix)
  File "/opt/mycroft-core/.venv/lib/python3.7/site-packages/padatious/simple_intent.py", line 129, in save
    self.ids.save(prefix)
  File "/opt/mycroft-core/.venv/lib/python3.7/site-packages/padatious/id_manager.py", line 48, in save
    with open(prefix + '.ids', 'w') as f:
FileNotFoundError: [Errno 2] No such file or directory: '/home/runner/.local/share/mycroft/intent_cache/homeassistant.mycroftai:{/tmp/mycroft/cache/HomeAssistantSkill/tracker}.intent.ids'
"""

The above exception was the direct cause of the following exception:

Traceback (most recent call last):
  File "/opt/hostedtoolcache/Python/3.7.12/x64/lib/python3.7/threading.py", line 926, in _bootstrap_inner
    self.run()
  File "/opt/hostedtoolcache/Python/3.7.12/x64/lib/python3.7/threading.py", line 870, in run
    self._target(*self._args, **self._kwargs)
  File "/opt/mycroft-core/.venv/lib/python3.7/site-packages/padatious/training_manager.py", line 100, in train
    pool.map_async(train, self.objects_to_train).get(timeout)
  File "/opt/hostedtoolcache/Python/3.7.12/x64/lib/python3.7/multiprocessing/pool.py", line 657, in get
    raise self._value
FileNotFoundError: [Errno 2] No such file or directory: '/home/runner/.local/share/mycroft/intent_cache/homeassistant.mycroftai:{/tmp/mycroft/cache/HomeAssistantSkill/tracker}.intent.ids'

FANN Error 2: Unable to open configuration file "/home/runner/.local/share/mycroft/intent_cache/homeassistant.mycroftai:{/tmp/mycroft/cache/HomeAssistantSkill/tracker}.intent.net" for writing.
free(): invalid next size (normal)
Regenerated mycroft-alarm.mycroftai:{daytype}.
Regenerated mycroft-date-time.mycroftai:date.last.weekend.intent.
Regenerated mycroft-date-time.mycroftai:what.time.is.it.intent.
Regenerated mycroft-date-time.mycroftai:what.time.will.it.be.intent.
Regenerated mycroft-date-time.mycroftai:date.future.weekend.intent.
Regenerated mycroft-weather.mycroftai:do-i-need-an-umbrella.intent.
Regenerated mycroft-audio-record.mycroftai:PlayRecording.intent.
Regenerated mycroft-audio-record.mycroftai:StartRecording.intent.
Regenerated mycroft-wiki.mycroftai:Random.intent.
Regenerated mycroft-npr-news.mycroftai:PlayTheNews.intent.
Regenerated mycroft-support-helper.mycroftai:contact.support.intent.
Regenerated mycroft-personal.mycroftai:WhoAreYou.intent.
Regenerated mycroft-personal.mycroftai:WhenWereYouBorn.intent.
Regenerated mycroft-personal.mycroftai:WhereWereYouBorn.intent.
Regenerated mycroft-personal.mycroftai:WhatAreYou.intent.
Regenerated mycroft-personal.mycroftai:WhoMadeYou.intent.
Regenerated mycroft-personal.mycroftai:DoYouRhyme.intent.
Regenerated mycroft-personal.mycroftai:DoYouDream.intent.
Regenerated homeassistant.mycroftai:set.light.brightness.intent.
Regenerated homeassistant.mycroftai:sensor.intent.
Regenerated homeassistant.mycroftai:stop.intent.
Regenerated homeassistant.mycroftai:automation.intent.
Regenerated homeassistant.mycroftai:add.item.shopping.list.intent.
Regenerated homeassistant.mycroftai:turn.off.intent.
Regenerated homeassistant.mycroftai:show.camera.image.intent.
Regenerated mycroft-stop.mycroftai:ssh.disable.intent.
Regenerated mycroft-stop.mycroftai:reboot.intent.
Regenerated mycroft-stop.mycroftai:shutdown.intent.
Regenerated mycroft-reminder.mycroftai:DeleteReminderForDay.intent.
Regenerated mycroft-reminder.mycroftai:ClearReminders.intent.
Regenerated mycroft-reminder.mycroftai:GetNextReminders.intent.
Regenerated mycroft-reminder.mycroftai:SnoozeReminder.intent.
Regenerated mycroft-reminder.mycroftai:GetRemindersForDay.intent.
Regenerated mycroft-alarm.mycroftai:change.alarm.sound.intent.
Regenerated mycroft-alarm.mycroftai:snooze.intent.
Regenerated mycroft-timer.mycroftai:timer.status.intent.
Regenerated mycroft-timer.mycroftai:start.timer.intent.
Regenerated mycroft-hello-world.mycroftai:HowAreYou.intent.
Regenerated mycroft-configuration.mycroftai:WhereAreYou.intent.
Regenerated mycroft-configuration.mycroftai:EnablePreciseDev.intent.
Regenerated mycroft-configuration.mycroftai:DisablePreciseDev.intent.
Regenerated homeassistant.mycroftai:turn.on.intent.
Regenerated homeassistant.mycroftai:increase.light.brightness.intent.
Regenerated homeassistant.mycroftai:close.intent.
Regenerated homeassistant.mycroftai:tracker.intent.
Regenerated homeassistant.mycroftai:toggle.intent.
Regenerated homeassistant.mycroftai:decrease.light.brightness.intent.
Regenerated homeassistant.mycroftai:set.climate.intent.
Regenerated homeassistant.mycroftai:open.intent.
Regenerated mycroft-installer.mycroftai:install.beta.intent.
Regenerated mycroft-installer.mycroftai:remove.intent.
Regenerated mycroft-installer.mycroftai:install.intent.
Regenerated mycroft-installer.mycroftai:is.installed.intent.
Regenerated mycroft-installer.mycroftai:install.custom.intent.
Regenerated mycroft-installer.mycroftai:list.skills.intent.
Regenerated mycroft-stop.mycroftai:ssh.enable.intent.
Regenerated mycroft-stop.mycroftai:wifi.setup.intent.
Regenerated mycroft-reminder.mycroftai:Reminder.intent.
Regenerated mycroft-reminder.mycroftai:UnspecifiedReminderAt.intent.
Regenerated mycroft-reminder.mycroftai:ReminderAt.intent.
Regenerated mycroft-reminder.mycroftai:CancelActiveReminder.intent.
2022-03-28 09:21:20.667 | INFO     |  4680 | mycroft.skills.intent_services.padatious_service:train:153 | Training complete.
Regenerated mycroft-alarm.mycroftai:change.alarm.sound.intent.
Regenerated mycroft-alarm.mycroftai:snooze.intent.
Regenerated mycroft-timer.mycroftai:timer.status.intent.
Regenerated mycroft-timer.mycroftai:start.timer.intent.
Regenerated mycroft-hello-world.mycroftai:HowAreYou.intent.
Regenerated mycroft-configuration.mycroftai:WhereAreYou.intent.
Regenerated mycroft-configuration.mycroftai:EnablePreciseDev.intent.
Regenerated mycroft-configuration.mycroftai:DisablePreciseDev.intent.
Regenerated homeassistant.mycroftai:turn.on.intent.
Regenerated homeassistant.mycroftai:increase.light.brightness.intent.
Regenerated homeassistant.mycroftai:close.intent.
Regenerated homeassistant.mycroftai:tracker.intent.
Regenerated homeassistant.mycroftai:toggle.intent.
Regenerated homeassistant.mycroftai:decrease.light.brightness.intent.
Regenerated homeassistant.mycroftai:set.climate.intent.
Regenerated homeassistant.mycroftai:open.intent.
Regenerated mycroft-installer.mycroftai:install.beta.intent.
Regenerated mycroft-installer.mycroftai:remove.intent.
Regenerated mycroft-installer.mycroftai:install.intent.
Regenerated mycroft-installer.mycroftai:is.installed.intent.
Regenerated mycroft-installer.mycroftai:install.custom.intent.
Regenerated mycroft-installer.mycroftai:list.skills.intent.
Regenerated mycroft-stop.mycroftai:ssh.enable.intent.
Regenerated mycroft-stop.mycroftai:wifi.setup.intent.
Regenerated mycroft-stop.mycroftai:ssh.disable.intent.
Regenerated mycroft-stop.mycroftai:reboot.intent.
Regenerated mycroft-stop.mycroftai:shutdown.intent.
Regenerated mycroft-reminder.mycroftai:DeleteReminderForDay.intent.
Regenerated mycroft-reminder.mycroftai:ClearReminders.intent.
Regenerated mycroft-reminder.mycroftai:GetNextReminders.intent.
Regenerated mycroft-reminder.mycroftai:SnoozeReminder.intent.
Regenerated mycroft-reminder.mycroftai:GetRemindersForDay.intent.
Regenerated mycroft-date-time.mycroftai:date.last.weekend.intent.
Regenerated mycroft-date-time.mycroftai:what.time.is.it.intent.
Regenerated mycroft-date-time.mycroftai:what.time.will.it.be.intent.
Regenerated mycroft-date-time.mycroftai:date.future.weekend.intent.
Regenerated mycroft-weather.mycroftai:do-i-need-an-umbrella.intent.
Regenerated mycroft-audio-record.mycroftai:PlayRecording.intent.
Regenerated mycroft-audio-record.mycroftai:StartRecording.intent.
Regenerated mycroft-wiki.mycroftai:Random.intent.
Regenerated mycroft-npr-news.mycroftai:PlayTheNews.intent.
Regenerated mycroft-support-helper.mycroftai:contact.support.intent.
Regenerated mycroft-personal.mycroftai:WhoAreYou.intent.
Regenerated mycroft-personal.mycroftai:WhenWereYouBorn.intent.
Regenerated mycroft-personal.mycroftai:WhereWereYouBorn.intent.
Regenerated mycroft-personal.mycroftai:WhatAreYou.intent.
Regenerated mycroft-personal.mycroftai:WhoMadeYou.intent.
Regenerated mycroft-personal.mycroftai:DoYouRhyme.intent.
Regenerated mycroft-personal.mycroftai:DoYouDream.intent.
Regenerated homeassistant.mycroftai:set.light.brightness.intent.
Regenerated homeassistant.mycroftai:sensor.intent.
Regenerated homeassistant.mycroftai:stop.intent.
Regenerated homeassistant.mycroftai:automation.intent.
Regenerated homeassistant.mycroftai:add.item.shopping.list.intent.
Regenerated homeassistant.mycroftai:turn.off.intent.
Regenerated homeassistant.mycroftai:show.camera.image.intent.
Regenerated mycroft-reminder.mycroftai:Reminder.intent.
Regenerated mycroft-reminder.mycroftai:UnspecifiedReminderAt.intent.
Regenerated mycroft-reminder.mycroftai:ReminderAt.intent.
Regenerated mycroft-reminder.mycroftai:CancelActiveReminder.intent.
2022-03-28 09:21:22.148 | INFO     |  4680 | mycroft.skills.settings:save_settings:116 | Skill settings successfully saved to /home/runner/.config/mycroft/skills/mycroft-timer.mycroftai/settings.json
2022-03-28 09:22:10.559 | WARNING  |  4680 | ConfigurationSkill | Impossible to update configuration because device isn't paired
2022-03-28 09:22:13.414 | ERROR    |  4680 | WeatherSkill | Weather API failure
Traceback (most recent call last):
  File "/opt/mycroft/skills/mycroft-weather.mycroftai/__init__.py", line 1129, in _get_weather
    self.config_core.get("system_unit"), latitude, longitude
  File "/opt/mycroft/skills/mycroft-weather.mycroftai/skill/api.py", line 105, in get_weather_for_coordinates
    response = self.request(api_request)
  File "/opt/mycroft-core/mycroft/api/__init__.py", line 64, in request
    return self.send(params)
  File "/opt/mycroft-core/mycroft/api/__init__.py", line 147, in send
    return self.get_response(response, no_refresh)
  File "/opt/mycroft-core/mycroft/api/__init__.py", line 170, in get_response
    raise HTTPError(data, response=response)
requests.exceptions.HTTPError: {'error': 'device not authorized'}
2022-03-28 09:22:13.416 | INFO     |  4680 | mycroft.skills.settings:save_settings:116 | Skill settings successfully saved to /home/runner/.config/mycroft/skills/mycroft-weather.mycroftai/settings.json
2022-03-28 09:22:13.421 | ERROR    |  4680 | mycroft.skills.mycroft_skill.mycroft_skill:on_error:923 | An error occurred while processing a request in Pairing Skill
Traceback (most recent call last):
  File "/opt/mycroft-core/mycroft/skills/mycroft_skill/event_container.py", line 73, in wrapper
    handler(message)
  File "/opt/mycroft/skills/mycroft-pairing.mycroftai/__init__.py", line 108, in not_paired
    self.handle_pairing()
TypeError: handle_pairing() missing 1 required positional argument: '_'
2022-03-28 09:22:34.907 | INFO     |  4680 | __main__:on_stopping:193 | Skills service is shutting down...
2022-03-28 09:22:34.908 | INFO     |  4680 | __main__:shutdown:284 | Shutting down Skills service
2022-03-28 09:22:34.994 | ERROR    |  4680 | VolumeSkill | Couldn't allocate mixer, ALSAAudioError('No such file or directory [default]')
2022-03-28 09:22:34.995 | INFO     |  4680 | mycroft.skills.settings:save_settings:116 | Skill settings successfully saved to /home/runner/.config/mycroft/skills/mycroft-volume.mycroftai/settings.json
2022-03-28 09:22:34.997 | INFO     |  4680 | mycroft.skills.settings:save_settings:116 | Skill settings successfully saved to /home/runner/.config/mycroft/skills/mycroft-joke.mycroftai/settings.json
2022-03-28 09:22:35.001 | INFO     |  4680 | mycroft.skills.settings:save_settings:116 | Skill settings successfully saved to /home/runner/.config/mycroft/skills/mycroft-alarm.mycroftai/settings.json
2022-03-28 09:22:35.025 | INFO     |  4680 | mycroft.skills.settings:save_settings:116 | Skill settings successfully saved to /home/runner/.config/mycroft/skills/mycroft-version-checker.mycroftai/settings.json
2022-03-28 09:22:35.039 | INFO     |  4680 | mycroft.skills.settings:save_settings:116 | Skill settings successfully saved to /home/runner/.config/mycroft/skills/mycroft-playback-control.mycroftai/settings.json
2022-03-28 09:22:36.055 | INFO     |  4680 | Playback Control Skill | Audio service status: {}
2022-03-28 09:22:37.057 | WARNING  |  4680 | mycroft.skills.skill_manager:_shutdown_skill:106 | mycroft-playback-control.mycroftai shutdown took 2.0195518450000236 seconds
2022-03-28 09:22:37.058 | INFO     |  4680 | mycroft.skills.settings:save_settings:116 | Skill settings successfully saved to /home/runner/.config/mycroft/skills/mycroft-hello-world.mycroftai/settings.json
2022-03-28 09:22:37.059 | INFO     |  4680 | mycroft.skills.settings:save_settings:116 | Skill settings successfully saved to /home/runner/.config/mycroft/skills/mycroft-singing.mycroftai/settings.json
2022-03-28 09:22:37.063 | INFO     |  4680 | mycroft.skills.settings:save_settings:116 | Skill settings successfully saved to /home/runner/.config/mycroft/skills/mycroft-speak.mycroftai/settings.json
2022-03-28 09:22:37.080 | INFO     |  4680 | QuestionsAnswersSkill | Removing all handlers...
2022-03-28 09:22:37.081 | INFO     |  4680 | mycroft.skills.settings:save_settings:116 | Skill settings successfully saved to /home/runner/.config/mycroft/skills/fallback-query.mycroftai/settings.json
2022-03-28 09:22:37.087 | INFO     |  4680 | mycroft.skills.settings:save_settings:116 | Skill settings successfully saved to /home/runner/.config/mycroft/skills/mycroft-fallback-duck-duck-go.mycroftai/settings.json
2022-03-28 09:22:37.100 | INFO     |  4680 | mycroft.skills.settings:save_settings:116 | Skill settings successfully saved to /home/runner/.config/mycroft/skills/mycroft-configuration.mycroftai/settings.json
2022-03-28 09:22:37.109 | INFO     |  4680 | mycroft.skills.settings:save_settings:116 | Skill settings successfully saved to /home/runner/.config/mycroft/skills/fallback-wolfram-alpha.mycroftai/settings.json
2022-03-28 09:22:37.110 | INFO     |  4680 | mycroft.skills.settings:save_settings:116 | Skill settings successfully saved to /home/runner/.config/mycroft/skills/mycroft-date-time.mycroftai/settings.json
2022-03-28 09:22:37.115 | INFO     |  4680 | mycroft.skills.settings:save_settings:116 | Skill settings successfully saved to /home/runner/.config/mycroft/skills/mycroft-audio-record.mycroftai/settings.json
2022-03-28 09:22:37.117 | INFO     |  4680 | mycroft.skills.settings:save_settings:116 | Skill settings successfully saved to /home/runner/.config/mycroft/skills/mycroft-wiki.mycroftai/settings.json
2022-03-28 09:22:37.136 | INFO     |  4680 | mycroft.skills.settings:save_settings:116 | Skill settings successfully saved to /home/runner/.config/mycroft/skills/mycroft-naptime.mycroftai/settings.json
2022-03-28 09:22:37.144 | INFO     |  4680 | mycroft.skills.settings:save_settings:116 | Skill settings successfully saved to /home/runner/.config/mycroft/skills/mycroft-npr-news.mycroftai/settings.json
2022-03-28 09:22:37.152 | INFO     |  4680 | mycroft.skills.settings:save_settings:116 | Skill settings successfully saved to /home/runner/.config/mycroft/skills/mycroft-support-helper.mycroftai/settings.json
2022-03-28 09:22:37.155 | INFO     |  4680 | mycroft.skills.settings:save_settings:116 | Skill settings successfully saved to /home/runner/.config/mycroft/skills/mycroft-personal.mycroftai/settings.json
2022-03-28 09:22:37.155 | INFO     |  4680 | HomeAssistantSkill | Removing all handlers...
2022-03-28 09:22:37.157 | WARNING  |  4680 | mycroft.skills.fallback_skill:remove_fallback:185 | Could not find matching fallback handler
2022-03-28 09:22:37.158 | INFO     |  4680 | mycroft.skills.settings:save_settings:116 | Skill settings successfully saved to /home/runner/.config/mycroft/skills/mycroft-ip.mycroftai/settings.json
2022-03-28 09:22:37.173 | INFO     |  4680 | mycroft.skills.settings:save_settings:116 | Skill settings successfully saved to /home/runner/.config/mycroft/skills/mycroft-installer.mycroftai/settings.json
2022-03-28 09:22:37.180 | INFO     |  4680 | mycroft.skills.settings:save_settings:116 | Skill settings successfully saved to /home/runner/.config/mycroft/skills/mycroft-stop.mycroftai/settings.json
2022-03-28 09:22:37.186 | INFO     |  4680 | UnknownSkill | Removing all handlers...
2022-03-28 09:22:37.187 | INFO     |  4680 | mycroft.skills.settings:save_settings:116 | Skill settings successfully saved to /home/runner/.config/mycroft/skills/fallback-unknown.mycroftai/settings.json
2022-03-28 09:22:37.194 | INFO     |  4680 | mycroft.skills.settings:save_settings:116 | Skill settings successfully saved to /home/runner/.config/mycroft/skills/mycroft-spelling.mycroftai/settings.json
2022-03-28 09:22:37.202 | INFO     |  4680 | mycroft.skills.settings:save_settings:116 | Skill settings successfully saved to /home/runner/.config/mycroft/skills/mycroft-reminder.mycroftai/settings.json
2022-03-28 09:22:37.206 | INFO     |  4680 | __main__:shutdown:291 | Skills service shutdown complete!
2022-03-28 09:22:37.213 | ERROR    |  4680 | websocket | error from callback <bound method MessageBusClient.on_message of <mycroft.messagebus.client.client.MessageBusClient object at 0x7f1bdb6e6bd0>>: cannot schedule new futures after interpreter shutdown
2022-03-28 09:22:37.213 | ERROR    |  4680 | mycroft_bus_client.client.client | === RuntimeError('cannot schedule new futures after interpreter shutdown') ===
Traceback (most recent call last):
  File "/opt/mycroft-core/.venv/lib/python3.7/site-packages/mycroft_bus_client/client/client.py", line 154, in on_error
    self.emitter.emit('error', error)
  File "/opt/mycroft-core/.venv/lib/python3.7/site-packages/pyee/_base.py", line 116, in emit
    self._emit_handle_potential_error(event, args[0] if args else None)
  File "/opt/mycroft-core/.venv/lib/python3.7/site-packages/pyee/_base.py", line 86, in _emit_handle_potential_error
    raise error
  File "/opt/mycroft-core/.venv/lib/python3.7/site-packages/websocket/_app.py", line 318, in run_forever
    proxy_type=proxy_type)
  File "/opt/mycroft-core/.venv/lib/python3.7/site-packages/websocket/_core.py", line 250, in connect
    options.pop('socket', None))
  File "/opt/mycroft-core/.venv/lib/python3.7/site-packages/websocket/_http.py", line 130, in connect
    sock = _open_socket(addrinfo_list, options.sockopt, options.timeout)
  File "/opt/mycroft-core/.venv/lib/python3.7/site-packages/websocket/_http.py", line 208, in _open_socket
    raise err
  File "/opt/mycroft-core/.venv/lib/python3.7/site-packages/websocket/_http.py", line 185, in _open_socket
    sock.connect(address)
ConnectionRefusedError: [Errno 111] Connection refused

During handling of the above exception, another exception occurred:

Traceback (most recent call last):
  File "/opt/mycroft-core/.venv/lib/python3.7/site-packages/websocket/_app.py", line 407, in _callback
    callback(self, *args)
  File "/opt/mycroft-core/.venv/lib/python3.7/site-packages/mycroft_bus_client/client/client.py", line 182, in on_message
    self.emitter.emit('message', message)
  File "/opt/mycroft-core/.venv/lib/python3.7/site-packages/pyee/_base.py", line 113, in emit
    handled = self._call_handlers(event, args, kwargs)
  File "/opt/mycroft-core/.venv/lib/python3.7/site-packages/pyee/_base.py", line 96, in _call_handlers
    self._emit_run(f, args, kwargs)
  File "/opt/mycroft-core/.venv/lib/python3.7/site-packages/pyee/_executor.py", line 50, in _emit_run
    future = self._executor.submit(f, *args, **kwargs)
  File "/opt/hostedtoolcache/Python/3.7.12/x64/lib/python3.7/concurrent/futures/thread.py", line 165, in submit
    raise RuntimeError('cannot schedule new futures after '
RuntimeError: cannot schedule new futures after interpreter shutdown
2022-03-28 09:22:37.214 | ERROR    |  4680 | mycroft_bus_client.client.client | Exception closing websocket: RuntimeError('cannot schedule new futures after interpreter shutdown')
2022-03-28 09:22:37.214 | WARNING  |  4680 | mycroft_bus_client.client.client | Message Bus Client will reconnect in 5.0 seconds.
