2021-10-25 17:27:24.337 | INFO     |  5761 | mycroft.messagebus.load_config:load_message_bus_config:33 | Loading message bus configs
2021-10-25 17:27:24.341 | INFO     |  5761 | mycroft_bus_client.client.client | Connected
2021-10-25 17:27:24.345 | INFO     |  5761 | mycroft.util.process_utils:start_message_bus_client:155 | Connected to messagebus
2021-10-25 17:27:24.349 | INFO     |  5761 | mycroft.skills.msm_wrapper:create_msm:96 | Acquiring lock to instantiate MSM
2021-10-25 17:27:25.302 | INFO     |  5761 | msm.mycroft_skills_manager | building SkillEntry objects for all skills
2021-10-25 17:27:25.635 | INFO     |  5761 | mycroft.skills.msm_wrapper:create_msm:112 | Releasing MSM instantiation lock.
2021-10-25 17:27:25.636 | INFO     |  5761 | mycroft.skills.skill_updater:_log_next_download_time:267 | Next scheduled skill update: 2021-10-25 17:27:24.635948
2021-10-25 17:27:25.636 | INFO     |  5761 | msm.skill_entry | Downloading skill: https://github.com/mycroftai/skill-pairing
2021-10-25 17:27:27.205 | INFO     |  5761 | msm.skill_entry | Installing system requirements...
2021-10-25 17:27:27.243 | INFO     |  5761 | msm.skill_entry | Successfully installed mycroft-pairing
2021-10-25 17:27:27.243 | INFO     |  5761 | msm.mycroft_skills_manager | invalidating skills cache
2021-10-25 17:27:27.245 | INFO     |  5761 | mycroft.skills.skill_loader:load:185 | ATTEMPTING TO LOAD SKILL: mycroft-pairing.mycroftai
2021-10-25 17:27:27.255 | INFO     |  5761 | mycroft.skills.settings:get_local_settings:83 | /opt/mycroft/skills/mycroft-pairing.mycroftai/settings.json
2021-10-25 17:27:27.281 | INFO     |  5761 | mycroft.skills.skill_loader:_check_for_first_run:324 | First run of mycroft-pairing.mycroftai
2021-10-25 17:27:27.283 | INFO     |  5761 | mycroft.skills.settings:save_settings:116 | Skill settings successfully saved to /home/runner/.config/mycroft/skills/mycroft-pairing.mycroftai/settings.json
2021-10-25 17:27:27.284 | INFO     |  5761 | mycroft.skills.skill_loader:_communicate_load_status:344 | Skill mycroft-pairing.mycroftai loaded successfully
2021-10-25 17:27:27.285 | INFO     |  5761 | msm.skill_entry | Downloading skill: https://github.com/mycroftai/skill-volume
2021-10-25 17:27:27.602 | INFO     |  5761 | msm.skill_entry | Installing system requirements...
2021-10-25 17:27:27.625 | INFO     |  5761 | msm.skill_entry | Installing requirements.txt for mycroft-volume
2021-10-25 17:27:28.472 | INFO     |  5761 | msm.skill_entry | Successfully installed mycroft-volume
2021-10-25 17:27:28.473 | INFO     |  5761 | msm.mycroft_skills_manager | invalidating skills cache
2021-10-25 17:27:28.474 | INFO     |  5761 | mycroft.skills.skill_loader:load:185 | ATTEMPTING TO LOAD SKILL: mycroft-volume.mycroftai
2021-10-25 17:27:28.483 | INFO     |  5761 | mycroft.skills.settings:get_local_settings:83 | /opt/mycroft/skills/mycroft-volume.mycroftai/settings.json
2021-10-25 17:27:28.554 | ERROR    |  5761 | VolumeSkill | Couldn't allocate mixer, ALSAAudioError('No such file or directory [default]')
2021-10-25 17:27:31.556 | INFO     |  5761 | mycroft.skills.skill_loader:_check_for_first_run:324 | First run of mycroft-volume.mycroftai
2021-10-25 17:27:31.557 | INFO     |  5761 | mycroft.skills.settings:save_settings:116 | Skill settings successfully saved to /home/runner/.config/mycroft/skills/mycroft-volume.mycroftai/settings.json
2021-10-25 17:27:31.584 | INFO     |  5761 | mycroft.skills.skill_loader:_communicate_load_status:344 | Skill mycroft-volume.mycroftai loaded successfully
2021-10-25 17:27:31.584 | INFO     |  5761 | __main__:on_started:177 | Skills service is starting up.
2021-10-25 17:27:31.795 | INFO     |  5761 | __main__:_update_system:154 | Attempting system update...
2021-10-25 17:27:34.797 | INFO     |  5761 | mycroft.enclosure.display_manager:_write_data:70 | Display Manager is creating /tmp/mycroft/ipc/managers/disp_info
2021-10-25 17:27:34.800 | INFO     |  5761 | __main__:_ensure_device_is_paired:133 | Device not paired, invoking the pairing skill
2021-10-25 17:27:34.812 | INFO     |  5761 | msm.mycroft_skills_manager | building SkillEntry objects for all skills
2021-10-25 17:27:34.822 | INFO     |  5761 | __main__:on_alive:181 | Skills service is alive.
2021-10-25 17:27:35.013 | INFO     |  5761 | PairingSkill | Communicating account URL to user
2021-10-25 17:27:35.071 | WARNING  |  5761 | msm.mycroft_skills_manager | No such default skill: mycroft-pandora
2021-10-25 17:27:35.071 | INFO     |  5761 | mycroft.skills.skill_manager:run:234 | Not all default skills are installed, performing skill update...
2021-10-25 17:27:35.072 | INFO     |  5761 | mycroft.skills.skill_updater:update_skills:149 | Beginning skill update...
2021-10-25 17:27:35.272 | INFO     |  5761 | msm.mycroft_skills_manager | building SkillEntry objects for all skills
2021-10-25 17:27:36.046 | INFO     |  5761 | msm.mycroft_skills_manager | invalidating skills cache
2021-10-25 17:27:36.119 | INFO     |  5761 | msm.skill_entry | Downloading skill: https://github.com/mycroftai/fallback-duckduckgo
2021-10-25 17:27:36.123 | INFO     |  5761 | msm.skill_entry | Downloading skill: https://github.com/mycroftai/fallback-wolfram-alpha
2021-10-25 17:27:36.138 | INFO     |  5761 | msm.skill_entry | Downloading skill: https://github.com/mycroftai/skill-audio-record
2021-10-25 17:27:36.143 | INFO     |  5761 | msm.skill_entry | Downloading skill: https://github.com/mycroftai/skill-hello-world
2021-10-25 17:27:36.148 | INFO     |  5761 | msm.skill_entry | Downloading skill: https://github.com/mycroftai/skill-installer
2021-10-25 17:27:36.151 | INFO     |  5761 | msm.skill_entry | Downloading skill: https://github.com/mycroftai/skill-ip
2021-10-25 17:27:36.154 | INFO     |  5761 | msm.skill_entry | Downloading skill: https://github.com/mycroftai/skill-joke
2021-10-25 17:27:36.160 | INFO     |  5761 | msm.skill_entry | Downloading skill: https://github.com/mycroftai/skill-alarm
2021-10-25 17:27:36.170 | INFO     |  5761 | msm.skill_entry | Downloading skill: https://github.com/mycroftai/fallback-unknown
2021-10-25 17:27:36.182 | INFO     |  5761 | msm.skill_entry | Downloading skill: https://github.com/mycroftai/skill-date-time
2021-10-25 17:27:36.187 | INFO     |  5761 | msm.skill_entry | Downloading skill: https://github.com/mycroftai/skill-reminder
2021-10-25 17:27:36.196 | INFO     |  5761 | msm.skill_entry | Downloading skill: https://github.com/mycroftai/skill-configuration
2021-10-25 17:27:36.203 | INFO     |  5761 | msm.skill_entry | Downloading skill: https://github.com/mycroftai/skill-naptime
2021-10-25 17:27:36.211 | INFO     |  5761 | msm.skill_entry | Downloading skill: https://github.com/mycroftai/skill-playback-control
2021-10-25 17:27:36.219 | INFO     |  5761 | msm.skill_entry | Downloading skill: https://github.com/mycroftai/skill-npr-news
2021-10-25 17:27:36.234 | INFO     |  5761 | msm.skill_entry | Downloading skill: https://github.com/mycroftai/skill-personal
2021-10-25 17:27:36.266 | INFO     |  5761 | msm.skill_entry | Downloading skill: https://github.com/mycroftai/skill-singing
2021-10-25 17:27:37.287 | INFO     |  5761 | msm.skill_entry | Installing system requirements...
2021-10-25 17:27:37.420 | INFO     |  5761 | msm.skill_entry | Installing system requirements...
2021-10-25 17:27:37.424 | INFO     |  5761 | msm.skill_entry | Installing system requirements...
2021-10-25 17:27:37.504 | INFO     |  5761 | msm.skill_entry | Successfully installed mycroft-hello-world
2021-10-25 17:27:37.504 | INFO     |  5761 | msm.mycroft_skills_manager | invalidating skills cache
2021-10-25 17:27:37.511 | INFO     |  5761 | msm.skill_entry | Installing system requirements...
2021-10-25 17:27:37.520 | INFO     |  5761 | msm.skill_entry | Downloading skill: https://github.com/mycroftai/skill-speak
2021-10-25 17:27:37.564 | INFO     |  5761 | msm.skill_entry | Installing system requirements...
2021-10-25 17:27:37.659 | INFO     |  5761 | msm.skill_entry | Installing system requirements...
2021-10-25 17:27:37.679 | INFO     |  5761 | msm.skill_entry | Installing requirements.txt for fallback-wolfram-alpha
2021-10-25 17:27:37.692 | INFO     |  5761 | msm.skill_entry | Installing requirements.txt for mycroft-fallback-duck-duck-go
2021-10-25 17:27:37.699 | INFO     |  5761 | msm.skill_entry | Successfully installed fallback-unknown
2021-10-25 17:27:37.699 | INFO     |  5761 | msm.mycroft_skills_manager | invalidating skills cache
2021-10-25 17:27:37.702 | INFO     |  5761 | msm.skill_entry | Installing system requirements...
2021-10-25 17:27:37.712 | INFO     |  5761 | msm.skill_entry | Downloading skill: https://github.com/mycroftai/skill-spelling
2021-10-25 17:27:37.747 | INFO     |  5761 | msm.skill_entry | Installing system requirements...
2021-10-25 17:27:37.802 | INFO     |  5761 | msm.skill_entry | Successfully installed mycroft-playback-control
2021-10-25 17:27:37.802 | INFO     |  5761 | msm.mycroft_skills_manager | invalidating skills cache
2021-10-25 17:27:37.806 | INFO     |  5761 | msm.skill_entry | Downloading skill: https://github.com/mycroftai/skill-stop
2021-10-25 17:27:37.878 | ERROR    |  5761 | msm.mycroft_skills_manager | Error running install_or_update on homeassistant.mycroftai: MergeConflict
2021-10-25 17:27:37.879 | INFO     |  5761 | msm.skill_entry | Downloading skill: https://github.com/mycroftai/skill-support
2021-10-25 17:27:37.885 | INFO     |  5761 | msm.skill_entry | Installing requirements.txt for mycroft-joke
2021-10-25 17:27:37.908 | INFO     |  5761 | msm.skill_entry | Installing requirements.txt for mycroft-ip
2021-10-25 17:27:37.932 | INFO     |  5761 | msm.skill_entry | Installing requirements.txt for mycroft-audio-record
2021-10-25 17:27:37.964 | INFO     |  5761 | msm.skill_entry | Installing system requirements...
2021-10-25 17:27:37.969 | INFO     |  5761 | msm.skill_entry | Installing system requirements...
2021-10-25 17:27:38.014 | INFO     |  5761 | msm.skill_entry | Installing system requirements...
2021-10-25 17:27:38.060 | INFO     |  5761 | msm.skill_entry | Installing system requirements...
2021-10-25 17:27:38.078 | INFO     |  5761 | msm.skill_entry | Installing requirements.txt for mycroft-installer
2021-10-25 17:27:38.079 | INFO     |  5761 | msm.skill_entry | Installing requirements.txt for mycroft-configuration
2021-10-25 17:27:38.092 | INFO     |  5761 | msm.skill_entry | Successfully installed mycroft-reminder
2021-10-25 17:27:38.093 | INFO     |  5761 | msm.mycroft_skills_manager | invalidating skills cache
2021-10-25 17:27:38.094 | INFO     |  5761 | msm.skill_entry | Downloading skill: https://github.com/mycroftai/mycroft-timer
2021-10-25 17:27:38.159 | INFO     |  5761 | msm.skill_entry | Installing system requirements...
2021-10-25 17:27:38.183 | INFO     |  5761 | msm.skill_entry | Installing system requirements...
2021-10-25 17:27:38.224 | INFO     |  5761 | msm.skill_entry | Installing requirements.txt for mycroft-npr-news
2021-10-25 17:27:38.277 | INFO     |  5761 | msm.skill_entry | Installing requirements.txt for mycroft-date-time
2021-10-25 17:27:38.314 | INFO     |  5761 | msm.skill_entry | Successfully installed mycroft-personal
2021-10-25 17:27:38.315 | INFO     |  5761 | msm.mycroft_skills_manager | invalidating skills cache
2021-10-25 17:27:38.315 | INFO     |  5761 | msm.skill_entry | Downloading skill: https://github.com/mycroftai/skill-weather
2021-10-25 17:27:38.343 | INFO     |  5761 | msm.skill_entry | Installing system requirements...
2021-10-25 17:27:38.425 | INFO     |  5761 | msm.skill_entry | Successfully installed mycroft-naptime
2021-10-25 17:27:38.427 | INFO     |  5761 | msm.mycroft_skills_manager | invalidating skills cache
2021-10-25 17:27:38.434 | INFO     |  5761 | msm.skill_entry | Downloading skill: https://github.com/mycroftai/skill-version-checker
2021-10-25 17:27:38.505 | INFO     |  5761 | msm.skill_entry | Nothing new for mycroft-pairing
2021-10-25 17:27:38.506 | INFO     |  5761 | msm.skill_entry | Nothing new for mycroft-volume
2021-10-25 17:27:38.516 | INFO     |  5761 | msm.skill_entry | Installing system requirements...
2021-10-25 17:27:38.561 | INFO     |  5761 | msm.skill_entry | Installing system requirements...
2021-10-25 17:27:38.569 | INFO     |  5761 | msm.skill_entry | Installing system requirements...
2021-10-25 17:27:38.658 | INFO     |  5761 | msm.skill_entry | Downloading skill: https://github.com/mycroftai/skill-wiki
2021-10-25 17:27:38.677 | INFO     |  5761 | msm.skill_entry | Successfully installed mycroft-speak
2021-10-25 17:27:38.678 | INFO     |  5761 | msm.mycroft_skills_manager | invalidating skills cache
2021-10-25 17:27:38.686 | INFO     |  5761 | msm.skill_entry | Downloading skill: https://github.com/MycroftAI/skill-query
2021-10-25 17:27:38.721 | INFO     |  5761 | msm.skill_entry | Installing system requirements...
2021-10-25 17:27:38.722 | INFO     |  5761 | msm.skill_entry | Installing requirements.txt for mycroft-volume
2021-10-25 17:27:38.743 | INFO     |  5761 | msm.skill_entry | Installing system requirements...
2021-10-25 17:27:38.817 | INFO     |  5761 | msm.skill_entry | Installing requirements.txt for mycroft-alarm
2021-10-25 17:27:38.821 | INFO     |  5761 | msm.skill_entry | Successfully installed mycroft-stop
2021-10-25 17:27:38.821 | INFO     |  5761 | msm.mycroft_skills_manager | invalidating skills cache
2021-10-25 17:27:38.995 | INFO     |  5761 | msm.skill_entry | Installing system requirements...
2021-10-25 17:27:39.035 | INFO     |  5761 | msm.skill_entry | Installing requirements.txt for mycroft-support-helper
2021-10-25 17:27:39.279 | ERROR    |  5761 | msm.mycroft_skills_manager | Error running install_or_update on homeassistant: MergeConflict
2021-10-25 17:27:39.584 | INFO     |  5761 | msm.skill_entry | Installing system requirements...
2021-10-25 17:27:39.631 | INFO     |  5761 | msm.skill_entry | Successfully installed mycroft-timer
2021-10-25 17:27:39.631 | INFO     |  5761 | msm.mycroft_skills_manager | invalidating skills cache
2021-10-25 17:27:39.892 | INFO     |  5761 | msm.skill_entry | Installing system requirements...
2021-10-25 17:27:39.938 | INFO     |  5761 | msm.skill_entry | Installing system requirements...
2021-10-25 17:27:39.944 | INFO     |  5761 | msm.skill_entry | Successfully installed fallback-query
2021-10-25 17:27:39.945 | INFO     |  5761 | msm.mycroft_skills_manager | invalidating skills cache
2021-10-25 17:27:39.954 | INFO     |  5761 | msm.skill_entry | Successfully installed mycroft-spelling
2021-10-25 17:27:39.954 | INFO     |  5761 | msm.mycroft_skills_manager | invalidating skills cache
2021-10-25 17:27:40.159 | INFO     |  5761 | msm.skill_entry | Installing system requirements...
2021-10-25 17:27:40.190 | INFO     |  5761 | msm.skill_entry | Installing system requirements...
2021-10-25 17:27:40.207 | INFO     |  5761 | msm.skill_entry | Installing requirements.txt for mycroft-wiki
2021-10-25 17:27:40.255 | INFO     |  5761 | msm.skill_entry | Installing requirements.txt for mycroft-weather
2021-10-25 17:27:40.279 | INFO     |  5761 | msm.skill_entry | Installing system requirements...
2021-10-25 17:27:40.317 | INFO     |  5761 | msm.skill_entry | Successfully installed mycroft-version-checker
2021-10-25 17:27:40.317 | INFO     |  5761 | msm.mycroft_skills_manager | invalidating skills cache
2021-10-25 17:27:40.511 | INFO     |  5761 | msm.skill_entry | Installing system requirements...
2021-10-25 17:27:40.539 | INFO     |  5761 | msm.skill_entry | Successfully installed mycroft-singing
2021-10-25 17:27:40.539 | INFO     |  5761 | msm.mycroft_skills_manager | invalidating skills cache
2021-10-25 17:27:43.555 | INFO     |  5761 | msm.skill_entry | Successfully installed fallback-wolfram-alpha
2021-10-25 17:27:43.556 | INFO     |  5761 | msm.mycroft_skills_manager | invalidating skills cache
2021-10-25 17:27:44.598 | INFO     |  5761 | msm.skill_entry | Successfully installed mycroft-fallback-duck-duck-go
2021-10-25 17:27:44.598 | INFO     |  5761 | msm.mycroft_skills_manager | invalidating skills cache
2021-10-25 17:27:45.602 | INFO     |  5761 | msm.skill_entry | Successfully installed mycroft-joke
2021-10-25 17:27:45.603 | INFO     |  5761 | msm.mycroft_skills_manager | invalidating skills cache
2021-10-25 17:27:46.474 | INFO     |  5761 | msm.skill_entry | Successfully installed mycroft-ip
2021-10-25 17:27:46.474 | INFO     |  5761 | msm.mycroft_skills_manager | invalidating skills cache
2021-10-25 17:27:47.350 | INFO     |  5761 | msm.skill_entry | Successfully installed mycroft-audio-record
2021-10-25 17:27:47.351 | INFO     |  5761 | msm.mycroft_skills_manager | invalidating skills cache
2021-10-25 17:27:48.200 | INFO     |  5761 | msm.skill_entry | Successfully installed mycroft-installer
2021-10-25 17:27:48.200 | INFO     |  5761 | msm.mycroft_skills_manager | invalidating skills cache
2021-10-25 17:27:50.580 | INFO     |  5761 | msm.skill_entry | Successfully installed mycroft-configuration
2021-10-25 17:27:50.580 | INFO     |  5761 | msm.mycroft_skills_manager | invalidating skills cache
2021-10-25 17:27:53.446 | INFO     |  5761 | msm.skill_entry | Successfully installed mycroft-npr-news
2021-10-25 17:27:53.447 | INFO     |  5761 | msm.mycroft_skills_manager | invalidating skills cache
2021-10-25 17:28:05.353 | INFO     |  5761 | PairingSkill | Initiating device pairing sequence...
2021-10-25 17:28:05.354 | INFO     |  5761 | PairingSkill | Retrieving pairing code from device API...
2021-10-25 17:28:05.607 | INFO     |  5761 | PairingSkill | Pairing code obtained: MXPA4R
2021-10-25 17:28:05.607 | INFO     |  5761 | PairingSkill | Communicating pairing URL to user
2021-10-25 17:28:08.570 | INFO     |  5761 | msm.skill_entry | Successfully installed mycroft-date-time
2021-10-25 17:28:08.571 | INFO     |  5761 | msm.mycroft_skills_manager | invalidating skills cache
2021-10-25 17:28:10.312 | INFO     |  5761 | msm.skill_entry | Successfully installed mycroft-alarm
2021-10-25 17:28:10.312 | INFO     |  5761 | msm.mycroft_skills_manager | invalidating skills cache
2021-10-25 17:28:12.580 | INFO     |  5761 | msm.skill_entry | Successfully installed mycroft-support-helper
2021-10-25 17:28:12.580 | INFO     |  5761 | msm.mycroft_skills_manager | invalidating skills cache
2021-10-25 17:28:14.519 | INFO     |  5761 | msm.skill_entry | Successfully installed mycroft-wiki
2021-10-25 17:28:14.520 | INFO     |  5761 | msm.mycroft_skills_manager | invalidating skills cache
2021-10-25 17:28:15.488 | INFO     |  5761 | msm.skill_entry | Successfully installed mycroft-weather
2021-10-25 17:28:15.488 | INFO     |  5761 | msm.mycroft_skills_manager | invalidating skills cache
2021-10-25 17:28:15.578 | INFO     |  5761 | mycroft.skills.skill_updater:_log_next_download_time:267 | Next scheduled skill update: 2021-10-25 18:28:15.577687
2021-10-25 17:28:15.578 | INFO     |  5761 | mycroft.skills.skill_updater:update_skills:170 | Skill update complete
2021-10-25 17:28:15.578 | INFO     |  5761 | mycroft.skills.skill_manager:_load_on_startup:273 | Loading installed skills...
2021-10-25 17:28:15.580 | INFO     |  5761 | mycroft.skills.skill_loader:load:185 | ATTEMPTING TO LOAD SKILL: mycroft-ip.mycroftai
2021-10-25 17:28:15.698 | INFO     |  5761 | mycroft.skills.settings:get_local_settings:83 | /opt/mycroft/skills/mycroft-ip.mycroftai/settings.json
2021-10-25 17:28:15.711 | INFO     |  5761 | mycroft.skills.skill_loader:_check_for_first_run:324 | First run of mycroft-ip.mycroftai
2021-10-25 17:28:15.712 | INFO     |  5761 | mycroft.skills.settings:save_settings:116 | Skill settings successfully saved to /home/runner/.config/mycroft/skills/mycroft-ip.mycroftai/settings.json
2021-10-25 17:28:15.734 | INFO     |  5761 | mycroft.skills.skill_loader:_communicate_load_status:344 | Skill mycroft-ip.mycroftai loaded successfully
2021-10-25 17:28:15.734 | INFO     |  5761 | mycroft.skills.skill_loader:load:185 | ATTEMPTING TO LOAD SKILL: mycroft-reminder.mycroftai
2021-10-25 17:28:15.796 | INFO     |  5761 | mycroft.skills.settings:get_local_settings:83 | /opt/mycroft/skills/mycroft-reminder.mycroftai/settings.json
2021-10-25 17:28:15.846 | INFO     |  5761 | mycroft.skills.skill_loader:_check_for_first_run:324 | First run of mycroft-reminder.mycroftai
2021-10-25 17:28:15.885 | INFO     |  5761 | mycroft.skills.settings:save_settings:116 | Skill settings successfully saved to /home/runner/.config/mycroft/skills/mycroft-reminder.mycroftai/settings.json
2021-10-25 17:28:15.895 | INFO     |  5761 | mycroft.skills.skill_loader:_communicate_load_status:344 | Skill mycroft-reminder.mycroftai loaded successfully
2021-10-25 17:28:15.895 | INFO     |  5761 | mycroft.skills.skill_loader:load:185 | ATTEMPTING TO LOAD SKILL: mycroft-installer.mycroftai
2021-10-25 17:28:15.900 | INFO     |  5761 | mycroft.skills.settings:get_local_settings:83 | /opt/mycroft/skills/mycroft-installer.mycroftai/settings.json
2021-10-25 17:28:15.940 | INFO     |  5761 | mycroft.skills.skill_loader:_check_for_first_run:324 | First run of mycroft-installer.mycroftai
2021-10-25 17:28:15.941 | INFO     |  5761 | mycroft.skills.settings:save_settings:116 | Skill settings successfully saved to /home/runner/.config/mycroft/skills/mycroft-installer.mycroftai/settings.json
2021-10-25 17:28:15.945 | INFO     |  5761 | mycroft.skills.skill_loader:_communicate_load_status:344 | Skill mycroft-installer.mycroftai loaded successfully
2021-10-25 17:28:15.945 | INFO     |  5761 | mycroft.skills.skill_loader:load:185 | ATTEMPTING TO LOAD SKILL: mycroft-version-checker.mycroftai
2021-10-25 17:28:15.950 | INFO     |  5761 | mycroft.skills.settings:get_local_settings:83 | /opt/mycroft/skills/mycroft-version-checker.mycroftai/settings.json
2021-10-25 17:28:15.986 | INFO     |  5761 | mycroft.skills.skill_loader:_check_for_first_run:324 | First run of mycroft-version-checker.mycroftai
2021-10-25 17:28:15.989 | INFO     |  5761 | mycroft.skills.settings:save_settings:116 | Skill settings successfully saved to /home/runner/.config/mycroft/skills/mycroft-version-checker.mycroftai/settings.json
2021-10-25 17:28:15.990 | INFO     |  5761 | mycroft.skills.skill_loader:_communicate_load_status:344 | Skill mycroft-version-checker.mycroftai loaded successfully
2021-10-25 17:28:15.993 | INFO     |  5761 | mycroft.skills.skill_loader:load:185 | ATTEMPTING TO LOAD SKILL: mycroft-singing.mycroftai
2021-10-25 17:28:16.003 | INFO     |  5761 | mycroft.skills.settings:get_local_settings:83 | /opt/mycroft/skills/mycroft-singing.mycroftai/settings.json
2021-10-25 17:28:16.026 | INFO     |  5761 | mycroft.skills.skill_loader:_check_for_first_run:324 | First run of mycroft-singing.mycroftai
2021-10-25 17:28:16.027 | INFO     |  5761 | mycroft.skills.settings:save_settings:116 | Skill settings successfully saved to /home/runner/.config/mycroft/skills/mycroft-singing.mycroftai/settings.json
2021-10-25 17:28:16.030 | INFO     |  5761 | mycroft.skills.skill_loader:_communicate_load_status:344 | Skill mycroft-singing.mycroftai loaded successfully
2021-10-25 17:28:16.030 | INFO     |  5761 | mycroft.skills.skill_loader:load:185 | ATTEMPTING TO LOAD SKILL: mycroft-joke.mycroftai
2021-10-25 17:28:16.035 | INFO     |  5761 | mycroft.skills.settings:get_local_settings:83 | /opt/mycroft/skills/mycroft-joke.mycroftai/settings.json
2021-10-25 17:28:16.065 | INFO     |  5761 | mycroft.skills.skill_loader:_check_for_first_run:324 | First run of mycroft-joke.mycroftai
2021-10-25 17:28:16.066 | INFO     |  5761 | mycroft.skills.settings:save_settings:116 | Skill settings successfully saved to /home/runner/.config/mycroft/skills/mycroft-joke.mycroftai/settings.json
2021-10-25 17:28:16.069 | INFO     |  5761 | mycroft.skills.skill_loader:_communicate_load_status:344 | Skill mycroft-joke.mycroftai loaded successfully
2021-10-25 17:28:16.072 | INFO     |  5761 | mycroft.skills.skill_loader:load:185 | ATTEMPTING TO LOAD SKILL: mycroft-timer.mycroftai
2021-10-25 17:28:16.095 | INFO     |  5761 | mycroft.skills.settings:get_local_settings:83 | /opt/mycroft/skills/mycroft-timer.mycroftai/settings.json
2021-10-25 17:28:16.180 | INFO     |  5761 | mycroft.skills.skill_loader:_check_for_first_run:324 | First run of mycroft-timer.mycroftai
2021-10-25 17:28:16.180 | INFO     |  5761 | mycroft.skills.settings:save_settings:116 | Skill settings successfully saved to /home/runner/.config/mycroft/skills/mycroft-timer.mycroftai/settings.json
2021-10-25 17:28:16.187 | INFO     |  5761 | mycroft.skills.skill_loader:_communicate_load_status:344 | Skill mycroft-timer.mycroftai loaded successfully
2021-10-25 17:28:16.187 | INFO     |  5761 | mycroft.skills.skill_loader:load:185 | ATTEMPTING TO LOAD SKILL: homeassistant.mycroftai
2021-10-25 17:28:16.493 | INFO     |  5761 | mycroft.skills.settings:get_local_settings:83 | /opt/mycroft/skills/homeassistant.mycroftai/settings.json
2021-10-25 17:28:16.494 | INFO     |  5761 | mycroft.skills.settings:get_local_settings:83 | /opt/mycroft/skills/homeassistant.mycroftai/settings.json
2021-10-25 17:28:16.572 | INFO     |  5761 | mycroft.skills.skill_loader:_communicate_load_status:344 | Skill homeassistant.mycroftai loaded successfully
2021-10-25 17:28:16.573 | INFO     |  5761 | mycroft.skills.skill_loader:load:185 | ATTEMPTING TO LOAD SKILL: mycroft-alarm.mycroftai
2021-10-25 17:28:16.616 | INFO     |  5761 | mycroft.skills.settings:get_local_settings:83 | /opt/mycroft/skills/mycroft-alarm.mycroftai/settings.json
2021-10-25 17:28:16.617 | ERROR    |  5761 | AlarmSkill | Couldn't allocate mixer, ALSAAudioError('No such file or directory [default]')
2021-10-25 17:28:16.688 | INFO     |  5761 | mycroft.skills.skill_loader:_check_for_first_run:324 | First run of mycroft-alarm.mycroftai
2021-10-25 17:28:16.689 | INFO     |  5761 | mycroft.skills.settings:save_settings:116 | Skill settings successfully saved to /home/runner/.config/mycroft/skills/mycroft-alarm.mycroftai/settings.json
2021-10-25 17:28:16.696 | INFO     |  5761 | mycroft.skills.skill_loader:_communicate_load_status:344 | Skill mycroft-alarm.mycroftai loaded successfully
2021-10-25 17:28:16.697 | INFO     |  5761 | mycroft.skills.skill_loader:load:185 | ATTEMPTING TO LOAD SKILL: mycroft-naptime.mycroftai
2021-10-25 17:28:16.705 | INFO     |  5761 | mycroft.skills.settings:get_local_settings:83 | /opt/mycroft/skills/mycroft-naptime.mycroftai/settings.json
2021-10-25 17:28:16.724 | INFO     |  5761 | mycroft.skills.skill_loader:_check_for_first_run:324 | First run of mycroft-naptime.mycroftai
2021-10-25 17:28:16.725 | INFO     |  5761 | mycroft.skills.settings:save_settings:116 | Skill settings successfully saved to /home/runner/.config/mycroft/skills/mycroft-naptime.mycroftai/settings.json
2021-10-25 17:28:16.730 | INFO     |  5761 | mycroft.skills.skill_loader:_communicate_load_status:344 | Skill mycroft-naptime.mycroftai loaded successfully
2021-10-25 17:28:16.730 | INFO     |  5761 | mycroft.skills.skill_loader:load:185 | ATTEMPTING TO LOAD SKILL: mycroft-spelling.mycroftai
2021-10-25 17:28:16.733 | INFO     |  5761 | mycroft.skills.settings:get_local_settings:83 | /opt/mycroft/skills/mycroft-spelling.mycroftai/settings.json
2021-10-25 17:28:16.759 | INFO     |  5761 | mycroft.skills.skill_loader:_check_for_first_run:324 | First run of mycroft-spelling.mycroftai
2021-10-25 17:28:16.759 | INFO     |  5761 | mycroft.skills.settings:save_settings:116 | Skill settings successfully saved to /home/runner/.config/mycroft/skills/mycroft-spelling.mycroftai/settings.json
2021-10-25 17:28:16.764 | INFO     |  5761 | mycroft.skills.skill_loader:_communicate_load_status:344 | Skill mycroft-spelling.mycroftai loaded successfully
2021-10-25 17:28:16.764 | INFO     |  5761 | mycroft.skills.skill_loader:load:185 | ATTEMPTING TO LOAD SKILL: mycroft-fallback-duck-duck-go.mycroftai
2021-10-25 17:28:16.776 | INFO     |  5761 | mycroft.skills.settings:get_local_settings:83 | /opt/mycroft/skills/mycroft-fallback-duck-duck-go.mycroftai/settings.json
2021-10-25 17:28:16.808 | INFO     |  5761 | mycroft.skills.skill_loader:_check_for_first_run:324 | First run of mycroft-fallback-duck-duck-go.mycroftai
2021-10-25 17:28:16.808 | INFO     |  5761 | mycroft.skills.settings:save_settings:116 | Skill settings successfully saved to /home/runner/.config/mycroft/skills/mycroft-fallback-duck-duck-go.mycroftai/settings.json
2021-10-25 17:28:16.816 | INFO     |  5761 | mycroft.skills.skill_loader:_communicate_load_status:344 | Skill mycroft-fallback-duck-duck-go.mycroftai loaded successfully
2021-10-25 17:28:16.816 | INFO     |  5761 | mycroft.skills.skill_loader:load:185 | ATTEMPTING TO LOAD SKILL: mycroft-npr-news.mycroftai
2021-10-25 17:28:16.932 | INFO     |  5761 | mycroft.skills.settings:get_local_settings:83 | /opt/mycroft/skills/mycroft-npr-news.mycroftai/settings.json
2021-10-25 17:28:17.964 | INFO     |  5761 | mycroft.skills.skill_loader:_check_for_first_run:324 | First run of mycroft-npr-news.mycroftai
2021-10-25 17:28:17.993 | INFO     |  5761 | mycroft.skills.settings:save_settings:116 | Skill settings successfully saved to /home/runner/.config/mycroft/skills/mycroft-npr-news.mycroftai/settings.json
2021-10-25 17:28:17.994 | INFO     |  5761 | mycroft.skills.skill_loader:_communicate_load_status:344 | Skill mycroft-npr-news.mycroftai loaded successfully
2021-10-25 17:28:17.995 | INFO     |  5761 | mycroft.skills.skill_loader:load:185 | ATTEMPTING TO LOAD SKILL: mycroft-support-helper.mycroftai
2021-10-25 17:28:18.003 | INFO     |  5761 | mycroft.skills.settings:get_local_settings:83 | /opt/mycroft/skills/mycroft-support-helper.mycroftai/settings.json
2021-10-25 17:28:18.007 | INFO     |  5761 | mycroft.skills.skill_loader:_check_for_first_run:324 | First run of mycroft-support-helper.mycroftai
2021-10-25 17:28:18.009 | INFO     |  5761 | mycroft.skills.settings:save_settings:116 | Skill settings successfully saved to /home/runner/.config/mycroft/skills/mycroft-support-helper.mycroftai/settings.json
2021-10-25 17:28:18.029 | INFO     |  5761 | mycroft.skills.skill_loader:_communicate_load_status:344 | Skill mycroft-support-helper.mycroftai loaded successfully
2021-10-25 17:28:18.029 | INFO     |  5761 | mycroft.skills.skill_loader:load:185 | ATTEMPTING TO LOAD SKILL: mycroft-weather.mycroftai
2021-10-25 17:28:18.052 | INFO     |  5761 | mycroft.skills.settings:get_local_settings:83 | /opt/mycroft/skills/mycroft-weather.mycroftai/settings.json
2021-10-25 17:28:18.133 | INFO     |  5761 | mycroft.skills.skill_loader:_check_for_first_run:324 | First run of mycroft-weather.mycroftai
2021-10-25 17:28:18.133 | INFO     |  5761 | mycroft.skills.settings:save_settings:116 | Skill settings successfully saved to /home/runner/.config/mycroft/skills/mycroft-weather.mycroftai/settings.json
2021-10-25 17:28:18.134 | INFO     |  5761 | mycroft.skills.skill_loader:_communicate_load_status:344 | Skill mycroft-weather.mycroftai loaded successfully
2021-10-25 17:28:18.135 | INFO     |  5761 | mycroft.skills.skill_loader:load:185 | ATTEMPTING TO LOAD SKILL: mycroft-speak.mycroftai
2021-10-25 17:28:18.140 | INFO     |  5761 | mycroft.skills.settings:get_local_settings:83 | /opt/mycroft/skills/mycroft-speak.mycroftai/settings.json
2021-10-25 17:28:18.153 | INFO     |  5761 | mycroft.skills.skill_loader:_check_for_first_run:324 | First run of mycroft-speak.mycroftai
2021-10-25 17:28:18.154 | INFO     |  5761 | mycroft.skills.settings:save_settings:116 | Skill settings successfully saved to /home/runner/.config/mycroft/skills/mycroft-speak.mycroftai/settings.json
2021-10-25 17:28:18.155 | INFO     |  5761 | mycroft.skills.skill_loader:_communicate_load_status:344 | Skill mycroft-speak.mycroftai loaded successfully
2021-10-25 17:28:18.156 | INFO     |  5761 | mycroft.skills.skill_loader:load:185 | ATTEMPTING TO LOAD SKILL: mycroft-audio-record.mycroftai
2021-10-25 17:28:18.162 | INFO     |  5761 | mycroft.skills.settings:get_local_settings:83 | /opt/mycroft/skills/mycroft-audio-record.mycroftai/settings.json
2021-10-25 17:28:18.179 | INFO     |  5761 | mycroft.skills.skill_loader:_check_for_first_run:324 | First run of mycroft-audio-record.mycroftai
2021-10-25 17:28:18.180 | INFO     |  5761 | mycroft.skills.settings:save_settings:116 | Skill settings successfully saved to /home/runner/.config/mycroft/skills/mycroft-audio-record.mycroftai/settings.json
2021-10-25 17:28:18.181 | INFO     |  5761 | mycroft.skills.skill_loader:_communicate_load_status:344 | Skill mycroft-audio-record.mycroftai loaded successfully
2021-10-25 17:28:18.182 | INFO     |  5761 | mycroft.skills.skill_loader:load:185 | ATTEMPTING TO LOAD SKILL: mycroft-stop.mycroftai
2021-10-25 17:28:18.186 | INFO     |  5761 | mycroft.skills.settings:get_local_settings:83 | /opt/mycroft/skills/mycroft-stop.mycroftai/settings.json
2021-10-25 17:28:18.208 | INFO     |  5761 | mycroft.skills.skill_loader:_check_for_first_run:324 | First run of mycroft-stop.mycroftai
2021-10-25 17:28:18.209 | INFO     |  5761 | mycroft.skills.settings:save_settings:116 | Skill settings successfully saved to /home/runner/.config/mycroft/skills/mycroft-stop.mycroftai/settings.json
2021-10-25 17:28:18.210 | INFO     |  5761 | mycroft.skills.skill_loader:_communicate_load_status:344 | Skill mycroft-stop.mycroftai loaded successfully
2021-10-25 17:28:18.211 | INFO     |  5761 | mycroft.skills.skill_loader:load:185 | ATTEMPTING TO LOAD SKILL: mycroft-hello-world.mycroftai
2021-10-25 17:28:18.215 | INFO     |  5761 | mycroft.skills.settings:get_local_settings:83 | /opt/mycroft/skills/mycroft-hello-world.mycroftai/settings.json
2021-10-25 17:28:18.229 | INFO     |  5761 | mycroft.skills.skill_loader:_check_for_first_run:324 | First run of mycroft-hello-world.mycroftai
2021-10-25 17:28:18.230 | INFO     |  5761 | mycroft.skills.settings:save_settings:116 | Skill settings successfully saved to /home/runner/.config/mycroft/skills/mycroft-hello-world.mycroftai/settings.json
2021-10-25 17:28:18.232 | INFO     |  5761 | mycroft.skills.skill_loader:_communicate_load_status:344 | Skill mycroft-hello-world.mycroftai loaded successfully
2021-10-25 17:28:18.233 | INFO     |  5761 | mycroft.skills.skill_loader:load:185 | ATTEMPTING TO LOAD SKILL: mycroft-date-time.mycroftai
2021-10-25 17:28:18.672 | INFO     |  5761 | mycroft.skills.settings:get_local_settings:83 | /opt/mycroft/skills/mycroft-date-time.mycroftai/settings.json
2021-10-25 17:28:18.737 | INFO     |  5761 | TimeSkill | Registering resting screen <bound method TimeSkill.handle_idle of <mycroft-date-time_mycroftai.TimeSkill object at 0x7ff3b4970c10>> for Time and Date.
2021-10-25 17:28:18.739 | INFO     |  5761 | TimeSkill | Registering resting screen
2021-10-25 17:28:18.746 | WARNING  |  5761 | mycroft_bus_client.client.client | Could not send message because connection has closed
2021-10-25 17:28:18.746 | ERROR    |  5761 | mycroft_bus_client.client.client | Exception closing websocket: WebSocketConnectionClosedException('Connection is already closed.')
2021-10-25 17:28:18.746 | WARNING  |  5761 | mycroft_bus_client.client.client | Message Bus Client will reconnect in 5 seconds.
2021-10-25 17:28:18.754 | WARNING  |  5761 | mycroft_bus_client.client.client | Could not send mycroft.scheduler.schedule_event message because connection has been closed
2021-10-25 17:28:18.754 | INFO     |  5761 | mycroft.skills.skill_loader:_check_for_first_run:324 | First run of mycroft-date-time.mycroftai
2021-10-25 17:28:18.755 | INFO     |  5761 | mycroft.skills.settings:save_settings:116 | Skill settings successfully saved to /home/runner/.config/mycroft/skills/mycroft-date-time.mycroftai/settings.json
2021-10-25 17:28:18.755 | WARNING  |  5761 | mycroft_bus_client.client.client | Could not send mycroft.skills.loaded message because connection has been closed
2021-10-25 17:28:18.755 | INFO     |  5761 | mycroft.skills.skill_loader:_communicate_load_status:344 | Skill mycroft-date-time.mycroftai loaded successfully
2021-10-25 17:28:18.756 | INFO     |  5761 | mycroft.skills.skill_loader:load:185 | ATTEMPTING TO LOAD SKILL: mycroft-configuration.mycroftai
2021-10-25 17:28:18.768 | INFO     |  5761 | mycroft.skills.settings:get_local_settings:83 | /opt/mycroft/skills/mycroft-configuration.mycroftai/settings.json
2021-10-25 17:28:18.798 | WARNING  |  5761 | mycroft_bus_client.client.client | Could not send register_vocab message because connection has been closed
2021-10-25 17:28:18.798 | WARNING  |  5761 | mycroft_bus_client.client.client | Could not send register_vocab message because connection has been closed
2021-10-25 17:28:18.798 | WARNING  |  5761 | mycroft_bus_client.client.client | Could not send register_vocab message because connection has been closed
2021-10-25 17:28:18.798 | WARNING  |  5761 | mycroft_bus_client.client.client | Could not send register_vocab message because connection has been closed
2021-10-25 17:28:18.798 | WARNING  |  5761 | mycroft_bus_client.client.client | Could not send register_vocab message because connection has been closed
2021-10-25 17:28:18.798 | WARNING  |  5761 | mycroft_bus_client.client.client | Could not send register_vocab message because connection has been closed
2021-10-25 17:28:18.799 | WARNING  |  5761 | mycroft_bus_client.client.client | Could not send register_vocab message because connection has been closed
2021-10-25 17:28:18.799 | WARNING  |  5761 | mycroft_bus_client.client.client | Could not send register_vocab message because connection has been closed
2021-10-25 17:28:18.799 | WARNING  |  5761 | mycroft_bus_client.client.client | Could not send register_vocab message because connection has been closed
2021-10-25 17:28:18.799 | WARNING  |  5761 | mycroft_bus_client.client.client | Could not send register_vocab message because connection has been closed
2021-10-25 17:28:18.799 | WARNING  |  5761 | mycroft_bus_client.client.client | Could not send register_vocab message because connection has been closed
2021-10-25 17:28:18.799 | WARNING  |  5761 | mycroft_bus_client.client.client | Could not send register_vocab message because connection has been closed
2021-10-25 17:28:18.799 | WARNING  |  5761 | mycroft_bus_client.client.client | Could not send register_vocab message because connection has been closed
2021-10-25 17:28:18.799 | WARNING  |  5761 | mycroft_bus_client.client.client | Could not send register_vocab message because connection has been closed
2021-10-25 17:28:18.799 | WARNING  |  5761 | mycroft_bus_client.client.client | Could not send register_vocab message because connection has been closed
2021-10-25 17:28:18.799 | WARNING  |  5761 | mycroft_bus_client.client.client | Could not send register_vocab message because connection has been closed
2021-10-25 17:28:18.800 | WARNING  |  5761 | mycroft_bus_client.client.client | Could not send register_vocab message because connection has been closed
2021-10-25 17:28:18.800 | WARNING  |  5761 | mycroft_bus_client.client.client | Could not send register_vocab message because connection has been closed
2021-10-25 17:28:18.800 | WARNING  |  5761 | mycroft_bus_client.client.client | Could not send register_vocab message because connection has been closed
2021-10-25 17:28:18.800 | WARNING  |  5761 | mycroft_bus_client.client.client | Could not send register_vocab message because connection has been closed
2021-10-25 17:28:18.800 | WARNING  |  5761 | mycroft_bus_client.client.client | Could not send register_vocab message because connection has been closed
2021-10-25 17:28:18.800 | WARNING  |  5761 | mycroft_bus_client.client.client | Could not send register_vocab message because connection has been closed
2021-10-25 17:28:18.800 | WARNING  |  5761 | mycroft_bus_client.client.client | Could not send register_vocab message because connection has been closed
2021-10-25 17:28:18.800 | WARNING  |  5761 | mycroft_bus_client.client.client | Could not send register_vocab message because connection has been closed
2021-10-25 17:28:18.800 | WARNING  |  5761 | mycroft_bus_client.client.client | Could not send register_vocab message because connection has been closed
2021-10-25 17:28:18.800 | WARNING  |  5761 | mycroft_bus_client.client.client | Could not send register_vocab message because connection has been closed
2021-10-25 17:28:18.800 | WARNING  |  5761 | mycroft_bus_client.client.client | Could not send register_vocab message because connection has been closed
2021-10-25 17:28:18.801 | WARNING  |  5761 | mycroft_bus_client.client.client | Could not send register_vocab message because connection has been closed
2021-10-25 17:28:18.801 | WARNING  |  5761 | mycroft_bus_client.client.client | Could not send register_vocab message because connection has been closed
2021-10-25 17:28:18.801 | WARNING  |  5761 | mycroft_bus_client.client.client | Could not send register_vocab message because connection has been closed
2021-10-25 17:28:18.801 | WARNING  |  5761 | mycroft_bus_client.client.client | Could not send register_vocab message because connection has been closed
2021-10-25 17:28:18.801 | WARNING  |  5761 | mycroft_bus_client.client.client | Could not send register_vocab message because connection has been closed
2021-10-25 17:28:18.801 | WARNING  |  5761 | mycroft_bus_client.client.client | Could not send register_vocab message because connection has been closed
2021-10-25 17:28:18.801 | WARNING  |  5761 | mycroft_bus_client.client.client | Could not send register_vocab message because connection has been closed
2021-10-25 17:28:18.802 | WARNING  |  5761 | mycroft_bus_client.client.client | Could not send register_intent message because connection has been closed
2021-10-25 17:28:18.802 | WARNING  |  5761 | mycroft_bus_client.client.client | Could not send padatious:register_intent message because connection has been closed
2021-10-25 17:28:18.803 | WARNING  |  5761 | mycroft_bus_client.client.client | Could not send register_intent message because connection has been closed
2021-10-25 17:28:18.804 | WARNING  |  5761 | mycroft_bus_client.client.client | Could not send register_intent message because connection has been closed
2021-10-25 17:28:18.805 | WARNING  |  5761 | mycroft_bus_client.client.client | Could not send register_intent message because connection has been closed
2021-10-25 17:28:18.806 | WARNING  |  5761 | mycroft_bus_client.client.client | Could not send padatious:register_intent message because connection has been closed
2021-10-25 17:28:18.808 | WARNING  |  5761 | mycroft_bus_client.client.client | Could not send register_intent message because connection has been closed
2021-10-25 17:28:18.809 | WARNING  |  5761 | mycroft_bus_client.client.client | Could not send padatious:register_intent message because connection has been closed
2021-10-25 17:28:18.810 | WARNING  |  5761 | mycroft_bus_client.client.client | Could not send register_intent message because connection has been closed
2021-10-25 17:28:18.812 | WARNING  |  5761 | mycroft_bus_client.client.client | Could not send mycroft.scheduler.schedule_event message because connection has been closed
2021-10-25 17:28:18.812 | INFO     |  5761 | mycroft.skills.skill_loader:_check_for_first_run:324 | First run of mycroft-configuration.mycroftai
2021-10-25 17:28:18.813 | INFO     |  5761 | mycroft.skills.settings:save_settings:116 | Skill settings successfully saved to /home/runner/.config/mycroft/skills/mycroft-configuration.mycroftai/settings.json
2021-10-25 17:28:18.813 | WARNING  |  5761 | mycroft_bus_client.client.client | Could not send mycroft.skills.loaded message because connection has been closed
2021-10-25 17:28:18.818 | INFO     |  5761 | mycroft.skills.skill_loader:_communicate_load_status:344 | Skill mycroft-configuration.mycroftai loaded successfully
2021-10-25 17:28:18.818 | INFO     |  5761 | mycroft.skills.skill_loader:load:185 | ATTEMPTING TO LOAD SKILL: fallback-query.mycroftai
2021-10-25 17:28:18.825 | INFO     |  5761 | mycroft.skills.settings:get_local_settings:83 | /opt/mycroft/skills/fallback-query.mycroftai/settings.json
2021-10-25 17:28:18.833 | WARNING  |  5761 | mycroft_bus_client.client.client | Could not send register_vocab message because connection has been closed
2021-10-25 17:28:18.833 | WARNING  |  5761 | mycroft_bus_client.client.client | Could not send register_vocab message because connection has been closed
2021-10-25 17:28:18.833 | WARNING  |  5761 | mycroft_bus_client.client.client | Could not send register_vocab message because connection has been closed
2021-10-25 17:28:18.833 | WARNING  |  5761 | mycroft_bus_client.client.client | Could not send register_vocab message because connection has been closed
2021-10-25 17:28:18.833 | WARNING  |  5761 | mycroft_bus_client.client.client | Could not send register_vocab message because connection has been closed
2021-10-25 17:28:18.833 | WARNING  |  5761 | mycroft_bus_client.client.client | Could not send register_vocab message because connection has been closed
2021-10-25 17:28:18.834 | INFO     |  5761 | mycroft.skills.skill_loader:_check_for_first_run:324 | First run of fallback-query.mycroftai
2021-10-25 17:28:18.835 | INFO     |  5761 | mycroft.skills.settings:save_settings:116 | Skill settings successfully saved to /home/runner/.config/mycroft/skills/fallback-query.mycroftai/settings.json
2021-10-25 17:28:18.835 | WARNING  |  5761 | mycroft_bus_client.client.client | Could not send mycroft.skills.loaded message because connection has been closed
2021-10-25 17:28:18.835 | INFO     |  5761 | mycroft.skills.skill_loader:_communicate_load_status:344 | Skill fallback-query.mycroftai loaded successfully
2021-10-25 17:28:18.836 | INFO     |  5761 | mycroft.skills.skill_loader:load:185 | ATTEMPTING TO LOAD SKILL: mycroft-personal.mycroftai
2021-10-25 17:28:18.850 | INFO     |  5761 | mycroft.skills.settings:get_local_settings:83 | /opt/mycroft/skills/mycroft-personal.mycroftai/settings.json
2021-10-25 17:28:18.862 | WARNING  |  5761 | mycroft_bus_client.client.client | Could not send padatious:register_intent message because connection has been closed
2021-10-25 17:28:18.863 | WARNING  |  5761 | mycroft_bus_client.client.client | Could not send padatious:register_intent message because connection has been closed
2021-10-25 17:28:18.864 | WARNING  |  5761 | mycroft_bus_client.client.client | Could not send padatious:register_intent message because connection has been closed
2021-10-25 17:28:18.865 | WARNING  |  5761 | mycroft_bus_client.client.client | Could not send padatious:register_intent message because connection has been closed
2021-10-25 17:28:18.866 | WARNING  |  5761 | mycroft_bus_client.client.client | Could not send padatious:register_intent message because connection has been closed
2021-10-25 17:28:18.867 | WARNING  |  5761 | mycroft_bus_client.client.client | Could not send padatious:register_intent message because connection has been closed
2021-10-25 17:28:18.867 | WARNING  |  5761 | mycroft_bus_client.client.client | Could not send padatious:register_intent message because connection has been closed
2021-10-25 17:28:18.868 | INFO     |  5761 | mycroft.skills.skill_loader:_check_for_first_run:324 | First run of mycroft-personal.mycroftai
2021-10-25 17:28:18.869 | INFO     |  5761 | mycroft.skills.settings:save_settings:116 | Skill settings successfully saved to /home/runner/.config/mycroft/skills/mycroft-personal.mycroftai/settings.json
2021-10-25 17:28:18.869 | WARNING  |  5761 | mycroft_bus_client.client.client | Could not send mycroft.skills.loaded message because connection has been closed
2021-10-25 17:28:18.872 | INFO     |  5761 | mycroft.skills.skill_loader:_communicate_load_status:344 | Skill mycroft-personal.mycroftai loaded successfully
2021-10-25 17:28:18.874 | INFO     |  5761 | mycroft.skills.skill_loader:load:185 | ATTEMPTING TO LOAD SKILL: fallback-wolfram-alpha.mycroftai
2021-10-25 17:28:18.926 | INFO     |  5761 | mycroft.skills.settings:get_local_settings:83 | /opt/mycroft/skills/fallback-wolfram-alpha.mycroftai/settings.json
2021-10-25 17:28:18.932 | WARNING  |  5761 | mycroft_bus_client.client.client | Could not send register_vocab message because connection has been closed
2021-10-25 17:28:18.932 | WARNING  |  5761 | mycroft_bus_client.client.client | Could not send register_vocab message because connection has been closed
2021-10-25 17:28:18.932 | WARNING  |  5761 | mycroft_bus_client.client.client | Could not send register_vocab message because connection has been closed
2021-10-25 17:28:18.932 | WARNING  |  5761 | mycroft_bus_client.client.client | Could not send register_vocab message because connection has been closed
2021-10-25 17:28:18.932 | WARNING  |  5761 | mycroft_bus_client.client.client | Could not send register_vocab message because connection has been closed
2021-10-25 17:28:18.933 | WARNING  |  5761 | mycroft_bus_client.client.client | Could not send register_vocab message because connection has been closed
2021-10-25 17:28:18.933 | WARNING  |  5761 | mycroft_bus_client.client.client | Could not send register_vocab message because connection has been closed
2021-10-25 17:28:18.933 | WARNING  |  5761 | mycroft_bus_client.client.client | Could not send register_vocab message because connection has been closed
2021-10-25 17:28:18.933 | WARNING  |  5761 | mycroft_bus_client.client.client | Could not send register_vocab message because connection has been closed
2021-10-25 17:28:18.938 | WARNING  |  5761 | mycroft_bus_client.client.client | Could not send register_vocab message because connection has been closed
2021-10-25 17:28:18.939 | WARNING  |  5761 | mycroft_bus_client.client.client | Could not send register_intent message because connection has been closed
2021-10-25 17:28:18.940 | INFO     |  5761 | mycroft.skills.skill_loader:_check_for_first_run:324 | First run of fallback-wolfram-alpha.mycroftai
2021-10-25 17:28:18.940 | INFO     |  5761 | mycroft.skills.settings:save_settings:116 | Skill settings successfully saved to /home/runner/.config/mycroft/skills/fallback-wolfram-alpha.mycroftai/settings.json
2021-10-25 17:28:18.940 | WARNING  |  5761 | mycroft_bus_client.client.client | Could not send mycroft.skills.loaded message because connection has been closed
2021-10-25 17:28:18.941 | INFO     |  5761 | mycroft.skills.skill_loader:_communicate_load_status:344 | Skill fallback-wolfram-alpha.mycroftai loaded successfully
2021-10-25 17:28:18.945 | INFO     |  5761 | mycroft.skills.skill_loader:load:185 | ATTEMPTING TO LOAD SKILL: mycroft-wiki.mycroftai
2021-10-25 17:28:18.953 | INFO     |  5761 | mycroft.skills.settings:get_local_settings:83 | /opt/mycroft/skills/mycroft-wiki.mycroftai/settings.json
2021-10-25 17:28:18.964 | WARNING  |  5761 | mycroft_bus_client.client.client | Could not send register_vocab message because connection has been closed
2021-10-25 17:28:18.964 | WARNING  |  5761 | mycroft_bus_client.client.client | Could not send register_vocab message because connection has been closed
2021-10-25 17:28:18.964 | WARNING  |  5761 | mycroft_bus_client.client.client | Could not send register_vocab message because connection has been closed
2021-10-25 17:28:18.964 | WARNING  |  5761 | mycroft_bus_client.client.client | Could not send register_vocab message because connection has been closed
2021-10-25 17:28:18.965 | WARNING  |  5761 | mycroft_bus_client.client.client | Could not send register_vocab message because connection has been closed
2021-10-25 17:28:18.965 | WARNING  |  5761 | mycroft_bus_client.client.client | Could not send register_vocab message because connection has been closed
2021-10-25 17:28:18.965 | WARNING  |  5761 | mycroft_bus_client.client.client | Could not send register_vocab message because connection has been closed
2021-10-25 17:28:18.965 | WARNING  |  5761 | mycroft_bus_client.client.client | Could not send register_vocab message because connection has been closed
2021-10-25 17:28:18.966 | WARNING  |  5761 | mycroft_bus_client.client.client | Could not send register_vocab message because connection has been closed
2021-10-25 17:28:18.967 | WARNING  |  5761 | mycroft_bus_client.client.client | Could not send register_intent message because connection has been closed
2021-10-25 17:28:18.967 | WARNING  |  5761 | mycroft_bus_client.client.client | Could not send padatious:register_intent message because connection has been closed
2021-10-25 17:28:18.968 | WARNING  |  5761 | mycroft_bus_client.client.client | Could not send register_intent message because connection has been closed
2021-10-25 17:28:18.971 | INFO     |  5761 | mycroft.skills.skill_loader:_check_for_first_run:324 | First run of mycroft-wiki.mycroftai
2021-10-25 17:28:18.971 | INFO     |  5761 | mycroft.skills.settings:save_settings:116 | Skill settings successfully saved to /home/runner/.config/mycroft/skills/mycroft-wiki.mycroftai/settings.json
2021-10-25 17:28:18.972 | WARNING  |  5761 | mycroft_bus_client.client.client | Could not send mycroft.skills.loaded message because connection has been closed
2021-10-25 17:28:18.972 | INFO     |  5761 | mycroft.skills.skill_loader:_communicate_load_status:344 | Skill mycroft-wiki.mycroftai loaded successfully
2021-10-25 17:28:18.972 | INFO     |  5761 | mycroft.skills.skill_loader:load:185 | ATTEMPTING TO LOAD SKILL: fallback-unknown.mycroftai
2021-10-25 17:28:18.980 | INFO     |  5761 | mycroft.skills.settings:get_local_settings:83 | /opt/mycroft/skills/fallback-unknown.mycroftai/settings.json
2021-10-25 17:28:18.988 | WARNING  |  5761 | mycroft_bus_client.client.client | Could not send register_vocab message because connection has been closed
2021-10-25 17:28:18.988 | WARNING  |  5761 | mycroft_bus_client.client.client | Could not send register_vocab message because connection has been closed
2021-10-25 17:28:18.989 | WARNING  |  5761 | mycroft_bus_client.client.client | Could not send register_vocab message because connection has been closed
2021-10-25 17:28:18.989 | WARNING  |  5761 | mycroft_bus_client.client.client | Could not send register_vocab message because connection has been closed
2021-10-25 17:28:18.989 | WARNING  |  5761 | mycroft_bus_client.client.client | Could not send register_vocab message because connection has been closed
2021-10-25 17:28:18.989 | WARNING  |  5761 | mycroft_bus_client.client.client | Could not send register_vocab message because connection has been closed
2021-10-25 17:28:18.989 | WARNING  |  5761 | mycroft_bus_client.client.client | Could not send register_vocab message because connection has been closed
2021-10-25 17:28:18.989 | WARNING  |  5761 | mycroft_bus_client.client.client | Could not send register_vocab message because connection has been closed
2021-10-25 17:28:18.989 | WARNING  |  5761 | mycroft_bus_client.client.client | Could not send register_vocab message because connection has been closed
2021-10-25 17:28:18.989 | WARNING  |  5761 | mycroft_bus_client.client.client | Could not send register_vocab message because connection has been closed
2021-10-25 17:28:18.989 | WARNING  |  5761 | mycroft_bus_client.client.client | Could not send register_vocab message because connection has been closed
2021-10-25 17:28:18.990 | WARNING  |  5761 | mycroft_bus_client.client.client | Could not send register_vocab message because connection has been closed
2021-10-25 17:28:18.990 | WARNING  |  5761 | mycroft_bus_client.client.client | Could not send register_vocab message because connection has been closed
2021-10-25 17:28:18.990 | WARNING  |  5761 | mycroft_bus_client.client.client | Could not send register_vocab message because connection has been closed
2021-10-25 17:28:18.990 | WARNING  |  5761 | mycroft_bus_client.client.client | Could not send register_vocab message because connection has been closed
2021-10-25 17:28:18.990 | WARNING  |  5761 | mycroft_bus_client.client.client | Could not send register_vocab message because connection has been closed
2021-10-25 17:28:18.990 | WARNING  |  5761 | mycroft_bus_client.client.client | Could not send register_vocab message because connection has been closed
2021-10-25 17:28:18.990 | WARNING  |  5761 | mycroft_bus_client.client.client | Could not send register_vocab message because connection has been closed
2021-10-25 17:28:18.990 | WARNING  |  5761 | mycroft_bus_client.client.client | Could not send register_vocab message because connection has been closed
2021-10-25 17:28:18.990 | WARNING  |  5761 | mycroft_bus_client.client.client | Could not send register_vocab message because connection has been closed
2021-10-25 17:28:18.990 | WARNING  |  5761 | mycroft_bus_client.client.client | Could not send register_vocab message because connection has been closed
2021-10-25 17:28:18.991 | WARNING  |  5761 | mycroft_bus_client.client.client | Could not send register_vocab message because connection has been closed
2021-10-25 17:28:18.991 | WARNING  |  5761 | mycroft_bus_client.client.client | Could not send register_vocab message because connection has been closed
2021-10-25 17:28:18.991 | WARNING  |  5761 | mycroft_bus_client.client.client | Could not send register_vocab message because connection has been closed
2021-10-25 17:28:18.991 | WARNING  |  5761 | mycroft_bus_client.client.client | Could not send register_vocab message because connection has been closed
2021-10-25 17:28:18.991 | INFO     |  5761 | mycroft.skills.skill_loader:_check_for_first_run:324 | First run of fallback-unknown.mycroftai
2021-10-25 17:28:18.992 | INFO     |  5761 | mycroft.skills.settings:save_settings:116 | Skill settings successfully saved to /home/runner/.config/mycroft/skills/fallback-unknown.mycroftai/settings.json
2021-10-25 17:28:18.992 | WARNING  |  5761 | mycroft_bus_client.client.client | Could not send mycroft.skills.loaded message because connection has been closed
2021-10-25 17:28:18.992 | INFO     |  5761 | mycroft.skills.skill_loader:_communicate_load_status:344 | Skill fallback-unknown.mycroftai loaded successfully
2021-10-25 17:28:18.993 | INFO     |  5761 | mycroft.skills.skill_loader:load:185 | ATTEMPTING TO LOAD SKILL: mycroft-playback-control.mycroftai
2021-10-25 17:28:19.002 | INFO     |  5761 | mycroft.skills.settings:get_local_settings:83 | /opt/mycroft/skills/mycroft-playback-control.mycroftai/settings.json
2021-10-25 17:28:19.011 | WARNING  |  5761 | mycroft_bus_client.client.client | Could not send register_vocab message because connection has been closed
2021-10-25 17:28:19.011 | WARNING  |  5761 | mycroft_bus_client.client.client | Could not send register_vocab message because connection has been closed
2021-10-25 17:28:19.011 | WARNING  |  5761 | mycroft_bus_client.client.client | Could not send register_vocab message because connection has been closed
2021-10-25 17:28:19.011 | WARNING  |  5761 | mycroft_bus_client.client.client | Could not send register_vocab message because connection has been closed
2021-10-25 17:28:19.011 | WARNING  |  5761 | mycroft_bus_client.client.client | Could not send register_vocab message because connection has been closed
2021-10-25 17:28:19.011 | WARNING  |  5761 | mycroft_bus_client.client.client | Could not send register_vocab message because connection has been closed
2021-10-25 17:28:19.012 | WARNING  |  5761 | mycroft_bus_client.client.client | Could not send register_vocab message because connection has been closed
2021-10-25 17:28:19.012 | WARNING  |  5761 | mycroft_bus_client.client.client | Could not send register_vocab message because connection has been closed
2021-10-25 17:28:19.012 | WARNING  |  5761 | mycroft_bus_client.client.client | Could not send register_vocab message because connection has been closed
2021-10-25 17:28:19.012 | WARNING  |  5761 | mycroft_bus_client.client.client | Could not send register_vocab message because connection has been closed
2021-10-25 17:28:19.012 | WARNING  |  5761 | mycroft_bus_client.client.client | Could not send register_vocab message because connection has been closed
2021-10-25 17:28:19.012 | WARNING  |  5761 | mycroft_bus_client.client.client | Could not send register_vocab message because connection has been closed
2021-10-25 17:28:19.012 | WARNING  |  5761 | mycroft_bus_client.client.client | Could not send register_vocab message because connection has been closed
2021-10-25 17:28:19.012 | WARNING  |  5761 | mycroft_bus_client.client.client | Could not send register_vocab message because connection has been closed
2021-10-25 17:28:19.012 | WARNING  |  5761 | mycroft_bus_client.client.client | Could not send register_vocab message because connection has been closed
2021-10-25 17:28:19.012 | WARNING  |  5761 | mycroft_bus_client.client.client | Could not send register_vocab message because connection has been closed
2021-10-25 17:28:19.013 | WARNING  |  5761 | mycroft_bus_client.client.client | Could not send register_vocab message because connection has been closed
2021-10-25 17:28:19.013 | WARNING  |  5761 | mycroft_bus_client.client.client | Could not send register_vocab message because connection has been closed
2021-10-25 17:28:19.013 | WARNING  |  5761 | mycroft_bus_client.client.client | Could not send register_vocab message because connection has been closed
2021-10-25 17:28:19.013 | WARNING  |  5761 | mycroft_bus_client.client.client | Could not send register_vocab message because connection has been closed
2021-10-25 17:28:19.013 | WARNING  |  5761 | mycroft_bus_client.client.client | Could not send register_vocab message because connection has been closed
2021-10-25 17:28:19.013 | WARNING  |  5761 | mycroft_bus_client.client.client | Could not send register_vocab message because connection has been closed
2021-10-25 17:28:19.013 | WARNING  |  5761 | mycroft_bus_client.client.client | Could not send register_vocab message because connection has been closed
2021-10-25 17:28:19.013 | WARNING  |  5761 | mycroft_bus_client.client.client | Could not send register_vocab message because connection has been closed
2021-10-25 17:28:19.014 | WARNING  |  5761 | mycroft_bus_client.client.client | Could not send register_vocab message because connection has been closed
2021-10-25 17:28:19.019 | WARNING  |  5761 | mycroft_bus_client.client.client | Could not send register_vocab message because connection has been closed
2021-10-25 17:28:19.020 | WARNING  |  5761 | mycroft_bus_client.client.client | Could not send register_vocab message because connection has been closed
2021-10-25 17:28:19.020 | WARNING  |  5761 | mycroft_bus_client.client.client | Could not send register_vocab message because connection has been closed
2021-10-25 17:28:19.020 | WARNING  |  5761 | mycroft_bus_client.client.client | Could not send register_intent message because connection has been closed
2021-10-25 17:28:19.022 | WARNING  |  5761 | mycroft_bus_client.client.client | Could not send register_intent message because connection has been closed
2021-10-25 17:28:19.022 | WARNING  |  5761 | mycroft_bus_client.client.client | Could not send register_intent message because connection has been closed
2021-10-25 17:28:19.023 | WARNING  |  5761 | mycroft_bus_client.client.client | Could not send register_intent message because connection has been closed
2021-10-25 17:28:19.025 | WARNING  |  5761 | mycroft_bus_client.client.client | Could not send register_intent message because connection has been closed
2021-10-25 17:28:19.028 | INFO     |  5761 | mycroft.skills.skill_loader:_check_for_first_run:324 | First run of mycroft-playback-control.mycroftai
2021-10-25 17:28:19.034 | INFO     |  5761 | mycroft.skills.settings:save_settings:116 | Skill settings successfully saved to /home/runner/.config/mycroft/skills/mycroft-playback-control.mycroftai/settings.json
2021-10-25 17:28:19.034 | WARNING  |  5761 | mycroft_bus_client.client.client | Could not send mycroft.skills.loaded message because connection has been closed
2021-10-25 17:28:19.034 | INFO     |  5761 | mycroft.skills.skill_loader:_communicate_load_status:344 | Skill mycroft-playback-control.mycroftai loaded successfully
2021-10-25 17:28:19.035 | INFO     |  5761 | mycroft.skills.skill_manager:_load_on_startup:275 | Skills all loaded!
2021-10-25 17:28:19.035 | WARNING  |  5761 | mycroft_bus_client.client.client | Could not send mycroft.skills.initialized message because connection has been closed
2021-10-25 17:28:19.086 | INFO     |  5761 | __main__:on_ready:185 | Skills service is ready.
2021-10-25 17:28:23.751 | INFO     |  5761 | mycroft_bus_client.client.client | Connected
Regenerated mycroft-alarm.mycroftai:{daytype}.
Regenerated mycroft-reminder.mycroftai:ClearReminders.intent.
Regenerated mycroft-reminder.mycroftai:UnspecifiedReminderAt.intent.
Regenerated mycroft-reminder.mycroftai:GetNextReminders.intent.
Regenerated mycroft-installer.mycroftai:list.skills.intent.
Regenerated mycroft-installer.mycroftai:install.beta.intent.
Regenerated mycroft-installer.mycroftai:remove.intent.
Regenerated mycroft-installer.mycroftai:install.intent.
Regenerated mycroft-installer.mycroftai:is.installed.intent.
Regenerated mycroft-installer.mycroftai:install.custom.intent.
Regenerated mycroft-timer.mycroftai:timer.status.intent.
Regenerated mycroft-timer.mycroftai:start.timer.intent.
Regenerated homeassistant.mycroftai:tracker.intent.
Regenerated homeassistant.mycroftai:set.climate.intent.
Regenerated homeassistant.mycroftai:decrease.light.brightness.intent.
Regenerated homeassistant.mycroftai:turn.on.intent.
Regenerated homeassistant.mycroftai:turn.off.intent.
Regenerated homeassistant.mycroftai:cover.stop.intent.
Regenerated homeassistant.mycroftai:cover.close.intent.
Regenerated homeassistant.mycroftai:add.item.shopping.list.intent.
Regenerated mycroft-alarm.mycroftai:snooze.intent.
Regenerated mycroft-alarm.mycroftai:change.alarm.sound.intent.
Regenerated mycroft-npr-news.mycroftai:PlayTheNews.intent.
Regenerated mycroft-support-helper.mycroftai:contact.support.intent.
Regenerated mycroft-weather.mycroftai:do-i-need-an-umbrella.intent.
Regenerated mycroft-audio-record.mycroftai:StartRecording.intent.
Regenerated mycroft-audio-record.mycroftai:PlayRecording.intent.
Regenerated mycroft-stop.mycroftai:reboot.intent.
Regenerated mycroft-stop.mycroftai:shutdown.intent.
Regenerated mycroft-stop.mycroftai:ssh.enable.intent.
Regenerated mycroft-stop.mycroftai:ssh.disable.intent.
Regenerated mycroft-stop.mycroftai:wifi.setup.intent.
Regenerated mycroft-hello-world.mycroftai:HowAreYou.intent.
Regenerated mycroft-reminder.mycroftai:DeleteReminderForDay.intent.
Regenerated mycroft-reminder.mycroftai:CancelActiveReminder.intent.
Regenerated mycroft-reminder.mycroftai:GetRemindersForDay.intent.
Regenerated mycroft-reminder.mycroftai:Reminder.intent.
Regenerated mycroft-reminder.mycroftai:SnoozeReminder.intent.
Regenerated mycroft-reminder.mycroftai:ReminderAt.intent.
Regenerated homeassistant.mycroftai:sensor.intent.
Regenerated homeassistant.mycroftai:set.light.brightness.intent.
Regenerated homeassistant.mycroftai:cover.open.intent.
Regenerated homeassistant.mycroftai:toggle.intent.
Regenerated homeassistant.mycroftai:increase.light.brightness.intent.
Regenerated homeassistant.mycroftai:automation.intent.
2021-10-25 17:28:35.473 | INFO     |  5761 | mycroft.skills.settings:save_settings:116 | Skill settings successfully saved to /home/runner/.config/mycroft/skills/mycroft-timer.mycroftai/settings.json
2021-10-25 17:28:36.176 | INFO     |  5761 | mycroft.skills.settings:save_settings:116 | Skill settings successfully saved to /home/runner/.config/mycroft/skills/mycroft-pairing.mycroftai/settings.json
2021-10-25 17:28:58.354 | INFO     |  5761 | __main__:on_stopping:193 | Skills service is shutting down...
2021-10-25 17:28:58.354 | INFO     |  5761 | __main__:shutdown:284 | Shutting down Skills service
2021-10-25 17:28:58.550 | ERROR    |  5761 | VolumeSkill | Couldn't allocate mixer, ALSAAudioError('No such file or directory [default]')
2021-10-25 17:28:58.558 | INFO     |  5761 | mycroft.skills.settings:save_settings:116 | Skill settings successfully saved to /home/runner/.config/mycroft/skills/mycroft-volume.mycroftai/settings.json
2021-10-25 17:28:58.559 | INFO     |  5761 | mycroft.skills.settings:save_settings:116 | Skill settings successfully saved to /home/runner/.config/mycroft/skills/mycroft-ip.mycroftai/settings.json
2021-10-25 17:28:58.560 | INFO     |  5761 | mycroft.skills.settings:save_settings:116 | Skill settings successfully saved to /home/runner/.config/mycroft/skills/mycroft-reminder.mycroftai/settings.json
2021-10-25 17:28:58.562 | INFO     |  5761 | mycroft.skills.settings:save_settings:116 | Skill settings successfully saved to /home/runner/.config/mycroft/skills/mycroft-installer.mycroftai/settings.json
2021-10-25 17:28:58.563 | INFO     |  5761 | mycroft.skills.settings:save_settings:116 | Skill settings successfully saved to /home/runner/.config/mycroft/skills/mycroft-version-checker.mycroftai/settings.json
2021-10-25 17:28:58.570 | INFO     |  5761 | mycroft.skills.settings:save_settings:116 | Skill settings successfully saved to /home/runner/.config/mycroft/skills/mycroft-singing.mycroftai/settings.json
2021-10-25 17:28:58.571 | INFO     |  5761 | mycroft.skills.settings:save_settings:116 | Skill settings successfully saved to /home/runner/.config/mycroft/skills/mycroft-joke.mycroftai/settings.json
2021-10-25 17:28:58.573 | INFO     |  5761 | HomeAssistantSkill | Removing all handlers...
2021-10-25 17:28:58.573 | WARNING  |  5761 | mycroft.skills.fallback_skill:remove_fallback:185 | Could not find matching fallback handler
2021-10-25 17:28:58.574 | INFO     |  5761 | mycroft.skills.settings:save_settings:116 | Skill settings successfully saved to /home/runner/.config/mycroft/skills/mycroft-alarm.mycroftai/settings.json
2021-10-25 17:28:58.575 | INFO     |  5761 | mycroft.skills.settings:save_settings:116 | Skill settings successfully saved to /home/runner/.config/mycroft/skills/mycroft-naptime.mycroftai/settings.json
2021-10-25 17:28:58.576 | INFO     |  5761 | mycroft.skills.settings:save_settings:116 | Skill settings successfully saved to /home/runner/.config/mycroft/skills/mycroft-spelling.mycroftai/settings.json
2021-10-25 17:28:58.577 | INFO     |  5761 | mycroft.skills.settings:save_settings:116 | Skill settings successfully saved to /home/runner/.config/mycroft/skills/mycroft-fallback-duck-duck-go.mycroftai/settings.json
2021-10-25 17:28:58.578 | INFO     |  5761 | mycroft.skills.settings:save_settings:116 | Skill settings successfully saved to /home/runner/.config/mycroft/skills/mycroft-npr-news.mycroftai/settings.json
2021-10-25 17:28:58.578 | INFO     |  5761 | mycroft.skills.settings:save_settings:116 | Skill settings successfully saved to /home/runner/.config/mycroft/skills/mycroft-support-helper.mycroftai/settings.json
2021-10-25 17:28:58.579 | INFO     |  5761 | mycroft.skills.settings:save_settings:116 | Skill settings successfully saved to /home/runner/.config/mycroft/skills/mycroft-weather.mycroftai/settings.json
2021-10-25 17:28:58.642 | INFO     |  5761 | mycroft.skills.settings:save_settings:116 | Skill settings successfully saved to /home/runner/.config/mycroft/skills/mycroft-speak.mycroftai/settings.json
2021-10-25 17:28:58.677 | INFO     |  5761 | mycroft.skills.settings:save_settings:116 | Skill settings successfully saved to /home/runner/.config/mycroft/skills/mycroft-audio-record.mycroftai/settings.json
2021-10-25 17:28:58.679 | INFO     |  5761 | mycroft.skills.settings:save_settings:116 | Skill settings successfully saved to /home/runner/.config/mycroft/skills/mycroft-stop.mycroftai/settings.json
2021-10-25 17:28:58.680 | INFO     |  5761 | mycroft.skills.settings:save_settings:116 | Skill settings successfully saved to /home/runner/.config/mycroft/skills/mycroft-hello-world.mycroftai/settings.json
2021-10-25 17:28:58.690 | INFO     |  5761 | mycroft.skills.settings:save_settings:116 | Skill settings successfully saved to /home/runner/.config/mycroft/skills/mycroft-date-time.mycroftai/settings.json
2021-10-25 17:28:58.692 | INFO     |  5761 | mycroft.skills.settings:save_settings:116 | Skill settings successfully saved to /home/runner/.config/mycroft/skills/mycroft-configuration.mycroftai/settings.json
2021-10-25 17:28:58.705 | INFO     |  5761 | QuestionsAnswersSkill | Removing all handlers...
2021-10-25 17:28:58.710 | INFO     |  5761 | mycroft.skills.settings:save_settings:116 | Skill settings successfully saved to /home/runner/.config/mycroft/skills/fallback-query.mycroftai/settings.json
2021-10-25 17:28:58.716 | INFO     |  5761 | mycroft.skills.settings:save_settings:116 | Skill settings successfully saved to /home/runner/.config/mycroft/skills/mycroft-personal.mycroftai/settings.json
2021-10-25 17:28:58.718 | INFO     |  5761 | mycroft.skills.settings:save_settings:116 | Skill settings successfully saved to /home/runner/.config/mycroft/skills/fallback-wolfram-alpha.mycroftai/settings.json
2021-10-25 17:28:58.720 | INFO     |  5761 | mycroft.skills.settings:save_settings:116 | Skill settings successfully saved to /home/runner/.config/mycroft/skills/mycroft-wiki.mycroftai/settings.json
2021-10-25 17:28:58.725 | INFO     |  5761 | UnknownSkill | Removing all handlers...
2021-10-25 17:28:58.726 | INFO     |  5761 | mycroft.skills.settings:save_settings:116 | Skill settings successfully saved to /home/runner/.config/mycroft/skills/fallback-unknown.mycroftai/settings.json
2021-10-25 17:28:58.733 | INFO     |  5761 | mycroft.skills.settings:save_settings:116 | Skill settings successfully saved to /home/runner/.config/mycroft/skills/mycroft-playback-control.mycroftai/settings.json
2021-10-25 17:28:59.733 | INFO     |  5761 | Playback Control Skill | Audio service status: {}
2021-10-25 17:29:00.735 | WARNING  |  5761 | mycroft.skills.skill_manager:_shutdown_skill:106 | mycroft-playback-control.mycroftai shutdown took 2.0024476009999717 seconds
2021-10-25 17:29:00.735 | INFO     |  5761 | __main__:shutdown:291 | Skills service shutdown complete!
