2021-10-26 14:38:30.607 | INFO     |  5753 | mycroft.messagebus.load_config:load_message_bus_config:33 | Loading message bus configs
2021-10-26 14:38:30.612 | ERROR    |  5753 | mycroft_bus_client.client.client | === ConnectionRefusedError(111, 'Connection refused') ===
Traceback (most recent call last):
  File "/opt/mycroft-core/.venv/lib/python3.7/site-packages/websocket/_app.py", line 254, in run_forever
    proxy_type=proxy_type)
  File "/opt/mycroft-core/.venv/lib/python3.7/site-packages/websocket/_core.py", line 220, in connect
    options.pop('socket', None))
  File "/opt/mycroft-core/.venv/lib/python3.7/site-packages/websocket/_http.py", line 120, in connect
    sock = _open_socket(addrinfo_list, options.sockopt, options.timeout)
  File "/opt/mycroft-core/.venv/lib/python3.7/site-packages/websocket/_http.py", line 190, in _open_socket
    raise err
  File "/opt/mycroft-core/.venv/lib/python3.7/site-packages/websocket/_http.py", line 170, in _open_socket
    sock.connect(address)
ConnectionRefusedError: [Errno 111] Connection refused
2021-10-26 14:38:30.613 | ERROR    |  5753 | mycroft_bus_client.client.client | Exception closing websocket: ConnectionRefusedError(111, 'Connection refused')
2021-10-26 14:38:30.613 | WARNING  |  5753 | mycroft_bus_client.client.client | Message Bus Client will reconnect in 5 seconds.
2021-10-26 14:38:35.618 | INFO     |  5753 | mycroft_bus_client.client.client | Connected
2021-10-26 14:38:35.619 | INFO     |  5753 | mycroft.util.process_utils:start_message_bus_client:155 | Connected to messagebus
2021-10-26 14:38:35.624 | INFO     |  5753 | mycroft.skills.msm_wrapper:create_msm:96 | Acquiring lock to instantiate MSM
2021-10-26 14:38:35.624 | INFO     |  5753 | msm.mycroft_skills_manager | building SkillEntry objects for all skills
2021-10-26 14:38:35.889 | INFO     |  5753 | mycroft.skills.msm_wrapper:create_msm:112 | Releasing MSM instantiation lock.
2021-10-26 14:38:35.889 | INFO     |  5753 | mycroft.skills.skill_updater:_log_next_download_time:267 | Next scheduled skill update: 2021-10-26 14:38:34.889539
2021-10-26 14:38:35.890 | INFO     |  5753 | msm.skill_entry | Downloading skill: https://github.com/mycroftai/skill-pairing
2021-10-26 14:38:37.503 | INFO     |  5753 | msm.skill_entry | Installing system requirements...
2021-10-26 14:38:37.518 | INFO     |  5753 | msm.skill_entry | Successfully installed mycroft-pairing
2021-10-26 14:38:37.518 | INFO     |  5753 | msm.mycroft_skills_manager | invalidating skills cache
2021-10-26 14:38:37.520 | INFO     |  5753 | mycroft.skills.skill_loader:load:185 | ATTEMPTING TO LOAD SKILL: mycroft-pairing.mycroftai
2021-10-26 14:38:37.530 | INFO     |  5753 | mycroft.skills.settings:get_local_settings:83 | /opt/mycroft/skills/mycroft-pairing.mycroftai/settings.json
2021-10-26 14:38:37.554 | INFO     |  5753 | mycroft.skills.skill_loader:_check_for_first_run:324 | First run of mycroft-pairing.mycroftai
2021-10-26 14:38:37.569 | INFO     |  5753 | mycroft.skills.settings:save_settings:116 | Skill settings successfully saved to /home/runner/.config/mycroft/skills/mycroft-pairing.mycroftai/settings.json
2021-10-26 14:38:37.572 | INFO     |  5753 | mycroft.skills.skill_loader:_communicate_load_status:344 | Skill mycroft-pairing.mycroftai loaded successfully
2021-10-26 14:38:37.572 | INFO     |  5753 | msm.skill_entry | Downloading skill: https://github.com/mycroftai/skill-volume
2021-10-26 14:38:37.976 | INFO     |  5753 | msm.skill_entry | Installing system requirements...
2021-10-26 14:38:38.007 | INFO     |  5753 | msm.skill_entry | Installing requirements.txt for mycroft-volume
2021-10-26 14:38:39.714 | INFO     |  5753 | msm.skill_entry | Successfully installed mycroft-volume
2021-10-26 14:38:39.715 | INFO     |  5753 | msm.mycroft_skills_manager | invalidating skills cache
2021-10-26 14:38:39.831 | INFO     |  5753 | mycroft.skills.skill_loader:load:185 | ATTEMPTING TO LOAD SKILL: mycroft-volume.mycroftai
2021-10-26 14:38:39.844 | INFO     |  5753 | mycroft.skills.settings:get_local_settings:83 | /opt/mycroft/skills/mycroft-volume.mycroftai/settings.json
2021-10-26 14:38:39.918 | ERROR    |  5753 | VolumeSkill | Couldn't allocate mixer, ALSAAudioError('No such file or directory [default]')
2021-10-26 14:38:42.920 | INFO     |  5753 | mycroft.skills.skill_loader:_check_for_first_run:324 | First run of mycroft-volume.mycroftai
2021-10-26 14:38:42.921 | INFO     |  5753 | mycroft.skills.settings:save_settings:116 | Skill settings successfully saved to /home/runner/.config/mycroft/skills/mycroft-volume.mycroftai/settings.json
2021-10-26 14:38:42.985 | INFO     |  5753 | mycroft.skills.skill_loader:_communicate_load_status:344 | Skill mycroft-volume.mycroftai loaded successfully
2021-10-26 14:38:42.985 | INFO     |  5753 | __main__:on_started:177 | Skills service is starting up.
2021-10-26 14:38:43.032 | INFO     |  5753 | __main__:_update_system:154 | Attempting system update...
2021-10-26 14:38:46.034 | INFO     |  5753 | mycroft.enclosure.display_manager:_write_data:70 | Display Manager is creating /tmp/mycroft/ipc/managers/disp_info
2021-10-26 14:38:46.035 | INFO     |  5753 | __main__:_ensure_device_is_paired:133 | Device not paired, invoking the pairing skill
2021-10-26 14:38:46.038 | INFO     |  5753 | __main__:on_alive:181 | Skills service is alive.
2021-10-26 14:38:46.046 | INFO     |  5753 | msm.mycroft_skills_manager | building SkillEntry objects for all skills
2021-10-26 14:38:46.276 | INFO     |  5753 | PairingSkill | Communicating account URL to user
2021-10-26 14:38:46.329 | WARNING  |  5753 | msm.mycroft_skills_manager | No such default skill: mycroft-pandora
2021-10-26 14:38:46.330 | INFO     |  5753 | mycroft.skills.skill_manager:run:234 | Not all default skills are installed, performing skill update...
2021-10-26 14:38:46.331 | INFO     |  5753 | mycroft.skills.skill_updater:update_skills:149 | Beginning skill update...
2021-10-26 14:38:46.374 | INFO     |  5753 | msm.mycroft_skills_manager | building SkillEntry objects for all skills
2021-10-26 14:38:47.262 | INFO     |  5753 | msm.mycroft_skills_manager | invalidating skills cache
2021-10-26 14:38:47.289 | INFO     |  5753 | msm.skill_entry | Downloading skill: https://github.com/mycroftai/skill-audio-record
2021-10-26 14:38:47.298 | INFO     |  5753 | msm.skill_entry | Downloading skill: https://github.com/mycroftai/fallback-unknown
2021-10-26 14:38:47.302 | INFO     |  5753 | msm.skill_entry | Downloading skill: https://github.com/mycroftai/skill-configuration
2021-10-26 14:38:47.305 | INFO     |  5753 | msm.skill_entry | Downloading skill: https://github.com/mycroftai/fallback-duckduckgo
2021-10-26 14:38:47.317 | INFO     |  5753 | msm.skill_entry | Downloading skill: https://github.com/mycroftai/skill-date-time
2021-10-26 14:38:47.319 | INFO     |  5753 | msm.skill_entry | Downloading skill: https://github.com/mycroftai/skill-installer
2021-10-26 14:38:47.327 | INFO     |  5753 | msm.skill_entry | Downloading skill: https://github.com/mycroftai/skill-alarm
2021-10-26 14:38:47.331 | INFO     |  5753 | msm.skill_entry | Downloading skill: https://github.com/mycroftai/skill-hello-world
2021-10-26 14:38:47.340 | INFO     |  5753 | msm.skill_entry | Downloading skill: https://github.com/mycroftai/fallback-wolfram-alpha
2021-10-26 14:38:47.349 | INFO     |  5753 | msm.skill_entry | Downloading skill: https://github.com/mycroftai/skill-joke
2021-10-26 14:38:47.357 | INFO     |  5753 | msm.skill_entry | Downloading skill: https://github.com/mycroftai/skill-naptime
2021-10-26 14:38:47.384 | INFO     |  5753 | msm.skill_entry | Downloading skill: https://github.com/mycroftai/skill-ip
2021-10-26 14:38:47.401 | INFO     |  5753 | msm.skill_entry | Downloading skill: https://github.com/mycroftai/skill-npr-news
2021-10-26 14:38:47.407 | INFO     |  5753 | msm.skill_entry | Downloading skill: https://github.com/mycroftai/skill-personal
2021-10-26 14:38:47.414 | INFO     |  5753 | msm.skill_entry | Downloading skill: https://github.com/mycroftai/skill-playback-control
2021-10-26 14:38:47.429 | INFO     |  5753 | msm.skill_entry | Downloading skill: https://github.com/mycroftai/skill-reminder
2021-10-26 14:38:47.467 | INFO     |  5753 | msm.skill_entry | Downloading skill: https://github.com/mycroftai/skill-singing
2021-10-26 14:38:48.585 | ERROR    |  5753 | msm.mycroft_skills_manager | Error running install_or_update on homeassistant.mycroftai: MergeConflict
2021-10-26 14:38:48.617 | INFO     |  5753 | msm.skill_entry | Downloading skill: https://github.com/mycroftai/skill-speak
2021-10-26 14:38:48.667 | INFO     |  5753 | msm.skill_entry | Nothing new for mycroft-pairing
2021-10-26 14:38:48.756 | INFO     |  5753 | msm.skill_entry | Installing system requirements...
2021-10-26 14:38:48.836 | INFO     |  5753 | msm.skill_entry | Downloading skill: https://github.com/mycroftai/skill-spelling
2021-10-26 14:38:49.010 | INFO     |  5753 | msm.skill_entry | Installing system requirements...
2021-10-26 14:38:49.053 | INFO     |  5753 | msm.skill_entry | Installing system requirements...
2021-10-26 14:38:49.084 | INFO     |  5753 | msm.skill_entry | Installing system requirements...
2021-10-26 14:38:49.105 | INFO     |  5753 | msm.skill_entry | Installing system requirements...
2021-10-26 14:38:49.155 | INFO     |  5753 | msm.skill_entry | Installing system requirements...
2021-10-26 14:38:49.157 | INFO     |  5753 | msm.skill_entry | Installing system requirements...
2021-10-26 14:38:49.189 | INFO     |  5753 | msm.skill_entry | Installing requirements.txt for mycroft-fallback-duck-duck-go
2021-10-26 14:38:49.202 | INFO     |  5753 | msm.skill_entry | Installing system requirements...
2021-10-26 14:38:49.207 | INFO     |  5753 | msm.skill_entry | Installing system requirements...
2021-10-26 14:38:49.220 | INFO     |  5753 | msm.skill_entry | Successfully installed fallback-unknown
2021-10-26 14:38:49.221 | INFO     |  5753 | msm.mycroft_skills_manager | invalidating skills cache
2021-10-26 14:38:49.228 | INFO     |  5753 | msm.skill_entry | Downloading skill: https://github.com/mycroftai/skill-stop
2021-10-26 14:38:49.229 | INFO     |  5753 | msm.skill_entry | Installing requirements.txt for mycroft-audio-record
2021-10-26 14:38:49.280 | INFO     |  5753 | msm.skill_entry | Installing system requirements...
2021-10-26 14:38:49.291 | INFO     |  5753 | msm.skill_entry | Installing system requirements...
2021-10-26 14:38:49.307 | INFO     |  5753 | msm.skill_entry | Installing requirements.txt for mycroft-ip
2021-10-26 14:38:49.311 | INFO     |  5753 | msm.skill_entry | Installing requirements.txt for fallback-wolfram-alpha
2021-10-26 14:38:49.312 | INFO     |  5753 | msm.skill_entry | Installing system requirements...
2021-10-26 14:38:49.318 | INFO     |  5753 | msm.skill_entry | Successfully installed mycroft-personal
2021-10-26 14:38:49.322 | INFO     |  5753 | msm.mycroft_skills_manager | invalidating skills cache
2021-10-26 14:38:49.324 | INFO     |  5753 | msm.skill_entry | Installing system requirements...
2021-10-26 14:38:49.335 | INFO     |  5753 | msm.skill_entry | Downloading skill: https://github.com/mycroftai/skill-support
2021-10-26 14:38:49.440 | INFO     |  5753 | msm.skill_entry | Successfully installed mycroft-playback-control
2021-10-26 14:38:49.443 | INFO     |  5753 | msm.mycroft_skills_manager | invalidating skills cache
2021-10-26 14:38:49.444 | INFO     |  5753 | msm.skill_entry | Installing requirements.txt for mycroft-npr-news
2021-10-26 14:38:49.458 | INFO     |  5753 | msm.skill_entry | Installing requirements.txt for mycroft-configuration
2021-10-26 14:38:49.464 | INFO     |  5753 | msm.skill_entry | Downloading skill: https://github.com/mycroftai/mycroft-timer
2021-10-26 14:38:49.505 | INFO     |  5753 | msm.skill_entry | Installing requirements.txt for mycroft-installer
2021-10-26 14:38:49.506 | INFO     |  5753 | msm.skill_entry | Installing requirements.txt for mycroft-date-time
2021-10-26 14:38:49.519 | INFO     |  5753 | msm.skill_entry | Successfully installed mycroft-speak
2021-10-26 14:38:49.519 | INFO     |  5753 | msm.mycroft_skills_manager | invalidating skills cache
2021-10-26 14:38:49.550 | INFO     |  5753 | msm.skill_entry | Installing system requirements...
2021-10-26 14:38:49.565 | INFO     |  5753 | msm.skill_entry | Downloading skill: https://github.com/mycroftai/skill-weather
2021-10-26 14:38:49.642 | INFO     |  5753 | msm.skill_entry | Nothing new for mycroft-volume
2021-10-26 14:38:49.728 | INFO     |  5753 | msm.skill_entry | Installing requirements.txt for mycroft-joke
2021-10-26 14:38:49.731 | INFO     |  5753 | msm.skill_entry | Installing system requirements...
2021-10-26 14:38:49.743 | INFO     |  5753 | msm.skill_entry | Installing system requirements...
2021-10-26 14:38:49.757 | INFO     |  5753 | msm.skill_entry | Installing system requirements...
2021-10-26 14:38:49.811 | INFO     |  5753 | msm.skill_entry | Successfully installed mycroft-hello-world
2021-10-26 14:38:49.812 | INFO     |  5753 | msm.mycroft_skills_manager | invalidating skills cache
2021-10-26 14:38:49.814 | INFO     |  5753 | msm.skill_entry | Downloading skill: https://github.com/mycroftai/skill-version-checker
2021-10-26 14:38:49.854 | INFO     |  5753 | msm.skill_entry | Installing requirements.txt for mycroft-volume
2021-10-26 14:38:49.856 | INFO     |  5753 | msm.skill_entry | Installing system requirements...
2021-10-26 14:38:49.892 | INFO     |  5753 | msm.skill_entry | Successfully installed mycroft-naptime
2021-10-26 14:38:49.896 | INFO     |  5753 | msm.mycroft_skills_manager | invalidating skills cache
2021-10-26 14:38:49.897 | INFO     |  5753 | msm.skill_entry | Downloading skill: https://github.com/mycroftai/skill-wiki
2021-10-26 14:38:49.923 | INFO     |  5753 | msm.skill_entry | Successfully installed mycroft-spelling
2021-10-26 14:38:49.924 | INFO     |  5753 | msm.mycroft_skills_manager | invalidating skills cache
2021-10-26 14:38:49.935 | INFO     |  5753 | msm.skill_entry | Downloading skill: https://github.com/MycroftAI/skill-query
2021-10-26 14:38:50.083 | INFO     |  5753 | msm.skill_entry | Installing system requirements...
2021-10-26 14:38:50.196 | INFO     |  5753 | msm.skill_entry | Successfully installed mycroft-reminder
2021-10-26 14:38:50.197 | INFO     |  5753 | msm.mycroft_skills_manager | invalidating skills cache
2021-10-26 14:38:50.381 | INFO     |  5753 | msm.skill_entry | Installing system requirements...
2021-10-26 14:38:50.396 | INFO     |  5753 | msm.skill_entry | Installing system requirements...
2021-10-26 14:38:50.473 | INFO     |  5753 | msm.skill_entry | Installing requirements.txt for mycroft-support-helper
2021-10-26 14:38:50.500 | INFO     |  5753 | msm.skill_entry | Successfully installed mycroft-stop
2021-10-26 14:38:50.500 | INFO     |  5753 | msm.mycroft_skills_manager | invalidating skills cache
2021-10-26 14:38:50.749 | INFO     |  5753 | msm.skill_entry | Installing system requirements...
2021-10-26 14:38:50.830 | INFO     |  5753 | msm.skill_entry | Installing system requirements...
2021-10-26 14:38:50.867 | INFO     |  5753 | msm.skill_entry | Successfully installed mycroft-version-checker
2021-10-26 14:38:50.867 | INFO     |  5753 | msm.mycroft_skills_manager | invalidating skills cache
2021-10-26 14:38:50.947 | INFO     |  5753 | msm.skill_entry | Successfully installed fallback-query
2021-10-26 14:38:50.947 | INFO     |  5753 | msm.mycroft_skills_manager | invalidating skills cache
2021-10-26 14:38:50.947 | INFO     |  5753 | msm.skill_entry | Installing system requirements...
2021-10-26 14:38:51.002 | INFO     |  5753 | msm.skill_entry | Installing requirements.txt for mycroft-alarm
2021-10-26 14:38:51.030 | INFO     |  5753 | msm.skill_entry | Installing system requirements...
2021-10-26 14:38:51.062 | ERROR    |  5753 | msm.mycroft_skills_manager | Error running install_or_update on homeassistant: MergeConflict
2021-10-26 14:38:51.073 | INFO     |  5753 | msm.skill_entry | Installing requirements.txt for mycroft-wiki
2021-10-26 14:38:51.274 | INFO     |  5753 | msm.skill_entry | Installing system requirements...
2021-10-26 14:38:51.314 | INFO     |  5753 | msm.skill_entry | Installing requirements.txt for mycroft-weather
2021-10-26 14:38:51.849 | INFO     |  5753 | msm.skill_entry | Installing system requirements...
2021-10-26 14:38:51.882 | INFO     |  5753 | msm.skill_entry | Successfully installed mycroft-singing
2021-10-26 14:38:51.882 | INFO     |  5753 | msm.mycroft_skills_manager | invalidating skills cache
2021-10-26 14:38:52.417 | INFO     |  5753 | msm.skill_entry | Successfully installed mycroft-fallback-duck-duck-go
2021-10-26 14:38:52.417 | INFO     |  5753 | msm.mycroft_skills_manager | invalidating skills cache
2021-10-26 14:38:53.383 | INFO     |  5753 | msm.skill_entry | Successfully installed mycroft-audio-record
2021-10-26 14:38:53.384 | INFO     |  5753 | msm.mycroft_skills_manager | invalidating skills cache
2021-10-26 14:38:54.349 | INFO     |  5753 | msm.skill_entry | Successfully installed mycroft-ip
2021-10-26 14:38:54.349 | INFO     |  5753 | msm.mycroft_skills_manager | invalidating skills cache
2021-10-26 14:38:54.593 | INFO     |  5753 | msm.skill_entry | Installing system requirements...
2021-10-26 14:38:54.626 | INFO     |  5753 | msm.skill_entry | Successfully installed mycroft-timer
2021-10-26 14:38:54.626 | INFO     |  5753 | msm.mycroft_skills_manager | invalidating skills cache
2021-10-26 14:38:58.732 | INFO     |  5753 | msm.skill_entry | Successfully installed fallback-wolfram-alpha
2021-10-26 14:38:58.732 | INFO     |  5753 | msm.mycroft_skills_manager | invalidating skills cache
2021-10-26 14:39:02.059 | INFO     |  5753 | msm.skill_entry | Successfully installed mycroft-npr-news
2021-10-26 14:39:02.059 | INFO     |  5753 | msm.mycroft_skills_manager | invalidating skills cache
2021-10-26 14:39:04.838 | INFO     |  5753 | msm.skill_entry | Successfully installed mycroft-configuration
2021-10-26 14:39:04.838 | INFO     |  5753 | msm.mycroft_skills_manager | invalidating skills cache
2021-10-26 14:39:05.846 | INFO     |  5753 | msm.skill_entry | Successfully installed mycroft-installer
2021-10-26 14:39:05.847 | INFO     |  5753 | msm.mycroft_skills_manager | invalidating skills cache
2021-10-26 14:39:16.612 | INFO     |  5753 | PairingSkill | Initiating device pairing sequence...
2021-10-26 14:39:16.612 | INFO     |  5753 | PairingSkill | Retrieving pairing code from device API...
2021-10-26 14:39:16.782 | INFO     |  5753 | PairingSkill | Pairing code obtained: 7CWLR9
2021-10-26 14:39:16.782 | INFO     |  5753 | PairingSkill | Communicating pairing URL to user
2021-10-26 14:39:24.300 | INFO     |  5753 | msm.skill_entry | Successfully installed mycroft-date-time
2021-10-26 14:39:24.300 | INFO     |  5753 | msm.mycroft_skills_manager | invalidating skills cache
2021-10-26 14:39:25.650 | INFO     |  5753 | msm.skill_entry | Successfully installed mycroft-joke
2021-10-26 14:39:25.651 | INFO     |  5753 | msm.mycroft_skills_manager | invalidating skills cache
2021-10-26 14:39:29.863 | INFO     |  5753 | msm.skill_entry | Successfully installed mycroft-support-helper
2021-10-26 14:39:29.864 | INFO     |  5753 | msm.mycroft_skills_manager | invalidating skills cache
2021-10-26 14:39:31.054 | INFO     |  5753 | msm.skill_entry | Successfully installed mycroft-alarm
2021-10-26 14:39:31.055 | INFO     |  5753 | msm.mycroft_skills_manager | invalidating skills cache
2021-10-26 14:39:35.373 | INFO     |  5753 | msm.skill_entry | Successfully installed mycroft-wiki
2021-10-26 14:39:35.373 | INFO     |  5753 | msm.mycroft_skills_manager | invalidating skills cache
2021-10-26 14:39:37.163 | INFO     |  5753 | msm.skill_entry | Successfully installed mycroft-weather
2021-10-26 14:39:37.163 | INFO     |  5753 | msm.mycroft_skills_manager | invalidating skills cache
2021-10-26 14:39:37.212 | INFO     |  5753 | mycroft.skills.skill_updater:_log_next_download_time:267 | Next scheduled skill update: 2021-10-26 15:39:37.211805
2021-10-26 14:39:37.212 | INFO     |  5753 | mycroft.skills.skill_updater:update_skills:170 | Skill update complete
2021-10-26 14:39:37.213 | INFO     |  5753 | mycroft.skills.skill_manager:_load_on_startup:273 | Loading installed skills...
2021-10-26 14:39:37.214 | INFO     |  5753 | mycroft.skills.skill_loader:load:185 | ATTEMPTING TO LOAD SKILL: mycroft-ip.mycroftai
2021-10-26 14:39:37.258 | INFO     |  5753 | mycroft.skills.settings:get_local_settings:83 | /opt/mycroft/skills/mycroft-ip.mycroftai/settings.json
2021-10-26 14:39:37.287 | INFO     |  5753 | mycroft.skills.skill_loader:_check_for_first_run:324 | First run of mycroft-ip.mycroftai
2021-10-26 14:39:37.287 | INFO     |  5753 | mycroft.skills.settings:save_settings:116 | Skill settings successfully saved to /home/runner/.config/mycroft/skills/mycroft-ip.mycroftai/settings.json
2021-10-26 14:39:37.297 | INFO     |  5753 | mycroft.skills.skill_loader:_communicate_load_status:344 | Skill mycroft-ip.mycroftai loaded successfully
2021-10-26 14:39:37.297 | INFO     |  5753 | mycroft.skills.skill_loader:load:185 | ATTEMPTING TO LOAD SKILL: mycroft-reminder.mycroftai
2021-10-26 14:39:37.324 | INFO     |  5753 | mycroft.skills.settings:get_local_settings:83 | /opt/mycroft/skills/mycroft-reminder.mycroftai/settings.json
2021-10-26 14:39:37.380 | INFO     |  5753 | mycroft.skills.skill_loader:_check_for_first_run:324 | First run of mycroft-reminder.mycroftai
2021-10-26 14:39:37.381 | INFO     |  5753 | mycroft.skills.settings:save_settings:116 | Skill settings successfully saved to /home/runner/.config/mycroft/skills/mycroft-reminder.mycroftai/settings.json
2021-10-26 14:39:37.384 | INFO     |  5753 | mycroft.skills.skill_loader:_communicate_load_status:344 | Skill mycroft-reminder.mycroftai loaded successfully
2021-10-26 14:39:37.385 | INFO     |  5753 | mycroft.skills.skill_loader:load:185 | ATTEMPTING TO LOAD SKILL: mycroft-installer.mycroftai
2021-10-26 14:39:37.391 | INFO     |  5753 | mycroft.skills.settings:get_local_settings:83 | /opt/mycroft/skills/mycroft-installer.mycroftai/settings.json
2021-10-26 14:39:37.423 | INFO     |  5753 | mycroft.skills.skill_loader:_check_for_first_run:324 | First run of mycroft-installer.mycroftai
2021-10-26 14:39:37.424 | INFO     |  5753 | mycroft.skills.settings:save_settings:116 | Skill settings successfully saved to /home/runner/.config/mycroft/skills/mycroft-installer.mycroftai/settings.json
2021-10-26 14:39:37.428 | INFO     |  5753 | mycroft.skills.skill_loader:_communicate_load_status:344 | Skill mycroft-installer.mycroftai loaded successfully
2021-10-26 14:39:37.429 | INFO     |  5753 | mycroft.skills.skill_loader:load:185 | ATTEMPTING TO LOAD SKILL: mycroft-version-checker.mycroftai
2021-10-26 14:39:37.435 | INFO     |  5753 | mycroft.skills.settings:get_local_settings:83 | /opt/mycroft/skills/mycroft-version-checker.mycroftai/settings.json
2021-10-26 14:39:37.461 | INFO     |  5753 | mycroft.skills.skill_loader:_check_for_first_run:324 | First run of mycroft-version-checker.mycroftai
2021-10-26 14:39:37.462 | INFO     |  5753 | mycroft.skills.settings:save_settings:116 | Skill settings successfully saved to /home/runner/.config/mycroft/skills/mycroft-version-checker.mycroftai/settings.json
2021-10-26 14:39:37.470 | INFO     |  5753 | mycroft.skills.skill_loader:_communicate_load_status:344 | Skill mycroft-version-checker.mycroftai loaded successfully
2021-10-26 14:39:37.470 | INFO     |  5753 | mycroft.skills.skill_loader:load:185 | ATTEMPTING TO LOAD SKILL: mycroft-singing.mycroftai
2021-10-26 14:39:37.477 | INFO     |  5753 | mycroft.skills.settings:get_local_settings:83 | /opt/mycroft/skills/mycroft-singing.mycroftai/settings.json
2021-10-26 14:39:37.501 | INFO     |  5753 | mycroft.skills.skill_loader:_check_for_first_run:324 | First run of mycroft-singing.mycroftai
2021-10-26 14:39:37.502 | INFO     |  5753 | mycroft.skills.settings:save_settings:116 | Skill settings successfully saved to /home/runner/.config/mycroft/skills/mycroft-singing.mycroftai/settings.json
2021-10-26 14:39:37.504 | INFO     |  5753 | mycroft.skills.skill_loader:_communicate_load_status:344 | Skill mycroft-singing.mycroftai loaded successfully
2021-10-26 14:39:37.504 | INFO     |  5753 | mycroft.skills.skill_loader:load:185 | ATTEMPTING TO LOAD SKILL: mycroft-joke.mycroftai
2021-10-26 14:39:37.511 | INFO     |  5753 | mycroft.skills.settings:get_local_settings:83 | /opt/mycroft/skills/mycroft-joke.mycroftai/settings.json
2021-10-26 14:39:37.523 | INFO     |  5753 | mycroft.skills.skill_loader:_check_for_first_run:324 | First run of mycroft-joke.mycroftai
2021-10-26 14:39:37.524 | INFO     |  5753 | mycroft.skills.settings:save_settings:116 | Skill settings successfully saved to /home/runner/.config/mycroft/skills/mycroft-joke.mycroftai/settings.json
2021-10-26 14:39:37.525 | INFO     |  5753 | mycroft.skills.skill_loader:_communicate_load_status:344 | Skill mycroft-joke.mycroftai loaded successfully
2021-10-26 14:39:37.525 | INFO     |  5753 | mycroft.skills.skill_loader:load:185 | ATTEMPTING TO LOAD SKILL: mycroft-timer.mycroftai
2021-10-26 14:39:37.554 | INFO     |  5753 | mycroft.skills.settings:get_local_settings:83 | /opt/mycroft/skills/mycroft-timer.mycroftai/settings.json
2021-10-26 14:39:37.627 | INFO     |  5753 | mycroft.skills.skill_loader:_check_for_first_run:324 | First run of mycroft-timer.mycroftai
2021-10-26 14:39:37.627 | INFO     |  5753 | mycroft.skills.settings:save_settings:116 | Skill settings successfully saved to /home/runner/.config/mycroft/skills/mycroft-timer.mycroftai/settings.json
2021-10-26 14:39:37.633 | INFO     |  5753 | mycroft.skills.skill_loader:_communicate_load_status:344 | Skill mycroft-timer.mycroftai loaded successfully
2021-10-26 14:39:37.634 | INFO     |  5753 | mycroft.skills.skill_loader:load:185 | ATTEMPTING TO LOAD SKILL: homeassistant.mycroftai
2021-10-26 14:39:37.950 | INFO     |  5753 | mycroft.skills.settings:get_local_settings:83 | /opt/mycroft/skills/homeassistant.mycroftai/settings.json
2021-10-26 14:39:37.951 | INFO     |  5753 | mycroft.skills.settings:get_local_settings:83 | /opt/mycroft/skills/homeassistant.mycroftai/settings.json
2021-10-26 14:39:38.032 | INFO     |  5753 | mycroft.skills.skill_loader:_communicate_load_status:344 | Skill homeassistant.mycroftai loaded successfully
2021-10-26 14:39:38.033 | INFO     |  5753 | mycroft.skills.skill_loader:load:185 | ATTEMPTING TO LOAD SKILL: mycroft-alarm.mycroftai
2021-10-26 14:39:38.049 | INFO     |  5753 | mycroft.skills.settings:get_local_settings:83 | /opt/mycroft/skills/mycroft-alarm.mycroftai/settings.json
2021-10-26 14:39:38.049 | ERROR    |  5753 | AlarmSkill | Couldn't allocate mixer, ALSAAudioError('No such file or directory [default]')
2021-10-26 14:39:38.130 | INFO     |  5753 | mycroft.skills.skill_loader:_check_for_first_run:324 | First run of mycroft-alarm.mycroftai
2021-10-26 14:39:38.132 | INFO     |  5753 | mycroft.skills.settings:save_settings:116 | Skill settings successfully saved to /home/runner/.config/mycroft/skills/mycroft-alarm.mycroftai/settings.json
2021-10-26 14:39:38.134 | INFO     |  5753 | mycroft.skills.skill_loader:_communicate_load_status:344 | Skill mycroft-alarm.mycroftai loaded successfully
2021-10-26 14:39:38.135 | INFO     |  5753 | mycroft.skills.skill_loader:load:185 | ATTEMPTING TO LOAD SKILL: mycroft-naptime.mycroftai
2021-10-26 14:39:38.139 | INFO     |  5753 | mycroft.skills.settings:get_local_settings:83 | /opt/mycroft/skills/mycroft-naptime.mycroftai/settings.json
2021-10-26 14:39:38.158 | INFO     |  5753 | mycroft.skills.skill_loader:_check_for_first_run:324 | First run of mycroft-naptime.mycroftai
2021-10-26 14:39:38.158 | INFO     |  5753 | mycroft.skills.settings:save_settings:116 | Skill settings successfully saved to /home/runner/.config/mycroft/skills/mycroft-naptime.mycroftai/settings.json
2021-10-26 14:39:38.159 | INFO     |  5753 | mycroft.skills.skill_loader:_communicate_load_status:344 | Skill mycroft-naptime.mycroftai loaded successfully
2021-10-26 14:39:38.161 | INFO     |  5753 | mycroft.skills.skill_loader:load:185 | ATTEMPTING TO LOAD SKILL: mycroft-spelling.mycroftai
2021-10-26 14:39:38.167 | INFO     |  5753 | mycroft.skills.settings:get_local_settings:83 | /opt/mycroft/skills/mycroft-spelling.mycroftai/settings.json
2021-10-26 14:39:38.194 | INFO     |  5753 | mycroft.skills.skill_loader:_check_for_first_run:324 | First run of mycroft-spelling.mycroftai
2021-10-26 14:39:38.195 | INFO     |  5753 | mycroft.skills.settings:save_settings:116 | Skill settings successfully saved to /home/runner/.config/mycroft/skills/mycroft-spelling.mycroftai/settings.json
2021-10-26 14:39:38.197 | INFO     |  5753 | mycroft.skills.skill_loader:_communicate_load_status:344 | Skill mycroft-spelling.mycroftai loaded successfully
2021-10-26 14:39:38.198 | INFO     |  5753 | mycroft.skills.skill_loader:load:185 | ATTEMPTING TO LOAD SKILL: mycroft-fallback-duck-duck-go.mycroftai
2021-10-26 14:39:38.217 | INFO     |  5753 | mycroft.skills.settings:get_local_settings:83 | /opt/mycroft/skills/mycroft-fallback-duck-duck-go.mycroftai/settings.json
2021-10-26 14:39:38.238 | INFO     |  5753 | mycroft.skills.skill_loader:_check_for_first_run:324 | First run of mycroft-fallback-duck-duck-go.mycroftai
2021-10-26 14:39:38.238 | INFO     |  5753 | mycroft.skills.settings:save_settings:116 | Skill settings successfully saved to /home/runner/.config/mycroft/skills/mycroft-fallback-duck-duck-go.mycroftai/settings.json
2021-10-26 14:39:38.240 | INFO     |  5753 | mycroft.skills.skill_loader:_communicate_load_status:344 | Skill mycroft-fallback-duck-duck-go.mycroftai loaded successfully
2021-10-26 14:39:38.242 | INFO     |  5753 | mycroft.skills.skill_loader:load:185 | ATTEMPTING TO LOAD SKILL: mycroft-npr-news.mycroftai
2021-10-26 14:39:38.322 | INFO     |  5753 | mycroft.skills.settings:get_local_settings:83 | /opt/mycroft/skills/mycroft-npr-news.mycroftai/settings.json
2021-10-26 14:39:39.345 | INFO     |  5753 | mycroft.skills.skill_loader:_check_for_first_run:324 | First run of mycroft-npr-news.mycroftai
2021-10-26 14:39:39.346 | INFO     |  5753 | mycroft.skills.settings:save_settings:116 | Skill settings successfully saved to /home/runner/.config/mycroft/skills/mycroft-npr-news.mycroftai/settings.json
2021-10-26 14:39:39.347 | INFO     |  5753 | mycroft.skills.skill_loader:_communicate_load_status:344 | Skill mycroft-npr-news.mycroftai loaded successfully
2021-10-26 14:39:39.348 | INFO     |  5753 | mycroft.skills.skill_loader:load:185 | ATTEMPTING TO LOAD SKILL: mycroft-support-helper.mycroftai
2021-10-26 14:39:39.359 | INFO     |  5753 | mycroft.skills.settings:get_local_settings:83 | /opt/mycroft/skills/mycroft-support-helper.mycroftai/settings.json
2021-10-26 14:39:39.372 | INFO     |  5753 | mycroft.skills.skill_loader:_check_for_first_run:324 | First run of mycroft-support-helper.mycroftai
2021-10-26 14:39:39.372 | INFO     |  5753 | mycroft.skills.settings:save_settings:116 | Skill settings successfully saved to /home/runner/.config/mycroft/skills/mycroft-support-helper.mycroftai/settings.json
2021-10-26 14:39:39.376 | INFO     |  5753 | mycroft.skills.skill_loader:_communicate_load_status:344 | Skill mycroft-support-helper.mycroftai loaded successfully
2021-10-26 14:39:39.376 | INFO     |  5753 | mycroft.skills.skill_loader:load:185 | ATTEMPTING TO LOAD SKILL: mycroft-weather.mycroftai
2021-10-26 14:39:39.397 | INFO     |  5753 | mycroft.skills.settings:get_local_settings:83 | /opt/mycroft/skills/mycroft-weather.mycroftai/settings.json
2021-10-26 14:39:39.534 | INFO     |  5753 | mycroft.skills.skill_loader:_check_for_first_run:324 | First run of mycroft-weather.mycroftai
2021-10-26 14:39:39.534 | INFO     |  5753 | mycroft.skills.settings:save_settings:116 | Skill settings successfully saved to /home/runner/.config/mycroft/skills/mycroft-weather.mycroftai/settings.json
2021-10-26 14:39:39.542 | INFO     |  5753 | mycroft.skills.skill_loader:_communicate_load_status:344 | Skill mycroft-weather.mycroftai loaded successfully
2021-10-26 14:39:39.542 | INFO     |  5753 | mycroft.skills.skill_loader:load:185 | ATTEMPTING TO LOAD SKILL: mycroft-speak.mycroftai
2021-10-26 14:39:39.554 | INFO     |  5753 | mycroft.skills.settings:get_local_settings:83 | /opt/mycroft/skills/mycroft-speak.mycroftai/settings.json
2021-10-26 14:39:39.578 | INFO     |  5753 | mycroft.skills.skill_loader:_check_for_first_run:324 | First run of mycroft-speak.mycroftai
2021-10-26 14:39:39.579 | INFO     |  5753 | mycroft.skills.settings:save_settings:116 | Skill settings successfully saved to /home/runner/.config/mycroft/skills/mycroft-speak.mycroftai/settings.json
2021-10-26 14:39:39.579 | INFO     |  5753 | mycroft.skills.skill_loader:_communicate_load_status:344 | Skill mycroft-speak.mycroftai loaded successfully
2021-10-26 14:39:39.581 | INFO     |  5753 | mycroft.skills.skill_loader:load:185 | ATTEMPTING TO LOAD SKILL: mycroft-audio-record.mycroftai
2021-10-26 14:39:39.586 | INFO     |  5753 | mycroft.skills.settings:get_local_settings:83 | /opt/mycroft/skills/mycroft-audio-record.mycroftai/settings.json
2021-10-26 14:39:39.603 | INFO     |  5753 | mycroft.skills.skill_loader:_check_for_first_run:324 | First run of mycroft-audio-record.mycroftai
2021-10-26 14:39:39.604 | INFO     |  5753 | mycroft.skills.settings:save_settings:116 | Skill settings successfully saved to /home/runner/.config/mycroft/skills/mycroft-audio-record.mycroftai/settings.json
2021-10-26 14:39:39.605 | INFO     |  5753 | mycroft.skills.skill_loader:_communicate_load_status:344 | Skill mycroft-audio-record.mycroftai loaded successfully
2021-10-26 14:39:39.605 | INFO     |  5753 | mycroft.skills.skill_loader:load:185 | ATTEMPTING TO LOAD SKILL: mycroft-stop.mycroftai
2021-10-26 14:39:39.612 | INFO     |  5753 | mycroft.skills.settings:get_local_settings:83 | /opt/mycroft/skills/mycroft-stop.mycroftai/settings.json
2021-10-26 14:39:39.628 | INFO     |  5753 | mycroft.skills.skill_loader:_check_for_first_run:324 | First run of mycroft-stop.mycroftai
2021-10-26 14:39:39.629 | INFO     |  5753 | mycroft.skills.settings:save_settings:116 | Skill settings successfully saved to /home/runner/.config/mycroft/skills/mycroft-stop.mycroftai/settings.json
2021-10-26 14:39:39.630 | INFO     |  5753 | mycroft.skills.skill_loader:_communicate_load_status:344 | Skill mycroft-stop.mycroftai loaded successfully
2021-10-26 14:39:39.630 | INFO     |  5753 | mycroft.skills.skill_loader:load:185 | ATTEMPTING TO LOAD SKILL: mycroft-hello-world.mycroftai
2021-10-26 14:39:39.638 | INFO     |  5753 | mycroft.skills.settings:get_local_settings:83 | /opt/mycroft/skills/mycroft-hello-world.mycroftai/settings.json
2021-10-26 14:39:39.652 | INFO     |  5753 | mycroft.skills.skill_loader:_check_for_first_run:324 | First run of mycroft-hello-world.mycroftai
2021-10-26 14:39:39.655 | INFO     |  5753 | mycroft.skills.settings:save_settings:116 | Skill settings successfully saved to /home/runner/.config/mycroft/skills/mycroft-hello-world.mycroftai/settings.json
2021-10-26 14:39:39.657 | INFO     |  5753 | mycroft.skills.skill_loader:_communicate_load_status:344 | Skill mycroft-hello-world.mycroftai loaded successfully
2021-10-26 14:39:39.658 | INFO     |  5753 | mycroft.skills.skill_loader:load:185 | ATTEMPTING TO LOAD SKILL: mycroft-date-time.mycroftai
2021-10-26 14:39:40.192 | INFO     |  5753 | mycroft.skills.settings:get_local_settings:83 | /opt/mycroft/skills/mycroft-date-time.mycroftai/settings.json
2021-10-26 14:39:40.228 | INFO     |  5753 | TimeSkill | Registering resting screen <bound method TimeSkill.handle_idle of <mycroft-date-time_mycroftai.TimeSkill object at 0x7f21d8746150>> for Time and Date.
2021-10-26 14:39:40.229 | INFO     |  5753 | TimeSkill | Registering resting screen
2021-10-26 14:39:40.232 | INFO     |  5753 | mycroft.skills.skill_loader:_check_for_first_run:324 | First run of mycroft-date-time.mycroftai
2021-10-26 14:39:40.234 | INFO     |  5753 | mycroft.skills.settings:save_settings:116 | Skill settings successfully saved to /home/runner/.config/mycroft/skills/mycroft-date-time.mycroftai/settings.json
2021-10-26 14:39:40.236 | INFO     |  5753 | mycroft.skills.skill_loader:_communicate_load_status:344 | Skill mycroft-date-time.mycroftai loaded successfully
2021-10-26 14:39:40.237 | INFO     |  5753 | mycroft.skills.skill_loader:load:185 | ATTEMPTING TO LOAD SKILL: mycroft-configuration.mycroftai
2021-10-26 14:39:40.245 | INFO     |  5753 | mycroft.skills.settings:get_local_settings:83 | /opt/mycroft/skills/mycroft-configuration.mycroftai/settings.json
2021-10-26 14:39:40.266 | INFO     |  5753 | mycroft.skills.skill_loader:_check_for_first_run:324 | First run of mycroft-configuration.mycroftai
2021-10-26 14:39:40.266 | INFO     |  5753 | mycroft.skills.settings:save_settings:116 | Skill settings successfully saved to /home/runner/.config/mycroft/skills/mycroft-configuration.mycroftai/settings.json
2021-10-26 14:39:40.267 | INFO     |  5753 | mycroft.skills.skill_loader:_communicate_load_status:344 | Skill mycroft-configuration.mycroftai loaded successfully
2021-10-26 14:39:40.267 | INFO     |  5753 | mycroft.skills.skill_loader:load:185 | ATTEMPTING TO LOAD SKILL: fallback-query.mycroftai
2021-10-26 14:39:40.281 | INFO     |  5753 | mycroft.skills.settings:get_local_settings:83 | /opt/mycroft/skills/fallback-query.mycroftai/settings.json
2021-10-26 14:39:40.328 | INFO     |  5753 | mycroft.skills.skill_loader:_check_for_first_run:324 | First run of fallback-query.mycroftai
2021-10-26 14:39:40.336 | INFO     |  5753 | mycroft.skills.settings:save_settings:116 | Skill settings successfully saved to /home/runner/.config/mycroft/skills/fallback-query.mycroftai/settings.json
2021-10-26 14:39:40.338 | INFO     |  5753 | mycroft.skills.skill_loader:_communicate_load_status:344 | Skill fallback-query.mycroftai loaded successfully
2021-10-26 14:39:40.340 | INFO     |  5753 | mycroft.skills.skill_loader:load:185 | ATTEMPTING TO LOAD SKILL: mycroft-personal.mycroftai
2021-10-26 14:39:40.346 | INFO     |  5753 | mycroft.skills.settings:get_local_settings:83 | /opt/mycroft/skills/mycroft-personal.mycroftai/settings.json
2021-10-26 14:39:40.364 | INFO     |  5753 | mycroft.skills.skill_loader:_check_for_first_run:324 | First run of mycroft-personal.mycroftai
2021-10-26 14:39:40.366 | INFO     |  5753 | mycroft.skills.settings:save_settings:116 | Skill settings successfully saved to /home/runner/.config/mycroft/skills/mycroft-personal.mycroftai/settings.json
2021-10-26 14:39:40.366 | INFO     |  5753 | mycroft.skills.skill_loader:_communicate_load_status:344 | Skill mycroft-personal.mycroftai loaded successfully
2021-10-26 14:39:40.367 | INFO     |  5753 | mycroft.skills.skill_loader:load:185 | ATTEMPTING TO LOAD SKILL: fallback-wolfram-alpha.mycroftai
2021-10-26 14:39:40.400 | INFO     |  5753 | mycroft.skills.settings:get_local_settings:83 | /opt/mycroft/skills/fallback-wolfram-alpha.mycroftai/settings.json
2021-10-26 14:39:40.422 | INFO     |  5753 | mycroft.skills.skill_loader:_check_for_first_run:324 | First run of fallback-wolfram-alpha.mycroftai
2021-10-26 14:39:40.423 | INFO     |  5753 | mycroft.skills.settings:save_settings:116 | Skill settings successfully saved to /home/runner/.config/mycroft/skills/fallback-wolfram-alpha.mycroftai/settings.json
2021-10-26 14:39:40.424 | INFO     |  5753 | mycroft.skills.skill_loader:_communicate_load_status:344 | Skill fallback-wolfram-alpha.mycroftai loaded successfully
2021-10-26 14:39:40.424 | INFO     |  5753 | mycroft.skills.skill_loader:load:185 | ATTEMPTING TO LOAD SKILL: mycroft-wiki.mycroftai
2021-10-26 14:39:40.432 | INFO     |  5753 | mycroft.skills.settings:get_local_settings:83 | /opt/mycroft/skills/mycroft-wiki.mycroftai/settings.json
2021-10-26 14:39:40.447 | INFO     |  5753 | mycroft.skills.skill_loader:_check_for_first_run:324 | First run of mycroft-wiki.mycroftai
2021-10-26 14:39:40.448 | INFO     |  5753 | mycroft.skills.settings:save_settings:116 | Skill settings successfully saved to /home/runner/.config/mycroft/skills/mycroft-wiki.mycroftai/settings.json
2021-10-26 14:39:40.452 | INFO     |  5753 | mycroft.skills.skill_loader:_communicate_load_status:344 | Skill mycroft-wiki.mycroftai loaded successfully
2021-10-26 14:39:40.453 | INFO     |  5753 | mycroft.skills.skill_loader:load:185 | ATTEMPTING TO LOAD SKILL: fallback-unknown.mycroftai
2021-10-26 14:39:40.460 | INFO     |  5753 | mycroft.skills.settings:get_local_settings:83 | /opt/mycroft/skills/fallback-unknown.mycroftai/settings.json
2021-10-26 14:39:40.474 | INFO     |  5753 | mycroft.skills.skill_loader:_check_for_first_run:324 | First run of fallback-unknown.mycroftai
2021-10-26 14:39:40.477 | INFO     |  5753 | mycroft.skills.settings:save_settings:116 | Skill settings successfully saved to /home/runner/.config/mycroft/skills/fallback-unknown.mycroftai/settings.json
2021-10-26 14:39:40.478 | INFO     |  5753 | mycroft.skills.skill_loader:_communicate_load_status:344 | Skill fallback-unknown.mycroftai loaded successfully
2021-10-26 14:39:40.479 | INFO     |  5753 | mycroft.skills.skill_loader:load:185 | ATTEMPTING TO LOAD SKILL: mycroft-playback-control.mycroftai
2021-10-26 14:39:40.485 | INFO     |  5753 | mycroft.skills.settings:get_local_settings:83 | /opt/mycroft/skills/mycroft-playback-control.mycroftai/settings.json
2021-10-26 14:39:40.523 | INFO     |  5753 | mycroft.skills.skill_loader:_check_for_first_run:324 | First run of mycroft-playback-control.mycroftai
2021-10-26 14:39:40.524 | INFO     |  5753 | mycroft.skills.settings:save_settings:116 | Skill settings successfully saved to /home/runner/.config/mycroft/skills/mycroft-playback-control.mycroftai/settings.json
2021-10-26 14:39:40.524 | INFO     |  5753 | mycroft.skills.skill_loader:_communicate_load_status:344 | Skill mycroft-playback-control.mycroftai loaded successfully
2021-10-26 14:39:40.525 | INFO     |  5753 | mycroft.skills.skill_manager:_load_on_startup:275 | Skills all loaded!
2021-10-26 14:39:40.583 | INFO     |  5753 | __main__:on_ready:185 | Skills service is ready.
2021-10-26 14:39:40.751 | INFO     |  5753 | mycroft.skills.intent_services.padatious_service:train:151 | Training... (single_thread=False)
Regenerated mycroft-alarm.mycroftai:{daytype}.
Regenerated mycroft-reminder.mycroftai:ClearReminders.intent.
Regenerated mycroft-reminder.mycroftai:SnoozeReminder.intent.
Regenerated mycroft-installer.mycroftai:install.intent.
Regenerated mycroft-installer.mycroftai:is.installed.intent.
Regenerated mycroft-installer.mycroftai:install.beta.intent.
Regenerated mycroft-installer.mycroftai:list.skills.intent.
Regenerated mycroft-installer.mycroftai:install.custom.intent.
Regenerated mycroft-installer.mycroftai:remove.intent.
Regenerated mycroft-timer.mycroftai:start.timer.intent.
Regenerated mycroft-timer.mycroftai:timer.status.intent.
Regenerated homeassistant.mycroftai:turn.on.intent.
Regenerated homeassistant.mycroftai:automation.intent.
Regenerated homeassistant.mycroftai:set.climate.intent.
Regenerated homeassistant.mycroftai:toggle.intent.
Regenerated mycroft-alarm.mycroftai:change.alarm.sound.intent.
Regenerated mycroft-alarm.mycroftai:snooze.intent.
Regenerated mycroft-npr-news.mycroftai:PlayTheNews.intent.
Regenerated mycroft-support-helper.mycroftai:contact.support.intent.
Regenerated mycroft-weather.mycroftai:do-i-need-an-umbrella.intent.
Regenerated mycroft-audio-record.mycroftai:PlayRecording.intent.
Regenerated mycroft-audio-record.mycroftai:StartRecording.intent.
Regenerated mycroft-stop.mycroftai:shutdown.intent.
Regenerated mycroft-stop.mycroftai:ssh.enable.intent.
Regenerated mycroft-stop.mycroftai:ssh.disable.intent.
Regenerated mycroft-stop.mycroftai:wifi.setup.intent.
Regenerated mycroft-stop.mycroftai:reboot.intent.
Regenerated mycroft-hello-world.mycroftai:HowAreYou.intent.
Regenerated mycroft-date-time.mycroftai:date.last.weekend.intent.
Regenerated mycroft-date-time.mycroftai:date.future.weekend.intent.
Regenerated mycroft-date-time.mycroftai:what.time.is.it.intent.
Regenerated mycroft-date-time.mycroftai:what.time.will.it.be.intent.
Regenerated mycroft-configuration.mycroftai:DisablePreciseDev.intent.
Regenerated mycroft-configuration.mycroftai:WhereAreYou.intent.
Regenerated mycroft-configuration.mycroftai:EnablePreciseDev.intent.
Regenerated mycroft-personal.mycroftai:WhatAreYou.intent.
Regenerated mycroft-personal.mycroftai:DoYouRhyme.intent.
Regenerated mycroft-personal.mycroftai:WhenWereYouBorn.intent.
Regenerated mycroft-personal.mycroftai:WhereWereYouBorn.intent.
Regenerated mycroft-personal.mycroftai:WhoMadeYou.intent.
Regenerated mycroft-personal.mycroftai:DoYouDream.intent.
Regenerated mycroft-personal.mycroftai:WhoAreYou.intent.
Regenerated mycroft-wiki.mycroftai:Random.intent.
Regenerated mycroft-reminder.mycroftai:Reminder.intent.
Regenerated mycroft-reminder.mycroftai:GetNextReminders.intent.
Regenerated mycroft-reminder.mycroftai:CancelActiveReminder.intent.
Regenerated mycroft-reminder.mycroftai:DeleteReminderForDay.intent.
Regenerated mycroft-reminder.mycroftai:UnspecifiedReminderAt.intent.
Regenerated mycroft-reminder.mycroftai:GetRemindersForDay.intent.
Regenerated mycroft-reminder.mycroftai:ReminderAt.intent.
Regenerated homeassistant.mycroftai:increase.light.brightness.intent.
Regenerated homeassistant.mycroftai:turn.off.intent.
Regenerated homeassistant.mycroftai:decrease.light.brightness.intent.
Regenerated homeassistant.mycroftai:sensor.intent.
Regenerated homeassistant.mycroftai:add.item.shopping.list.intent.
Regenerated homeassistant.mycroftai:set.light.brightness.intent.
Regenerated homeassistant.mycroftai:tracker.intent.
2021-10-26 14:39:43.138 | INFO     |  5753 | mycroft.skills.intent_services.padatious_service:train:153 | Training complete.
2021-10-26 14:39:47.159 | INFO     |  5753 | mycroft.skills.settings:save_settings:116 | Skill settings successfully saved to /home/runner/.config/mycroft/skills/mycroft-pairing.mycroftai/settings.json
2021-10-26 14:39:47.463 | INFO     |  5753 | mycroft.skills.settings:save_settings:116 | Skill settings successfully saved to /home/runner/.config/mycroft/skills/mycroft-timer.mycroftai/settings.json
2021-10-26 14:40:15.017 | INFO     |  5753 | __main__:on_stopping:193 | Skills service is shutting down...
2021-10-26 14:40:15.018 | INFO     |  5753 | __main__:shutdown:284 | Shutting down Skills service
2021-10-26 14:40:15.028 | ERROR    |  5753 | VolumeSkill | Couldn't allocate mixer, ALSAAudioError('No such file or directory [default]')
2021-10-26 14:40:15.029 | INFO     |  5753 | mycroft.skills.settings:save_settings:116 | Skill settings successfully saved to /home/runner/.config/mycroft/skills/mycroft-volume.mycroftai/settings.json
2021-10-26 14:40:15.031 | INFO     |  5753 | mycroft.skills.settings:save_settings:116 | Skill settings successfully saved to /home/runner/.config/mycroft/skills/mycroft-ip.mycroftai/settings.json
2021-10-26 14:40:15.046 | INFO     |  5753 | mycroft.skills.settings:save_settings:116 | Skill settings successfully saved to /home/runner/.config/mycroft/skills/mycroft-reminder.mycroftai/settings.json
2021-10-26 14:40:15.049 | INFO     |  5753 | mycroft.skills.settings:save_settings:116 | Skill settings successfully saved to /home/runner/.config/mycroft/skills/mycroft-installer.mycroftai/settings.json
2021-10-26 14:40:15.065 | INFO     |  5753 | mycroft.skills.settings:save_settings:116 | Skill settings successfully saved to /home/runner/.config/mycroft/skills/mycroft-version-checker.mycroftai/settings.json
2021-10-26 14:40:15.069 | INFO     |  5753 | mycroft.skills.settings:save_settings:116 | Skill settings successfully saved to /home/runner/.config/mycroft/skills/mycroft-singing.mycroftai/settings.json
2021-10-26 14:40:15.070 | INFO     |  5753 | mycroft.skills.settings:save_settings:116 | Skill settings successfully saved to /home/runner/.config/mycroft/skills/mycroft-joke.mycroftai/settings.json
2021-10-26 14:40:15.072 | INFO     |  5753 | HomeAssistantSkill | Removing all handlers...
2021-10-26 14:40:15.073 | WARNING  |  5753 | mycroft.skills.fallback_skill:remove_fallback:185 | Could not find matching fallback handler
2021-10-26 14:40:15.074 | INFO     |  5753 | mycroft.skills.settings:save_settings:116 | Skill settings successfully saved to /home/runner/.config/mycroft/skills/mycroft-alarm.mycroftai/settings.json
2021-10-26 14:40:15.083 | INFO     |  5753 | mycroft.skills.settings:save_settings:116 | Skill settings successfully saved to /home/runner/.config/mycroft/skills/mycroft-naptime.mycroftai/settings.json
2021-10-26 14:40:15.084 | INFO     |  5753 | mycroft.skills.settings:save_settings:116 | Skill settings successfully saved to /home/runner/.config/mycroft/skills/mycroft-spelling.mycroftai/settings.json
2021-10-26 14:40:15.101 | INFO     |  5753 | mycroft.skills.settings:save_settings:116 | Skill settings successfully saved to /home/runner/.config/mycroft/skills/mycroft-fallback-duck-duck-go.mycroftai/settings.json
2021-10-26 14:40:15.103 | INFO     |  5753 | mycroft.skills.settings:save_settings:116 | Skill settings successfully saved to /home/runner/.config/mycroft/skills/mycroft-npr-news.mycroftai/settings.json
2021-10-26 14:40:15.104 | INFO     |  5753 | mycroft.skills.settings:save_settings:116 | Skill settings successfully saved to /home/runner/.config/mycroft/skills/mycroft-support-helper.mycroftai/settings.json
2021-10-26 14:40:15.105 | INFO     |  5753 | mycroft.skills.settings:save_settings:116 | Skill settings successfully saved to /home/runner/.config/mycroft/skills/mycroft-weather.mycroftai/settings.json
2021-10-26 14:40:15.106 | INFO     |  5753 | mycroft.skills.settings:save_settings:116 | Skill settings successfully saved to /home/runner/.config/mycroft/skills/mycroft-speak.mycroftai/settings.json
2021-10-26 14:40:15.107 | INFO     |  5753 | mycroft.skills.settings:save_settings:116 | Skill settings successfully saved to /home/runner/.config/mycroft/skills/mycroft-audio-record.mycroftai/settings.json
2021-10-26 14:40:15.108 | INFO     |  5753 | mycroft.skills.settings:save_settings:116 | Skill settings successfully saved to /home/runner/.config/mycroft/skills/mycroft-stop.mycroftai/settings.json
2021-10-26 14:40:15.109 | INFO     |  5753 | mycroft.skills.settings:save_settings:116 | Skill settings successfully saved to /home/runner/.config/mycroft/skills/mycroft-hello-world.mycroftai/settings.json
2021-10-26 14:40:15.110 | INFO     |  5753 | mycroft.skills.settings:save_settings:116 | Skill settings successfully saved to /home/runner/.config/mycroft/skills/mycroft-date-time.mycroftai/settings.json
2021-10-26 14:40:15.120 | INFO     |  5753 | mycroft.skills.settings:save_settings:116 | Skill settings successfully saved to /home/runner/.config/mycroft/skills/mycroft-configuration.mycroftai/settings.json
2021-10-26 14:40:15.128 | INFO     |  5753 | QuestionsAnswersSkill | Removing all handlers...
2021-10-26 14:40:15.129 | INFO     |  5753 | mycroft.skills.settings:save_settings:116 | Skill settings successfully saved to /home/runner/.config/mycroft/skills/fallback-query.mycroftai/settings.json
2021-10-26 14:40:15.132 | INFO     |  5753 | mycroft.skills.settings:save_settings:116 | Skill settings successfully saved to /home/runner/.config/mycroft/skills/mycroft-personal.mycroftai/settings.json
2021-10-26 14:40:15.139 | INFO     |  5753 | mycroft.skills.settings:save_settings:116 | Skill settings successfully saved to /home/runner/.config/mycroft/skills/fallback-wolfram-alpha.mycroftai/settings.json
2021-10-26 14:40:15.141 | INFO     |  5753 | mycroft.skills.settings:save_settings:116 | Skill settings successfully saved to /home/runner/.config/mycroft/skills/mycroft-wiki.mycroftai/settings.json
2021-10-26 14:40:15.142 | INFO     |  5753 | UnknownSkill | Removing all handlers...
2021-10-26 14:40:15.144 | INFO     |  5753 | mycroft.skills.settings:save_settings:116 | Skill settings successfully saved to /home/runner/.config/mycroft/skills/fallback-unknown.mycroftai/settings.json
2021-10-26 14:40:15.147 | INFO     |  5753 | mycroft.skills.settings:save_settings:116 | Skill settings successfully saved to /home/runner/.config/mycroft/skills/mycroft-playback-control.mycroftai/settings.json
2021-10-26 14:40:16.148 | INFO     |  5753 | Playback Control Skill | Audio service status: {}
2021-10-26 14:40:17.150 | WARNING  |  5753 | mycroft.skills.skill_manager:_shutdown_skill:106 | mycroft-playback-control.mycroftai shutdown took 2.0033084130000134 seconds
2021-10-26 14:40:17.150 | INFO     |  5753 | __main__:shutdown:291 | Skills service shutdown complete!
2021-10-26 14:40:18.254 | ERROR    |  5753 | websocket | error from callback <bound method MessageBusClient.on_message of <mycroft.messagebus.client.client.MessageBusClient object at 0x7f21e0d53e50>>: cannot schedule new futures after shutdown
2021-10-26 14:40:18.257 | ERROR    |  5753 | websocket | error from callback <bound method MessageBusClient.on_message of <mycroft.messagebus.client.client.MessageBusClient object at 0x7f21e0d53e50>>: cannot schedule new futures after shutdown
2021-10-26 14:40:18.259 | ERROR    |  5753 | websocket | error from callback <bound method MessageBusClient.on_message of <mycroft.messagebus.client.client.MessageBusClient object at 0x7f21e0d53e50>>: cannot schedule new futures after shutdown
