2021-10-23 07:46:46.028 | INFO     |  5782 | mycroft.messagebus.load_config:load_message_bus_config:33 | Loading message bus configs
2021-10-23 07:46:46.036 | ERROR    |  5782 | mycroft_bus_client.client.client | === ConnectionRefusedError(111, 'Connection refused') ===
Traceback (most recent call last):
  File "/opt/mycroft-core/.venv/lib/python3.7/site-packages/websocket/_app.py", line 254, in run_forever
    proxy_type=proxy_type)
  File "/opt/mycroft-core/.venv/lib/python3.7/site-packages/websocket/_core.py", line 220, in connect
    options.pop('socket', None))
  File "/opt/mycroft-core/.venv/lib/python3.7/site-packages/websocket/_http.py", line 120, in connect
    sock = _open_socket(addrinfo_list, options.sockopt, options.timeout)
  File "/opt/mycroft-core/.venv/lib/python3.7/site-packages/websocket/_http.py", line 190, in _open_socket
    raise err
  File "/opt/mycroft-core/.venv/lib/python3.7/site-packages/websocket/_http.py", line 170, in _open_socket
    sock.connect(address)
ConnectionRefusedError: [Errno 111] Connection refused
2021-10-23 07:46:46.037 | ERROR    |  5782 | mycroft_bus_client.client.client | Exception closing websocket: ConnectionRefusedError(111, 'Connection refused')
2021-10-23 07:46:46.037 | WARNING  |  5782 | mycroft_bus_client.client.client | Message Bus Client will reconnect in 5 seconds.
2021-10-23 07:46:51.044 | INFO     |  5782 | mycroft_bus_client.client.client | Connected
2021-10-23 07:46:51.045 | INFO     |  5782 | mycroft.util.process_utils:start_message_bus_client:155 | Connected to messagebus
2021-10-23 07:46:51.049 | INFO     |  5782 | mycroft.skills.msm_wrapper:create_msm:96 | Acquiring lock to instantiate MSM
2021-10-23 07:46:51.049 | INFO     |  5782 | msm.mycroft_skills_manager | building SkillEntry objects for all skills
2021-10-23 07:46:51.890 | INFO     |  5782 | mycroft.skills.msm_wrapper:create_msm:112 | Releasing MSM instantiation lock.
2021-10-23 07:46:51.890 | INFO     |  5782 | mycroft.skills.skill_updater:_log_next_download_time:267 | Next scheduled skill update: 2021-10-23 07:46:50.890531
2021-10-23 07:46:51.891 | INFO     |  5782 | msm.skill_entry | Downloading skill: https://github.com/mycroftai/skill-pairing
2021-10-23 07:46:52.153 | INFO     |  5782 | msm.skill_entry | Installing system requirements...
2021-10-23 07:46:52.161 | INFO     |  5782 | msm.skill_entry | Successfully installed mycroft-pairing
2021-10-23 07:46:52.161 | INFO     |  5782 | msm.mycroft_skills_manager | invalidating skills cache
2021-10-23 07:46:52.163 | INFO     |  5782 | mycroft.skills.skill_loader:load:185 | ATTEMPTING TO LOAD SKILL: mycroft-pairing.mycroftai
2021-10-23 07:46:52.169 | INFO     |  5782 | mycroft.skills.settings:get_local_settings:83 | /opt/mycroft/skills/mycroft-pairing.mycroftai/settings.json
2021-10-23 07:46:52.176 | INFO     |  5782 | mycroft.skills.skill_loader:_check_for_first_run:324 | First run of mycroft-pairing.mycroftai
2021-10-23 07:46:52.177 | INFO     |  5782 | mycroft.skills.settings:save_settings:116 | Skill settings successfully saved to /home/runner/.config/mycroft/skills/mycroft-pairing.mycroftai/settings.json
2021-10-23 07:46:52.177 | INFO     |  5782 | mycroft.skills.skill_loader:_communicate_load_status:344 | Skill mycroft-pairing.mycroftai loaded successfully
2021-10-23 07:46:52.179 | INFO     |  5782 | msm.skill_entry | Downloading skill: https://github.com/mycroftai/skill-volume
2021-10-23 07:46:52.656 | INFO     |  5782 | msm.skill_entry | Installing system requirements...
2021-10-23 07:46:52.665 | INFO     |  5782 | msm.skill_entry | Installing requirements.txt for mycroft-volume
2021-10-23 07:46:53.576 | INFO     |  5782 | msm.skill_entry | Successfully installed mycroft-volume
2021-10-23 07:46:53.576 | INFO     |  5782 | msm.mycroft_skills_manager | invalidating skills cache
2021-10-23 07:46:53.577 | INFO     |  5782 | mycroft.skills.skill_loader:load:185 | ATTEMPTING TO LOAD SKILL: mycroft-volume.mycroftai
2021-10-23 07:46:53.586 | INFO     |  5782 | mycroft.skills.settings:get_local_settings:83 | /opt/mycroft/skills/mycroft-volume.mycroftai/settings.json
2021-10-23 07:46:53.679 | ERROR    |  5782 | VolumeSkill | Couldn't allocate mixer, ALSAAudioError('No such file or directory [default]')
2021-10-23 07:46:56.702 | INFO     |  5782 | mycroft.skills.skill_loader:_check_for_first_run:324 | First run of mycroft-volume.mycroftai
2021-10-23 07:46:56.704 | INFO     |  5782 | mycroft.skills.settings:save_settings:116 | Skill settings successfully saved to /home/runner/.config/mycroft/skills/mycroft-volume.mycroftai/settings.json
2021-10-23 07:46:56.704 | INFO     |  5782 | mycroft.skills.skill_loader:_communicate_load_status:344 | Skill mycroft-volume.mycroftai loaded successfully
2021-10-23 07:46:56.705 | INFO     |  5782 | __main__:on_started:177 | Skills service is starting up.
2021-10-23 07:46:56.785 | INFO     |  5782 | __main__:_update_system:154 | Attempting system update...
2021-10-23 07:46:59.787 | INFO     |  5782 | mycroft.enclosure.display_manager:_write_data:70 | Display Manager is creating /tmp/mycroft/ipc/managers/disp_info
2021-10-23 07:46:59.788 | INFO     |  5782 | __main__:_ensure_device_is_paired:133 | Device not paired, invoking the pairing skill
2021-10-23 07:46:59.790 | INFO     |  5782 | __main__:on_alive:181 | Skills service is alive.
2021-10-23 07:46:59.792 | INFO     |  5782 | msm.mycroft_skills_manager | building SkillEntry objects for all skills
2021-10-23 07:47:00.008 | INFO     |  5782 | PairingSkill | Communicating account URL to user
2021-10-23 07:47:00.038 | WARNING  |  5782 | msm.mycroft_skills_manager | No such default skill: mycroft-pandora
2021-10-23 07:47:00.039 | INFO     |  5782 | mycroft.skills.skill_manager:run:234 | Not all default skills are installed, performing skill update...
2021-10-23 07:47:00.039 | INFO     |  5782 | mycroft.skills.skill_updater:update_skills:149 | Beginning skill update...
2021-10-23 07:47:00.112 | INFO     |  5782 | msm.mycroft_skills_manager | building SkillEntry objects for all skills
2021-10-23 07:47:00.339 | INFO     |  5782 | msm.mycroft_skills_manager | invalidating skills cache
2021-10-23 07:47:00.368 | INFO     |  5782 | msm.skill_entry | Downloading skill: https://github.com/mycroftai/fallback-unknown
2021-10-23 07:47:00.370 | INFO     |  5782 | msm.skill_entry | Downloading skill: https://github.com/mycroftai/skill-alarm
2021-10-23 07:47:00.378 | INFO     |  5782 | msm.skill_entry | Downloading skill: https://github.com/mycroftai/skill-configuration
2021-10-23 07:47:00.399 | INFO     |  5782 | msm.skill_entry | Downloading skill: https://github.com/mycroftai/skill-hello-world
2021-10-23 07:47:00.402 | INFO     |  5782 | msm.skill_entry | Downloading skill: https://github.com/mycroftai/skill-installer
2021-10-23 07:47:00.418 | INFO     |  5782 | msm.skill_entry | Downloading skill: https://github.com/mycroftai/fallback-duckduckgo
2021-10-23 07:47:00.420 | INFO     |  5782 | msm.skill_entry | Downloading skill: https://github.com/mycroftai/skill-ip
2021-10-23 07:47:00.427 | INFO     |  5782 | msm.skill_entry | Downloading skill: https://github.com/mycroftai/fallback-wolfram-alpha
2021-10-23 07:47:00.430 | INFO     |  5782 | msm.skill_entry | Downloading skill: https://github.com/mycroftai/skill-audio-record
2021-10-23 07:47:00.434 | INFO     |  5782 | msm.skill_entry | Downloading skill: https://github.com/mycroftai/skill-date-time
2021-10-23 07:47:00.442 | INFO     |  5782 | msm.skill_entry | Downloading skill: https://github.com/mycroftai/skill-joke
2021-10-23 07:47:00.458 | INFO     |  5782 | msm.skill_entry | Downloading skill: https://github.com/mycroftai/skill-naptime
2021-10-23 07:47:00.465 | INFO     |  5782 | msm.skill_entry | Downloading skill: https://github.com/mycroftai/skill-npr-news
2021-10-23 07:47:00.468 | INFO     |  5782 | msm.skill_entry | Downloading skill: https://github.com/mycroftai/skill-personal
2021-10-23 07:47:00.476 | INFO     |  5782 | msm.skill_entry | Downloading skill: https://github.com/mycroftai/skill-playback-control
2021-10-23 07:47:00.482 | INFO     |  5782 | msm.skill_entry | Downloading skill: https://github.com/mycroftai/skill-reminder
2021-10-23 07:47:00.487 | INFO     |  5782 | msm.skill_entry | Downloading skill: https://github.com/mycroftai/skill-singing
2021-10-23 07:47:01.314 | INFO     |  5782 | msm.skill_entry | Installing system requirements...
2021-10-23 07:47:01.323 | INFO     |  5782 | msm.skill_entry | Installing system requirements...
2021-10-23 07:47:01.368 | INFO     |  5782 | msm.skill_entry | Installing requirements.txt for mycroft-joke
2021-10-23 07:47:01.386 | INFO     |  5782 | msm.skill_entry | Successfully installed fallback-unknown
2021-10-23 07:47:01.386 | INFO     |  5782 | msm.mycroft_skills_manager | invalidating skills cache
2021-10-23 07:47:01.388 | INFO     |  5782 | msm.skill_entry | Downloading skill: https://github.com/mycroftai/skill-speak
2021-10-23 07:47:01.592 | ERROR    |  5782 | msm.mycroft_skills_manager | Error running install_or_update on homeassistant.mycroftai: MergeConflict
2021-10-23 07:47:01.616 | INFO     |  5782 | msm.skill_entry | Installing system requirements...
2021-10-23 07:47:01.635 | INFO     |  5782 | msm.skill_entry | Downloading skill: https://github.com/mycroftai/skill-spelling
2021-10-23 07:47:01.747 | INFO     |  5782 | msm.skill_entry | Installing system requirements...
2021-10-23 07:47:01.767 | INFO     |  5782 | msm.skill_entry | Installing requirements.txt for mycroft-installer
2021-10-23 07:47:01.802 | INFO     |  5782 | msm.skill_entry | Installing system requirements...
2021-10-23 07:47:01.811 | INFO     |  5782 | msm.skill_entry | Successfully installed mycroft-personal
2021-10-23 07:47:01.811 | INFO     |  5782 | msm.mycroft_skills_manager | invalidating skills cache
2021-10-23 07:47:01.813 | INFO     |  5782 | msm.skill_entry | Downloading skill: https://github.com/mycroftai/skill-stop
2021-10-23 07:47:01.816 | INFO     |  5782 | msm.skill_entry | Installing system requirements...
2021-10-23 07:47:01.858 | INFO     |  5782 | msm.skill_entry | Installing requirements.txt for mycroft-audio-record
2021-10-23 07:47:01.866 | INFO     |  5782 | msm.skill_entry | Installing requirements.txt for mycroft-configuration
2021-10-23 07:47:02.267 | INFO     |  5782 | msm.skill_entry | Nothing new for mycroft-pairing
2021-10-23 07:47:02.275 | INFO     |  5782 | msm.skill_entry | Nothing new for mycroft-volume
2021-10-23 07:47:02.310 | INFO     |  5782 | msm.skill_entry | Installing system requirements...
2021-10-23 07:47:02.326 | INFO     |  5782 | msm.skill_entry | Installing system requirements...
2021-10-23 07:47:02.356 | INFO     |  5782 | msm.skill_entry | Installing requirements.txt for mycroft-volume
2021-10-23 07:47:02.358 | INFO     |  5782 | msm.skill_entry | Downloading skill: https://github.com/mycroftai/skill-support
2021-10-23 07:47:02.496 | INFO     |  5782 | msm.skill_entry | Installing system requirements...
2021-10-23 07:47:02.505 | INFO     |  5782 | msm.skill_entry | Installing system requirements...
2021-10-23 07:47:02.510 | INFO     |  5782 | msm.skill_entry | Installing system requirements...
2021-10-23 07:47:02.520 | INFO     |  5782 | msm.skill_entry | Installing system requirements...
2021-10-23 07:47:02.602 | INFO     |  5782 | msm.skill_entry | Installing requirements.txt for fallback-wolfram-alpha
2021-10-23 07:47:02.619 | INFO     |  5782 | msm.skill_entry | Installing system requirements...
2021-10-23 07:47:02.642 | INFO     |  5782 | msm.skill_entry | Installing requirements.txt for mycroft-npr-news
2021-10-23 07:47:02.655 | INFO     |  5782 | msm.skill_entry | Successfully installed mycroft-playback-control
2021-10-23 07:47:02.655 | INFO     |  5782 | msm.mycroft_skills_manager | invalidating skills cache
2021-10-23 07:47:02.656 | INFO     |  5782 | msm.skill_entry | Downloading skill: https://github.com/mycroftai/mycroft-timer
2021-10-23 07:47:02.660 | INFO     |  5782 | msm.skill_entry | Installing system requirements...
2021-10-23 07:47:02.669 | INFO     |  5782 | msm.skill_entry | Successfully installed mycroft-naptime
2021-10-23 07:47:02.669 | INFO     |  5782 | msm.mycroft_skills_manager | invalidating skills cache
2021-10-23 07:47:02.672 | INFO     |  5782 | msm.skill_entry | Downloading skill: https://github.com/mycroftai/skill-weather
2021-10-23 07:47:02.687 | INFO     |  5782 | msm.skill_entry | Installing system requirements...
2021-10-23 07:47:02.695 | INFO     |  5782 | msm.skill_entry | Installing requirements.txt for mycroft-ip
2021-10-23 07:47:02.701 | INFO     |  5782 | msm.skill_entry | Installing system requirements...
2021-10-23 07:47:02.739 | INFO     |  5782 | msm.skill_entry | Successfully installed mycroft-reminder
2021-10-23 07:47:02.739 | INFO     |  5782 | msm.mycroft_skills_manager | invalidating skills cache
2021-10-23 07:47:02.740 | INFO     |  5782 | msm.skill_entry | Downloading skill: https://github.com/mycroftai/skill-version-checker
2021-10-23 07:47:02.745 | INFO     |  5782 | msm.skill_entry | Successfully installed mycroft-speak
2021-10-23 07:47:02.746 | INFO     |  5782 | msm.mycroft_skills_manager | invalidating skills cache
2021-10-23 07:47:02.747 | INFO     |  5782 | msm.skill_entry | Downloading skill: https://github.com/mycroftai/skill-wiki
2021-10-23 07:47:02.818 | INFO     |  5782 | msm.skill_entry | Installing requirements.txt for mycroft-date-time
2021-10-23 07:47:02.850 | INFO     |  5782 | msm.skill_entry | Installing system requirements...
2021-10-23 07:47:02.881 | INFO     |  5782 | msm.skill_entry | Installing system requirements...
2021-10-23 07:47:02.926 | INFO     |  5782 | msm.skill_entry | Successfully installed mycroft-stop
2021-10-23 07:47:02.926 | INFO     |  5782 | msm.mycroft_skills_manager | invalidating skills cache
2021-10-23 07:47:02.928 | INFO     |  5782 | msm.skill_entry | Downloading skill: https://github.com/MycroftAI/skill-query
2021-10-23 07:47:02.946 | INFO     |  5782 | msm.skill_entry | Installing system requirements...
2021-10-23 07:47:02.987 | INFO     |  5782 | msm.skill_entry | Installing system requirements...
2021-10-23 07:47:03.005 | INFO     |  5782 | msm.skill_entry | Installing requirements.txt for mycroft-fallback-duck-duck-go
2021-10-23 07:47:03.026 | INFO     |  5782 | msm.skill_entry | Successfully installed mycroft-spelling
2021-10-23 07:47:03.026 | INFO     |  5782 | msm.mycroft_skills_manager | invalidating skills cache
2021-10-23 07:47:03.041 | INFO     |  5782 | msm.skill_entry | Installing system requirements...
2021-10-23 07:47:03.078 | INFO     |  5782 | msm.skill_entry | Installing requirements.txt for mycroft-alarm
2021-10-23 07:47:03.122 | INFO     |  5782 | msm.skill_entry | Successfully installed mycroft-hello-world
2021-10-23 07:47:03.123 | INFO     |  5782 | msm.mycroft_skills_manager | invalidating skills cache
2021-10-23 07:47:03.319 | ERROR    |  5782 | msm.mycroft_skills_manager | Error running install_or_update on homeassistant: MergeConflict
2021-10-23 07:47:03.536 | INFO     |  5782 | msm.skill_entry | Installing system requirements...
2021-10-23 07:47:03.548 | INFO     |  5782 | msm.skill_entry | Installing system requirements...
2021-10-23 07:47:03.591 | INFO     |  5782 | msm.skill_entry | Installing requirements.txt for mycroft-wiki
2021-10-23 07:47:03.592 | INFO     |  5782 | msm.skill_entry | Successfully installed fallback-query
2021-10-23 07:47:03.592 | INFO     |  5782 | msm.mycroft_skills_manager | invalidating skills cache
2021-10-23 07:47:03.654 | INFO     |  5782 | msm.skill_entry | Installing system requirements...
2021-10-23 07:47:03.694 | INFO     |  5782 | msm.skill_entry | Successfully installed mycroft-timer
2021-10-23 07:47:03.694 | INFO     |  5782 | msm.mycroft_skills_manager | invalidating skills cache
2021-10-23 07:47:03.755 | INFO     |  5782 | msm.skill_entry | Installing system requirements...
2021-10-23 07:47:03.783 | INFO     |  5782 | msm.skill_entry | Installing requirements.txt for mycroft-weather
2021-10-23 07:47:04.067 | INFO     |  5782 | msm.skill_entry | Successfully installed mycroft-joke
2021-10-23 07:47:04.068 | INFO     |  5782 | msm.mycroft_skills_manager | invalidating skills cache
2021-10-23 07:47:04.206 | INFO     |  5782 | msm.skill_entry | Installing system requirements...
2021-10-23 07:47:04.239 | INFO     |  5782 | msm.skill_entry | Installing requirements.txt for mycroft-support-helper
2021-10-23 07:47:04.577 | INFO     |  5782 | msm.skill_entry | Installing system requirements...
2021-10-23 07:47:04.610 | INFO     |  5782 | msm.skill_entry | Successfully installed mycroft-version-checker
2021-10-23 07:47:04.610 | INFO     |  5782 | msm.mycroft_skills_manager | invalidating skills cache
2021-10-23 07:47:05.134 | INFO     |  5782 | msm.skill_entry | Successfully installed mycroft-installer
2021-10-23 07:47:05.135 | INFO     |  5782 | msm.mycroft_skills_manager | invalidating skills cache
2021-10-23 07:47:05.505 | INFO     |  5782 | msm.skill_entry | Installing system requirements...
2021-10-23 07:47:05.535 | INFO     |  5782 | msm.skill_entry | Successfully installed mycroft-singing
2021-10-23 07:47:05.535 | INFO     |  5782 | msm.mycroft_skills_manager | invalidating skills cache
2021-10-23 07:47:06.097 | INFO     |  5782 | msm.skill_entry | Successfully installed mycroft-audio-record
2021-10-23 07:47:06.097 | INFO     |  5782 | msm.mycroft_skills_manager | invalidating skills cache
2021-10-23 07:47:08.459 | INFO     |  5782 | msm.skill_entry | Successfully installed mycroft-configuration
2021-10-23 07:47:08.460 | INFO     |  5782 | msm.mycroft_skills_manager | invalidating skills cache
2021-10-23 07:47:12.790 | INFO     |  5782 | msm.skill_entry | Successfully installed fallback-wolfram-alpha
2021-10-23 07:47:12.790 | INFO     |  5782 | msm.mycroft_skills_manager | invalidating skills cache
2021-10-23 07:47:15.675 | INFO     |  5782 | msm.skill_entry | Successfully installed mycroft-npr-news
2021-10-23 07:47:15.676 | INFO     |  5782 | msm.mycroft_skills_manager | invalidating skills cache
2021-10-23 07:47:16.506 | INFO     |  5782 | msm.skill_entry | Successfully installed mycroft-ip
2021-10-23 07:47:16.507 | INFO     |  5782 | msm.mycroft_skills_manager | invalidating skills cache
2021-10-23 07:47:30.389 | INFO     |  5782 | PairingSkill | Initiating device pairing sequence...
2021-10-23 07:47:30.389 | INFO     |  5782 | PairingSkill | Retrieving pairing code from device API...
2021-10-23 07:47:30.574 | INFO     |  5782 | PairingSkill | Pairing code obtained: UMPX94
2021-10-23 07:47:30.574 | INFO     |  5782 | PairingSkill | Communicating pairing URL to user
2021-10-23 07:47:31.837 | INFO     |  5782 | msm.skill_entry | Successfully installed mycroft-date-time
2021-10-23 07:47:31.838 | INFO     |  5782 | msm.mycroft_skills_manager | invalidating skills cache
2021-10-23 07:47:32.907 | INFO     |  5782 | msm.skill_entry | Successfully installed mycroft-fallback-duck-duck-go
2021-10-23 07:47:32.908 | INFO     |  5782 | msm.mycroft_skills_manager | invalidating skills cache
2021-10-23 07:47:33.781 | INFO     |  5782 | msm.skill_entry | Successfully installed mycroft-alarm
2021-10-23 07:47:33.781 | INFO     |  5782 | msm.mycroft_skills_manager | invalidating skills cache
2021-10-23 07:47:35.450 | INFO     |  5782 | msm.skill_entry | Successfully installed mycroft-wiki
2021-10-23 07:47:35.450 | INFO     |  5782 | msm.mycroft_skills_manager | invalidating skills cache
2021-10-23 07:47:36.458 | INFO     |  5782 | msm.skill_entry | Successfully installed mycroft-weather
2021-10-23 07:47:36.458 | INFO     |  5782 | msm.mycroft_skills_manager | invalidating skills cache
2021-10-23 07:47:38.699 | INFO     |  5782 | msm.skill_entry | Successfully installed mycroft-support-helper
2021-10-23 07:47:38.699 | INFO     |  5782 | msm.mycroft_skills_manager | invalidating skills cache
2021-10-23 07:47:38.741 | INFO     |  5782 | mycroft.skills.skill_updater:_log_next_download_time:267 | Next scheduled skill update: 2021-10-23 08:47:38.741168
2021-10-23 07:47:38.742 | INFO     |  5782 | mycroft.skills.skill_updater:update_skills:170 | Skill update complete
2021-10-23 07:47:38.742 | INFO     |  5782 | mycroft.skills.skill_manager:_load_on_startup:273 | Loading installed skills...
2021-10-23 07:47:38.743 | INFO     |  5782 | mycroft.skills.skill_loader:load:185 | ATTEMPTING TO LOAD SKILL: mycroft-ip.mycroftai
2021-10-23 07:47:38.777 | INFO     |  5782 | mycroft.skills.settings:get_local_settings:83 | /opt/mycroft/skills/mycroft-ip.mycroftai/settings.json
2021-10-23 07:47:38.788 | INFO     |  5782 | mycroft.skills.skill_loader:_check_for_first_run:324 | First run of mycroft-ip.mycroftai
2021-10-23 07:47:38.789 | INFO     |  5782 | mycroft.skills.settings:save_settings:116 | Skill settings successfully saved to /home/runner/.config/mycroft/skills/mycroft-ip.mycroftai/settings.json
2021-10-23 07:47:38.789 | INFO     |  5782 | mycroft.skills.skill_loader:_communicate_load_status:344 | Skill mycroft-ip.mycroftai loaded successfully
2021-10-23 07:47:38.790 | INFO     |  5782 | mycroft.skills.skill_loader:load:185 | ATTEMPTING TO LOAD SKILL: mycroft-reminder.mycroftai
2021-10-23 07:47:38.803 | INFO     |  5782 | mycroft.skills.settings:get_local_settings:83 | /opt/mycroft/skills/mycroft-reminder.mycroftai/settings.json
2021-10-23 07:47:38.828 | INFO     |  5782 | mycroft.skills.skill_loader:_check_for_first_run:324 | First run of mycroft-reminder.mycroftai
2021-10-23 07:47:38.828 | INFO     |  5782 | mycroft.skills.settings:save_settings:116 | Skill settings successfully saved to /home/runner/.config/mycroft/skills/mycroft-reminder.mycroftai/settings.json
2021-10-23 07:47:38.833 | INFO     |  5782 | mycroft.skills.skill_loader:_communicate_load_status:344 | Skill mycroft-reminder.mycroftai loaded successfully
2021-10-23 07:47:38.833 | INFO     |  5782 | mycroft.skills.skill_loader:load:185 | ATTEMPTING TO LOAD SKILL: mycroft-installer.mycroftai
2021-10-23 07:47:38.842 | INFO     |  5782 | mycroft.skills.settings:get_local_settings:83 | /opt/mycroft/skills/mycroft-installer.mycroftai/settings.json
2021-10-23 07:47:38.876 | INFO     |  5782 | mycroft.skills.skill_loader:_check_for_first_run:324 | First run of mycroft-installer.mycroftai
2021-10-23 07:47:38.881 | INFO     |  5782 | mycroft.skills.settings:save_settings:116 | Skill settings successfully saved to /home/runner/.config/mycroft/skills/mycroft-installer.mycroftai/settings.json
2021-10-23 07:47:38.883 | INFO     |  5782 | mycroft.skills.skill_loader:_communicate_load_status:344 | Skill mycroft-installer.mycroftai loaded successfully
2021-10-23 07:47:38.884 | INFO     |  5782 | mycroft.skills.skill_loader:load:185 | ATTEMPTING TO LOAD SKILL: mycroft-version-checker.mycroftai
2021-10-23 07:47:38.896 | INFO     |  5782 | mycroft.skills.settings:get_local_settings:83 | /opt/mycroft/skills/mycroft-version-checker.mycroftai/settings.json
2021-10-23 07:47:38.924 | INFO     |  5782 | mycroft.skills.skill_loader:_check_for_first_run:324 | First run of mycroft-version-checker.mycroftai
2021-10-23 07:47:38.924 | INFO     |  5782 | mycroft.skills.settings:save_settings:116 | Skill settings successfully saved to /home/runner/.config/mycroft/skills/mycroft-version-checker.mycroftai/settings.json
2021-10-23 07:47:38.928 | INFO     |  5782 | mycroft.skills.skill_loader:_communicate_load_status:344 | Skill mycroft-version-checker.mycroftai loaded successfully
2021-10-23 07:47:38.928 | INFO     |  5782 | mycroft.skills.skill_loader:load:185 | ATTEMPTING TO LOAD SKILL: mycroft-singing.mycroftai
2021-10-23 07:47:38.931 | INFO     |  5782 | mycroft.skills.settings:get_local_settings:83 | /opt/mycroft/skills/mycroft-singing.mycroftai/settings.json
2021-10-23 07:47:38.961 | INFO     |  5782 | mycroft.skills.skill_loader:_check_for_first_run:324 | First run of mycroft-singing.mycroftai
2021-10-23 07:47:38.962 | INFO     |  5782 | mycroft.skills.settings:save_settings:116 | Skill settings successfully saved to /home/runner/.config/mycroft/skills/mycroft-singing.mycroftai/settings.json
2021-10-23 07:47:38.965 | INFO     |  5782 | mycroft.skills.skill_loader:_communicate_load_status:344 | Skill mycroft-singing.mycroftai loaded successfully
2021-10-23 07:47:38.965 | INFO     |  5782 | mycroft.skills.skill_loader:load:185 | ATTEMPTING TO LOAD SKILL: mycroft-joke.mycroftai
2021-10-23 07:47:38.970 | INFO     |  5782 | mycroft.skills.settings:get_local_settings:83 | /opt/mycroft/skills/mycroft-joke.mycroftai/settings.json
2021-10-23 07:47:38.992 | INFO     |  5782 | mycroft.skills.skill_loader:_check_for_first_run:324 | First run of mycroft-joke.mycroftai
2021-10-23 07:47:38.992 | INFO     |  5782 | mycroft.skills.settings:save_settings:116 | Skill settings successfully saved to /home/runner/.config/mycroft/skills/mycroft-joke.mycroftai/settings.json
2021-10-23 07:47:39.000 | INFO     |  5782 | mycroft.skills.skill_loader:_communicate_load_status:344 | Skill mycroft-joke.mycroftai loaded successfully
2021-10-23 07:47:39.000 | INFO     |  5782 | mycroft.skills.skill_loader:load:185 | ATTEMPTING TO LOAD SKILL: mycroft-timer.mycroftai
2021-10-23 07:47:39.019 | INFO     |  5782 | mycroft.skills.settings:get_local_settings:83 | /opt/mycroft/skills/mycroft-timer.mycroftai/settings.json
2021-10-23 07:47:39.092 | INFO     |  5782 | mycroft.skills.skill_loader:_check_for_first_run:324 | First run of mycroft-timer.mycroftai
2021-10-23 07:47:39.093 | INFO     |  5782 | mycroft.skills.settings:save_settings:116 | Skill settings successfully saved to /home/runner/.config/mycroft/skills/mycroft-timer.mycroftai/settings.json
2021-10-23 07:47:39.099 | INFO     |  5782 | mycroft.skills.skill_loader:_communicate_load_status:344 | Skill mycroft-timer.mycroftai loaded successfully
2021-10-23 07:47:39.100 | INFO     |  5782 | mycroft.skills.skill_loader:load:185 | ATTEMPTING TO LOAD SKILL: homeassistant.mycroftai
2021-10-23 07:47:39.382 | INFO     |  5782 | mycroft.skills.settings:get_local_settings:83 | /opt/mycroft/skills/homeassistant.mycroftai/settings.json
2021-10-23 07:47:39.383 | INFO     |  5782 | mycroft.skills.settings:get_local_settings:83 | /opt/mycroft/skills/homeassistant.mycroftai/settings.json
2021-10-23 07:47:39.428 | INFO     |  5782 | mycroft.skills.skill_loader:_communicate_load_status:344 | Skill homeassistant.mycroftai loaded successfully
2021-10-23 07:47:39.429 | INFO     |  5782 | mycroft.skills.skill_loader:load:185 | ATTEMPTING TO LOAD SKILL: mycroft-alarm.mycroftai
2021-10-23 07:47:39.475 | INFO     |  5782 | mycroft.skills.settings:get_local_settings:83 | /opt/mycroft/skills/mycroft-alarm.mycroftai/settings.json
2021-10-23 07:47:39.476 | ERROR    |  5782 | AlarmSkill | Couldn't allocate mixer, ALSAAudioError('No such file or directory [default]')
2021-10-23 07:47:39.544 | INFO     |  5782 | mycroft.skills.skill_loader:_check_for_first_run:324 | First run of mycroft-alarm.mycroftai
2021-10-23 07:47:39.545 | INFO     |  5782 | mycroft.skills.settings:save_settings:116 | Skill settings successfully saved to /home/runner/.config/mycroft/skills/mycroft-alarm.mycroftai/settings.json
2021-10-23 07:47:39.549 | INFO     |  5782 | mycroft.skills.skill_loader:_communicate_load_status:344 | Skill mycroft-alarm.mycroftai loaded successfully
2021-10-23 07:47:39.550 | INFO     |  5782 | mycroft.skills.skill_loader:load:185 | ATTEMPTING TO LOAD SKILL: mycroft-naptime.mycroftai
2021-10-23 07:47:39.559 | INFO     |  5782 | mycroft.skills.settings:get_local_settings:83 | /opt/mycroft/skills/mycroft-naptime.mycroftai/settings.json
2021-10-23 07:47:39.571 | INFO     |  5782 | mycroft.skills.skill_loader:_check_for_first_run:324 | First run of mycroft-naptime.mycroftai
2021-10-23 07:47:39.572 | INFO     |  5782 | mycroft.skills.settings:save_settings:116 | Skill settings successfully saved to /home/runner/.config/mycroft/skills/mycroft-naptime.mycroftai/settings.json
2021-10-23 07:47:39.576 | INFO     |  5782 | mycroft.skills.skill_loader:_communicate_load_status:344 | Skill mycroft-naptime.mycroftai loaded successfully
2021-10-23 07:47:39.578 | INFO     |  5782 | mycroft.skills.skill_loader:load:185 | ATTEMPTING TO LOAD SKILL: mycroft-spelling.mycroftai
2021-10-23 07:47:39.585 | INFO     |  5782 | mycroft.skills.settings:get_local_settings:83 | /opt/mycroft/skills/mycroft-spelling.mycroftai/settings.json
2021-10-23 07:47:39.600 | INFO     |  5782 | mycroft.skills.skill_loader:_check_for_first_run:324 | First run of mycroft-spelling.mycroftai
2021-10-23 07:47:39.605 | INFO     |  5782 | mycroft.skills.settings:save_settings:116 | Skill settings successfully saved to /home/runner/.config/mycroft/skills/mycroft-spelling.mycroftai/settings.json
2021-10-23 07:47:39.607 | INFO     |  5782 | mycroft.skills.skill_loader:_communicate_load_status:344 | Skill mycroft-spelling.mycroftai loaded successfully
2021-10-23 07:47:39.607 | INFO     |  5782 | mycroft.skills.skill_loader:load:185 | ATTEMPTING TO LOAD SKILL: mycroft-fallback-duck-duck-go.mycroftai
2021-10-23 07:47:39.624 | INFO     |  5782 | mycroft.skills.settings:get_local_settings:83 | /opt/mycroft/skills/mycroft-fallback-duck-duck-go.mycroftai/settings.json
2021-10-23 07:47:39.648 | INFO     |  5782 | mycroft.skills.skill_loader:_check_for_first_run:324 | First run of mycroft-fallback-duck-duck-go.mycroftai
2021-10-23 07:47:39.652 | INFO     |  5782 | mycroft.skills.settings:save_settings:116 | Skill settings successfully saved to /home/runner/.config/mycroft/skills/mycroft-fallback-duck-duck-go.mycroftai/settings.json
2021-10-23 07:47:39.654 | INFO     |  5782 | mycroft.skills.skill_loader:_communicate_load_status:344 | Skill mycroft-fallback-duck-duck-go.mycroftai loaded successfully
2021-10-23 07:47:39.654 | INFO     |  5782 | mycroft.skills.skill_loader:load:185 | ATTEMPTING TO LOAD SKILL: mycroft-npr-news.mycroftai
2021-10-23 07:47:39.754 | INFO     |  5782 | mycroft.skills.settings:get_local_settings:83 | /opt/mycroft/skills/mycroft-npr-news.mycroftai/settings.json
2021-10-23 07:47:40.790 | INFO     |  5782 | mycroft.skills.skill_loader:_check_for_first_run:324 | First run of mycroft-npr-news.mycroftai
2021-10-23 07:47:40.791 | INFO     |  5782 | mycroft.skills.settings:save_settings:116 | Skill settings successfully saved to /home/runner/.config/mycroft/skills/mycroft-npr-news.mycroftai/settings.json
2021-10-23 07:47:40.792 | INFO     |  5782 | mycroft.skills.skill_loader:_communicate_load_status:344 | Skill mycroft-npr-news.mycroftai loaded successfully
2021-10-23 07:47:40.792 | INFO     |  5782 | mycroft.skills.skill_loader:load:185 | ATTEMPTING TO LOAD SKILL: mycroft-support-helper.mycroftai
2021-10-23 07:47:40.798 | INFO     |  5782 | mycroft.skills.settings:get_local_settings:83 | /opt/mycroft/skills/mycroft-support-helper.mycroftai/settings.json
2021-10-23 07:47:40.803 | INFO     |  5782 | mycroft.skills.skill_loader:_check_for_first_run:324 | First run of mycroft-support-helper.mycroftai
2021-10-23 07:47:40.804 | INFO     |  5782 | mycroft.skills.settings:save_settings:116 | Skill settings successfully saved to /home/runner/.config/mycroft/skills/mycroft-support-helper.mycroftai/settings.json
2021-10-23 07:47:40.842 | INFO     |  5782 | mycroft.skills.skill_loader:_communicate_load_status:344 | Skill mycroft-support-helper.mycroftai loaded successfully
2021-10-23 07:47:40.843 | INFO     |  5782 | mycroft.skills.skill_loader:load:185 | ATTEMPTING TO LOAD SKILL: mycroft-weather.mycroftai
2021-10-23 07:47:40.861 | INFO     |  5782 | mycroft.skills.settings:get_local_settings:83 | /opt/mycroft/skills/mycroft-weather.mycroftai/settings.json
2021-10-23 07:47:40.999 | INFO     |  5782 | mycroft.skills.skill_loader:_check_for_first_run:324 | First run of mycroft-weather.mycroftai
2021-10-23 07:47:40.999 | INFO     |  5782 | mycroft.skills.settings:save_settings:116 | Skill settings successfully saved to /home/runner/.config/mycroft/skills/mycroft-weather.mycroftai/settings.json
2021-10-23 07:47:41.000 | INFO     |  5782 | mycroft.skills.skill_loader:_communicate_load_status:344 | Skill mycroft-weather.mycroftai loaded successfully
2021-10-23 07:47:41.000 | INFO     |  5782 | mycroft.skills.skill_loader:load:185 | ATTEMPTING TO LOAD SKILL: mycroft-speak.mycroftai
2021-10-23 07:47:41.006 | INFO     |  5782 | mycroft.skills.settings:get_local_settings:83 | /opt/mycroft/skills/mycroft-speak.mycroftai/settings.json
2021-10-23 07:47:41.053 | INFO     |  5782 | mycroft.skills.skill_loader:_check_for_first_run:324 | First run of mycroft-speak.mycroftai
2021-10-23 07:47:41.060 | INFO     |  5782 | mycroft.skills.settings:save_settings:116 | Skill settings successfully saved to /home/runner/.config/mycroft/skills/mycroft-speak.mycroftai/settings.json
2021-10-23 07:47:41.093 | INFO     |  5782 | mycroft.skills.skill_loader:_communicate_load_status:344 | Skill mycroft-speak.mycroftai loaded successfully
2021-10-23 07:47:41.093 | INFO     |  5782 | mycroft.skills.skill_loader:load:185 | ATTEMPTING TO LOAD SKILL: mycroft-audio-record.mycroftai
2021-10-23 07:47:41.097 | INFO     |  5782 | mycroft.skills.settings:get_local_settings:83 | /opt/mycroft/skills/mycroft-audio-record.mycroftai/settings.json
2021-10-23 07:47:41.108 | INFO     |  5782 | mycroft.skills.skill_loader:_check_for_first_run:324 | First run of mycroft-audio-record.mycroftai
2021-10-23 07:47:41.109 | INFO     |  5782 | mycroft.skills.settings:save_settings:116 | Skill settings successfully saved to /home/runner/.config/mycroft/skills/mycroft-audio-record.mycroftai/settings.json
2021-10-23 07:47:41.109 | INFO     |  5782 | mycroft.skills.skill_loader:_communicate_load_status:344 | Skill mycroft-audio-record.mycroftai loaded successfully
2021-10-23 07:47:41.112 | INFO     |  5782 | mycroft.skills.skill_loader:load:185 | ATTEMPTING TO LOAD SKILL: mycroft-stop.mycroftai
2021-10-23 07:47:41.137 | INFO     |  5782 | mycroft.skills.settings:get_local_settings:83 | /opt/mycroft/skills/mycroft-stop.mycroftai/settings.json
2021-10-23 07:47:41.150 | INFO     |  5782 | mycroft.skills.skill_loader:_check_for_first_run:324 | First run of mycroft-stop.mycroftai
2021-10-23 07:47:41.151 | INFO     |  5782 | mycroft.skills.settings:save_settings:116 | Skill settings successfully saved to /home/runner/.config/mycroft/skills/mycroft-stop.mycroftai/settings.json
2021-10-23 07:47:41.151 | INFO     |  5782 | mycroft.skills.skill_loader:_communicate_load_status:344 | Skill mycroft-stop.mycroftai loaded successfully
2021-10-23 07:47:41.152 | INFO     |  5782 | mycroft.skills.skill_loader:load:185 | ATTEMPTING TO LOAD SKILL: mycroft-hello-world.mycroftai
2021-10-23 07:47:41.156 | INFO     |  5782 | mycroft.skills.settings:get_local_settings:83 | /opt/mycroft/skills/mycroft-hello-world.mycroftai/settings.json
2021-10-23 07:47:41.165 | INFO     |  5782 | mycroft.skills.skill_loader:_check_for_first_run:324 | First run of mycroft-hello-world.mycroftai
2021-10-23 07:47:41.166 | INFO     |  5782 | mycroft.skills.settings:save_settings:116 | Skill settings successfully saved to /home/runner/.config/mycroft/skills/mycroft-hello-world.mycroftai/settings.json
2021-10-23 07:47:41.235 | INFO     |  5782 | mycroft.skills.skill_loader:_communicate_load_status:344 | Skill mycroft-hello-world.mycroftai loaded successfully
2021-10-23 07:47:41.235 | INFO     |  5782 | mycroft.skills.skill_loader:load:185 | ATTEMPTING TO LOAD SKILL: mycroft-date-time.mycroftai
2021-10-23 07:47:41.723 | INFO     |  5782 | mycroft.skills.settings:get_local_settings:83 | /opt/mycroft/skills/mycroft-date-time.mycroftai/settings.json
2021-10-23 07:47:41.825 | INFO     |  5782 | TimeSkill | Registering resting screen <bound method TimeSkill.handle_idle of <mycroft-date-time_mycroftai.TimeSkill object at 0x7f2478f99dd0>> for Time and Date.
2021-10-23 07:47:41.829 | INFO     |  5782 | TimeSkill | Registering resting screen
2021-10-23 07:47:41.831 | INFO     |  5782 | mycroft.skills.skill_loader:_check_for_first_run:324 | First run of mycroft-date-time.mycroftai
2021-10-23 07:47:41.832 | INFO     |  5782 | mycroft.skills.settings:save_settings:116 | Skill settings successfully saved to /home/runner/.config/mycroft/skills/mycroft-date-time.mycroftai/settings.json
2021-10-23 07:47:41.835 | INFO     |  5782 | mycroft.skills.skill_loader:_communicate_load_status:344 | Skill mycroft-date-time.mycroftai loaded successfully
2021-10-23 07:47:41.835 | INFO     |  5782 | mycroft.skills.skill_loader:load:185 | ATTEMPTING TO LOAD SKILL: mycroft-configuration.mycroftai
2021-10-23 07:47:41.860 | INFO     |  5782 | mycroft.skills.settings:get_local_settings:83 | /opt/mycroft/skills/mycroft-configuration.mycroftai/settings.json
2021-10-23 07:47:41.930 | INFO     |  5782 | mycroft.skills.skill_loader:_check_for_first_run:324 | First run of mycroft-configuration.mycroftai
2021-10-23 07:47:41.931 | INFO     |  5782 | mycroft.skills.settings:save_settings:116 | Skill settings successfully saved to /home/runner/.config/mycroft/skills/mycroft-configuration.mycroftai/settings.json
2021-10-23 07:47:41.934 | INFO     |  5782 | mycroft.skills.skill_loader:_communicate_load_status:344 | Skill mycroft-configuration.mycroftai loaded successfully
2021-10-23 07:47:41.934 | INFO     |  5782 | mycroft.skills.skill_loader:load:185 | ATTEMPTING TO LOAD SKILL: fallback-query.mycroftai
2021-10-23 07:47:41.948 | INFO     |  5782 | mycroft.skills.settings:get_local_settings:83 | /opt/mycroft/skills/fallback-query.mycroftai/settings.json
2021-10-23 07:47:41.964 | INFO     |  5782 | mycroft.skills.skill_loader:_check_for_first_run:324 | First run of fallback-query.mycroftai
2021-10-23 07:47:41.965 | INFO     |  5782 | mycroft.skills.settings:save_settings:116 | Skill settings successfully saved to /home/runner/.config/mycroft/skills/fallback-query.mycroftai/settings.json
2021-10-23 07:47:41.965 | INFO     |  5782 | mycroft.skills.skill_loader:_communicate_load_status:344 | Skill fallback-query.mycroftai loaded successfully
2021-10-23 07:47:41.965 | INFO     |  5782 | mycroft.skills.skill_loader:load:185 | ATTEMPTING TO LOAD SKILL: mycroft-personal.mycroftai
2021-10-23 07:47:42.008 | INFO     |  5782 | mycroft.skills.settings:get_local_settings:83 | /opt/mycroft/skills/mycroft-personal.mycroftai/settings.json
2021-10-23 07:47:42.080 | INFO     |  5782 | mycroft.skills.skill_loader:_check_for_first_run:324 | First run of mycroft-personal.mycroftai
2021-10-23 07:47:42.081 | INFO     |  5782 | mycroft.skills.settings:save_settings:116 | Skill settings successfully saved to /home/runner/.config/mycroft/skills/mycroft-personal.mycroftai/settings.json
2021-10-23 07:47:42.109 | INFO     |  5782 | mycroft.skills.skill_loader:_communicate_load_status:344 | Skill mycroft-personal.mycroftai loaded successfully
2021-10-23 07:47:42.109 | INFO     |  5782 | mycroft.skills.skill_loader:load:185 | ATTEMPTING TO LOAD SKILL: fallback-wolfram-alpha.mycroftai
2021-10-23 07:47:42.164 | INFO     |  5782 | mycroft.skills.settings:get_local_settings:83 | /opt/mycroft/skills/fallback-wolfram-alpha.mycroftai/settings.json
2021-10-23 07:47:42.192 | INFO     |  5782 | mycroft.skills.skill_loader:_check_for_first_run:324 | First run of fallback-wolfram-alpha.mycroftai
2021-10-23 07:47:42.194 | INFO     |  5782 | mycroft.skills.settings:save_settings:116 | Skill settings successfully saved to /home/runner/.config/mycroft/skills/fallback-wolfram-alpha.mycroftai/settings.json
2021-10-23 07:47:42.195 | INFO     |  5782 | mycroft.skills.skill_loader:_communicate_load_status:344 | Skill fallback-wolfram-alpha.mycroftai loaded successfully
2021-10-23 07:47:42.195 | INFO     |  5782 | mycroft.skills.skill_loader:load:185 | ATTEMPTING TO LOAD SKILL: mycroft-wiki.mycroftai
2021-10-23 07:47:42.200 | INFO     |  5782 | mycroft.skills.settings:get_local_settings:83 | /opt/mycroft/skills/mycroft-wiki.mycroftai/settings.json
2021-10-23 07:47:42.251 | INFO     |  5782 | mycroft.skills.skill_loader:_check_for_first_run:324 | First run of mycroft-wiki.mycroftai
2021-10-23 07:47:42.252 | INFO     |  5782 | mycroft.skills.settings:save_settings:116 | Skill settings successfully saved to /home/runner/.config/mycroft/skills/mycroft-wiki.mycroftai/settings.json
2021-10-23 07:47:42.265 | INFO     |  5782 | mycroft.skills.skill_loader:_communicate_load_status:344 | Skill mycroft-wiki.mycroftai loaded successfully
2021-10-23 07:47:42.266 | INFO     |  5782 | mycroft.skills.skill_loader:load:185 | ATTEMPTING TO LOAD SKILL: fallback-unknown.mycroftai
2021-10-23 07:47:42.298 | INFO     |  5782 | mycroft.skills.settings:get_local_settings:83 | /opt/mycroft/skills/fallback-unknown.mycroftai/settings.json
2021-10-23 07:47:42.337 | INFO     |  5782 | mycroft.skills.skill_loader:_check_for_first_run:324 | First run of fallback-unknown.mycroftai
2021-10-23 07:47:42.359 | INFO     |  5782 | mycroft.skills.settings:save_settings:116 | Skill settings successfully saved to /home/runner/.config/mycroft/skills/fallback-unknown.mycroftai/settings.json
2021-10-23 07:47:42.359 | INFO     |  5782 | mycroft.skills.skill_loader:_communicate_load_status:344 | Skill fallback-unknown.mycroftai loaded successfully
2021-10-23 07:47:42.360 | INFO     |  5782 | mycroft.skills.skill_loader:load:185 | ATTEMPTING TO LOAD SKILL: mycroft-playback-control.mycroftai
2021-10-23 07:47:42.380 | INFO     |  5782 | mycroft.skills.settings:get_local_settings:83 | /opt/mycroft/skills/mycroft-playback-control.mycroftai/settings.json
2021-10-23 07:47:42.446 | INFO     |  5782 | mycroft.skills.skill_loader:_check_for_first_run:324 | First run of mycroft-playback-control.mycroftai
2021-10-23 07:47:42.447 | INFO     |  5782 | mycroft.skills.settings:save_settings:116 | Skill settings successfully saved to /home/runner/.config/mycroft/skills/mycroft-playback-control.mycroftai/settings.json
2021-10-23 07:47:42.447 | INFO     |  5782 | mycroft.skills.skill_loader:_communicate_load_status:344 | Skill mycroft-playback-control.mycroftai loaded successfully
2021-10-23 07:47:42.470 | INFO     |  5782 | mycroft.skills.skill_manager:_load_on_startup:275 | Skills all loaded!
2021-10-23 07:47:42.527 | INFO     |  5782 | __main__:on_ready:185 | Skills service is ready.
2021-10-23 07:47:42.693 | WARNING  |  5782 | mycroft_bus_client.client.client | Could not send message because connection has closed
2021-10-23 07:47:42.693 | ERROR    |  5782 | mycroft_bus_client.client.client | Exception closing websocket: WebSocketConnectionClosedException('Connection is already closed.')
2021-10-23 07:47:42.693 | WARNING  |  5782 | mycroft_bus_client.client.client | Message Bus Client will reconnect in 5 seconds.
2021-10-23 07:47:47.700 | INFO     |  5782 | mycroft_bus_client.client.client | Connected
Regenerated mycroft-alarm.mycroftai:{daytype}.
Regenerated mycroft-installer.mycroftai:list.skills.intent.
Regenerated mycroft-reminder.mycroftai:Reminder.intent.
Regenerated mycroft-installer.mycroftai:remove.intent.
Regenerated mycroft-reminder.mycroftai:SnoozeReminder.intent.
Regenerated mycroft-installer.mycroftai:install.custom.intent.
Regenerated mycroft-installer.mycroftai:is.installed.intent.
Regenerated mycroft-installer.mycroftai:install.intent.
Regenerated homeassistant.mycroftai:increase.light.brightness.intent.
Regenerated homeassistant.mycroftai:add.item.shopping.list.intent.
Regenerated homeassistant.mycroftai:decrease.light.brightness.intent.
Regenerated homeassistant.mycroftai:tracker.intent.
Regenerated homeassistant.mycroftai:set.climate.intent.
Regenerated homeassistant.mycroftai:toggle.intent.
Regenerated homeassistant.mycroftai:set.light.brightness.intent.
Regenerated mycroft-alarm.mycroftai:change.alarm.sound.intent.
Regenerated mycroft-alarm.mycroftai:snooze.intent.
Regenerated mycroft-npr-news.mycroftai:PlayTheNews.intent.
Regenerated mycroft-support-helper.mycroftai:contact.support.intent.
Regenerated mycroft-weather.mycroftai:do-i-need-an-umbrella.intent.
Regenerated mycroft-audio-record.mycroftai:StartRecording.intent.
Regenerated mycroft-audio-record.mycroftai:PlayRecording.intent.
Regenerated mycroft-personal.mycroftai:DoYouRhyme.intent.
Regenerated mycroft-personal.mycroftai:DoYouDream.intent.
Regenerated mycroft-personal.mycroftai:WhereWereYouBorn.intent.
Regenerated mycroft-personal.mycroftai:WhatAreYou.intent.
Regenerated mycroft-personal.mycroftai:WhoAreYou.intent.
Regenerated mycroft-personal.mycroftai:WhenWereYouBorn.intent.
Regenerated mycroft-wiki.mycroftai:Random.intent.
Regenerated mycroft-reminder.mycroftai:DeleteReminderForDay.intent.
Regenerated mycroft-reminder.mycroftai:ReminderAt.intent.
Regenerated mycroft-reminder.mycroftai:GetRemindersForDay.intent.
Regenerated mycroft-reminder.mycroftai:CancelActiveReminder.intent.
Regenerated mycroft-reminder.mycroftai:ClearReminders.intent.
Regenerated mycroft-reminder.mycroftai:GetNextReminders.intent.
Regenerated mycroft-reminder.mycroftai:UnspecifiedReminderAt.intent.
Regenerated mycroft-installer.mycroftai:install.beta.intent.
Regenerated mycroft-timer.mycroftai:start.timer.intent.
Regenerated mycroft-timer.mycroftai:timer.status.intent.
Regenerated homeassistant.mycroftai:sensor.intent.
Regenerated homeassistant.mycroftai:turn.off.intent.
Regenerated homeassistant.mycroftai:turn.on.intent.
Regenerated homeassistant.mycroftai:automation.intent.
Regenerated mycroft-hello-world.mycroftai:HowAreYou.intent.
Regenerated mycroft-stop.mycroftai:reboot.intent.
Regenerated mycroft-stop.mycroftai:wifi.setup.intent.
Regenerated mycroft-stop.mycroftai:ssh.disable.intent.
Regenerated mycroft-stop.mycroftai:ssh.enable.intent.
Regenerated mycroft-stop.mycroftai:shutdown.intent.
Regenerated mycroft-date-time.mycroftai:date.last.weekend.intent.
Regenerated mycroft-date-time.mycroftai:what.time.is.it.intent.
Regenerated mycroft-date-time.mycroftai:date.future.weekend.intent.
Regenerated mycroft-date-time.mycroftai:what.time.will.it.be.intent.
Regenerated mycroft-configuration.mycroftai:EnablePreciseDev.intent.
Regenerated mycroft-configuration.mycroftai:DisablePreciseDev.intent.
Regenerated mycroft-configuration.mycroftai:WhereAreYou.intent.
Regenerated mycroft-personal.mycroftai:WhoMadeYou.intent.
2021-10-23 07:47:57.404 | INFO     |  5782 | mycroft.skills.settings:save_settings:116 | Skill settings successfully saved to /home/runner/.config/mycroft/skills/mycroft-timer.mycroftai/settings.json
2021-10-23 07:48:03.904 | INFO     |  5782 | mycroft.skills.settings:save_settings:116 | Skill settings successfully saved to /home/runner/.config/mycroft/skills/mycroft-pairing.mycroftai/settings.json
2021-10-23 07:48:19.203 | INFO     |  5782 | __main__:on_stopping:193 | Skills service is shutting down...
2021-10-23 07:48:19.204 | INFO     |  5782 | __main__:shutdown:284 | Shutting down Skills service
2021-10-23 07:48:19.275 | ERROR    |  5782 | VolumeSkill | Couldn't allocate mixer, ALSAAudioError('No such file or directory [default]')
2021-10-23 07:48:19.279 | INFO     |  5782 | mycroft.skills.settings:save_settings:116 | Skill settings successfully saved to /home/runner/.config/mycroft/skills/mycroft-volume.mycroftai/settings.json
2021-10-23 07:48:19.280 | INFO     |  5782 | mycroft.skills.settings:save_settings:116 | Skill settings successfully saved to /home/runner/.config/mycroft/skills/mycroft-ip.mycroftai/settings.json
2021-10-23 07:48:19.288 | INFO     |  5782 | mycroft.skills.settings:save_settings:116 | Skill settings successfully saved to /home/runner/.config/mycroft/skills/mycroft-reminder.mycroftai/settings.json
2021-10-23 07:48:19.300 | INFO     |  5782 | mycroft.skills.settings:save_settings:116 | Skill settings successfully saved to /home/runner/.config/mycroft/skills/mycroft-installer.mycroftai/settings.json
2021-10-23 07:48:19.308 | INFO     |  5782 | mycroft.skills.settings:save_settings:116 | Skill settings successfully saved to /home/runner/.config/mycroft/skills/mycroft-version-checker.mycroftai/settings.json
2021-10-23 07:48:19.315 | INFO     |  5782 | mycroft.skills.settings:save_settings:116 | Skill settings successfully saved to /home/runner/.config/mycroft/skills/mycroft-singing.mycroftai/settings.json
2021-10-23 07:48:19.316 | INFO     |  5782 | mycroft.skills.settings:save_settings:116 | Skill settings successfully saved to /home/runner/.config/mycroft/skills/mycroft-joke.mycroftai/settings.json
2021-10-23 07:48:19.330 | INFO     |  5782 | HomeAssistantSkill | Removing all handlers...
2021-10-23 07:48:19.331 | WARNING  |  5782 | mycroft.skills.fallback_skill:remove_fallback:185 | Could not find matching fallback handler
2021-10-23 07:48:19.332 | INFO     |  5782 | mycroft.skills.settings:save_settings:116 | Skill settings successfully saved to /home/runner/.config/mycroft/skills/mycroft-alarm.mycroftai/settings.json
2021-10-23 07:48:19.334 | INFO     |  5782 | mycroft.skills.settings:save_settings:116 | Skill settings successfully saved to /home/runner/.config/mycroft/skills/mycroft-naptime.mycroftai/settings.json
2021-10-23 07:48:19.358 | INFO     |  5782 | mycroft.skills.settings:save_settings:116 | Skill settings successfully saved to /home/runner/.config/mycroft/skills/mycroft-spelling.mycroftai/settings.json
2021-10-23 07:48:19.360 | INFO     |  5782 | mycroft.skills.settings:save_settings:116 | Skill settings successfully saved to /home/runner/.config/mycroft/skills/mycroft-fallback-duck-duck-go.mycroftai/settings.json
2021-10-23 07:48:19.362 | INFO     |  5782 | mycroft.skills.settings:save_settings:116 | Skill settings successfully saved to /home/runner/.config/mycroft/skills/mycroft-npr-news.mycroftai/settings.json
2021-10-23 07:48:19.363 | INFO     |  5782 | mycroft.skills.settings:save_settings:116 | Skill settings successfully saved to /home/runner/.config/mycroft/skills/mycroft-support-helper.mycroftai/settings.json
2021-10-23 07:48:19.371 | INFO     |  5782 | mycroft.skills.settings:save_settings:116 | Skill settings successfully saved to /home/runner/.config/mycroft/skills/mycroft-weather.mycroftai/settings.json
2021-10-23 07:48:19.374 | INFO     |  5782 | mycroft.skills.settings:save_settings:116 | Skill settings successfully saved to /home/runner/.config/mycroft/skills/mycroft-speak.mycroftai/settings.json
2021-10-23 07:48:19.376 | INFO     |  5782 | mycroft.skills.settings:save_settings:116 | Skill settings successfully saved to /home/runner/.config/mycroft/skills/mycroft-audio-record.mycroftai/settings.json
2021-10-23 07:48:19.382 | INFO     |  5782 | mycroft.skills.settings:save_settings:116 | Skill settings successfully saved to /home/runner/.config/mycroft/skills/mycroft-stop.mycroftai/settings.json
2021-10-23 07:48:19.394 | INFO     |  5782 | mycroft.skills.settings:save_settings:116 | Skill settings successfully saved to /home/runner/.config/mycroft/skills/mycroft-hello-world.mycroftai/settings.json
2021-10-23 07:48:19.395 | INFO     |  5782 | mycroft.skills.settings:save_settings:116 | Skill settings successfully saved to /home/runner/.config/mycroft/skills/mycroft-date-time.mycroftai/settings.json
2021-10-23 07:48:19.409 | INFO     |  5782 | mycroft.skills.settings:save_settings:116 | Skill settings successfully saved to /home/runner/.config/mycroft/skills/mycroft-configuration.mycroftai/settings.json
2021-10-23 07:48:19.412 | INFO     |  5782 | QuestionsAnswersSkill | Removing all handlers...
2021-10-23 07:48:19.413 | INFO     |  5782 | mycroft.skills.settings:save_settings:116 | Skill settings successfully saved to /home/runner/.config/mycroft/skills/fallback-query.mycroftai/settings.json
2021-10-23 07:48:19.430 | INFO     |  5782 | mycroft.skills.settings:save_settings:116 | Skill settings successfully saved to /home/runner/.config/mycroft/skills/mycroft-personal.mycroftai/settings.json
2021-10-23 07:48:19.441 | INFO     |  5782 | mycroft.skills.settings:save_settings:116 | Skill settings successfully saved to /home/runner/.config/mycroft/skills/fallback-wolfram-alpha.mycroftai/settings.json
2021-10-23 07:48:19.444 | INFO     |  5782 | mycroft.skills.settings:save_settings:116 | Skill settings successfully saved to /home/runner/.config/mycroft/skills/mycroft-wiki.mycroftai/settings.json
2021-10-23 07:48:19.445 | INFO     |  5782 | UnknownSkill | Removing all handlers...
2021-10-23 07:48:19.446 | INFO     |  5782 | mycroft.skills.settings:save_settings:116 | Skill settings successfully saved to /home/runner/.config/mycroft/skills/fallback-unknown.mycroftai/settings.json
2021-10-23 07:48:19.447 | INFO     |  5782 | mycroft.skills.settings:save_settings:116 | Skill settings successfully saved to /home/runner/.config/mycroft/skills/mycroft-playback-control.mycroftai/settings.json
2021-10-23 07:48:20.458 | INFO     |  5782 | Playback Control Skill | Audio service status: {}
2021-10-23 07:48:21.459 | WARNING  |  5782 | mycroft.skills.skill_manager:_shutdown_skill:106 | mycroft-playback-control.mycroftai shutdown took 2.012579972000026 seconds
2021-10-23 07:48:21.460 | INFO     |  5782 | __main__:shutdown:291 | Skills service shutdown complete!
